 ====== DUMPING at point            1
 propag    0.0000000000000000        0.0000000000000000        0.0000000000000000        0.0000000000000000     
 test props.    0.0000000000000000        0.0000000000000000     
 Var           3.3617631789269082     
 Var before    0.0000000000000000     
 iev, nphot and rad. pattern    0.0000000000000000                0               0           0           0           0
 partons...            1          -1
 x1 & x2   0.96602747813187151       0.83732070543364656     
 sv & ME    1.0000000000000000        28385.120714933073     
 plepton   =    44.968733845241431        3.9795896508030544       -5.0699669704004524        44.504316207340651     
 pneutrino =    44.968733845241445       -3.9795896508030544        5.0699669704004524       -44.504316207340651     
 pleptonlab   =    48.268143209258362        3.9795896508030544       -5.0699669704004524        47.835768900565142     
 pneutrinolab =    41.899265969017534       -3.9795896508030544        5.0699669704004524       -41.400430265653895     
 sqrt(s) =    89.937467690482876     
 sqrt_fs_cm =    89.937467690482876     
 phind channel           0
 bbb pw(0) qmod c1q   0.0000000000000000        0.0000000000000000        0.0000000000000000        0.0000000000000000     
 reduced to Born momenta
   45.444035983348869        0.0000000000000000        0.0000000000000000        45.443982317027491     
   45.444035983348869        0.0000000000000000        0.0000000000000000       -45.443982317027491     
   45.444035983348876       -34.152092317165511        8.0006185590294869        28.892454651641430     
   45.444035983348861        34.152092317165511       -8.0006185590294869       -28.892454651641430     
 isvec for ranlux 
     9644655    14614328     8305202     1457455     1056974    16450356    10467055     4514011      135838    16753179    11474510      425858    13826447     7299317     7668616    13721940      957152    13197359    14184585     9294164    15939178     5902395     5267822    14659295     4102414
  
 ====== DUMPING at point            1
 propag    0.0000000000000000        0.0000000000000000        0.0000000000000000        0.0000000000000000     
 test props.    0.0000000000000000        0.0000000000000000     
 Var           2.4629937509320019     
 Var before    2.0649857990289853     
 iev, nphot and rad. pattern    0.0000000000000000                0               0           0           0           0
 partons...            1          -1
 x1 & x2   0.99427728318130171       0.99976866665782238     
 sv & ME    1.0000000000000000        449.08642969385056     
 plepton   =    49.850959712284677        42.946285615871474        24.649366648503285        5.7560660326308799     
 pneutrino =    49.850959712284663       -42.946285615871474       -24.649366648503285       -5.7560660326308799     
 pleptonlab   =    49.835297112386790        42.946285615871474        24.649366648503285        5.6188032725879555     
 pneutrinolab =    49.867000379569383       -42.946285615871474       -24.649366648503285       -5.8933724464139932     
 sqrt(s) =    99.701919424569340     
 sqrt_fs_cm =    99.701919424569340     
 phind channel           0
 bbb pw(0) qmod c1q   0.0000000000000000        0.0000000000000000        0.0000000000000000        0.0000000000000000     
 reduced to Born momenta
   49.850959712284670        0.0000000000000000        0.0000000000000000        49.850910790177437     
   49.850959712284670        0.0000000000000000        0.0000000000000000       -49.850910790177437     
   49.850959712284677        42.946285615871474        24.649366648503285        5.7560660326308799     
   49.850959712284663       -42.946285615871474       -24.649366648503285       -5.7560660326308799     
 isvec for ranlux 
    13828964    12538209    14722825      978898    10903123    16188213     3834576      755982    12350293    13898296    16631971     2580472     9212313    13500588    11285027    12295266    14794390     9041223     4836823     6203403     5099258      436050     2993088    13331992     4071707
  
 ====== DUMPING at point            1
 propag    0.0000000000000000        0.0000000000000000        0.0000000000000000        0.0000000000000000     
 test props.    0.0000000000000000        0.0000000000000000     
 Var           1.6835406036232949     
 Var before    1.3613122199669319     
 iev, nphot and rad. pattern    0.0000000000000000                0               0           0           0           0
 partons...            1          -1
 x1 & x2   0.96318259554516339       0.99924355471594872     
 sv & ME    1.0000000000000000        525.92789914627383     
 plepton   =    49.052369988948634       -44.398522280580451       -18.155934783493304       -10.259487768869329     
 pneutrino =    49.052369988948634        44.398522280580451        18.155934783493304        10.259487768869329     
 pleptonlab   =    49.249210889256432       -44.398522280580451       -18.155934783493304       -11.162744329300239     
 pneutrinolab =    48.872096623799202        44.398522280580451        18.155934783493304        9.3596963707609717     
 sqrt(s) =    98.104739977897268     
 sqrt_fs_cm =    98.104739977897268     
 phind channel           0
 bbb pw(0) qmod c1q   0.0000000000000000        0.0000000000000000        0.0000000000000000        0.0000000000000000     
 reduced to Born momenta
   49.052369988948634        0.0000000000000000        0.0000000000000000        49.052320270371602     
   49.052369988948634        0.0000000000000000        0.0000000000000000       -49.052320270371602     
   49.052369988948634       -44.398522280580451       -18.155934783493304       -10.259487768869329     
   49.052369988948634        44.398522280580451        18.155934783493304        10.259487768869329     
 isvec for ranlux 
    11721521    11045222     4525189     9551634     3138826    12914592    10311113     5879490    10841622     2041022     1591996      713870     2223296     9465644     1698956     6906665      167992     7923134     5610804    11998942     7292850    14658741     2512720     2054019     4020115
  
 ====== DUMPING at point            1
 propag    0.0000000000000000        0.0000000000000000        0.0000000000000000        0.0000000000000000     
 test props.    0.0000000000000000        0.0000000000000000     
 Var           2.4311249086593794     
 Var before    1.3972160493472190     
 iev, nphot and rad. pattern    0.0000000000000000                0               0           0           0           0
 partons...            1          -1
 x1 & x2   0.99967724214925802       0.97555223158695292     
 sv & ME    1.0000000000000000        877.36593787728862     
 plepton   =    49.377053487561390        38.986649666223201       -12.425468983169029        27.635685549186455     
 pneutrino =    49.377053487561390       -38.986649666223201        12.425468983169029       -27.635685549186455     
 pleptonlab   =    49.718298098421542        38.986649666223201       -12.425468983169029        28.240872338926103     
 pneutrinolab =    49.043175588389005       -38.986649666223201        12.425468983169029       -27.034621810810854     
 sqrt(s) =    98.754106975122781     
 sqrt_fs_cm =    98.754106975122781     
 phind channel           0
 bbb pw(0) qmod c1q   0.0000000000000000        0.0000000000000000        0.0000000000000000        0.0000000000000000     
 reduced to Born momenta
   49.377053487561390        0.0000000000000000        0.0000000000000000        49.377004095913904     
   49.377053487561390        0.0000000000000000        0.0000000000000000       -49.377004095913904     
   49.377053487561390        38.986649666223201       -12.425468983169029        27.635685549186455     
   49.377053487561390       -38.986649666223201        12.425468983169029       -27.635685549186455     
 isvec for ranlux 
     5015453    15280816     4310583      768372    14533642     3155413     4422873      249048     4684845     1910008    16056781      794157     1869094     3063496    16774527    13424117     4046483    13961998    14383364     9654875    12256042     6035440    14952706     7070106    -4050721
  
 ====== DUMPING at point            1
 propag    0.0000000000000000        0.0000000000000000        0.0000000000000000        0.0000000000000000     
 test props.    0.0000000000000000        0.0000000000000000     
 Var           3.4395639252642214     
 Var before    2.1375138223927603     
 iev, nphot and rad. pattern    0.0000000000000000                0               0           0           0           0
 partons...            1          -1
 x1 & x2   0.99918788184465734       0.64860479197713217     
 sv & ME    1.0000000000000000        241.06846014017469     
 plepton   =    40.251647427463304       -18.829058791404851       -29.429820037255180        19.988401500318584     
 pneutrino =    40.251647427463318        18.829058791404851        29.429820037255180       -19.988401500318584     
 pleptonlab   =    45.547182529534830       -18.829058791404851       -29.429820037255180        29.221343403270964     
 pneutrinolab =    36.842451161554671        18.829058791404851        29.429820037255180       -11.692188909894698     
 sqrt(s) =    80.503294854926622     
 sqrt_fs_cm =    80.503294854926622     
 phind channel           0
 bbb pw(0) qmod c1q   0.0000000000000000        0.0000000000000000        0.0000000000000000        0.0000000000000000     
 reduced to Born momenta
   40.251647427463311        0.0000000000000000        0.0000000000000000        40.251586838275259     
   40.251647427463311        0.0000000000000000        0.0000000000000000       -40.251586838275259     
   40.251647427463304       -18.829058791404851       -29.429820037255180        19.988401500318584     
   40.251647427463318        18.829058791404851        29.429820037255180       -19.988401500318584     
 isvec for ranlux 
    13339185     3157215     2885755    13075980     2672839    15264749     5589110    16308282     7842139    12049687    13366755     6076284      742419    12796796     4739940     6325708    16429432     3537523     6895768     4781887    12457939      764822     9148973    10794182    -4081303
  
 ====== DUMPING at point            1
 propag    0.0000000000000000        0.0000000000000000        0.0000000000000000        0.0000000000000000     
 test props.    0.0000000000000000        0.0000000000000000     
 Var           2.3345034293859896     
 Var before    1.9342887325842715     
 iev, nphot and rad. pattern    0.0000000000000000                0               0           0           0           0
 partons...            1          -1
 x1 & x2   0.83900360774440774       0.99730168234236716     
 sv & ME    1.0000000000000000        23924.217835784399     
 plepton   =    45.736738774611290        35.123529164369330        17.923095859993364        23.171932243098539     
 pneutrino =    45.736738774611304       -35.123529164369330       -17.923095859993364       -23.171932243098539     
 pleptonlab   =    43.902640009022669        35.123529164369330        17.923095859993364        19.301061367281228     
 pneutrinolab =    47.912624495316045       -35.123529164369330       -17.923095859993364       -27.215965097179200     
 sqrt(s) =    91.473477549222594     
 sqrt_fs_cm =    91.473477549222594     
 phind channel           0
 bbb pw(0) qmod c1q   0.0000000000000000        0.0000000000000000        0.0000000000000000        0.0000000000000000     
 reduced to Born momenta
   45.736738774611297        0.0000000000000000        0.0000000000000000        45.736685451740300     
   45.736738774611297        0.0000000000000000        0.0000000000000000       -45.736685451740300     
   45.736738774611290        35.123529164369330        17.923095859993364        23.171932243098539     
   45.736738774611304       -35.123529164369330       -17.923095859993364       -23.171932243098539     
 isvec for ranlux 
     2357503    13313867    13475429      398041      676046      598883     1378089     4879090    14650659     9192766    12027607    13293528    15088918     5524941     3471822    13068680     3121771    14380553    13340567    15481040    11950101    16227926    15558269    13944932    -4050620
  
 ====== DUMPING at point            1
 propag    0.0000000000000000        0.0000000000000000        0.0000000000000000        0.0000000000000000     
 test props.    0.0000000000000000        0.0000000000000000     
 Var           1.9654990594815369     
 Var before    1.7180344238590279     
 iev, nphot and rad. pattern    0.0000000000000000                0               0           0           0           0
 partons...            1          -1
 x1 & x2   0.99796169194529782       0.84193612684146280     
 sv & ME    1.0000000000000000        14199.981278594249     
 plepton   =    45.831757593741081        2.8170925017062460       -45.618245287644740       -3.4027234905417192     
 pneutrino =    45.831757593741067       -2.8170925017062460        45.618245287644740        3.4027234905417192     
 pleptonlab   =    45.707847228526958        2.8170925017062460       -45.618245287644740       0.48561434081072141     
 pneutrinolab =    46.287043710811062       -2.8170925017062460        45.618245287644740        7.3156639143810303     
 sqrt(s) =    91.663515187482147     
 sqrt_fs_cm =    91.663515187482147     
 phind channel           0
 bbb pw(0) qmod c1q   0.0000000000000000        0.0000000000000000        0.0000000000000000        0.0000000000000000     
 reduced to Born momenta
   45.831757593741074        0.0000000000000000        0.0000000000000000        45.831704381419669     
   45.831757593741074        0.0000000000000000        0.0000000000000000       -45.831704381419669     
   45.831757593741081        2.8170925017062460       -45.618245287644740       -3.4027234905417192     
   45.831757593741067       -2.8170925017062460        45.618245287644740        3.4027234905417192     
 isvec for ranlux 
    12675073     6236269     4537278     4433730     4224941    13787964    13876073    15802303    15288718      805940    14528922    13666908     8167124    16627472     6461287     3513350     4350067    10105469     7717376     3989656     7739191    12448084    16391049     2870502     4050721
  
 ====== DUMPING at point            1
 propag    0.0000000000000000        0.0000000000000000        0.0000000000000000        0.0000000000000000     
 test props.    0.0000000000000000        0.0000000000000000     
 Var           1.3405832270687590     
 Var before   0.90188745804435655     
 iev, nphot and rad. pattern    0.0000000000000000                0               0           0           0           0
 partons...            1          -1
 x1 & x2   0.84621694832013228       0.99911112696468207     
 sv & ME    1.0000000000000000        24550.361348789360     
 plepton   =    45.974579087054785        26.829803658748958        3.7115583396019480        37.148845592630458     
 pneutrino =    45.974579087054757       -26.829803658748958       -3.7115583396019480       -37.148845592630458     
 pleptonlab   =    43.044624266366988        26.829803658748958        3.7115583396019480        33.454663125877602     
 pneutrinolab =    49.221779497873726       -26.829803658748958       -3.7115583396019480       -41.099372058105089     
 sqrt(s) =    91.949158174109542     
 sqrt_fs_cm =    91.949158174109542     
 phind channel           0
 bbb pw(0) qmod c1q   0.0000000000000000        0.0000000000000000        0.0000000000000000        0.0000000000000000     
 reduced to Born momenta
   45.974579087054778        0.0000000000000000        0.0000000000000000        45.974526040039329     
   45.974579087054764        0.0000000000000000        0.0000000000000000       -45.974526040039315     
   45.974579087054785        26.829803658748958        3.7115583396019480        37.148845592630458     
   45.974579087054757       -26.829803658748958       -3.7115583396019480       -37.148845592630458     
 isvec for ranlux 
    10671788    15112082    16580349    15196529    12173453     4126535    14349879    14774021     1833402    14749546    12999650    11317858    16659325    10501234     7001243    11690730    15931723    11335180     5068908     1086744     3192185    13920432    14783369     9387395    -4011707
  
 ====== DUMPING at point            1
 propag    0.0000000000000000        0.0000000000000000        0.0000000000000000        0.0000000000000000     
 test props.    0.0000000000000000        0.0000000000000000     
 Var           1.6982521708813416     
 Var before    1.2731108983079564     
 iev, nphot and rad. pattern    0.0000000000000000                0               0           0           0           0
 partons...            1          -1
 x1 & x2   0.99978361970231511       0.92283513222221691     
 sv & ME    1.0000000000000000        1757.1865182448041     
 plepton   =    48.026957244905496        14.823762922756391       -38.968132459820637        23.839424571836862     
 pneutrino =    48.026957244905496       -14.823762922756391        38.968132459820637       -23.839424571836862     
 pleptonlab   =    49.020353184107428        14.823762922756391       -38.968132459820637        25.782252966080172     
 pneutrinolab =    47.110584412119145       -14.823762922756391        38.968132459820637       -21.934828592075263     
 sqrt(s) =    96.053914489810992     
 sqrt_fs_cm =    96.053914489810992     
 phind channel           0
 bbb pw(0) qmod c1q   0.0000000000000000        0.0000000000000000        0.0000000000000000        0.0000000000000000     
 reduced to Born momenta
   48.026957244905489        0.0000000000000000        0.0000000000000000        48.026906464797207     
   48.026957244905503        0.0000000000000000        0.0000000000000000       -48.026906464797221     
   48.026957244905496        14.823762922756391       -38.968132459820637        23.839424571836862     
   48.026957244905496       -14.823762922756391        38.968132459820637       -23.839424571836862     
 isvec for ranlux 
     1467315    14552326     9549605    16451063     2447372     8870742    12068471    12007007     6978230    16284214     8468817    11598645    11614625     5336374     3803737    12939294     6082334     4537718    14679745    16308527    16057847    10631340     7612034     5753259    -4182212
  
 ====== DUMPING at point            1
 propag    0.0000000000000000        0.0000000000000000        0.0000000000000000        0.0000000000000000     
 test props.    0.0000000000000000        0.0000000000000000     
 Var          0.76180670602663425     
 Var before   0.66359718615493257     
 iev, nphot and rad. pattern    0.0000000000000000                0               0           0           0           0
 partons...            1          -1
 x1 & x2   0.99950952899196310       0.82573250453036939     
 sv & ME    1.0000000000000000        18608.464204038231     
 plepton   =    45.423768741609940        42.798182961396755       -12.807783569127402        8.2209377962000971     
 pneutrino =    45.423768741609912       -42.798182961396755        12.807783569127402       -8.2209377962000971     
 pleptonlab   =    46.417318770071006        42.798182961396755       -12.807783569127402        12.602877979260011     
 pneutrinolab =    44.844782906045630       -42.798182961396755        12.807783569127402       -3.9140267561803226     
 sqrt(s) =    90.847537483219853     
 sqrt_fs_cm =    90.847537483219853     
 phind channel           0
 bbb pw(0) qmod c1q   0.0000000000000000        0.0000000000000000        0.0000000000000000        0.0000000000000000     
 reduced to Born momenta
   45.423768741609926        0.0000000000000000        0.0000000000000000        45.423715051343599     
   45.423768741609926        0.0000000000000000        0.0000000000000000       -45.423715051343599     
   45.423768741609940        42.798182961396755       -12.807783569127402        8.2209377962000971     
   45.423768741609912       -42.798182961396755        12.807783569127402       -8.2209377962000971     
 isvec for ranlux 
    16299211     3254293    16131975     5266621    16545363    14473301     5355798     5599353    11050532    14547556    11682091     8225026    12673044    12120042     6959192    14507471     7976243    13182463     2472364    15582834    14772810    14376851    13178594     7905684     4032111
  
 ====== DUMPING at point            1
 propag    0.0000000000000000        0.0000000000000000        0.0000000000000000        0.0000000000000000     
 test props.    0.0000000000000000        0.0000000000000000     
 Var          0.71062692325376819     
 Var before   0.63910361194053689     
 iev, nphot and rad. pattern    0.0000000000000000                0               0           0           0           0
 partons...            1          -1
 x1 & x2   0.99964243476582171       0.82281790193347837     
 sv & ME    1.0000000000000000        18318.509603189894     
 plepton   =    45.346545922972112       -26.213982713045702        22.143568579370079       -29.644350968500319     
 pneutrino =    45.346545922972112        26.213982713045702       -22.143568579370079        29.644350968500319     
 pleptonlab   =    42.671625404106386       -26.213982713045702        22.143568579370079       -25.364264858808433     
 pneutrinolab =    48.451391430858628        26.213982713045702       -22.143568579370079        34.205491500425602     
 sqrt(s) =    90.693091845944224     
 sqrt_fs_cm =    90.693091845944224     
 phind channel           0
 bbb pw(0) qmod c1q   0.0000000000000000        0.0000000000000000        0.0000000000000000        0.0000000000000000     
 reduced to Born momenta
   45.346545922972112        0.0000000000000000        0.0000000000000000        45.346492141273934     
   45.346545922972112        0.0000000000000000        0.0000000000000000       -45.346492141273934     
   45.346545922972112       -26.213982713045702        22.143568579370079       -29.644350968500319     
   45.346545922972112        26.213982713045702       -22.143568579370079        29.644350968500319     
 isvec for ranlux 
     6094745     2129640      312319     7163611     7128610    12997705    11746228    11399925     6178787    10245010     8678563    12625467    12717353    15206338     6072599    12885293    10160756     7337110     1234035    11119771    13557463     9977633    14922285     1402607    -4160620
  
 ====== DUMPING at point            1
 propag    0.0000000000000000        0.0000000000000000        0.0000000000000000        0.0000000000000000     
 test props.    0.0000000000000000        0.0000000000000000     
 Var          0.50506615075656225     
 Var before   0.45908154183309741     
 iev, nphot and rad. pattern    0.0000000000000000                0               0           0           0           0
 partons...            1          -1
 x1 & x2   0.85129819306557641       0.99979441897194277     
 sv & ME    1.0000000000000000        9122.1451650548333     
 plepton   =    46.128168788384130       -45.814950237865339       0.55706259709198447       -5.3363665581584323     
 pneutrino =    46.128168788384144        45.814950237865339      -0.55706259709198447        5.3363665581584323     
 pleptonlab   =    46.706787310533016       -45.814950237865339       0.55706259709198447       -9.0660263150259919     
 pneutrinolab =    45.847843291342933        45.814950237865339      -0.55706259709198447        1.6412150197076705     
 sqrt(s) =    92.256337576768274     
 sqrt_fs_cm =    92.256337576768274     
 phind channel           0
 bbb pw(0) qmod c1q   0.0000000000000000        0.0000000000000000        0.0000000000000000        0.0000000000000000     
 reduced to Born momenta
   46.128168788384137        0.0000000000000000        0.0000000000000000        46.128115917995792     
   46.128168788384137        0.0000000000000000        0.0000000000000000       -46.128115917995792     
   46.128168788384130       -45.814950237865339       0.55706259709198447       -5.3363665581584323     
   46.128168788384144        45.814950237865339      -0.55706259709198447        5.3363665581584323     
 isvec for ranlux 
     3443998    11806363     1655829     6266010     7808036     5621983     2454254     1769614    16290533      562934      393798     2831460     3228448     6183375    11033027    15378232     1591986     2599213     2306826     7432529     6305965     5367712     2359324    12039450    -4201024
  
 ====== DUMPING at point            1
 propag    0.0000000000000000        0.0000000000000000        0.0000000000000000        0.0000000000000000     
 test props.    0.0000000000000000        0.0000000000000000     
 Var          0.47852710037734830     
 Var before   0.42515196023627444     
 iev, nphot and rad. pattern    0.0000000000000000                0               0           0           0           0
 partons...            1          -1
 x1 & x2   0.99989443722286631       0.81627655554967227     
 sv & ME    1.0000000000000000        15041.283479360945     
 plepton   =    45.171627907613626       -19.662876033573369       -27.462690519902029       -29.993945049440224     
 pneutrino =    45.171627907613626        19.662876033573369        27.462690519902029        29.993945049440224     
 pleptonlab   =    42.356219597424875       -19.662876033573369       -27.462690519902029       -25.557975475186225     
 pneutrinolab =    48.452330041202053        19.662876033573369        27.462690519902029        34.738869558845934     
 sqrt(s) =    90.343255815227252     
 sqrt_fs_cm =    90.343255815227252     
 phind channel           0
 bbb pw(0) qmod c1q   0.0000000000000000        0.0000000000000000        0.0000000000000000        0.0000000000000000     
 reduced to Born momenta
   45.171627907613626        0.0000000000000000        0.0000000000000000        45.171573917656424     
   45.171627907613626        0.0000000000000000        0.0000000000000000       -45.171573917656424     
   45.171627907613626       -19.662876033573369       -27.462690519902029       -29.993945049440224     
   45.171627907613626        19.662876033573369        27.462690519902029        29.993945049440224     
 isvec for ranlux 
     3688637    14053662    12588071    11536133     9988281    14201265     3023778     8336309     7700588     7389476     2663606     3417323    12053979    11535674     1089984     3050167    10818579       42031    11733593     9268692    14754184    14106291    10624018      593816     4181909
  
