 ====== DUMPING at point            1
 propag    0.0000000000000000        0.0000000000000000        0.0000000000000000        0.0000000000000000     
 test props.    0.0000000000000000        0.0000000000000000     
 Var           1.8635598043620014E-002
 Var before    0.0000000000000000     
 iev, nphot and rad. pattern    0.0000000000000000                0               0           0           0           0
 partons...            1          -1
 x1 & x2   0.98188834518674806       0.91055964579242898     
 sv & ME    1.0000000000000000        1829.4020156482784     
 plepton   =    44.913702897344315        3.9747195603699641       -5.0637625122011887        44.449853294424777     
 pneutrino =    44.913702897344315       -3.9747195603699641        5.0637625122011887       -44.449853294424777     
 pleptonlab   =    46.622200900887719        3.9747195603699641       -5.0637625122011887        46.175516962863618     
 pneutrinolab =    43.269078670623188       -3.9747195603699641        5.0637625122011887       -42.787403741633462     
 sqrt(s) =    89.827405794688630     
 sqrt_fs_cm =    89.827405794688630     
 phind channel           0
 bbb pw(0) qmod c1q   0.0000000000000000        0.0000000000000000        0.0000000000000000        0.0000000000000000     
 reduced to Born momenta
   43.322151270690284        0.0000000000000000        0.0000000000000000        43.322094975831583     
   43.322151270690284        0.0000000000000000        0.0000000000000000       -43.322094975831583     
   43.322151270690277       -32.557445135057570        7.6270495336885595        27.543393195419490     
   43.322151270690291        32.557445135057570       -7.6270495336885595       -27.543393195419490     
 isvec for ranlux 
     9644655    14614328     8305202     1457455     1056974    16450356    10467055     4514011      135838    16753179    11474510      425858    13826447     7299317     7668616    13721940      957152    13197359    14184585     9294164    15939178     5902395     5267822    14659295     4102414
  
