 ====== DUMPING at point            1
 propag    0.0000000000000000        0.0000000000000000        0.0000000000000000        0.0000000000000000     
 test props.    0.0000000000000000        0.0000000000000000     
 Var           2.4168974627298940     
 Var before    0.0000000000000000     
 iev, nphot and rad. pattern    0.0000000000000000                1               0           0           0           1
 partons...            1          -1
 x1 & x2   0.89905091680383920       0.93635377570546663     
 sv & ME    1.0000000000000000        740.71817423641778     
 plepton   =    45.606326763694582        37.303619204939487       -17.688296181193607       -19.377565626379887     
 pneutrino =    40.512623009667962       -32.332250683781261        17.774721972969878        16.731595379304334     
 pleptonlab   =    46.009660918273241        37.303619204939487       -17.688296181193607       -20.308665799166974     
 pneutrinolab =    40.180868762646412       -32.332250683781261        17.774721972969878        15.911501353872755     
 sqrt(s) =    91.751279037446466     
 sqrt_fs_cm =    85.934570326079395     
 phind channel           0
 bbb pw(0) qmod c1q   0.0000000000000000        0.0000000000000000        0.0000000000000000        0.0000000000000000     
 reduced to Born momenta
   45.875639518723240        0.0000000000000000        0.0000000000000000        45.875586357301650     
   45.875639518723226        0.0000000000000000        0.0000000000000000       -45.875586357301636     
   45.875639518723233        37.096122101791082       -18.933086129015713       -19.234841101518189     
   45.875639518723233       -37.096122101791082        18.933086129015713        19.234841101518189     
 >> Photon n.           1
 cm momentum     5.6323292640839231       -4.9713685211582268       -8.6425791776270272E-002   2.6459702470755526     
 lab momentum    5.5797049445456510       -4.9713685211582268       -8.6425791776270272E-002   2.5320215002128430     
 c_ph_up    0.46978259313572102     
 c_ph_up lab   0.45379128921287837     
 c_ph_lep -0.91561702385181731     
 c_ph_lep lab  -0.91673265583998753     
 isvec for ranlux 
     9644655    14614328     8305202     1457455     6611641    14048799     7267313     8683348    14048746     9318201     4464668     5476536     8218591     7359978     7668616    13721940      957152    13197359    14184585     9294164    15939178     5902395     5267822    14659295     4201404
  
 ====== DUMPING at point            1
 propag    0.0000000000000000        0.0000000000000000        0.0000000000000000        0.0000000000000000     
 test props.    0.0000000000000000        0.0000000000000000     
 Var           1.8198131279635754     
 Var before    1.2586544080036901     
 iev, nphot and rad. pattern    0.0000000000000000                0               0           0           1           0
 partons...            1          -1
 x1 & x2   0.94951468142444884       0.79242963223417051     
 sv & ME   0.70220274498661472        1306.0733404309972     
 plepton   =    43.371176194626109        31.609163388545333        29.665165429454554        1.3735030881562955     
 pneutrino =    43.371176194626123       -31.609163388545333       -29.665165429454554       -1.3735030881562955     
 pleptonlab   =    43.672974309645760        31.609163388545333        29.665165429454554        5.3062483242730725     
 pneutrinolab =    43.424241373285184       -31.609163388545333       -29.665165429454554        2.5480041352408414     
 sqrt(s) =    86.742352389252233     
 sqrt_fs_cm =    86.742352389252233     
 phind channel           0
 bbb pw(0) qmod c1q   0.0000000000000000        0.0000000000000000        0.0000000000000000        0.0000000000000000     
 reduced to Born momenta
   43.371176194626116        0.0000000000000000        0.0000000000000000        43.371119963400801     
   43.371176194626116        0.0000000000000000        0.0000000000000000       -43.371119963400801     
   43.371176194626109        31.609163388545333        29.665165429454554        1.3735030881562955     
   43.371176194626123       -31.609163388545333       -29.665165429454554       -1.3735030881562955     
 isvec for ranlux 
     6252439      346129     5312835     8261683     9079631     4152189    11690151     3251140     4683020     2530188    16021290    11618951     3342516     5282467     2561248    15711547    15779543    10985280     8292142     1596633    16558285    12472361     3784938     8334133     4140519
  
 ====== DUMPING at point            1
 propag    0.0000000000000000        0.0000000000000000        0.0000000000000000        0.0000000000000000     
 test props.    0.0000000000000000        0.0000000000000000     
 Var           1.7909326598539925     
 Var before    1.3810218791143438     
 iev, nphot and rad. pattern    0.0000000000000000                0               0           0           1           0
 partons...            1          -1
 x1 & x2   0.90884960741866616       0.92181665291772352     
 sv & ME   0.67741394077429828        18224.852048185061     
 plepton   =    45.765508385580681       -43.637644694857926       -7.5224325205588807        11.560258152747439     
 pneutrino =    45.765508385580667        43.637644694857926        7.5224325205588807       -11.560258152747439     
 pleptonlab   =    45.684770390055853       -43.637644694857926       -7.5224325205588807        11.236372028356481     
 pneutrinolab =    45.848542626763638        43.637644694857926        7.5224325205588807       -11.884724303309344     
 sqrt(s) =    91.531016771161347     
 sqrt_fs_cm =    91.531016771161347     
 phind channel           0
 bbb pw(0) qmod c1q   0.0000000000000000        0.0000000000000000        0.0000000000000000        0.0000000000000000     
 reduced to Born momenta
   45.765508385580681        0.0000000000000000        0.0000000000000000        45.765455096230120     
   45.765508385580667        0.0000000000000000        0.0000000000000000       -45.765455096230106     
   45.765508385580681       -43.637644694857926       -7.5224325205588807        11.560258152747439     
   45.765508385580667        43.637644694857926        7.5224325205588807       -11.560258152747439     
 isvec for ranlux 
     8965487     2126720     7254733    12923904     5337694    14130607     1878020     8597149     6833174     1891112    11634831     6803766      471344     6208649      964748     8738368    12913065     1505022     4123979     3215547    11907780     4934906    11898556     4780317     4221101
  
 ====== DUMPING at point            1
 propag    0.0000000000000000        0.0000000000000000        0.0000000000000000        0.0000000000000000     
 test props.    0.0000000000000000        0.0000000000000000     
 Var           1.9108324374873740     
 Var before    1.6614705989629552     
 iev, nphot and rad. pattern    0.0000000000000000                0               0           0           0           1
 partons...            1          -1
 x1 & x2   0.80488332457243650       0.96274561915643531     
 sv & ME   0.69863559585407264        2516.7590832152628     
 plepton   =    44.014142461945688       -10.226769722169960        42.759050064679727        2.0761482569659377     
 pneutrino =    44.014142461945703        10.226769722169960       -42.759050064679727       -2.0761482569659377     
 pleptonlab   =    44.004564378587212       -10.226769722169960        42.759050064679727       -1.8620797710298072     
 pneutrinolab =    44.376882807856376        10.226769722169960       -42.759050064679727       -6.0310349581701379     
 sqrt(s) =    88.028284923891391     
 sqrt_fs_cm =    88.028284923891391     
 phind channel           0
 bbb pw(0) qmod c1q   0.0000000000000000        0.0000000000000000        0.0000000000000000        0.0000000000000000     
 reduced to Born momenta
   44.014142461945696        0.0000000000000000        0.0000000000000000        44.014087052156960     
   44.014142461945696        0.0000000000000000        0.0000000000000000       -44.014087052156960     
   44.014142461945688       -10.226769722169960        42.759050064679727        2.0761482569659377     
   44.014142461945703        10.226769722169960       -42.759050064679727       -2.0761482569659377     
 isvec for ranlux 
    15326067    13686972    12635121    13902960    13679249    15597591     9630857    11203193     9414693    13903049     1041894    12159642    14667289     9413416    16351989    16702048    13674632     3503371    11931980     1731313     7232330     5707229     4337415    14161190     4071606
  
 ====== DUMPING at point            1
 propag    0.0000000000000000        0.0000000000000000        0.0000000000000000        0.0000000000000000     
 test props.    0.0000000000000000        0.0000000000000000     
 Var           2.4656116205750771     
 Var before    1.6518242384379704     
 iev, nphot and rad. pattern    0.0000000000000000                0               0           1           0           0
 partons...            1          -1
 x1 & x2   0.88607781005359243       0.97863977672145208     
 sv & ME   0.67089429830442515        8193.0281890112601     
 plepton   =    46.560471168918646        27.913678720662002       -24.220143290112308        28.320972989400019     
 pneutrino =    46.560471168918617       -27.913678720662002        24.220143290112308       -28.320972989400019     
 pleptonlab   =    45.210391113684040        27.913678720662002       -24.220143290112308        26.041879737202184     
 pneutrinolab =    48.025488225068209       -27.913678720662002        24.220143290112308       -30.669978070595167     
 sqrt(s) =    93.120942337837263     
 sqrt_fs_cm =    93.120942337837263     
 phind channel           0
 bbb pw(0) qmod c1q   0.0000000000000000        0.0000000000000000        0.0000000000000000        0.0000000000000000     
 reduced to Born momenta
   46.560471168918632        0.0000000000000000        0.0000000000000000        46.560418789419231     
   46.560471168918632        0.0000000000000000        0.0000000000000000       -46.560418789419231     
   46.560471168918646        27.913678720662002       -24.220143290112308        28.320972989400019     
   46.560471168918617       -27.913678720662002        24.220143290112308       -28.320972989400019     
 isvec for ranlux 
     4925990     5576093    15184408    11784099    11845403    13164298      418628     8394559    12727338     1012832     9828754     3599171     1962348     6110377     1170785     8157080     6470367    12307127     8788506     3545955     7555912     3534851     9276842     7912478     4132414
  
 ====== DUMPING at point            1
 propag    0.0000000000000000        0.0000000000000000        0.0000000000000000        0.0000000000000000     
 test props.    0.0000000000000000        0.0000000000000000     
 Var           11.073206929910089     
 Var before    1.6104229992277677     
 iev, nphot and rad. pattern    0.0000000000000000                0               0           0           0           1
 partons...            1          -1
 x1 & x2   0.99815098891243126       0.83838732870640464     
 sv & ME   0.67013083172160459        31684.778286730041     
 plepton   =    45.739401538497141       -4.7373878260532845        27.339498166393060        36.361940074805680     
 pneutrino =    45.739401538497113        4.7373878260532845       -27.339498166393060       -36.361940074805680     
 pleptonlab   =    49.088683480781960       -4.7373878260532845        27.339498166393060        40.494403054993668     
 pneutrinolab =    42.738232400159823        4.7373878260532845       -27.339498166393060       -32.506220044692341     
 sqrt(s) =    91.478803076994254     
 sqrt_fs_cm =    91.478803076994254     
 phind channel           0
 bbb pw(0) qmod c1q   0.0000000000000000        0.0000000000000000        0.0000000000000000        0.0000000000000000     
 reduced to Born momenta
   45.739401538497134        0.0000000000000000        0.0000000000000000        45.739348218730385     
   45.739401538497120        0.0000000000000000        0.0000000000000000       -45.739348218730370     
   45.739401538497141       -4.7373878260532845        27.339498166393060        36.361940074805680     
   45.739401538497113        4.7373878260532845       -27.339498166393060       -36.361940074805680     
 isvec for ranlux 
      128384    11388086    10466586    16512364     6221064    10759867     4294357     4958074     2428245      140484    15658108     6187047     6125357     5290921     3091457    10559473     4129276    15535479    13747368    10865395     4704666    11572707     3324263     2372157     4192111
  
 ====== DUMPING at point            1
 propag    0.0000000000000000        0.0000000000000000        0.0000000000000000        0.0000000000000000     
 test props.    0.0000000000000000        0.0000000000000000     
 Var           5.8822040905164750     
 Var before    3.6038940298677380     
 iev, nphot and rad. pattern    0.0000000000000000                1               1           0           0           0
 partons...            1          -1
 x1 & x2   0.99986505470181319       0.86515746679721361     
 sv & ME    1.0000000000000000        152.65313568967181     
 plepton   =    44.482883651308789       -37.570425411567605        10.846502894821525       -21.202176388070868     
 pneutrino =    45.088388907500324        39.659353896036642       -8.6035665930207301        19.648560787266568     
 pleptonlab   =    43.063962402342973       -37.570425411567605        10.846502894821525       -18.036357820951658     
 pneutrinolab =    46.629363344004638        39.659353896036642       -8.6035665930207301        22.965205259350814     
 sqrt(s) =    93.007565168908613     
 sqrt_fs_cm =    89.505333700859666     
 phind channel           0
 bbb pw(0) qmod c1q   0.0000000000000000        0.0000000000000000        0.0000000000000000        0.0000000000000000     
 reduced to Born momenta
   44.752666850429833        0.0000000000000000        0.0000000000000000        44.752612355034223     
   44.752666850429833        0.0000000000000000        0.0000000000000000       -44.752612355034223     
   44.752666850429833       -38.611358044611030        9.7288267236453674       -20.427995179807244     
   44.752666850429833        38.611358044611030       -9.7288267236453674        20.427995179807244     
 >> Photon n.           1
 cm momentum     3.4362926100994993       -2.0889284844690352       -2.2429363018007944        1.5536156008042998     
 lab momentum    3.5578003286037441       -2.0889284844690352       -2.2429363018007944        1.8065319568308174     
 c_ph_up    0.45211970489303421     
 c_ph_up lab   0.50776653830367968     
 c_ph_lep  0.13878366696923389     
 c_ph_lep lab   0.14078914802681272     
 isvec for ranlux 
     6248706     2443650     5424569     7840856     8854079     5077390    15263352    16554528     1529883     2696089     2519233     5653265    15789071      882553     5947087     9218297     5428618    10255587     4747224    14768239    10404210    13291405    15495887    10569314     4080721
  
 ====== DUMPING at point            1
 propag    0.0000000000000000        0.0000000000000000        0.0000000000000000        0.0000000000000000     
 test props.    0.0000000000000000        0.0000000000000000     
 Var           2.5932129834449289     
 Var before    2.1420605846487377     
 iev, nphot and rad. pattern    0.0000000000000000                0               0           1           0           0
 partons...            1          -1
 x1 & x2   0.82804678353891092       0.99920539613651405     
 sv & ME   0.76326139535625692        20434.466979936078     
 plepton   =    45.480457736415872        9.1349290683497451       -32.092990380308677       -30.903946537425860     
 pneutrino =    45.480457736415843       -9.1349290683497451        32.092990380308677        30.903946537425860     
 pleptonlab   =    48.588859118859553        9.1349290683497451       -32.092990380308677       -35.319387114537342     
 pneutrinolab =    42.773749864911679       -9.1349290683497451        32.092990380308677        26.761456484657192     
 sqrt(s) =    90.960915472831715     
 sqrt_fs_cm =    90.960915472831715     
 phind channel           0
 bbb pw(0) qmod c1q   0.0000000000000000        0.0000000000000000        0.0000000000000000        0.0000000000000000     
 reduced to Born momenta
   45.480457736415858        0.0000000000000000        0.0000000000000000        45.480404113071700     
   45.480457736415858        0.0000000000000000        0.0000000000000000       -45.480404113071700     
   45.480457736415872        9.1349290683497451       -32.092990380308677       -30.903946537425860     
   45.480457736415843       -9.1349290683497451        32.092990380308677        30.903946537425860     
 isvec for ranlux 
    14902313     9928972     4799160     2701921    12896674      994906     4989402     1593852     3619565    10431950     8726416    10407135     5333250    10378542     9914156    14939389     3289939    14228418    14454888     1597759     1973254     3860146     2875092     2125098     4191303
  
 ====== DUMPING at point            1
 propag    0.0000000000000000        0.0000000000000000        0.0000000000000000        0.0000000000000000     
 test props.    0.0000000000000000        0.0000000000000000     
 Var           1.3289303692444863     
 Var before    1.1101451919200183     
 iev, nphot and rad. pattern    0.0000000000000000                1               0           0           1           0
 partons...            1          -1
 x1 & x2   0.99950730912204999       0.82483438601306669     
 sv & ME    1.0000000000000000        2563810.7076582247     
 plepton   =    45.219730701486910        9.5916304911694876        40.188356218304286        18.376874870746672     
 pneutrino =    45.394924711171072       -9.5838009995493376       -40.364824530347882       -18.426061024448138     
 pleptonlab   =    47.196064959115418        9.5916304911694876        40.188356218304286        22.811269866562128     
 pneutrinolab =    43.832080356000063       -9.5838009995493376       -40.364824530347882       -14.144674039321078     
 sqrt(s) =    90.798017469285000     
 sqrt_fs_cm =    90.614469892567016     
 phind channel           0
 bbb pw(0) qmod c1q   0.0000000000000000        0.0000000000000000        0.0000000000000000        0.0000000000000000     
 reduced to Born momenta
   45.399008734642500        0.0000000000000000        0.0000000000000000        45.398955015094188     
   45.399008734642500        0.0000000000000000        0.0000000000000000       -45.398955015094188     
   45.399008734642507        9.6071404042312540        40.358089124345106        18.438718119258809     
   45.399008734642493       -9.6071404042312540       -40.358089124345106       -18.438718119258809     
 >> Photon n.           1
 cm momentum    0.18336205662701630       -7.8294916201491829E-003  0.17646831204359281        4.9186153701466610E-002
 lab momentum   0.18893944164033125       -7.8294916201491829E-003  0.17646831204359281        6.7050328208110285E-002
 c_ph_up    0.26824608431131436     
 c_ph_up lab   0.35487734919714953     
 c_ph_lep  0.95527999650429141     
 c_ph_lep lab   0.95841745229412878     
 isvec for ranlux 
    16299211     3254293    16131975     5266621    16545363    14473301     5355798     5599353    11050532    14547556    11682091     8225026    12673044    12120042     6959192    14507471     7976243    13182463     2472364    15582834    14772810    14376851    13178594     7905684     4032111
  
 ====== DUMPING at point            1
 propag    0.0000000000000000        0.0000000000000000        0.0000000000000000        0.0000000000000000     
 test props.    0.0000000000000000        0.0000000000000000     
 Var           2.1182452615001757     
 Var before    1.2917585586253211     
 iev, nphot and rad. pattern    0.0000000000000000                1               0           0           0           1
 partons...            1          -1
 x1 & x2   0.99986300179406495       0.81894242024170616     
 sv & ME    1.0000000000000000        206981444546.83118     
 plepton   =    45.244619038834038      -0.67837800744916943       -31.115293654341599        32.839651221668795     
 pneutrino =    45.199242432505500       0.67774412949856566        31.084177966867106       -32.806628839306264     
 pleptonlab   =    48.753049967072968      -0.67837800744916943       -31.115293654341599        37.526351028091483     
 pneutrinolab =    42.144919213281582       0.67774412949856566        31.084177966867106       -28.451671213157706     
 sqrt(s) =    90.489238398793518     
 sqrt_fs_cm =    90.443850088224977     
 phind channel           0
 bbb pw(0) qmod c1q   0.0000000000000000        0.0000000000000000        0.0000000000000000        0.0000000000000000     
 reduced to Born momenta
   45.244619199396759        0.0000000000000000        0.0000000000000000        45.244565296539449     
   45.244619199396759        0.0000000000000000        0.0000000000000000       -45.244565296539449     
   45.244619199396766      -0.67840126871831197       -31.115339071763426        32.839607929674614     
   45.244619199396752       0.67840126871831197        31.115339071763426       -32.839607929674614     
 >> Photon n.           1
 cm momentum     4.5376927453981614E-002   6.3387795060381618E-004   3.1115687474492983E-002  -3.3022382362532972E-002
 lab momentum    4.2301921433992584E-002   6.3387795060381618E-004   3.1115687474492983E-002  -2.8650737315837081E-002
 c_ph_up   -0.72773508951266408     
 c_ph_up lab  -0.67729162989778968     
 c_ph_lep -0.99999565698636173     
 c_ph_lep lab  -0.99099012147866949     
 isvec for ranlux 
    14376841     9367055    11411008     3416353     1394422    12230973     5252183    16075032     6397709     9393473    12531793     9363946    15390017     9736584    16117207    13485524     9250666     8140315     3126542     1982896     8250996    15449780     6880094     7144020    -4021707
  
 ====== DUMPING at point            1
 propag    0.0000000000000000        0.0000000000000000        0.0000000000000000        0.0000000000000000     
 test props.    0.0000000000000000        0.0000000000000000     
 Var          0.72467875075835109     
 Var before   0.59544255827949433     
 iev, nphot and rad. pattern    0.0000000000000000                1               0           0           1           0
 partons...            1          -1
 x1 & x2   0.76673313714818914       0.99988389159802493     
 sv & ME    1.0000000000000000        1230561.7654428352     
 plepton   =    41.889230797628620        41.833013476822551       -2.1453094670472441      -0.30516202927421737     
 pneutrino =    43.779038296759218       -43.721151355351751        2.2278660572980784       0.30094433173946311     
 pleptonlab   =    42.299501334967900        41.833013476822551       -2.1453094670472441       -5.8850046927817719     
 pneutrinolab =    44.125287715778022       -43.721151355351751        2.2278660572980784       -5.5251596630221060     
 sqrt(s) =    87.558215661860871     
 sqrt_fs_cm =    85.647419293289531     
 phind channel           0
 bbb pw(0) qmod c1q   0.0000000000000000        0.0000000000000000        0.0000000000000000        0.0000000000000000     
 reduced to Born momenta
   43.779107830930435        0.0000000000000000        0.0000000000000000        43.779052123665657     
   43.779107830930435        0.0000000000000000        0.0000000000000000       -43.779052123665657     
   43.779107830930435        43.720799592778043       -2.2349053857239687      -0.30983812833116836     
   43.779107830930435       -43.720799592778043        2.2349053857239687       0.30983812833116836     
 >> Photon n.           1
 cm momentum     1.8899465674730291        1.8881378785291996       -8.2556590250834436E-002   4.2176975347542568E-003
 lab momentum    1.9060623865648005        1.8881378785291996       -8.2556590250834436E-002 -0.24737336668791240     
 c_ph_up     2.2316490885737417E-003
 c_ph_up lab  -0.12978240818955611     
 c_ph_lep  0.99992627784081412     
 c_ph_lep lab   0.99992760624791821     
 isvec for ranlux 
    16575667    16622680     6248223    14956727    13110558     1205945    11242040     6890570    14658205      621134     7421034    11519576    13204167     8090949    16466493    11015029     5120304      201156    13109540    13654731     2695017     9785481     4861148      143676    -4200721
  
 ====== DUMPING at point            1
 propag    0.0000000000000000        0.0000000000000000        0.0000000000000000        0.0000000000000000     
 test props.    0.0000000000000000        0.0000000000000000     
 Var          0.84461191979336459     
 Var before   0.72152875606085531     
 iev, nphot and rad. pattern    0.0000000000000000                0               0           1           0           0
 partons...            1          -1
 x1 & x2   0.87073962597039389       0.99983677226072942     
 sv & ME   0.67661142910195371        8642.0904411032225     
 plepton   =    46.652907120289782        18.460920849693938       -22.806518625629192        36.270369292896390     
 pneutrino =    46.652907120289754       -18.460920849693938        22.806518625629192       -36.270369292896390     
 pleptonlab   =    44.255240935219291        18.460920849693938       -22.806518625629192        33.129628674390624     
 pneutrinolab =    49.273578976336886       -18.460920849693938        22.806518625629192       -39.584485988907403     
 sqrt(s) =    93.305814240579537     
 sqrt_fs_cm =    93.305814240579537     
 phind channel           0
 bbb pw(0) qmod c1q   0.0000000000000000        0.0000000000000000        0.0000000000000000        0.0000000000000000     
 reduced to Born momenta
   46.652907120289768        0.0000000000000000        0.0000000000000000        46.652854844572843     
   46.652907120289768        0.0000000000000000        0.0000000000000000       -46.652854844572843     
   46.652907120289782        18.460920849693938       -22.806518625629192        36.270369292896390     
   46.652907120289754       -18.460920849693938        22.806518625629192       -36.270369292896390     
 isvec for ranlux 
    13452352     7685781    12040999      377492     2027616    10867852     4039603    13333254    16608482     8283248     4576519     7678115     1422877    16276106    10765401     9788787     9530970    13032368     3894472      306732    14245216    14571762    11462555    11912083     4051404
  
 ====== DUMPING at point            1
 propag    0.0000000000000000        0.0000000000000000        0.0000000000000000        0.0000000000000000     
 test props.    0.0000000000000000        0.0000000000000000     
 Var          0.81838281887698705     
 Var before   0.72912043322961018     
 iev, nphot and rad. pattern    0.0000000000000000                1               0           0           1           0
 partons...            1          -1
 x1 & x2   0.82357641027229289       0.99987507144423438     
 sv & ME    1.0000000000000000        1172263.2489325688     
 plepton   =    45.029146733901563       -26.213191845338304       -2.5694933275124572       -36.522310567804006     
 pneutrino =    45.366777346727389        26.483444282339523        2.5845004708062485        36.743446482286977     
 pleptonlab   =    48.788841048860554       -26.213191845338304       -2.5694933275124572       -41.068310465843012     
 pneutrinolab =    42.011089140531467        26.483444282339523        2.5845004708062485        32.509506045814206     
 sqrt(s) =    90.745441872349431     
 sqrt_fs_cm =    90.395248369060340     
 phind channel           0
 bbb pw(0) qmod c1q   0.0000000000000000        0.0000000000000000        0.0000000000000000        0.0000000000000000     
 reduced to Born momenta
   45.372720936174709        0.0000000000000000        0.0000000000000000        45.372667185502628     
   45.372720936174723        0.0000000000000000        0.0000000000000000       -45.372667185502642     
   45.372720936174716       -26.450139350255071       -2.5869662381484746       -36.774588719593957     
   45.372720936174716        26.450139350255071        2.5869662381484746        36.774588719593957     
 >> Photon n.           1
 cm momentum    0.34951779172047848      -0.27025243700121987       -1.5007143293791141E-002 -0.22113591448297371     
 lab momentum   0.37264389643434670      -0.27025243700121987       -1.5007143293791141E-002 -0.25612863856826595     
 c_ph_up   -0.63268857758126307     
 c_ph_up lab  -0.68732814630546701     
 c_ph_lep  0.96573293373180868     
 c_ph_lep lab   0.97033626747290647     
 isvec for ranlux 
    16281071     6216508     5788901     5598226     2151985    11312847     4878172    15215368      933416    10490822     4859569     3569103     7793955     9042226    15803846    11186175     1469788    15694173    11573162    10117844     1302401    12204826     4381916     1083041    -4200822
  
 ====== DUMPING at point            1
 propag    0.0000000000000000        0.0000000000000000        0.0000000000000000        0.0000000000000000     
 test props.    0.0000000000000000        0.0000000000000000     
 Var          0.61496158807382362     
 Var before   0.53801140877542730     
 iev, nphot and rad. pattern    0.0000000000000000                0               0           0           1           0
 partons...            1          -1
 x1 & x2   0.85104114209765924       0.99987879845277094     
 sv & ME   0.67975786525649695        10838.126938188634     
 plepton   =    46.123150222921723        31.354525321120800        32.182208199446997        10.417919182321249     
 pneutrino =    46.123150222921709       -31.354525321120800       -32.182208199446997       -10.417919182321249     
 pleptonlab   =    45.432542762310881        31.354525321120800        32.182208199446997        6.7308242773362936     
 pneutrinolab =    47.113454265210628       -31.354525321120800       -32.182208199446997       -14.172707095091878     
 sqrt(s) =    92.246300445843431     
 sqrt_fs_cm =    92.246300445843431     
 phind channel           0
 bbb pw(0) qmod c1q   0.0000000000000000        0.0000000000000000        0.0000000000000000        0.0000000000000000     
 reduced to Born momenta
   46.123150222921716        0.0000000000000000        0.0000000000000000        46.123097346780646     
   46.123150222921716        0.0000000000000000        0.0000000000000000       -46.123097346780646     
   46.123150222921723        31.354525321120800        32.182208199446997        10.417919182321249     
   46.123150222921709       -31.354525321120800       -32.182208199446997       -10.417919182321249     
 isvec for ranlux 
      589876    16710617     5688859    14464672     6555815    10676443     8690630    14425228     3486349    14953393     3964495     2454096     6889208    10385107     6558022     6916769    16140560    10878330     7171221     6209201     3307280     2406960     2255942    12891023    -4131909
  
