 ====== DUMPING at point            1
 propag    0.0000000000000000        0.0000000000000000        0.0000000000000000        0.0000000000000000     
 test props.    0.0000000000000000        0.0000000000000000     
 Var           2.5576415027614154     
 Var before    0.0000000000000000     
 iev, nphot and rad. pattern    0.0000000000000000                1               0           0           0           1
 partons...            1          -1
 x1 & x2   0.90678185477109796       0.94131847036855432     
 sv & ME    1.0000000000000000        720.67084254197721     
 plepton   =    45.924069088145998        37.562300017876787       -17.814904717193535       -19.511836028566542     
 pneutrino =    40.793340963949738       -32.556287147437679        17.897886484226678        16.847531863181398     
 pleptonlab   =    46.296783827485619        37.562300017876787       -17.814904717193535       -20.373605875293517     
 pneutrinolab =    40.485570472458797       -32.556287147437679        17.897886484226678        16.088010422680636     
 sqrt(s) =    92.388879660438050     
 sqrt_fs_cm =    86.531749309862931     
 phind channel           0
 bbb pw(0) qmod c1q   0.0000000000000000        0.0000000000000000        0.0000000000000000        0.0000000000000000     
 reduced to Born momenta
   46.194439830219025        0.0000000000000000        0.0000000000000000        46.194387035679192     
   46.194439830219025        0.0000000000000000        0.0000000000000000       -46.194387035679192     
   46.194439830219032        37.353245003629134       -19.066371863973885       -19.368109334154902     
   46.194439830219018       -37.353245003629134        19.066371863973885        19.368109334154902     
 >> Photon n.           1
 cm momentum     5.6714696083423162       -5.0060128704391058       -8.2981767033143597E-002   2.6643041653851438     
 lab momentum    5.6226619570381855       -5.0060128704391058       -8.2981767033143597E-002   2.5587646727400641     
 c_ph_up    0.46977315393987962     
 c_ph_up lab   0.45508065259678687     
 c_ph_lep -0.91587162986995496     
 c_ph_lep lab  -0.91694464770844863     
 isvec for ranlux 
     9644655    14614328     8305202     1457455     6611641    14048799     7267313     8683348    14048746     9318201     4464668     5476536     8218591     7359978     7668616    13721940      957152    13197359    14184585     9294164    15939178     5902395     5267822    14659295     4201404
  
 ====== DUMPING at point            1
 propag    0.0000000000000000        0.0000000000000000        0.0000000000000000        0.0000000000000000     
 test props.    0.0000000000000000        0.0000000000000000     
 Var           1.7589032993784963     
 Var before    1.3145404393985598     
 iev, nphot and rad. pattern    0.0000000000000000                0               0           0           1           0
 partons...            1          -1
 x1 & x2   0.95201189756643445       0.80184647299243073     
 sv & ME   0.71373471387934251        1179.6011076500122     
 plepton   =    43.685449016534008        31.838208588417185        29.880124100188731        1.3834557175721494     
 pneutrino =    43.685449016534008       -31.838208588417185       -29.880124100188731       -1.3834557175721494     
 pleptonlab   =    43.965347371960370        31.838208588417185        29.880124100188731        5.1426902962781105     
 pneutrinolab =    43.727571155982908       -31.838208588417185       -29.880124100188731        2.3655809324220805     
 sqrt(s) =    87.370898033068016     
 sqrt_fs_cm =    87.370898033068016     
 phind channel           0
 bbb pw(0) qmod c1q   0.0000000000000000        0.0000000000000000        0.0000000000000000        0.0000000000000000     
 reduced to Born momenta
   43.685449016534008        0.0000000000000000        0.0000000000000000        43.685393189836262     
   43.685449016534008        0.0000000000000000        0.0000000000000000       -43.685393189836262     
   43.685449016534008        31.838208588417185        29.880124100188731        1.3834557175721494     
   43.685449016534008       -31.838208588417185       -29.880124100188731       -1.3834557175721494     
 isvec for ranlux 
     6252439      346129     5312835     8261683     9079631     4152189    11690151     3251140     4683020     2530188    16021290    11618951     3342516     5282467     2561248    15711547    15779543    10985280     8292142     1596633    16558285    12472361     3784938     8334133     4140519
  
 ====== DUMPING at point            1
 propag    0.0000000000000000        0.0000000000000000        0.0000000000000000        0.0000000000000000     
 test props.    0.0000000000000000        0.0000000000000000     
 Var           1.7170844290522109     
 Var before    1.3357226964390470     
 iev, nphot and rad. pattern    0.0000000000000000                0               0           0           1           0
 partons...            1          -1
 x1 & x2   0.91571418476514199       0.92774275664632722     
 sv & ME   0.68892606632508924        16135.609437803303     
 plepton   =    46.085442443198829       -43.942705064128091       -7.5750200526903306        11.641073161109958     
 pneutrino =    46.085442443198843        43.942705064128091        7.5750200526903306       -11.641073161109958     
 pleptonlab   =    46.010463819013452       -43.942705064128091       -7.5750200526903306        11.340606685608503     
 pneutrinolab =    46.162383251560016        43.942705064128091        7.5750200526903306       -11.942035279667767     
 sqrt(s) =    92.170884886397673     
 sqrt_fs_cm =    92.170884886397673     
 phind channel           0
 bbb pw(0) qmod c1q   0.0000000000000000        0.0000000000000000        0.0000000000000000        0.0000000000000000     
 reduced to Born momenta
   46.085442443198836        0.0000000000000000        0.0000000000000000        46.085389523793687     
   46.085442443198836        0.0000000000000000        0.0000000000000000       -46.085389523793687     
   46.085442443198829       -43.942705064128091       -7.5750200526903306        11.641073161109958     
   46.085442443198843        43.942705064128091        7.5750200526903306       -11.641073161109958     
 isvec for ranlux 
     8965487     2126720     7254733    12923904     5337694    14130607     1878020     8597149     6833174     1891112    11634831     6803766      471344     6208649      964748     8738368    12913065     1505022     4123979     3215547    11907780     4934906    11898556     4780317     4221101
  
 ====== DUMPING at point            1
 propag    0.0000000000000000        0.0000000000000000        0.0000000000000000        0.0000000000000000     
 test props.    0.0000000000000000        0.0000000000000000     
 Var           1.8199258609443050     
 Var before    1.5925808492427853     
 iev, nphot and rad. pattern    0.0000000000000000                0               0           0           0           1
 partons...            1          -1
 x1 & x2   0.81480032526498281       0.96480546997386363     
 sv & ME   0.71022210155566734        2266.1718655018458     
 plepton   =    44.331811680556733       -10.300581193192883        43.067662507372653        2.0911328084002121     
 pneutrino =    44.331811680556747        10.300581193192883       -43.067662507372653       -2.0911328084002121     
 pleptonlab   =    44.313251208212037       -10.300581193192883        43.067662507372653       -1.6515272277887250     
 pneutrinolab =    44.667038553730286        10.300581193192883       -43.067662507372653       -5.8487300076553206     
 sqrt(s) =    88.663623361113480     
 sqrt_fs_cm =    88.663623361113480     
 phind channel           0
 bbb pw(0) qmod c1q   0.0000000000000000        0.0000000000000000        0.0000000000000000        0.0000000000000000     
 reduced to Born momenta
   44.331811680556740        0.0000000000000000        0.0000000000000000        44.331756667819370     
   44.331811680556740        0.0000000000000000        0.0000000000000000       -44.331756667819370     
   44.331811680556733       -10.300581193192883        43.067662507372653        2.0911328084002121     
   44.331811680556747        10.300581193192883       -43.067662507372653       -2.0911328084002121     
 isvec for ranlux 
    15326067    13686972    12635121    13902960    13679249    15597591     9630857    11203193     9414693    13903049     1041894    12159642    14667289     9413416    16351989    16702048    13674632     3503371    11931980     1731313     7232330     5707229     4337415    14161190     4071606
  
 ====== DUMPING at point            1
 propag    0.0000000000000000        0.0000000000000000        0.0000000000000000        0.0000000000000000     
 test props.    0.0000000000000000        0.0000000000000000     
 Var           2.3073974501460670     
 Var before    1.5734743808696723     
 iev, nphot and rad. pattern    0.0000000000000000                0               0           1           0           0
 partons...            1          -1
 x1 & x2   0.89590614514147293       0.98056145530878058     
 sv & ME   0.68126371872225733        7257.0323443887910     
 plepton   =    46.863926251969175        28.095605384217105       -24.377997434085636        28.505554182590505     
 pneutrino =    46.863926251969175       -28.095605384217105        24.377997434085636       -28.505554182590505     
 pleptonlab   =    45.624374412770393        28.095605384217105       -24.377997434085636        26.418224316998582     
 pneutrinolab =    48.199005609742287       -28.095605384217105        24.377997434085636       -30.650989825363965     
 sqrt(s) =    93.727852503938351     
 sqrt_fs_cm =    93.727852503938351     
 phind channel           0
 bbb pw(0) qmod c1q   0.0000000000000000        0.0000000000000000        0.0000000000000000        0.0000000000000000     
 reduced to Born momenta
   46.863926251969175        0.0000000000000000        0.0000000000000000        46.863874211639882     
   46.863926251969175        0.0000000000000000        0.0000000000000000       -46.863874211639882     
   46.863926251969175        28.095605384217105       -24.377997434085636        28.505554182590505     
   46.863926251969175       -28.095605384217105        24.377997434085636       -28.505554182590505     
 isvec for ranlux 
     4925990     5576093    15184408    11784099    11845403    13164298      418628     8394559    12727338     1012832     9828754     3599171     1962348     6110377     1170785     8157080     6470367    12307127     8788506     3545955     7555912     3534851     9276842     7912478     4132414
  
 ====== DUMPING at point            1
 propag    0.0000000000000000        0.0000000000000000        0.0000000000000000        0.0000000000000000     
 test props.    0.0000000000000000        0.0000000000000000     
 Var           10.210943944649605     
 Var before    1.4699110794452550     
 iev, nphot and rad. pattern    0.0000000000000000                0               0           0           0           1
 partons...            1          -1
 x1 & x2   0.99828801028195235       0.85004839454578274     
 sv & ME   0.68027606914921246        27167.857515748787     
 plepton   =    46.059557109097277       -4.7705476208216000        27.530863573143300        36.616458918212857     
 pneutrino =    46.059557109097277        4.7705476208216000       -27.530863573143300       -36.616458918212857     
 pleptonlab   =    49.154600955094068       -4.7705476208216000        27.530863573143300        40.440784582862769     
 pneutrinolab =    43.262219286292684        4.7705476208216000       -27.530863573143300       -33.028803796054298     
 sqrt(s) =    92.119114218194554     
 sqrt_fs_cm =    92.119114218194554     
 phind channel           0
 bbb pw(0) qmod c1q   0.0000000000000000        0.0000000000000000        0.0000000000000000        0.0000000000000000     
 reduced to Born momenta
   46.059557109097277        0.0000000000000000        0.0000000000000000        46.059504159951537     
   46.059557109097277        0.0000000000000000        0.0000000000000000       -46.059504159951537     
   46.059557109097277       -4.7705476208216000        27.530863573143300        36.616458918212857     
   46.059557109097277        4.7705476208216000       -27.530863573143300       -36.616458918212857     
 isvec for ranlux 
      128384    11388086    10466586    16512364     6221064    10759867     4294357     4958074     2428245      140484    15658108     6187047     6125357     5290921     3091457    10559473     4129276    15535479    13747368    10865395     4704666    11572707     3324263     2372157     4192111
  
 ====== DUMPING at point            1
 propag    0.0000000000000000        0.0000000000000000        0.0000000000000000        0.0000000000000000     
 test props.    0.0000000000000000        0.0000000000000000     
 Var           5.7483839129919136     
 Var before    3.4276690360963817     
 iev, nphot and rad. pattern    0.0000000000000000                1               1           0           0           0
 partons...            1          -1
 x1 & x2   0.99986821351985788       0.87655161809556192     
 sv & ME    1.0000000000000000        149.97302172190612     
 plepton   =    44.775663955731588       -37.817710244374418        10.917893506599338       -21.341727020937814     
 pneutrino =    45.383649941410148        39.919581433274935       -8.6610602897874855        19.775681307145540     
 pleptonlab   =    43.467073851441612       -37.817710244374418        10.917893506599338       -18.438973365301688     
 pneutrinolab =    46.784429891526244        39.919581433274935       -8.6610602897874855        22.807559479972024     
 sqrt(s) =    93.618165995876595     
 sqrt_fs_cm =    90.092942146221503     
 phind channel           0
 bbb pw(0) qmod c1q   0.0000000000000000        0.0000000000000000        0.0000000000000000        0.0000000000000000     
 reduced to Born momenta
   45.046471073110752        0.0000000000000000        0.0000000000000000        45.046416933148009     
   45.046471073110752        0.0000000000000000        0.0000000000000000       -45.046416933148009     
   45.046471073110752       -38.865101061481518        9.7932830169015936       -20.561345278965341     
   45.046471073110752        38.865101061481518       -9.7932830169015936        20.561345278965341     
 >> Photon n.           1
 cm momentum     3.4588520987348614       -2.1018711889005162       -2.2568332168118532        1.5660457137922730     
 lab momentum    3.5694878378031651       -2.1018711889005162       -2.2568332168118532        1.7972436565444612     
 c_ph_up    0.45276457885119831     
 c_ph_up lab   0.50350182945309363     
 c_ph_lep  0.13834634512905764     
 c_ph_lep lab   0.13991685928421776     
 isvec for ranlux 
     6248706     2443650     5424569     7840856     8854079     5077390    15263352    16554528     1529883     2696089     2519233     5653265    15789071      882553     5947087     9218297     5428618    10255587     4747224    14768239    10404210    13291405    15495887    10569314     4080721
  
 ====== DUMPING at point            1
 propag    0.0000000000000000        0.0000000000000000        0.0000000000000000        0.0000000000000000     
 test props.    0.0000000000000000        0.0000000000000000     
 Var           4.2909832984417662     
 Var before    3.8909311567371350     
 iev, nphot and rad. pattern    0.0000000000000000                0               0           0           1           0
 partons...            1          -1
 x1 & x2   0.96923343156866570       0.99983174600918079     
 sv & ME   0.69132441381773013        1077.6252714026148     
 plepton   =    49.220685544183780        8.7932227460407493       -35.512655087306570        32.927120799372432     
 pneutrino =    49.220685544183766       -8.7932227460407493        35.512655087306570       -32.927120799372432     
 pleptonlab   =    48.714896219611369        8.7932227460407493       -35.512655087306570        32.166139220996811     
 pneutrinolab =    49.738362659280931       -8.7932227460407493        35.512655087306570       -33.696054943022560     
 sqrt(s) =    98.441371088367546     
 sqrt_fs_cm =    98.441371088367546     
 phind channel           0
 bbb pw(0) qmod c1q   0.0000000000000000        0.0000000000000000        0.0000000000000000        0.0000000000000000     
 reduced to Born momenta
   49.220685544183773        0.0000000000000000        0.0000000000000000        49.220635995625059     
   49.220685544183773        0.0000000000000000        0.0000000000000000       -49.220635995625059     
   49.220685544183780        8.7932227460407493       -35.512655087306570        32.927120799372432     
   49.220685544183766       -8.7932227460407493        35.512655087306570       -32.927120799372432     
 isvec for ranlux 
     1761916     1998066      110757    12487400     6792527    15221857    13697809    16362340     1718686    13889623    15879938    13252925    15197909    11147211     8739263    10194051      365704     1375984     3629030     8446094     3487424    14965765     1118188    11110526    -4200216
  
 ====== DUMPING at point            1
 propag    0.0000000000000000        0.0000000000000000        0.0000000000000000        0.0000000000000000     
 test props.    0.0000000000000000        0.0000000000000000     
 Var           2.5866046997024155     
 Var before    2.0862058155380723     
 iev, nphot and rad. pattern    0.0000000000000000                0               0           1           0           0
 partons...            1          -1
 x1 & x2   0.83975190543975808       0.99925708040640948     
 sv & ME   0.76392861914835775        20419.763002579421     
 plepton   =    45.801966041193360        9.1995056249767710       -32.319861852995324       -31.122412432304795     
 pneutrino =    45.801966041193360       -9.1995056249767710        32.319861852995324        31.122412432304795     
 pleptonlab   =    48.684816760570399        9.1995056249767710       -32.319861852995324       -35.227770939674379     
 pneutrinolab =    43.265632531737985       -9.1995056249767710        32.319861852995324        27.252512191341815     
 sqrt(s) =    91.603932082386720     
 sqrt_fs_cm =    91.603932082386720     
 phind channel           0
 bbb pw(0) qmod c1q   0.0000000000000000        0.0000000000000000        0.0000000000000000        0.0000000000000000     
 reduced to Born momenta
   45.801966041193360        0.0000000000000000        0.0000000000000000        45.801912794260346     
   45.801966041193360        0.0000000000000000        0.0000000000000000       -45.801912794260346     
   45.801966041193360        9.1995056249767710       -32.319861852995324       -31.122412432304795     
   45.801966041193360       -9.1995056249767710        32.319861852995324        31.122412432304795     
 isvec for ranlux 
    14902313     9928972     4799160     2701921    12896674      994906     4989402     1593852     3619565    10431950     8726416    10407135     5333250    10378542     9914156    14939389     3289939    14228418    14454888     1597759     1973254     3860146     2875092     2125098     4191303
  
 ====== DUMPING at point            1
 propag    0.0000000000000000        0.0000000000000000        0.0000000000000000        0.0000000000000000     
 test props.    0.0000000000000000        0.0000000000000000     
 Var           1.2780653804551620     
 Var before    1.0973709576356894     
 iev, nphot and rad. pattern    0.0000000000000000                1               0           0           1           0
 partons...            1          -1
 x1 & x2   0.99953605530878498       0.83654037036201701     
 sv & ME    1.0000000000000000        2197079.4499039697     
 plepton   =    45.540116219656689        9.6595883532691111        40.473095582733350        18.507077251816082     
 pneutrino =    45.716584164537636       -9.6517981375189255       -40.650802744337440       -18.556668152859203     
 pleptonlab   =    47.370088322399766        9.6595883532691111        40.473095582733350        22.639235649129258     
 pneutrinolab =    44.243919905411829       -9.6517981375189255       -40.650802744337440       -14.555696955439213     
 sqrt(s) =    91.441361642213124     
 sqrt_fs_cm =    91.256513549611341     
 phind channel           0
 bbb pw(0) qmod c1q   0.0000000000000000        0.0000000000000000        0.0000000000000000        0.0000000000000000     
 reduced to Born momenta
   45.720680821106562        0.0000000000000000        0.0000000000000000        45.720627479507556     
   45.720680821106562        0.0000000000000000        0.0000000000000000       -45.720627479507556     
   45.720680821106569        9.6752555796026289        40.644025313838505        18.569386818402400     
   45.720680821106555       -9.6752555796026289       -40.644025313838505       -18.569386818402400     
 >> Photon n.           1
 cm momentum    0.18466125801879793       -7.7902157501865367E-003  0.17770716160408925        4.9590901043122033E-002
 lab momentum   0.18981305572850704       -7.7902157501865367E-003  0.17770716160408925        6.6245553648354216E-002
 c_ph_up    0.26855065093336383     
 c_ph_up lab   0.34900419991713533     
 c_ph_lep  0.95545722753382023     
 c_ph_lep lab   0.95834020621601279     
 isvec for ranlux 
    16299211     3254293    16131975     5266621    16545363    14473301     5355798     5599353    11050532    14547556    11682091     8225026    12673044    12120042     6959192    14507471     7976243    13182463     2472364    15582834    14772810    14376851    13178594     7905684     4032111
  
 ====== DUMPING at point            1
 propag    0.0000000000000000        0.0000000000000000        0.0000000000000000        0.0000000000000000     
 test props.    0.0000000000000000        0.0000000000000000     
 Var           1.9070973352221692     
 Var before    1.2423607256005647     
 iev, nphot and rad. pattern    0.0000000000000000                1               0           0           0           1
 partons...            1          -1
 x1 & x2   0.99986562763449105       0.83062879357701014     
 sv & ME    1.0000000000000000        175805954382.07373     
 plepton   =    45.566357496613165      -0.68320233221943594       -31.336559012108971        33.073177586551147     
 pneutrino =    45.520658209023892       0.68256365367871552        31.305221485816123       -33.039920924148404     
 pleptonlab   =    48.833266272344908      -0.68320233221943594       -31.336559012108971        37.446362106193071     
 pneutrinolab =    42.648646548228967       0.68256365367871552        31.305221485816123       -28.955363981255143     
 sqrt(s) =    91.132715312403448     
 sqrt_fs_cm =    91.087004241576153     
 phind channel           0
 bbb pw(0) qmod c1q   0.0000000000000000        0.0000000000000000        0.0000000000000000        0.0000000000000000     
 reduced to Born momenta
   45.566357656201724        0.0000000000000000        0.0000000000000000        45.566304133946318     
   45.566357656201724        0.0000000000000000        0.0000000000000000       -45.566304133946318     
   45.566357656201724      -0.68322561241088908       -31.336604465748312        33.073134258506776     
   45.566357656201724       0.68322561241088908        31.336604465748312       -33.073134258506776     
 >> Photon n.           1
 cm momentum     4.5699606766393411E-002   6.3867854072043083E-004   3.1337526292846758E-002  -3.3256662402738967E-002
 lab momentum    4.2808240001198081E-002   6.3867854072043083E-004   3.1337526292846758E-002  -2.9156422063877044E-002
 c_ph_up   -0.72772316341232202     
 c_ph_up lab  -0.68109368810913595     
 c_ph_lep -0.99999571112560159     
 c_ph_lep lab  -0.99224440912539014     
 isvec for ranlux 
    14376841     9367055    11411008     3416353     1394422    12230973     5252183    16075032     6397709     9393473    12531793     9363946    15390017     9736584    16117207    13485524     9250666     8140315     3126542     1982896     8250996    15449780     6880094     7144020    -4021707
  
 ====== DUMPING at point            1
 propag    0.0000000000000000        0.0000000000000000        0.0000000000000000        0.0000000000000000     
 test props.    0.0000000000000000        0.0000000000000000     
 Var          0.65066623415316194     
 Var before   0.55386463319003265     
 iev, nphot and rad. pattern    0.0000000000000000                1               0           0           1           0
 partons...            1          -1
 x1 & x2   0.76673313714818914       0.99988389159802493     
 sv & ME    1.0000000000000000        823745.68857453682     
 plepton   =    41.889230797628620        41.833013476822551       -2.1453094670472441      -0.30516202927421737     
 pneutrino =    43.779038296759218       -43.721151355351751        2.2278660572980784       0.30094433173946311     
 pleptonlab   =    42.299501334967900        41.833013476822551       -2.1453094670472441       -5.8850046927817719     
 pneutrinolab =    44.125287715778022       -43.721151355351751        2.2278660572980784       -5.5251596630221060     
 sqrt(s) =    87.558215661860871     
 sqrt_fs_cm =    85.647419293289531     
 phind channel           0
 bbb pw(0) qmod c1q   0.0000000000000000        0.0000000000000000        0.0000000000000000        0.0000000000000000     
 reduced to Born momenta
   43.779107830930435        0.0000000000000000        0.0000000000000000        43.779052123665657     
   43.779107830930435        0.0000000000000000        0.0000000000000000       -43.779052123665657     
   43.779107830930435        43.720799592778043       -2.2349053857239687      -0.30983812833116836     
   43.779107830930435       -43.720799592778043        2.2349053857239687       0.30983812833116836     
 >> Photon n.           1
 cm momentum     1.8899465674730291        1.8881378785291996       -8.2556590250834436E-002   4.2176975347542568E-003
 lab momentum    1.9060623865648005        1.8881378785291996       -8.2556590250834436E-002 -0.24737336668791240     
 c_ph_up     2.2316490885737417E-003
 c_ph_up lab  -0.12978240818955611     
 c_ph_lep  0.99992627784081412     
 c_ph_lep lab   0.99992760624791821     
 isvec for ranlux 
    16575667    16622680     6248223    14956727    13110558     1205945    11242040     6890570    14658205      621134     7421034    11519576    13204167     8090949    16466493    11015029     5120304      201156    13109540    13654731     2695017     9785481     4861148      143676    -4200721
  
 ====== DUMPING at point            1
 propag    0.0000000000000000        0.0000000000000000        0.0000000000000000        0.0000000000000000     
 test props.    0.0000000000000000        0.0000000000000000     
 Var          0.76883087211137580     
 Var before   0.64522301626407408     
 iev, nphot and rad. pattern    0.0000000000000000                0               0           1           0           0
 partons...            1          -1
 x1 & x2   0.87073962597039389       0.99983677226072942     
 sv & ME   0.68442401210897341        11635.627855436691     
 plepton   =    46.652907120289782        18.460920849693938       -22.806518625629192        36.270369292896390     
 pneutrino =    46.652907120289754       -18.460920849693938        22.806518625629192       -36.270369292896390     
 pleptonlab   =    44.255240935219291        18.460920849693938       -22.806518625629192        33.129628674390624     
 pneutrinolab =    49.273578976336886       -18.460920849693938        22.806518625629192       -39.584485988907403     
 sqrt(s) =    93.305814240579537     
 sqrt_fs_cm =    93.305814240579537     
 phind channel           0
 bbb pw(0) qmod c1q   0.0000000000000000        0.0000000000000000        0.0000000000000000        0.0000000000000000     
 reduced to Born momenta
   46.652907120289768        0.0000000000000000        0.0000000000000000        46.652854844572843     
   46.652907120289768        0.0000000000000000        0.0000000000000000       -46.652854844572843     
   46.652907120289782        18.460920849693938       -22.806518625629192        36.270369292896390     
   46.652907120289754       -18.460920849693938        22.806518625629192       -36.270369292896390     
 isvec for ranlux 
    13452352     7685781    12040999      377492     2027616    10867852     4039603    13333254    16608482     8283248     4576519     7678115     1422877    16276106    10765401     9788787     9530970    13032368     3894472      306732    14245216    14571762    11462555    11912083     4051404
  
 ====== DUMPING at point            1
 propag    0.0000000000000000        0.0000000000000000        0.0000000000000000        0.0000000000000000     
 test props.    0.0000000000000000        0.0000000000000000     
 Var          0.76052150860114942     
 Var before   0.66413003621020672     
 iev, nphot and rad. pattern    0.0000000000000000                1               0           0           1           0
 partons...            1          -1
 x1 & x2   0.83529502666774769       0.99987688693300647     
 sv & ME    1.0000000000000000        1163833.1341115599     
 plepton   =    45.348389376623572       -26.399036240768929       -2.5877103358352911       -36.781243809022783     
 pneutrino =    45.688464689547310        26.671079611428301        2.6028357450268782        37.004099778832725     
 pleptonlab   =    48.843822858636614       -26.399036240768929       -2.5877103358352911       -41.013443022145594     
 pneutrinolab =    42.541285710097391        26.671079611428301        2.6028357450268782        33.039803035459109     
 sqrt(s) =    91.388850027515403     
 sqrt_fs_cm =    91.036173563636183     
 phind channel           0
 bbb pw(0) qmod c1q   0.0000000000000000        0.0000000000000000        0.0000000000000000        0.0000000000000000     
 reduced to Born momenta
   45.694425013757701        0.0000000000000000        0.0000000000000000        45.694371641508823     
   45.694425013757701        0.0000000000000000        0.0000000000000000       -45.694371641508823     
   45.694425013757701       -26.637600926707560       -2.6053130682970695       -37.035386785236710     
   45.694425013757701        26.637600926707560        2.6053130682970695        37.035386785236710     
 >> Photon n.           1
 cm momentum    0.35199596134452310      -0.27204337065937273       -1.5125409191587096E-002 -0.22285596980994074     
 lab momentum   0.37348711130371542      -0.27204337065937273       -1.5125409191587096E-002 -0.25545302657644925     
 c_ph_up   -0.63312081467837056     
 c_ph_up lab  -0.68396744852787650     
 c_ph_lep  0.96587833759085329     
 c_ph_lep lab   0.97014309310018798     
 isvec for ranlux 
    16281071     6216508     5788901     5598226     2151985    11312847     4878172    15215368      933416    10490822     4859569     3569103     7793955     9042226    15803846    11186175     1469788    15694173    11573162    10117844     1302401    12204826     4381916     1083041    -4200822
  
 ====== DUMPING at point            1
 propag    0.0000000000000000        0.0000000000000000        0.0000000000000000        0.0000000000000000     
 test props.    0.0000000000000000        0.0000000000000000     
 Var          0.55903373103745269     
 Var before   0.49229789558778525     
 iev, nphot and rad. pattern    0.0000000000000000                0               0           0           1           0
 partons...            1          -1
 x1 & x2   0.86270258436891378       0.99988058846252381     
 sv & ME   0.69124037470993782        9727.0362833436375     
 plepton   =    46.438119248278404        31.568642437634793        32.401977484809990        10.489062176595565     
 pneutrino =    46.438119248278390       -31.568642437634793       -32.401977484809990       -10.489062176595565     
 pleptonlab   =    45.789963209339696        31.568642437634793        32.401977484809990        7.0881758400765928     
 pneutrinolab =    47.339195432232202       -31.568642437634793       -32.401977484809990       -13.947076044757097     
 sqrt(s) =    92.876238496556795     
 sqrt_fs_cm =    92.876238496556795     
 phind channel           0
 bbb pw(0) qmod c1q   0.0000000000000000        0.0000000000000000        0.0000000000000000        0.0000000000000000     
 reduced to Born momenta
   46.438119248278397        0.0000000000000000        0.0000000000000000        46.438066730772988     
   46.438119248278397        0.0000000000000000        0.0000000000000000       -46.438066730772988     
   46.438119248278404        31.568642437634793        32.401977484809990        10.489062176595565     
   46.438119248278390       -31.568642437634793       -32.401977484809990       -10.489062176595565     
 isvec for ranlux 
      589876    16710617     5688859    14464672     6555815    10676443     8690630    14425228     3486349    14953393     3964495     2454096     6889208    10385107     6558022     6916769    16140560    10878330     7171221     6209201     3307280     2406960     2255942    12891023    -4131909
  
