 ====== DUMPING at point            1
 propag    0.0000000000000000        0.0000000000000000        0.0000000000000000        0.0000000000000000     
 test props.    0.0000000000000000        0.0000000000000000     
 Var           2.0975419961004899E-002
 Var before    0.0000000000000000     
 iev, nphot and rad. pattern    0.0000000000000000                0               0           0           0           0
 partons...            1          -1
 x1 & x2   0.98104208880705024       0.90652607064117907     
 sv & ME    1.0000000000000000        2191.0836869373125     
 plepton   =    44.794797618826010        3.9641967638763829       -5.0503565494411990        44.332175366892393     
 pneutrino =    44.794797618826024       -3.9641967638763829        5.0503565494411990       -44.332175366892393     
 pleptonlab   =    46.581221911893373        3.9641967638763829       -5.0503565494411990        46.136516056745933     
 pneutrinolab =    43.078265661897504       -3.9641967638763829        5.0503565494411990       -42.597005193867062     
 sqrt(s) =    89.589595237652034     
 sqrt_fs_cm =    89.589595237652034     
 phind channel           0
 bbb pw(0) qmod c1q   0.0000000000000000        0.0000000000000000        0.0000000000000000        0.0000000000000000     
 reduced to Born momenta
   43.322151270690284        0.0000000000000000        0.0000000000000000        43.322094975831583     
   43.322151270690284        0.0000000000000000        0.0000000000000000       -43.322094975831583     
   43.322151270690277       -32.557445135057570        7.6270495336885595        27.543393195419490     
   43.322151270690291        32.557445135057570       -7.6270495336885595       -27.543393195419490     
 isvec for ranlux 
     9644655    14614328     8305202     1457455     1056974    16450356    10467055     4514011      135838    16753179    11474510      425858    13826447     7299317     7668616    13721940      957152    13197359    14184585     9294164    15939178     5902395     5267822    14659295     4102414
  
