 ====== DUMPING at point            1
 propag    0.0000000000000000        0.0000000000000000        0.0000000000000000        0.0000000000000000     
 test props.    0.0000000000000000        0.0000000000000000     
 Var           2.1989296544435589E-002
 Var before    0.0000000000000000     
 iev, nphot and rad. pattern    0.0000000000000000                0               0           0           0           0
 partons...            1          -1
 x1 & x2   0.98070178262092356       0.90490810846868197     
 sv & ME    1.0000000000000000        2359.0331763060058     
 plepton   =    44.747042026896494        3.9599705227308291       -5.0449723503410278        44.284912711992220     
 pneutrino =    44.747042026896494       -3.9599705227308291        5.0449723503410278       -44.284912711992220     
 pleptonlab   =    46.564743973708254        3.9599705227308291       -5.0449723503410278        46.120831574126328     
 pneutrinolab =    43.001725853048015       -3.9599705227308291        5.0449723503410278       -42.520632051894850     
 sqrt(s) =    89.494084053792989     
 sqrt_fs_cm =    89.494084053792989     
 phind channel           0
 bbb pw(0) qmod c1q   0.0000000000000000        0.0000000000000000        0.0000000000000000        0.0000000000000000     
 reduced to Born momenta
   43.322151270690284        0.0000000000000000        0.0000000000000000        43.322094975831583     
   43.322151270690284        0.0000000000000000        0.0000000000000000       -43.322094975831583     
   43.322151270690277       -32.557445135057570        7.6270495336885595        27.543393195419490     
   43.322151270690291        32.557445135057570       -7.6270495336885595       -27.543393195419490     
 isvec for ranlux 
     9644655    14614328     8305202     1457455     1056974    16450356    10467055     4514011      135838    16753179    11474510      425858    13826447     7299317     7668616    13721940      957152    13197359    14184585     9294164    15939178     5902395     5267822    14659295     4102414
  
