 ====== DUMPING at point            1
 propag    0.0000000000000000        0.0000000000000000        0.0000000000000000        0.0000000000000000     
 test props.    0.0000000000000000        0.0000000000000000     
 Var           3.5500633477840027     
 Var before    0.0000000000000000     
 iev, nphot and rad. pattern    0.0000000000000000                0               0           0           0           0
 partons...            1          -1
 x1 & x2   0.96533568085105548       0.83423784116710076     
 sv & ME    1.0000000000000000        30838.405190624806     
 plepton   =    44.869799263946959        3.9708342072285090       -5.0588126018275030        44.406402838484027     
 pneutrino =    44.869799263946959       -3.9708342072285090        5.0588126018275030       -44.406402838484027     
 pleptonlab   =    48.232935958043811        3.9708342072285090       -5.0588126018275030        47.802153070751771     
 pneutrinolab =    41.745740142864008       -3.9708342072285090        5.0588126018275030       -41.247261086554033     
 sqrt(s) =    89.739598527893918     
 sqrt_fs_cm =    89.739598527893918     
 phind channel           0
 bbb pw(0) qmod c1q   0.0000000000000000        0.0000000000000000        0.0000000000000000        0.0000000000000000     
 reduced to Born momenta
   45.444035983348869        0.0000000000000000        0.0000000000000000        45.443982317027491     
   45.444035983348869        0.0000000000000000        0.0000000000000000       -45.443982317027491     
   45.444035983348876       -34.152092317165511        8.0006185590294869        28.892454651641430     
   45.444035983348861        34.152092317165511       -8.0006185590294869       -28.892454651641430     
 isvec for ranlux 
     9644655    14614328     8305202     1457455     1056974    16450356    10467055     4514011      135838    16753179    11474510      425858    13826447     7299317     7668616    13721940      957152    13197359    14184585     9294164    15939178     5902395     5267822    14659295     4102414
  
 ====== DUMPING at point            1
 propag    0.0000000000000000        0.0000000000000000        0.0000000000000000        0.0000000000000000     
 test props.    0.0000000000000000        0.0000000000000000     
 Var           2.4623730850826031     
 Var before    2.1036513044960596     
 iev, nphot and rad. pattern    0.0000000000000000                0               0           0           0           0
 partons...            1          -1
 x1 & x2   0.99427728318130171       0.99976866665782238     
 sv & ME    1.0000000000000000        446.59427867206887     
 plepton   =    49.850959712284677        42.946285615871474        24.649366648503285        5.7560660326308799     
 pneutrino =    49.850959712284663       -42.946285615871474       -24.649366648503285       -5.7560660326308799     
 pleptonlab   =    49.835297112386790        42.946285615871474        24.649366648503285        5.6188032725879555     
 pneutrinolab =    49.867000379569383       -42.946285615871474       -24.649366648503285       -5.8933724464139932     
 sqrt(s) =    99.701919424569340     
 sqrt_fs_cm =    99.701919424569340     
 phind channel           0
 bbb pw(0) qmod c1q   0.0000000000000000        0.0000000000000000        0.0000000000000000        0.0000000000000000     
 reduced to Born momenta
   49.850959712284670        0.0000000000000000        0.0000000000000000        49.850910790177437     
   49.850959712284670        0.0000000000000000        0.0000000000000000       -49.850910790177437     
   49.850959712284677        42.946285615871474        24.649366648503285        5.7560660326308799     
   49.850959712284663       -42.946285615871474       -24.649366648503285       -5.7560660326308799     
 isvec for ranlux 
    13828964    12538209    14722825      978898    10903123    16188213     3834576      755982    12350293    13898296    16631971     2580472     9212313    13500588    11285027    12295266    14794390     9041223     4836823     6203403     5099258      436050     2993088    13331992     4071707
  
 ====== DUMPING at point            1
 propag    0.0000000000000000        0.0000000000000000        0.0000000000000000        0.0000000000000000     
 test props.    0.0000000000000000        0.0000000000000000     
 Var           1.6802114232607201     
 Var before    1.3909746176949394     
 iev, nphot and rad. pattern    0.0000000000000000                0               0           0           0           0
 partons...            1          -1
 x1 & x2   0.96318259554516339       0.99924355471594872     
 sv & ME    1.0000000000000000        509.23127185776752     
 plepton   =    49.052369988948634       -44.398522280580451       -18.155934783493304       -10.259487768869329     
 pneutrino =    49.052369988948634        44.398522280580451        18.155934783493304        10.259487768869329     
 pleptonlab   =    49.249210889256432       -44.398522280580451       -18.155934783493304       -11.162744329300239     
 pneutrinolab =    48.872096623799202        44.398522280580451        18.155934783493304        9.3596963707609717     
 sqrt(s) =    98.104739977897268     
 sqrt_fs_cm =    98.104739977897268     
 phind channel           0
 bbb pw(0) qmod c1q   0.0000000000000000        0.0000000000000000        0.0000000000000000        0.0000000000000000     
 reduced to Born momenta
   49.052369988948634        0.0000000000000000        0.0000000000000000        49.052320270371602     
   49.052369988948634        0.0000000000000000        0.0000000000000000       -49.052320270371602     
   49.052369988948634       -44.398522280580451       -18.155934783493304       -10.259487768869329     
   49.052369988948634        44.398522280580451        18.155934783493304        10.259487768869329     
 isvec for ranlux 
    11721521    11045222     4525189     9551634     3138826    12914592    10311113     5879490    10841622     2041022     1591996      713870     2223296     9465644     1698956     6906665      167992     7923134     5610804    11998942     7292850    14658741     2512720     2054019     4020115
  
 ====== DUMPING at point            1
 propag    0.0000000000000000        0.0000000000000000        0.0000000000000000        0.0000000000000000     
 test props.    0.0000000000000000        0.0000000000000000     
 Var           2.4346714558736795     
 Var before    1.3963479738797577     
 iev, nphot and rad. pattern    0.0000000000000000                0               0           0           0           0
 partons...            1          -1
 x1 & x2   0.99967724214925802       0.97555223158695292     
 sv & ME    1.0000000000000000        877.21172552126541     
 plepton   =    49.377053487561390        38.986649666223201       -12.425468983169029        27.635685549186455     
 pneutrino =    49.377053487561390       -38.986649666223201        12.425468983169029       -27.635685549186455     
 pleptonlab   =    49.718298098421542        38.986649666223201       -12.425468983169029        28.240872338926103     
 pneutrinolab =    49.043175588389005       -38.986649666223201        12.425468983169029       -27.034621810810854     
 sqrt(s) =    98.754106975122781     
 sqrt_fs_cm =    98.754106975122781     
 phind channel           0
 bbb pw(0) qmod c1q   0.0000000000000000        0.0000000000000000        0.0000000000000000        0.0000000000000000     
 reduced to Born momenta
   49.377053487561390        0.0000000000000000        0.0000000000000000        49.377004095913904     
   49.377053487561390        0.0000000000000000        0.0000000000000000       -49.377004095913904     
   49.377053487561390        38.986649666223201       -12.425468983169029        27.635685549186455     
   49.377053487561390       -38.986649666223201        12.425468983169029       -27.635685549186455     
 isvec for ranlux 
     5015453    15280816     4310583      768372    14533642     3155413     4422873      249048     4684845     1910008    16056781      794157     1869094     3063496    16774527    13424117     4046483    13961998    14383364     9654875    12256042     6035440    14952706     7070106    -4050721
  
 ====== DUMPING at point            1
 propag    0.0000000000000000        0.0000000000000000        0.0000000000000000        0.0000000000000000     
 test props.    0.0000000000000000        0.0000000000000000     
 Var           3.6646743601954879     
 Var before    2.1488910992970038     
 iev, nphot and rad. pattern    0.0000000000000000                0               0           0           0           0
 partons...            1          -1
 x1 & x2   0.99918788184465734       0.64860479197713217     
 sv & ME    1.0000000000000000        265.65275173493188     
 plepton   =    40.251647427463304       -18.829058791404851       -29.429820037255180        19.988401500318584     
 pneutrino =    40.251647427463318        18.829058791404851        29.429820037255180       -19.988401500318584     
 pleptonlab   =    45.547182529534830       -18.829058791404851       -29.429820037255180        29.221343403270964     
 pneutrinolab =    36.842451161554671        18.829058791404851        29.429820037255180       -11.692188909894698     
 sqrt(s) =    80.503294854926622     
 sqrt_fs_cm =    80.503294854926622     
 phind channel           0
 bbb pw(0) qmod c1q   0.0000000000000000        0.0000000000000000        0.0000000000000000        0.0000000000000000     
 reduced to Born momenta
   40.251647427463311        0.0000000000000000        0.0000000000000000        40.251586838275259     
   40.251647427463311        0.0000000000000000        0.0000000000000000       -40.251586838275259     
   40.251647427463304       -18.829058791404851       -29.429820037255180        19.988401500318584     
   40.251647427463318        18.829058791404851        29.429820037255180       -19.988401500318584     
 isvec for ranlux 
    13339185     3157215     2885755    13075980     2672839    15264749     5589110    16308282     7842139    12049687    13366755     6076284      742419    12796796     4739940     6325708    16429432     3537523     6895768     4781887    12457939      764822     9148973    10794182    -4081303
  
 ====== DUMPING at point            1
 propag    0.0000000000000000        0.0000000000000000        0.0000000000000000        0.0000000000000000     
 test props.    0.0000000000000000        0.0000000000000000     
 Var           2.4310093874252594     
 Var before    2.0211231719221296     
 iev, nphot and rad. pattern    0.0000000000000000                0               0           0           0           0
 partons...            1          -1
 x1 & x2   0.83543971388249860       0.99723872170941485     
 sv & ME    1.0000000000000000        25051.418903244266     
 plepton   =    45.638055182530017        35.047744693607008        17.884423996245975        23.121935199425462     
 pneutrino =    45.638055182530032       -35.047744693607008       -17.884423996245975       -23.121935199425462     
 pleptonlab   =    43.767626097077873        35.047744693607008        17.884423996245975        19.167600285283157     
 pneutrinolab =    47.866295682517809       -35.047744693607008       -17.884423996245975       -27.257550676628973     
 sqrt(s) =    91.276110365060049     
 sqrt_fs_cm =    91.276110365060049     
 phind channel           0
 bbb pw(0) qmod c1q   0.0000000000000000        0.0000000000000000        0.0000000000000000        0.0000000000000000     
 reduced to Born momenta
   45.638055182530024        0.0000000000000000        0.0000000000000000        45.638001744358348     
   45.638055182530024        0.0000000000000000        0.0000000000000000       -45.638001744358348     
   45.638055182530017        35.047744693607008        17.884423996245975        23.121935199425462     
   45.638055182530032       -35.047744693607008       -17.884423996245975       -23.121935199425462     
 isvec for ranlux 
     2357503    13313867    13475429      398041      676046      598883     1378089     4879090    14650659     9192766    12027607    13293528    15088918     5524941     3471822    13068680     3121771    14380553    13340567    15481040    11950101    16227926    15558269    13944932    -4050620
  
 ====== DUMPING at point            1
 propag    0.0000000000000000        0.0000000000000000        0.0000000000000000        0.0000000000000000     
 test props.    0.0000000000000000        0.0000000000000000     
 Var           2.0289763816780493     
 Var before    1.7854326016714970     
 iev, nphot and rad. pattern    0.0000000000000000                0               0           0           0           0
 partons...            1          -1
 x1 & x2   0.99791380149488285       0.83836324227060788     
 sv & ME    1.0000000000000000        14553.286153283832     
 plepton   =    45.733309800621207        2.8110412824227251       -45.520255603103749       -3.3954143141515281     
 pneutrino =    45.733309800621178       -2.8110412824227251        45.520255603103749        3.3954143141515281     
 pleptonlab   =    45.610785133105402        2.8110412824227251       -45.520255603103749       0.58045973457103139     
 pneutrinolab =    46.203067055169136       -2.8110412824227251        45.520255603103749        7.3970682266427215     
 sqrt(s) =    91.466619601242385     
 sqrt_fs_cm =    91.466619601242385     
 phind channel           0
 bbb pw(0) qmod c1q   0.0000000000000000        0.0000000000000000        0.0000000000000000        0.0000000000000000     
 reduced to Born momenta
   45.733309800621200        0.0000000000000000        0.0000000000000000        45.733256473752171     
   45.733309800621186        0.0000000000000000        0.0000000000000000       -45.733256473752157     
   45.733309800621207        2.8110412824227251       -45.520255603103749       -3.3954143141515281     
   45.733309800621178       -2.8110412824227251        45.520255603103749        3.3954143141515281     
 isvec for ranlux 
    12675073     6236269     4537278     4433730     4224941    13787964    13876073    15802303    15288718      805940    14528922    13666908     8167124    16627472     6461287     3513350     4350067    10105469     7717376     3989656     7739191    12448084    16391049     2870502     4050721
  
 ====== DUMPING at point            1
 propag    0.0000000000000000        0.0000000000000000        0.0000000000000000        0.0000000000000000     
 test props.    0.0000000000000000        0.0000000000000000     
 Var           1.3847816532379271     
 Var before   0.92713932082844530     
 iev, nphot and rad. pattern    0.0000000000000000                0               0           0           0           0
 partons...            1          -1
 x1 & x2   0.84263157367862673       0.99909106364295541     
 sv & ME    1.0000000000000000        25728.401691720333     
 plepton   =    45.876619186839527        26.772636005714471        3.7036499299067311        37.069690622192248     
 pneutrino =    45.876619186839513       -26.772636005714471       -3.7036499299067311       -37.069690622192248     
 pleptonlab   =    42.882466377815888        26.772636005714471        3.7036499299067311        33.292697359259805     
 pneutrinolab =    49.203665488263240       -26.772636005714471       -3.7036499299067311       -41.115671857476237     
 sqrt(s) =    91.753238373679039     
 sqrt_fs_cm =    91.753238373679039     
 phind channel           0
 bbb pw(0) qmod c1q   0.0000000000000000        0.0000000000000000        0.0000000000000000        0.0000000000000000     
 reduced to Born momenta
   45.876619186839520        0.0000000000000000        0.0000000000000000        45.876566026553164     
   45.876619186839520        0.0000000000000000        0.0000000000000000       -45.876566026553164     
   45.876619186839527        26.772636005714471        3.7036499299067311        37.069690622192248     
   45.876619186839513       -26.772636005714471       -3.7036499299067311       -37.069690622192248     
 isvec for ranlux 
    10671788    15112082    16580349    15196529    12173453     4126535    14349879    14774021     1833402    14749546    12999650    11317858    16659325    10501234     7001243    11690730    15931723    11335180     5068908     1086744     3192185    13920432    14783369     9387395    -4011707
  
 ====== DUMPING at point            1
 propag    0.0000000000000000        0.0000000000000000        0.0000000000000000        0.0000000000000000     
 test props.    0.0000000000000000        0.0000000000000000     
 Var           1.7280275735178692     
 Var before    1.3150065602848937     
 iev, nphot and rad. pattern    0.0000000000000000                0               0           0           0           0
 partons...            1          -1
 x1 & x2   0.99978361970231511       0.92283513222221691     
 sv & ME    1.0000000000000000        1715.5627113671844     
 plepton   =    48.026957244905496        14.823762922756391       -38.968132459820637        23.839424571836862     
 pneutrino =    48.026957244905496       -14.823762922756391        38.968132459820637       -23.839424571836862     
 pleptonlab   =    49.020353184107428        14.823762922756391       -38.968132459820637        25.782252966080172     
 pneutrinolab =    47.110584412119145       -14.823762922756391        38.968132459820637       -21.934828592075263     
 sqrt(s) =    96.053914489810992     
 sqrt_fs_cm =    96.053914489810992     
 phind channel           0
 bbb pw(0) qmod c1q   0.0000000000000000        0.0000000000000000        0.0000000000000000        0.0000000000000000     
 reduced to Born momenta
   48.026957244905489        0.0000000000000000        0.0000000000000000        48.026906464797207     
   48.026957244905503        0.0000000000000000        0.0000000000000000       -48.026906464797221     
   48.026957244905496        14.823762922756391       -38.968132459820637        23.839424571836862     
   48.026957244905496       -14.823762922756391        38.968132459820637       -23.839424571836862     
 isvec for ranlux 
     1467315    14552326     9549605    16451063     2447372     8870742    12068471    12007007     6978230    16284214     8468817    11598645    11614625     5336374     3803737    12939294     6082334     4537718    14679745    16308527    16057847    10631340     7612034     5753259    -4182212
  
 ====== DUMPING at point            1
 propag    0.0000000000000000        0.0000000000000000        0.0000000000000000        0.0000000000000000     
 test props.    0.0000000000000000        0.0000000000000000     
 Var          0.78005325383919011     
 Var before   0.67850493516003263     
 iev, nphot and rad. pattern    0.0000000000000000                0               0           0           0           0
 partons...            1          -1
 x1 & x2   0.99950064096005342       0.82214242843918739     
 sv & ME    1.0000000000000000        19346.386354196693     
 plepton   =    45.324714124454850        42.704853396103758       -12.779853764865580        8.2030104801850179     
 pneutrino =    45.324714124454836       -42.704853396103758        12.779853764865580       -8.2030104801850179     
 pleptonlab   =    46.343548026945868        42.704853396103758       -12.779853764865580        12.676123784513422     
 pneutrinolab =    44.738605443016155       -42.704853396103758        12.779853764865580       -3.8082131584701164     
 sqrt(s) =    90.649428248909686     
 sqrt_fs_cm =    90.649428248909686     
 phind channel           0
 bbb pw(0) qmod c1q   0.0000000000000000        0.0000000000000000        0.0000000000000000        0.0000000000000000     
 reduced to Born momenta
   45.324714124454843        0.0000000000000000        0.0000000000000000        45.324660316851315     
   45.324714124454843        0.0000000000000000        0.0000000000000000       -45.324660316851315     
   45.324714124454850        42.704853396103758       -12.779853764865580        8.2030104801850179     
   45.324714124454836       -42.704853396103758        12.779853764865580       -8.2030104801850179     
 isvec for ranlux 
    16299211     3254293    16131975     5266621    16545363    14473301     5355798     5599353    11050532    14547556    11682091     8225026    12673044    12120042     6959192    14507471     7976243    13182463     2472364    15582834    14772810    14376851    13178594     7905684     4032111
  
 ====== DUMPING at point            1
 propag    0.0000000000000000        0.0000000000000000        0.0000000000000000        0.0000000000000000     
 test props.    0.0000000000000000        0.0000000000000000     
 Var          0.72282476156762598     
 Var before   0.65382587644506684     
 iev, nphot and rad. pattern    0.0000000000000000                0               0           0           0           0
 partons...            1          -1
 x1 & x2   0.99963666287163000       0.81923115314660555     
 sv & ME    1.0000000000000000        18350.150385186807     
 plepton   =    45.247472196022997       -26.156709749296283        22.095188758020083       -29.579583250562170     
 pneutrino =    45.247472196023011        26.156709749296283       -22.095188758020083        29.579583250562170     
 pleptonlab   =    42.523287713362755       -26.156709749296283        22.095188758020083       -25.216026711210706     
 pneutrinolab =    48.420103087549023        26.156709749296283       -22.095188758020083        34.236302197461931     
 sqrt(s) =    90.494944392046008     
 sqrt_fs_cm =    90.494944392046008     
 phind channel           0
 bbb pw(0) qmod c1q   0.0000000000000000        0.0000000000000000        0.0000000000000000        0.0000000000000000     
 reduced to Born momenta
   45.247472196023004        0.0000000000000000        0.0000000000000000        45.247418296564447     
   45.247472196023004        0.0000000000000000        0.0000000000000000       -45.247418296564447     
   45.247472196022997       -26.156709749296283        22.095188758020083       -29.579583250562170     
   45.247472196023011        26.156709749296283       -22.095188758020083        29.579583250562170     
 isvec for ranlux 
     6094745     2129640      312319     7163611     7128610    12997705    11746228    11399925     6178787    10245010     8678563    12625467    12717353    15206338     6072599    12885293    10160756     7337110     1234035    11119771    13557463     9977633    14922285     1402607    -4160620
  
 ====== DUMPING at point            1
 propag    0.0000000000000000        0.0000000000000000        0.0000000000000000        0.0000000000000000     
 test props.    0.0000000000000000        0.0000000000000000     
 Var          0.48688195095284520     
 Var before   0.43432314260290716     
 iev, nphot and rad. pattern    0.0000000000000000                0               0           0           0           0
 partons...            1          -1
 x1 & x2   0.99989431686390184       0.81270087389025913     
 sv & ME    1.0000000000000000        15071.016870223608     
 plepton   =    45.072579943719568       -19.619760950217152       -27.402472666271162       -29.928176876016341     
 pneutrino =    45.072579943719568        19.619760950217152        27.402472666271162        29.928176876016341     
 pleptonlab   =    42.207470298206275       -19.619760950217152       -27.402472666271162       -25.409227798441520     
 pneutrinolab =    48.422289239501758        19.619760950217152        27.402472666271162        34.768899947123657     
 sqrt(s) =    90.145159887439135     
 sqrt_fs_cm =    90.145159887439135     
 phind channel           0
 bbb pw(0) qmod c1q   0.0000000000000000        0.0000000000000000        0.0000000000000000        0.0000000000000000     
 reduced to Born momenta
   45.072579943719568        0.0000000000000000        0.0000000000000000        45.072525835118135     
   45.072579943719568        0.0000000000000000        0.0000000000000000       -45.072525835118135     
   45.072579943719568       -19.619760950217152       -27.402472666271162       -29.928176876016341     
   45.072579943719568        19.619760950217152        27.402472666271162        29.928176876016341     
 isvec for ranlux 
     3688637    14053662    12588071    11536133     9988281    14201265     3023778     8336309     7700588     7389476     2663606     3417323    12053979    11535674     1089984     3050167    10818579       42031    11733593     9268692    14754184    14106291    10624018      593816     4181909
  
