 ====== DUMPING at point            1
 propag    0.0000000000000000        0.0000000000000000        0.0000000000000000        0.0000000000000000     
 test props.    0.0000000000000000        0.0000000000000000     
 Var           1.5707173996234520     
 Var before    0.0000000000000000     
 iev, nphot and rad. pattern    0.0000000000000000                0               0           1           0           0
 partons...            1          -1
 x1 & x2   0.94693539778351188       0.97588642440755047     
 sv & ME   0.57625194383298706        925.94795150763423     
 plepton   =    48.065096470513126       -21.088354795801298        38.359754645008636       -19.850764484256235     
 pneutrino =    48.065096470513112        21.088354795801298       -38.359754645008636        19.850764484256235     
 pleptonlab   =    48.369463092289365       -21.088354795801298        38.359754645008636       -20.576790608013148     
 pneutrinolab =    47.771628017263772        21.088354795801298       -38.359754645008636        19.129239276811219     
 sqrt(s) =    96.130192941026237     
 sqrt_fs_cm =    96.130192941026237     
 phind channel           0
 bbb pw(0) qmod c1q   0.0000000000000000        0.0000000000000000        0.0000000000000000        0.0000000000000000     
 reduced to Born momenta
   48.065096470513119        0.0000000000000000        0.0000000000000000        48.065045730698444     
   48.065096470513119        0.0000000000000000        0.0000000000000000       -48.065045730698444     
   48.065096470513126       -21.088354795801298        38.359754645008636       -19.850764484256235     
   48.065096470513112        21.088354795801298       -38.359754645008636        19.850764484256235     
 isvec for ranlux 
     9644655    14614328     8305202     5902523     6611641    14048799     7267313     8683348    14048746     9318201     4464668     5476536     8218591     7359978     7668616    13721940      957152    13197359    14184585     9294164    15939178     5902395     5267822    14659295     4211303
  
 ====== DUMPING at point            1
 propag    0.0000000000000000        0.0000000000000000        0.0000000000000000        0.0000000000000000     
 test props.    0.0000000000000000        0.0000000000000000     
 Var           3.0580032194233282     
 Var before    1.5707173996234520     
 iev, nphot and rad. pattern    0.0000000000000000                0               0           1           0           0
 partons...            1          -1
 x1 & x2   0.94339139241391101       0.89212642608658599     
 sv & ME   0.55743086874101710        20760.935648028633     
 plepton   =    45.870044454825596       -23.278057977504364       -29.688768582661691        26.091355875793692     
 pneutrino =    45.870044454825582        23.278057977504364        29.688768582661691       -26.091355875793692     
 pleptonlab   =    46.616946543884879       -23.278057977504364       -29.688768582661691        27.383162312360096     
 pneutrinolab =    45.158944381139953        23.278057977504364        29.688768582661691       -24.819913995993847     
 sqrt(s) =    91.740088909651178     
 sqrt_fs_cm =    91.740088909651178     
 phind channel           0
 bbb pw(0) qmod c1q   0.0000000000000000        0.0000000000000000        0.0000000000000000        0.0000000000000000     
 reduced to Born momenta
   45.870044454825589        0.0000000000000000        0.0000000000000000        45.869991286919550     
   45.870044454825589        0.0000000000000000        0.0000000000000000       -45.869991286919550     
   45.870044454825596       -23.278057977504364       -29.688768582661691        26.091355875793692     
   45.870044454825582        23.278057977504364        29.688768582661691       -26.091355875793692     
 isvec for ranlux 
      778671     5844720     9587749    10340955     5767304     1229801     7106317     9230034     7070010     1656684    15462261     7797679    14988199    15435044     9850695     6896914     2215452    12845121     6405628     3024976     4819489    10459877     1149857     7981361    -4092010
  
 ====== DUMPING at point            1
 propag    0.0000000000000000        0.0000000000000000        0.0000000000000000        0.0000000000000000     
 test props.    0.0000000000000000        0.0000000000000000     
 Var           2.5517020937770862     
 Var before    2.3065994812820145     
 iev, nphot and rad. pattern    0.0000000000000000                0               1           0           0           0
 partons...            1          -1
 x1 & x2   0.87750092857846851       0.95786830452039984     
 sv & ME   0.55602057573606278        19907.052414598111     
 plepton   =    45.840220513009498       0.81683874402656897       -40.033066580520547        22.315936180580344     
 pneutrino =    45.840220513009470      -0.81683874402656897        40.033066580520547       -22.315936180580344     
 pleptonlab   =    44.906119677236390       0.81683874402656897       -40.033066580520547        20.328176883347787     
 pneutrinolab =    46.862341977707040      -0.81683874402656897        40.033066580520547       -24.346545680444351     
 sqrt(s) =    91.680441026018968     
 sqrt_fs_cm =    91.680441026018968     
 phind channel           0
 bbb pw(0) qmod c1q   0.0000000000000000        0.0000000000000000        0.0000000000000000        0.0000000000000000     
 reduced to Born momenta
   45.840220513009491        0.0000000000000000        0.0000000000000000        45.840167310512037     
   45.840220513009477        0.0000000000000000        0.0000000000000000       -45.840167310512022     
   45.840220513009498       0.81683874402656897       -40.033066580520547        22.315936180580344     
   45.840220513009470      -0.81683874402656897        40.033066580520547       -22.315936180580344     
 isvec for ranlux 
     2803006     6819478    11266704    12521690      381903    12884269    10959814      755982    12350293    13898296    16631971     2580472     9212313    13500588    11285027    11301427    13249530     3480466    12322296     6680866     5860556      319932     9357205      566304    -4230115
  
 ====== DUMPING at point            1
 propag    0.0000000000000000        0.0000000000000000        0.0000000000000000        0.0000000000000000     
 test props.    0.0000000000000000        0.0000000000000000     
 Var           2.2348490823543030     
 Var before    1.8171189452954735     
 iev, nphot and rad. pattern    0.0000000000000000                1               0           0           1           0
 partons...            1          -1
 x1 & x2   0.86162213987822611       0.95881440568901921     
 sv & ME   0.58216086654029031        5368617367.2395420     
 plepton   =    45.439552118982093        27.907283267128136        14.829818233523966       -32.649682462332350     
 pneutrino =    45.445942796927369       -27.910932680623084       -14.833094036719181        32.653969302455366     
 pleptonlab   =    47.250093476047844        27.907283267128136        14.829818233523966       -35.125776882692591     
 pneutrinolab =    43.764981767540142       -27.910932680623084       -14.833094036719181        30.270804806235720     
 sqrt(s) =    90.892008448259205     
 sqrt_fs_cm =    90.885494682505310     
 phind channel           0
 bbb pw(0) qmod c1q   0.0000000000000000        0.0000000000000000        0.0000000000000000        0.0000000000000000     
 reduced to Born momenta
   45.446004224129602        0.0000000000000000        0.0000000000000000        45.445950560132474     
   45.446004224129602        0.0000000000000000        0.0000000000000000       -45.445950560132474     
   45.446004224129602        27.911108167021435        14.832519054123319       -32.654165976886247     
   45.446004224129602       -27.911108167021435       -14.832519054123319        32.654165976886247     
 >> Photon n.           1
 cm momentum     6.5135323497436714E-003   3.6494134949475706E-003   3.2758031952150337E-003  -4.2868401230126193E-003
 lab momentum    6.7520347742778732E-003   3.6494134949475706E-003   3.2758031952150337E-003  -4.6412140827773911E-003
 c_ph_up   -0.65814367578619926     
 c_ph_up lab  -0.68738006214930469     
 c_ph_lep  0.98113856417381162     
 c_ph_lep lab   0.98250201139142246     
 isvec for ranlux 
    13077225     6767474    12978143    11216133     7787453     7756591     1456377     6700084     7382700    12480500    14719702    13291644     7895789     6891298      102469     9060833    10785562     3405521     1113041     5184210    10069583      203884    13164889     3691341     4042414
  
 ====== DUMPING at point            1
 propag    0.0000000000000000        0.0000000000000000        0.0000000000000000        0.0000000000000000     
 test props.    0.0000000000000000        0.0000000000000000     
 Var           2.1768183869965130     
 Var before    1.7844513166832487     
 iev, nphot and rad. pattern    0.0000000000000000                0               0           1           0           0
 partons...            1          -1
 x1 & x2   0.98420615733004502       0.86970511156293973     
 sv & ME   0.55644282296954917        10236.469384167114     
 plepton   =    46.259299763984167        22.401775194735350        34.684756214167372        20.857607855432423     
 pneutrino =    46.259299763984181       -22.401775194735350       -34.684756214167372       -20.857607855432423     
 pleptonlab   =    47.638450800667727        22.401775194735350        34.684756214167372        23.760029155800513     
 pneutrinolab =    45.057112643981469       -22.401775194735350       -34.684756214167372       -18.034976867445248     
 sqrt(s) =    92.518599527968348     
 sqrt_fs_cm =    92.518599527968348     
 phind channel           0
 bbb pw(0) qmod c1q   0.0000000000000000        0.0000000000000000        0.0000000000000000        0.0000000000000000     
 reduced to Born momenta
   46.259299763984174        0.0000000000000000        0.0000000000000000        46.259247043467390     
   46.259299763984174        0.0000000000000000        0.0000000000000000       -46.259247043467390     
   46.259299763984167        22.401775194735350        34.684756214167372        20.857607855432423     
   46.259299763984181       -22.401775194735350       -34.684756214167372       -20.857607855432423     
 isvec for ranlux 
     2097233     6471148     4378437     8640871    15711293     8225040    11065883    15787977     7243899     4917269    11956633    15358016     1047827     9592925      229606     7295905     6628324     2019165    14002484    11234980     6728922     2987987     4664818    12003099    -4080923
  
 ====== DUMPING at point            1
 propag    0.0000000000000000        0.0000000000000000        0.0000000000000000        0.0000000000000000     
 test props.    0.0000000000000000        0.0000000000000000     
 Var           2.4564864822569761     
 Var before    1.9200480025212949     
 iev, nphot and rad. pattern    0.0000000000000000                2               0           0           1           1
 partons...            1          -1
 x1 & x2   0.89362618657748161       0.95290696398200636     
 sv & ME   0.56605465657386833        32862857605.203541     
 plepton   =    46.068866261610374       -29.484946320531520        4.9058372431839841        35.055669674924737     
 pneutrino =    45.946214374529795        29.371558198794407       -4.9970135165526433       -34.976919197507982     
 pleptonlab   =    44.966623696584477       -29.484946320531520        4.9058372431839841        33.593999231968908     
 pneutrinolab =    47.093382057902481        29.371558198794407       -4.9970135165526433       -36.470767675637497     
 sqrt(s) =    92.279066769574868     
 sqrt_fs_cm =    92.014931901614247     
 phind channel           0
 bbb pw(0) qmod c1q   0.0000000000000000        0.0000000000000000        0.0000000000000000        0.0000000000000000     
 reduced to Born momenta
   46.139533384787434        0.0000000000000000        0.0000000000000000        46.139480527421568     
   46.139533384787434        0.0000000000000000        0.0000000000000000       -46.139480527421568     
   46.139533384787441       -29.512690529707239        4.9656693151554006        35.116785206289869     
   46.139533384787427        29.512690529707239       -4.9656693151554006       -35.116785206289869     
 >> Photon n.           1
 cm momentum     5.4421064907767214E-002  -3.4462682151090780E-002   4.5312535866028712E-003   4.1874139819012390E-002
 lab momentum    5.3104117927446869E-002  -3.4462682151090780E-002   4.5312535866028712E-003   4.0147710031071142E-002
 c_ph_up    0.76944726991249901     
 c_ph_up lab   0.75601877213971747     
 c_ph_lep  0.99967124384010986     
 c_ph_lep lab   0.99965483161632551     
 >> Photon n.           2
 cm momentum    0.20956506852692927       0.14785080388820554        8.6645019782056507E-002 -0.12062461723576569     
 lab momentum   0.21354765555997657       0.14785080388820554        8.6645019782056507E-002 -0.12741813658871648     
 c_ph_up   -0.57559505543389422     
 c_ph_up lab  -0.59667307634257816     
 c_ph_lep -0.84550915866145415     
 c_ph_lep lab  -0.85548549952349628     
 isvec for ranlux 
     7705512     6767400    12346605     2442596     4398068    14780140    11606138    14688674    13412440     5267269    10109083     1735670     8876049    16397594    14292833    16049731     7015236     2292865    16408353     4672107     7144624     1147718    13770713    15989233    -4151606
  
 ====== DUMPING at point            1
 propag    0.0000000000000000        0.0000000000000000        0.0000000000000000        0.0000000000000000     
 test props.    0.0000000000000000        0.0000000000000000     
 Var           1.9495771292858710     
 Var before    1.4841727207211757     
 iev, nphot and rad. pattern    0.0000000000000000                2               1           0           1           0
 partons...            1          -1
 x1 & x2   0.99121431050959397       0.83442524243073468     
 sv & ME   0.58087502930879220        31180133.156725235     
 plepton   =    44.908963345464798        4.3470873145958384       -29.094397859046214       -33.932619559527666     
 pneutrino =    45.065149559222988       -5.0800711186703031        29.329032152847063        33.835739854629807     
 pleptonlab   =    42.150503346881926        4.3470873145958384       -29.094397859046214       -30.187292256889204     
 pneutrinolab =    48.148915040140132       -5.0800711186703031        29.329032152847063        37.845840012578407     
 sqrt(s) =    90.944721746112435     
 sqrt_fs_cm =    89.970769079737337     
 phind channel           0
 bbb pw(0) qmod c1q   0.0000000000000000        0.0000000000000000        0.0000000000000000        0.0000000000000000     
 reduced to Born momenta
   45.089869588346183        0.0000000000000000        0.0000000000000000        45.089815500492634     
   45.089869588346183        0.0000000000000000        0.0000000000000000       -45.089815500492634     
   45.089869588346190        4.7242084033054210       -29.279461740204557       -33.962923180560217     
   45.089869588346176       -4.7242084033054210        29.279461740204557        33.962923180560217     
 >> Photon n.           1
 cm momentum    0.76176523959442344       0.71456932986396504       -9.1316045800755405E-002  0.24766576842879914     
 lab momentum   0.78593897976643134       0.71456932986396504       -9.1316045800755405E-002  0.31424852030419670     
 c_ph_up    0.32512085818021913     
 c_ph_up lab   0.39983831874274312     
 c_ph_lep  -7.7195797635900815E-002
 c_ph_lep lab  -0.11239054726015328     
 >> Photon n.           2
 cm momentum    0.20884360183022749        1.8414474210499576E-002 -0.14331824800009410      -0.15078606353094096     
 lab momentum   0.19662028022795955        1.8414474210499576E-002 -0.14331824800009410      -0.13334287205042381     
 c_ph_up   -0.72200470691708096     
 c_ph_up lab  -0.67817456010045063     
 c_ph_lep  0.99866188077546447     
 c_ph_lep lab   0.99848568811483118     
 isvec for ranlux 
    10482904     1249819    12058037    14159976    14147930     6205970     8604369     9431829     9704793     2911077    12566670     7519744     8037451     9579103     1801853     7051106     4729559     8526420      295591      567446    12330918     8671797    12046268    10350963     4080418
  
 ====== DUMPING at point            1
 propag    0.0000000000000000        0.0000000000000000        0.0000000000000000        0.0000000000000000     
 test props.    0.0000000000000000        0.0000000000000000     
 Var           2.3770156229103181     
 Var before    1.6802740624456125     
 iev, nphot and rad. pattern    0.0000000000000000                0               0           0           1           0
 partons...            1          -1
 x1 & x2   0.78801170418191668       0.99690016282409055     
 sv & ME   0.55625713338026939        5652.5013050965590     
 plepton   =    44.316165115176709       -10.097712373767406        36.581376573730886        22.885594150287965     
 pneutrino =    44.316165115176709        10.097712373767406       -36.581376573730886       -22.885594150287965     
 pleptonlab   =    41.925961065198663       -10.097712373767406        36.581376573730886        17.821732248483695     
 pneutrinolab =    47.319632285101711        10.097712373767406       -36.581376573730886       -28.266155180592389     
 sqrt(s) =    88.632330230353418     
 sqrt_fs_cm =    88.632330230353418     
 phind channel           0
 bbb pw(0) qmod c1q   0.0000000000000000        0.0000000000000000        0.0000000000000000        0.0000000000000000     
 reduced to Born momenta
   44.316165115176709        0.0000000000000000        0.0000000000000000        44.316110083016142     
   44.316165115176709        0.0000000000000000        0.0000000000000000       -44.316110083016142     
   44.316165115176709       -10.097712373767406        36.581376573730886        22.885594150287965     
   44.316165115176709        10.097712373767406       -36.581376573730886       -22.885594150287965     
 isvec for ranlux 
     1529830    10969541     5398952    14836342    16636312     5190420     1470932    12386847    11625234     6824400      810679     8482292     6601895    16231455    13558496     6713029     1261892      214096    11394427     5414534     6660712     4299797     3825772    15586491    -4101909
  
 ====== DUMPING at point            1
 propag    0.0000000000000000        0.0000000000000000        0.0000000000000000        0.0000000000000000     
 test props.    0.0000000000000000        0.0000000000000000     
 Var           2.2255674398304328     
 Var before    1.6145161606138470     
 iev, nphot and rad. pattern    0.0000000000000000                1               1           0           0           0
 partons...            1          -1
 x1 & x2   0.99906993316453185       0.77321380600730605     
 sv & ME   0.55618116682395047        11473175820.545855     
 plepton   =    43.940377157347662        23.698410671641494        30.481184892397046        20.976851056157777     
 pneutrino =    43.943980211434010       -23.698553824363277       -30.481231610595508       -20.984167824014985     
 pleptonlab   =    46.996809210730014        23.698410671641494        30.481184892397046        26.794992283858278     
 pneutrinolab =    41.609059171971154       -23.698553824363277       -30.481231610595508       -15.510503138844939     
 sqrt(s) =    87.891675686017763     
 sqrt_fs_cm =    87.884357064075758     
 phind channel           0
 bbb pw(0) qmod c1q   0.0000000000000000        0.0000000000000000        0.0000000000000000        0.0000000000000000     
 reduced to Born momenta
   43.942178532037879        0.0000000000000000        0.0000000000000000        43.942123031504643     
   43.942178532037879        0.0000000000000000        0.0000000000000000       -43.942123031504643     
   43.942178532037879        23.698482246535146        30.481208251017435        20.980509365093766     
   43.942178532037879       -23.698482246535146       -30.481208251017435       -20.980509365093766     
 >> Photon n.           1
 cm momentum     7.3183172360942262E-003   1.4315272178306367E-004   4.6718198461803925E-005   7.3167678572093851E-003
 lab momentum    8.3185758907397978E-003   1.4315272178306367E-004   4.6718198461803925E-005   8.3172128479542945E-003
 c_ph_up    0.99978828754823590     
 c_ph_up lab   0.99983614469550963     
 c_ph_lep  0.49227201710170992     
 c_ph_lep lab   0.58237312139836783     
 isvec for ranlux 
     4582103    14909827     6058609    16033389    16400909    10270577    12793303      310030     7779432    12399011     3122562     7325754    11785470    16087410     4035484     7020979    11753393     9284947      731009     1133262     6407025    14657548    11290772     1908909    -4011606
  
 ====== DUMPING at point            1
 propag    0.0000000000000000        0.0000000000000000        0.0000000000000000        0.0000000000000000     
 test props.    0.0000000000000000        0.0000000000000000     
 Var           1.2644523303651898     
 Var before    1.0945218567634034     
 iev, nphot and rad. pattern    0.0000000000000000                0               0           1           0           0
 partons...            1          -1
 x1 & x2   0.99826545787476884       0.83725893309380872     
 sv & ME   0.56914197984224268        15163.593118244997     
 plepton   =    45.711231448207329       -14.966226069742870       -42.997618747801582       -4.0893001929622521     
 pneutrino =    45.711231448207329        14.966226069742870        42.997618747801582        4.0893001929622521     
 pleptonlab   =    45.528021021409259       -14.966226069742870       -42.997618747801582       -7.9960505661708758E-002
 pneutrinolab =    46.248198527019625        14.966226069742870        42.997618747801582        8.1302867447097213     
 sqrt(s) =    91.422462896414658     
 sqrt_fs_cm =    91.422462896414658     
 phind channel           0
 bbb pw(0) qmod c1q   0.0000000000000000        0.0000000000000000        0.0000000000000000        0.0000000000000000     
 reduced to Born momenta
   45.711231448207329        0.0000000000000000        0.0000000000000000        45.711178095581595     
   45.711231448207329        0.0000000000000000        0.0000000000000000       -45.711178095581595     
   45.711231448207329       -14.966226069742870       -42.997618747801582       -4.0893001929622521     
   45.711231448207329        14.966226069742870        42.997618747801582        4.0893001929622521     
 isvec for ranlux 
    15697820    13958964    15496225    11578598     1704967     5619974     9875627     7164025     7377212     9094670     8478077    13805758     9465217     1972369     1888418    13095976    15555016    16310036     7352882    14970220     9477691      555846    10078497      522600     4061606
  
 ====== DUMPING at point            1
 propag    0.0000000000000000        0.0000000000000000        0.0000000000000000        0.0000000000000000     
 test props.    0.0000000000000000        0.0000000000000000     
 Var           1.3433630447901439     
 Var before   0.94956817434795637     
 iev, nphot and rad. pattern    0.0000000000000000                1               0           0           1           0
 partons...            1          -1
 x1 & x2   0.96472912457459348       0.99985227665595089     
 sv & ME   0.55811969942318618        30548570147.452293     
 plepton   =    49.106043338979589        47.772614220505709        10.746174665705992        3.6999174735592470     
 pneutrino =    49.106682165864335       -47.773217153194189       -10.746376451238815       -3.7000250877207987     
 pleptonlab   =    49.047734704427420        47.772614220505709        10.746174665705992        2.8224415914774688     
 pneutrinolab =    49.180692332526966       -47.773217153194189       -10.746376451238815       -4.5786952963941472     
 sqrt(s) =    98.213370350589713     
 sqrt_fs_cm =    98.212725502726940     
 phind channel           0
 bbb pw(0) qmod c1q   0.0000000000000000        0.0000000000000000        0.0000000000000000        0.0000000000000000     
 reduced to Born momenta
   49.106685175294857        0.0000000000000000        0.0000000000000000        49.106635511709861     
   49.106685175294857        0.0000000000000000        0.0000000000000000       -49.106635511709861     
   49.106685175294857        47.773229356068924        10.746346116667842        3.6999955739525152     
   49.106685175294857       -47.773229356068924       -10.746346116667842       -3.6999955739525152     
 >> Photon n.           1
 cm momentum     6.4484574578833507E-004   6.0293268848001912E-004   2.0178553282399202E-004   1.0761416155185183E-004
 lab momentum    6.4302457280885120E-004   6.0293268848001912E-004   2.0178553282399202E-004   9.6100848805823362E-005
 c_ph_up    0.16688357216390046     
 c_ph_up lab   0.14945128517567680     
 c_ph_lep  0.99066837144949960     
 c_ph_lep lab   0.99063081357855942     
 isvec for ranlux 
     8580474     7453528     6610367     9370130     6454595    13285363    12880910       20013     9703009    16699534     1920148     6241711     6714350     8434631    10339274    15950484     7679134     4788915     9680677     9420690    13578033     7433776    11266006     2295994     4192111
  
 ====== DUMPING at point            1
 propag    0.0000000000000000        0.0000000000000000        0.0000000000000000        0.0000000000000000     
 test props.    0.0000000000000000        0.0000000000000000     
 Var           1.0913233821220232     
 Var before   0.79218831242576404     
 iev, nphot and rad. pattern    0.0000000000000000                0               0           1           0           1
 partons...            1          -1
 x1 & x2   0.99980748802613806       0.84659764847423002     
 sv & ME   0.57494529166683772        13208.629616803668     
 plepton   =    46.000942063447340        17.860435936523565       -19.173955770220076       -37.807932439002165     
 pneutrino =    46.000942063447326       -17.860435936523565        19.173955770220076        37.807932439002165     
 pleptonlab   =    43.012069371251165        17.860435936523565       -19.173955770220076       -34.108520873600433     
 pneutrinolab =    49.308187453767225       -17.860435936523565        19.173955770220076        41.769012851195832     
 sqrt(s) =    92.001884126894666     
 sqrt_fs_cm =    92.001884126894666     
 phind channel           0
 bbb pw(0) qmod c1q   0.0000000000000000        0.0000000000000000        0.0000000000000000        0.0000000000000000     
 reduced to Born momenta
   46.000942063447333        0.0000000000000000        0.0000000000000000        46.000889046832974     
   46.000942063447333        0.0000000000000000        0.0000000000000000       -46.000889046832974     
   46.000942063447340        17.860435936523565       -19.173955770220076       -37.807932439002165     
   46.000942063447326       -17.860435936523565        19.173955770220076        37.807932439002165     
 isvec for ranlux 
    16005597     8434417    14436132    13695452    14164085      961699    13764582       67402     7211444    14390456      970651      358280     3303569    11896123     6216082     9295383     9040778    13778432     3232438     8688432    14560231     5902029      962798     8581584    -4231606
  
 ====== DUMPING at point            1
 propag    0.0000000000000000        0.0000000000000000        0.0000000000000000        0.0000000000000000     
 test props.    0.0000000000000000        0.0000000000000000     
 Var           1.1478187994339162     
 Var before    1.0335396696855559     
 iev, nphot and rad. pattern    0.0000000000000000                1               0           0           0           1
 partons...            1          -1
 x1 & x2   0.99934451798047919       0.80556101252144541     
 sv & ME   0.55554757922568720        1417430004.6071293     
 plepton   =    44.861813282363876        39.372801556505792        6.6584329643214826        20.445510395729059     
 pneutrino =    44.531371902406207       -39.083426766101532       -6.6089096762265029       -20.293841059030761     
 pleptonlab   =    47.330528970237893        39.372801556505792        6.6584329643214826        25.408966467818271     
 pneutrinolab =    42.598759987205383       -39.083426766101532       -6.6089096762265029       -15.602924529277209     
 sqrt(s) =    89.723630207549590     
 sqrt_fs_cm =    89.392574431915307     
 phind channel           0
 bbb pw(0) qmod c1q   0.0000000000000000        0.0000000000000000        0.0000000000000000        0.0000000000000000     
 reduced to Born momenta
   44.861815103774795        0.0000000000000000        0.0000000000000000        44.861760740965977     
   44.861815103774795        0.0000000000000000        0.0000000000000000       -44.861760740965977     
   44.861815103774795        39.373123659907087        6.6581926095944315        20.444972368507013     
   44.861815103774795       -39.373123659907087       -6.6581926095944315       -20.444972368507013     
 >> Photon n.           1
 cm momentum    0.33044502277950871      -0.28937479040426184       -4.9523288094979676E-002 -0.15166933669829635     
 lab momentum   0.31598756765295027      -0.28937479040426184       -4.9523288094979676E-002 -0.11686666558937571     
 c_ph_up   -0.45898508448559250     
 c_ph_up lab  -0.36984577101378424     
 c_ph_lep -0.99999183066865394     
 c_ph_lep lab  -0.98240707933841265     
 isvec for ranlux 
     7388714     9617288     1398336     2389383     4357369    14684140     9486446     3033673    14925955     8440235    11812995     4941409    14160479     3700818    15230137      144881    12942425     3385948     9189929     1666383    14135389     4984438     2235879     8010321    -4160317
  
 ====== DUMPING at point            1
 propag    0.0000000000000000        0.0000000000000000        0.0000000000000000        0.0000000000000000     
 test props.    0.0000000000000000        0.0000000000000000     
 Var          0.72318654069744059     
 Var before   0.63396003063968809     
 iev, nphot and rad. pattern    0.0000000000000000                0               0           1           0           0
 partons...            1          -1
 x1 & x2   0.81994650200676777       0.99975125504927054     
 sv & ME   0.55606292963267256        24867.270401408958     
 plepton   =    45.269817330494206       -33.761232711299442        17.192744902962691        24.777689278057796     
 pneutrino =    45.269817330494178        33.761232711299442       -17.192744902962691       -24.777689278057796     
 pleptonlab   =    43.032114636202991       -33.761232711299442        17.192744902962691        20.404421454355987     
 pneutrinolab =    47.952773216598892        33.761232711299442       -17.192744902962691       -29.394659106481122     
 sqrt(s) =    90.539634660988384     
 sqrt_fs_cm =    90.539634660988384     
 phind channel           0
 bbb pw(0) qmod c1q   0.0000000000000000        0.0000000000000000        0.0000000000000000        0.0000000000000000     
 reduced to Born momenta
   45.269817330494199        0.0000000000000000        0.0000000000000000        45.269763457640387     
   45.269817330494185        0.0000000000000000        0.0000000000000000       -45.269763457640373     
   45.269817330494206       -33.761232711299442        17.192744902962691        24.777689278057796     
   45.269817330494178        33.761232711299442       -17.192744902962691       -24.777689278057796     
 isvec for ranlux 
     1457327    11843211      842130     1627129    13128769     2257102     8061877     9626046    13167356     9311311       68476    11689171     5193999    15602726    13809534     9598677    15490076    16534941     4561603     1137849      146632    16199119     3483777    15651896    -4100317
  
 ====== DUMPING at point            1
 propag    0.0000000000000000        0.0000000000000000        0.0000000000000000        0.0000000000000000     
 test props.    0.0000000000000000        0.0000000000000000     
 Var          0.75431497471315667     
 Var before   0.66967459541041241     
 iev, nphot and rad. pattern    0.0000000000000000                1               0           0           0           1
 partons...            1          -1
 x1 & x2   0.80449029893153490       0.99954855067780246     
 sv & ME   0.55565736339774208        3452077725.6831384     
 plepton   =    44.836500796984865       -6.3907713677506939       -38.305954650685749        22.407867360623598     
 pneutrino =    44.832253585246612        6.3906759322809341        38.301787764858481       -22.406519430395523     
 pleptonlab   =    42.663808936995707       -6.3907713677506939       -38.305954650685749        17.663558784847154     
 pneutrinolab =    47.533580588793093        6.3906759322809341        38.301787764858481       -27.414639064633374     
 sqrt(s) =    89.673134902899861     
 sqrt_fs_cm =    89.668754275232317     
 phind channel           0
 bbb pw(0) qmod c1q   0.0000000000000000        0.0000000000000000        0.0000000000000000        0.0000000000000000     
 reduced to Born momenta
   44.836567451449930        0.0000000000000000        0.0000000000000000        44.836513058029162     
   44.836567451449930        0.0000000000000000        0.0000000000000000       -44.836513058029162     
   44.836567451449930       -6.3910358594939156       -38.305742444933685        22.408288054245023     
   44.836567451449930        6.3910358594939156        38.305742444933685       -22.408288054245023     
 >> Photon n.           1
 cm momentum     4.3805206683832218E-003   9.5435469760188658E-005   4.1668858272678839E-003  -1.3479302280749843E-003
 lab momentum    4.5529546780572003E-003   9.5435469760188658E-005   4.1668858272678839E-003  -1.8323075271549358E-003
 c_ph_up   -0.30771004867156193     
 c_ph_up lab  -0.40244361227351449     
 c_ph_lep -0.96957340891189903     
 c_ph_lep lab  -0.99148359786157247     
 isvec for ranlux 
    14521119     3284366     3463762    11480123     3336141    13887286     8647963     5115281    11781391     9822864    14374850       23828     6429012     3846061     5815448    12970300     6645149    13960673    15889545     2643589     8059802     5945202    14697481       61957    -4221909
  
 ====== DUMPING at point            1
 propag    0.0000000000000000        0.0000000000000000        0.0000000000000000        0.0000000000000000     
 test props.    0.0000000000000000        0.0000000000000000     
 Var          0.79715434900782967     
 Var before   0.64781486820894774     
 iev, nphot and rad. pattern    0.0000000000000000                2               0           0           1           1
 partons...            1          -1
 x1 & x2   0.99950513454668799       0.86929067583666919     
 sv & ME   0.56377162051797869        264851081.94306794     
 plepton   =    42.108508702914058        17.483388521719892       -28.034702819491361        26.105591453045363     
 pneutrino =    46.464320270159462       -20.558736037076866        29.935754384182491       -28.984666230339432     
 pleptonlab   =    44.034526371580633        17.483388521719892       -28.034702819491361        29.110391833490603     
 pneutrinolab =    44.553004251970563       -20.558736037076866        29.935754384182491       -25.809843203559659     
 sqrt(s) =    93.212686578185881     
 sqrt_fs_cm =    88.452163350187504     
 phind channel           0
 bbb pw(0) qmod c1q   0.0000000000000000        0.0000000000000000        0.0000000000000000        0.0000000000000000     
 reduced to Born momenta
   46.606343289092933        0.0000000000000000        0.0000000000000000        46.606290961147920     
   46.606343289092948        0.0000000000000000        0.0000000000000000       -46.606290961147934     
   46.606343289092941        20.004915763855781       -30.520584332188601        28.990297487126767     
   46.606343289092941       -20.004915763855781        30.520584332188601       -28.990297487126767     
 >> Photon n.           1
 cm momentum     4.6306873440486864        3.0798496765021870       -1.9062820111330212        2.8851135406622554     
 lab momentum    4.8434890878259651        3.0798496765021870       -1.9062820111330212        3.2155872571070465     
 c_ph_up    0.62304218063224992     
 c_ph_up lab   0.66389893706777936     
 c_ph_lep  0.93648482009534206     
 c_ph_lep lab   0.94193143736886353     
 >> Photon n.           2
 cm momentum     9.1702610636737823E-003  -4.5021611452133120E-003   5.2304464418904077E-003  -6.0387633681887997E-003
 lab momentum    8.7708077907042922E-003  -4.5021611452133120E-003   5.2304464418904077E-003  -5.4129515370568955E-003
 c_ph_up   -0.65851597094767500     
 c_ph_up lab  -0.61715541672156948     
 c_ph_lep -0.99183656307621126     
 c_ph_lep lab  -0.99146317053291966     
 isvec for ranlux 
     9694957     1252334     7167226    16399770     5334141    13250981    11984409     2603513     3627080     4384046     3205779    13795264     8270940     7640603    12795748       19997    12743485    14635427     5286932    15315727    15130947     8180743    14720784    11532738    -4080923
  
 ====== DUMPING at point            1
 propag    0.0000000000000000        0.0000000000000000        0.0000000000000000        0.0000000000000000     
 test props.    0.0000000000000000        0.0000000000000000     
 Var          0.56531634633171202     
 Var before   0.48866702877700019     
 iev, nphot and rad. pattern    0.0000000000000000                3               0           0           1           2
 partons...            1          -1
 x1 & x2   0.99986122349743878       0.80567328397026261     
 sv & ME   0.55873465284114920        11392051506091.811     
 plepton   =    44.817043489045517        36.238282020525240       -6.0891416218840444        25.656685170088632     
 pneutrino =    41.799784299521008       -33.726664894201235        5.7499660235962633       -24.013762088368370     
 pleptonlab   =    47.854035008823331        36.238282020525240       -6.0891416218840444        30.654637062665387     
 pneutrinolab =    39.445873434144247       -33.726664894201235        5.7499660235962633       -19.632007873185103     
 sqrt(s) =    89.753076573993056     
 sqrt_fs_cm =    86.564151929225432     
 phind channel           0
 bbb pw(0) qmod c1q   0.0000000000000000        0.0000000000000000        0.0000000000000000        0.0000000000000000     
 reduced to Born momenta
   44.876538286996528        0.0000000000000000        0.0000000000000000        44.876483942023192     
   44.876538286996528        0.0000000000000000        0.0000000000000000       -44.876483942023192     
   44.876538286996528        36.248509990298089       -6.1345612081957075        25.735291084403105     
   44.876538286996528       -36.248509990298089        6.1345612081957075       -25.735291084403105     
 >> Photon n.           1
 cm momentum     1.3683880606339857E-002   1.0217882051045924E-002  -1.2264447093252218E-003   9.0188307565030740E-003
 lab momentum    1.4739364823083309E-002   1.0217882051045924E-002  -1.2264447093252218E-003   1.0551757917703923E-002
 c_ph_up    0.65908429165368287     
 c_ph_up lab   0.71588959526796037     
 c_ph_lep  0.99326628739589029     
 c_ph_lep lab   0.99414525473697257     
 >> Photon n.           2
 cm momentum     3.0752648313295703       -2.5434503300686879       0.35181985967261403       -1.6924352240561278     
 lab momentum    2.9101210025475450       -2.5434503300686879       0.35181985967261403       -1.3696304079136650     
 c_ph_up   -0.55033804139867026     
 c_ph_up lab  -0.47064380028001540     
 c_ph_lep -0.99935377216000609     
 c_ph_lep lab  -0.97872609674357813     
 >> Photon n.           3
 cm momentum     4.7300073490622749E-002   2.1615321693635999E-002  -1.1417816675507276E-002   4.0493311579363936E-002
 lab momentum    5.1956563046848731E-002   2.1615321693635999E-002  -1.1417816675507276E-002   4.5846436874486807E-002
 c_ph_up    0.85609405210314826     
 c_ph_up lab   0.88239933871583298     
 c_ph_lep  0.89240121725349353     
 c_ph_lep lab   0.90826122661711284     
 isvec for ranlux 
     8192674     9675355    12081709     9480863      986779    11942623     6473535     8765465     4090856     8723139     4116667     2833519      419117    11029292     2425882     3624875     8132952    13471903     1621808    10524330     7978715     5812058      446896     1435424     4221707
  
 ====== DUMPING at point            1
 propag    0.0000000000000000        0.0000000000000000        0.0000000000000000        0.0000000000000000     
 test props.    0.0000000000000000        0.0000000000000000     
 Var          0.34655299747041890     
 Var before   0.29995844303563068     
 iev, nphot and rad. pattern    3.0000000000000000                2               0           0           1           1
 partons...            1          -1
 x1 & x2   0.80664353403037148       0.99979766998975994     
 sv & ME   0.58440203503753863        3947715088678.3115     
 plepton   =    44.363136467607305       -29.573355412219115        16.303147699103366       -28.769788638706949     
 pneutrino =    44.883710391687273        29.924535184181970       -16.458051992169743        29.123719087147528     
 pleptonlab   =    47.712887551593113       -29.573355412219115        16.303147699103366       -33.706564636332949     
 pneutrinolab =    42.010493559014904        29.924535184181970       -16.458051992169743        24.464773124111691     
 sqrt(s) =    89.804249667589303     
 sqrt_fs_cm =    89.245319681156388     
 phind channel           0
 bbb pw(0) qmod c1q   0.0000000000000000        0.0000000000000000        0.0000000000000000        0.0000000000000000     
 reduced to Born momenta
   44.902124833794652        0.0000000000000000        0.0000000000000000        44.902070519788708     
   44.902124833794652        0.0000000000000000        0.0000000000000000       -44.902070519788708     
   44.902124833794659       -29.934744183602415        16.482962342464820       -29.127524679886182     
   44.902124833794645        29.934744183602415       -16.482962342464820        29.127524679886182     
 >> Photon n.           1
 cm momentum    0.53973742860595753      -0.36293256167411903       0.16110650564130721      -0.36556961218744682     
 lab momentum   0.58216354840171747      -0.36293256167411903       0.16110650564130721      -0.42572179484305006     
 c_ph_up   -0.67731010082373921     
 c_ph_up lab  -0.73127525076386957     
 c_ph_lep  0.99718764780807256     
 c_ph_lep lab   0.99757566658431673     
 >> Photon n.           2
 cm momentum     1.7665379688765075E-002   1.1752789711265336E-002  -6.2022125749299183E-003   1.1639163746867316E-002
 lab momentum    1.6515541996858962E-002   1.1752789711265336E-002  -6.2022125749299183E-003   9.8065090948904338E-003
 c_ph_up    0.65886858657612979     
 c_ph_up lab   0.59377458497913682     
 c_ph_lep -0.99981098203844510     
 c_ph_lep lab  -0.98886612532543172     
 isvec for ranlux 
    10876423     5508206     6552395     8586876     3831691     8121497     1468692    10309077    15186285     7188278     4503280     9877336     1366014     5981390     5726979     1082832     5970519     4651962    15890584    14102435     4569516     6677682    13119496    13736282     4202010
  
 ====== DUMPING at point            1
 propag    0.0000000000000000        0.0000000000000000        0.0000000000000000        0.0000000000000000     
 test props.    0.0000000000000000        0.0000000000000000     
 Var          0.34101191597489416     
 Var before   0.29283352229347132     
 iev, nphot and rad. pattern    5.0000000000000000                2               0           0           1           1
 partons...            1          -1
 x1 & x2   0.99985005286215844       0.84397454501042546     
 sv & ME   0.55689835320645564        102388423434.23657     
 plepton   =    44.740417206149125       0.21658685297652425       -42.458203315373382        14.104886722492695     
 pneutrino =    45.791993121093839      -0.16424623864748050        43.469562728116372       -14.396722186327109     
 pleptonlab   =    46.097856767751310       0.21658685297652425       -42.458203315373382        17.951470587508460     
 pneutrinolab =    44.735050030965631      -0.16424623864748050        43.469562728116372       -10.563317517758133     
 sqrt(s) =    91.861199286912750     
 sqrt_fs_cm =    90.526275546499107     
 phind channel           0
 bbb pw(0) qmod c1q   0.0000000000000000        0.0000000000000000        0.0000000000000000        0.0000000000000000     
 reduced to Born momenta
   45.930599643456375        0.0000000000000000        0.0000000000000000        45.930546545647324     
   45.930599643456375        0.0000000000000000        0.0000000000000000       -45.930546545647324     
   45.930599643456375       0.19337872900480110       -43.594462656376400        14.460091641652163     
   45.930599643456375      -0.19337872900480110        43.594462656376400       -14.460091641652163     
 >> Photon n.           1
 cm momentum     1.1912302019136900       -5.1355322693241195E-002  -1.1423064616979448       0.33395803979770478     
 lab momentum    1.2238439322183756       -5.1355322693241195E-002  -1.1423064616979448       0.43622534179243944     
 c_ph_up    0.28034719004035252     
 c_ph_up lab   0.35643870129888583     
 c_ph_lep  0.99819141787823862     
 c_ph_lep lab   0.99829144469771303     
 >> Photon n.           2
 cm momentum    0.13755875775609952       -9.8529163580255048E-004  0.13094704895495138       -4.2122575963291442E-002
 lab momentum   0.13447916269387872       -9.8529163580255048E-004  0.13094704895495138       -3.0603018956120831E-002
 c_ph_up   -0.30621515234949609     
 c_ph_up lab  -0.22756699508743916     
 c_ph_lep -0.99995205742404170     
 c_ph_lep lab  -0.98551005108662482     
 isvec for ranlux 
    13798336     8607402     7564242     6135960     8172408    11356951    12904116    12031075     5356482     9565784     5190119    11828940     9261313    15821424    16481898     3060787     3760646      711049     8167466     5757978    13465270     5714415     5077099     6269482     4100721
  
