 ====== DUMPING at point            1
 propag    0.0000000000000000        0.0000000000000000        0.0000000000000000        0.0000000000000000     
 test props.    0.0000000000000000        0.0000000000000000     
 Var           2.3828787988535982     
 Var before    0.0000000000000000     
 iev, nphot and rad. pattern    0.0000000000000000                1               0           0           0           1
 partons...            1          -1
 x1 & x2   0.89726590386762495       0.93520515012947170     
 sv & ME    1.0000000000000000        746.20856253165061     
 plepton   =    45.532888904866468        37.243830859105643       -17.659036618479114       -19.346531910835790     
 pneutrino =    40.447741519801156       -32.280469813536619        17.746255331995251        16.704799330436749     
 pleptonlab   =    45.943284883701153        37.243830859105643       -17.659036618479114       -20.293588910269143     
 pneutrinolab =    40.110485099164343       -32.280469813536619        17.746255331995251        15.870776336014517     
 sqrt(s) =    91.603913362507512     
 sqrt_fs_cm =    85.796547117143817     
 phind channel           0
 bbb pw(0) qmod c1q   0.0000000000000000        0.0000000000000000        0.0000000000000000        0.0000000000000000     
 reduced to Born momenta
   45.801956681253756        0.0000000000000000        0.0000000000000000        45.801903434309857     
   45.801956681253756        0.0000000000000000        0.0000000000000000       -45.801903434309857     
   45.801956681253756        37.036693929110783       -18.902281793079506       -19.204039105260154     
   45.801956681253756       -37.036693929110783        18.902281793079506        19.204039105260154     
 >> Photon n.           1
 cm momentum     5.6232829378398881       -4.9633610455690231       -8.7218713516138260E-002   2.6417325803990388     
 lab momentum    5.5697827169893301       -4.9633610455690231       -8.7218713516138260E-002   2.5258502611622902     
 c_ph_up    0.46978475200357361     
 c_ph_up lab   0.45349170506378461     
 c_ph_lep -0.91555781479983367     
 c_ph_lep lab  -0.91668215504757322     
 isvec for ranlux 
     9644655    14614328     8305202     1457455     6611641    14048799     7267313     8683348    14048746     9318201     4464668     5476536     8218591     7359978     7668616    13721940      957152    13197359    14184585     9294164    15939178     5902395     5267822    14659295     4201404
  
 ====== DUMPING at point            1
 propag    0.0000000000000000        0.0000000000000000        0.0000000000000000        0.0000000000000000     
 test props.    0.0000000000000000        0.0000000000000000     
 Var           1.8361267602230340     
 Var before    1.2473503550179199     
 iev, nphot and rad. pattern    0.0000000000000000                0               0           0           1           0
 partons...            1          -1
 x1 & x2   0.94893563029057504       0.79025840389318447     
 sv & ME   0.69926293527606331        1339.1632525073051     
 plepton   =    43.298509113790601        31.556202886293718        29.615462055745827        1.3712018120200451     
 pneutrino =    43.298509113790601       -31.556202886293718       -29.615462055745827       -1.3712018120200451     
 pleptonlab   =    43.605477870867588        31.556202886293718        29.615462055745827        5.3438753053380799     
 pneutrinolab =    43.354223838320408       -31.556202886293718       -29.615462055745827        2.5899860145314495     
 sqrt(s) =    86.597018227581202     
 sqrt_fs_cm =    86.597018227581202     
 phind channel           0
 bbb pw(0) qmod c1q   0.0000000000000000        0.0000000000000000        0.0000000000000000        0.0000000000000000     
 reduced to Born momenta
   43.298509113790601        0.0000000000000000        0.0000000000000000        43.298452788193337     
   43.298509113790601        0.0000000000000000        0.0000000000000000       -43.298452788193337     
   43.298509113790601        31.556202886293718        29.615462055745827        1.3712018120200451     
   43.298509113790601       -31.556202886293718       -29.615462055745827       -1.3712018120200451     
 isvec for ranlux 
     6252439      346129     5312835     8261683     9079631     4152189    11690151     3251140     4683020     2530188    16021290    11618951     3342516     5282467     2561248    15711547    15779543    10985280     8292142     1596633    16558285    12472361     3784938     8334133     4140519
  
 ====== DUMPING at point            1
 propag    0.0000000000000000        0.0000000000000000        0.0000000000000000        0.0000000000000000     
 test props.    0.0000000000000000        0.0000000000000000     
 Var           1.8104548562256253     
 Var before    1.3933595143228203     
 iev, nphot and rad. pattern    0.0000000000000000                0               0           0           1           0
 partons...            1          -1
 x1 & x2   0.90726400193035750       0.92044687688787397     
 sv & ME   0.67452036065066867        18772.849785606566     
 plepton   =    45.691583390422991       -43.567156460490310       -7.5102814755097844        11.541584775856478     
 pneutrino =    45.691583390423006        43.567156460490310        7.5102814755097844       -11.541584775856478     
 pleptonlab   =    45.609522902672545       -43.567156460490310       -7.5102814755097844        11.212313134394513     
 pneutrinolab =    45.776021038239008        43.567156460490310        7.5102814755097844       -11.871456882270337     
 sqrt(s) =    91.383166780845997     
 sqrt_fs_cm =    91.383166780845997     
 phind channel           0
 bbb pw(0) qmod c1q   0.0000000000000000        0.0000000000000000        0.0000000000000000        0.0000000000000000     
 reduced to Born momenta
   45.691583390422998        0.0000000000000000        0.0000000000000000        45.691530014854820     
   45.691583390422998        0.0000000000000000        0.0000000000000000       -45.691530014854820     
   45.691583390422991       -43.567156460490310       -7.5102814755097844        11.541584775856478     
   45.691583390423006        43.567156460490310        7.5102814755097844       -11.541584775856478     
 isvec for ranlux 
     8965487     2126720     7254733    12923904     5337694    14130607     1878020     8597149     6833174     1891112    11634831     6803766      471344     6208649      964748     8738368    12913065     1505022     4123979     3215547    11907780     4934906    11898556     4780317     4221101
  
 ====== DUMPING at point            1
 propag    0.0000000000000000        0.0000000000000000        0.0000000000000000        0.0000000000000000     
 test props.    0.0000000000000000        0.0000000000000000     
 Var           1.9356531602692206     
 Var before    1.6797428948428266     
 iev, nphot and rad. pattern    0.0000000000000000                0               0           0           0           1
 partons...            1          -1
 x1 & x2   0.80259846141664271       0.96226806492040740     
 sv & ME   0.69568942429428737        2582.2877416395222     
 plepton   =    43.940723377508505       -10.209710559859118        42.687724162647392        2.0726850568490747     
 pneutrino =    43.940723377508519        10.209710559859118       -42.687724162647392       -2.0726850568490747     
 pleptonlab   =    43.933372675374798       -10.209710559859118        42.687724162647392       -1.9105200966048885     
 pneutrinolab =    44.309953641477733        10.209710559859118       -42.687724162647392       -6.0729600785833471     
 sqrt(s) =    87.881446755017024     
 sqrt_fs_cm =    87.881446755017024     
 phind channel           0
 bbb pw(0) qmod c1q   0.0000000000000000        0.0000000000000000        0.0000000000000000        0.0000000000000000     
 reduced to Born momenta
   43.940723377508512        0.0000000000000000        0.0000000000000000        43.940667875137301     
   43.940723377508512        0.0000000000000000        0.0000000000000000       -43.940667875137301     
   43.940723377508505       -10.209710559859118        42.687724162647392        2.0726850568490747     
   43.940723377508519        10.209710559859118       -42.687724162647392       -2.0726850568490747     
 isvec for ranlux 
    15326067    13686972    12635121    13902960    13679249    15597591     9630857    11203193     9414693    13903049     1041894    12159642    14667289     9413416    16351989    16702048    13674632     3503371    11931980     1731313     7232330     5707229     4337415    14161190     4071606
  
 ====== DUMPING at point            1
 propag    0.0000000000000000        0.0000000000000000        0.0000000000000000        0.0000000000000000     
 test props.    0.0000000000000000        0.0000000000000000     
 Var           2.5069755151346134     
 Var before    1.6731650164639995     
 iev, nphot and rad. pattern    0.0000000000000000                0               0           1           0           0
 partons...            1          -1
 x1 & x2   0.88380506654402802       0.97819290682524296     
 sv & ME   0.66827125952082878        8439.2140545048733     
 plepton   =    46.490102363556389        27.871491382382633       -24.183538176598606        28.278170086928395     
 pneutrino =    46.490102363556360       -27.871491382382633        24.183538176598606       -28.278170086928395     
 pleptonlab   =    45.114635543816071        27.871491382382633       -24.183538176598606        25.954876727556481     
 pneutrinolab =    47.985263124647474       -27.871491382382633        24.183538176598606       -30.674268741617226     
 sqrt(s) =    92.980204727112749     
 sqrt_fs_cm =    92.980204727112749     
 phind channel           0
 bbb pw(0) qmod c1q   0.0000000000000000        0.0000000000000000        0.0000000000000000        0.0000000000000000     
 reduced to Born momenta
   46.490102363556375        0.0000000000000000        0.0000000000000000        46.490049904773706     
   46.490102363556375        0.0000000000000000        0.0000000000000000       -46.490049904773706     
   46.490102363556389        27.871491382382633       -24.183538176598606        28.278170086928395     
   46.490102363556360       -27.871491382382633        24.183538176598606       -28.278170086928395     
 isvec for ranlux 
     4925990     5576093    15184408    11784099    11845403    13164298      418628     8394559    12727338     1012832     9828754     3599171     1962348     6110377     1170785     8157080     6470367    12307127     8788506     3545955     7555912     3534851     9276842     7912478     4132414
  
 ====== DUMPING at point            1
 propag    0.0000000000000000        0.0000000000000000        0.0000000000000000        0.0000000000000000     
 test props.    0.0000000000000000        0.0000000000000000     
 Var           11.297796885735721     
 Var before    1.6458431169859098     
 iev, nphot and rad. pattern    0.0000000000000000                0               0           0           0           1
 partons...            1          -1
 x1 & x2   0.99811919629911694       0.83570436907026535     
 sv & ME   0.66755807185724669        32865.542832993960     
 plepton   =    45.665429298323517       -4.7297262246817899        27.295283011472524        36.303133259704914     
 pneutrino =    45.665429298323531        4.7297262246817899       -27.295283011472524       -36.303133259704914     
 pleptonlab   =    49.073505310015143       -4.7297262246817899        27.295283011472524        40.506727526224509     
 pneutrinolab =    42.617672958453959        4.7297262246817899       -27.295283011472524       -32.385986164781926     
 sqrt(s) =    91.330858596647047     
 sqrt_fs_cm =    91.330858596647047     
 phind channel           0
 bbb pw(0) qmod c1q   0.0000000000000000        0.0000000000000000        0.0000000000000000        0.0000000000000000     
 reduced to Born momenta
   45.665429298323524        0.0000000000000000        0.0000000000000000        45.665375892185367     
   45.665429298323524        0.0000000000000000        0.0000000000000000       -45.665375892185367     
   45.665429298323517       -4.7297262246817899        27.295283011472524        36.303133259704914     
   45.665429298323531        4.7297262246817899       -27.295283011472524       -36.303133259704914     
 isvec for ranlux 
      128384    11388086    10466586    16512364     6221064    10759867     4294357     4958074     2428245      140484    15658108     6187047     6125357     5290921     3091457    10559473     4129276    15535479    13747368    10865395     4704666    11572707     3324263     2372157     4192111
  
 ====== DUMPING at point            1
 propag    0.0000000000000000        0.0000000000000000        0.0000000000000000        0.0000000000000000     
 test props.    0.0000000000000000        0.0000000000000000     
 Var           5.9227193324703347     
 Var before    3.6551416631712117     
 iev, nphot and rad. pattern    0.0000000000000000                1               1           0           0           0
 partons...            1          -1
 x1 & x2   0.99986431951308663       0.86252688567610425     
 sv & ME    1.0000000000000000        153.50042553575238     
 plepton   =    44.415016359494423       -37.513104095762706        10.829954351359428       -21.169828161103027     
 pneutrino =    45.019945306524889        39.599031610434764       -8.5902402681019208        19.619092215571332     
 pleptonlab   =    42.970896018901435       -37.513104095762706        10.829954351359428       -17.943406890100686     
 pneutrinolab =    46.593566426773712        39.599031610434764       -8.5902402681019208        23.001602907770884     
 sqrt(s) =    92.866024874992888     
 sqrt_fs_cm =    89.369123154803148     
 phind channel           0
 bbb pw(0) qmod c1q   0.0000000000000000        0.0000000000000000        0.0000000000000000        0.0000000000000000     
 reduced to Born momenta
   44.684561577401574        0.0000000000000000        0.0000000000000000        44.684506998947555     
   44.684561577401574        0.0000000000000000        0.0000000000000000       -44.684506998947555     
   44.684561577401574       -38.552539304138861        9.7138860036058556       -20.397083408784280     
   44.684561577401574        38.552539304138861       -9.7138860036058556        20.397083408784280     
 >> Photon n.           1
 cm momentum     3.4310632089735726       -2.0859275146720542       -2.2397140832575069        1.5507359455316954     
 lab momentum    3.5550978137843865       -2.0859275146720542       -2.2397140832575069        1.8086756741789218     
 c_ph_up    0.45196950655875834     
 c_ph_up lab   0.50875553048527633     
 c_ph_lep  0.13888549067137082     
 c_ph_lep lab   0.14099939217099483     
 isvec for ranlux 
     6248706     2443650     5424569     7840856     8854079     5077390    15263352    16554528     1529883     2696089     2519233     5653265    15789071      882553     5947087     9218297     5428618    10255587     4747224    14768239    10404210    13291405    15495887    10569314     4080721
  
 ====== DUMPING at point            1
 propag    0.0000000000000000        0.0000000000000000        0.0000000000000000        0.0000000000000000     
 test props.    0.0000000000000000        0.0000000000000000     
 Var           2.6008150710436522     
 Var before    2.1607983905054615     
 iev, nphot and rad. pattern    0.0000000000000000                0               0           1           0           0
 partons...            1          -1
 x1 & x2   0.82535484229102929       0.99919340686749081     
 sv & ME   0.76305132921572039        20442.939355565748     
 plepton   =    45.406197725182700        9.1200135720429127       -32.040589001391439       -30.853486627228790     
 pneutrino =    45.406197725182672       -9.1200135720429127        32.040589001391439        30.853486627228790     
 pleptonlab   =    48.566786478006769        9.1200135720429127       -32.040589001391439       -35.340452656955328     
 pneutrinolab =    42.660625979919232       -9.1200135720429127        32.040589001391439        26.648524428132255     
 sqrt(s) =    90.812395450365372     
 sqrt_fs_cm =    90.812395450365372     
 phind channel           0
 bbb pw(0) qmod c1q   0.0000000000000000        0.0000000000000000        0.0000000000000000        0.0000000000000000     
 reduced to Born momenta
   45.406197725182686        0.0000000000000000        0.0000000000000000        45.406144014139599     
   45.406197725182686        0.0000000000000000        0.0000000000000000       -45.406144014139599     
   45.406197725182700        9.1200135720429127       -32.040589001391439       -30.853486627228790     
   45.406197725182672       -9.1200135720429127        32.040589001391439        30.853486627228790     
 isvec for ranlux 
    14902313     9928972     4799160     2701921    12896674      994906     4989402     1593852     3619565    10431950     8726416    10407135     5333250    10378542     9914156    14939389     3289939    14228418    14454888     1597759     1973254     3860146     2875092     2125098     4191303
  
 ====== DUMPING at point            1
 propag    0.0000000000000000        0.0000000000000000        0.0000000000000000        0.0000000000000000     
 test props.    0.0000000000000000        0.0000000000000000     
 Var           1.3445700377276830     
 Var before    1.1158364143247614     
 iev, nphot and rad. pattern    0.0000000000000000                1               0           0           1           0
 partons...            1          -1
 x1 & x2   0.99950064096005342       0.82214242843918739     
 sv & ME    1.0000000000000000        2660101.2650392549     
 plepton   =    45.145733234860998        9.5759346826308089        40.122591722344239        18.346802829316797     
 pneutrino =    45.320633025923165       -9.5680961877832988       -40.298773887682394       -18.395895538671166     
 pleptonlab   =    47.156043820133078        9.5759346826308089        40.122591722344239        22.850829602246506     
 pneutrinolab =    43.737371229891743       -9.5680961877832988       -40.298773887682394       -14.050154337254332     
 sqrt(s) =    90.649428248909686     
 sqrt_fs_cm =    90.466181044293279     
 phind channel           0
 bbb pw(0) qmod c1q   0.0000000000000000        0.0000000000000000        0.0000000000000000        0.0000000000000000     
 reduced to Born momenta
   45.324714124454843        0.0000000000000000        0.0000000000000000        45.324660316851315     
   45.324714124454843        0.0000000000000000        0.0000000000000000       -45.324660316851315     
   45.324714124454836        9.5914082960903198        40.292048196438131        18.408538394062816     
   45.324714124454850       -9.5914082960903198       -40.292048196438131       -18.408538394062816     
 >> Photon n.           1
 cm momentum    0.18306198812552243       -7.8384948475095171E-003  0.17618216533815748        4.9092709354369837E-002
 lab momentum   0.18873841993720303       -7.8384948475095171E-003  0.17618216533815748        6.7235361051129358E-002
 c_ph_up    0.26817533152053291     
 c_ph_up lab   0.35623568891537760     
 c_ph_lep  0.95523878342997548     
 c_ph_lep lab   0.95843580873740164     
 isvec for ranlux 
    16299211     3254293    16131975     5266621    16545363    14473301     5355798     5599353    11050532    14547556    11682091     8225026    12673044    12120042     6959192    14507471     7976243    13182463     2472364    15582834    14772810    14376851    13178594     7905684     4032111
  
 ====== DUMPING at point            1
 propag    0.0000000000000000        0.0000000000000000        0.0000000000000000        0.0000000000000000     
 test props.    0.0000000000000000        0.0000000000000000     
 Var           2.1752304549031467     
 Var before    1.3069495674324669     
 iev, nphot and rad. pattern    0.0000000000000000                1               0           0           0           1
 partons...            1          -1
 x1 & x2   0.99986239268207455       0.81625512545538104     
 sv & ME    1.0000000000000000        215132888620.24921     
 plepton   =    45.170310962137847      -0.67726379097027090       -31.064190644600018        32.785716433809256     
 pneutrino =    45.125008881637619       0.67663102171719991        31.033126192508139       -32.752748160371539     
 pleptonlab   =    48.734603906592064      -0.67726379097027090       -31.064190644600018        37.544744340511073     
 pneutrinolab =    42.029086508558322       0.67663102171719991        31.033126192508139       -28.335846524018407     
 sqrt(s) =    90.340622245854831     
 sqrt_fs_cm =    90.295308479356095     
 phind channel           0
 bbb pw(0) qmod c1q   0.0000000000000000        0.0000000000000000        0.0000000000000000        0.0000000000000000     
 reduced to Born momenta
   45.170311122927416        0.0000000000000000        0.0000000000000000        45.170257131396319     
   45.170311122927416        0.0000000000000000        0.0000000000000000       -45.170257131396319     
   45.170311122927416      -0.67728704785054739       -31.064236053622064        32.785673150177246     
   45.170311122927416       0.67728704785054739        31.064236053622064       -32.785673150177246     
 >> Photon n.           1
 cm momentum     4.5302402079365589E-002   6.3276925307098044E-004   3.1064452091880652E-002  -3.2968273437717771E-002
 lab momentum    4.2185491722389654E-002   6.3276925307098044E-004   3.1064452091880652E-002  -2.8534455157991453E-002
 c_ph_up   -0.72773786652549743     
 c_ph_up lab  -0.67640446971125368     
 c_ph_lep -0.99999564433104549     
 c_ph_lep lab  -0.99068579772543475     
 isvec for ranlux 
    14376841     9367055    11411008     3416353     1394422    12230973     5252183    16075032     6397709     9393473    12531793     9363946    15390017     9736584    16117207    13485524     9250666     8140315     3126542     1982896     8250996    15449780     6880094     7144020    -4021707
  
 ====== DUMPING at point            1
 propag    0.0000000000000000        0.0000000000000000        0.0000000000000000        0.0000000000000000     
 test props.    0.0000000000000000        0.0000000000000000     
 Var          0.74482783720326740     
 Var before   0.60688838219213237     
 iev, nphot and rad. pattern    0.0000000000000000                1               0           0           1           0
 partons...            1          -1
 x1 & x2   0.76673313714818914       0.99988389159802493     
 sv & ME    1.0000000000000000        1361146.2246877572     
 plepton   =    41.889230797628620        41.833013476822551       -2.1453094670472441      -0.30516202927421737     
 pneutrino =    43.779038296759218       -43.721151355351751        2.2278660572980784       0.30094433173946311     
 pleptonlab   =    42.299501334967900        41.833013476822551       -2.1453094670472441       -5.8850046927817719     
 pneutrinolab =    44.125287715778022       -43.721151355351751        2.2278660572980784       -5.5251596630221060     
 sqrt(s) =    87.558215661860871     
 sqrt_fs_cm =    85.647419293289531     
 phind channel           0
 bbb pw(0) qmod c1q   0.0000000000000000        0.0000000000000000        0.0000000000000000        0.0000000000000000     
 reduced to Born momenta
   43.779107830930435        0.0000000000000000        0.0000000000000000        43.779052123665657     
   43.779107830930435        0.0000000000000000        0.0000000000000000       -43.779052123665657     
   43.779107830930435        43.720799592778043       -2.2349053857239687      -0.30983812833116836     
   43.779107830930435       -43.720799592778043        2.2349053857239687       0.30983812833116836     
 >> Photon n.           1
 cm momentum     1.8899465674730291        1.8881378785291996       -8.2556590250834436E-002   4.2176975347542568E-003
 lab momentum    1.9060623865648005        1.8881378785291996       -8.2556590250834436E-002 -0.24737336668791240     
 c_ph_up     2.2316490885737417E-003
 c_ph_up lab  -0.12978240818955611     
 c_ph_lep  0.99992627784081412     
 c_ph_lep lab   0.99992760624791821     
 isvec for ranlux 
    16575667    16622680     6248223    14956727    13110558     1205945    11242040     6890570    14658205      621134     7421034    11519576    13204167     8090949    16466493    11015029     5120304      201156    13109540    13654731     2695017     9785481     4861148      143676    -4200721
  
 ====== DUMPING at point            1
 propag    0.0000000000000000        0.0000000000000000        0.0000000000000000        0.0000000000000000     
 test props.    0.0000000000000000        0.0000000000000000     
 Var          0.86375328104703586     
 Var before   0.74170676347276665     
 iev, nphot and rad. pattern    0.0000000000000000                0               0           1           0           0
 partons...            1          -1
 x1 & x2   0.87073962597039389       0.99983677226072942     
 sv & ME   0.67453027349236294        8150.7114237840724     
 plepton   =    46.652907120289782        18.460920849693938       -22.806518625629192        36.270369292896390     
 pneutrino =    46.652907120289754       -18.460920849693938        22.806518625629192       -36.270369292896390     
 pleptonlab   =    44.255240935219291        18.460920849693938       -22.806518625629192        33.129628674390624     
 pneutrinolab =    49.273578976336886       -18.460920849693938        22.806518625629192       -39.584485988907403     
 sqrt(s) =    93.305814240579537     
 sqrt_fs_cm =    93.305814240579537     
 phind channel           0
 bbb pw(0) qmod c1q   0.0000000000000000        0.0000000000000000        0.0000000000000000        0.0000000000000000     
 reduced to Born momenta
   46.652907120289768        0.0000000000000000        0.0000000000000000        46.652854844572843     
   46.652907120289768        0.0000000000000000        0.0000000000000000       -46.652854844572843     
   46.652907120289782        18.460920849693938       -22.806518625629192        36.270369292896390     
   46.652907120289754       -18.460920849693938        22.806518625629192       -36.270369292896390     
 isvec for ranlux 
    13452352     7685781    12040999      377492     2027616    10867852     4039603    13333254    16608482     8283248     4576519     7678115     1422877    16276106    10765401     9788787     9530970    13032368     3894472      306732    14245216    14571762    11462555    11912083     4051404
  
 ====== DUMPING at point            1
 propag    0.0000000000000000        0.0000000000000000        0.0000000000000000        0.0000000000000000     
 test props.    0.0000000000000000        0.0000000000000000     
 Var          0.83328420703734096     
 Var before   0.74574240085163490     
 iev, nphot and rad. pattern    0.0000000000000000                1               0           0           1           0
 partons...            1          -1
 x1 & x2   0.82088162505561990       0.99987465030665335     
 sv & ME    1.0000000000000000        1174283.9716743834     
 plepton   =    44.955413898369429       -26.170268899789900       -2.5652858955127780       -36.462506895017682     
 pneutrino =    45.292479899379451        26.440107600374247        2.5802657314963291        36.683245638570774     
 pleptonlab   =    48.776197458012696       -26.170268899789900       -2.5652858955127780       -41.080927554749167     
 pneutrinolab =    41.889166629924134        26.440107600374247        2.5802657314963291        32.387560205942954     
 sqrt(s) =    90.596839227185257     
 sqrt_fs_cm =    90.247219192709949     
 phind channel           0
 bbb pw(0) qmod c1q   0.0000000000000000        0.0000000000000000        0.0000000000000000        0.0000000000000000     
 reduced to Born momenta
   45.298419613592628        0.0000000000000000        0.0000000000000000        45.298365774755197     
   45.298419613592628        0.0000000000000000        0.0000000000000000       -45.298365774755197     
   45.298419613592635       -26.406842848028564       -2.5827288260744847       -36.714354391819718     
   45.298419613592621        26.406842848028564        2.5827288260744847        36.714354391819718     
 >> Photon n.           1
 cm momentum    0.34894542943637985      -0.26983870058434645       -1.4979835983551302E-002 -0.22073874355309017     
 lab momentum   0.37244968017683816      -0.26983870058434645       -1.4979835983551302E-002 -0.25628391374545229     
 c_ph_up   -0.63258814969902200     
 c_ph_up lab  -0.68810346037555825     
 c_ph_lep  0.96569911606422087     
 c_ph_lep lab   0.97038104931573743     
 isvec for ranlux 
    16281071     6216508     5788901     5598226     2151985    11312847     4878172    15215368      933416    10490822     4859569     3569103     7793955     9042226    15803846    11186175     1469788    15694173    11573162    10117844     1302401    12204826     4381916     1083041    -4200822
  
 ====== DUMPING at point            1
 propag    0.0000000000000000        0.0000000000000000        0.0000000000000000        0.0000000000000000     
 test props.    0.0000000000000000        0.0000000000000000     
 Var          0.62789993163787494     
 Var before   0.54821305418944610     
 iev, nphot and rad. pattern    0.0000000000000000                0               0           0           1           0
 partons...            1          -1
 x1 & x2   0.84835482636284498       0.99987838263345419     
 sv & ME   0.67686924669002224        11131.321270752233     
 plepton   =    46.050289132723329        31.304994079551616        32.131369454091065        10.401461829949207     
 pneutrino =    46.050289132723329       -31.304994079551616       -32.131369454091065       -10.401461829949207     
 pleptonlab   =    45.350207754034145        31.304994079551616        32.131369454091065        6.6485052700988723     
 pneutrinolab =    47.061452695780837       -31.304994079551616       -32.131369454091065       -14.224683083629337     
 sqrt(s) =    92.100578265446657     
 sqrt_fs_cm =    92.100578265446657     
 phind channel           0
 bbb pw(0) qmod c1q   0.0000000000000000        0.0000000000000000        0.0000000000000000        0.0000000000000000     
 reduced to Born momenta
   46.050289132723321        0.0000000000000000        0.0000000000000000        46.050236172921153     
   46.050289132723336        0.0000000000000000        0.0000000000000000       -46.050236172921167     
   46.050289132723329        31.304994079551616        32.131369454091065        10.401461829949207     
   46.050289132723329       -31.304994079551616       -32.131369454091065       -10.401461829949207     
 isvec for ranlux 
      589876    16710617     5688859    14464672     6555815    10676443     8690630    14425228     3486349    14953393     3964495     2454096     6889208    10385107     6558022     6916769    16140560    10878330     7171221     6209201     3307280     2406960     2255942    12891023    -4131909
  
