 ====== DUMPING at point            1
 propag    0.0000000000000000        0.0000000000000000        0.0000000000000000        0.0000000000000000     
 test props.    0.0000000000000000        0.0000000000000000     
 Var           2.4499369787751428     
 Var before    0.0000000000000000     
 iev, nphot and rad. pattern    0.0000000000000000                1               0           0           0           1
 partons...            1          -1
 x1 & x2   0.90083563006844136       0.93750133695301940     
 sv & ME    1.0000000000000000        735.56856927980925     
 plepton   =    45.679724598275349        37.363374583500239       -17.717540812812327       -19.408582198661325     
 pneutrino =    40.577468819083983       -32.384003077470211        17.803172958898866        16.758376691857634     
 pleptonlab   =    46.075995108190099        37.363374583500239       -17.717540812812327       -20.323709031519535     
 pneutrinolab =    40.251229162394438       -32.384003077470211        17.803172958898866        15.952230648597611     
 sqrt(s) =    91.898564056468217     
 sqrt_fs_cm =    86.072517992399511     
 phind channel           0
 bbb pw(0) qmod c1q   0.0000000000000000        0.0000000000000000        0.0000000000000000        0.0000000000000000     
 reduced to Born momenta
   45.949282028234101        0.0000000000000000        0.0000000000000000        45.949228952013954     
   45.949282028234116        0.0000000000000000        0.0000000000000000       -45.949228952013968     
   45.949282028234101        37.155517542001768       -18.963874123194763       -19.265626116074003     
   45.949282028234116       -37.155517542001768        18.963874123194763        19.265626116074003     
 >> Photon n.           1
 cm momentum     5.6413706391088825       -4.9793715060300299       -8.5632146086538727E-002   2.6502055068036889     
 lab momentum    5.5896240804884947       -4.9793715060300299       -8.5632146086538727E-002   2.5381930386930152     
 c_ph_up    0.46978042684008414     
 c_ph_up lab   0.45409011449499742     
 c_ph_lep -0.91567606366757526     
 c_ph_lep lab  -0.91678256181897355     
 isvec for ranlux 
     9644655    14614328     8305202     1457455     6611641    14048799     7267313     8683348    14048746     9318201     4464668     5476536     8218591     7359978     7668616    13721940      957152    13197359    14184585     9294164    15939178     5902395     5267822    14659295     4201404
  
 ====== DUMPING at point            1
 propag    0.0000000000000000        0.0000000000000000        0.0000000000000000        0.0000000000000000     
 test props.    0.0000000000000000        0.0000000000000000     
 Var           1.8026774626829658     
 Var before    1.2705168025161355     
 iev, nphot and rad. pattern    0.0000000000000000                0               0           0           1           0
 partons...            1          -1
 x1 & x2   0.95009271750148139       0.79460167857614572     
 sv & ME   0.70503257405126074        1274.5469617755105     
 plepton   =    43.443793231302010        31.662087417582025        29.714834573090787        1.3758027794333483     
 pneutrino =    43.443793231302010       -31.662087417582025       -29.714834573090787       -1.3758027794333483     
 pleptonlab   =    43.740464370737570        31.662087417582025        29.714834573090787        5.2685753607153476     
 pneutrinolab =    43.494255433143785       -31.662087417582025       -29.714834573090787        2.5059765855514331     
 sqrt(s) =    86.887586462604020     
 sqrt_fs_cm =    86.887586462604020     
 phind channel           0
 bbb pw(0) qmod c1q   0.0000000000000000        0.0000000000000000        0.0000000000000000        0.0000000000000000     
 reduced to Born momenta
   43.443793231302010        0.0000000000000000        0.0000000000000000        43.443737094068254     
   43.443793231302010        0.0000000000000000        0.0000000000000000       -43.443737094068254     
   43.443793231302010        31.662087417582025        29.714834573090787        1.3758027794333483     
   43.443793231302010       -31.662087417582025       -29.714834573090787       -1.3758027794333483     
 isvec for ranlux 
     6252439      346129     5312835     8261683     9079631     4152189    11690151     3251140     4683020     2530188    16021290    11618951     3342516     5282467     2561248    15711547    15779543    10985280     8292142     1596633    16558285    12472361     3784938     8334133     4140519
  
 ====== DUMPING at point            1
 propag    0.0000000000000000        0.0000000000000000        0.0000000000000000        0.0000000000000000     
 test props.    0.0000000000000000        0.0000000000000000     
 Var           1.7717296897899606     
 Var before    1.3681253769718493     
 iev, nphot and rad. pattern    0.0000000000000000                0               0           0           1           0
 partons...            1          -1
 x1 & x2   0.91043470230074275       0.92318563346868332     
 sv & ME   0.68021320434059440        17703.111933621556     
 plepton   =    45.839400011763452       -43.708101110962268       -7.5345780806479157        11.578923100509378     
 pneutrino =    45.839400011763438        43.708101110962268        7.5345780806479157       -11.578923100509378     
 pleptonlab   =    45.759987024292123       -43.708101110962268       -7.5345780806479157        11.260429796079478     
 pneutrinolab =    45.921029764179181        43.708101110962268        7.5345780806479157       -11.897976354476505     
 sqrt(s) =    91.678800023526890     
 sqrt_fs_cm =    91.678800023526890     
 phind channel           0
 bbb pw(0) qmod c1q   0.0000000000000000        0.0000000000000000        0.0000000000000000        0.0000000000000000     
 reduced to Born momenta
   45.839400011763445        0.0000000000000000        0.0000000000000000        45.839346808313692     
   45.839400011763445        0.0000000000000000        0.0000000000000000       -45.839346808313692     
   45.839400011763452       -43.708101110962268       -7.5345780806479157        11.578923100509378     
   45.839400011763438        43.708101110962268        7.5345780806479157       -11.578923100509378     
 isvec for ranlux 
     8965487     2126720     7254733    12923904     5337694    14130607     1878020     8597149     6833174     1891112    11634831     6803766      471344     6208649      964748     8738368    12913065     1505022     4123979     3215547    11907780     4934906    11898556     4780317     4221101
  
 ====== DUMPING at point            1
 propag    0.0000000000000000        0.0000000000000000        0.0000000000000000        0.0000000000000000     
 test props.    0.0000000000000000        0.0000000000000000     
 Var           1.8886057674206780     
 Var before    1.6435275011774526     
 iev, nphot and rad. pattern    0.0000000000000000                0               0           0           0           1
 partons...            1          -1
 x1 & x2   0.80716965292169185       0.96322236081101231     
 sv & ME   0.70147419615839590        2454.3132310187216     
 plepton   =    44.087522573349418       -10.243819828806263        42.830338104116990        2.0796096186799211     
 pneutrino =    44.087522573349418        10.243819828806263       -42.830338104116990       -2.0796096186799211     
 pleptonlab   =    44.075775083218367       -10.243819828806263        42.830338104116990       -1.8135817315370044     
 pneutrinolab =    44.443825603416862        10.243819828806263       -42.830338104116990       -5.9890536629290194     
 sqrt(s) =    88.175045146698835     
 sqrt_fs_cm =    88.175045146698835     
 phind channel           0
 bbb pw(0) qmod c1q   0.0000000000000000        0.0000000000000000        0.0000000000000000        0.0000000000000000     
 reduced to Born momenta
   44.087522573349418        0.0000000000000000        0.0000000000000000        44.087467255785903     
   44.087522573349418        0.0000000000000000        0.0000000000000000       -44.087467255785903     
   44.087522573349418       -10.243819828806263        42.830338104116990        2.0796096186799211     
   44.087522573349418        10.243819828806263       -42.830338104116990       -2.0796096186799211     
 isvec for ranlux 
    15326067    13686972    12635121    13902960    13679249    15597591     9630857    11203193     9414693    13903049     1041894    12159642    14667289     9413416    16351989    16702048    13674632     3503371    11931980     1731313     7232330     5707229     4337415    14161190     4071606
  
 ====== DUMPING at point            1
 propag    0.0000000000000000        0.0000000000000000        0.0000000000000000        0.0000000000000000     
 test props.    0.0000000000000000        0.0000000000000000     
 Var           2.4267620839399977     
 Var before    1.6326892577431966     
 iev, nphot and rad. pattern    0.0000000000000000                0               0           1           0           0
 partons...            1          -1
 x1 & x2   0.88834900308057951       0.97908540135123534     
 sv & ME   0.67342528491558240        7958.8272676604220     
 plepton   =    46.630717885882873        27.955792864468830       -24.256684894239417        28.363701629403387     
 pneutrino =    46.630717885882873       -27.955792864468830        24.256684894239417       -28.363701629403387     
 pleptonlab   =    45.306072149041320        27.955792864468830       -24.256684894239417        26.128832601996621     
 pneutrinolab =    48.065648072549394       -27.955792864468830        24.256684894239417       -30.665652515529409     
 sqrt(s) =    93.261435771765747     
 sqrt_fs_cm =    93.261435771765747     
 phind channel           0
 bbb pw(0) qmod c1q   0.0000000000000000        0.0000000000000000        0.0000000000000000        0.0000000000000000     
 reduced to Born momenta
   46.630717885882873        0.0000000000000000        0.0000000000000000        46.630665585290515     
   46.630717885882873        0.0000000000000000        0.0000000000000000       -46.630665585290515     
   46.630717885882873        27.955792864468830       -24.256684894239417        28.363701629403387     
   46.630717885882873       -27.955792864468830        24.256684894239417       -28.363701629403387     
 isvec for ranlux 
     4925990     5576093    15184408    11784099    11845403    13164298      418628     8394559    12727338     1012832     9828754     3599171     1962348     6110377     1170785     8157080     6470367    12307127     8788506     3545955     7555912     3534851     9276842     7912478     4132414
  
 ====== DUMPING at point            1
 propag    0.0000000000000000        0.0000000000000000        0.0000000000000000        0.0000000000000000     
 test props.    0.0000000000000000        0.0000000000000000     
 Var           10.859750163970228     
 Var before    1.5763455340035535     
 iev, nphot and rad. pattern    0.0000000000000000                0               0           0           0           1
 partons...            1          -1
 x1 & x2   0.99818271744609466       0.84107338246976693     
 sv & ME   0.67261088963063509        30559.228171084622     
 plepton   =    45.813341792682245       -4.7450461144416822        27.383694202065055        36.420721461020896     
 pneutrino =    45.813341792682259        4.7450461144416822       -27.383694202065055       -36.420721461020896     
 pleptonlab   =    49.103874633848115       -4.7450461144416822        27.383694202065055        40.482059848589905     
 pneutrinolab =    42.858930361944971        4.7450461144416822       -27.383694202065055       -32.626593099773523     
 sqrt(s) =    91.626683585364503     
 sqrt_fs_cm =    91.626683585364503     
 phind channel           0
 bbb pw(0) qmod c1q   0.0000000000000000        0.0000000000000000        0.0000000000000000        0.0000000000000000     
 reduced to Born momenta
   45.813341792682245        0.0000000000000000        0.0000000000000000        45.813288558970804     
   45.813341792682259        0.0000000000000000        0.0000000000000000       -45.813288558970818     
   45.813341792682245       -4.7450461144416822        27.383694202065055        36.420721461020896     
   45.813341792682259        4.7450461144416822       -27.383694202065055       -36.420721461020896     
 isvec for ranlux 
      128384    11388086    10466586    16512364     6221064    10759867     4294357     4958074     2428245      140484    15658108     6187047     6125357     5290921     3091457    10559473     4129276    15535479    13747368    10865395     4704666    11572707     3324263     2372157     4192111
  
 ====== DUMPING at point            1
 propag    0.0000000000000000        0.0000000000000000        0.0000000000000000        0.0000000000000000     
 test props.    0.0000000000000000        0.0000000000000000     
 Var           5.8455009796325816     
 Var before    3.5567631405230511     
 iev, nphot and rad. pattern    0.0000000000000000                1               1           0           0           0
 partons...            1          -1
 x1 & x2   0.99986578759959277       0.86778783414250771     
 sv & ME    1.0000000000000000        151.89360650788242     
 plepton   =    44.550642603163801       -37.627655221990977        10.863025020872191       -21.234472975664964     
 pneutrino =    45.156722771128265        39.719579579233439       -8.6168719733335468        19.677981684644063     
 pleptonlab   =    43.157021384421483       -37.627655221990977        10.863025020872191       -18.129301723310384     
 pneutrinolab =    46.665158665308041        39.719579579233439       -8.6168719733335468        22.928811242867063     
 sqrt(s) =    93.148879019247630     
 sqrt_fs_cm =    89.641326330149312     
 phind channel           0
 bbb pw(0) qmod c1q   0.0000000000000000        0.0000000000000000        0.0000000000000000        0.0000000000000000     
 reduced to Born momenta
   44.820663165074656        0.0000000000000000        0.0000000000000000        44.820608752352754     
   44.820663165074656        0.0000000000000000        0.0000000000000000       -44.820608752352754     
   44.820663165074656       -38.670082739015967        9.7437437542731011       -20.458857286621249     
   44.820663165074656        38.670082739015967       -9.7437437542731011        20.458857286621249     
 >> Photon n.           1
 cm momentum     3.4415136449555646       -2.0919243572424597       -2.2461530475386446        1.5564912910209023     
 lab momentum    3.5605010373755066       -2.0919243572424597       -2.2461530475386446        1.8043881532975756     
 c_ph_up    0.45226939410870731     
 c_ph_up lab   0.50677928031938291     
 c_ph_lep  0.13868217585008633     
 c_ph_lep lab   0.14058227328534306     
 isvec for ranlux 
     6248706     2443650     5424569     7840856     8854079     5077390    15263352    16554528     1529883     2696089     2519233     5653265    15789071      882553     5947087     9218297     5428618    10255587     4747224    14768239    10404210    13291405    15495887    10569314     4080721
  
 ====== DUMPING at point            1
 propag    0.0000000000000000        0.0000000000000000        0.0000000000000000        0.0000000000000000     
 test props.    0.0000000000000000        0.0000000000000000     
 Var           2.5878525948918805     
 Var before    2.1255055600998745     
 iev, nphot and rad. pattern    0.0000000000000000                0               0           1           0           0
 partons...            1          -1
 x1 & x2   0.83074224554660536       0.99921736223997570     
 sv & ME   0.76344833005015178        20428.032400395914     
 plepton   =    45.554694469845614        9.1498398890614432       -32.145375332844431       -30.954390629838141     
 pneutrino =    45.554694469845600       -9.1498398890614432        32.145375332844431        30.954390629838141     
 pleptonlab   =    48.610958996247732        9.1498398890614432       -32.145375332844431       -35.298292388704972     
 pneutrinolab =    42.887021393081284       -9.1498398890614432        32.145375332844431        26.874536554036460     
 sqrt(s) =    91.109388939691215     
 sqrt_fs_cm =    91.109388939691215     
 phind channel           0
 bbb pw(0) qmod c1q   0.0000000000000000        0.0000000000000000        0.0000000000000000        0.0000000000000000     
 reduced to Born momenta
   45.554694469845607        0.0000000000000000        0.0000000000000000        45.554640933887100     
   45.554694469845607        0.0000000000000000        0.0000000000000000       -45.554640933887100     
   45.554694469845614        9.1498398890614432       -32.145375332844431       -30.954390629838141     
   45.554694469845600       -9.1498398890614432        32.145375332844431        30.954390629838141     
 isvec for ranlux 
    14902313     9928972     4799160     2701921    12896674      994906     4989402     1593852     3619565    10431950     8726416    10407135     5333250    10378542     9914156    14939389     3289939    14228418    14454888     1597759     1973254     3860146     2875092     2125098     4191303
  
 ====== DUMPING at point            1
 propag    0.0000000000000000        0.0000000000000000        0.0000000000000000        0.0000000000000000     
 test props.    0.0000000000000000        0.0000000000000000     
 Var           1.3147984892231146     
 Var before    1.1054986978858303     
 iev, nphot and rad. pattern    0.0000000000000000                1               0           0           1           0
 partons...            1          -1
 x1 & x2   0.99951396444329876       0.82752993061084634     
 sv & ME    1.0000000000000000        2472182.9711006214     
 plepton   =    45.293706120184929        9.6073216229206739        40.254101118805359        18.406937951787736     
 pneutrino =    45.469194266217890       -9.5995011574402653       -40.430855485807044       -18.456217536149744     
 pleptonlab   =    47.236138674440348        9.6073216229206739        40.254101118805359        22.771656670744118     
 pneutrinolab =    43.926915392967821       -9.5995011574402653       -40.430855485807044       -14.239320014086781     
 sqrt(s) =    90.946562422135273     
 sqrt_fs_cm =    90.762714562802230     
 phind channel           0
 bbb pw(0) qmod c1q   0.0000000000000000        0.0000000000000000        0.0000000000000000        0.0000000000000000     
 reduced to Born momenta
   45.473281211067643        0.0000000000000000        0.0000000000000000        45.473227579260715     
   45.473281211067629        0.0000000000000000        0.0000000000000000       -45.473227579260701     
   45.473281211067636        9.6228678375795305        40.424110371179808        18.468888859065657     
   45.473281211067636       -9.6228678375795305       -40.424110371179808       -18.468888859065657     
 >> Photon n.           1
 cm momentum    0.18366203573245662       -7.8204654804088537E-003  0.17675436700168831        4.9279584362009250E-002
 lab momentum   0.18914068529908090       -7.8204654804088537E-003  0.17675436700168831        6.6865034965280373E-002
 c_ph_up    0.26831666198993681     
 c_ph_up lab   0.35352010520396104     
 c_ph_lep  0.95532109211859806     
 c_ph_lep lab   0.95839929513113553     
 isvec for ranlux 
    16299211     3254293    16131975     5266621    16545363    14473301     5355798     5599353    11050532    14547556    11682091     8225026    12673044    12120042     6959192    14507471     7976243    13182463     2472364    15582834    14772810    14376851    13178594     7905684     4032111
  
 ====== DUMPING at point            1
 propag    0.0000000000000000        0.0000000000000000        0.0000000000000000        0.0000000000000000     
 test props.    0.0000000000000000        0.0000000000000000     
 Var           2.0644990925942222     
 Var before    1.2780329506481107     
 iev, nphot and rad. pattern    0.0000000000000000                1               0           0           0           1
 partons...            1          -1
 x1 & x2   0.99986360973138666       0.82163335253882852     
 sv & ME    1.0000000000000000        199212251563.83377     
 plepton   =    45.318905655701485      -0.67949190215156197       -31.166381905340256        32.893570432902123     
 pneutrino =    45.273454545068780       0.67885691580959007        31.135214997252849       -32.860493957267892     
 pleptonlab   =    48.771520909172217      -0.67949190215156197       -31.166381905340256        37.507932731460194     
 pneutrinolab =    42.260908696041184       0.67885691580959007        31.135214997252849       -28.567652694723797     
 sqrt(s) =    90.637811632076279     
 sqrt_fs_cm =    90.592348798965872     
 phind channel           0
 bbb pw(0) qmod c1q   0.0000000000000000        0.0000000000000000        0.0000000000000000        0.0000000000000000     
 reduced to Born momenta
   45.318905816038139        0.0000000000000000        0.0000000000000000        45.318852001538339     
   45.318905816038139        0.0000000000000000        0.0000000000000000       -45.318852001538339     
   45.318905816038132      -0.67951516780129817       -31.166427331146220        32.893527132561758     
   45.318905816038146       0.67951516780129817        31.166427331146220       -32.893527132561758     
 >> Photon n.           1
 cm momentum     4.5451431306014978E-002   6.3498634197188216E-004   3.1166908087407373E-002  -3.3076475634232980E-002
 lab momentum    4.2418508297377283E-002   6.3498634197188216E-004   3.1166908087407373E-002  -2.8767177108490756E-002
 c_ph_up   -0.72773232181701808     
 c_ph_up lab  -0.67817512362332222     
 c_ph_lep -0.99999566958083796     
 c_ph_lep lab  -0.99128884010095875     
 isvec for ranlux 
    14376841     9367055    11411008     3416353     1394422    12230973     5252183    16075032     6397709     9393473    12531793     9363946    15390017     9736584    16117207    13485524     9250666     8140315     3126542     1982896     8250996    15449780     6880094     7144020    -4021707
  
 ====== DUMPING at point            1
 propag    0.0000000000000000        0.0000000000000000        0.0000000000000000        0.0000000000000000     
 test props.    0.0000000000000000        0.0000000000000000     
 Var          0.70582059720218226     
 Var before   0.58483274350008718     
 iev, nphot and rad. pattern    0.0000000000000000                1               0           0           1           0
 partons...            1          -1
 x1 & x2   0.76673313714818914       0.99988389159802493     
 sv & ME    1.0000000000000000        1116119.8187051888     
 plepton   =    41.889230797628620        41.833013476822551       -2.1453094670472441      -0.30516202927421737     
 pneutrino =    43.779038296759218       -43.721151355351751        2.2278660572980784       0.30094433173946311     
 pleptonlab   =    42.299501334967900        41.833013476822551       -2.1453094670472441       -5.8850046927817719     
 pneutrinolab =    44.125287715778022       -43.721151355351751        2.2278660572980784       -5.5251596630221060     
 sqrt(s) =    87.558215661860871     
 sqrt_fs_cm =    85.647419293289531     
 phind channel           0
 bbb pw(0) qmod c1q   0.0000000000000000        0.0000000000000000        0.0000000000000000        0.0000000000000000     
 reduced to Born momenta
   43.779107830930435        0.0000000000000000        0.0000000000000000        43.779052123665657     
   43.779107830930435        0.0000000000000000        0.0000000000000000       -43.779052123665657     
   43.779107830930435        43.720799592778043       -2.2349053857239687      -0.30983812833116836     
   43.779107830930435       -43.720799592778043        2.2349053857239687       0.30983812833116836     
 >> Photon n.           1
 cm momentum     1.8899465674730291        1.8881378785291996       -8.2556590250834436E-002   4.2176975347542568E-003
 lab momentum    1.9060623865648005        1.8881378785291996       -8.2556590250834436E-002 -0.24737336668791240     
 c_ph_up     2.2316490885737417E-003
 c_ph_up lab  -0.12978240818955611     
 c_ph_lep  0.99992627784081412     
 c_ph_lep lab   0.99992760624791821     
 isvec for ranlux 
    16575667    16622680     6248223    14956727    13110558     1205945    11242040     6890570    14658205      621134     7421034    11519576    13204167     8090949    16466493    11015029     5120304      201156    13109540    13654731     2695017     9785481     4861148      143676    -4200721
  
 ====== DUMPING at point            1
 propag    0.0000000000000000        0.0000000000000000        0.0000000000000000        0.0000000000000000     
 test props.    0.0000000000000000        0.0000000000000000     
 Var          0.82615483196915207     
 Var before   0.70235885774572804     
 iev, nphot and rad. pattern    0.0000000000000000                0               0           1           0           0
 partons...            1          -1
 x1 & x2   0.87073962597039389       0.99983677226072942     
 sv & ME   0.67858289542153283        9198.5080574077892     
 plepton   =    46.652907120289782        18.460920849693938       -22.806518625629192        36.270369292896390     
 pneutrino =    46.652907120289754       -18.460920849693938        22.806518625629192       -36.270369292896390     
 pleptonlab   =    44.255240935219291        18.460920849693938       -22.806518625629192        33.129628674390624     
 pneutrinolab =    49.273578976336886       -18.460920849693938        22.806518625629192       -39.584485988907403     
 sqrt(s) =    93.305814240579537     
 sqrt_fs_cm =    93.305814240579537     
 phind channel           0
 bbb pw(0) qmod c1q   0.0000000000000000        0.0000000000000000        0.0000000000000000        0.0000000000000000     
 reduced to Born momenta
   46.652907120289768        0.0000000000000000        0.0000000000000000        46.652854844572843     
   46.652907120289768        0.0000000000000000        0.0000000000000000       -46.652854844572843     
   46.652907120289782        18.460920849693938       -22.806518625629192        36.270369292896390     
   46.652907120289754       -18.460920849693938        22.806518625629192       -36.270369292896390     
 isvec for ranlux 
    13452352     7685781    12040999      377492     2027616    10867852     4039603    13333254    16608482     8283248     4576519     7678115     1422877    16276106    10765401     9788787     9530970    13032368     3894472      306732    14245216    14571762    11462555    11912083     4051404
  
 ====== DUMPING at point            1
 propag    0.0000000000000000        0.0000000000000000        0.0000000000000000        0.0000000000000000     
 test props.    0.0000000000000000        0.0000000000000000     
 Var          0.80410336755755474     
 Var before   0.71315703447944756     
 iev, nphot and rad. pattern    0.0000000000000000                1               0           0           1           0
 partons...            1          -1
 x1 & x2   0.82627481491376731       0.99987549176912638     
 sv & ME    1.0000000000000000        1170274.5928632561     
 plepton   =    45.102857840131477       -26.256102140970707       -2.5736995195305670       -36.582096615717951     
 pneutrino =    45.441052906041840        26.526768155140186        2.5887339649398040        36.803629620194151     
 pleptonlab   =    48.801501582234295       -26.256102140970707       -2.5736995195305670       -41.055676393593004     
 pneutrinolab =    42.133175496252882        26.526768155140186        2.5887339649398040        32.631615672669092     
 sqrt(s) =    90.894000731530525     
 sqrt_fs_cm =    90.543233928401037     
 phind channel           0
 bbb pw(0) qmod c1q   0.0000000000000000        0.0000000000000000        0.0000000000000000        0.0000000000000000     
 reduced to Born momenta
   45.447000365765263        0.0000000000000000        0.0000000000000000        45.446946702944388     
   45.447000365765263        0.0000000000000000        0.0000000000000000       -45.446946702944388     
   45.447000365765263       -26.493423073777965       -2.5912024028345511       -36.834805313667040     
   45.447000365765263        26.493423073777965        2.5912024028345511        36.834805313667040     
 >> Photon n.           1
 cm momentum    0.35008998535720720      -0.27066601416948000       -1.5034445409236860E-002 -0.22153300447620239     
 lab momentum   0.37283825565752005      -0.27066601416948000       -1.5034445409236860E-002 -0.25597312184404408     
 c_ph_up   -0.63278875072694718     
 c_ph_up lab  -0.68655272885724106     
 c_ph_lep  0.96576665289412944     
 c_ph_lep lab   0.97029156095859737     
 isvec for ranlux 
    16281071     6216508     5788901     5598226     2151985    11312847     4878172    15215368      933416    10490822     4859569     3569103     7793955     9042226    15803846    11186175     1469788    15694173    11573162    10117844     1302401    12204826     4381916     1083041    -4200822
  
 ====== DUMPING at point            1
 propag    0.0000000000000000        0.0000000000000000        0.0000000000000000        0.0000000000000000     
 test props.    0.0000000000000000        0.0000000000000000     
 Var          0.59997707300920644     
 Var before   0.52539353587501969     
 iev, nphot and rad. pattern    0.0000000000000000                0               0           0           1           0
 partons...            1          -1
 x1 & x2   0.85372938721640113       0.99987921325903240     
 sv & ME   0.68255150260087671        10559.552622014013     
 plepton   =    46.195948632592525        31.404013951822868        32.233003209113001        10.434362376718791     
 pneutrino =    46.195948632592511       -31.404013951822868       -32.233003209113001       -10.434362376718791     
 pleptonlab   =    45.514936880706102        31.404013951822868        32.233003209113001        6.8132024333802317     
 pneutrinolab =    47.165493143065540       -31.404013951822868       -32.233003209113001       -14.120693735511797     
 sqrt(s) =    92.391897265185037     
 sqrt_fs_cm =    92.391897265185037     
 phind channel           0
 bbb pw(0) qmod c1q   0.0000000000000000        0.0000000000000000        0.0000000000000000        0.0000000000000000     
 reduced to Born momenta
   46.195948632592518        0.0000000000000000        0.0000000000000000        46.195895839777009     
   46.195948632592518        0.0000000000000000        0.0000000000000000       -46.195895839777009     
   46.195948632592525        31.404013951822868        32.233003209113001        10.434362376718791     
   46.195948632592511       -31.404013951822868       -32.233003209113001       -10.434362376718791     
 isvec for ranlux 
      589876    16710617     5688859    14464672     6555815    10676443     8690630    14425228     3486349    14953393     3964495     2454096     6889208    10385107     6558022     6916769    16140560    10878330     7171221     6209201     3307280     2406960     2255942    12891023    -4131909
  
