 ====== DUMPING at point            1
 propag    0.0000000000000000        0.0000000000000000        0.0000000000000000        0.0000000000000000     
 test props.    0.0000000000000000        0.0000000000000000     
 Var           3.1272301578519368     
 Var before    0.0000000000000000     
 iev, nphot and rad. pattern    0.0000000000000000                0               0           0           0           0
 partons...            1          -1
 x1 & x2   0.96689035972527981       0.84117883385030956     
 sv & ME    1.0000000000000000        24001.310303777907     
 plepton   =    45.092341513133277        3.9905285958379682       -5.0839031032393871        44.626647983108107     
 pneutrino =    45.092341513133277       -3.9905285958379682        5.0839031032393871       -44.626647983108107     
 pleptonlab   =    48.312060676283465        3.9905285958379682       -5.0839031032393871        47.877694742542694     
 pneutrinolab =    42.091399002495997       -3.9905285958379682        5.0839031032393871       -41.592118448794174     
 sqrt(s) =    90.184683026266555     
 sqrt_fs_cm =    90.184683026266555     
 phind channel           0
 bbb pw(0) qmod c1q   0.0000000000000000        0.0000000000000000        0.0000000000000000        0.0000000000000000     
 reduced to Born momenta
   45.444035983348869        0.0000000000000000        0.0000000000000000        45.443982317027491     
   45.444035983348869        0.0000000000000000        0.0000000000000000       -45.443982317027491     
   45.444035983348876       -34.152092317165511        8.0006185590294869        28.892454651641430     
   45.444035983348861        34.152092317165511       -8.0006185590294869       -28.892454651641430     
 isvec for ranlux 
     9644655    14614328     8305202     1457455     1056974    16450356    10467055     4514011      135838    16753179    11474510      425858    13826447     7299317     7668616    13721940      957152    13197359    14184585     9294164    15939178     5902395     5267822    14659295     4102414
  
 ====== DUMPING at point            1
 propag    0.0000000000000000        0.0000000000000000        0.0000000000000000        0.0000000000000000     
 test props.    0.0000000000000000        0.0000000000000000     
 Var           2.4767994557186186     
 Var before    2.0288355736697055     
 iev, nphot and rad. pattern    0.0000000000000000                0               0           0           0           0
 partons...            1          -1
 x1 & x2   0.99427728318130171       0.99976866665782238     
 sv & ME    1.0000000000000000        453.49694724751026     
 plepton   =    49.850959712284677        42.946285615871474        24.649366648503285        5.7560660326308799     
 pneutrino =    49.850959712284663       -42.946285615871474       -24.649366648503285       -5.7560660326308799     
 pleptonlab   =    49.835297112386790        42.946285615871474        24.649366648503285        5.6188032725879555     
 pneutrinolab =    49.867000379569383       -42.946285615871474       -24.649366648503285       -5.8933724464139932     
 sqrt(s) =    99.701919424569340     
 sqrt_fs_cm =    99.701919424569340     
 phind channel           0
 bbb pw(0) qmod c1q   0.0000000000000000        0.0000000000000000        0.0000000000000000        0.0000000000000000     
 reduced to Born momenta
   49.850959712284670        0.0000000000000000        0.0000000000000000        49.850910790177437     
   49.850959712284670        0.0000000000000000        0.0000000000000000       -49.850910790177437     
   49.850959712284677        42.946285615871474        24.649366648503285        5.7560660326308799     
   49.850959712284663       -42.946285615871474       -24.649366648503285       -5.7560660326308799     
 isvec for ranlux 
    13828964    12538209    14722825      978898    10903123    16188213     3834576      755982    12350293    13898296    16631971     2580472     9212313    13500588    11285027    12295266    14794390     9041223     4836823     6203403     5099258      436050     2993088    13331992     4071707
  
 ====== DUMPING at point            1
 propag    0.0000000000000000        0.0000000000000000        0.0000000000000000        0.0000000000000000     
 test props.    0.0000000000000000        0.0000000000000000     
 Var           1.5818840924077489     
 Var before    1.4319597245355962     
 iev, nphot and rad. pattern    0.0000000000000000                0               0           0           0           0
 partons...            1          -1
 x1 & x2   0.97866895985647262       0.84447575882152104     
 sv & ME    1.0000000000000000        22124.417103060354     
 plepton   =    45.454983569182595       -31.993242524660683        20.943712792082298        24.575143841373610     
 pneutrino =    45.454983569182581        31.993242524660683       -20.943712792082298       -24.575143841373610     
 pleptonlab   =    47.392399954654799       -31.993242524660683        20.943712792082298        27.996816551377901     
 pneutrinolab =    43.764835979244893        31.993242524660683       -20.943712792082298       -21.287156499630324     
 sqrt(s) =    90.909967138365175     
 sqrt_fs_cm =    90.909967138365175     
 phind channel           0
 bbb pw(0) qmod c1q   0.0000000000000000        0.0000000000000000        0.0000000000000000        0.0000000000000000     
 reduced to Born momenta
   45.454983569182588        0.0000000000000000        0.0000000000000000        45.454929915786458     
   45.454983569182588        0.0000000000000000        0.0000000000000000       -45.454929915786458     
   45.454983569182595       -31.993242524660683        20.943712792082298        24.575143841373610     
   45.454983569182581        31.993242524660683       -20.943712792082298       -24.575143841373610     
 isvec for ranlux 
     8965487     4677045     9993826    10061960    12404269    11384977    11035044     9685088    14068021     1324435      272948    14908356    11427211    15348884     8000738     8738368    12913065     1505022     4123979     3215547    11907780     4934906    11898556     4780317    -4080115
  
 ====== DUMPING at point            1
 propag    0.0000000000000000        0.0000000000000000        0.0000000000000000        0.0000000000000000     
 test props.    0.0000000000000000        0.0000000000000000     
 Var           1.6356179161824580     
 Var before    1.2305337900178859     
 iev, nphot and rad. pattern    0.0000000000000000                0               0           0           0           0
 partons...            1          -1
 x1 & x2   0.96318259554516339       0.99924355471594872     
 sv & ME    1.0000000000000000        549.57103686842447     
 plepton   =    49.052369988948634       -44.398522280580451       -18.155934783493304       -10.259487768869329     
 pneutrino =    49.052369988948634        44.398522280580451        18.155934783493304        10.259487768869329     
 pleptonlab   =    49.249210889256432       -44.398522280580451       -18.155934783493304       -11.162744329300239     
 pneutrinolab =    48.872096623799202        44.398522280580451        18.155934783493304        9.3596963707609717     
 sqrt(s) =    98.104739977897268     
 sqrt_fs_cm =    98.104739977897268     
 phind channel           0
 bbb pw(0) qmod c1q   0.0000000000000000        0.0000000000000000        0.0000000000000000        0.0000000000000000     
 reduced to Born momenta
   49.052369988948634        0.0000000000000000        0.0000000000000000        49.052320270371602     
   49.052369988948634        0.0000000000000000        0.0000000000000000       -49.052320270371602     
   49.052369988948634       -44.398522280580451       -18.155934783493304       -10.259487768869329     
   49.052369988948634        44.398522280580451        18.155934783493304        10.259487768869329     
 isvec for ranlux 
    11721521    11045222     4525189     9551634     3138826    12914592    10311113     5879490    10841622     2041022     1591996      713870     2223296     9465644     1698956     6906665      167992     7923134     5610804    11998942     7292850    14658741     2512720     2054019     4020115
  
 ====== DUMPING at point            1
 propag    0.0000000000000000        0.0000000000000000        0.0000000000000000        0.0000000000000000     
 test props.    0.0000000000000000        0.0000000000000000     
 Var           2.4131955982635245     
 Var before    1.3538020736998375     
 iev, nphot and rad. pattern    0.0000000000000000                0               0           0           0           0
 partons...            1          -1
 x1 & x2   0.99967724214925802       0.97555223158695292     
 sv & ME    1.0000000000000000        879.89503339074838     
 plepton   =    49.377053487561390        38.986649666223201       -12.425468983169029        27.635685549186455     
 pneutrino =    49.377053487561390       -38.986649666223201        12.425468983169029       -27.635685549186455     
 pleptonlab   =    49.718298098421542        38.986649666223201       -12.425468983169029        28.240872338926103     
 pneutrinolab =    49.043175588389005       -38.986649666223201        12.425468983169029       -27.034621810810854     
 sqrt(s) =    98.754106975122781     
 sqrt_fs_cm =    98.754106975122781     
 phind channel           0
 bbb pw(0) qmod c1q   0.0000000000000000        0.0000000000000000        0.0000000000000000        0.0000000000000000     
 reduced to Born momenta
   49.377053487561390        0.0000000000000000        0.0000000000000000        49.377004095913904     
   49.377053487561390        0.0000000000000000        0.0000000000000000       -49.377004095913904     
   49.377053487561390        38.986649666223201       -12.425468983169029        27.635685549186455     
   49.377053487561390       -38.986649666223201        12.425468983169029       -27.635685549186455     
 isvec for ranlux 
     5015453    15280816     4310583      768372    14533642     3155413     4422873      249048     4684845     1910008    16056781      794157     1869094     3063496    16774527    13424117     4046483    13961998    14383364     9654875    12256042     6035440    14952706     7070106    -4050721
  
 ====== DUMPING at point            1
 propag    0.0000000000000000        0.0000000000000000        0.0000000000000000        0.0000000000000000     
 test props.    0.0000000000000000        0.0000000000000000     
 Var           3.1915881956719652     
 Var before    2.1127172667553498     
 iev, nphot and rad. pattern    0.0000000000000000                0               0           0           0           0
 partons...            1          -1
 x1 & x2   0.99918788184465734       0.64860479197713217     
 sv & ME    1.0000000000000000        213.89885019609454     
 plepton   =    40.251647427463304       -18.829058791404851       -29.429820037255180        19.988401500318584     
 pneutrino =    40.251647427463318        18.829058791404851        29.429820037255180       -19.988401500318584     
 pleptonlab   =    45.547182529534830       -18.829058791404851       -29.429820037255180        29.221343403270964     
 pneutrinolab =    36.842451161554671        18.829058791404851        29.429820037255180       -11.692188909894698     
 sqrt(s) =    80.503294854926622     
 sqrt_fs_cm =    80.503294854926622     
 phind channel           0
 bbb pw(0) qmod c1q   0.0000000000000000        0.0000000000000000        0.0000000000000000        0.0000000000000000     
 reduced to Born momenta
   40.251647427463311        0.0000000000000000        0.0000000000000000        40.251586838275259     
   40.251647427463311        0.0000000000000000        0.0000000000000000       -40.251586838275259     
   40.251647427463304       -18.829058791404851       -29.429820037255180        19.988401500318584     
   40.251647427463318        18.829058791404851        29.429820037255180       -19.988401500318584     
 isvec for ranlux 
    13339185     3157215     2885755    13075980     2672839    15264749     5589110    16308282     7842139    12049687    13366755     6076284      742419    12796796     4739940     6325708    16429432     3537523     6895768     4781887    12457939      764822     9148973    10794182    -4081303
  
 ====== DUMPING at point            1
 propag    0.0000000000000000        0.0000000000000000        0.0000000000000000        0.0000000000000000     
 test props.    0.0000000000000000        0.0000000000000000     
 Var           2.2122256156219215     
 Var before    2.0087531064370108     
 iev, nphot and rad. pattern    0.0000000000000000                0               0           0           0           0
 partons...            1          -1
 x1 & x2   0.94114352553451341       0.99903823091475108     
 sv & ME    1.0000000000000000        1339.7441360472010     
 plepton   =    48.482944495638662       -4.5304749720681103        41.755571925517707        24.218417639806560     
 pneutrino =    48.482944495638677        4.5304749720681103       -41.755571925517707       -24.218417639806560     
 pleptonlab   =    47.781548346183833       -4.5304749720681103        41.755571925517707        22.781839442143763     
 pneutrinolab =    49.227539476279375        4.5304749720681103       -41.755571925517707       -25.676574711155645     
 sqrt(s) =    96.965888991277339     
 sqrt_fs_cm =    96.965888991277339     
 phind channel           0
 bbb pw(0) qmod c1q   0.0000000000000000        0.0000000000000000        0.0000000000000000        0.0000000000000000     
 reduced to Born momenta
   48.482944495638669        0.0000000000000000        0.0000000000000000        48.482894193123208     
   48.482944495638669        0.0000000000000000        0.0000000000000000       -48.482894193123208     
   48.482944495638662       -4.5304749720681103        41.755571925517707        24.218417639806560     
   48.482944495638677        4.5304749720681103       -41.755571925517707       -24.218417639806560     
 isvec for ranlux 
     9996655     5314963     4653955      412784     6974021     7680405    11535779     2804731     6868442    11334850     5798372     6373794     4365370     1770520    15945583     3388180    11771294    11057837     5103923    12470000    14455935    13482498      760501     6155176     4041909
  
 ====== DUMPING at point            1
 propag    0.0000000000000000        0.0000000000000000        0.0000000000000000        0.0000000000000000     
 test props.    0.0000000000000000        0.0000000000000000     
 Var           2.0962359307072234     
 Var before    1.9002964849032820     
 iev, nphot and rad. pattern    0.0000000000000000                0               0           0           0           0
 partons...            1          -1
 x1 & x2   0.99794617202952152       0.89632381090404378     
 sv & ME    1.0000000000000000        3282.5939018048671     
 plepton   =    47.288553477311069        22.762189507513789        35.658352183579311        21.131984636112502     
 pneutrino =    47.288553477311055       -22.762189507513789       -35.658352183579311       -21.131984636112502     
 pleptonlab   =    48.492057177440110        22.762189507513789        35.658352183579311        23.703018668188811     
 pneutrinolab =    46.221441969238150       -22.762189507513789       -35.658352183579311       -18.621900611914924     
 sqrt(s) =    94.577106954622124     
 sqrt_fs_cm =    94.577106954622124     
 phind channel           0
 bbb pw(0) qmod c1q   0.0000000000000000        0.0000000000000000        0.0000000000000000        0.0000000000000000     
 reduced to Born momenta
   47.288553477311062        0.0000000000000000        0.0000000000000000        47.288501904278043     
   47.288553477311062        0.0000000000000000        0.0000000000000000       -47.288501904278043     
   47.288553477311069        22.762189507513789        35.658352183579311        21.131984636112502     
   47.288553477311055       -22.762189507513789       -35.658352183579311       -21.131984636112502     
 isvec for ranlux 
     5296148     8646563    10452673     7166248      952571     3765111    10544008    12173936     2054572     9165979     5001339     7374366     6185974      750604     2177072     5243092     2039795     8760032     5864455     9125444     9026986    11573976    10700607    16005715     4021505
  
 ====== DUMPING at point            1
 propag    0.0000000000000000        0.0000000000000000        0.0000000000000000        0.0000000000000000     
 test props.    0.0000000000000000        0.0000000000000000     
 Var           2.2314080041211750     
 Var before    1.8432997986747122     
 iev, nphot and rad. pattern    0.0000000000000000                0               0           0           0           0
 partons...            1          -1
 x1 & x2   0.84346614513319096       0.99738014816528942     
 sv & ME    1.0000000000000000        22612.880632998545     
 plepton   =    45.860014958712888        35.218199616181899        17.971405002705222        23.234388873938748     
 pneutrino =    45.860014958712874       -35.218199616181899       -17.971405002705222       -23.234388873938748     
 pleptonlab   =    44.071693402493914        35.218199616181899        17.971405002705222        19.468179516725840     
 pneutrinolab =    47.970621262430129       -35.218199616181899       -17.971405002705222       -27.163879668330765     
 sqrt(s) =    91.720029917425762     
 sqrt_fs_cm =    91.720029917425762     
 phind channel           0
 bbb pw(0) qmod c1q   0.0000000000000000        0.0000000000000000        0.0000000000000000        0.0000000000000000     
 reduced to Born momenta
   45.860014958712881        0.0000000000000000        0.0000000000000000        45.859961779179116     
   45.860014958712881        0.0000000000000000        0.0000000000000000       -45.859961779179116     
   45.860014958712888        35.218199616181899        17.971405002705222        23.234388873938748     
   45.860014958712874       -35.218199616181899       -17.971405002705222       -23.234388873938748     
 isvec for ranlux 
     2357503    13313867    13475429      398041      676046      598883     1378089     4879090    14650659     9192766    12027607    13293528    15088918     5524941     3471822    13068680     3121771    14380553    13340567    15481040    11950101    16227926    15558269    13944932    -4050620
  
 ====== DUMPING at point            1
 propag    0.0000000000000000        0.0000000000000000        0.0000000000000000        0.0000000000000000     
 test props.    0.0000000000000000        0.0000000000000000     
 Var           1.8980028885454507     
 Var before    1.6454928927826515     
 iev, nphot and rad. pattern    0.0000000000000000                0               0           0           0           0
 partons...            1          -1
 x1 & x2   0.99802136947300357       0.84640946576478382     
 sv & ME    1.0000000000000000        13792.287894546422     
 plepton   =    45.954725931004184        2.8246509074417134       -45.740641412946005       -3.4118531746864682     
 pneutrino =    45.954725931004155       -2.8246509074417134        45.740641412946005        3.4118531746864682     
 pleptonlab   =    45.829364809802094        2.8246509074417134       -45.740641412946005       0.36685904900501631     
 pneutrinolab =    46.392176952087269       -2.8246509074417134        45.740641412946005        7.2137361364059682     
 sqrt(s) =    91.909451862008339     
 sqrt_fs_cm =    91.909451862008339     
 phind channel           0
 bbb pw(0) qmod c1q   0.0000000000000000        0.0000000000000000        0.0000000000000000        0.0000000000000000     
 reduced to Born momenta
   45.954725931004170        0.0000000000000000        0.0000000000000000        45.954672861071558     
   45.954725931004170        0.0000000000000000        0.0000000000000000       -45.954672861071558     
   45.954725931004184        2.8246509074417134       -45.740641412946005       -3.4118531746864682     
   45.954725931004155       -2.8246509074417134        45.740641412946005        3.4118531746864682     
 isvec for ranlux 
    12675073     6236269     4537278     4433730     4224941    13787964    13876073    15802303    15288718      805940    14528922    13666908     8167124    16627472     6461287     3513350     4350067    10105469     7717376     3989656     7739191    12448084    16391049     2870502     4050721
  
 ====== DUMPING at point            1
 propag    0.0000000000000000        0.0000000000000000        0.0000000000000000        0.0000000000000000     
 test props.    0.0000000000000000        0.0000000000000000     
 Var           1.2904442691593432     
 Var before   0.87432761549425397     
 iev, nphot and rad. pattern    0.0000000000000000                0               0           0           0           0
 partons...            1          -1
 x1 & x2   0.85070499855433956       0.99913612264657470     
 sv & ME    1.0000000000000000        23179.639899076567     
 plepton   =    46.096911332855129        26.901194577676275        3.7214343552406288        37.247694255769375     
 pneutrino =    46.096911332855115       -26.901194577676275       -3.7214343552406288       -37.247694255769375     
 pleptonlab   =    43.247607437205836        26.901194577676275        3.7214343552406288        33.657406940892351     
 pneutrinolab =    49.244448622839876       -26.901194577676275       -3.7214343552406288       -41.078963145504112     
 sqrt(s) =    92.193822665710243     
 sqrt_fs_cm =    92.193822665710243     
 phind channel           0
 bbb pw(0) qmod c1q   0.0000000000000000        0.0000000000000000        0.0000000000000000        0.0000000000000000     
 reduced to Born momenta
   46.096911332855129        0.0000000000000000        0.0000000000000000        46.096858426616315     
   46.096911332855115        0.0000000000000000        0.0000000000000000       -46.096858426616301     
   46.096911332855129        26.901194577676275        3.7214343552406288        37.247694255769375     
   46.096911332855115       -26.901194577676275       -3.7214343552406288       -37.247694255769375     
 isvec for ranlux 
    10671788    15112082    16580349    15196529    12173453     4126535    14349879    14774021     1833402    14749546    12999650    11317858    16659325    10501234     7001243    11690730    15931723    11335180     5068908     1086744     3192185    13920432    14783369     9387395    -4011707
  
 ====== DUMPING at point            1
 propag    0.0000000000000000        0.0000000000000000        0.0000000000000000        0.0000000000000000     
 test props.    0.0000000000000000        0.0000000000000000     
 Var           1.6667832539490917     
 Var before    1.2255757169219323     
 iev, nphot and rad. pattern    0.0000000000000000                0               0           0           0           0
 partons...            1          -1
 x1 & x2   0.99978361970231511       0.92283513222221691     
 sv & ME    1.0000000000000000        1819.2029892825105     
 plepton   =    48.026957244905496        14.823762922756391       -38.968132459820637        23.839424571836862     
 pneutrino =    48.026957244905496       -14.823762922756391        38.968132459820637       -23.839424571836862     
 pleptonlab   =    49.020353184107428        14.823762922756391       -38.968132459820637        25.782252966080172     
 pneutrinolab =    47.110584412119145       -14.823762922756391        38.968132459820637       -21.934828592075263     
 sqrt(s) =    96.053914489810992     
 sqrt_fs_cm =    96.053914489810992     
 phind channel           0
 bbb pw(0) qmod c1q   0.0000000000000000        0.0000000000000000        0.0000000000000000        0.0000000000000000     
 reduced to Born momenta
   48.026957244905489        0.0000000000000000        0.0000000000000000        48.026906464797207     
   48.026957244905503        0.0000000000000000        0.0000000000000000       -48.026906464797221     
   48.026957244905496        14.823762922756391       -38.968132459820637        23.839424571836862     
   48.026957244905496       -14.823762922756391        38.968132459820637       -23.839424571836862     
 isvec for ranlux 
     1467315    14552326     9549605    16451063     2447372     8870742    12068471    12007007     6978230    16284214     8468817    11598645    11614625     5336374     3803737    12939294     6082334     4537718    14679745    16308527    16057847    10631340     7612034     5753259    -4182212
  
 ====== DUMPING at point            1
 propag    0.0000000000000000        0.0000000000000000        0.0000000000000000        0.0000000000000000     
 test props.    0.0000000000000000        0.0000000000000000     
 Var           1.4863964338338138     
 Var before   0.75781695984328445     
 iev, nphot and rad. pattern    0.0000000000000000                0               0           0           0           0
 partons...            1          -1
 x1 & x2   0.99979838398414456       0.84066486361106263     
 sv & ME    1.0000000000000000        26440.873730356921     
 plepton   =    45.839267340092590       -19.678259477988366        28.810958558994511        29.730826382962732     
 pneutrino =    45.839267340092576        19.678259477988366       -28.810958558994511       -29.730826382962732     
 pleptonlab   =    48.591885883026805       -19.678259477988366        28.810958558994511        33.820925191462365     
 pneutrinolab =    43.431276496733524        19.678259477988366       -28.810958558994511       -25.864249172808268     
 sqrt(s) =    91.678534680185166     
 sqrt_fs_cm =    91.678534680185166     
 phind channel           0
 bbb pw(0) qmod c1q   0.0000000000000000        0.0000000000000000        0.0000000000000000        0.0000000000000000     
 reduced to Born momenta
   45.839267340092583        0.0000000000000000        0.0000000000000000        45.839214136488842     
   45.839267340092583        0.0000000000000000        0.0000000000000000       -45.839214136488842     
   45.839267340092590       -19.678259477988366        28.810958558994511        29.730826382962732     
   45.839267340092576        19.678259477988366       -28.810958558994511       -29.730826382962732     
 isvec for ranlux 
    10133792     8012408     5802471    15848650     3998090     8366287     8259760     7239157    11187399     3051700     1592070     1617504     4202411     2209282     7734370    11322307     8269585      641457    12859162     4265691     8778025    14458014    14989513     8307982     4112111
  
 ====== DUMPING at point            1
 propag    0.0000000000000000        0.0000000000000000        0.0000000000000000        0.0000000000000000     
 test props.    0.0000000000000000        0.0000000000000000     
 Var          0.52297301781889349     
 Var before   0.47488976465604937     
 iev, nphot and rad. pattern    0.0000000000000000                0               0           0           0           0
 partons...            1          -1
 x1 & x2   0.99989458723351221       0.82075517405048570     
 sv & ME    1.0000000000000000        15007.214440260290     
 plepton   =    45.295382103945762       -19.716745615630540       -27.537928936598885       -30.076118241261213     
 pneutrino =    45.295382103945748        19.716745615630540        27.537928936598885        30.076118241261213     
 pleptonlab   =    42.542531303394711       -19.716745615630540       -27.537928936598885       -25.744285156519570     
 pneutrinolab =    48.489956760805178        19.716745615630540        27.537928936598885        34.701255815670891     
 sqrt(s) =    90.590764207891510     
 sqrt_fs_cm =    90.590764207891510     
 phind channel           0
 bbb pw(0) qmod c1q   0.0000000000000000        0.0000000000000000        0.0000000000000000        0.0000000000000000     
 reduced to Born momenta
   45.295382103945755        0.0000000000000000        0.0000000000000000        45.295328261497886     
   45.295382103945755        0.0000000000000000        0.0000000000000000       -45.295328261497886     
   45.295382103945762       -19.716745615630540       -27.537928936598885       -30.076118241261213     
   45.295382103945748        19.716745615630540        27.537928936598885        30.076118241261213     
 isvec for ranlux 
     3688637    14053662    12588071    11536133     9988281    14201265     3023778     8336309     7700588     7389476     2663606     3417323    12053979    11535674     1089984     3050167    10818579       42031    11733593     9268692    14754184    14106291    10624018      593816     4181909
  
