 ====== DUMPING at point            1
 propag    0.0000000000000000        0.0000000000000000        0.0000000000000000        0.0000000000000000     
 test props.    0.0000000000000000        0.0000000000000000     
 Var           3.6033589309558365     
 Var before    0.0000000000000000     
 iev, nphot and rad. pattern    0.0000000000000000                0               0           0           0           0
 partons...            1          -1
 x1 & x2   0.96651094890545097       0.83948064623853291     
 sv & ME    1.0000000000000000        26043.581295426469     
 plepton   =    45.037962764310450        3.9857162233365808       -5.0777721772464579        44.572830538019005     
 pneutrino =    45.037962764310450       -3.9857162233365808        5.0777721772464579       -44.572830538019005     
 pleptonlab   =    48.292749621026410        3.9857162233365808       -5.0777721772464579        47.859260317839130     
 pneutrinolab =    42.006830136172809       -3.9857162233365808        5.0777721772464579       -41.507745184493231     
 sqrt(s) =    90.075925528620900     
 sqrt_fs_cm =    90.075925528620900     
 phind channel           0
 bbb pw(0) qmod c1q   0.0000000000000000        0.0000000000000000        0.0000000000000000        0.0000000000000000     
 reduced to Born momenta
   45.444035983348869        0.0000000000000000        0.0000000000000000        45.443982317027491     
   45.444035983348869        0.0000000000000000        0.0000000000000000       -45.443982317027491     
   45.444035983348876       -34.152092317165511        8.0006185590294869        28.892454651641430     
   45.444035983348861        34.152092317165511       -8.0006185590294869       -28.892454651641430     
 isvec for ranlux 
     9644655    14614328     8305202     1457455     1056974    16450356    10467055     4514011      135838    16753179    11474510      425858    13826447     7299317     7668616    13721940      957152    13197359    14184585     9294164    15939178     5902395     5267822    14659295     4102414
  
 ====== DUMPING at point            1
 propag    0.0000000000000000        0.0000000000000000        0.0000000000000000        0.0000000000000000     
 test props.    0.0000000000000000        0.0000000000000000     
 Var           2.4888434541742028     
 Var before    2.1875149976630945     
 iev, nphot and rad. pattern    0.0000000000000000                0               0           0           0           0
 partons...            1          -1
 x1 & x2   0.99427728318130171       0.99976866665782238     
 sv & ME    1.0000000000000000        451.37557687867036     
 plepton   =    49.850959712284677        42.946285615871474        24.649366648503285        5.7560660326308799     
 pneutrino =    49.850959712284663       -42.946285615871474       -24.649366648503285       -5.7560660326308799     
 pleptonlab   =    49.835297112386790        42.946285615871474        24.649366648503285        5.6188032725879555     
 pneutrinolab =    49.867000379569383       -42.946285615871474       -24.649366648503285       -5.8933724464139932     
 sqrt(s) =    99.701919424569340     
 sqrt_fs_cm =    99.701919424569340     
 phind channel           0
 bbb pw(0) qmod c1q   0.0000000000000000        0.0000000000000000        0.0000000000000000        0.0000000000000000     
 reduced to Born momenta
   49.850959712284670        0.0000000000000000        0.0000000000000000        49.850910790177437     
   49.850959712284670        0.0000000000000000        0.0000000000000000       -49.850910790177437     
   49.850959712284677        42.946285615871474        24.649366648503285        5.7560660326308799     
   49.850959712284663       -42.946285615871474       -24.649366648503285       -5.7560660326308799     
 isvec for ranlux 
    13828964    12538209    14722825      978898    10903123    16188213     3834576      755982    12350293    13898296    16631971     2580472     9212313    13500588    11285027    12295266    14794390     9041223     4836823     6203403     5099258      436050     2993088    13331992     4071707
  
 ====== DUMPING at point            1
 propag    0.0000000000000000        0.0000000000000000        0.0000000000000000        0.0000000000000000     
 test props.    0.0000000000000000        0.0000000000000000     
 Var           1.6936323081056639     
 Var before    1.4425818411008944     
 iev, nphot and rad. pattern    0.0000000000000000                0               0           0           0           0
 partons...            1          -1
 x1 & x2   0.97840450326061690       0.84268116408081939     
 sv & ME    1.0000000000000000        22715.218488221148     
 plepton   =    45.400524384349701       -31.954911516904406        20.918620192704175        24.545700435364697     
 pneutrino =    45.400524384349687        31.954911516904406       -20.918620192704175       -24.545700435364697     
 pleptonlab   =    47.361605310757312       -31.954911516904406        20.918620192704175        28.007239298093733     
 pneutrinolab =    43.692678056314499        31.954911516904406       -20.918620192704175       -21.221072339103859     
 sqrt(s) =    90.801048768699388     
 sqrt_fs_cm =    90.801048768699388     
 phind channel           0
 bbb pw(0) qmod c1q   0.0000000000000000        0.0000000000000000        0.0000000000000000        0.0000000000000000     
 reduced to Born momenta
   45.400524384349701        0.0000000000000000        0.0000000000000000        45.400470666594771     
   45.400524384349687        0.0000000000000000        0.0000000000000000       -45.400470666594757     
   45.400524384349701       -31.954911516904406        20.918620192704175        24.545700435364697     
   45.400524384349687        31.954911516904406       -20.918620192704175       -24.545700435364697     
 isvec for ranlux 
     8965487     4677045     9993826    10061960    12404269    11384977    11035044     9685088    14068021     1324435      272948    14908356    11427211    15348884     8000738     8738368    12913065     1505022     4123979     3215547    11907780     4934906    11898556     4780317    -4080115
  
 ====== DUMPING at point            1
 propag    0.0000000000000000        0.0000000000000000        0.0000000000000000        0.0000000000000000     
 test props.    0.0000000000000000        0.0000000000000000     
 Var           2.2261603933960483     
 Var before    1.4870894072882632     
 iev, nphot and rad. pattern    0.0000000000000000                0               0           0           0           0
 partons...            1          -1
 x1 & x2   0.82421759133764971       0.99242917915898088     
 sv & ME    1.0000000000000000        11728.510437735298     
 plepton   =    45.221056699827791       -23.123407295415824        38.241453265536983       -6.9160749379712163     
 pneutrino =    45.221056699827791        23.123407295415824       -38.241453265536983        6.9160749379712163     
 pleptonlab   =    46.059323155595294       -23.123407295415824        38.241453265536983       -11.151205004399749     
 pneutrinolab =    44.773015369236241        23.123407295415824       -38.241453265536983        2.7406256133331857     
 sqrt(s) =    90.442113399655582     
 sqrt_fs_cm =    90.442113399655582     
 phind channel           0
 bbb pw(0) qmod c1q   0.0000000000000000        0.0000000000000000        0.0000000000000000        0.0000000000000000     
 reduced to Born momenta
   45.221056699827791        0.0000000000000000        0.0000000000000000        45.221002768884283     
   45.221056699827791        0.0000000000000000        0.0000000000000000       -45.221002768884283     
   45.221056699827791       -23.123407295415824        38.241453265536983       -6.9160749379712163     
   45.221056699827791        23.123407295415824       -38.241453265536983        6.9160749379712163     
 isvec for ranlux 
    15326067    15249886     2032167    12287672     2672740     1104457     9630857    11203193     9414693    13903049     1041894    12159642    14667289     9413416    16351989    16702048    13674632     3503371    11931980     1731313     7232330     5707229     4337415    14161190    -4121101
  
 ====== DUMPING at point            1
 propag    0.0000000000000000        0.0000000000000000        0.0000000000000000        0.0000000000000000     
 test props.    0.0000000000000000        0.0000000000000000     
 Var           9.3233752699798380     
 Var before    1.9035980233795142     
 iev, nphot and rad. pattern    0.0000000000000000                0               0           0           0           0
 partons...            1          -1
 x1 & x2   0.99890611494804493       0.77220503609000912     
 sv & ME    1.0000000000000000        2416.6027033219079     
 plepton   =    43.913560905032107        39.964277681561292        4.2324484378127183        17.701202142250537     
 pneutrino =    43.913560905032107       -39.964277681561292       -4.2324484378127183       -17.701202142250537     
 pleptonlab   =    46.562313177187143        39.964277681561292        4.2324484378127183        23.515542399258120     
 pneutrinolab =    41.993244374715552       -39.964277681561292       -4.2324484378127183       -12.180488456356333     
 sqrt(s) =    87.827121810064213     
 sqrt_fs_cm =    87.827121810064213     
 phind channel           0
 bbb pw(0) qmod c1q   0.0000000000000000        0.0000000000000000        0.0000000000000000        0.0000000000000000     
 reduced to Born momenta
   43.913560905032107        0.0000000000000000        0.0000000000000000        43.913505368330185     
   43.913560905032107        0.0000000000000000        0.0000000000000000       -43.913505368330185     
   43.913560905032107        39.964277681561292        4.2324484378127183        17.701202142250537     
   43.913560905032107       -39.964277681561292       -4.2324484378127183       -17.701202142250537     
 isvec for ranlux 
     4925990     5576093    15184408    11784099    11845403    13164298      418628     8394559    12727338     1012832     9828754     3599171     1962348     6110377     3755204    14196229     8714040    12307127     8788506     3545955     7555912     3534851     9276842     7912478    -4100317
  
 ====== DUMPING at point            1
 propag    0.0000000000000000        0.0000000000000000        0.0000000000000000        0.0000000000000000     
 test props.    0.0000000000000000        0.0000000000000000     
 Var           6.4381303862102577     
 Var before    2.5469399670814652     
 iev, nphot and rad. pattern    0.0000000000000000                0               0           0           0           0
 partons...            1          -1
 x1 & x2   0.82578171540820566       0.99938834611719984     
 sv & ME    1.0000000000000000        27765.040204490782     
 plepton   =    45.422368465757899       -11.983725807394800       -29.186189656071527        32.676245844353247     
 pneutrino =    45.422368465757884        11.983725807394800        29.186189656071527       -32.676245844353247     
 pleptonlab   =    42.506994191772051       -11.983725807394800       -29.186189656071527        28.484908998641345     
 pneutrinolab =    48.751508884498215        11.983725807394800        29.186189656071527       -37.165240534091055     
 sqrt(s) =    90.844736931515783     
 sqrt_fs_cm =    90.844736931515783     
 phind channel           0
 bbb pw(0) qmod c1q   0.0000000000000000        0.0000000000000000        0.0000000000000000        0.0000000000000000     
 reduced to Born momenta
   45.422368465757891        0.0000000000000000        0.0000000000000000        45.422314773836405     
   45.422368465757891        0.0000000000000000        0.0000000000000000       -45.422314773836405     
   45.422368465757899       -11.983725807394800       -29.186189656071527        32.676245844353247     
   45.422368465757884        11.983725807394800        29.186189656071527       -32.676245844353247     
 isvec for ranlux 
     6421334     2423437     5715606     3926529     7706024    16732713    16568292    10697716    10804217    12296899    13403552     1093186    11046168     8745017     6064867     7111243    12495416     9149192     9988395     7047572    10817188      356677    10759454     5582999    -4161404
  
 ====== DUMPING at point            1
 propag    0.0000000000000000        0.0000000000000000        0.0000000000000000        0.0000000000000000     
 test props.    0.0000000000000000        0.0000000000000000     
 Var           2.0568637252986193     
 Var before    1.7842212829118447     
 iev, nphot and rad. pattern    0.0000000000000000                0               0           0           0           0
 partons...            1          -1
 x1 & x2   0.84872941278141611       0.99912513605813502     
 sv & ME    1.0000000000000000        23769.411920289152     
 plepton   =    46.043101818344446        26.869792303911414        3.7170902544578999        37.204214317034605     
 pneutrino =    46.043101818344446       -26.869792303911414       -3.7170902544578999       -37.204214317034605     
 pleptonlab   =    43.158256762411114        26.869792303911414        3.7170902544578999        33.568161472794635     
 pneutrinolab =    49.234470679566442       -26.869792303911414       -3.7170902544578999       -41.087947636630581     
 sqrt(s) =    92.086203636688893     
 sqrt_fs_cm =    92.086203636688893     
 phind channel           0
 bbb pw(0) qmod c1q   0.0000000000000000        0.0000000000000000        0.0000000000000000        0.0000000000000000     
 reduced to Born momenta
   46.043101818344446        0.0000000000000000        0.0000000000000000        46.043048850275255     
   46.043101818344446        0.0000000000000000        0.0000000000000000       -46.043048850275255     
   46.043101818344446        26.869792303911414        3.7170902544578999        37.204214317034605     
   46.043101818344446       -26.869792303911414       -3.7170902544578999       -37.204214317034605     
 isvec for ranlux 
    10671788    15112082    16580349    15196529    12173453     4126535    14349879    14774021     1833402    14749546    12999650    11317858    16659325    10501234     7001243    11690730    15931723    11335180     5068908     1086744     3192185    13920432    14783369     9387395    -4011707
  
 ====== DUMPING at point            1
 propag    0.0000000000000000        0.0000000000000000        0.0000000000000000        0.0000000000000000     
 test props.    0.0000000000000000        0.0000000000000000     
 Var          0.81890361361428698     
 Var before   0.71691001638849772     
 iev, nphot and rad. pattern    0.0000000000000000                0               0           0           0           0
 partons...            1          -1
 x1 & x2   0.99951573701968466       0.82824934251296400     
 sv & ME    1.0000000000000000        18119.473879633730     
 plepton   =    45.493083320926765        42.863491370807544       -12.827327762714591        8.2334826365223872     
 pneutrino =    45.493083320926793       -42.863491370807544        12.827327762714591       -8.2334826365223872     
 pleptonlab   =    46.469035382325970        42.863491370807544       -12.827327762714591        12.551528020324611     
 pneutrinolab =    44.919218594306464       -42.863491370807544        12.827327762714591       -3.9882082949885724     
 sqrt(s) =    90.986166641853558     
 sqrt_fs_cm =    90.986166641853558     
 phind channel           0
 bbb pw(0) qmod c1q   0.0000000000000000        0.0000000000000000        0.0000000000000000        0.0000000000000000     
 reduced to Born momenta
   45.493083320926779        0.0000000000000000        0.0000000000000000        45.493029712464590     
   45.493083320926779        0.0000000000000000        0.0000000000000000       -45.493029712464590     
   45.493083320926765        42.863491370807544       -12.827327762714591        8.2334826365223872     
   45.493083320926793       -42.863491370807544        12.827327762714591       -8.2334826365223872     
 isvec for ranlux 
    16299211     3254293    16131975     5266621    16545363    14473301     5355798     5599353    11050532    14547556    11682091     8225026    12673044    12120042     6959192    14507471     7976243    13182463     2472364    15582834    14772810    14376851    13178594     7905684     4032111
  
 ====== DUMPING at point            1
 propag    0.0000000000000000        0.0000000000000000        0.0000000000000000        0.0000000000000000     
 test props.    0.0000000000000000        0.0000000000000000     
 Var          0.75874442463308578     
 Var before   0.56785587309615448     
 iev, nphot and rad. pattern    0.0000000000000000                0               0           0           0           0
 partons...            1          -1
 x1 & x2   0.99986910137122575       0.86235174215076860     
 sv & ME    1.0000000000000000        7668.4676449772560     
 plepton   =    46.428408907968198       -26.257996792492392       -18.578513729799042       -33.480478223453737     
 pneutrino =    46.428408907968183        26.257996792492392        18.578513729799042        33.480478223453737     
 pleptonlab   =    44.076356359481494       -26.257996792492392       -18.578513729799042       -30.134207443927636     
 pneutrinolab =    49.034685816618236        26.257996792492392        18.578513729799042        37.010075404950499     
 sqrt(s) =    92.856817815936381     
 sqrt_fs_cm =    92.856817815936381     
 phind channel           0
 bbb pw(0) qmod c1q   0.0000000000000000        0.0000000000000000        0.0000000000000000        0.0000000000000000     
 reduced to Born momenta
   46.428408907968191        0.0000000000000000        0.0000000000000000        46.428356379478913     
   46.428408907968191        0.0000000000000000        0.0000000000000000       -46.428356379478913     
   46.428408907968198       -26.257996792492392       -18.578513729799042       -33.480478223453737     
   46.428408907968183        26.257996792492392        18.578513729799042        33.480478223453737     
 isvec for ranlux 
     1948374     8671651     4823179    12041177      945790    14706172    15752365     3472617     5950536     1314392     5216746    14238364     5005588     6648891    15103801      817999     4819676    14947327    12782556      118696     8196223    16643681    15944295     5417153    -4030721
  
 ====== DUMPING at point            1
 propag    0.0000000000000000        0.0000000000000000        0.0000000000000000        0.0000000000000000     
 test props.    0.0000000000000000        0.0000000000000000     
 Var          0.71808587681565128     
 Var before   0.62297940826517251     
 iev, nphot and rad. pattern    0.0000000000000000                0               0           0           0           0
 partons...            1          -1
 x1 & x2   0.82016988947527458       0.99982093322161558     
 sv & ME    1.0000000000000000        15249.875333736498     
 plepton   =    45.277561338245647       -30.579502170050052       -18.071880444983563       -28.077528047555290     
 pneutrino =    45.277561338245619        30.579502170050052        18.071880444983563        28.077528047555290     
 pleptonlab   =    48.284901364263412       -30.579502170050052       -18.071880444983563       -32.706600561343940     
 pneutrinolab =    42.714639770581094        30.579502170050052        18.071880444983563        23.724048374026886     
 sqrt(s) =    90.555122676491266     
 sqrt_fs_cm =    90.555122676491266     
 phind channel           0
 bbb pw(0) qmod c1q   0.0000000000000000        0.0000000000000000        0.0000000000000000        0.0000000000000000     
 reduced to Born momenta
   45.277561338245640        0.0000000000000000        0.0000000000000000        45.277507474605933     
   45.277561338245626        0.0000000000000000        0.0000000000000000       -45.277507474605919     
   45.277561338245647       -30.579502170050052       -18.071880444983563       -28.077528047555290     
   45.277561338245619        30.579502170050052        18.071880444983563        28.077528047555290     
 isvec for ranlux 
    12039140    13414567       24956      680525     5161984    15245004     2427930     4072528    10460989    10949186    15097278     6403010    13177578     2354914     6551446    11760129     9565449    15230204    12264909     7341336     7576794     6409704     4349288     8230537    -4080317
  
 ====== DUMPING at point            1
 propag    0.0000000000000000        0.0000000000000000        0.0000000000000000        0.0000000000000000     
 test props.    0.0000000000000000        0.0000000000000000     
 Var          0.56317965849475438     
 Var before   0.50954308351713884     
 iev, nphot and rad. pattern    0.0000000000000000                0               0           0           0           0
 partons...            1          -1
 x1 & x2   0.99988273979711950       0.82686379361688622     
 sv & ME    1.0000000000000000        27285.451899257088     
 plepton   =    45.463359846163279       -31.200709142211785        13.326187574058743        30.262755964623707     
 pneutrino =    45.463359846163250        31.200709142211785       -13.326187574058743       -30.262755964623707     
 pleptonlab   =    48.547921579365877       -31.200709142211785        13.326187574058743        34.724890204994104     
 pneutrinolab =    42.789405091334402        31.200709142211785       -13.326187574058743       -26.073942895982444     
 sqrt(s) =    90.926719692326529     
 sqrt_fs_cm =    90.926719692326529     
 phind channel           0
 bbb pw(0) qmod c1q   0.0000000000000000        0.0000000000000000        0.0000000000000000        0.0000000000000000     
 reduced to Born momenta
   45.463359846163264        0.0000000000000000        0.0000000000000000        45.463306202652383     
   45.463359846163264        0.0000000000000000        0.0000000000000000       -45.463306202652383     
   45.463359846163279       -31.200709142211785        13.326187574058743        30.262755964623707     
   45.463359846163250        31.200709142211785       -13.326187574058743       -30.262755964623707     
 isvec for ranlux 
     1557697     2758898    12299107    12897799     9719336    12650748     3944842    11864134     1592213     5193147     1439382    14514151    13647109    11293445     6602871     1680709     7646021     3836307     1590689    12608638     8765967     5583163     6364299      289554    -4082414
  
