 ====== DUMPING at point            1
 propag    0.0000000000000000        0.0000000000000000        0.0000000000000000        0.0000000000000000     
 test props.    0.0000000000000000        0.0000000000000000     
 Var           2.4607968645358000     
 Var before    0.0000000000000000     
 iev, nphot and rad. pattern    0.0000000000000000                1               0           0           0           1
 partons...            1          -1
 x1 & x2   0.90143045948481404       0.93788361593482839     
 sv & ME    1.0000000000000000        733.92498893640504     
 plepton   =    45.704181316719755        37.383285446789500       -17.727285572365712       -19.418917106259489     
 pneutrino =    40.599075866678078       -32.401247313227785        17.812653013325789        16.767300400205155     
 pleptonlab   =    46.098096910720152        37.383285446789500       -17.727285572365712       -20.328715909725567     
 pneutrinolab =    40.274677134111563       -32.401247313227785        17.812653013325789        15.965807832344925     
 sqrt(s) =    91.947640473011106     
 sqrt_fs_cm =    86.118483136569722     
 phind channel           0
 bbb pw(0) qmod c1q   0.0000000000000000        0.0000000000000000        0.0000000000000000        0.0000000000000000     
 reduced to Born momenta
   45.973820236505560        0.0000000000000000        0.0000000000000000        45.973767188614509     
   45.973820236505546        0.0000000000000000        0.0000000000000000       -45.973767188614495     
   45.973820236505553        37.175308479634815       -18.974133016826737       -19.275883874697335     
   45.973820236505553       -37.175308479634815        18.974133016826737        19.275883874697335     
 >> Photon n.           1
 cm momentum     5.6443832896132768       -4.9820381335617139       -8.5367440960078395E-002   2.6516167060543343     
 lab momentum    5.5929297261503912       -4.9820381335617139       -8.5367440960078395E-002   2.5402502548799260     
 c_ph_up    0.46977970311367867     
 c_ph_up lab   0.45418955346474166     
 c_ph_lep -0.91569570586325877     
 c_ph_lep lab  -0.91679906535468347     
 isvec for ranlux 
     9644655    14614328     8305202     1457455     6611641    14048799     7267313     8683348    14048746     9318201     4464668     5476536     8218591     7359978     7668616    13721940      957152    13197359    14184585     9294164    15939178     5902395     5267822    14659295     4201404
  
 ====== DUMPING at point            1
 propag    0.0000000000000000        0.0000000000000000        0.0000000000000000        0.0000000000000000     
 test props.    0.0000000000000000        0.0000000000000000     
 Var           1.7977221378184227     
 Var before    1.2746010418279927     
 iev, nphot and rad. pattern    0.0000000000000000                0               0           0           1           0
 partons...            1          -1
 x1 & x2   0.95028516711605882       0.79532585959589341     
 sv & ME   0.70595231036386785        1264.3693324371059     
 plepton   =    43.467987283684039        31.679720286960169        29.731383001806496        1.3765689749901946     
 pneutrino =    43.467987283684039       -31.679720286960169       -29.731383001806496       -1.3765689749901946     
 pleptonlab   =    43.762959157677294        31.679720286960169        29.731383001806496        5.2560077896554454     
 pneutrinolab =    43.517592177920342       -31.679720286960169       -29.731383001806496        2.4919575863528225     
 sqrt(s) =    86.935974567368078     
 sqrt_fs_cm =    86.935974567368078     
 phind channel           0
 bbb pw(0) qmod c1q   0.0000000000000000        0.0000000000000000        0.0000000000000000        0.0000000000000000     
 reduced to Born momenta
   43.467987283684039        0.0000000000000000        0.0000000000000000        43.467931177696016     
   43.467987283684039        0.0000000000000000        0.0000000000000000       -43.467931177696016     
   43.467987283684039        31.679720286960169        29.731383001806496        1.3765689749901946     
   43.467987283684039       -31.679720286960169       -29.731383001806496       -1.3765689749901946     
 isvec for ranlux 
     6252439      346129     5312835     8261683     9079631     4152189    11690151     3251140     4683020     2530188    16021290    11618951     3342516     5282467     2561248    15711547    15779543    10985280     8292142     1596633    16558285    12472361     3784938     8334133     4140519
  
 ====== DUMPING at point            1
 propag    0.0000000000000000        0.0000000000000000        0.0000000000000000        0.0000000000000000     
 test props.    0.0000000000000000        0.0000000000000000     
 Var           1.7656433941071181     
 Var before    1.3644176525329184     
 iev, nphot and rad. pattern    0.0000000000000000                0               0           0           1           0
 partons...            1          -1
 x1 & x2   0.91096294764748231       0.92364177842076789     
 sv & ME   0.68112622867982320        17534.778149472117     
 plepton   =    45.864022856715977       -43.731579243591831       -7.5386253354814334        11.585142805446253     
 pneutrino =    45.864022856715948        43.731579243591831        7.5386253354814334       -11.585142805446253     
 pleptonlab   =    45.785052091227087       -43.731579243591831       -7.5386253354814334        11.268448705016807     
 pneutrinolab =    45.945184212185445        43.731579243591831        7.5386253354814334       -11.902390243681081     
 sqrt(s) =    91.728045713431925     
 sqrt_fs_cm =    91.728045713431925     
 phind channel           0
 bbb pw(0) qmod c1q   0.0000000000000000        0.0000000000000000        0.0000000000000000        0.0000000000000000     
 reduced to Born momenta
   45.864022856715970        0.0000000000000000        0.0000000000000000        45.863969681829381     
   45.864022856715955        0.0000000000000000        0.0000000000000000       -45.863969681829367     
   45.864022856715977       -43.731579243591831       -7.5386253354814334        11.585142805446253     
   45.864022856715948        43.731579243591831        7.5386253354814334       -11.585142805446253     
 isvec for ranlux 
     8965487     2126720     7254733    12923904     5337694    14130607     1878020     8597149     6833174     1891112    11634831     6803766      471344     6208649      964748     8738368    12913065     1505022     4123979     3215547    11907780     4934906    11898556     4780317     4221101
  
 ====== DUMPING at point            1
 propag    0.0000000000000000        0.0000000000000000        0.0000000000000000        0.0000000000000000     
 test props.    0.0000000000000000        0.0000000000000000     
 Var           1.8809885932061534     
 Var before    1.6378469323667582     
 iev, nphot and rad. pattern    0.0000000000000000                0               0           0           0           1
 partons...            1          -1
 x1 & x2   0.80793207513640775       0.96338109208022804     
 sv & ME   0.70239738021963616        2434.1511069775497     
 plepton   =    44.111973569303075       -10.249501096901108        42.854092000361639        2.0807629794353608     
 pneutrino =    44.111973569303089        10.249501096901108       -42.854092000361639       -2.0807629794353608     
 pleptonlab   =    44.099515822684261       -10.249501096901108        42.854092000361639       -1.7974031803896438     
 pneutrinolab =    44.466142538147537        10.249501096901108       -42.854092000361639       -5.9750476668013679     
 sqrt(s) =    88.223947138606164     
 sqrt_fs_cm =    88.223947138606164     
 phind channel           0
 bbb pw(0) qmod c1q   0.0000000000000000        0.0000000000000000        0.0000000000000000        0.0000000000000000     
 reduced to Born momenta
   44.111973569303082        0.0000000000000000        0.0000000000000000        44.111918282401795     
   44.111973569303082        0.0000000000000000        0.0000000000000000       -44.111918282401795     
   44.111973569303075       -10.249501096901108        42.854092000361639        2.0807629794353608     
   44.111973569303089        10.249501096901108       -42.854092000361639       -2.0807629794353608     
 isvec for ranlux 
    15326067    13686972    12635121    13902960    13679249    15597591     9630857    11203193     9414693    13903049     1041894    12159642    14667289     9413416    16351989    16702048    13674632     3503371    11931980     1731313     7232330     5707229     4337415    14161190     4071606
  
 ====== DUMPING at point            1
 propag    0.0000000000000000        0.0000000000000000        0.0000000000000000        0.0000000000000000     
 test props.    0.0000000000000000        0.0000000000000000     
 Var           2.4135799094995591     
 Var before    1.6261302781684577     
 iev, nphot and rad. pattern    0.0000000000000000                0               0           1           0           0
 partons...            1          -1
 x1 & x2   0.88910569308825838       0.97923366142483803     
 sv & ME   0.67424943230179579        7883.3143325443389     
 plepton   =    46.654105479488187        27.969814138599112       -24.268850874651520        28.377927490849110     
 pneutrino =    46.654105479488173       -27.969814138599112        24.268850874651520       -28.377927490849110     
 pleptonlab   =    45.337948020340043        27.969814138599112       -24.268850874651520        26.157804595946807     
 pneutrinolab =    48.079019705314771       -27.969814138599112        24.268850874651520       -30.664203012775786     
 sqrt(s) =    93.308210958976360     
 sqrt_fs_cm =    93.308210958976360     
 phind channel           0
 bbb pw(0) qmod c1q   0.0000000000000000        0.0000000000000000        0.0000000000000000        0.0000000000000000     
 reduced to Born momenta
   46.654105479488180        0.0000000000000000        0.0000000000000000        46.654053205114010     
   46.654105479488180        0.0000000000000000        0.0000000000000000       -46.654053205114010     
   46.654105479488187        27.969814138599112       -24.268850874651520        28.377927490849110     
   46.654105479488173       -27.969814138599112        24.268850874651520       -28.377927490849110     
 isvec for ranlux 
     4925990     5576093    15184408    11784099    11845403    13164298      418628     8394559    12727338     1012832     9828754     3599171     1962348     6110377     1170785     8157080     6470367    12307127     8788506     3545955     7555912     3534851     9276842     7912478     4132414
  
 ====== DUMPING at point            1
 propag    0.0000000000000000        0.0000000000000000        0.0000000000000000        0.0000000000000000     
 test props.    0.0000000000000000        0.0000000000000000     
 Var           10.788863678650399     
 Var before    1.5649273564811428     
 iev, nphot and rad. pattern    0.0000000000000000                0               0           0           0           1
 partons...            1          -1
 x1 & x2   0.99819327930682300       0.84196941045736517     
 sv & ME   0.67341793202602651        30195.771491892374     
 plepton   =    45.837981164654003       -4.7475981129067595        27.398421802995870        36.440309389783621     
 pneutrino =    45.837981164654003        4.7475981129067595       -27.398421802995870       -36.440309389783621     
 pleptonlab   =    49.108941177412348       -4.7475981129067595        27.398421802995870        40.477941335232501     
 pneutrinolab =    42.899193310797081        4.7475981129067595       -27.398421802995870       -32.666747892759602     
 sqrt(s) =    91.675962329308007     
 sqrt_fs_cm =    91.675962329308007     
 phind channel           0
 bbb pw(0) qmod c1q   0.0000000000000000        0.0000000000000000        0.0000000000000000        0.0000000000000000     
 reduced to Born momenta
   45.837981164653996        0.0000000000000000        0.0000000000000000        45.837927959557405     
   45.837981164654011        0.0000000000000000        0.0000000000000000       -45.837927959557419     
   45.837981164654003       -4.7475981129067595        27.398421802995870        36.440309389783621     
   45.837981164654003        4.7475981129067595       -27.398421802995870       -36.440309389783621     
 isvec for ranlux 
      128384    11388086    10466586    16512364     6221064    10759867     4294357     4958074     2428245      140484    15658108     6187047     6125357     5290921     3091457    10559473     4129276    15535479    13747368    10865395     4704666    11572707     3324263     2372157     4192111
  
 ====== DUMPING at point            1
 propag    0.0000000000000000        0.0000000000000000        0.0000000000000000        0.0000000000000000     
 test props.    0.0000000000000000        0.0000000000000000     
 Var           5.8339049581067544     
 Var before    3.5416506822466900     
 iev, nphot and rad. pattern    0.0000000000000000                1               1           0           0           0
 partons...            1          -1
 x1 & x2   0.99986603138298258       0.86866454264132864     
 sv & ME    1.0000000000000000        151.65958254032995     
 plepton   =    44.573204078139796       -37.646710843322616        10.868526338721860       -21.245226663977828     
 pneutrino =    45.179475566858791        39.739632658582806       -8.6213022948259344        19.687777723934488     
 pleptonlab   =    43.188038228957950       -37.646710843322616        10.868526338721860       -18.160280291841030     
 pneutrinolab =    46.677089632491423        39.739632658582806       -8.6213022948259344        22.916681168317080     
 sqrt(s) =    93.195931716674153     
 sqrt_fs_cm =    89.686607242266916     
 phind channel           0
 bbb pw(0) qmod c1q   0.0000000000000000        0.0000000000000000        0.0000000000000000        0.0000000000000000     
 reduced to Born momenta
   44.843303621133458        0.0000000000000000        0.0000000000000000        44.843249235883441     
   44.843303621133458        0.0000000000000000        0.0000000000000000       -44.843249235883441     
   44.843303621133451       -38.689636073658384        9.7487106645253032       -20.469133270193311     
   44.843303621133465        38.689636073658384       -9.7487106645253032        20.469133270193311     
 >> Photon n.           1
 cm momentum     3.4432520716755675       -2.0929218152601892       -2.2472240438959257        1.5574489400433404     
 lab momentum    3.5614008397662054       -2.0929218152601892       -2.2472240438959257        1.8036735606066496     
 c_ph_up    0.45231917606469313     
 c_ph_up lab   0.50645059114577373     
 c_ph_lep  0.13864842029543484     
 c_ph_lep lab   0.14051406154362131     
 isvec for ranlux 
     6248706     2443650     5424569     7840856     8854079     5077390    15263352    16554528     1529883     2696089     2519233     5653265    15789071      882553     5947087     9218297     5428618    10255587     4747224    14768239    10404210    13291405    15495887    10569314     4080721
  
 ====== DUMPING at point            1
 propag    0.0000000000000000        0.0000000000000000        0.0000000000000000        0.0000000000000000     
 test props.    0.0000000000000000        0.0000000000000000     
 Var           2.5870637202972144     
 Var before    2.1206457112375521     
 iev, nphot and rad. pattern    0.0000000000000000                0               0           1           0           0
 partons...            1          -1
 x1 & x2   0.83164150707438322       0.99922134577415167     
 sv & ME   0.76350585072378674        20426.318796064916     
 plepton   =    45.579434669061811        9.1548090822853787       -32.162833188197268       -30.971201672439307     
 pneutrino =    45.579434669061783       -9.1548090822853787        32.162833188197268        30.971201672439307     
 pleptonlab   =    48.618331608111120        9.1548090822853787       -32.162833188197268       -35.291254393119694     
 pneutrinolab =    42.924811034315638       -9.1548090822853787        32.162833188197268        26.912262458131270     
 sqrt(s) =    91.158869338123594     
 sqrt_fs_cm =    91.158869338123594     
 phind channel           0
 bbb pw(0) qmod c1q   0.0000000000000000        0.0000000000000000        0.0000000000000000        0.0000000000000000     
 reduced to Born momenta
   45.579434669061797        0.0000000000000000        0.0000000000000000        45.579381162162271     
   45.579434669061797        0.0000000000000000        0.0000000000000000       -45.579381162162271     
   45.579434669061811        9.1548090822853787       -32.162833188197268       -30.971201672439307     
   45.579434669061783       -9.1548090822853787        32.162833188197268        30.971201672439307     
 isvec for ranlux 
    14902313     9928972     4799160     2701921    12896674      994906     4989402     1593852     3619565    10431950     8726416    10407135     5333250    10378542     9914156    14939389     3289939    14228418    14454888     1597759     1973254     3860146     2875092     2125098     4191303
  
 ====== DUMPING at point            1
 propag    0.0000000000000000        0.0000000000000000        0.0000000000000000        0.0000000000000000     
 test props.    0.0000000000000000        0.0000000000000000     
 Var           1.3105235099864005     
 Var before    1.1043078177868486     
 iev, nphot and rad. pattern    0.0000000000000000                1               0           0           1           0
 partons...            1          -1
 x1 & x2   0.99951618002032627       0.82842923472956331     
 sv & ME    1.0000000000000000        2442629.0062420703     
 plepton   =    45.318359496756074        9.6125509191437075        40.276011556199272        18.416956907630670     
 pneutrino =    45.493945669169982       -9.6047334674308811       -40.452861253707361       -18.466267632248719     
 pleptonlab   =    47.249508146601571        9.6125509191437075        40.276011556199272        22.758440507997708     
 pneutrinolab =    43.958554775622744       -9.6047334674308811       -40.452861253707361       -14.270896456700640     
 sqrt(s) =    90.996067174029861     
 sqrt_fs_cm =    90.812119241176504     
 phind channel           0
 bbb pw(0) qmod c1q   0.0000000000000000        0.0000000000000000        0.0000000000000000        0.0000000000000000     
 reduced to Born momenta
   45.498033587014930        0.0000000000000000        0.0000000000000000        45.497979984385452     
   45.498033587014930        0.0000000000000000        0.0000000000000000       -45.497979984385452     
   45.498033587014937        9.6281092346749979        40.446112904259429        18.478943695318083     
   45.498033587014923       -9.6281092346749979       -40.446112904259429       -18.478943695318083     
 >> Photon n.           1
 cm momentum    0.18376200810380572       -7.8174517128258309E-003  0.17684969750809262        4.9310724618047648E-002
 lab momentum   0.18920781527019373       -7.8174517128258309E-003  0.17684969750809262        6.6803213241082279E-002
 c_ph_up    0.26834014890712554     
 c_ph_up lab   0.35306793826505284     
 c_ph_lep  0.95533476453774435     
 c_ph_lep lab   0.95839328696944148     
 isvec for ranlux 
    16299211     3254293    16131975     5266621    16545363    14473301     5355798     5599353    11050532    14547556    11682091     8225026    12673044    12120042     6959192    14507471     7976243    13182463     2472364    15582834    14772810    14376851    13178594     7905684     4032111
  
 ====== DUMPING at point            1
 propag    0.0000000000000000        0.0000000000000000        0.0000000000000000        0.0000000000000000     
 test props.    0.0000000000000000        0.0000000000000000     
 Var           2.0473452096876312     
 Var before    1.2738811236930732     
 iev, nphot and rad. pattern    0.0000000000000000                1               0           0           0           1
 partons...            1          -1
 x1 & x2   0.99986381211524855       0.82253113058823524     
 sv & ME    1.0000000000000000        196703642248.57336     
 plepton   =    45.343662897916190      -0.67986312596250709       -31.183407908819269        32.911539900626614     
 pneutrino =    45.298186957493698       0.67922777022769620        31.152223930610546       -32.878445397521936     
 pleptonlab   =    48.777683366176547      -0.67986312596250709       -31.183407908819269        37.501787800072314     
 pneutrinolab =    42.299606363824026       0.67922777022769620        31.152223930610546       -28.606347698653206     
 sqrt(s) =    90.687326116355322     
 sqrt_fs_cm =    90.641838447376813     
 phind channel           0
 bbb pw(0) qmod c1q   0.0000000000000000        0.0000000000000000        0.0000000000000000        0.0000000000000000     
 reduced to Born momenta
   45.343663058177661        0.0000000000000000        0.0000000000000000        45.343609273060139     
   45.343663058177661        0.0000000000000000        0.0000000000000000       -45.343609273060139     
   45.343663058177654      -0.67988639307059695       -31.183453337416463        32.911496597507750     
   45.343663058177668       0.67988639307059695        31.183453337416463       -32.911496597507750     
 >> Photon n.           1
 cm momentum     4.5476260945437399E-002   6.3535573481084367E-004   3.1183978208722624E-002  -3.3094503104679943E-002
 lab momentum    4.2457405173612239E-002   6.3535573481084367E-004   3.1183978208722624E-002  -2.8806025068454536E-002
 c_ph_up   -0.72773140132138081     
 c_ph_up lab  -0.67846880775365448     
 c_ph_lep -0.99999567376551324     
 c_ph_lep lab  -0.99138717173937341     
 isvec for ranlux 
    14376841     9367055    11411008     3416353     1394422    12230973     5252183    16075032     6397709     9393473    12531793     9363946    15390017     9736584    16117207    13485524     9250666     8140315     3126542     1982896     8250996    15449780     6880094     7144020    -4021707
  
 ====== DUMPING at point            1
 propag    0.0000000000000000        0.0000000000000000        0.0000000000000000        0.0000000000000000     
 test props.    0.0000000000000000        0.0000000000000000     
 Var          0.69985932969802889     
 Var before   0.58153123223603720     
 iev, nphot and rad. pattern    0.0000000000000000                1               0           0           1           0
 partons...            1          -1
 x1 & x2   0.76673313714818914       0.99988389159802493     
 sv & ME    1.0000000000000000        1081140.3521242407     
 plepton   =    41.889230797628620        41.833013476822551       -2.1453094670472441      -0.30516202927421737     
 pneutrino =    43.779038296759218       -43.721151355351751        2.2278660572980784       0.30094433173946311     
 pleptonlab   =    42.299501334967900        41.833013476822551       -2.1453094670472441       -5.8850046927817719     
 pneutrinolab =    44.125287715778022       -43.721151355351751        2.2278660572980784       -5.5251596630221060     
 sqrt(s) =    87.558215661860871     
 sqrt_fs_cm =    85.647419293289531     
 phind channel           0
 bbb pw(0) qmod c1q   0.0000000000000000        0.0000000000000000        0.0000000000000000        0.0000000000000000     
 reduced to Born momenta
   43.779107830930435        0.0000000000000000        0.0000000000000000        43.779052123665657     
   43.779107830930435        0.0000000000000000        0.0000000000000000       -43.779052123665657     
   43.779107830930435        43.720799592778043       -2.2349053857239687      -0.30983812833116836     
   43.779107830930435       -43.720799592778043        2.2349053857239687       0.30983812833116836     
 >> Photon n.           1
 cm momentum     1.8899465674730291        1.8881378785291996       -8.2556590250834436E-002   4.2176975347542568E-003
 lab momentum    1.9060623865648005        1.8881378785291996       -8.2556590250834436E-002 -0.24737336668791240     
 c_ph_up     2.2316490885737417E-003
 c_ph_up lab  -0.12978240818955611     
 c_ph_lep  0.99992627784081412     
 c_ph_lep lab   0.99992760624791821     
 isvec for ranlux 
    16575667    16622680     6248223    14956727    13110558     1205945    11242040     6890570    14658205      621134     7421034    11519576    13204167     8090949    16466493    11015029     5120304      201156    13109540    13654731     2695017     9785481     4861148      143676    -4200721
  
 ====== DUMPING at point            1
 propag    0.0000000000000000        0.0000000000000000        0.0000000000000000        0.0000000000000000     
 test props.    0.0000000000000000        0.0000000000000000     
 Var          0.81919550260573182     
 Var before   0.69521173210822540     
 iev, nphot and rad. pattern    0.0000000000000000                0               0           1           0           0
 partons...            1          -1
 x1 & x2   0.87073962597039389       0.99983677226072942     
 sv & ME   0.67921651621154144        9399.9011339782010     
 plepton   =    46.652907120289782        18.460920849693938       -22.806518625629192        36.270369292896390     
 pneutrino =    46.652907120289754       -18.460920849693938        22.806518625629192       -36.270369292896390     
 pleptonlab   =    44.255240935219291        18.460920849693938       -22.806518625629192        33.129628674390624     
 pneutrinolab =    49.273578976336886       -18.460920849693938        22.806518625629192       -39.584485988907403     
 sqrt(s) =    93.305814240579537     
 sqrt_fs_cm =    93.305814240579537     
 phind channel           0
 bbb pw(0) qmod c1q   0.0000000000000000        0.0000000000000000        0.0000000000000000        0.0000000000000000     
 reduced to Born momenta
   46.652907120289768        0.0000000000000000        0.0000000000000000        46.652854844572843     
   46.652907120289768        0.0000000000000000        0.0000000000000000       -46.652854844572843     
   46.652907120289782        18.460920849693938       -22.806518625629192        36.270369292896390     
   46.652907120289754       -18.460920849693938        22.806518625629192       -36.270369292896390     
 isvec for ranlux 
    13452352     7685781    12040999      377492     2027616    10867852     4039603    13333254    16608482     8283248     4576519     7678115     1422877    16276106    10765401     9788787     9530970    13032368     3894472      306732    14245216    14571762    11462555    11912083     4051404
  
 ====== DUMPING at point            1
 propag    0.0000000000000000        0.0000000000000000        0.0000000000000000        0.0000000000000000     
 test props.    0.0000000000000000        0.0000000000000000     
 Var          0.79877763883447084     
 Var before   0.70727193650684705     
 iev, nphot and rad. pattern    0.0000000000000000                1               0           0           1           0
 partons...            1          -1
 x1 & x2   0.82717507963943282       0.99987563169621285     
 sv & ME    1.0000000000000000        1169618.2286256831     
 plepton   =    45.127423185640453       -26.270402648529299       -2.5751012968863596       -36.602021223961529     
 pneutrino =    45.465806365811254        26.541206485294264        2.5901448417727604        36.823686572715481     
 pleptonlab   =    48.805725488425573       -26.270402648529299       -2.5751012968863596       -41.051461298655433     
 pneutrinolab =    42.173907005043638        26.541206485294264        2.5901448417727604        32.672354925566843     
 sqrt(s) =    90.943510229034104     
 sqrt_fs_cm =    90.592552365020254     
 phind channel           0
 bbb pw(0) qmod c1q   0.0000000000000000        0.0000000000000000        0.0000000000000000        0.0000000000000000     
 reduced to Born momenta
   45.471755114517052        0.0000000000000000        0.0000000000000000        45.471701480910163     
   45.471755114517052        0.0000000000000000        0.0000000000000000       -45.471701480910163     
   45.471755114517045       -26.507848027704881       -2.5926141693539488       -36.854873411966921     
   45.471755114517059        26.507848027704881        2.5926141693539488        36.854873411966921     
 >> Photon n.           1
 cm momentum    0.35028067758239889      -0.27080383676496428       -1.5043544886400691E-002 -0.22166534875394917     
 lab momentum   0.37290307331307604      -0.27080383676496428       -1.5043544886400691E-002 -0.25592122975041121     
 c_ph_up   -0.63282208508862248     
 c_ph_up lab  -0.68629423586313254     
 c_ph_lep  0.96577787071440391     
 c_ph_lep lab   0.97027667565315301     
 isvec for ranlux 
    16281071     6216508     5788901     5598226     2151985    11312847     4878172    15215368      933416    10490822     4859569     3569103     7793955     9042226    15803846    11186175     1469788    15694173    11573162    10117844     1302401    12204826     4381916     1083041    -4200822
  
 ====== DUMPING at point            1
 propag    0.0000000000000000        0.0000000000000000        0.0000000000000000        0.0000000000000000     
 test props.    0.0000000000000000        0.0000000000000000     
 Var          0.59538593541159013     
 Var before   0.52159289826474098     
 iev, nphot and rad. pattern    0.0000000000000000                0               0           0           1           0
 partons...            1          -1
 x1 & x2   0.85462587768590914       0.99987935130052719     
 sv & ME   0.68346249776322610        10469.808005292338     
 plepton   =    46.220200350745742        31.420500360281519        32.249924818483379        10.439840184759895     
 pneutrino =    46.220200350745728       -31.420500360281519       -32.249924818483379       -10.439840184759895     
 pleptonlab   =    45.542414109787792        31.420500360281519        32.249924818483379        6.8406743503582002     
 pneutrinolab =    47.182847339534028       -31.420500360281519       -32.249924818483379       -14.103348031089107     
 sqrt(s) =    92.440400701491470     
 sqrt_fs_cm =    92.440400701491470     
 phind channel           0
 bbb pw(0) qmod c1q   0.0000000000000000        0.0000000000000000        0.0000000000000000        0.0000000000000000     
 reduced to Born momenta
   46.220200350745735        0.0000000000000000        0.0000000000000000        46.220147585630620     
   46.220200350745735        0.0000000000000000        0.0000000000000000       -46.220147585630620     
   46.220200350745742        31.420500360281519        32.249924818483379        10.439840184759895     
   46.220200350745728       -31.420500360281519       -32.249924818483379       -10.439840184759895     
 isvec for ranlux 
      589876    16710617     5688859    14464672     6555815    10676443     8690630    14425228     3486349    14953393     3964495     2454096     6889208    10385107     6558022     6916769    16140560    10878330     7171221     6209201     3307280     2406960     2255942    12891023    -4131909
  
