 ====== DUMPING at point            1
 propag    0.0000000000000000        0.0000000000000000        0.0000000000000000        0.0000000000000000     
 test props.    0.0000000000000000        0.0000000000000000     
 Var           1.9082214686064740E-002
 Var before    0.0000000000000000     
 iev, nphot and rad. pattern    0.0000000000000000                0               0           0           0           0
 partons...            1          -1
 x1 & x2   0.98171963707266163       0.90975436777362462     
 sv & ME    1.0000000000000000        1895.7291856934410     
 plepton   =    44.889981184552262        3.9726202527712431       -5.0610880102750722        44.426376439425148     
 pneutrino =    44.889981184552276       -3.9726202527712431        5.0610880102750722       -44.426376439425148     
 pleptonlab   =    46.614031122724796        3.9726202527712431       -5.0610880102750722        46.167742096602574     
 pneutrinolab =    43.230984107473830       -3.9726202527712431        5.0610880102750722       -42.749391804898316     
 sqrt(s) =    89.779962369104538     
 sqrt_fs_cm =    89.779962369104538     
 phind channel           0
 bbb pw(0) qmod c1q   0.0000000000000000        0.0000000000000000        0.0000000000000000        0.0000000000000000     
 reduced to Born momenta
   43.322151270690284        0.0000000000000000        0.0000000000000000        43.322094975831583     
   43.322151270690284        0.0000000000000000        0.0000000000000000       -43.322094975831583     
   43.322151270690277       -32.557445135057570        7.6270495336885595        27.543393195419490     
   43.322151270690291        32.557445135057570       -7.6270495336885595       -27.543393195419490     
 isvec for ranlux 
     9644655    14614328     8305202     1457455     1056974    16450356    10467055     4514011      135838    16753179    11474510      425858    13826447     7299317     7668616    13721940      957152    13197359    14184585     9294164    15939178     5902395     5267822    14659295     4102414
  
