 ====== DUMPING at point            1
 propag    0.0000000000000000        0.0000000000000000        0.0000000000000000        0.0000000000000000     
 test props.    0.0000000000000000        0.0000000000000000     
 Var           1.6551581168375417E-002
 Var before    0.0000000000000000     
 iev, nphot and rad. pattern    0.0000000000000000                0               0           0           0           0
 partons...            1          -1
 x1 & x2   0.98272741024091581       0.91457320984514856     
 sv & ME    1.0000000000000000        1536.0656322515035     
 plepton   =    45.031807819393805        3.9851715273217767       -5.0770782386632654        44.566739125133047     
 pneutrino =    45.031807819393805       -3.9851715273217767        5.0770782386632654       -44.566739125133047     
 pleptonlab   =    46.662835154944133        3.9851715273217767       -5.0770782386632654        46.214182947038431     
 pneutrinolab =    43.458944299143894       -3.9851715273217767        5.0770782386632654       -42.976858428239488     
 sqrt(s) =    90.063615638787610     
 sqrt_fs_cm =    90.063615638787610     
 phind channel           0
 bbb pw(0) qmod c1q   0.0000000000000000        0.0000000000000000        0.0000000000000000        0.0000000000000000     
 reduced to Born momenta
   43.322151270690284        0.0000000000000000        0.0000000000000000        43.322094975831583     
   43.322151270690284        0.0000000000000000        0.0000000000000000       -43.322094975831583     
   43.322151270690277       -32.557445135057570        7.6270495336885595        27.543393195419490     
   43.322151270690291        32.557445135057570       -7.6270495336885595       -27.543393195419490     
 isvec for ranlux 
     9644655    14614328     8305202     1457455     1056974    16450356    10467055     4514011      135838    16753179    11474510      425858    13826447     7299317     7668616    13721940      957152    13197359    14184585     9294164    15939178     5902395     5267822    14659295     4102414
  
