 ====== DUMPING at point            1
 propag    0.0000000000000000        0.0000000000000000        0.0000000000000000        0.0000000000000000     
 test props.    0.0000000000000000        0.0000000000000000     
 Var           2.0574658490224174     
 Var before    0.0000000000000000     
 iev, nphot and rad. pattern    0.0000000000000000                0               0           1           0           0
 partons...            1          -1
 x1 & x2   0.94693539778351188       0.97588642440755047     
 sv & ME   0.58024502535194378        1204.4463218420140     
 plepton   =    48.065096470513126       -21.088354795801298        38.359754645008636       -19.850764484256235     
 pneutrino =    48.065096470513112        21.088354795801298       -38.359754645008636        19.850764484256235     
 pleptonlab   =    48.369463092289365       -21.088354795801298        38.359754645008636       -20.576790608013148     
 pneutrinolab =    47.771628017263772        21.088354795801298       -38.359754645008636        19.129239276811219     
 sqrt(s) =    96.130192941026237     
 sqrt_fs_cm =    96.130192941026237     
 phind channel           0
 bbb pw(0) qmod c1q   0.0000000000000000        0.0000000000000000        0.0000000000000000        0.0000000000000000     
 reduced to Born momenta
   48.065096470513119        0.0000000000000000        0.0000000000000000        48.065045730698444     
   48.065096470513119        0.0000000000000000        0.0000000000000000       -48.065045730698444     
   48.065096470513126       -21.088354795801298        38.359754645008636       -19.850764484256235     
   48.065096470513112        21.088354795801298       -38.359754645008636        19.850764484256235     
 isvec for ranlux 
     9644655    14614328     8305202     5902523     6611641    14048799     7267313     8683348    14048746     9318201     4464668     5476536     8218591     7359978     7668616    13721940      957152    13197359    14184585     9294164    15939178     5902395     5267822    14659295     4211303
  
 ====== DUMPING at point            1
 propag    0.0000000000000000        0.0000000000000000        0.0000000000000000        0.0000000000000000     
 test props.    0.0000000000000000        0.0000000000000000     
 Var           2.7909628073388606     
 Var before    2.0574658490224174     
 iev, nphot and rad. pattern    0.0000000000000000                0               0           1           0           0
 partons...            1          -1
 x1 & x2   0.94848814235075329       0.90159990234064435     
 sv & ME   0.56411516010045393        17616.119152351173     
 plepton   =    46.237344660855541       -23.464455893124978       -29.926499951253469        26.300281137328117     
 pneutrino =    46.237344660855527        23.464455893124978        29.926499951253469       -26.300281137328117     
 pleptonlab   =    46.918964046333720       -23.464455893124978       -29.926499951253469        27.480937644063506     
 pneutrinolab =    45.585438188236161        23.464455893124978        29.926499951253469       -25.136525643558063     
 sqrt(s) =    92.474689321711068     
 sqrt_fs_cm =    92.474689321711068     
 phind channel           0
 bbb pw(0) qmod c1q   0.0000000000000000        0.0000000000000000        0.0000000000000000        0.0000000000000000     
 reduced to Born momenta
   46.237344660855527        0.0000000000000000        0.0000000000000000        46.237291915305171     
   46.237344660855541        0.0000000000000000        0.0000000000000000       -46.237291915305185     
   46.237344660855541       -23.464455893124978       -29.926499951253469        26.300281137328117     
   46.237344660855527        23.464455893124978        29.926499951253469       -26.300281137328117     
 isvec for ranlux 
      778671     5844720     9587749    10340955     5767304     1229801     7106317     9230034     7070010     1656684    15462261     7797679    14988199    15435044     9850695     6896914     2215452    12845121     6405628     3024976     4819489    10459877     1149857     7981361    -4092010
  
 ====== DUMPING at point            1
 propag    0.0000000000000000        0.0000000000000000        0.0000000000000000        0.0000000000000000     
 test props.    0.0000000000000000        0.0000000000000000     
 Var           2.1537317210543470     
 Var before    1.6673688153572426     
 iev, nphot and rad. pattern    0.0000000000000000                1               0           0           1           0
 partons...            1          -1
 x1 & x2   0.86162213987822611       0.95881440568901921     
 sv & ME   0.58194898833718667        3861388805.8892269     
 plepton   =    45.439552118982093        27.907283267128136        14.829818233523966       -32.649682462332350     
 pneutrino =    45.445942796927369       -27.910932680623084       -14.833094036719181        32.653969302455366     
 pleptonlab   =    47.250093476047844        27.907283267128136        14.829818233523966       -35.125776882692591     
 pneutrinolab =    43.764981767540142       -27.910932680623084       -14.833094036719181        30.270804806235720     
 sqrt(s) =    90.892008448259205     
 sqrt_fs_cm =    90.885494682505310     
 phind channel           0
 bbb pw(0) qmod c1q   0.0000000000000000        0.0000000000000000        0.0000000000000000        0.0000000000000000     
 reduced to Born momenta
   45.446004224129602        0.0000000000000000        0.0000000000000000        45.445950560132474     
   45.446004224129602        0.0000000000000000        0.0000000000000000       -45.445950560132474     
   45.446004224129602        27.911108167021435        14.832519054123319       -32.654165976886247     
   45.446004224129602       -27.911108167021435       -14.832519054123319        32.654165976886247     
 >> Photon n.           1
 cm momentum     6.5135323497436714E-003   3.6494134949475706E-003   3.2758031952150337E-003  -4.2868401230126193E-003
 lab momentum    6.7520347742778732E-003   3.6494134949475706E-003   3.2758031952150337E-003  -4.6412140827773911E-003
 c_ph_up   -0.65814367578619926     
 c_ph_up lab  -0.68738006214930469     
 c_ph_lep  0.98113856417381162     
 c_ph_lep lab   0.98250201139142246     
 isvec for ranlux 
    13077225     6767474    12978143    11216133     7787453     7756591     1456377     6700084     7382700    12480500    14719702    13291644     7895789     6891298      102469     9060833    10785562     3405521     1113041     5184210    10069583      203884    13164889     3691341     4042414
  
 ====== DUMPING at point            1
 propag    0.0000000000000000        0.0000000000000000        0.0000000000000000        0.0000000000000000     
 test props.    0.0000000000000000        0.0000000000000000     
 Var           2.0285237532466884     
 Var before    1.6918454473289704     
 iev, nphot and rad. pattern    0.0000000000000000                0               0           1           0           0
 partons...            1          -1
 x1 & x2   0.98575666464452993       0.88186164367682229     
 sv & ME   0.56322609250965294        8880.8725973764031     
 plepton   =    46.618156134407741        22.575557797492749        34.953824498198742        21.019411522726703     
 pneutrino =    46.618156134407741       -22.575557797492749       -34.953824498198742       -21.019411522726703     
 pleptonlab   =    47.861574490616469        22.575557797492749        34.953824498198742        23.649386717429856     
 pneutrinolab =    45.519340925451132       -22.575557797492749       -34.953824498198742       -18.454635669044471     
 sqrt(s) =    93.236312268815482     
 sqrt_fs_cm =    93.236312268815482     
 phind channel           0
 bbb pw(0) qmod c1q   0.0000000000000000        0.0000000000000000        0.0000000000000000        0.0000000000000000     
 reduced to Born momenta
   46.618156134407734        0.0000000000000000        0.0000000000000000        46.618103819722414     
   46.618156134407748        0.0000000000000000        0.0000000000000000       -46.618103819722428     
   46.618156134407741        22.575557797492749        34.953824498198742        21.019411522726703     
   46.618156134407741       -22.575557797492749       -34.953824498198742       -21.019411522726703     
 isvec for ranlux 
     2097233     6471148     4378437     8640871    15711293     8225040    11065883    15787977     7243899     4917269    11956633    15358016     1047827     9592925      229606     7295905     6628324     2019165    14002484    11234980     6728922     2987987     4664818    12003099    -4080923
  
 ====== DUMPING at point            1
 propag    0.0000000000000000        0.0000000000000000        0.0000000000000000        0.0000000000000000     
 test props.    0.0000000000000000        0.0000000000000000     
 Var           2.2733263568137434     
 Var before    1.8181647200483457     
 iev, nphot and rad. pattern    0.0000000000000000                2               0           0           1           1
 partons...            1          -1
 x1 & x2   0.90345930396468233       0.95738484137633850     
 sv & ME   0.57262769945334457        27486684122.671196     
 plepton   =    46.430392257432018       -29.716331012570933        4.9443360631366993        35.330770916208657     
 pneutrino =    46.306681511096919        29.602040433446717       -5.0360799347524727       -35.251307634555474     
 pleptonlab   =    45.425617204814841       -29.716331012570933        4.9443360631366993        33.999540390907967     
 pneutrinolab =    47.348117044874961        29.602040433446717       -5.0360799347524727       -36.608607253910698     
 sqrt(s) =    93.003131259985253     
 sqrt_fs_cm =    92.736923916323605     
 phind channel           0
 bbb pw(0) qmod c1q   0.0000000000000000        0.0000000000000000        0.0000000000000000        0.0000000000000000     
 reduced to Born momenta
   46.501565629992626        0.0000000000000000        0.0000000000000000        46.501513184141778     
   46.501565629992626        0.0000000000000000        0.0000000000000000       -46.501513184141778     
   46.501565629992633       -29.744286551930671        5.0045634726413164        35.392318436547562     
   46.501565629992619        29.744286551930671       -5.0045634726413164       -35.392318436547562     
 >> Photon n.           1
 cm momentum     5.4848077902257368E-002  -3.4734999227354353E-002   4.5731716783568412E-003   4.2200445247035728E-002
 lab momentum    5.3647679173142115E-002  -3.4734999227354353E-002   4.5731716783568412E-003   4.0628061855574091E-002
 c_ph_up    0.76940609153596051     
 c_ph_up lab   0.75731257123819640     
 c_ph_lep  0.99967451578355959     
 c_ph_lep lab   0.99965987164406200     
 >> Photon n.           2
 cm momentum    0.21120941355405951       0.14902557835157060        8.7170699937417051E-002 -0.12166372690021635     
 lab momentum   0.21482533818810509       0.14902557835157060        8.7170699937417051E-002 -0.12783806943565137     
 c_ph_up   -0.57603363814594488     
 c_ph_up lab  -0.59507910246469142     
 c_ph_lep -0.84596507803004839     
 c_ph_lep lab  -0.85503790993408668     
 isvec for ranlux 
     7705512     6767400    12346605     2442596     4398068    14780140    11606138    14688674    13412440     5267269    10109083     1735670     8876049    16397594    14292833    16049731     7015236     2292865    16408353     4672107     7144624     1147718    13770713    15989233    -4151606
  
 ====== DUMPING at point            1
 propag    0.0000000000000000        0.0000000000000000        0.0000000000000000        0.0000000000000000     
 test props.    0.0000000000000000        0.0000000000000000     
 Var           1.8187451230147684     
 Var before    1.3200608594051915     
 iev, nphot and rad. pattern    0.0000000000000000                0               0           0           1           0
 partons...            1          -1
 x1 & x2   0.78801170418191668       0.99690016282409055     
 sv & ME   0.56340730792328575        2912.9332542278230     
 plepton   =    44.316165115176709       -10.097712373767406        36.581376573730886        22.885594150287965     
 pneutrino =    44.316165115176709        10.097712373767406       -36.581376573730886       -22.885594150287965     
 pleptonlab   =    41.925961065198663       -10.097712373767406        36.581376573730886        17.821732248483695     
 pneutrinolab =    47.319632285101711        10.097712373767406       -36.581376573730886       -28.266155180592389     
 sqrt(s) =    88.632330230353418     
 sqrt_fs_cm =    88.632330230353418     
 phind channel           0
 bbb pw(0) qmod c1q   0.0000000000000000        0.0000000000000000        0.0000000000000000        0.0000000000000000     
 reduced to Born momenta
   44.316165115176709        0.0000000000000000        0.0000000000000000        44.316110083016142     
   44.316165115176709        0.0000000000000000        0.0000000000000000       -44.316110083016142     
   44.316165115176709       -10.097712373767406        36.581376573730886        22.885594150287965     
   44.316165115176709        10.097712373767406       -36.581376573730886       -22.885594150287965     
 isvec for ranlux 
     1529830    10969541     5398952    14836342    16636312     5190420     1470932    12386847    11625234     6824400      810679     8482292     6601895    16231455    13558496     6713029     1261892      214096    11394427     5414534     6660712     4299797     3825772    15586491    -4101909
  
 ====== DUMPING at point            1
 propag    0.0000000000000000        0.0000000000000000        0.0000000000000000        0.0000000000000000     
 test props.    0.0000000000000000        0.0000000000000000     
 Var           1.3897786249425961     
 Var before    1.2378090103771062     
 iev, nphot and rad. pattern    0.0000000000000000                2               0           0           2           0
 partons...            1          -1
 x1 & x2   0.97885562833598327       0.83436900459504493     
 sv & ME   0.56422247910970724        7.5901106692081549E+017
 plepton   =    45.157344930363806       -19.258673091951657        38.985923107443888        12.180966614608051     
 pneutrino =    45.186467707073071        19.271229835552145       -39.011022116845517       -12.188747030568951     
 pleptonlab   =    46.275134223067752       -19.258673091951657        38.985923107443888        15.829661836857996     
 pneutrinolab =    44.356256969369262        19.271229835552145       -39.011022116845517       -8.6154641584516707     
 sqrt(s) =    90.372938220296447     
 sqrt_fs_cm =    90.343807943330262     
 phind channel           0
 bbb pw(0) qmod c1q   0.0000000000000000        0.0000000000000000        0.0000000000000000        0.0000000000000000     
 reduced to Born momenta
   45.186469110148224        0.0000000000000000        0.0000000000000000        45.186415137923696     
   45.186469110148224        0.0000000000000000        0.0000000000000000       -45.186415137923696     
   45.186469110148224       -19.271162237940064        39.011045247187738        12.188785077757952     
   45.186469110148224        19.271162237940064       -39.011045247187738       -12.188785077757952     
 >> Photon n.           1
 cm momentum     2.5487047601716155E-002  -1.1018943457739686E-002   2.1985469234926103E-002   6.6941484183874076E-003
 lab momentum    2.6103476530164871E-002  -1.1018943457739686E-002   2.1985469234926103E-002   8.7529146320595216E-003
 c_ph_up    0.26264903346186952     
 c_ph_up lab   0.33531604964360806     
 c_ph_lep  0.99995741853859332     
 c_ph_lep lab   0.99995942693174134     
 >> Photon n.           2
 cm momentum     3.6385352578526984E-003  -1.5378001427464134E-003   3.1135401667055067E-003   1.0862675425132413E-003
 lab momentum    3.7369775842403239E-003  -1.5378001427464134E-003   3.1135401667055067E-003   1.3805940085322688E-003
 c_ph_up    0.29854528416863768     
 c_ph_up lab   0.36944134060491685     
 c_ph_lep  0.99954885743936650     
 c_ph_lep lab   0.99957135809097875     
 isvec for ranlux 
     8678684       22787    16406318    11934855    12168207     3776052    16124742    13258538     9055188     3533965     6756852       70185     3132617    10849863     5639627    15245175    13660570     7762899     6382030    11312757     1375153     3402965    13786838     6091801    -4211202
  
 ====== DUMPING at point            1
 propag    0.0000000000000000        0.0000000000000000        0.0000000000000000        0.0000000000000000     
 test props.    0.0000000000000000        0.0000000000000000     
 Var           1.7264988002049977     
 Var before    1.3272183847104375     
 iev, nphot and rad. pattern    0.0000000000000000                1               1           0           0           0
 partons...            1          -1
 x1 & x2   0.99906993316453185       0.77321380600730605     
 sv & ME   0.56342266214641956        6300950824.6345339     
 plepton   =    43.940377157347662        23.698410671641494        30.481184892397046        20.976851056157777     
 pneutrino =    43.943980211434010       -23.698553824363277       -30.481231610595508       -20.984167824014985     
 pleptonlab   =    46.996809210730014        23.698410671641494        30.481184892397046        26.794992283858278     
 pneutrinolab =    41.609059171971154       -23.698553824363277       -30.481231610595508       -15.510503138844939     
 sqrt(s) =    87.891675686017763     
 sqrt_fs_cm =    87.884357064075758     
 phind channel           0
 bbb pw(0) qmod c1q   0.0000000000000000        0.0000000000000000        0.0000000000000000        0.0000000000000000     
 reduced to Born momenta
   43.942178532037879        0.0000000000000000        0.0000000000000000        43.942123031504643     
   43.942178532037879        0.0000000000000000        0.0000000000000000       -43.942123031504643     
   43.942178532037879        23.698482246535146        30.481208251017435        20.980509365093766     
   43.942178532037879       -23.698482246535146       -30.481208251017435       -20.980509365093766     
 >> Photon n.           1
 cm momentum     7.3183172360942262E-003   1.4315272178306367E-004   4.6718198461803925E-005   7.3167678572093851E-003
 lab momentum    8.3185758907397978E-003   1.4315272178306367E-004   4.6718198461803925E-005   8.3172128479542945E-003
 c_ph_up    0.99978828754823590     
 c_ph_up lab   0.99983614469550963     
 c_ph_lep  0.49227201710170992     
 c_ph_lep lab   0.58237312139836783     
 isvec for ranlux 
     4582103    14909827     6058609    16033389    16400909    10270577    12793303      310030     7779432    12399011     3122562     7325754    11785470    16087410     4035484     7020979    11753393     9284947      731009     1133262     6407025    14657548    11290772     1908909    -4011606
  
 ====== DUMPING at point            1
 propag    0.0000000000000000        0.0000000000000000        0.0000000000000000        0.0000000000000000     
 test props.    0.0000000000000000        0.0000000000000000     
 Var           1.1390884678157802     
 Var before   0.94507609280042981     
 iev, nphot and rad. pattern    0.0000000000000000                0               0           1           0           0
 partons...            1          -1
 x1 & x2   0.99841215854624743       0.85071561551803365     
 sv & ME   0.57536942649007861        13946.240516202462     
 plepton   =    46.080495168735986       -15.087126635183317       -43.344963255025867       -4.1223344865297120     
 pneutrino =    46.080495168735958        15.087126635183317        43.344963255025867        4.1223344865297120     
 pleptonlab   =    45.897873165475623       -15.087126635183317       -43.344963255025867      -0.44313399442843959     
 pneutrinolab =    46.558515537738458        15.087126635183317        43.344963255025867        7.8279611458391312     
 sqrt(s) =    92.160990337471944     
 sqrt_fs_cm =    92.160990337471944     
 phind channel           0
 bbb pw(0) qmod c1q   0.0000000000000000        0.0000000000000000        0.0000000000000000        0.0000000000000000     
 reduced to Born momenta
   46.080495168735972        0.0000000000000000        0.0000000000000000        46.080442243649301     
   46.080495168735972        0.0000000000000000        0.0000000000000000       -46.080442243649301     
   46.080495168735986       -15.087126635183317       -43.344963255025867       -4.1223344865297120     
   46.080495168735958        15.087126635183317        43.344963255025867        4.1223344865297120     
 isvec for ranlux 
    15697820    13958964    15496225    11578598     1704967     5619974     9875627     7164025     7377212     9094670     8478077    13805758     9465217     1972369     1888418    13095976    15555016    16310036     7352882    14970220     9477691      555846    10078497      522600     4061606
  
 ====== DUMPING at point            1
 propag    0.0000000000000000        0.0000000000000000        0.0000000000000000        0.0000000000000000     
 test props.    0.0000000000000000        0.0000000000000000     
 Var           1.3620416146256373     
 Var before   0.90476847142935946     
 iev, nphot and rad. pattern    0.0000000000000000                1               0           0           1           0
 partons...            1          -1
 x1 & x2   0.96472912457459348       0.99985227665595089     
 sv & ME   0.56526376715657911        32936900178.168976     
 plepton   =    49.106043338979589        47.772614220505709        10.746174665705992        3.6999174735592470     
 pneutrino =    49.106682165864335       -47.773217153194189       -10.746376451238815       -3.7000250877207987     
 pleptonlab   =    49.047734704427420        47.772614220505709        10.746174665705992        2.8224415914774688     
 pneutrinolab =    49.180692332526966       -47.773217153194189       -10.746376451238815       -4.5786952963941472     
 sqrt(s) =    98.213370350589713     
 sqrt_fs_cm =    98.212725502726940     
 phind channel           0
 bbb pw(0) qmod c1q   0.0000000000000000        0.0000000000000000        0.0000000000000000        0.0000000000000000     
 reduced to Born momenta
   49.106685175294857        0.0000000000000000        0.0000000000000000        49.106635511709861     
   49.106685175294857        0.0000000000000000        0.0000000000000000       -49.106635511709861     
   49.106685175294857        47.773229356068924        10.746346116667842        3.6999955739525152     
   49.106685175294857       -47.773229356068924       -10.746346116667842       -3.6999955739525152     
 >> Photon n.           1
 cm momentum     6.4484574578833507E-004   6.0293268848001912E-004   2.0178553282399202E-004   1.0761416155185183E-004
 lab momentum    6.4302457280885120E-004   6.0293268848001912E-004   2.0178553282399202E-004   9.6100848805823362E-005
 c_ph_up    0.16688357216390046     
 c_ph_up lab   0.14945128517567680     
 c_ph_lep  0.99066837144949960     
 c_ph_lep lab   0.99063081357855942     
 isvec for ranlux 
     8580474     7453528     6610367     9370130     6454595    13285363    12880910       20013     9703009    16699534     1920148     6241711     6714350     8434631    10339274    15950484     7679134     4788915     9680677     9420690    13578033     7433776    11266006     2295994     4192111
  
 ====== DUMPING at point            1
 propag    0.0000000000000000        0.0000000000000000        0.0000000000000000        0.0000000000000000     
 test props.    0.0000000000000000        0.0000000000000000     
 Var           1.1148840240932618     
 Var before   0.79354968278722771     
 iev, nphot and rad. pattern    0.0000000000000000                0               0           1           0           1
 partons...            1          -1
 x1 & x2   0.99981627048977839       0.86008044788103188     
 sv & ME   0.57446097431267873        13520.234896242286     
 plepton   =    46.366001167924537        18.002175403555555       -19.326119260597618       -38.107974174407239     
 pneutrino =    46.366001167924523       -18.002175403555555        19.326119260597618        38.107974174407239     
 pleptonlab   =    43.626214391418983        18.002175403555555       -19.326119260597618       -34.722589383560702     
 pneutrinolab =    49.368621527121526       -18.002175403555555        19.326119260597618        41.709380513998028     
 sqrt(s) =    92.732002335849060     
 sqrt_fs_cm =    92.732002335849060     
 phind channel           0
 bbb pw(0) qmod c1q   0.0000000000000000        0.0000000000000000        0.0000000000000000        0.0000000000000000     
 reduced to Born momenta
   46.366001167924530        0.0000000000000000        0.0000000000000000        46.365948568732840     
   46.366001167924530        0.0000000000000000        0.0000000000000000       -46.365948568732840     
   46.366001167924537        18.002175403555555       -19.326119260597618       -38.107974174407239     
   46.366001167924523       -18.002175403555555        19.326119260597618        38.107974174407239     
 isvec for ranlux 
    16005597     8434417    14436132    13695452    14164085      961699    13764582       67402     7211444    14390456      970651      358280     3303569    11896123     6216082     9295383     9040778    13778432     3232438     8688432    14560231     5902029      962798     8581584    -4231606
  
 ====== DUMPING at point            1
 propag    0.0000000000000000        0.0000000000000000        0.0000000000000000        0.0000000000000000     
 test props.    0.0000000000000000        0.0000000000000000     
 Var          0.68613513694136341     
 Var before   0.61338606181124344     
 iev, nphot and rad. pattern    0.0000000000000000                0               0           1           0           0
 partons...            1          -1
 x1 & x2   0.83344096299912052       0.99976349151637001     
 sv & ME   0.56282512313956079        20780.971869424859     
 plepton   =    45.641095712656998       -34.038125453638685        17.333751196341517        24.980903490989508     
 pneutrino =    45.641095712656984        34.038125453638685       -17.333751196341517       -24.980903490989508     
 pleptonlab   =    43.554263813441537       -34.038125453638685        17.333751196341517        20.926294887176692     
 pneutrinolab =    48.105958912333001        34.038125453638685       -17.333751196341517       -29.242421313039163     
 sqrt(s) =    91.282191425313982     
 sqrt_fs_cm =    91.282191425313982     
 phind channel           0
 bbb pw(0) qmod c1q   0.0000000000000000        0.0000000000000000        0.0000000000000000        0.0000000000000000     
 reduced to Born momenta
   45.641095712656991        0.0000000000000000        0.0000000000000000        45.641042278045283     
   45.641095712656991        0.0000000000000000        0.0000000000000000       -45.641042278045283     
   45.641095712656998       -34.038125453638685        17.333751196341517        24.980903490989508     
   45.641095712656984        34.038125453638685       -17.333751196341517       -24.980903490989508     
 isvec for ranlux 
     1457327    11843211      842130     1627129    13128769     2257102     8061877     9626046    13167356     9311311       68476    11689171     5193999    15602726    13809534     9598677    15490076    16534941     4561603     1137849      146632    16199119     3483777    15651896    -4100317
  
 ====== DUMPING at point            1
 propag    0.0000000000000000        0.0000000000000000        0.0000000000000000        0.0000000000000000     
 test props.    0.0000000000000000        0.0000000000000000     
 Var          0.69822396479781512     
 Var before   0.62861294766376907     
 iev, nphot and rad. pattern    0.0000000000000000                1               0           0           0           1
 partons...            1          -1
 x1 & x2   0.81782113862571015       0.99957510914659986     
 sv & ME   0.56252302853561365        2847083798.6831331     
 plepton   =    45.207057960059245       -6.4435903223378936       -38.622539643394617        22.593063116031253     
 pneutrino =    45.202774961875726        6.4434927093259304        38.618339097806334       -22.591701741883380     
 pleptonlab   =    43.163969666012299       -6.4435903223378936       -38.622539643394617        18.163058357260354     
 pneutrinolab =    47.701266910240136        6.4434927093259304        38.618339097806334       -27.248944716854773     
 sqrt(s) =    90.414249645959615     
 sqrt_fs_cm =    90.409832814051512     
 phind channel           0
 bbb pw(0) qmod c1q   0.0000000000000000        0.0000000000000000        0.0000000000000000        0.0000000000000000     
 reduced to Born momenta
   45.207124822979807        0.0000000000000000        0.0000000000000000        45.207070875415909     
   45.207124822979807        0.0000000000000000        0.0000000000000000       -45.207070875415909     
   45.207124822979814       -6.4438563056045997       -38.622326072716042        22.593486134603666     
   45.207124822979800        6.4438563056045997        38.622326072716042       -22.593486134603666     
 >> Photon n.           1
 cm momentum     4.4167240246407247E-003   9.7613011963348473E-005   4.2005455882824141E-003  -1.3613741478723438E-003
 lab momentum    4.5758123630780601E-003   9.7613011963348473E-005   4.2005455882824141E-003  -1.8121664500687020E-003
 c_ph_up   -0.30823165320660573     
 c_ph_up lab  -0.39603163466468999     
 c_ph_lep -0.96972840615860623     
 c_ph_lep lab  -0.99123874357421593     
 isvec for ranlux 
    14521119     3284366     3463762    11480123     3336141    13887286     8647963     5115281    11781391     9822864    14374850       23828     6429012     3846061     5815448    12970300     6645149    13960673    15889545     2643589     8059802     5945202    14697481       61957    -4221909
  
 ====== DUMPING at point            1
 propag    0.0000000000000000        0.0000000000000000        0.0000000000000000        0.0000000000000000     
 test props.    0.0000000000000000        0.0000000000000000     
 Var          0.73553505727189172     
 Var before   0.60434500205305330     
 iev, nphot and rad. pattern    0.0000000000000000                2               0           0           1           1
 partons...            1          -1
 x1 & x2   0.99954681743877727       0.88223330456627669     
 sv & ME   0.57037487646413676        225796779.78078166     
 plepton   =    42.421174501115203        17.615458929529442       -28.241143092978508        26.299778057363380     
 pneutrino =    46.810447056283543       -20.711885073800815        30.158756028800823       -29.200582894911424     
 pleptonlab   =    44.146620714308057        17.615458929529442       -28.241143092978508        29.000799994232548     
 pneutrinolab =    45.077713363089885       -20.711885073800815        30.158756028800823       -26.333559004402751     
 sqrt(s) =    93.905989788602795     
 sqrt_fs_cm =    89.110058482859984     
 phind channel           0
 bbb pw(0) qmod c1q   0.0000000000000000        0.0000000000000000        0.0000000000000000        0.0000000000000000     
 reduced to Born momenta
   46.952994894301398        0.0000000000000000        0.0000000000000000        46.952942952691402     
   46.952994894301398        0.0000000000000000        0.0000000000000000       -46.952942952691402     
   46.952994894301398        20.154917726147875       -30.746640821419483        29.206094150085459     
   46.952994894301398       -20.154917726147875        30.746640821419483       -29.206094150085459     
 >> Photon n.           1
 cm momentum     4.6651297629931623        3.1009603685186131       -1.9228846373170865        2.9068875399663279     
 lab momentum    4.8557954950176576        3.1009603685186131       -1.9228846373170865        3.2039521460035307     
 c_ph_up    0.62310968561381652     
 c_ph_up lab   0.65982023940072865     
 c_ph_lep  0.93673626358190054     
 c_ph_lep lab   0.94159590554401906     
 >> Photon n.           2
 cm momentum     9.2384682108894531E-003  -4.5342242472401970E-003   5.2717014947695397E-003  -6.0827024182840504E-003
 lab momentum    8.8765278371006340E-003  -4.5342242472401970E-003   5.2717014947695397E-003  -5.5174922082959115E-003
 c_ph_up   -0.65841027748672898     
 c_ph_up lab  -0.62158225711125648     
 c_ph_lep -0.99188473755944373     
 c_ph_lep lab  -0.99207747668566992     
 isvec for ranlux 
     9694957     1252334     7167226    16399770     5334141    13250981    11984409     2603513     3627080     4384046     3205779    13795264     8270940     7640603    12795748       19997    12743485    14635427     5286932    15315727    15130947     8180743    14720784    11532738    -4080923
  
 ====== DUMPING at point            1
 propag    0.0000000000000000        0.0000000000000000        0.0000000000000000        0.0000000000000000     
 test props.    0.0000000000000000        0.0000000000000000     
 Var          0.52236409242255422     
 Var before   0.46290611771323542     
 iev, nphot and rad. pattern    0.0000000000000000                3               0           0           1           2
 partons...            1          -1
 x1 & x2   0.99986417672273553       0.81903551294206611     
 sv & ME   0.56551327321232914        9143770890838.8477     
 plepton   =    45.187244434956874        36.537621724716139       -6.1394398631428011        25.868617527836257     
 pneutrino =    42.145036021226964       -34.005521278755218        5.7971418963083821       -24.211785682457265     
 pleptonlab   =    47.996792748420354        36.537621724716139       -6.1394398631428011        30.512135738288670     
 pneutrinolab =    39.935830545213832       -34.005521278755218        5.7971418963083821       -20.121557246862352     
 sqrt(s) =    90.494434572215667     
 sqrt_fs_cm =    87.279169435479574     
 phind channel           0
 bbb pw(0) qmod c1q   0.0000000000000000        0.0000000000000000        0.0000000000000000        0.0000000000000000     
 reduced to Born momenta
   45.247217286107833        0.0000000000000000        0.0000000000000000        45.247163386345619     
   45.247217286107833        0.0000000000000000        0.0000000000000000       -45.247163386345619     
   45.247217286107833        36.548072829857723       -6.1850654475146065        25.947694430876982     
   45.247217286107833       -36.548072829857723        6.1850654475146065       -25.947694430876982     
 >> Photon n.           1
 cm momentum     1.3796909092063910E-002   1.0305488930303319E-002  -1.2388213384733522E-003   9.0893850228392567E-003
 lab momentum    1.4773734506743989E-002   1.0305488930303319E-002  -1.2388213384733522E-003   1.0513108525764245E-002
 c_ph_up    0.65879864556529855     
 c_ph_up lab   0.71160805827160145     
 c_ph_lep  0.99331285791222146     
 c_ph_lep lab   0.99412058484123067     
 >> Photon n.           2
 cm momentum     3.1006664361144418       -2.5641878255905479       0.35505129486350517       -1.7067547337434277     
 lab momentum    2.9455795075685720       -2.5641878255905479       0.35505129486350517       -1.4054600700542428     
 c_ph_up   -0.55044770822953282     
 c_ph_up lab  -0.47714212651295212     
 c_ph_lep -0.99936005477420553     
 c_ph_lep lab  -0.98143065549867914     
 >> Photon n.           3
 cm momentum     4.7690770825325045E-002   2.1781890699322549E-002  -1.1514506690612849E-002   4.0833503341597716E-002
 lab momentum    5.2007947530567603E-002   2.1781890699322549E-002  -1.1514506690612849E-002   4.5801659135634706E-002
 c_ph_up    0.85621395156637015     
 c_ph_up lab   0.88066653868074374     
 c_ph_lep  0.89227363638256729     
 c_ph_lep lab   0.90699852450994256     
 isvec for ranlux 
     8192674     9675355    12081709     9480863      986779    11942623     6473535     8765465     4090856     8723139     4116667     2833519      419117    11029292     2425882     3624875     8132952    13471903     1621808    10524330     7978715     5812058      446896     1435424     4221707
  
 ====== DUMPING at point            1
 propag    0.0000000000000000        0.0000000000000000        0.0000000000000000        0.0000000000000000     
 test props.    0.0000000000000000        0.0000000000000000     
 Var          0.33000270200173687     
 Var before   0.27964896607881767     
 iev, nphot and rad. pattern    4.0000000000000000                2               0           0           1           1
 partons...            1          -1
 x1 & x2   0.82001286125995210       0.99980550167930282     
 sv & ME   0.58474505246486663        3860907014711.4263     
 plepton   =    44.729432590408400       -29.817553758812046        16.437615156248903       -29.007400296886850     
 pneutrino =    45.254316919347417        30.171624588896563       -16.593947512166213        29.364196085972296     
 pleptonlab   =    47.829277105314958       -29.817553758812046        16.437615156248903       -33.590874959443191     
 pneutrinolab =    42.561449073849182        30.171624588896563       -16.593947512166213        25.015590322927707     
 sqrt(s) =    90.545754739550702     
 sqrt_fs_cm =    89.982209723039972     
 phind channel           0
 bbb pw(0) qmod c1q   0.0000000000000000        0.0000000000000000        0.0000000000000000        0.0000000000000000     
 reduced to Born momenta
   45.272877369775351        0.0000000000000000        0.0000000000000000        45.272823500562865     
   45.272877369775351        0.0000000000000000        0.0000000000000000       -45.272823500562865     
   45.272877369775344       -30.181922226646726        16.618988346608731       -29.368061881696931     
   45.272877369775358        30.181922226646726       -16.618988346608731        29.368061881696931     
 >> Photon n.           1
 cm momentum    0.54419398876118541      -0.36592081489810885       0.16258735126220242      -0.36853006368226499     
 lab momentum   0.58345816985640842      -0.36592081489810885       0.16258735126220242      -0.42437100090137486     
 c_ph_up   -0.67720348128283181     
 c_ph_up lab  -0.72733749020227856     
 c_ph_lep  0.99721012715208879     
 c_ph_lep lab   0.99756652612583319     
 >> Photon n.           2
 cm momentum     1.7811241033699517E-002   1.1849984813590998E-002  -6.2549953448926190E-003   1.1734274596820029E-002
 lab momentum    1.6733797942190480E-002   1.1849984813590998E-002  -6.2549953448926190E-003   1.0023616449320712E-002
 c_ph_up    0.65881285726347483     
 c_ph_up lab   0.59900427171099235     
 c_ph_lep -0.99981307964121557     
 c_ph_lep lab  -0.99062089468616932     
 isvec for ranlux 
    10876423     5508206     6552395     8586876     3831691     8121497     1468692    10309077    15186285     7188278     4503280     9877336     1366014     5981390     5726979     1082832     5970519     4651962    15890584    14102435     4569516     6677682    13119496    13736282     4202010
  
 ====== DUMPING at point            1
 propag    0.0000000000000000        0.0000000000000000        0.0000000000000000        0.0000000000000000     
 test props.    0.0000000000000000        0.0000000000000000     
 Var          0.31902990026689659     
 Var before   0.27421793722824728     
 iev, nphot and rad. pattern    6.0000000000000000                2               0           0           1           1
 partons...            1          -1
 x1 & x2   0.99985005286215844       0.84397454501042546     
 sv & ME   0.56370956511715897        130879484822.34122     
 plepton   =    44.740417206149125       0.21658685297652425       -42.458203315373382        14.104886722492695     
 pneutrino =    45.791993121093839      -0.16424623864748050        43.469562728116372       -14.396722186327109     
 pleptonlab   =    46.097856767751310       0.21658685297652425       -42.458203315373382        17.951470587508460     
 pneutrinolab =    44.735050030965631      -0.16424623864748050        43.469562728116372       -10.563317517758133     
 sqrt(s) =    91.861199286912750     
 sqrt_fs_cm =    90.526275546499107     
 phind channel           0
 bbb pw(0) qmod c1q   0.0000000000000000        0.0000000000000000        0.0000000000000000        0.0000000000000000     
 reduced to Born momenta
   45.930599643456375        0.0000000000000000        0.0000000000000000        45.930546545647324     
   45.930599643456375        0.0000000000000000        0.0000000000000000       -45.930546545647324     
   45.930599643456375       0.19337872900480110       -43.594462656376400        14.460091641652163     
   45.930599643456375      -0.19337872900480110        43.594462656376400       -14.460091641652163     
 >> Photon n.           1
 cm momentum     1.1912302019136900       -5.1355322693241195E-002  -1.1423064616979448       0.33395803979770478     
 lab momentum    1.2238439322183756       -5.1355322693241195E-002  -1.1423064616979448       0.43622534179243944     
 c_ph_up    0.28034719004035252     
 c_ph_up lab   0.35643870129888583     
 c_ph_lep  0.99819141787823862     
 c_ph_lep lab   0.99829144469771303     
 >> Photon n.           2
 cm momentum    0.13755875775609952       -9.8529163580255048E-004  0.13094704895495138       -4.2122575963291442E-002
 lab momentum   0.13447916269387872       -9.8529163580255048E-004  0.13094704895495138       -3.0603018956120831E-002
 c_ph_up   -0.30621515234949609     
 c_ph_up lab  -0.22756699508743916     
 c_ph_lep -0.99995205742404170     
 c_ph_lep lab  -0.98551005108662482     
 isvec for ranlux 
    13798336     8607402     7564242     6135960     8172408    11356951    12904116    12031075     5356482     9565784     5190119    11828940     9261313    15821424    16481898     3060787     3760646      711049     8167466     5757978    13465270     5714415     5077099     6269482     4100721
  
