 ====== DUMPING at point            1
 propag    0.0000000000000000        0.0000000000000000        0.0000000000000000        0.0000000000000000     
 test props.    0.0000000000000000        0.0000000000000000     
 Var           2.8955540378549824     
 Var before    0.0000000000000000     
 iev, nphot and rad. pattern    0.0000000000000000                0               0           0           0           0
 partons...            1          -1
 x1 & x2   0.96775113771097676       0.84504181600899719     
 sv & ME    1.0000000000000000        19245.468494580731     
 plepton   =    45.215876051892913        4.0014610689775409       -5.0978309909328416        44.748907382750886     
 pneutrino =    45.215876051892899       -4.0014610689775409        5.0978309909328416       -44.748907382750886     
 pleptonlab   =    48.355874756587816        4.0014610689775409       -5.0978309909328416        47.919514691664816     
 pneutrinolab =    42.283772929410887       -4.0014610689775409        5.0978309909328416       -41.784048606565833     
 sqrt(s) =    90.431752103785811     
 sqrt_fs_cm =    90.431752103785811     
 phind channel           0
 bbb pw(0) qmod c1q   0.0000000000000000        0.0000000000000000        0.0000000000000000        0.0000000000000000     
 reduced to Born momenta
   45.444035983348869        0.0000000000000000        0.0000000000000000        45.443982317027491     
   45.444035983348869        0.0000000000000000        0.0000000000000000       -45.443982317027491     
   45.444035983348876       -34.152092317165511        8.0006185590294869        28.892454651641430     
   45.444035983348861        34.152092317165511       -8.0006185590294869       -28.892454651641430     
 isvec for ranlux 
     9644655    14614328     8305202     1457455     1056974    16450356    10467055     4514011      135838    16753179    11474510      425858    13826447     7299317     7668616    13721940      957152    13197359    14184585     9294164    15939178     5902395     5267822    14659295     4102414
  
 ====== DUMPING at point            1
 propag    0.0000000000000000        0.0000000000000000        0.0000000000000000        0.0000000000000000     
 test props.    0.0000000000000000        0.0000000000000000     
 Var           2.5052940932844434     
 Var before    2.0062896662666305     
 iev, nphot and rad. pattern    0.0000000000000000                0               0           0           0           0
 partons...            1          -1
 x1 & x2   0.99427728318130171       0.99976866665782238     
 sv & ME    1.0000000000000000        459.41070911235545     
 plepton   =    49.850959712284677        42.946285615871474        24.649366648503285        5.7560660326308799     
 pneutrino =    49.850959712284663       -42.946285615871474       -24.649366648503285       -5.7560660326308799     
 pleptonlab   =    49.835297112386790        42.946285615871474        24.649366648503285        5.6188032725879555     
 pneutrinolab =    49.867000379569383       -42.946285615871474       -24.649366648503285       -5.8933724464139932     
 sqrt(s) =    99.701919424569340     
 sqrt_fs_cm =    99.701919424569340     
 phind channel           0
 bbb pw(0) qmod c1q   0.0000000000000000        0.0000000000000000        0.0000000000000000        0.0000000000000000     
 reduced to Born momenta
   49.850959712284670        0.0000000000000000        0.0000000000000000        49.850910790177437     
   49.850959712284670        0.0000000000000000        0.0000000000000000       -49.850910790177437     
   49.850959712284677        42.946285615871474        24.649366648503285        5.7560660326308799     
   49.850959712284663       -42.946285615871474       -24.649366648503285       -5.7560660326308799     
 isvec for ranlux 
    13828964    12538209    14722825      978898    10903123    16188213     3834576      755982    12350293    13898296    16631971     2580472     9212313    13500588    11285027    12295266    14794390     9041223     4836823     6203403     5099258      436050     2993088    13331992     4071707
  
 ====== DUMPING at point            1
 propag    0.0000000000000000        0.0000000000000000        0.0000000000000000        0.0000000000000000     
 test props.    0.0000000000000000        0.0000000000000000     
 Var           1.6646337940129421     
 Var before    1.2108459431518603     
 iev, nphot and rad. pattern    0.0000000000000000                0               0           0           0           0
 partons...            1          -1
 x1 & x2   0.96318259554516339       0.99924355471594872     
 sv & ME    1.0000000000000000        576.65395003315871     
 plepton   =    49.052369988948634       -44.398522280580451       -18.155934783493304       -10.259487768869329     
 pneutrino =    49.052369988948634        44.398522280580451        18.155934783493304        10.259487768869329     
 pleptonlab   =    49.249210889256432       -44.398522280580451       -18.155934783493304       -11.162744329300239     
 pneutrinolab =    48.872096623799202        44.398522280580451        18.155934783493304        9.3596963707609717     
 sqrt(s) =    98.104739977897268     
 sqrt_fs_cm =    98.104739977897268     
 phind channel           0
 bbb pw(0) qmod c1q   0.0000000000000000        0.0000000000000000        0.0000000000000000        0.0000000000000000     
 reduced to Born momenta
   49.052369988948634        0.0000000000000000        0.0000000000000000        49.052320270371602     
   49.052369988948634        0.0000000000000000        0.0000000000000000       -49.052320270371602     
   49.052369988948634       -44.398522280580451       -18.155934783493304       -10.259487768869329     
   49.052369988948634        44.398522280580451        18.155934783493304        10.259487768869329     
 isvec for ranlux 
    11721521    11045222     4525189     9551634     3138826    12914592    10311113     5879490    10841622     2041022     1591996      713870     2223296     9465644     1698956     6906665      167992     7923134     5610804    11998942     7292850    14658741     2512720     2054019     4020115
  
 ====== DUMPING at point            1
 propag    0.0000000000000000        0.0000000000000000        0.0000000000000000        0.0000000000000000     
 test props.    0.0000000000000000        0.0000000000000000     
 Var           2.4266817612384077     
 Var before    1.3756911078794685     
 iev, nphot and rad. pattern    0.0000000000000000                0               0           0           0           0
 partons...            1          -1
 x1 & x2   0.99967724214925802       0.97555223158695292     
 sv & ME    1.0000000000000000        885.11033649057117     
 plepton   =    49.377053487561390        38.986649666223201       -12.425468983169029        27.635685549186455     
 pneutrino =    49.377053487561390       -38.986649666223201        12.425468983169029       -27.635685549186455     
 pleptonlab   =    49.718298098421542        38.986649666223201       -12.425468983169029        28.240872338926103     
 pneutrinolab =    49.043175588389005       -38.986649666223201        12.425468983169029       -27.034621810810854     
 sqrt(s) =    98.754106975122781     
 sqrt_fs_cm =    98.754106975122781     
 phind channel           0
 bbb pw(0) qmod c1q   0.0000000000000000        0.0000000000000000        0.0000000000000000        0.0000000000000000     
 reduced to Born momenta
   49.377053487561390        0.0000000000000000        0.0000000000000000        49.377004095913904     
   49.377053487561390        0.0000000000000000        0.0000000000000000       -49.377004095913904     
   49.377053487561390        38.986649666223201       -12.425468983169029        27.635685549186455     
   49.377053487561390       -38.986649666223201        12.425468983169029       -27.635685549186455     
 isvec for ranlux 
     5015453    15280816     4310583      768372    14533642     3155413     4422873      249048     4684845     1910008    16056781      794157     1869094     3063496    16774527    13424117     4046483    13961998    14383364     9654875    12256042     6035440    14952706     7070106    -4050721
  
 ====== DUMPING at point            1
 propag    0.0000000000000000        0.0000000000000000        0.0000000000000000        0.0000000000000000     
 test props.    0.0000000000000000        0.0000000000000000     
 Var           2.9918955175915429     
 Var before    2.1156045407622304     
 iev, nphot and rad. pattern    0.0000000000000000                0               0           0           0           0
 partons...            1          -1
 x1 & x2   0.99918788184465734       0.64860479197713217     
 sv & ME    1.0000000000000000        190.16195408675517     
 plepton   =    40.251647427463304       -18.829058791404851       -29.429820037255180        19.988401500318584     
 pneutrino =    40.251647427463318        18.829058791404851        29.429820037255180       -19.988401500318584     
 pleptonlab   =    45.547182529534830       -18.829058791404851       -29.429820037255180        29.221343403270964     
 pneutrinolab =    36.842451161554671        18.829058791404851        29.429820037255180       -11.692188909894698     
 sqrt(s) =    80.503294854926622     
 sqrt_fs_cm =    80.503294854926622     
 phind channel           0
 bbb pw(0) qmod c1q   0.0000000000000000        0.0000000000000000        0.0000000000000000        0.0000000000000000     
 reduced to Born momenta
   40.251647427463311        0.0000000000000000        0.0000000000000000        40.251586838275259     
   40.251647427463311        0.0000000000000000        0.0000000000000000       -40.251586838275259     
   40.251647427463304       -18.829058791404851       -29.429820037255180        19.988401500318584     
   40.251647427463318        18.829058791404851        29.429820037255180       -19.988401500318584     
 isvec for ranlux 
    13339185     3157215     2885755    13075980     2672839    15264749     5589110    16308282     7842139    12049687    13366755     6076284      742419    12796796     4739940     6325708    16429432     3537523     6895768     4781887    12457939      764822     9148973    10794182    -4081303
  
 ====== DUMPING at point            1
 propag    0.0000000000000000        0.0000000000000000        0.0000000000000000        0.0000000000000000     
 test props.    0.0000000000000000        0.0000000000000000     
 Var           2.1185177236283286     
 Var before    1.8962779882763685     
 iev, nphot and rad. pattern    0.0000000000000000                0               0           0           0           0
 partons...            1          -1
 x1 & x2   0.94114352553451341       0.99903823091475108     
 sv & ME    1.0000000000000000        1374.6165833342943     
 plepton   =    48.482944495638662       -4.5304749720681103        41.755571925517707        24.218417639806560     
 pneutrino =    48.482944495638677        4.5304749720681103       -41.755571925517707       -24.218417639806560     
 pleptonlab   =    47.781548346183833       -4.5304749720681103        41.755571925517707        22.781839442143763     
 pneutrinolab =    49.227539476279375        4.5304749720681103       -41.755571925517707       -25.676574711155645     
 sqrt(s) =    96.965888991277339     
 sqrt_fs_cm =    96.965888991277339     
 phind channel           0
 bbb pw(0) qmod c1q   0.0000000000000000        0.0000000000000000        0.0000000000000000        0.0000000000000000     
 reduced to Born momenta
   48.482944495638669        0.0000000000000000        0.0000000000000000        48.482894193123208     
   48.482944495638669        0.0000000000000000        0.0000000000000000       -48.482894193123208     
   48.482944495638662       -4.5304749720681103        41.755571925517707        24.218417639806560     
   48.482944495638677        4.5304749720681103       -41.755571925517707       -24.218417639806560     
 isvec for ranlux 
     9996655     5314963     4653955      412784     6974021     7680405    11535779     2804731     6868442    11334850     5798372     6373794     4365370     1770520    15945583     3388180    11771294    11057837     5103923    12470000    14455935    13482498      760501     6155176     4041909
  
 ====== DUMPING at point            1
 propag    0.0000000000000000        0.0000000000000000        0.0000000000000000        0.0000000000000000     
 test props.    0.0000000000000000        0.0000000000000000     
 Var           2.0150303516783952     
 Var before    1.8205208314505732     
 iev, nphot and rad. pattern    0.0000000000000000                0               0           0           0           0
 partons...            1          -1
 x1 & x2   0.99802503360051131       0.90029247347264818     
 sv & ME    1.0000000000000000        3170.1583790619052     
 plepton   =    47.395000424301806        22.813427650451970        35.738619846122020        21.179553155344593     
 pneutrino =    47.395000424301791       -22.813427650451970       -35.738619846122020       -21.179553155344593     
 pleptonlab   =    48.549789102984185        22.813427650451970        35.738619846122020        23.650992126858874     
 pneutrinolab =    46.366086250673789       -22.813427650451970       -35.738619846122020       -18.764364120465714     
 sqrt(s) =    94.790000848603597     
 sqrt_fs_cm =    94.790000848603597     
 phind channel           0
 bbb pw(0) qmod c1q   0.0000000000000000        0.0000000000000000        0.0000000000000000        0.0000000000000000     
 reduced to Born momenta
   47.395000424301799        0.0000000000000000        0.0000000000000000        47.394948967099516     
   47.395000424301799        0.0000000000000000        0.0000000000000000       -47.394948967099516     
   47.395000424301806        22.813427650451970        35.738619846122020        21.179553155344593     
   47.395000424301791       -22.813427650451970       -35.738619846122020       -21.179553155344593     
 isvec for ranlux 
     5296148     8646563    10452673     7166248      952571     3765111    10544008    12173936     2054572     9165979     5001339     7374366     6185974      750604     2177072     5243092     2039795     8760032     5864455     9125444     9026986    11573976    10700607    16005715     4021505
  
 ====== DUMPING at point            1
 propag    0.0000000000000000        0.0000000000000000        0.0000000000000000        0.0000000000000000     
 test props.    0.0000000000000000        0.0000000000000000     
 Var           2.1457087820033380     
 Var before    1.7716548764183271     
 iev, nphot and rad. pattern    0.0000000000000000                0               0           0           0           0
 partons...            1          -1
 x1 & x2   0.84793692878287419       0.99745834993334237     
 sv & ME    1.0000000000000000        21400.826170247950     
 plepton   =    45.983197198305810        35.312797921573953        18.019677330004683        23.296797907854405     
 pneutrino =    45.983197198305824       -35.312797921573953       -18.019677330004683       -23.296797907854405     
 pleptonlab   =    44.241054144007393        35.312797921573953        18.019677330004683        19.635611524832214     
 pneutrinolab =    48.028709791803450       -35.312797921573953       -18.019677330004683       -27.111682582355627     
 sqrt(s) =    91.966394396611634     
 sqrt_fs_cm =    91.966394396611634     
 phind channel           0
 bbb pw(0) qmod c1q   0.0000000000000000        0.0000000000000000        0.0000000000000000        0.0000000000000000     
 reduced to Born momenta
   45.983197198305817        0.0000000000000000        0.0000000000000000        45.983144161232381     
   45.983197198305817        0.0000000000000000        0.0000000000000000       -45.983144161232381     
   45.983197198305810        35.312797921573953        18.019677330004683        23.296797907854405     
   45.983197198305824       -35.312797921573953       -18.019677330004683       -23.296797907854405     
 isvec for ranlux 
     2357503    13313867    13475429      398041      676046      598883     1378089     4879090    14650659     9192766    12027607    13293528    15088918     5524941     3471822    13068680     3121771    14380553    13340567    15481040    11950101    16227926    15558269    13944932    -4050620
  
 ====== DUMPING at point            1
 propag    0.0000000000000000        0.0000000000000000        0.0000000000000000        0.0000000000000000     
 test props.    0.0000000000000000        0.0000000000000000     
 Var           1.8425108532607748     
 Var before    1.5856531258629671     
 iev, nphot and rad. pattern    0.0000000000000000                0               0           0           0           0
 partons...            1          -1
 x1 & x2   0.99808083814159143       0.85089052350330929     
 sv & ME    1.0000000000000000        13419.260244339330     
 plepton   =    46.077584758343207        2.8322025819032079       -45.862928536179709       -3.4209747282270384     
 pneutrino =    46.077584758343193       -2.8322025819032079        45.862928536179709        3.4209747282270384     
 pleptonlab   =    45.951084854762094        2.8322025819032079       -45.862928536179709       0.24789162634396877     
 pneutrinolab =    46.497483227482959       -2.8322025819032079        45.862928536179709        7.1116241055701419     
 sqrt(s) =    92.155169516686399     
 sqrt_fs_cm =    92.155169516686399     
 phind channel           0
 bbb pw(0) qmod c1q   0.0000000000000000        0.0000000000000000        0.0000000000000000        0.0000000000000000     
 reduced to Born momenta
   46.077584758343207        0.0000000000000000        0.0000000000000000        46.077531829913610     
   46.077584758343193        0.0000000000000000        0.0000000000000000       -46.077531829913596     
   46.077584758343207        2.8322025819032079       -45.862928536179709       -3.4209747282270384     
   46.077584758343193       -2.8322025819032079        45.862928536179709        3.4209747282270384     
 isvec for ranlux 
    12675073     6236269     4537278     4433730     4224941    13787964    13876073    15802303    15288718      805940    14528922    13666908     8167124    16627472     6461287     3513350     4350067    10105469     7717376     3989656     7739191    12448084    16391049     2870502     4050721
  
 ====== DUMPING at point            1
 propag    0.0000000000000000        0.0000000000000000        0.0000000000000000        0.0000000000000000     
 test props.    0.0000000000000000        0.0000000000000000     
 Var           1.2457806776557780     
 Var before   0.85137832745585496     
 iev, nphot and rad. pattern    0.0000000000000000                0               0           0           0           0
 partons...            1          -1
 x1 & x2   0.85519968333624830       0.99916102408652785     
 sv & ME    1.0000000000000000        21912.547540452961     
 plepton   =    46.219102960808314        26.972503433539877        3.7312990185096688        37.346429293474365     
 pneutrino =    46.219102960808328       -26.972503433539877       -3.7312990185096688       -37.346429293474365     
 pleptonlab   =    43.450890045206563        26.972503433539877        3.7312990185096688        33.860451092555031     
 pneutrinolab =    49.267145325932240       -26.972503433539877       -3.7312990185096688       -41.058518130069011     
 sqrt(s) =    92.438205921616643     
 sqrt_fs_cm =    92.438205921616643     
 phind channel           0
 bbb pw(0) qmod c1q   0.0000000000000000        0.0000000000000000        0.0000000000000000        0.0000000000000000     
 reduced to Born momenta
   46.219102960808321        0.0000000000000000        0.0000000000000000        46.219050194440392     
   46.219102960808321        0.0000000000000000        0.0000000000000000       -46.219050194440392     
   46.219102960808314        26.972503433539877        3.7312990185096688        37.346429293474365     
   46.219102960808328       -26.972503433539877       -3.7312990185096688       -37.346429293474365     
 isvec for ranlux 
    10671788    15112082    16580349    15196529    12173453     4126535    14349879    14774021     1833402    14749546    12999650    11317858    16659325    10501234     7001243    11690730    15931723    11335180     5068908     1086744     3192185    13920432    14783369     9387395    -4011707
  
 ====== DUMPING at point            1
 propag    0.0000000000000000        0.0000000000000000        0.0000000000000000        0.0000000000000000     
 test props.    0.0000000000000000        0.0000000000000000     
 Var           1.6413192188222632     
 Var before    1.1832360097681711     
 iev, nphot and rad. pattern    0.0000000000000000                0               0           0           0           0
 partons...            1          -1
 x1 & x2   0.99978361970231511       0.92283513222221691     
 sv & ME    1.0000000000000000        1893.8892411805618     
 plepton   =    48.026957244905496        14.823762922756391       -38.968132459820637        23.839424571836862     
 pneutrino =    48.026957244905496       -14.823762922756391        38.968132459820637       -23.839424571836862     
 pleptonlab   =    49.020353184107428        14.823762922756391       -38.968132459820637        25.782252966080172     
 pneutrinolab =    47.110584412119145       -14.823762922756391        38.968132459820637       -21.934828592075263     
 sqrt(s) =    96.053914489810992     
 sqrt_fs_cm =    96.053914489810992     
 phind channel           0
 bbb pw(0) qmod c1q   0.0000000000000000        0.0000000000000000        0.0000000000000000        0.0000000000000000     
 reduced to Born momenta
   48.026957244905489        0.0000000000000000        0.0000000000000000        48.026906464797207     
   48.026957244905503        0.0000000000000000        0.0000000000000000       -48.026906464797221     
   48.026957244905496        14.823762922756391       -38.968132459820637        23.839424571836862     
   48.026957244905496       -14.823762922756391        38.968132459820637       -23.839424571836862     
 isvec for ranlux 
     1467315    14552326     9549605    16451063     2447372     8870742    12068471    12007007     6978230    16284214     8468817    11598645    11614625     5336374     3803737    12939294     6082334     4537718    14679745    16308527    16057847    10631340     7612034     5753259    -4182212
  
 ====== DUMPING at point            1
 propag    0.0000000000000000        0.0000000000000000        0.0000000000000000        0.0000000000000000     
 test props.    0.0000000000000000        0.0000000000000000     
 Var           1.4171484720862950     
 Var before   0.73353547498733485     
 iev, nphot and rad. pattern    0.0000000000000000                0               0           0           0           0
 partons...            1          -1
 x1 & x2   0.99980152772375630       0.84518862206929246     
 sv & ME    1.0000000000000000        24955.277087470844     
 plepton   =    45.962508513994720       -19.731165748237832        28.888418679965746        29.810759627928654     
 pneutrino =    45.962508513994720        19.731165748237832       -28.888418679965746       -29.810759627928654     
 pleptonlab   =    48.631757993972791       -19.731165748237832        28.888418679965746        33.781312678453460     
 pneutrinolab =    43.617749495679625        19.731165748237832       -28.888418679965746       -26.050667395730269     
 sqrt(s) =    91.925017027989441     
 sqrt_fs_cm =    91.925017027989441     
 phind channel           0
 bbb pw(0) qmod c1q   0.0000000000000000        0.0000000000000000        0.0000000000000000        0.0000000000000000     
 reduced to Born momenta
   45.962508513994720        0.0000000000000000        0.0000000000000000        45.962455453048165     
   45.962508513994720        0.0000000000000000        0.0000000000000000       -45.962455453048165     
   45.962508513994720       -19.731165748237832        28.888418679965746        29.810759627928654     
   45.962508513994720        19.731165748237832       -28.888418679965746       -29.810759627928654     
 isvec for ranlux 
    10133792     8012408     5802471    15848650     3998090     8366287     8259760     7239157    11187399     3051700     1592070     1617504     4202411     2209282     7734370    11322307     8269585      641457    12859162     4265691     8778025    14458014    14989513     8307982     4112111
  
 ====== DUMPING at point            1
 propag    0.0000000000000000        0.0000000000000000        0.0000000000000000        0.0000000000000000     
 test props.    0.0000000000000000        0.0000000000000000     
 Var          0.49074584934628962     
 Var before   0.43935734768269996     
 iev, nphot and rad. pattern    0.0000000000000000                0               0           0           0           0
 partons...            1          -1
 x1 & x2   0.99989473675369245       0.82524360092654303     
 sv & ME    1.0000000000000000        14976.088373745621     
 plepton   =    45.419069043357631       -19.770585920286859       -27.613126462217668       -30.158246773046152     
 pneutrino =    45.419069043357617        19.770585920286859        27.613126462217668        30.158246773046152     
 pleptonlab   =    42.729251036169444       -19.770585920286859       -27.613126462217668       -25.931002868586638     
 pneutrinolab =    48.527665847842322        19.770585920286859        27.613126462217668        34.663559659944106     
 sqrt(s) =    90.838138086715247     
 sqrt_fs_cm =    90.838138086715247     
 phind channel           0
 bbb pw(0) qmod c1q   0.0000000000000000        0.0000000000000000        0.0000000000000000        0.0000000000000000     
 reduced to Born momenta
   45.419069043357624        0.0000000000000000        0.0000000000000000        45.419015347535733     
   45.419069043357624        0.0000000000000000        0.0000000000000000       -45.419015347535733     
   45.419069043357631       -19.770585920286859       -27.613126462217668       -30.158246773046152     
   45.419069043357617        19.770585920286859        27.613126462217668        30.158246773046152     
 isvec for ranlux 
     3688637    14053662    12588071    11536133     9988281    14201265     3023778     8336309     7700588     7389476     2663606     3417323    12053979    11535674     1089984     3050167    10818579       42031    11733593     9268692    14754184    14106291    10624018      593816     4181909
  
