 ====== DUMPING at point            1
 propag    0.0000000000000000        0.0000000000000000        0.0000000000000000        0.0000000000000000     
 test props.    0.0000000000000000        0.0000000000000000     
 Var           3.1899629649627541     
 Var before    0.0000000000000000     
 iev, nphot and rad. pattern    0.0000000000000000                0               0           0           0           0
 partons...            1          -1
 x1 & x2   0.90696387063015760       0.98832463552520622     
 sv & ME    0.0000000000000000        0.0000000000000000     
 plepton   =    0.0000000000000000        0.0000000000000000        0.0000000000000000        0.0000000000000000     
 pneutrino =    0.0000000000000000        0.0000000000000000        0.0000000000000000        0.0000000000000000     
 pleptonlab   =    49.067744487377190       -25.600422283052499       -6.8340353126857325       -41.298265407416579     
 pneutrinolab =    45.696680820390995        25.600422283052499        6.8340353126857325        37.230227162664150     
 sqrt(s) =    0.0000000000000000     
 sqrt_fs_cm =    0.0000000000000000     
 phind channel           0
 bbb pw(0) qmod c1q   0.0000000000000000        0.0000000000000000        0.0000000000000000        0.0000000000000000     
 reduced to Born momenta
   0.0000000000000000        0.0000000000000000        0.0000000000000000        0.0000000000000000     
   0.0000000000000000        0.0000000000000000        0.0000000000000000        0.0000000000000000     
   0.0000000000000000        0.0000000000000000        0.0000000000000000        0.0000000000000000     
   0.0000000000000000        0.0000000000000000        0.0000000000000000        0.0000000000000000     
 isvec for ranlux 
      778671     5844720     9587749    10340955     5767304     1229801     7106317     9230034     7070010     1656684     6134444     2662197     2938873     9323532     7705191    15725022     7372296    12845121     6405628     3024976     4819489    10459877     1149857     7981361    -4020317
  
 ====== DUMPING at point            1
 propag    0.0000000000000000        0.0000000000000000        0.0000000000000000        0.0000000000000000     
 test props.    0.0000000000000000        0.0000000000000000     
 Var           3.9882132519232099     
 Var before    3.1899629649627541     
 iev, nphot and rad. pattern    0.0000000000000000                1               0           0           0           0
 partons...            1          -1
 x1 & x2   0.98186983668371985       0.86055637567598953     
 sv & ME    0.0000000000000000        0.0000000000000000     
 plepton   =    0.0000000000000000        0.0000000000000000        0.0000000000000000        0.0000000000000000     
 pneutrino =    0.0000000000000000        0.0000000000000000        0.0000000000000000        0.0000000000000000     
 pleptonlab   =    47.456418385960951        33.550976104836025        23.170407449494014        24.280953510293994     
 pneutrinolab =    44.661465913267627       -33.553369411550555       -23.172058325425805       -18.217093289698699     
 sqrt(s) =    0.0000000000000000     
 sqrt_fs_cm =    0.0000000000000000     
 phind channel           0
 bbb pw(0) qmod c1q   0.0000000000000000        0.0000000000000000        0.0000000000000000        0.0000000000000000     
 reduced to Born momenta
   0.0000000000000000        0.0000000000000000        0.0000000000000000        0.0000000000000000     
   0.0000000000000000        0.0000000000000000        0.0000000000000000        0.0000000000000000     
   0.0000000000000000        0.0000000000000000        0.0000000000000000        0.0000000000000000     
   0.0000000000000000        0.0000000000000000        0.0000000000000000        0.0000000000000000     
 >> Photon n.           1
 cm momentum     0.0000000000000000        0.0000000000000000        0.0000000000000000        0.0000000000000000     
 lab momentum    3.4263187569059258E-003   2.3933067145335573E-003   1.6508759317901515E-003   1.8128297912186778E-003
 c_ph_up                         NaN
 c_ph_up lab   0.52908964980704842     
 c_ph_lep                       NaN
 c_ph_lep lab   0.99979130936181704     
 isvec for ranlux 
      778671     5844720     9587749     5094089     4083391     5667112    11886351     3615086    16112834     1368291    15462261     7797679    14988199    15435044     9850695     6896914     2215452    12845121     6405628     3024976     4819489    10459877     1149857     7981361     4161303
  
 ====== DUMPING at point            1
 propag    0.0000000000000000        0.0000000000000000        0.0000000000000000        0.0000000000000000     
 test props.    0.0000000000000000        0.0000000000000000     
 Var           1.1076302135065923     
 Var before   0.90456234880939701     
 iev, nphot and rad. pattern    0.0000000000000000                0               0           0           0           0
 partons...            1          -1
 x1 & x2   0.99887405837283283       0.96859242805232015     
 sv & ME    0.0000000000000000        0.0000000000000000     
 plepton   =    0.0000000000000000        0.0000000000000000        0.0000000000000000        0.0000000000000000     
 pneutrino =    0.0000000000000000        0.0000000000000000        0.0000000000000000        0.0000000000000000     
 pleptonlab   =    49.435431621004682        28.584829522810665        36.612381391712802        16.920159155373650     
 pneutrinolab =    48.937892700252974       -28.584829522810665       -36.612381391712802       -15.406077639348016     
 sqrt(s) =    0.0000000000000000     
 sqrt_fs_cm =    0.0000000000000000     
 phind channel           0
 bbb pw(0) qmod c1q   0.0000000000000000        0.0000000000000000        0.0000000000000000        0.0000000000000000     
 reduced to Born momenta
   0.0000000000000000        0.0000000000000000        0.0000000000000000        0.0000000000000000     
   0.0000000000000000        0.0000000000000000        0.0000000000000000        0.0000000000000000     
   0.0000000000000000        0.0000000000000000        0.0000000000000000        0.0000000000000000     
   0.0000000000000000        0.0000000000000000        0.0000000000000000        0.0000000000000000     
 isvec for ranlux 
    16145664      870805    14492627     7011085     9863684      407960     8205723     9664108     8899623    12633686     7677361      827336     8835237      774716    15580488    11768090     5697509    10786837     3590889     5984085    13914166     1669207     2642119    10329942    -4231606
  
 ====== DUMPING at point            1
 propag    0.0000000000000000        0.0000000000000000        0.0000000000000000        0.0000000000000000     
 test props.    0.0000000000000000        0.0000000000000000     
 Var           1.0328207345848761     
 Var before   0.78773896035091917     
 iev, nphot and rad. pattern    0.0000000000000000                0               0           0           0           0
 partons...            1          -1
 x1 & x2   0.84017227217035351       0.99559331309044252     
 sv & ME    0.0000000000000000        0.0000000000000000     
 plepton   =    0.0000000000000000        0.0000000000000000        0.0000000000000000        0.0000000000000000     
 pneutrino =    0.0000000000000000        0.0000000000000000        0.0000000000000000        0.0000000000000000     
 pleptonlab   =    44.790867491308688       -9.3292422431779514        42.843079155940686        9.1458435662551274     
 pneutrinolab =    46.997411771731130        9.3292422431779514       -42.843079155940686       -16.916895612259577     
 sqrt(s) =    0.0000000000000000     
 sqrt_fs_cm =    0.0000000000000000     
 phind channel           0
 bbb pw(0) qmod c1q   0.0000000000000000        0.0000000000000000        0.0000000000000000        0.0000000000000000     
 reduced to Born momenta
   0.0000000000000000        0.0000000000000000        0.0000000000000000        0.0000000000000000     
   0.0000000000000000        0.0000000000000000        0.0000000000000000        0.0000000000000000     
   0.0000000000000000        0.0000000000000000        0.0000000000000000        0.0000000000000000     
   0.0000000000000000        0.0000000000000000        0.0000000000000000        0.0000000000000000     
 isvec for ranlux 
    13868419     2865846     9103107     7527249     1293395     6527970    16722314    14093001     7067029    11977287     8449520     4008011     9814825    10880166       38707    11544883    16015224    10783967      233071     2651081     6975958     9351817      713181    10474158     4010519
  
 ====== DUMPING at point            1
 propag    0.0000000000000000        0.0000000000000000        0.0000000000000000        0.0000000000000000     
 test props.    0.0000000000000000        0.0000000000000000     
 Var           1.0081314752754653     
 Var before   0.66453372096423891     
 iev, nphot and rad. pattern    0.0000000000000000                2               0           0           0           0
 partons...            1          -1
 x1 & x2   0.85534187360207914       0.99817067904020229     
 sv & ME    0.0000000000000000        0.0000000000000000     
 plepton   =    0.0000000000000000        0.0000000000000000        0.0000000000000000        0.0000000000000000     
 pneutrino =    0.0000000000000000        0.0000000000000000        0.0000000000000000        0.0000000000000000     
 pleptonlab   =    47.208265171112245        6.3622010490461030       -44.343961807174210       -14.891090820687820     
 pneutrinolab =    45.465055487580599       -6.3607898885264058        44.345769464125262        7.7493992945254169     
 sqrt(s) =    0.0000000000000000     
 sqrt_fs_cm =    0.0000000000000000     
 phind channel           0
 bbb pw(0) qmod c1q   0.0000000000000000        0.0000000000000000        0.0000000000000000        0.0000000000000000     
 reduced to Born momenta
   0.0000000000000000        0.0000000000000000        0.0000000000000000        0.0000000000000000     
   0.0000000000000000        0.0000000000000000        0.0000000000000000        0.0000000000000000     
   0.0000000000000000        0.0000000000000000        0.0000000000000000        0.0000000000000000     
   0.0000000000000000        0.0000000000000000        0.0000000000000000        0.0000000000000000     
 >> Photon n.           1
 cm momentum     0.0000000000000000        0.0000000000000000        0.0000000000000000        0.0000000000000000     
 lab momentum    2.3069734212425664E-003  -1.4111605196973197E-003  -1.8076569510523718E-003   2.5125425624109401E-004
 c_ph_up                         NaN
 c_ph_up lab   0.10891077197836338     
 c_ph_lep                       NaN
 c_ph_lep lab   0.61923064344557421     
 >> Photon n.           2
 cm momentum     0.0000000000000000        0.0000000000000000        0.0000000000000000        0.0000000000000000     
 lab momentum    0.0000000000000000        0.0000000000000000        0.0000000000000000        0.0000000000000000     
 c_ph_up                         NaN
 c_ph_up lab    0.0000000000000000     
 c_ph_lep                       NaN
 c_ph_lep lab    0.0000000000000000     
 isvec for ranlux 
     8387587      494124    16029375     9172352     3146249     4760742    10678187    15099412    14773573     5096781    12530818    12364236     9216740     4157391     4528357    13979143    11886891     6704042    11366472     4673913     1301926    13045427    13947925    11850217     4222212
  
 ====== DUMPING at point            1
 propag    0.0000000000000000        0.0000000000000000        0.0000000000000000        0.0000000000000000     
 test props.    0.0000000000000000        0.0000000000000000     
 Var           1.4238896301674400     
 Var before   0.92681069591972987     
 iev, nphot and rad. pattern    0.0000000000000000                3               0           0           0           0
 partons...            1          -1
 x1 & x2   0.86629388147806008       0.99880903244298957     
 sv & ME    0.0000000000000000        0.0000000000000000     
 plepton   =    0.0000000000000000        0.0000000000000000        0.0000000000000000        0.0000000000000000     
 pneutrino =    0.0000000000000000        0.0000000000000000        0.0000000000000000        0.0000000000000000     
 pleptonlab   =    42.106031322409365        21.607334777579617       -16.226022903758061        32.291577455562091     
 pneutrinolab =    49.203994931512987       -23.037431659382211        16.624382011888695       -40.173730456493246     
 sqrt(s) =    0.0000000000000000     
 sqrt_fs_cm =    0.0000000000000000     
 phind channel           0
 bbb pw(0) qmod c1q   0.0000000000000000        0.0000000000000000        0.0000000000000000        0.0000000000000000     
 reduced to Born momenta
   0.0000000000000000        0.0000000000000000        0.0000000000000000        0.0000000000000000     
   0.0000000000000000        0.0000000000000000        0.0000000000000000        0.0000000000000000     
   0.0000000000000000        0.0000000000000000        0.0000000000000000        0.0000000000000000     
   0.0000000000000000        0.0000000000000000        0.0000000000000000        0.0000000000000000     
 >> Photon n.           1
 cm momentum     0.0000000000000000        0.0000000000000000        0.0000000000000000        0.0000000000000000     
 lab momentum    8.6176130038162126E-003   4.7592559621997101E-003  -2.9239875174377288E-003   6.5622430286966030E-003
 c_ph_up                         NaN
 c_ph_up lab   0.76149196138078934     
 c_ph_lep                       NaN
 c_ph_lep lab   0.99816003304558532     
 >> Photon n.           2
 cm momentum     0.0000000000000000        0.0000000000000000        0.0000000000000000        0.0000000000000000     
 lab momentum    1.9365018291263449        1.4253376258403947      -0.39543512061319530        1.2498332096559821     
 c_ph_up                         NaN
 c_ph_up lab   0.64540770933319791     
 c_ph_lep                       NaN
 c_ph_lep lab   0.95137273182097892     
 >> Photon n.           3
 cm momentum     0.0000000000000000        0.0000000000000000        0.0000000000000000        0.0000000000000000     
 lab momentum    0.0000000000000000        0.0000000000000000        0.0000000000000000        0.0000000000000000     
 c_ph_up                         NaN
 c_ph_up lab    0.0000000000000000     
 c_ph_lep                       NaN
 c_ph_lep lab    0.0000000000000000     
 isvec for ranlux 
    10729280      951825     2599558    14934193    13941412      776467    10074664     3918254     4721782     7088598     4864446    12764569     2726288     4197403     6349129    14750973    11225272     9917066    13519579     4908360     4211252     5668702      908009     6291073     4021505
  
 ====== DUMPING at point            1
 propag    0.0000000000000000        0.0000000000000000        0.0000000000000000        0.0000000000000000     
 test props.    0.0000000000000000        0.0000000000000000     
 Var           1.5453392821675922     
 Var before    1.3986353977970274     
 iev, nphot and rad. pattern    0.0000000000000000                4               0           0           0           0
 partons...            1          -1
 x1 & x2   0.99840095388315730       0.81620284840856827     
 sv & ME    0.0000000000000000        0.0000000000000000     
 plepton   =    0.0000000000000000        0.0000000000000000        0.0000000000000000        0.0000000000000000     
 pneutrino =    0.0000000000000000        0.0000000000000000        0.0000000000000000        0.0000000000000000     
 pleptonlab   =    41.851262299219371      -0.47725652946913955        33.159970816158136       -25.528524321300132     
 pneutrinolab =    48.413435807521509       0.48952119911342856       -33.527779550223826        34.921311121215780     
 sqrt(s) =    0.0000000000000000     
 sqrt_fs_cm =    0.0000000000000000     
 phind channel           0
 bbb pw(0) qmod c1q   0.0000000000000000        0.0000000000000000        0.0000000000000000        0.0000000000000000     
 reduced to Born momenta
   0.0000000000000000        0.0000000000000000        0.0000000000000000        0.0000000000000000     
   0.0000000000000000        0.0000000000000000        0.0000000000000000        0.0000000000000000     
   0.0000000000000000        0.0000000000000000        0.0000000000000000        0.0000000000000000     
   0.0000000000000000        0.0000000000000000        0.0000000000000000        0.0000000000000000     
 >> Photon n.           1
 cm momentum     0.0000000000000000        0.0000000000000000        0.0000000000000000        0.0000000000000000     
 lab momentum   0.46482820007301057       -1.2277451647483870E-002  0.36826772303203548      -0.28336090756658472     
 c_ph_up                         NaN
 c_ph_up lab  -0.60960352130545703     
 c_ph_lep                       NaN
 c_ph_lep lab   0.99988728726575449     
 >> Photon n.           2
 cm momentum     0.0000000000000000        0.0000000000000000        0.0000000000000000        0.0000000000000000     
 lab momentum    6.6380777239953125E-004   1.2782003194857843E-005  -4.5898896634710549E-004   4.7938138038932011E-004
 c_ph_up                         NaN
 c_ph_up lab   0.72216897770939481     
 c_ph_lep                       NaN
 c_ph_lep lab  -0.98858776796704484     
 >> Photon n.           3
 cm momentum     0.0000000000000000        0.0000000000000000        0.0000000000000000        0.0000000000000000     
 lab momentum    0.0000000000000000        0.0000000000000000        0.0000000000000000        0.0000000000000000     
 c_ph_up                         NaN
 c_ph_up lab    0.0000000000000000     
 c_ph_lep                       NaN
 c_ph_lep lab    0.0000000000000000     
 >> Photon n.           4
 cm momentum     0.0000000000000000        0.0000000000000000        0.0000000000000000        0.0000000000000000     
 lab momentum    0.0000000000000000        0.0000000000000000        0.0000000000000000        0.0000000000000000     
 c_ph_up                         NaN
 c_ph_up lab    0.0000000000000000     
 c_ph_lep                       NaN
 c_ph_lep lab    0.0000000000000000     
 isvec for ranlux 
     7417991     9690884     4122886    15691444    13639218     4466563     9490767    13457116     6996866     5672935      995486     9966615     8452565    14606448    10594417     2450987     1597940     7413366     5680510     9173028     1118578     9454363    12552521     7384149     4090216
  
 ====== DUMPING at point            1
 propag    0.0000000000000000        0.0000000000000000        0.0000000000000000        0.0000000000000000     
 test props.    0.0000000000000000        0.0000000000000000     
 Var           2.8187546406786317     
 Var before    1.3521366422877708     
 iev, nphot and rad. pattern    0.0000000000000000                1               0           0           0           0
 partons...            1          -1
 x1 & x2   0.99959884530982379       0.80010407959496888     
 sv & ME    0.0000000000000000        0.0000000000000000     
 plepton   =    0.0000000000000000        0.0000000000000000        0.0000000000000000        0.0000000000000000     
 pneutrino =    0.0000000000000000        0.0000000000000000        0.0000000000000000        0.0000000000000000     
 pleptonlab   =    48.075474619863918       -26.202016577956527       -22.831580133040763        33.217666566312879     
 pneutrinolab =    41.852552531242544        26.213781311050244        22.886713910472448       -23.252117870111711     
 sqrt(s) =    0.0000000000000000     
 sqrt_fs_cm =    0.0000000000000000     
 phind channel           0
 bbb pw(0) qmod c1q   0.0000000000000000        0.0000000000000000        0.0000000000000000        0.0000000000000000     
 reduced to Born momenta
   0.0000000000000000        0.0000000000000000        0.0000000000000000        0.0000000000000000     
   0.0000000000000000        0.0000000000000000        0.0000000000000000        0.0000000000000000     
   0.0000000000000000        0.0000000000000000        0.0000000000000000        0.0000000000000000     
   0.0000000000000000        0.0000000000000000        0.0000000000000000        0.0000000000000000     
 >> Photon n.           1
 cm momentum     0.0000000000000000        0.0000000000000000        0.0000000000000000        0.0000000000000000     
 lab momentum    5.7119094133184292E-002  -1.1764733093716950E-002  -5.5133777431684204E-002   9.1895895415779350E-003
 c_ph_up                         NaN
 c_ph_up lab   0.16088472131841969     
 c_ph_lep                       NaN
 c_ph_lep lab   0.68182572496407112     
 isvec for ranlux 
    15868928    16149788     8889730     6947937     4985027     6212496     9156383    16542457    12797613     1952311    12103019     8690689    10625675    15366954    15992746    15428916     4858500     3239719     7480833      848619     5738531    16519816     8961895    15949027     4111303
  
 ====== DUMPING at point            1
 propag    0.0000000000000000        0.0000000000000000        0.0000000000000000        0.0000000000000000     
 test props.    0.0000000000000000        0.0000000000000000     
 Var           2.7124585948905331     
 Var before    1.4147785737264822     
 iev, nphot and rad. pattern    0.0000000000000000                0               0           0           0           0
 partons...            1          -1
 x1 & x2   0.99980152772375630       0.84518862206929246     
 sv & ME    0.0000000000000000        0.0000000000000000     
 plepton   =    0.0000000000000000        0.0000000000000000        0.0000000000000000        0.0000000000000000     
 pneutrino =    0.0000000000000000        0.0000000000000000        0.0000000000000000        0.0000000000000000     
 pleptonlab   =    48.519032932931701       -32.222388297566120        16.238782250273381        32.436168646813464     
 pneutrinolab =    43.730474556720715        32.222388297566120       -16.238782250273381       -24.705523364090269     
 sqrt(s) =    0.0000000000000000     
 sqrt_fs_cm =    0.0000000000000000     
 phind channel           0
 bbb pw(0) qmod c1q   0.0000000000000000        0.0000000000000000        0.0000000000000000        0.0000000000000000     
 reduced to Born momenta
   0.0000000000000000        0.0000000000000000        0.0000000000000000        0.0000000000000000     
   0.0000000000000000        0.0000000000000000        0.0000000000000000        0.0000000000000000     
   0.0000000000000000        0.0000000000000000        0.0000000000000000        0.0000000000000000     
   0.0000000000000000        0.0000000000000000        0.0000000000000000        0.0000000000000000     
 isvec for ranlux 
    10133792     8012408     5802471    15848650     3998090     8366287     8259760     7239157    11187399     3051700     1592070     1617504     4202411     2209282     7734370    11322307     8269585      641457    12859162     4265691     8778025    14458014    14989513     8307982     4112111
  
 ====== DUMPING at point            1
 propag    0.0000000000000000        0.0000000000000000        0.0000000000000000        0.0000000000000000     
 test props.    0.0000000000000000        0.0000000000000000     
 Var          0.65239277999391831     
 Var before   0.58943309553443579     
 iev, nphot and rad. pattern    0.0000000000000000                2               0           0           0           0
 partons...            1          -1
 x1 & x2   0.84478094831032480       0.99980874792214258     
 sv & ME    0.0000000000000000        0.0000000000000000     
 plepton   =    0.0000000000000000        0.0000000000000000        0.0000000000000000        0.0000000000000000     
 pneutrino =    0.0000000000000000        0.0000000000000000        0.0000000000000000        0.0000000000000000     
 pleptonlab   =    43.478763462700449       -32.131461735158922       -10.127499103437245        27.484443549504210     
 pneutrinolab =    48.646099917649295        32.063914035071583        10.102741609450010       -35.160658444214008     
 sqrt(s) =    0.0000000000000000     
 sqrt_fs_cm =    0.0000000000000000     
 phind channel           0
 bbb pw(0) qmod c1q   0.0000000000000000        0.0000000000000000        0.0000000000000000        0.0000000000000000     
 reduced to Born momenta
   0.0000000000000000        0.0000000000000000        0.0000000000000000        0.0000000000000000     
   0.0000000000000000        0.0000000000000000        0.0000000000000000        0.0000000000000000     
   0.0000000000000000        0.0000000000000000        0.0000000000000000        0.0000000000000000     
   0.0000000000000000        0.0000000000000000        0.0000000000000000        0.0000000000000000     
 >> Photon n.           1
 cm momentum     0.0000000000000000        0.0000000000000000        0.0000000000000000        0.0000000000000000     
 lab momentum    3.9098201254280859E-003   1.8578695950586558E-003   2.7403285021335004E-003  -2.0798109725053988E-003
 c_ph_up                         NaN
 c_ph_up lab  -0.53194543630768187     
 c_ph_lep                       NaN
 c_ph_lep lab  -0.85068585753577464     
 >> Photon n.           2
 cm momentum     0.0000000000000000        0.0000000000000000        0.0000000000000000        0.0000000000000000     
 lab momentum   0.10071161114819122        6.5689830492278334E-002   2.2017165485100951E-002  -7.3095274908586888E-002
 c_ph_up                         NaN
 c_ph_up lab  -0.72578796104285814     
 c_ph_lep                       NaN
 c_ph_lep lab  -0.99174858269509369     
 isvec for ranlux 
     5079594     3841057     9098920     6732446     4511162     1103824     3455625     2049550     7089683     2498176       90917     1157143      391610     3412081     7982299     4908761     3446547    12135971     8440645    11572854      161177     5195586     4409555    12597285     4052111
  
