 ====== DUMPING at point            1
 propag    0.0000000000000000        0.0000000000000000        0.0000000000000000        0.0000000000000000     
 test props.    0.0000000000000000        0.0000000000000000     
 Var           2.3943473572425438     
 Var before    0.0000000000000000     
 iev, nphot and rad. pattern    0.0000000000000000                1               0           0           0           1
 partons...            1          -1
 x1 & x2   0.89786093856236493       0.93558814187961692     
 sv & ME    1.0000000000000000        744.33953395499475     
 plepton   =    45.557372523276669        37.263763877202329       -17.668791419014315       -19.356878338942337     
 pneutrino =    40.469372546058210       -32.297733186653545        17.755745907225229        16.713732942163915     
 pleptonlab   =    45.965414775756443        37.263763877202329       -17.668791419014315       -20.298618261136404     
 pneutrinolab =    40.133948792574003       -32.297733186653545        17.755745907225229        15.884350798042639     
 sqrt(s) =    91.653043985230070     
 sqrt_fs_cm =    85.842563031012361     
 phind channel           0
 bbb pw(0) qmod c1q   0.0000000000000000        0.0000000000000000        0.0000000000000000        0.0000000000000000     
 reduced to Born momenta
   45.826521992615042        0.0000000000000000        0.0000000000000000        45.826468774214213     
   45.826521992615028        0.0000000000000000        0.0000000000000000       -45.826468774214199     
   45.826521992615042        37.056506863959704       -18.912551672471402       -19.214308276010570     
   45.826521992615028       -37.056506863959704        18.912551672471402        19.214308276010570     
 >> Photon n.           1
 cm momentum     5.6262989158951919       -4.9660306905487834       -8.6954488210912631E-002   2.6431453967784209     
 lab momentum    5.5730904537686285       -4.9660306905487834       -8.6954488210912631E-002   2.5279072972311645     
 c_ph_up    0.46978403321428824     
 c_ph_up lab   0.45359165048572753     
 c_ph_lep -0.91557756990873729     
 c_ph_lep lab  -0.91669905487591996     
 isvec for ranlux 
     9644655    14614328     8305202     1457455     6611641    14048799     7267313     8683348    14048746     9318201     4464668     5476536     8218591     7359978     7668616    13721940      957152    13197359    14184585     9294164    15939178     5902395     5267822    14659295     4201404
  
 ====== DUMPING at point            1
 propag    0.0000000000000000        0.0000000000000000        0.0000000000000000        0.0000000000000000     
 test props.    0.0000000000000000        0.0000000000000000     
 Var           1.8304584889976390     
 Var before    1.2510572310171737     
 iev, nphot and rad. pattern    0.0000000000000000                0               0           0           1           0
 partons...            1          -1
 x1 & x2   0.94912875891047754       0.79098205018482737     
 sv & ME   0.70025542445584166        1327.9535293098986     
 plepton   =    43.322736859886575        31.573860312341090        29.632033530868874        1.3719690746301574     
 pneutrino =    43.322736859886575       -31.573860312341090       -29.632033530868874       -1.3719690746301574     
 pleptonlab   =    43.627977225689214        31.573860312341090        29.632033530868874        5.3313381918636455     
 pneutrinolab =    43.377563229076003       -31.573860312341090       -29.632033530868874        2.5759972444188608     
 sqrt(s) =    86.645473719773150     
 sqrt_fs_cm =    86.645473719773150     
 phind channel           0
 bbb pw(0) qmod c1q   0.0000000000000000        0.0000000000000000        0.0000000000000000        0.0000000000000000     
 reduced to Born momenta
   43.322736859886575        0.0000000000000000        0.0000000000000000        43.322680565788808     
   43.322736859886575        0.0000000000000000        0.0000000000000000       -43.322680565788808     
   43.322736859886575        31.573860312341090        29.632033530868874        1.3719690746301574     
   43.322736859886575       -31.573860312341090       -29.632033530868874       -1.3719690746301574     
 isvec for ranlux 
     6252439      346129     5312835     8261683     9079631     4152189    11690151     3251140     4683020     2530188    16021290    11618951     3342516     5282467     2561248    15711547    15779543    10985280     8292142     1596633    16558285    12472361     3784938     8334133     4140519
  
 ====== DUMPING at point            1
 propag    0.0000000000000000        0.0000000000000000        0.0000000000000000        0.0000000000000000     
 test props.    0.0000000000000000        0.0000000000000000     
 Var           1.8035078272699874     
 Var before    1.3890630827157298     
 iev, nphot and rad. pattern    0.0000000000000000                0               0           0           1           0
 partons...            1          -1
 x1 & x2   0.90779259169982618       0.92090355551153757     
 sv & ME   0.67549569858338077        18587.171759119989     
 plepton   =    45.716228665633714       -43.590655981002968       -7.5143324172725228        11.547810146760240     
 pneutrino =    45.716228665633686        43.590655981002968        7.5143324172725228       -11.547810146760240     
 pleptonlab   =    45.634608726851901       -43.590655981002968       -7.5143324172725228        11.220332857361083     
 pneutrinolab =    45.800198633716278        43.590655981002968        7.5143324172725228       -11.875881047946653     
 sqrt(s) =    91.432457331267400     
 sqrt_fs_cm =    91.432457331267400     
 phind channel           0
 bbb pw(0) qmod c1q   0.0000000000000000        0.0000000000000000        0.0000000000000000        0.0000000000000000     
 reduced to Born momenta
   45.716228665633707        0.0000000000000000        0.0000000000000000        45.716175318839930     
   45.716228665633693        0.0000000000000000        0.0000000000000000       -45.716175318839916     
   45.716228665633714       -43.590655981002968       -7.5143324172725228        11.547810146760240     
   45.716228665633686        43.590655981002968        7.5143324172725228       -11.547810146760240     
 isvec for ranlux 
     8965487     2126720     7254733    12923904     5337694    14130607     1878020     8597149     6833174     1891112    11634831     6803766      471344     6208649      964748     8738368    12913065     1505022     4123979     3215547    11907780     4934906    11898556     4780317     4221101
  
 ====== DUMPING at point            1
 propag    0.0000000000000000        0.0000000000000000        0.0000000000000000        0.0000000000000000     
 test props.    0.0000000000000000        0.0000000000000000     
 Var           1.9269879374414352     
 Var before    1.6732463914909275     
 iev, nphot and rad. pattern    0.0000000000000000                0               0           0           0           1
 partons...            1          -1
 x1 & x2   0.80335991523499006       0.96242733925078450     
 sv & ME   0.69668376241656060        2560.0905166122675     
 plepton   =    43.965200604578939       -10.215397922948107        42.711503542614352        2.0738396549562692     
 pneutrino =    43.965200604578939        10.215397922948107       -42.711503542614352       -2.0738396549562692     
 pleptonlab   =    43.957100999039341       -10.215397922948107        42.711503542614352       -1.8943798334404143     
 pneutrinolab =    44.332261725249403        10.215397922948107       -42.711503542614352       -6.0589913673493117     
 sqrt(s) =    87.930401209157878     
 sqrt_fs_cm =    87.930401209157878     
 phind channel           0
 bbb pw(0) qmod c1q   0.0000000000000000        0.0000000000000000        0.0000000000000000        0.0000000000000000     
 reduced to Born momenta
   43.965200604578939        0.0000000000000000        0.0000000000000000        43.965145133108209     
   43.965200604578939        0.0000000000000000        0.0000000000000000       -43.965145133108209     
   43.965200604578939       -10.215397922948107        42.711503542614352        2.0738396549562692     
   43.965200604578939        10.215397922948107       -42.711503542614352       -2.0738396549562692     
 isvec for ranlux 
    15326067    13686972    12635121    13902960    13679249    15597591     9630857    11203193     9414693    13903049     1041894    12159642    14667289     9413416    16351989    16702048    13674632     3503371    11931980     1731313     7232330     5707229     4337415    14161190     4071606
  
 ====== DUMPING at point            1
 propag    0.0000000000000000        0.0000000000000000        0.0000000000000000        0.0000000000000000     
 test props.    0.0000000000000000        0.0000000000000000     
 Var           2.4927117676806918     
 Var before    1.6657135476621965     
 iev, nphot and rad. pattern    0.0000000000000000                0               0           1           0           0
 partons...            1          -1
 x1 & x2   0.88456280962577749       0.97834200017248441     
 sv & ME   0.66915618139237942        8355.7799022154413     
 plepton   =    46.513571902388755        27.885561784337863       -24.195746784246332        28.292445793033341     
 pneutrino =    46.513571902388755       -27.885561784337863        24.195746784246332       -28.292445793033341     
 pleptonlab   =    45.146561915881520        27.885561784337863       -24.195746784246332        25.983882901859857     
 pneutrinolab =    47.998678574031551       -27.885561784337863        24.195746784246332       -30.672842429195200     
 sqrt(s) =    93.027143804777509     
 sqrt_fs_cm =    93.027143804777509     
 phind channel           0
 bbb pw(0) qmod c1q   0.0000000000000000        0.0000000000000000        0.0000000000000000        0.0000000000000000     
 reduced to Born momenta
   46.513571902388748        0.0000000000000000        0.0000000000000000        46.513519470075451     
   46.513571902388762        0.0000000000000000        0.0000000000000000       -46.513519470075465     
   46.513571902388755        27.885561784337863       -24.195746784246332        28.292445793033341     
   46.513571902388755       -27.885561784337863        24.195746784246332       -28.292445793033341     
 isvec for ranlux 
     4925990     5576093    15184408    11784099    11845403    13164298      418628     8394559    12727338     1012832     9828754     3599171     1962348     6110377     1170785     8157080     6470367    12307127     8788506     3545955     7555912     3534851     9276842     7912478     4132414
  
 ====== DUMPING at point            1
 propag    0.0000000000000000        0.0000000000000000        0.0000000000000000        0.0000000000000000     
 test props.    0.0000000000000000        0.0000000000000000     
 Var           11.221496693881409     
 Var before    1.6338174197758242     
 iev, nphot and rad. pattern    0.0000000000000000                0               0           0           0           1
 partons...            1          -1
 x1 & x2   0.99812980093047243       0.83659834140267997     
 sv & ME   0.66842631173698186        32465.618604318515     
 plepton   =    45.690090171803675       -4.7322804501882674        27.310023464674785        36.322738282180232     
 pneutrino =    45.690090171803675        4.7322804501882674       -27.310023464674785       -36.322738282180232     
 pleptonlab   =    49.078563237366716       -4.7322804501882674        27.310023464674785        40.502621468892777     
 pneutrinolab =    42.657843879290894        4.7322804501882674       -27.310023464674785       -32.426048492503163     
 sqrt(s) =    91.380180343607350     
 sqrt_fs_cm =    91.380180343607350     
 phind channel           0
 bbb pw(0) qmod c1q   0.0000000000000000        0.0000000000000000        0.0000000000000000        0.0000000000000000     
 reduced to Born momenta
   45.690090171803675        0.0000000000000000        0.0000000000000000        45.690036794491100     
   45.690090171803675        0.0000000000000000        0.0000000000000000       -45.690036794491100     
   45.690090171803675       -4.7322804501882674        27.310023464674785        36.322738282180232     
   45.690090171803675        4.7322804501882674       -27.310023464674785       -36.322738282180232     
 isvec for ranlux 
      128384    11388086    10466586    16512364     6221064    10759867     4294357     4958074     2428245      140484    15658108     6187047     6125357     5290921     3091457    10559473     4129276    15535479    13747368    10865395     4704666    11572707     3324263     2372157     4192111
  
 ====== DUMPING at point            1
 propag    0.0000000000000000        0.0000000000000000        0.0000000000000000        0.0000000000000000     
 test props.    0.0000000000000000        0.0000000000000000     
 Var           5.9088219784324085     
 Var before    3.6376658765774810     
 iev, nphot and rad. pattern    0.0000000000000000                1               1           0           0           0
 partons...            1          -1
 x1 & x2   0.99986456482819752       0.86340375828788607     
 sv & ME    1.0000000000000000        153.20810831530630     
 plepton   =    44.437650561229461       -37.532221143086858        10.835473402764098       -21.180616514041425     
 pneutrino =    45.042771764510100        39.619149535691513       -8.5946846510986514        19.628920254434885     
 pleptonlab   =    43.001918561708699       -37.532221143086858        10.835473402764098       -17.974390907643411     
 pneutrinolab =    46.605498752675018        39.619149535691513       -8.5946846510986514        22.989470113745735     
 sqrt(s) =    92.913229577469082     
 sqrt_fs_cm =    89.414550348168646     
 phind channel           0
 bbb pw(0) qmod c1q   0.0000000000000000        0.0000000000000000        0.0000000000000000        0.0000000000000000     
 reduced to Born momenta
   44.707275174084323        0.0000000000000000        0.0000000000000000        44.707220623358999     
   44.707275174084323        0.0000000000000000        0.0000000000000000       -44.707220623358999     
   44.707275174084323       -38.572155769493470        9.7188688170116642       -20.407392729388015     
   44.707275174084323        38.572155769493470       -9.7188688170116642        20.407392729388015     
 >> Photon n.           1
 cm momentum     3.4328072517295185       -2.0869283926046558       -2.2407887516654461        1.5516962596065409     
 lab momentum    3.5559988414204708       -2.0869283926046558       -2.2407887516654461        1.8079611209132480     
 c_ph_up    0.45201962878188523     
 c_ph_up lab   0.50842567771789382     
 c_ph_lep  0.13885151280120628     
 c_ph_lep lab   0.14092893560636616     
 isvec for ranlux 
     6248706     2443650     5424569     7840856     8854079     5077390    15263352    16554528     1529883     2696089     2519233     5653265    15789071      882553     5947087     9218297     5428618    10255587     4747224    14768239    10404210    13291405    15495887    10569314     4080721
  
 ====== DUMPING at point            1
 propag    0.0000000000000000        0.0000000000000000        0.0000000000000000        0.0000000000000000     
 test props.    0.0000000000000000        0.0000000000000000     
 Var           2.5976579756351432     
 Var before    2.1542693774425268     
 iev, nphot and rad. pattern    0.0000000000000000                0               0           1           0           0
 partons...            1          -1
 x1 & x2   0.82625176201108264       0.99919740585799521     
 sv & ME   0.76312405235847514        20439.880864976440     
 plepton   =    45.430953577573959        9.1249859093731942       -32.058057902672921       -30.870308306507447     
 pneutrino =    45.430953577573931       -9.1249859093731942        32.058057902672921        30.870308306507447     
 pleptonlab   =    48.574140975700203        9.1249859093731942       -32.058057902672921       -35.333434074518422     
 pneutrinolab =    42.698317417753707       -9.1249859093731942        32.058057902672921        26.686151882172794     
 sqrt(s) =    90.861907155147890     
 sqrt_fs_cm =    90.861907155147890     
 phind channel           0
 bbb pw(0) qmod c1q   0.0000000000000000        0.0000000000000000        0.0000000000000000        0.0000000000000000     
 reduced to Born momenta
   45.430953577573945        0.0000000000000000        0.0000000000000000        45.430899895798660     
   45.430953577573945        0.0000000000000000        0.0000000000000000       -45.430899895798660     
   45.430953577573959        9.1249859093731942       -32.058057902672921       -30.870308306507447     
   45.430953577573931       -9.1249859093731942        32.058057902672921        30.870308306507447     
 isvec for ranlux 
    14902313     9928972     4799160     2701921    12896674      994906     4989402     1593852     3619565    10431950     8726416    10407135     5333250    10378542     9914156    14939389     3289939    14228418    14454888     1597759     1973254     3860146     2875092     2125098     4191303
  
 ====== DUMPING at point            1
 propag    0.0000000000000000        0.0000000000000000        0.0000000000000000        0.0000000000000000     
 test props.    0.0000000000000000        0.0000000000000000     
 Var           1.3391056124759817     
 Var before    1.1137245396250866     
 iev, nphot and rad. pattern    0.0000000000000000                1               0           0           1           0
 partons...            1          -1
 x1 & x2   0.99950286510412945       0.82303934635523335     
 sv & ME    1.0000000000000000        2627468.7047109851     
 plepton   =    45.170401438842774        9.5811671240305198        40.144515337839707        18.356827811092266     
 pneutrino =    45.345399311648841       -9.5733316276997638       -40.320792895345299       -18.405951669994412     
 pleptonlab   =    47.169378317700492        9.5811671240305198        40.144515337839707        22.837649003744552     
 pneutrinolab =    43.768926852955339       -9.5733316276997638       -40.320792895345299       -14.081646778862254     
 sqrt(s) =    90.698962771108128     
 sqrt_fs_cm =    90.515615432790952     
 phind channel           0
 bbb pw(0) qmod c1q   0.0000000000000000        0.0000000000000000        0.0000000000000000        0.0000000000000000     
 reduced to Born momenta
   45.349481385554057        0.0000000000000000        0.0000000000000000        45.349427607337162     
   45.349481385554071        0.0000000000000000        0.0000000000000000       -45.349427607337176     
   45.349481385554064        9.5966528370999704        40.314063965175016        18.418599273104455     
   45.349481385554064       -9.5966528370999704       -40.314063965175016       -18.418599273104455     
 >> Photon n.           1
 cm momentum    0.18316202061651171       -7.8354963307557101E-003  0.17627755750558913        4.9123858902145393E-002
 lab momentum   0.18880540231231749       -7.8354963307557101E-003  0.17627755750558913        6.7173712562508370E-002
 c_ph_up    0.26819893522029076     
 c_ph_up lab   0.35578278873287311     
 c_ph_lep  0.95525253416733735     
 c_ph_lep lab   0.95842966775926031     
 isvec for ranlux 
    16299211     3254293    16131975     5266621    16545363    14473301     5355798     5599353    11050532    14547556    11682091     8225026    12673044    12120042     6959192    14507471     7976243    13182463     2472364    15582834    14772810    14376851    13178594     7905684     4032111
  
 ====== DUMPING at point            1
 propag    0.0000000000000000        0.0000000000000000        0.0000000000000000        0.0000000000000000     
 test props.    0.0000000000000000        0.0000000000000000     
 Var           2.1558197761059374     
 Var before    1.3016419681361320     
 iev, nphot and rad. pattern    0.0000000000000000                1               0           0           0           1
 partons...            1          -1
 x1 & x2   0.99986259584962844       0.81715048355026121     
 sv & ME    1.0000000000000000        212371853014.08588     
 plepton   =    45.195082638257304      -0.67763523120847857       -31.081226574823138        32.803696378386562     
 pneutrino =    45.149755713490123       0.67700209235655040        31.050145042675652       -32.770710066950265     
 pleptonlab   =    48.740749810508355      -0.67763523120847857       -31.081226574823138        37.538616030656151     
 pneutrinolab =    42.067679875436632       0.67700209235655040        31.050145042675652       -28.374437217440935     
 sqrt(s) =    90.390165597942328     
 sqrt_fs_cm =    90.344826981095736     
 phind channel           0
 bbb pw(0) qmod c1q   0.0000000000000000        0.0000000000000000        0.0000000000000000        0.0000000000000000     
 reduced to Born momenta
   45.195082798971164        0.0000000000000000        0.0000000000000000        45.195028837033163     
   45.195082798971164        0.0000000000000000        0.0000000000000000       -45.195028837033163     
   45.195082798971164      -0.67765848955262709       -31.081271986646851        32.803653091965387     
   45.195082798971164       0.67765848955262709        31.081271986646851       -32.803653091965387     
 >> Photon n.           1
 cm momentum     4.5327246194901118E-002   6.3313885192814977E-004   3.1081532147486268E-002  -3.2986311436293311E-002
 lab momentum    4.2224284049526072E-002   6.3313885192814977E-004   3.1081532147486268E-002  -2.8573198246853955E-002
 c_ph_up   -0.72773693981885790     
 c_ph_up lab  -0.67670059753623368     
 c_ph_lep -0.99999564855625778     
 c_ph_lep lab  -0.99078786332612612     
 isvec for ranlux 
    14376841     9367055    11411008     3416353     1394422    12230973     5252183    16075032     6397709     9393473    12531793     9363946    15390017     9736584    16117207    13485524     9250666     8140315     3126542     1982896     8250996    15449780     6880094     7144020    -4021707
  
 ====== DUMPING at point            1
 propag    0.0000000000000000        0.0000000000000000        0.0000000000000000        0.0000000000000000     
 test props.    0.0000000000000000        0.0000000000000000     
 Var          0.73795589172769371     
 Var before   0.60296673033481873     
 iev, nphot and rad. pattern    0.0000000000000000                1               0           0           1           0
 partons...            1          -1
 x1 & x2   0.76673313714818914       0.99988389159802493     
 sv & ME    1.0000000000000000        1315660.4042743619     
 plepton   =    41.889230797628620        41.833013476822551       -2.1453094670472441      -0.30516202927421737     
 pneutrino =    43.779038296759218       -43.721151355351751        2.2278660572980784       0.30094433173946311     
 pleptonlab   =    42.299501334967900        41.833013476822551       -2.1453094670472441       -5.8850046927817719     
 pneutrinolab =    44.125287715778022       -43.721151355351751        2.2278660572980784       -5.5251596630221060     
 sqrt(s) =    87.558215661860871     
 sqrt_fs_cm =    85.647419293289531     
 phind channel           0
 bbb pw(0) qmod c1q   0.0000000000000000        0.0000000000000000        0.0000000000000000        0.0000000000000000     
 reduced to Born momenta
   43.779107830930435        0.0000000000000000        0.0000000000000000        43.779052123665657     
   43.779107830930435        0.0000000000000000        0.0000000000000000       -43.779052123665657     
   43.779107830930435        43.720799592778043       -2.2349053857239687      -0.30983812833116836     
   43.779107830930435       -43.720799592778043        2.2349053857239687       0.30983812833116836     
 >> Photon n.           1
 cm momentum     1.8899465674730291        1.8881378785291996       -8.2556590250834436E-002   4.2176975347542568E-003
 lab momentum    1.9060623865648005        1.8881378785291996       -8.2556590250834436E-002 -0.24737336668791240     
 c_ph_up     2.2316490885737417E-003
 c_ph_up lab  -0.12978240818955611     
 c_ph_lep  0.99992627784081412     
 c_ph_lep lab   0.99992760624791821     
 isvec for ranlux 
    16575667    16622680     6248223    14956727    13110558     1205945    11242040     6890570    14658205      621134     7421034    11519576    13204167     8090949    16466493    11015029     5120304      201156    13109540    13654731     2695017     9785481     4861148      143676    -4200721
  
 ====== DUMPING at point            1
 propag    0.0000000000000000        0.0000000000000000        0.0000000000000000        0.0000000000000000     
 test props.    0.0000000000000000        0.0000000000000000     
 Var          0.85716045749097214     
 Var before   0.73473422892633256     
 iev, nphot and rad. pattern    0.0000000000000000                0               0           1           0           0
 partons...            1          -1
 x1 & x2   0.87073962597039389       0.99983677226072942     
 sv & ME   0.67523648639424594        8307.7785026266283     
 plepton   =    46.652907120289782        18.460920849693938       -22.806518625629192        36.270369292896390     
 pneutrino =    46.652907120289754       -18.460920849693938        22.806518625629192       -36.270369292896390     
 pleptonlab   =    44.255240935219291        18.460920849693938       -22.806518625629192        33.129628674390624     
 pneutrinolab =    49.273578976336886       -18.460920849693938        22.806518625629192       -39.584485988907403     
 sqrt(s) =    93.305814240579537     
 sqrt_fs_cm =    93.305814240579537     
 phind channel           0
 bbb pw(0) qmod c1q   0.0000000000000000        0.0000000000000000        0.0000000000000000        0.0000000000000000     
 reduced to Born momenta
   46.652907120289768        0.0000000000000000        0.0000000000000000        46.652854844572843     
   46.652907120289768        0.0000000000000000        0.0000000000000000       -46.652854844572843     
   46.652907120289782        18.460920849693938       -22.806518625629192        36.270369292896390     
   46.652907120289754       -18.460920849693938        22.806518625629192       -36.270369292896390     
 isvec for ranlux 
    13452352     7685781    12040999      377492     2027616    10867852     4039603    13333254    16608482     8283248     4576519     7678115     1422877    16276106    10765401     9788787     9530970    13032368     3894472      306732    14245216    14571762    11462555    11912083     4051404
  
 ====== DUMPING at point            1
 propag    0.0000000000000000        0.0000000000000000        0.0000000000000000        0.0000000000000000     
 test props.    0.0000000000000000        0.0000000000000000     
 Var          0.82813963738628860     
 Var before   0.74002033981482729     
 iev, nphot and rad. pattern    0.0000000000000000                1               0           0           1           0
 partons...            1          -1
 x1 & x2   0.82177948193973616       0.99987479077593899     
 sv & ME    1.0000000000000000        1173606.6154657686     
 plepton   =    44.979993857378645       -26.184577914731470       -2.5666885067870009       -36.482443356426074     
 pneutrino =    45.317248079447857        26.454554544778631        2.5816774457590794        36.703314498913365     
 pleptonlab   =    48.780410093145633       -26.184577914731470       -2.5666885067870009       -41.076723758114895     
 pneutrinolab =    41.929789139773980        26.454554544778631        2.5816774457590794        32.428190498666929     
 sqrt(s) =    90.646378171907841     
 sqrt_fs_cm =    90.296566962909139     
 phind channel           0
 bbb pw(0) qmod c1q   0.0000000000000000        0.0000000000000000        0.0000000000000000        0.0000000000000000     
 reduced to Born momenta
   45.323189085953921        0.0000000000000000        0.0000000000000000        45.323135276539873     
   45.323189085953921        0.0000000000000000        0.0000000000000000       -45.323135276539873     
   45.323189085953913       -26.421276395835434       -2.5841414315021476       -36.734434416586950     
   45.323189085953928        26.421276395835434        2.5841414315021476        36.734434416586950     
 >> Photon n.           1
 cm momentum    0.34913623508133945      -0.26997663004716127       -1.4988938972078579E-002 -0.22087114248729250     
 lab momentum   0.37251440286411808      -0.26997663004716127       -1.4988938972078579E-002 -0.25623218236216944     
 c_ph_up   -0.63262165393928660     
 c_ph_up lab  -0.68784503469422942     
 c_ph_lep  0.96571039956259075     
 c_ph_lep lab   0.97036611370905446     
 isvec for ranlux 
    16281071     6216508     5788901     5598226     2151985    11312847     4878172    15215368      933416    10490822     4859569     3569103     7793955     9042226    15803846    11186175     1469788    15694173    11573162    10117844     1302401    12204826     4381916     1083041    -4200822
  
 ====== DUMPING at point            1
 propag    0.0000000000000000        0.0000000000000000        0.0000000000000000        0.0000000000000000     
 test props.    0.0000000000000000        0.0000000000000000     
 Var          0.62352417346668021     
 Var before   0.54472570364719020     
 iev, nphot and rad. pattern    0.0000000000000000                0               0           0           1           0
 partons...            1          -1
 x1 & x2   0.84925004363290957       0.99987852135171862     
 sv & ME   0.67784300244472839        11031.915167857771     
 plepton   =    46.074582957568815        31.321509112570176        32.148320443639804        10.406949148845559     
 pneutrino =    46.074582957568815       -31.321509112570176       -32.148320443639804       -10.406949148845559     
 pleptonlab   =    45.377645976537579        31.321509112570176        32.148320443639804        6.6759381546523882     
 pneutrinolab =    47.078782272693843       -31.321509112570176       -32.148320443639804       -14.207362040592844     
 sqrt(s) =    92.149165915137630     
 sqrt_fs_cm =    92.149165915137630     
 phind channel           0
 bbb pw(0) qmod c1q   0.0000000000000000        0.0000000000000000        0.0000000000000000        0.0000000000000000     
 reduced to Born momenta
   46.074582957568808        0.0000000000000000        0.0000000000000000        46.074530025690876     
   46.074582957568822        0.0000000000000000        0.0000000000000000       -46.074530025690891     
   46.074582957568815        31.321509112570176        32.148320443639804        10.406949148845559     
   46.074582957568815       -31.321509112570176       -32.148320443639804       -10.406949148845559     
 isvec for ranlux 
      589876    16710617     5688859    14464672     6555815    10676443     8690630    14425228     3486349    14953393     3964495     2454096     6889208    10385107     6558022     6916769    16140560    10878330     7171221     6209201     3307280     2406960     2255942    12891023    -4131909
  
