 ====== DUMPING at point            1
 propag    0.0000000000000000        0.0000000000000000        0.0000000000000000        0.0000000000000000     
 test props.    0.0000000000000000        0.0000000000000000     
 Var           2.4722903047982286E-002
 Var before    0.0000000000000000     
 iev, nphot and rad. pattern    0.0000000000000000                0               0           0           0           0
 partons...            1          -1
 x1 & x2   0.71748200454239375       0.18095834771161776     
 sv & ME    1.0000000000000000        10.300767240884960     
 plepton   =    45.040668785070473        3.9859556988709892       -5.0780772672572896        44.575508626928269     
 pneutrino =    45.040668785070473       -3.9859556988709892        5.0780772672572896       -44.575508626928269     
 pleptonlab   =    89.338939339815809        3.9859556988709892       -5.0780772672572896        89.105332091330098     
 pneutrinolab =    22.966104691935637       -3.9859556988709892        5.0780772672572896       -22.039874987483103     
 sqrt(s) =    90.081337570140946     
 sqrt_fs_cm =    90.081337570140946     
 phind channel           0
 bbb pw(0) qmod c1q   0.0000000000000000        0.0000000000000000        0.0000000000000000        0.0000000000000000     
 reduced to Born momenta
   115.52466783983324        0.0000000000000000        0.0000000000000000        115.52464672907770     
   115.52466783983324        0.0000000000000000        0.0000000000000000       -115.52464672907770     
   115.52466783983324       -86.819272307192293        20.338662558405940        73.448556671981109     
   115.52466783983324        86.819272307192293       -20.338662558405940       -73.448556671981109     
 isvec for ranlux 
     9644655    14614328     8305202     1457455     1056974    16450356    10467055     4514011      135838    16753179    11474510      425858    13826447     7299317     7668616    13721940      957152    13197359    14184585     9294164    15939178     5902395     5267822    14659295     4102414
  
 ====== DUMPING at point            1
 propag    0.0000000000000000        0.0000000000000000        0.0000000000000000        0.0000000000000000     
 test props.    0.0000000000000000        0.0000000000000000     
 Var          0.36729727321878064     
 Var before    1.7069941251889965E-002
 iev, nphot and rad. pattern    0.0000000000000000                0               0           0           0           0
 partons...            1          -1
 x1 & x2   0.50943758765076863       0.26654208086723735     
 sv & ME    1.0000000000000000        17849.565198788296     
 plepton   =    46.061534027256265        24.704745482774111        27.528133423031889        27.450522292439636     
 pneutrino =    46.061534027256251       -24.704745482774111       -27.528133423031889       -27.450522292439636     
 pleptonlab   =    57.545877657510488        24.704745482774111        27.528133423031889        44.083945973072815     
 pneutrinolab =    39.451580907240263       -24.704745482774111       -27.528133423031889       -13.722007625131411     
 sqrt(s) =    92.123068054512515     
 sqrt_fs_cm =    92.123068054512515     
 phind channel           0
 bbb pw(0) qmod c1q   0.0000000000000000        0.0000000000000000        0.0000000000000000        0.0000000000000000     
 reduced to Born momenta
   46.061534027256258        0.0000000000000000        0.0000000000000000        46.061481080383054     
   46.061534027256258        0.0000000000000000        0.0000000000000000       -46.061481080383054     
   46.061534027256265        24.704745482774111        27.528133423031889        27.450522292439636     
   46.061534027256251       -24.704745482774111       -27.528133423031889       -27.450522292439636     
 isvec for ranlux 
      778671     5844720     9587749    10340955     5767304     1229801     7106317     9230034     7070010     1656684    15462261     7797679    14988199    15435044     9850695     6896914     2215452    12845121     6405628     3024976     4819489    10459877     1149857     7981361    -4092010
  
 ====== DUMPING at point            1
 propag    0.0000000000000000        0.0000000000000000        0.0000000000000000        0.0000000000000000     
 test props.    0.0000000000000000        0.0000000000000000     
 Var          0.25388058398664270     
 Var before   0.22076365761316499     
 iev, nphot and rad. pattern    0.0000000000000000                0               0           0           0           0
 partons...            1          -1
 x1 & x2   0.20962134055042858       0.63433569142319102     
 sv & ME    1.0000000000000000        19706.631485348116     
 plepton   =    45.581365777844240        10.309890308481151        33.938783713454768       -28.627170037581184     
 pneutrino =    45.581365777844240       -10.309890308481151       -33.938783713454768        28.627170037581184     
 pleptonlab   =    69.418559606348467        10.309890308481151        33.938783713454768       -59.672358559111011     
 pneutrinolab =    36.076069390354000       -10.309890308481151       -33.938783713454768        6.5830647000157043     
 sqrt(s) =    91.162731555688481     
 sqrt_fs_cm =    91.162731555688481     
 phind channel           0
 bbb pw(0) qmod c1q   0.0000000000000000        0.0000000000000000        0.0000000000000000        0.0000000000000000     
 reduced to Born momenta
   45.581365777844233        0.0000000000000000        0.0000000000000000        45.581312273211594     
   45.581365777844248        0.0000000000000000        0.0000000000000000       -45.581312273211608     
   45.581365777844240        10.309890308481151        33.938783713454768       -28.627170037581184     
   45.581365777844240       -10.309890308481151       -33.938783713454768        28.627170037581184     
 isvec for ranlux 
     9768851    11272821    14806896     8261683     9079631     4152189    11690151     3251140     4683020     2530188    16021290    11618951     3342516     5282467     2561248    15711547    15779543    10985280     8292142     2555555    11909081     7555995      898081    10973271    -4061303
  
 ====== DUMPING at point            1
 propag    0.0000000000000000        0.0000000000000000        0.0000000000000000        0.0000000000000000     
 test props.    0.0000000000000000        0.0000000000000000     
 Var          0.26626841692792552     
 Var before   0.23150517743313151     
 iev, nphot and rad. pattern    0.0000000000000000                0               0           0           0           0
 partons...            1          -1
 x1 & x2   0.94576869042521305       0.13792284658497281     
 sv & ME    1.0000000000000000        12376.143560513092     
 plepton   =    45.146135977094445       -37.640559521137142       -9.7252321056470823       -22.951482945506079     
 pneutrino =    45.146135977094445        37.640559521137142        9.7252321056470823        22.951482945506079     
 pleptonlab   =    42.062328151137983       -37.640559521137142       -9.7252321056470823        16.057285736685692     
 pneutrinolab =    93.399113975135251        37.640559521137142        9.7252321056470823        84.923444743344362     
 sqrt(s) =    90.292271954188891     
 sqrt_fs_cm =    90.292271954188891     
 phind channel           0
 bbb pw(0) qmod c1q   0.0000000000000000        0.0000000000000000        0.0000000000000000        0.0000000000000000     
 reduced to Born momenta
   45.146135977094445        0.0000000000000000        0.0000000000000000        45.146081956651578     
   45.146135977094445        0.0000000000000000        0.0000000000000000       -45.146081956651578     
   45.146135977094445       -37.640559521137142       -9.7252321056470823       -22.951482945506079     
   45.146135977094445        37.640559521137142        9.7252321056470823        22.951482945506079     
 isvec for ranlux 
     7779979     8654264    12367819     2181838    14628032     2919283    16306767     5935307    12705871     8353564    14609784     2449476    15109236     3826607     6705108     2460013    12032943    10968717    11433035     6072240    16109724     3003553    12274534     2496041     4172111
  
 ====== DUMPING at point            1
 propag    0.0000000000000000        0.0000000000000000        0.0000000000000000        0.0000000000000000     
 test props.    0.0000000000000000        0.0000000000000000     
 Var           1.4031585869906587     
 Var before   0.16346118929905457     
 iev, nphot and rad. pattern    0.0000000000000000                0               0           0           0           0
 partons...            1          -1
 x1 & x2   0.96821802855769445       0.12814570783223811     
 sv & ME    1.0000000000000000        2662.5363011417130     
 plepton   =    44.029994145585690       -19.550120044424805       -32.109684943529103       -22.921390879366847     
 pneutrino =    44.029994145585704        19.550120044424805        32.109684943529103        22.921390879366847     
 pleptonlab   =    41.189624577921592       -19.550120044424805       -32.109684943529103        16.832556200842880     
 pneutrinolab =    95.855842470819994        19.550120044424805        32.109684943529103        88.176483889839176     
 sqrt(s) =    88.059988291171393     
 sqrt_fs_cm =    88.059988291171393     
 phind channel           0
 bbb pw(0) qmod c1q   0.0000000000000000        0.0000000000000000        0.0000000000000000        0.0000000000000000     
 reduced to Born momenta
   44.029994145585697        0.0000000000000000        0.0000000000000000        44.029938755745626     
   44.029994145585697        0.0000000000000000        0.0000000000000000       -44.029938755745626     
   44.029994145585690       -19.550120044424805       -32.109684943529103       -22.921390879366847     
   44.029994145585704        19.550120044424805        32.109684943529103        22.921390879366847     
 isvec for ranlux 
    10385590     6248031    15799571    16446974    11280189    13624131     7936896     9634474    14274386     2432418    13529979    12240248     8871296    12535605     4697889    13876081     8196552     3057350    16170023    10256719    11159959    13491094     7524639     3976327    -4102212
  
 ====== DUMPING at point            1
 propag    0.0000000000000000        0.0000000000000000        0.0000000000000000        0.0000000000000000     
 test props.    0.0000000000000000        0.0000000000000000     
 Var          0.59116325965792249     
 Var before   0.38657939536937341     
 iev, nphot and rad. pattern    0.0000000000000000                0               0           0           0           0
 partons...            1          -1
 x1 & x2   0.13839813193920619       0.97109580399857709     
 sv & ME    1.0000000000000000        22228.340248291519     
 plepton   =    45.825389593168723        35.191608924660621        17.957836106741237        23.216846283063425     
 pneutrino =    45.825389593168723       -35.191608924660621       -17.957836106741237       -23.216846283063425     
 pleptonlab   =    42.976145828879694        35.191608924660621        17.957836106741237       -16.911674378098503     
 pneutrinolab =    95.710596163343183       -35.191608924660621       -17.957836106741237       -87.175534629322811     
 sqrt(s) =    91.650779186337445     
 sqrt_fs_cm =    91.650779186337445     
 phind channel           0
 bbb pw(0) qmod c1q   0.0000000000000000        0.0000000000000000        0.0000000000000000        0.0000000000000000     
 reduced to Born momenta
   45.825389593168715        0.0000000000000000        0.0000000000000000        45.825336373452792     
   45.825389593168730        0.0000000000000000        0.0000000000000000       -45.825336373452807     
   45.825389593168723        35.191608924660621        17.957836106741237        23.216846283063425     
   45.825389593168723       -35.191608924660621       -17.957836106741237       -23.216846283063425     
 isvec for ranlux 
     2357503    13313867    13475429      398041      676046      598883     1378089     4879090    14650659     9192766    12027607    13293528    15088918     5524941     3471822    13068680     3121771    14380553    13340567    15481040    11950101    16227926    15558269    13944932    -4050620
  
 ====== DUMPING at point            1
 propag    0.0000000000000000        0.0000000000000000        0.0000000000000000        0.0000000000000000     
 test props.    0.0000000000000000        0.0000000000000000     
 Var          0.54006864967569435     
 Var before   0.43064800088003186     
 iev, nphot and rad. pattern    0.0000000000000000                0               0           0           0           0
 partons...            1          -1
 x1 & x2   0.97790475296563695       0.13807310285125413     
 sv & ME    1.0000000000000000        12887.332837469174     
 plepton   =    45.931733232414260        2.8232376318964678       -45.717755707047807       -3.4101461004979203     
 pneutrino =    45.931733232414231       -2.8232376318964678        45.717755707047807        3.4101461004979203     
 pleptonlab   =    65.851598032281444        2.8232376318964678       -45.717755707047807        47.311076315153173     
 pneutrinolab =    73.645633944829981       -2.8232376318964678        45.717755707047807        57.667879949144734     
 sqrt(s) =    91.863466464828491     
 sqrt_fs_cm =    91.863466464828491     
 phind channel           0
 bbb pw(0) qmod c1q   0.0000000000000000        0.0000000000000000        0.0000000000000000        0.0000000000000000     
 reduced to Born momenta
   45.931733232414246        0.0000000000000000        0.0000000000000000        45.931680135915641     
   45.931733232414246        0.0000000000000000        0.0000000000000000       -45.931680135915641     
   45.931733232414260        2.8232376318964678       -45.717755707047807       -3.4101461004979203     
   45.931733232414231       -2.8232376318964678        45.717755707047807        3.4101461004979203     
 isvec for ranlux 
    12675073     6236269     4537278     4433730     4224941    13787964    13876073    15802303    15288718      805940    14528922    13666908     8167124    16627472     6461287     3513350     4350067    10105469     7717376     3989656     7739191    12448084    16391049     2870502     4050721
  
