 ====== DUMPING at point            1
 propag    0.0000000000000000        0.0000000000000000        0.0000000000000000        0.0000000000000000     
 test props.    0.0000000000000000        0.0000000000000000     
 Var           1.5783604480626417E-002
 Var before    0.0000000000000000     
 iev, nphot and rad. pattern    0.0000000000000000                0               0           0           0           0
 partons...            1          -1
 x1 & x2   0.98306077401747538       0.91617176567748559     
 sv & ME    1.0000000000000000        1434.4671352298813     
 plepton   =    45.078789466406178        3.9893292762828763       -5.0823751792409801        44.613235822207876     
 pneutrino =    45.078789466406192       -3.9893292762828763        5.0823751792409801       -44.613235822207876     
 pleptonlab   =    46.678980269082828        3.9893292762828763       -5.0823751792409801        46.229544122052332     
 pneutrinolab =    43.534565366427827       -3.9893292762828763        5.0823751792409801       -43.052316225902821     
 sqrt(s) =    90.157578932812370     
 sqrt_fs_cm =    90.157578932812370     
 phind channel           0
 bbb pw(0) qmod c1q   0.0000000000000000        0.0000000000000000        0.0000000000000000        0.0000000000000000     
 reduced to Born momenta
   43.322151270690284        0.0000000000000000        0.0000000000000000        43.322094975831583     
   43.322151270690284        0.0000000000000000        0.0000000000000000       -43.322094975831583     
   43.322151270690277       -32.557445135057570        7.6270495336885595        27.543393195419490     
   43.322151270690291        32.557445135057570       -7.6270495336885595       -27.543393195419490     
 isvec for ranlux 
     9644655    14614328     8305202     1457455     1056974    16450356    10467055     4514011      135838    16753179    11474510      425858    13826447     7299317     7668616    13721940      957152    13197359    14184585     9294164    15939178     5902395     5267822    14659295     4102414
  
