 ====== DUMPING at point            1
 propag    0.0000000000000000        0.0000000000000000        0.0000000000000000        0.0000000000000000     
 test props.    0.0000000000000000        0.0000000000000000     
 Var           1.8199206914711837E-002
 Var before    0.0000000000000000     
 iev, nphot and rad. pattern    0.0000000000000000                0               0           0           0           0
 partons...            1          -1
 x1 & x2   0.98205676643337014       0.91136412733564365     
 sv & ME    1.0000000000000000        1765.7936715252217     
 plepton   =    44.937392709496059        3.9768160448419376       -5.0664334174852836        44.473298577997085     
 pneutrino =    44.937392709496073       -3.9768160448419376        5.0664334174852836       -44.473298577997085     
 pleptonlab   =    46.630356927747762        3.9768160448419376       -5.0664334174852836        46.183278468395478     
 pneutrinolab =    43.307135526280433       -3.9768160448419376        5.0664334174852836       -42.825378111253464     
 sqrt(s) =    89.874785418992133     
 sqrt_fs_cm =    89.874785418992133     
 phind channel           0
 bbb pw(0) qmod c1q   0.0000000000000000        0.0000000000000000        0.0000000000000000        0.0000000000000000     
 reduced to Born momenta
   43.322151270690284        0.0000000000000000        0.0000000000000000        43.322094975831583     
   43.322151270690284        0.0000000000000000        0.0000000000000000       -43.322094975831583     
   43.322151270690277       -32.557445135057570        7.6270495336885595        27.543393195419490     
   43.322151270690291        32.557445135057570       -7.6270495336885595       -27.543393195419490     
 isvec for ranlux 
     9644655    14614328     8305202     1457455     1056974    16450356    10467055     4514011      135838    16753179    11474510      425858    13826447     7299317     7668616    13721940      957152    13197359    14184585     9294164    15939178     5902395     5267822    14659295     4102414
  
