 ====== DUMPING at point            1
 propag    0.0000000000000000        0.0000000000000000        0.0000000000000000        0.0000000000000000     
 test props.    0.0000000000000000        0.0000000000000000     
 Var           1.4006974123105052     
 Var before    0.0000000000000000     
 iev, nphot and rad. pattern    0.0000000000000000                0               0           1           0           0
 partons...            1          -1
 x1 & x2   0.94693539778351188       0.97588642440755047     
 sv & ME   0.57465739235830793        857.43752258600898     
 plepton   =    48.065096470513126       -21.088354795801298        38.359754645008636       -19.850764484256235     
 pneutrino =    48.065096470513112        21.088354795801298       -38.359754645008636        19.850764484256235     
 pleptonlab   =    48.369463092289365       -21.088354795801298        38.359754645008636       -20.576790608013148     
 pneutrinolab =    47.771628017263772        21.088354795801298       -38.359754645008636        19.129239276811219     
 sqrt(s) =    96.130192941026237     
 sqrt_fs_cm =    96.130192941026237     
 phind channel           0
 bbb pw(0) qmod c1q   0.0000000000000000        0.0000000000000000        0.0000000000000000        0.0000000000000000     
 reduced to Born momenta
   48.065096470513119        0.0000000000000000        0.0000000000000000        48.065045730698444     
   48.065096470513119        0.0000000000000000        0.0000000000000000       -48.065045730698444     
   48.065096470513126       -21.088354795801298        38.359754645008636       -19.850764484256235     
   48.065096470513112        21.088354795801298       -38.359754645008636        19.850764484256235     
 isvec for ranlux 
     9644655    14614328     8305202     5902523     6611641    14048799     7267313     8683348    14048746     9318201     4464668     5476536     8218591     7359978     7668616    13721940      957152    13197359    14184585     9294164    15939178     5902395     5267822    14659295     4211303
  
 ====== DUMPING at point            1
 propag    0.0000000000000000        0.0000000000000000        0.0000000000000000        0.0000000000000000     
 test props.    0.0000000000000000        0.0000000000000000     
 Var           3.1616092509180143     
 Var before    1.4006974123105052     
 iev, nphot and rad. pattern    0.0000000000000000                0               0           1           0           0
 partons...            1          -1
 x1 & x2   0.94168608989532621       0.88896767732011894     
 sv & ME   0.55492343529947041        21989.134858454956     
 plepton   =    45.747363205405435       -23.215799559330794       -29.609364374146356        26.021573141065545     
 pneutrino =    45.747363205405421        23.215799559330794        29.609364374146356       -26.021573141065545     
 pleptonlab   =    46.516013632670848       -23.215799559330794       -29.609364374146356        27.350330030245711     
 pneutrinolab =    45.016674728101428        23.215799559330794        29.609364374146356       -24.714409401485351     
 sqrt(s) =    91.494726410810856     
 sqrt_fs_cm =    91.494726410810856     
 phind channel           0
 bbb pw(0) qmod c1q   0.0000000000000000        0.0000000000000000        0.0000000000000000        0.0000000000000000     
 reduced to Born momenta
   45.747363205405428        0.0000000000000000        0.0000000000000000        45.747309894918217     
   45.747363205405428        0.0000000000000000        0.0000000000000000       -45.747309894918217     
   45.747363205405435       -23.215799559330794       -29.609364374146356        26.021573141065545     
   45.747363205405421        23.215799559330794        29.609364374146356       -26.021573141065545     
 isvec for ranlux 
      778671     5844720     9587749    10340955     5767304     1229801     7106317     9230034     7070010     1656684    15462261     7797679    14988199    15435044     9850695     6896914     2215452    12845121     6405628     3024976     4819489    10459877     1149857     7981361    -4092010
  
 ====== DUMPING at point            1
 propag    0.0000000000000000        0.0000000000000000        0.0000000000000000        0.0000000000000000     
 test props.    0.0000000000000000        0.0000000000000000     
 Var           2.6551514630835271     
 Var before    2.3863589521361575     
 iev, nphot and rad. pattern    0.0000000000000000                0               1           0           0           0
 partons...            1          -1
 x1 & x2   0.87396511688607037       0.95659720289055028     
 sv & ME   0.55348257078261254        21059.703922887289     
 plepton   =    45.717408780384964       0.81465031836063972       -39.925812375169322        22.256148654763336     
 pneutrino =    45.717408780384950      -0.81465031836063972        39.925812375169322       -22.256148654763336     
 pleptonlab   =    44.758384204698281       0.81465031836063972       -39.925812375169322        20.213056274732129     
 pneutrinolab =    46.769731784132759      -0.81465031836063972        39.925812375169322       -24.344660574956126     
 sqrt(s) =    91.434817560769915     
 sqrt_fs_cm =    91.434817560769915     
 phind channel           0
 bbb pw(0) qmod c1q   0.0000000000000000        0.0000000000000000        0.0000000000000000        0.0000000000000000     
 reduced to Born momenta
   45.717408780384964        0.0000000000000000        0.0000000000000000        45.717355434968241     
   45.717408780384950        0.0000000000000000        0.0000000000000000       -45.717355434968226     
   45.717408780384964       0.81465031836063972       -39.925812375169322        22.256148654763336     
   45.717408780384950      -0.81465031836063972        39.925812375169322       -22.256148654763336     
 isvec for ranlux 
     2803006     6819478    11266704    12521690      381903    12884269    10959814      755982    12350293    13898296    16631971     2580472     9212313    13500588    11285027    11301427    13249530     3480466    12322296     6680866     5860556      319932     9357205      566304    -4230115
  
 ====== DUMPING at point            1
 propag    0.0000000000000000        0.0000000000000000        0.0000000000000000        0.0000000000000000     
 test props.    0.0000000000000000        0.0000000000000000     
 Var           2.2520725914328423     
 Var before    1.8770769758309229     
 iev, nphot and rad. pattern    0.0000000000000000                1               0           0           1           0
 partons...            1          -1
 x1 & x2   0.86162213987822611       0.95881440568901921     
 sv & ME   0.58199403581340470        5223783055.9390392     
 plepton   =    45.439552118982093        27.907283267128136        14.829818233523966       -32.649682462332350     
 pneutrino =    45.445942796927369       -27.910932680623084       -14.833094036719181        32.653969302455366     
 pleptonlab   =    47.250093476047844        27.907283267128136        14.829818233523966       -35.125776882692591     
 pneutrinolab =    43.764981767540142       -27.910932680623084       -14.833094036719181        30.270804806235720     
 sqrt(s) =    90.892008448259205     
 sqrt_fs_cm =    90.885494682505310     
 phind channel           0
 bbb pw(0) qmod c1q   0.0000000000000000        0.0000000000000000        0.0000000000000000        0.0000000000000000     
 reduced to Born momenta
   45.446004224129602        0.0000000000000000        0.0000000000000000        45.445950560132474     
   45.446004224129602        0.0000000000000000        0.0000000000000000       -45.445950560132474     
   45.446004224129602        27.911108167021435        14.832519054123319       -32.654165976886247     
   45.446004224129602       -27.911108167021435       -14.832519054123319        32.654165976886247     
 >> Photon n.           1
 cm momentum     6.5135323497436714E-003   3.6494134949475706E-003   3.2758031952150337E-003  -4.2868401230126193E-003
 lab momentum    6.7520347742778732E-003   3.6494134949475706E-003   3.2758031952150337E-003  -4.6412140827773911E-003
 c_ph_up   -0.65814367578619926     
 c_ph_up lab  -0.68738006214930469     
 c_ph_lep  0.98113856417381162     
 c_ph_lep lab   0.98250201139142246     
 isvec for ranlux 
    13077225     6767474    12978143    11216133     7787453     7756591     1456377     6700084     7382700    12480500    14719702    13291644     7895789     6891298      102469     9060833    10785562     3405521     1113041     5184210    10069583      203884    13164889     3691341     4042414
  
 ====== DUMPING at point            1
 propag    0.0000000000000000        0.0000000000000000        0.0000000000000000        0.0000000000000000     
 test props.    0.0000000000000000        0.0000000000000000     
 Var           2.2291474454616624     
 Var before    1.8111574213319674     
 iev, nphot and rad. pattern    0.0000000000000000                0               0           1           0           0
 partons...            1          -1
 x1 & x2   0.98368509946687843       0.86565331743408602     
 sv & ME   0.55390600257935430        10768.751728448833     
 plepton   =    46.139198889447087        22.343614200946512        34.594705319842987        20.803455932632350     
 pneutrino =    46.139198889447087       -22.343614200946512       -34.594705319842987       -20.803455932632350     
 pleptonlab   =    47.563928351785698        22.343614200946512        34.594705319842987        23.796751560556004     
 pneutrinolab =    44.902992493262516       -22.343614200946512       -34.594705319842987       -17.895162458916388     
 sqrt(s) =    92.278397778894174     
 sqrt_fs_cm =    92.278397778894174     
 phind channel           0
 bbb pw(0) qmod c1q   0.0000000000000000        0.0000000000000000        0.0000000000000000        0.0000000000000000     
 reduced to Born momenta
   46.139198889447087        0.0000000000000000        0.0000000000000000        46.139146031698019     
   46.139198889447087        0.0000000000000000        0.0000000000000000       -46.139146031698019     
   46.139198889447087        22.343614200946512        34.594705319842987        20.803455932632350     
   46.139198889447087       -22.343614200946512       -34.594705319842987       -20.803455932632350     
 isvec for ranlux 
     2097233     6471148     4378437     8640871    15711293     8225040    11065883    15787977     7243899     4917269    11956633    15358016     1047827     9592925      229606     7295905     6628324     2019165    14002484    11234980     6728922     2987987     4664818    12003099    -4080923
  
 ====== DUMPING at point            1
 propag    0.0000000000000000        0.0000000000000000        0.0000000000000000        0.0000000000000000     
 test props.    0.0000000000000000        0.0000000000000000     
 Var           2.5283005368587999     
 Var before    1.9605982701220854     
 iev, nphot and rad. pattern    0.0000000000000000                2               0           0           1           1
 partons...            1          -1
 x1 & x2   0.89034455607019813       0.95140628706300745     
 sv & ME   0.56357447829732688        34979518166.003174     
 plepton   =    45.947960713455515       -29.407564073845212        4.8929620388804720        34.963667252771785     
 pneutrino =    45.825662837156727        29.294477767084352       -4.9839482659446039       -34.885155049239643     
 pleptonlab   =    44.813405352530026       -29.407564073845212        4.8929620388804720        33.458694435489576     
 pneutrinolab =    47.008094133046576        29.294477767084352       -4.9839482659446039       -36.424491518291511     
 sqrt(s) =    92.036916957137848     
 sqrt_fs_cm =    91.773475189932171     
 phind channel           0
 bbb pw(0) qmod c1q   0.0000000000000000        0.0000000000000000        0.0000000000000000        0.0000000000000000     
 reduced to Born momenta
   46.018458478568924        0.0000000000000000        0.0000000000000000        46.018405482134781     
   46.018458478568924        0.0000000000000000        0.0000000000000000       -46.018405482134781     
   46.018458478568931       -29.435237610155752        4.9526617853937207        35.024638258310070     
   46.018458478568917        29.435237610155752       -4.9526617853937207       -35.024638258310070     
 >> Photon n.           1
 cm momentum     5.4278258406559907E-002  -3.4371611884027112E-002   4.5172388787197383E-003   4.1765011493541823E-002
 lab momentum    5.2922668157561741E-002  -3.4371611884027112E-002   4.5172388787197383E-003   3.9987443708266589E-002
 c_ph_up    0.76946115663309911     
 c_ph_up lab   0.75558253391941033     
 c_ph_lep  0.99967013651610515     
 c_ph_lep lab   0.99965312118593175     
 >> Photon n.           2
 cm momentum    0.20901514811904454       0.14745791864488594        8.6468988185412557E-002 -0.12027721502568686     
 lab momentum   0.21312000292611963       0.14745791864488594        8.6468988185412557E-002 -0.12727691054680113     
 c_ph_up   -0.57544735923725010     
 c_ph_up lab  -0.59720771771443271     
 c_ph_lep -0.84535558352570805     
 c_ph_lep lab  -0.85563235627919976     
 isvec for ranlux 
     7705512     6767400    12346605     2442596     4398068    14780140    11606138    14688674    13412440     5267269    10109083     1735670     8876049    16397594    14292833    16049731     7015236     2292865    16408353     4672107     7144624     1147718    13770713    15989233    -4151606
  
 ====== DUMPING at point            1
 propag    0.0000000000000000        0.0000000000000000        0.0000000000000000        0.0000000000000000     
 test props.    0.0000000000000000        0.0000000000000000     
 Var           1.9521146492459078     
 Var before    1.5132956091344623     
 iev, nphot and rad. pattern    0.0000000000000000                2               1           0           1           0
 partons...            1          -1
 x1 & x2   0.99096577494148508       0.83009750401575144     
 sv & ME   0.58093978634225307        31414278.509494681     
 plepton   =    44.786649903718910        4.3352475810859339       -29.015156313534661       -33.840200626158456     
 pneutrino =    44.942583346547472       -5.0663059251761942        29.249172729296124        33.743785695950336     
 pleptonlab   =    41.961333213650597        4.3352475810859339       -29.015156313534661       -30.001144209636180     
 pneutrinolab =    48.111514055693355       -5.0663059251761942        29.249172729296124        37.861920975619228     
 sqrt(s) =    90.697200416769292     
 sqrt_fs_cm =    89.725898122318256     
 phind channel           0
 bbb pw(0) qmod c1q   0.0000000000000000        0.0000000000000000        0.0000000000000000        0.0000000000000000     
 reduced to Born momenta
   44.967149937924106        0.0000000000000000        0.0000000000000000        44.967095702459460     
   44.967149937924106        0.0000000000000000        0.0000000000000000       -44.967095702459460     
   44.967149937924113        4.7113767113560163       -29.199726776771463       -33.870522515808169     
   44.967149937924098       -4.7113767113560163        29.199726776771463        33.870522515808169     
 >> Photon n.           1
 cm momentum    0.75969196759873592       0.71269667032173334       -9.1076735411432908E-002  0.24678000326839544     
 lab momentum   0.78455906654122709       0.71269667032173334       -9.1076735411432908E-002  0.31512126756401598     
 c_ph_up    0.32484219103754292     
 c_ph_up lab   0.40165397482849297     
 c_ph_lep  -7.6968181268837005E-002
 c_ph_lep lab  -0.11304856575891481     
 >> Photon n.           2
 cm momentum    0.20827519890417159        1.8361673768526949E-002 -0.14293968035002910      -0.15036507306027530     
 lab momentum   0.19575761197664207        1.8361673768526949E-002 -0.14293968035002910      -0.13248448726038550     
 c_ph_up   -0.72195380847749901     
 c_ph_up lab  -0.67677821527672521     
 c_ph_lep  0.99865793812586301     
 c_ph_lep lab   0.99847598921955072     
 isvec for ranlux 
    10482904     1249819    12058037    14159976    14147930     6205970     8604369     9431829     9704793     2911077    12566670     7519744     8037451     9579103     1801853     7051106     4729559     8526420      295591      567446    12330918     8671797    12046268    10350963     4080418
  
 ====== DUMPING at point            1
 propag    0.0000000000000000        0.0000000000000000        0.0000000000000000        0.0000000000000000     
 test props.    0.0000000000000000        0.0000000000000000     
 Var           2.5169186035013840     
 Var before    1.6832703751066531     
 iev, nphot and rad. pattern    0.0000000000000000                0               0           0           1           0
 partons...            1          -1
 x1 & x2   0.78801170418191668       0.99690016282409055     
 sv & ME   0.55359527977856215        7199.6868129935701     
 plepton   =    44.316165115176709       -10.097712373767406        36.581376573730886        22.885594150287965     
 pneutrino =    44.316165115176709        10.097712373767406       -36.581376573730886       -22.885594150287965     
 pleptonlab   =    41.925961065198663       -10.097712373767406        36.581376573730886        17.821732248483695     
 pneutrinolab =    47.319632285101711        10.097712373767406       -36.581376573730886       -28.266155180592389     
 sqrt(s) =    88.632330230353418     
 sqrt_fs_cm =    88.632330230353418     
 phind channel           0
 bbb pw(0) qmod c1q   0.0000000000000000        0.0000000000000000        0.0000000000000000        0.0000000000000000     
 reduced to Born momenta
   44.316165115176709        0.0000000000000000        0.0000000000000000        44.316110083016142     
   44.316165115176709        0.0000000000000000        0.0000000000000000       -44.316110083016142     
   44.316165115176709       -10.097712373767406        36.581376573730886        22.885594150287965     
   44.316165115176709        10.097712373767406       -36.581376573730886       -22.885594150287965     
 isvec for ranlux 
     1529830    10969541     5398952    14836342    16636312     5190420     1470932    12386847    11625234     6824400      810679     8482292     6601895    16231455    13558496     6713029     1261892      214096    11394427     5414534     6660712     4299797     3825772    15586491    -4101909
  
 ====== DUMPING at point            1
 propag    0.0000000000000000        0.0000000000000000        0.0000000000000000        0.0000000000000000     
 test props.    0.0000000000000000        0.0000000000000000     
 Var           2.4101313076358779     
 Var before    1.6954782609853909     
 iev, nphot and rad. pattern    0.0000000000000000                1               1           0           0           0
 partons...            1          -1
 x1 & x2   0.99906993316453185       0.77321380600730605     
 sv & ME   0.55349645671551351        14263175820.691088     
 plepton   =    43.940377157347662        23.698410671641494        30.481184892397046        20.976851056157777     
 pneutrino =    43.943980211434010       -23.698553824363277       -30.481231610595508       -20.984167824014985     
 pleptonlab   =    46.996809210730014        23.698410671641494        30.481184892397046        26.794992283858278     
 pneutrinolab =    41.609059171971154       -23.698553824363277       -30.481231610595508       -15.510503138844939     
 sqrt(s) =    87.891675686017763     
 sqrt_fs_cm =    87.884357064075758     
 phind channel           0
 bbb pw(0) qmod c1q   0.0000000000000000        0.0000000000000000        0.0000000000000000        0.0000000000000000     
 reduced to Born momenta
   43.942178532037879        0.0000000000000000        0.0000000000000000        43.942123031504643     
   43.942178532037879        0.0000000000000000        0.0000000000000000       -43.942123031504643     
   43.942178532037879        23.698482246535146        30.481208251017435        20.980509365093766     
   43.942178532037879       -23.698482246535146       -30.481208251017435       -20.980509365093766     
 >> Photon n.           1
 cm momentum     7.3183172360942262E-003   1.4315272178306367E-004   4.6718198461803925E-005   7.3167678572093851E-003
 lab momentum    8.3185758907397978E-003   1.4315272178306367E-004   4.6718198461803925E-005   8.3172128479542945E-003
 c_ph_up    0.99978828754823590     
 c_ph_up lab   0.99983614469550963     
 c_ph_lep  0.49227201710170992     
 c_ph_lep lab   0.58237312139836783     
 isvec for ranlux 
     4582103    14909827     6058609    16033389    16400909    10270577    12793303      310030     7779432    12399011     3122562     7325754    11785470    16087410     4035484     7020979    11753393     9284947      731009     1133262     6407025    14657548    11290772     1908909    -4011606
  
 ====== DUMPING at point            1
 propag    0.0000000000000000        0.0000000000000000        0.0000000000000000        0.0000000000000000     
 test props.    0.0000000000000000        0.0000000000000000     
 Var           1.3178377390624152     
 Var before    1.1545089351844500     
 iev, nphot and rad. pattern    0.0000000000000000                0               0           1           0           0
 partons...            1          -1
 x1 & x2   0.99821622366958773       0.83279017379009201     
 sv & ME   0.56674338648058742        15646.672635953213     
 plepton   =    45.587955163340162       -14.925864203293555       -42.881660046025324       -4.0782719091791284     
 pneutrino =    45.587955163340176        14.925864203293555        42.881660046025324        4.0782719091791284     
 pleptonlab   =    45.405186985384205       -14.925864203293555       -42.881660046025324        4.0632107868385781E-002
 pneutrinolab =    46.145132887599793        14.925864203293555        42.881660046025324        8.2306703861064019     
 sqrt(s) =    91.175910326680338     
 sqrt_fs_cm =    91.175910326680338     
 phind channel           0
 bbb pw(0) qmod c1q   0.0000000000000000        0.0000000000000000        0.0000000000000000        0.0000000000000000     
 reduced to Born momenta
   45.587955163340169        0.0000000000000000        0.0000000000000000        45.587901666441212     
   45.587955163340169        0.0000000000000000        0.0000000000000000       -45.587901666441212     
   45.587955163340162       -14.925864203293555       -42.881660046025324       -4.0782719091791284     
   45.587955163340176        14.925864203293555        42.881660046025324        4.0782719091791284     
 isvec for ranlux 
    15697820    13958964    15496225    11578598     1704967     5619974     9875627     7164025     7377212     9094670     8478077    13805758     9465217     1972369     1888418    13095976    15555016    16310036     7352882    14970220     9477691      555846    10078497      522600     4061606
  
 ====== DUMPING at point            1
 propag    0.0000000000000000        0.0000000000000000        0.0000000000000000        0.0000000000000000     
 test props.    0.0000000000000000        0.0000000000000000     
 Var           1.3503168163668806     
 Var before   0.97441386198475344     
 iev, nphot and rad. pattern    0.0000000000000000                1               0           0           1           0
 partons...            1          -1
 x1 & x2   0.96472912457459348       0.99985227665595089     
 sv & ME   0.55546511307643975        30024132258.132313     
 plepton   =    49.106043338979589        47.772614220505709        10.746174665705992        3.6999174735592470     
 pneutrino =    49.106682165864335       -47.773217153194189       -10.746376451238815       -3.7000250877207987     
 pleptonlab   =    49.047734704427420        47.772614220505709        10.746174665705992        2.8224415914774688     
 pneutrinolab =    49.180692332526966       -47.773217153194189       -10.746376451238815       -4.5786952963941472     
 sqrt(s) =    98.213370350589713     
 sqrt_fs_cm =    98.212725502726940     
 phind channel           0
 bbb pw(0) qmod c1q   0.0000000000000000        0.0000000000000000        0.0000000000000000        0.0000000000000000     
 reduced to Born momenta
   49.106685175294857        0.0000000000000000        0.0000000000000000        49.106635511709861     
   49.106685175294857        0.0000000000000000        0.0000000000000000       -49.106635511709861     
   49.106685175294857        47.773229356068924        10.746346116667842        3.6999955739525152     
   49.106685175294857       -47.773229356068924       -10.746346116667842       -3.6999955739525152     
 >> Photon n.           1
 cm momentum     6.4484574578833507E-004   6.0293268848001912E-004   2.0178553282399202E-004   1.0761416155185183E-004
 lab momentum    6.4302457280885120E-004   6.0293268848001912E-004   2.0178553282399202E-004   9.6100848805823362E-005
 c_ph_up    0.16688357216390046     
 c_ph_up lab   0.14945128517567680     
 c_ph_lep  0.99066837144949960     
 c_ph_lep lab   0.99063081357855942     
 isvec for ranlux 
     8580474     7453528     6610367     9370130     6454595    13285363    12880910       20013     9703009    16699534     1920148     6241711     6714350     8434631    10339274    15950484     7679134     4788915     9680677     9420690    13578033     7433776    11266006     2295994     4192111
  
 ====== DUMPING at point            1
 propag    0.0000000000000000        0.0000000000000000        0.0000000000000000        0.0000000000000000     
 test props.    0.0000000000000000        0.0000000000000000     
 Var           1.1046071638855701     
 Var before   0.81823797055560277     
 iev, nphot and rad. pattern    0.0000000000000000                0               0           1           0           1
 partons...            1          -1
 x1 & x2   0.99980453747845255       0.84211555202584720     
 sv & ME   0.57510212713674891        13115.366699249615     
 plepton   =    45.878942609780530        17.813067886229021       -19.123104105428855       -37.707661199729607     
 pneutrino =    45.878942609780530       -17.813067886229021        19.123104105428855        37.707661199729607     
 pleptonlab   =    42.807908580180701        17.813067886229021       -19.123104105428855       -33.904385780768337     
 pneutrinolab =    49.288095895034317       -17.813067886229021        19.123104105428855        41.788835053398614     
 sqrt(s) =    91.757885219561061     
 sqrt_fs_cm =    91.757885219561061     
 phind channel           0
 bbb pw(0) qmod c1q   0.0000000000000000        0.0000000000000000        0.0000000000000000        0.0000000000000000     
 reduced to Born momenta
   45.878942609780523        0.0000000000000000        0.0000000000000000        45.878889452186343     
   45.878942609780538        0.0000000000000000        0.0000000000000000       -45.878889452186357     
   45.878942609780530        17.813067886229021       -19.123104105428855       -37.707661199729607     
   45.878942609780530       -17.813067886229021        19.123104105428855        37.707661199729607     
 isvec for ranlux 
    16005597     8434417    14436132    13695452    14164085      961699    13764582       67402     7211444    14390456      970651      358280     3303569    11896123     6216082     9295383     9040778    13778432     3232438     8688432    14560231     5902029      962798     8581584    -4231606
  
 ====== DUMPING at point            1
 propag    0.0000000000000000        0.0000000000000000        0.0000000000000000        0.0000000000000000     
 test props.    0.0000000000000000        0.0000000000000000     
 Var           1.1660215572862964     
 Var before    1.0420854856174158     
 iev, nphot and rad. pattern    0.0000000000000000                1               0           0           0           1
 partons...            1          -1
 x1 & x2   0.99933036644270867       0.80113667719805759     
 sv & ME   0.55295861064780383        1502408113.6782963     
 plepton   =    44.738130932700365        39.264248874970804        6.6400778600105603        20.389147161108134     
 pneutrino =    44.407983522608951       -38.975133046736055       -6.5905974792415174       -20.237610177802086     
 pleptonlab   =    47.269815151728068        39.264248874970804        6.6400778600105603        25.468654991664227     
 pneutrinolab =    42.438150352177431       -38.975133046736055       -6.5905974792415174       -15.443071924924395     
 sqrt(s) =    89.476265523044091     
 sqrt_fs_cm =    89.145503098875281     
 phind channel           0
 bbb pw(0) qmod c1q   0.0000000000000000        0.0000000000000000        0.0000000000000000        0.0000000000000000     
 reduced to Born momenta
   44.738132761522046        0.0000000000000000        0.0000000000000000        44.738078248422475     
   44.738132761522046        0.0000000000000000        0.0000000000000000       -44.738078248422475     
   44.738132761522053        39.264571462634102        6.6398371477497840        20.388608334144983     
   44.738132761522039       -39.264571462634102       -6.6398371477497840       -20.388608334144983     
 >> Photon n.           1
 cm momentum    0.33015106773477476      -0.28911582823474802       -4.9480380769043125E-002 -0.15153698330604987     
 lab momentum   0.31538667813280891      -0.28911582823474802       -4.9480380769043125E-002 -0.11589860450727711     
 c_ph_up   -0.45899286149753227     
 c_ph_up lab  -0.36748097666469082     
 c_ph_lep -0.99999179187184506     
 c_ph_lep lab  -0.98148796355684831     
 isvec for ranlux 
     7388714     9617288     1398336     2389383     4357369    14684140     9486446     3033673    14925955     8440235    11812995     4941409    14160479     3700818    15230137      144881    12942425     3385948     9189929     1666383    14135389     4984438     2235879     8010321    -4160317
  
 ====== DUMPING at point            1
 propag    0.0000000000000000        0.0000000000000000        0.0000000000000000        0.0000000000000000     
 test props.    0.0000000000000000        0.0000000000000000     
 Var          0.73755416121522566     
 Var before   0.64178695687061171     
 iev, nphot and rad. pattern    0.0000000000000000                0               0           1           0           0
 partons...            1          -1
 x1 & x2   0.81546836536255751       0.99974714986706648     
 sv & ME   0.55353032374402256        26461.124223863277     
 plepton   =    45.145934868988284       -33.668843396008064        17.145696089812205        24.709883882251379     
 pneutrino =    45.145934868988270        33.668843396008064       -17.145696089812205       -24.709883882251379     
 pleptonlab   =    42.858838941570930       -33.668843396008064        17.145696089812205        20.231238264103631     
 pneutrinolab =    47.901936819910283        33.668843396008064       -17.145696089812205       -29.445177489329076     
 sqrt(s) =    90.291869737976555     
 sqrt_fs_cm =    90.291869737976555     
 phind channel           0
 bbb pw(0) qmod c1q   0.0000000000000000        0.0000000000000000        0.0000000000000000        0.0000000000000000     
 reduced to Born momenta
   45.145934868988277        0.0000000000000000        0.0000000000000000        45.145880848304770     
   45.145934868988277        0.0000000000000000        0.0000000000000000       -45.145880848304770     
   45.145934868988284       -33.668843396008064        17.145696089812205        24.709883882251379     
   45.145934868988270        33.668843396008064       -17.145696089812205       -24.709883882251379     
 isvec for ranlux 
     1457327    11843211      842130     1627129    13128769     2257102     8061877     9626046    13167356     9311311       68476    11689171     5193999    15602726    13809534     9598677    15490076    16534941     4561603     1137849      146632    16199119     3483777    15651896    -4100317
  
 ====== DUMPING at point            1
 propag    0.0000000000000000        0.0000000000000000        0.0000000000000000        0.0000000000000000     
 test props.    0.0000000000000000        0.0000000000000000     
 Var          0.77673223453653439     
 Var before   0.68628313602475066     
 iev, nphot and rad. pattern    0.0000000000000000                1               0           0           0           1
 partons...            1          -1
 x1 & x2   0.80006601691530510       0.99953963916953115     
 sv & ME   0.55309171669694368        3689550420.8331285     
 plepton   =    44.712842565248621       -6.3731452124385344       -38.200307408812115        22.346065885221680     
 pneutrino =    44.708607295290832        6.3730505019015338        38.196151756897876       -22.344722438582771     
 pleptonlab   =    42.497812779278981       -6.3731452124385344       -38.200307408812115        17.497784468457901     
 pneutrinolab =    47.477924665262421        6.3730505019015338        38.196151756897876       -27.469626591803266     
 sqrt(s) =    89.425818299824797     
 sqrt_fs_cm =    89.421449753835404     
 phind channel           0
 bbb pw(0) qmod c1q   0.0000000000000000        0.0000000000000000        0.0000000000000000        0.0000000000000000     
 reduced to Born momenta
   44.712909149912399        0.0000000000000000        0.0000000000000000        44.712854606060660     
   44.712909149912399        0.0000000000000000        0.0000000000000000       -44.712854606060660     
   44.712909149912406       -6.3734092055808524       -38.200095659223543        22.346485801602913     
   44.712909149912392        6.3734092055808524        38.200095659223543       -22.346485801602913     
 >> Photon n.           1
 cm momentum     4.3684392853404882E-003   9.4710537000223754E-005   4.1556519142356982E-003  -1.3434466389092008E-003
 lab momentum    4.5453597004134726E-003   9.4710537000223754E-005   4.1556519142356982E-003  -1.8389893659380326E-003
 c_ph_up   -0.30753469400788269     
 c_ph_up lab  -0.40458610256318051     
 c_ph_lep -0.96952122219754389     
 c_ph_lep lab  -0.99151914007872299     
 isvec for ranlux 
    14521119     3284366     3463762    11480123     3336141    13887286     8647963     5115281    11781391     9822864    14374850       23828     6429012     3846061     5815448    12970300     6645149    13960673    15889545     2643589     8059802     5945202    14697481       61957    -4221909
  
 ====== DUMPING at point            1
 propag    0.0000000000000000        0.0000000000000000        0.0000000000000000        0.0000000000000000     
 test props.    0.0000000000000000        0.0000000000000000     
 Var          0.82127108873789367     
 Var before   0.66493978917740493     
 iev, nphot and rad. pattern    0.0000000000000000                2               0           0           1           1
 partons...            1          -1
 x1 & x2   0.99949107780216939       0.86496885738989271     
 sv & ME   0.56128737748691548        280296341.71474844     
 plepton   =    42.003586255781812        17.439071956736043       -27.965424680703396        26.040427922196695     
 pneutrino =    46.348170056035869       -20.507343615060567        29.860921431421502       -28.912210793574022     
 pleptonlab   =    43.997091184292692        17.439071956736043       -27.965424680703396        29.146983732509682     
 pneutrinolab =    44.377791980738664       -20.507343615060567        29.860921431421502       -25.634966091542839     
 sqrt(s) =    92.980033100549861     
 sqrt_fs_cm =    88.231391849053466     
 phind channel           0
 bbb pw(0) qmod c1q   0.0000000000000000        0.0000000000000000        0.0000000000000000        0.0000000000000000     
 reduced to Born momenta
   46.490016550274930        0.0000000000000000        0.0000000000000000        46.489964091395436     
   46.490016550274930        0.0000000000000000        0.0000000000000000       -46.489964091395436     
   46.490016550274930        19.954580740546145       -30.444724791983514        28.917882269674909     
   46.490016550274930       -19.954580740546145        30.444724791983514       -28.917882269674909     
 >> Photon n.           1
 cm momentum     4.6191294161100442        3.0727630585729133       -1.9007133551313731        2.8778068889812589     
 lab momentum    4.8393780924426055        3.0727630585729133       -1.9007133551313731        3.2194714238688782     
 c_ph_up    0.62301932458189846     
 c_ph_up lab   0.66526552841501518     
 c_ph_lep  0.93639979959572583     
 c_ph_lep lab   0.94204494246359283     
 >> Photon n.           2
 cm momentum     9.1473726221363294E-003  -4.4914002483897840E-003   5.2166044132662690E-003  -6.0240176039304807E-003
 lab momentum    8.7355021291482572E-003  -4.4914002483897840E-003   5.2166044132662690E-003  -5.3780442218904064E-003
 c_ph_up   -0.65855167956671679     
 c_ph_up lab  -0.61565370168535294     
 c_ph_lep -0.99182025122956008     
 c_ph_lep lab  -0.99122798331543072     
 isvec for ranlux 
     9694957     1252334     7167226    16399770     5334141    13250981    11984409     2603513     3627080     4384046     3205779    13795264     8270940     7640603    12795748       19997    12743485    14635427     5286932    15315727    15130947     8180743    14720784    11532738    -4080923
  
 ====== DUMPING at point            1
 propag    0.0000000000000000        0.0000000000000000        0.0000000000000000        0.0000000000000000     
 test props.    0.0000000000000000        0.0000000000000000     
 Var          0.58550431929959179     
 Var before   0.50263206833645457     
 iev, nphot and rad. pattern    0.0000000000000000                3               0           0           1           2
 partons...            1          -1
 x1 & x2   0.99986023257475198       0.80123874763299174     
 sv & ME   0.55619421500293398        12285352090827.008     
 plepton   =    44.693507114022580        36.138392099954864       -6.0723570548726364        25.585963157320812     
 pneutrino =    41.684573498586708       -33.633610477812063        5.7342231590139967       -23.947681204180252     
 pleptonlab   =    47.806657367058619        36.138392099954864       -6.0723570548726364        30.701928622611508     
 pneutrinolab =    39.283269548901160       -33.633610477812063        5.7342231590139967       -19.469541179740119     
 sqrt(s) =    89.505684766735683     
 sqrt_fs_cm =    86.325549966706205     
 phind channel           0
 bbb pw(0) qmod c1q   0.0000000000000000        0.0000000000000000        0.0000000000000000        0.0000000000000000     
 reduced to Born momenta
   44.752842383367842        0.0000000000000000        0.0000000000000000        44.752787888185971     
   44.752842383367842        0.0000000000000000        0.0000000000000000       -44.752787888185971     
   44.752842383367849        36.148545716419150       -6.1177077757132423        25.664411776972983     
   44.752842383367835       -36.148545716419150        6.1177077757132423       -25.664411776972983     
 >> Photon n.           1
 cm momentum     1.3646162902582866E-002   1.0188650575233197E-002  -1.2223169449072453E-003   8.9952822471460973E-003
 lab momentum    1.4727973130253884E-002   1.0188650575233197E-002  -1.2223169449072453E-003   1.0564588646391933E-002
 c_ph_up    0.65918033599346249     
 c_ph_up lab   0.71731449758625532     
 c_ph_lep  0.99325058863131277     
 c_ph_lep lab   0.99415361039948358     
 >> Photon n.           2
 cm momentum     3.0667882937727717       -2.5365299895868070       0.35074176774858190       -1.6876570336134833     
 lab momentum    2.8983546329264578       -2.5365299895868070       0.35074176774858190       -1.3577390774701947     
 c_ph_up   -0.55030112024372013     
 c_ph_up lab  -0.46845167325134768     
 c_ph_lep -0.99935165033058715     
 c_ph_lep lab  -0.97777750597743684     
 >> Photon n.           3
 cm momentum     4.7169697451038134E-002   2.1559716868771308E-002  -1.1385554945034756E-002   4.0379798225777287E-002
 lab momentum    5.1939488370675954E-002   2.1559716868771308E-002  -1.1385554945034756E-002   4.5861293040423488E-002
 c_ph_up    0.85605378893284778     
 c_ph_up lab   0.88297544852821275     
 c_ph_lep  0.89244402761497921     
 c_ph_lep lab   0.90868218197586170     
 isvec for ranlux 
     8192674     9675355    12081709     9480863      986779    11942623     6473535     8765465     4090856     8723139     4116667     2833519      419117    11029292     2425882     3624875     8132952    13471903     1621808    10524330     7978715     5812058      446896     1435424     4221707
  
 ====== DUMPING at point            1
 propag    0.0000000000000000        0.0000000000000000        0.0000000000000000        0.0000000000000000     
 test props.    0.0000000000000000        0.0000000000000000     
 Var          0.35401249352412767     
 Var before   0.30881019897839301     
 iev, nphot and rad. pattern    3.0000000000000000                2               0           0           1           1
 partons...            1          -1
 x1 & x2   0.80220668328311362       0.99979504220378068     
 sv & ME   0.58421075355464414        3979043687031.2603     
 plepton   =    44.240904921965942       -29.491867417330390        16.258276310286988       -28.690498641186593     
 pneutrino =    44.760040481787811        29.842082439654202       -16.412704201536311        29.043472875976288     
 pleptonlab   =    47.674260203600575       -29.491867417330390        16.258276310286988       -33.744957103634206     
 pneutrinolab =    41.827648856813276        29.842082439654202       -16.412704201536311        24.281974830214281     
 sqrt(s) =    89.556812402474179     
 sqrt_fs_cm =    88.999422433047698     
 phind channel           0
 bbb pw(0) qmod c1q   0.0000000000000000        0.0000000000000000        0.0000000000000000        0.0000000000000000     
 reduced to Born momenta
   44.778406201237090        0.0000000000000000        0.0000000000000000        44.778351737166339     
   44.778406201237090        0.0000000000000000        0.0000000000000000       -44.778351737166339     
   44.778406201237090       -29.852261868482167        16.437570940660873       -29.047258410008812     
   44.778406201237090        29.852261868482167       -16.437570940660873        29.047258410008812     
 >> Photon n.           1
 cm momentum    0.53825029237678268      -0.36193537847969676       0.16061249132145339      -0.36458165982392293     
 lab momentum   0.58173410794329650      -0.36193537847969676       0.16061249132145339      -0.42617013243639862     
 c_ph_up   -0.67734595779598883     
 c_ph_up lab  -0.73258577521457413     
 c_ph_lep  0.99718006475428489     
 c_ph_lep lab   0.99757876215912722     
 >> Photon n.           2
 cm momentum     1.7616706343644015E-002   1.1720356155884772E-002  -6.1846000721287901E-003   1.1607425034228125E-002
 lab momentum    1.6443105987557993E-002   1.1720356155884772E-002  -6.1846000721287901E-003   9.7344598229744655E-003
 c_ph_up    0.65888735429911971     
 c_ph_up lab   0.59200857978658294     
 c_ph_lep -0.99981027296708103     
 c_ph_lep lab  -0.98824364946214049     
 isvec for ranlux 
    10876423     5508206     6552395     8586876     3831691     8121497     1468692    10309077    15186285     7188278     4503280     9877336     1366014     5981390     5726979     1082832     5970519     4651962    15890584    14102435     4569516     6677682    13119496    13736282     4202010
  
 ====== DUMPING at point            1
 propag    0.0000000000000000        0.0000000000000000        0.0000000000000000        0.0000000000000000     
 test props.    0.0000000000000000        0.0000000000000000     
 Var          0.34953123086098814     
 Var before   0.30008918625680403     
 iev, nphot and rad. pattern    5.0000000000000000                2               0           0           1           1
 partons...            1          -1
 x1 & x2   0.99985005286215844       0.84397454501042546     
 sv & ME   0.55438457035549216        88986025292.907944     
 plepton   =    44.740417206149125       0.21658685297652425       -42.458203315373382        14.104886722492695     
 pneutrino =    45.791993121093839      -0.16424623864748050        43.469562728116372       -14.396722186327109     
 pleptonlab   =    46.097856767751310       0.21658685297652425       -42.458203315373382        17.951470587508460     
 pneutrinolab =    44.735050030965631      -0.16424623864748050        43.469562728116372       -10.563317517758133     
 sqrt(s) =    91.861199286912750     
 sqrt_fs_cm =    90.526275546499107     
 phind channel           0
 bbb pw(0) qmod c1q   0.0000000000000000        0.0000000000000000        0.0000000000000000        0.0000000000000000     
 reduced to Born momenta
   45.930599643456375        0.0000000000000000        0.0000000000000000        45.930546545647324     
   45.930599643456375        0.0000000000000000        0.0000000000000000       -45.930546545647324     
   45.930599643456375       0.19337872900480110       -43.594462656376400        14.460091641652163     
   45.930599643456375      -0.19337872900480110        43.594462656376400       -14.460091641652163     
 >> Photon n.           1
 cm momentum     1.1912302019136900       -5.1355322693241195E-002  -1.1423064616979448       0.33395803979770478     
 lab momentum    1.2238439322183756       -5.1355322693241195E-002  -1.1423064616979448       0.43622534179243944     
 c_ph_up    0.28034719004035252     
 c_ph_up lab   0.35643870129888583     
 c_ph_lep  0.99819141787823862     
 c_ph_lep lab   0.99829144469771303     
 >> Photon n.           2
 cm momentum    0.13755875775609952       -9.8529163580255048E-004  0.13094704895495138       -4.2122575963291442E-002
 lab momentum   0.13447916269387872       -9.8529163580255048E-004  0.13094704895495138       -3.0603018956120831E-002
 c_ph_up   -0.30621515234949609     
 c_ph_up lab  -0.22756699508743916     
 c_ph_lep -0.99995205742404170     
 c_ph_lep lab  -0.98551005108662482     
 isvec for ranlux 
    13798336     8607402     7564242     6135960     8172408    11356951    12904116    12031075     5356482     9565784     5190119    11828940     9261313    15821424    16481898     3060787     3760646      711049     8167466     5757978    13465270     5714415     5077099     6269482     4100721
  
