 ====== DUMPING at point            1
 propag    0.0000000000000000        0.0000000000000000        0.0000000000000000        0.0000000000000000     
 test props.    0.0000000000000000        0.0000000000000000     
 Var           1.7772822957759532E-002
 Var before    0.0000000000000000     
 iev, nphot and rad. pattern    0.0000000000000000                0               0           0           0           0
 partons...            1          -1
 x1 & x2   0.98222489250647238       0.91216777007018912     
 sv & ME    1.0000000000000000        1704.7748738717837     
 plepton   =    44.961049410554146        3.9789095990653429       -5.0691005896549743        44.496711092183531     
 pneutrino =    44.961049410554160       -3.9789095990653429        5.0691005896549743       -44.496711092183531     
 pleptonlab   =    46.638498800421381        3.9789095990653429       -5.0691005896549743        46.191026231075050     
 pneutrinolab =    43.345152671970034       -3.9789095990653429        5.0691005896549743       -42.863312915351599     
 sqrt(s) =    89.922098821108307     
 sqrt_fs_cm =    89.922098821108307     
 phind channel           0
 bbb pw(0) qmod c1q   0.0000000000000000        0.0000000000000000        0.0000000000000000        0.0000000000000000     
 reduced to Born momenta
   43.322151270690284        0.0000000000000000        0.0000000000000000        43.322094975831583     
   43.322151270690284        0.0000000000000000        0.0000000000000000       -43.322094975831583     
   43.322151270690277       -32.557445135057570        7.6270495336885595        27.543393195419490     
   43.322151270690291        32.557445135057570       -7.6270495336885595       -27.543393195419490     
 isvec for ranlux 
     9644655    14614328     8305202     1457455     1056974    16450356    10467055     4514011      135838    16753179    11474510      425858    13826447     7299317     7668616    13721940      957152    13197359    14184585     9294164    15939178     5902395     5267822    14659295     4102414
  
