 ====== DUMPING at point            1
 propag    0.0000000000000000        0.0000000000000000        0.0000000000000000        0.0000000000000000     
 test props.    0.0000000000000000        0.0000000000000000     
 Var           2.4931055431147926     
 Var before    0.0000000000000000     
 iev, nphot and rad. pattern    0.0000000000000000                1               0           0           0           1
 partons...            1          -1
 x1 & x2   0.90321469616492434       0.93902971301621296     
 sv & ME    1.0000000000000000        729.20536610807596     
 plepton   =    45.777522743315849        37.442994394273725       -17.756509077947637       -19.449909536511527     
 pneutrino =    40.663871416300175       -32.452959594640340        17.841081947447510        16.794060955082632     
 pleptonlab   =    46.164372602327340        37.442994394273725       -17.756509077947637       -20.343713776746696     
 pneutrinolab =    40.345003537704159       -32.452959594640340        17.841081947447510        16.006541014816349     
 sqrt(s) =    92.094811847995814     
 sqrt_fs_cm =    86.256324363485447     
 phind channel           0
 bbb pw(0) qmod c1q   0.0000000000000000        0.0000000000000000        0.0000000000000000        0.0000000000000000     
 reduced to Born momenta
   46.047405923997900        0.0000000000000000        0.0000000000000000        46.047352960879707     
   46.047405923997914        0.0000000000000000        0.0000000000000000       -46.047352960879721     
   46.047405923997907        37.234657816637259       -19.004897943365176       -19.306644972086094     
   46.047405923997907       -37.234657816637259        19.004897943365176        19.306644972086094     
 >> Photon n.           1
 cm momentum     5.6534176883797880       -4.9900347996333814       -8.4572869499873540E-002   2.6558485814288932     
 lab momentum    5.6028443190253672       -4.9900347996333814       -8.4572869499873540E-002   2.5464219193659217     
 c_ph_up    0.46977752712094983     
 c_ph_up lab   0.45448735934338436     
 c_ph_lep -0.91575451877574110     
 c_ph_lep lab  -0.91684818173727711     
 isvec for ranlux 
     9644655    14614328     8305202     1457455     6611641    14048799     7267313     8683348    14048746     9318201     4464668     5476536     8218591     7359978     7668616    13721940      957152    13197359    14184585     9294164    15939178     5902395     5267822    14659295     4201404
  
 ====== DUMPING at point            1
 propag    0.0000000000000000        0.0000000000000000        0.0000000000000000        0.0000000000000000     
 test props.    0.0000000000000000        0.0000000000000000     
 Var           1.7834144322493772     
 Var before    1.2872617546517318     
 iev, nphot and rad. pattern    0.0000000000000000                0               0           0           1           0
 partons...            1          -1
 x1 & x2   0.95086181754042942       0.79749884798471904     
 sv & ME   0.70864345177232091        1234.7838497678581     
 plepton   =    43.540532957267189        31.732592305158743        29.781003333327774        1.3788664062565696     
 pneutrino =    43.540532957267203       -31.732592305158743       -29.781003333327774       -1.3788664062565696     
 pleptonlab   =    43.830436285708380        31.732592305158743        29.781003333327774        5.2182762823536368     
 pneutrinolab =    43.587596990549031       -31.732592305158743       -29.781003333327774        2.4498721954318743     
 sqrt(s) =    87.081065914534392     
 sqrt_fs_cm =    87.081065914534392     
 phind channel           0
 bbb pw(0) qmod c1q   0.0000000000000000        0.0000000000000000        0.0000000000000000        0.0000000000000000     
 reduced to Born momenta
   43.540532957267196        0.0000000000000000        0.0000000000000000        43.540476944761075     
   43.540532957267196        0.0000000000000000        0.0000000000000000       -43.540476944761075     
   43.540532957267189        31.732592305158743        29.781003333327774        1.3788664062565696     
   43.540532957267203       -31.732592305158743       -29.781003333327774       -1.3788664062565696     
 isvec for ranlux 
     6252439      346129     5312835     8261683     9079631     4152189    11690151     3251140     4683020     2530188    16021290    11618951     3342516     5282467     2561248    15711547    15779543    10985280     8292142     1596633    16558285    12472361     3784938     8334133     4140519
  
 ====== DUMPING at point            1
 propag    0.0000000000000000        0.0000000000000000        0.0000000000000000        0.0000000000000000     
 test props.    0.0000000000000000        0.0000000000000000     
 Var           1.7484147724918719     
 Var before    1.3537583854385158     
 iev, nphot and rad. pattern    0.0000000000000000                0               0           0           1           0
 partons...            1          -1
 x1 & x2   0.91254730541496198       0.92500965136140623     
 sv & ME   0.68380764176569797        17045.794120305996     
 plepton   =    45.937867408943916       -43.801990773398970       -7.5507631578902119        11.603795862163503     
 pneutrino =    45.937867408943916        43.801990773398970        7.5507631578902119       -11.603795862163503     
 pleptonlab   =    45.860224947034816       -43.801990773398970       -7.5507631578902119        11.292504085528833     
 pneutrinolab =    46.017622891783603        43.801990773398970        7.5507631578902119       -11.915621382851043     
 sqrt(s) =    91.875734817887832     
 sqrt_fs_cm =    91.875734817887832     
 phind channel           0
 bbb pw(0) qmod c1q   0.0000000000000000        0.0000000000000000        0.0000000000000000        0.0000000000000000     
 reduced to Born momenta
   45.937867408943916        0.0000000000000000        0.0000000000000000        45.937814319535399     
   45.937867408943916        0.0000000000000000        0.0000000000000000       -45.937814319535399     
   45.937867408943916       -43.801990773398970       -7.5507631578902119        11.603795862163503     
   45.937867408943916        43.801990773398970        7.5507631578902119       -11.603795862163503     
 isvec for ranlux 
     8965487     2126720     7254733    12923904     5337694    14130607     1878020     8597149     6833174     1891112    11634831     6803766      471344     6208649      964748     8738368    12913065     1505022     4123979     3215547    11907780     4934906    11898556     4780317     4221101
  
 ====== DUMPING at point            1
 propag    0.0000000000000000        0.0000000000000000        0.0000000000000000        0.0000000000000000     
 test props.    0.0000000000000000        0.0000000000000000     
 Var           1.8592365704922353     
 Var before    1.6217692636189835     
 iev, nphot and rad. pattern    0.0000000000000000                0               0           0           0           1
 partons...            1          -1
 x1 & x2   0.81022023937714860       0.96385673151000772     
 sv & ME   0.70510040144983266        2375.5339250838224     
 plepton   =    44.185298226030859       -10.266538318246884        42.925326165232669        2.0842217252917279     
 pneutrino =    44.185298226030874        10.266538318246884       -42.925326165232669       -2.0842217252917279     
 pleptonlab   =    44.170748333825571       -10.266538318246884        42.925326165232669       -1.7488308228776024     
 pneutrinolab =    44.533100210532247        10.266538318246884       -42.925326165232669       -5.9329937837653546     
 sqrt(s) =    88.370596452061733     
 sqrt_fs_cm =    88.370596452061733     
 phind channel           0
 bbb pw(0) qmod c1q   0.0000000000000000        0.0000000000000000        0.0000000000000000        0.0000000000000000     
 reduced to Born momenta
   44.185298226030866        0.0000000000000000        0.0000000000000000        44.185243030877245     
   44.185298226030866        0.0000000000000000        0.0000000000000000       -44.185243030877245     
   44.185298226030859       -10.266538318246884        42.925326165232669        2.0842217252917279     
   44.185298226030874        10.266538318246884       -42.925326165232669       -2.0842217252917279     
 isvec for ranlux 
    15326067    13686972    12635121    13902960    13679249    15597591     9630857    11203193     9414693    13903049     1041894    12159642    14667289     9413416    16351989    16702048    13674632     3503371    11931980     1731313     7232330     5707229     4337415    14161190     4071606
  
 ====== DUMPING at point            1
 propag    0.0000000000000000        0.0000000000000000        0.0000000000000000        0.0000000000000000     
 test props.    0.0000000000000000        0.0000000000000000     
 Var           2.3761399890928900     
 Var before    1.6073896311859939     
 iev, nphot and rad. pattern    0.0000000000000000                0               0           1           0           0
 partons...            1          -1
 x1 & x2   0.89137454678525718       0.97967758232893809     
 sv & ME   0.67666600155610024        7664.1299162312516     
 plepton   =    46.724181666031711        28.011826045983423       -24.305303770270246        28.420552402677149     
 pneutrino =    46.724181666031711       -28.011826045983423        24.305303770270246       -28.420552402677149     
 pleptonlab   =    45.433518314615227        28.011826045983423       -24.305303770270246        26.244680088685801     
 pneutrinolab =    48.119088141094529       -28.011826045983423        24.305303770270246       -30.659831865869851     
 sqrt(s) =    93.448363332063423     
 sqrt_fs_cm =    93.448363332063423     
 phind channel           0
 bbb pw(0) qmod c1q   0.0000000000000000        0.0000000000000000        0.0000000000000000        0.0000000000000000     
 reduced to Born momenta
   46.724181666031711        0.0000000000000000        0.0000000000000000        46.724129470057903     
   46.724181666031711        0.0000000000000000        0.0000000000000000       -46.724129470057903     
   46.724181666031711        28.011826045983423       -24.305303770270246        28.420552402677149     
   46.724181666031711       -28.011826045983423        24.305303770270246       -28.420552402677149     
 isvec for ranlux 
     4925990     5576093    15184408    11784099    11845403    13164298      418628     8394559    12727338     1012832     9828754     3599171     1962348     6110377     1170785     8157080     6470367    12307127     8788506     3545955     7555912     3534851     9276842     7912478     4132414
  
 ====== DUMPING at point            1
 propag    0.0000000000000000        0.0000000000000000        0.0000000000000000        0.0000000000000000     
 test props.    0.0000000000000000        0.0000000000000000     
 Var           10.591617825353504     
 Var before    1.5318790542916720     
 iev, nphot and rad. pattern    0.0000000000000000                0               0           0           0           1
 partons...            1          -1
 x1 & x2   0.99822492168809984       0.84465949029257259     
 sv & ME   0.67578284870342797        29139.046687100479     
 plepton   =    45.911876283550363       -4.7552517263649481        27.442590859613038        36.499054893453774     
 pneutrino =    45.911876283550363        4.7552517263649481       -27.442590859613038       -36.499054893453774     
 pleptonlab   =    49.124149098598991       -4.7552517263649481        27.442590859613038        40.465573626240634     
 pneutrinolab =    43.020071500434632        4.7552517263649481       -27.442590859613038       -32.787302056464263     
 sqrt(s) =    91.823752567100726     
 sqrt_fs_cm =    91.823752567100726     
 phind channel           0
 bbb pw(0) qmod c1q   0.0000000000000000        0.0000000000000000        0.0000000000000000        0.0000000000000000     
 reduced to Born momenta
   45.911876283550356        0.0000000000000000        0.0000000000000000        45.911823164087416     
   45.911876283550370        0.0000000000000000        0.0000000000000000       -45.911823164087430     
   45.911876283550363       -4.7552517263649481        27.442590859613038        36.499054893453774     
   45.911876283550363        4.7552517263649481       -27.442590859613038       -36.499054893453774     
 isvec for ranlux 
      128384    11388086    10466586    16512364     6221064    10759867     4294357     4958074     2428245      140484    15658108     6187047     6125357     5290921     3091457    10559473     4129276    15535479    13747368    10865395     4704666    11572707     3324263     2372157     4192111
  
 ====== DUMPING at point            1
 propag    0.0000000000000000        0.0000000000000000        0.0000000000000000        0.0000000000000000     
 test props.    0.0000000000000000        0.0000000000000000     
 Var           5.8025537422500859     
 Var before    3.5007554485865788     
 iev, nphot and rad. pattern    0.0000000000000000                1               1           0           0           0
 partons...            1          -1
 x1 & x2   0.99986676116419748       0.87129432243421179     
 sv & ME    1.0000000000000000        151.01407016348708     
 plepton   =    44.640811570846573       -37.703812729358809        10.885011533270671       -21.277451059804289     
 pneutrino =    45.247656053601460        39.799723314658344       -8.6345783700253627        19.717132020202136     
 pleptonlab   =    43.281076639806656       -37.703812729358809        10.885011533270671       -18.253204129668731     
 pneutrinolab =    46.712878696819978        39.799723314658344       -8.6345783700253627        22.880296171616351     
 sqrt(s) =    93.336929036317088     
 sqrt_fs_cm =    89.822295259931380     
 phind channel           0
 bbb pw(0) qmod c1q   0.0000000000000000        0.0000000000000000        0.0000000000000000        0.0000000000000000     
 reduced to Born momenta
   44.911147629965690        0.0000000000000000        0.0000000000000000        44.911093326871622     
   44.911147629965690        0.0000000000000000        0.0000000000000000       -44.911093326871622     
   44.911147629965690       -38.748229303028630        9.7635945653356018       -20.499925970421629     
   44.911147629965690        38.748229303028630       -9.7635945653356018        20.499925970421629     
 >> Photon n.           1
 cm momentum     3.4484614118690553       -2.0959105852995363       -2.2504331632453085        1.5603190396021533     
 lab momentum    3.5640988432938077       -2.0959105852995363       -2.2504331632453085        1.8015298945516633     
 c_ph_up    0.45246817442462411     
 c_ph_up lab   0.50546574990236703     
 c_ph_lep  0.13854738097339142     
 c_ph_lep lab   0.14031165913740321     
 isvec for ranlux 
     6248706     2443650     5424569     7840856     8854079     5077390    15263352    16554528     1529883     2696089     2519233     5653265    15789071      882553     5947087     9218297     5428618    10255587     4747224    14768239    10404210    13291405    15495887    10569314     4080721
  
 ====== DUMPING at point            1
 propag    0.0000000000000000        0.0000000000000000        0.0000000000000000        0.0000000000000000     
 test props.    0.0000000000000000        0.0000000000000000     
 Var           2.5844679371726107     
 Var before    2.1070285897138272     
 iev, nphot and rad. pattern    0.0000000000000000                0               0           1           0           0
 partons...            1          -1
 x1 & x2   0.83434158824446003       0.99923328081325868     
 sv & ME   0.76366500790914715        20422.410051374773     
 plepton   =    45.653638478779989        9.1697132899302396       -32.215194907592547       -31.021623392497904     
 pneutrino =    45.653638478779989       -9.1697132899302396        32.215194907592547        31.021623392497904     
 pleptonlab   =    48.640467191045616        9.1697132899302396       -32.215194907592547       -35.270121351053184     
 pneutrinolab =    43.038276261840281       -9.1697132899302396        32.215194907592547        27.025536722613253     
 sqrt(s) =    91.307276957559978     
 sqrt_fs_cm =    91.307276957559978     
 phind channel           0
 bbb pw(0) qmod c1q   0.0000000000000000        0.0000000000000000        0.0000000000000000        0.0000000000000000     
 reduced to Born momenta
   45.653638478779982        0.0000000000000000        0.0000000000000000        45.653585058848776     
   45.653638478779996        0.0000000000000000        0.0000000000000000       -45.653585058848790     
   45.653638478779989        9.1697132899302396       -32.215194907592547       -31.021623392497904     
   45.653638478779989       -9.1697132899302396        32.215194907592547        31.021623392497904     
 isvec for ranlux 
    14902313     9928972     4799160     2701921    12896674      994906     4989402     1593852     3619565    10431950     8726416    10407135     5333250    10378542     9914156    14939389     3289939    14228418    14454888     1597759     1973254     3860146     2875092     2125098     4191303
  
 ====== DUMPING at point            1
 propag    0.0000000000000000        0.0000000000000000        0.0000000000000000        0.0000000000000000     
 test props.    0.0000000000000000        0.0000000000000000     
 Var           1.2982540462295100     
 Var before    1.1009396406925955     
 iev, nphot and rad. pattern    0.0000000000000000                1               0           0           1           0
 partons...            1          -1
 x1 & x2   0.99952281812873989       0.83112948990803270     
 sv & ME    1.0000000000000000        2356798.5969736003     
 plepton   =    45.392303713490449        9.6282354323739536        40.341728725494754        18.447007308061142     
 pneutrino =    45.568183905350587       -9.6204270370102840       -40.518864348679308       -18.496411442744023     
 pleptonlab   =    47.289650894526183        9.6282354323739536        40.341728725494754        22.718757094789844     
 pneutrinolab =    44.053555157689473       -9.6204270370102840       -40.518864348679308       -14.365708261655923     
 sqrt(s) =    91.144549479537105     
 sqrt_fs_cm =    90.960301390709830     
 phind channel           0
 bbb pw(0) qmod c1q   0.0000000000000000        0.0000000000000000        0.0000000000000000        0.0000000000000000     
 reduced to Born momenta
   45.572274739768552        0.0000000000000000        0.0000000000000000        45.572221224462460     
   45.572274739768552        0.0000000000000000        0.0000000000000000       -45.572221224462460     
   45.572274739768545        9.6438300512163053        40.512106299009041        18.509101718520213     
   45.572274739768559       -9.6438300512163053       -40.512106299009041       -18.509101718520213     
 >> Photon n.           1
 cm momentum    0.18406186069606897       -7.8083953636702563E-003  0.17713562318455145        4.9404134682881594E-002
 lab momentum   0.18940934962294881       -7.8083953636702563E-003  0.17713562318455145        6.6617577901434313E-002
 c_ph_up    0.26841049251620830     
 c_ph_up lab   0.35171219390197905     
 c_ph_lep  0.95537570337080435     
 c_ph_lep lab   0.95837539498947621     
 isvec for ranlux 
    16299211     3254293    16131975     5266621    16545363    14473301     5355798     5599353    11050532    14547556    11682091     8225026    12673044    12120042     6959192    14507471     7976243    13182463     2472364    15582834    14772810    14376851    13178594     7905684     4032111
  
 ====== DUMPING at point            1
 propag    0.0000000000000000        0.0000000000000000        0.0000000000000000        0.0000000000000000     
 test props.    0.0000000000000000        0.0000000000000000     
 Var           1.9976531159799020     
 Var before    1.2619660866370708     
 iev, nphot and rad. pattern    0.0000000000000000                1               0           0           0           1
 partons...            1          -1
 x1 & x2   0.99986441847821528       0.82522684209670349     
 sv & ME    1.0000000000000000        189410373691.94290     
 plepton   =    45.417919117095657      -0.68097656487052982       -31.234475254207926        32.965437047731477     
 pneutrino =    45.372368702857607       0.68034010117928867        31.203240076309864       -32.932288473525219     
 pleptonlab   =    48.796186998111565      -0.68097656487052982       -31.234475254207926        37.483336676122846     
 pneutrinolab =    42.415801832127073       0.68034010117928867        31.203240076309864       -28.722535185072079     
 sqrt(s) =    90.835838554264157     
 sqrt_fs_cm =    90.790276393238045     
 phind channel           0
 bbb pw(0) qmod c1q   0.0000000000000000        0.0000000000000000        0.0000000000000000        0.0000000000000000     
 reduced to Born momenta
   45.417919277132086        0.0000000000000000        0.0000000000000000        45.417865579950877     
   45.417919277132071        0.0000000000000000        0.0000000000000000       -45.417865579950863     
   45.417919277132086      -0.68099983634812511       -31.234520691168338        32.965393736287893     
   45.417919277132071       0.68099983634812511        31.234520691168338       -32.965393736287893     
 >> Photon n.           1
 cm momentum     4.5550734310892238E-002   6.3646369124119859E-004   3.1235177898062929E-002  -3.3148574206254902E-002
 lab momentum    4.2574198507283764E-002   6.3646369124119859E-004   3.1235177898062929E-002  -2.8922671975177124E-002
 c_ph_up   -0.72772864604135057     
 c_ph_up lab  -0.67934742142541837     
 c_ph_lep -0.99999568627919122     
 c_ph_lep lab  -0.99167845593703330     
 isvec for ranlux 
    14376841     9367055    11411008     3416353     1394422    12230973     5252183    16075032     6397709     9393473    12531793     9363946    15390017     9736584    16117207    13485524     9250666     8140315     3126542     1982896     8250996    15449780     6880094     7144020    -4021707
  
 ====== DUMPING at point            1
 propag    0.0000000000000000        0.0000000000000000        0.0000000000000000        0.0000000000000000     
 test props.    0.0000000000000000        0.0000000000000000     
 Var          0.68163435564618902     
 Var before   0.57076415438097328     
 iev, nphot and rad. pattern    0.0000000000000000                1               0           0           1           0
 partons...            1          -1
 x1 & x2   0.76673313714818914       0.99988389159802493     
 sv & ME    1.0000000000000000        984624.61774301447     
 plepton   =    41.889230797628620        41.833013476822551       -2.1453094670472441      -0.30516202927421737     
 pneutrino =    43.779038296759218       -43.721151355351751        2.2278660572980784       0.30094433173946311     
 pleptonlab   =    42.299501334967900        41.833013476822551       -2.1453094670472441       -5.8850046927817719     
 pneutrinolab =    44.125287715778022       -43.721151355351751        2.2278660572980784       -5.5251596630221060     
 sqrt(s) =    87.558215661860871     
 sqrt_fs_cm =    85.647419293289531     
 phind channel           0
 bbb pw(0) qmod c1q   0.0000000000000000        0.0000000000000000        0.0000000000000000        0.0000000000000000     
 reduced to Born momenta
   43.779107830930435        0.0000000000000000        0.0000000000000000        43.779052123665657     
   43.779107830930435        0.0000000000000000        0.0000000000000000       -43.779052123665657     
   43.779107830930435        43.720799592778043       -2.2349053857239687      -0.30983812833116836     
   43.779107830930435       -43.720799592778043        2.2349053857239687       0.30983812833116836     
 >> Photon n.           1
 cm momentum     1.8899465674730291        1.8881378785291996       -8.2556590250834436E-002   4.2176975347542568E-003
 lab momentum    1.9060623865648005        1.8881378785291996       -8.2556590250834436E-002 -0.24737336668791240     
 c_ph_up     2.2316490885737417E-003
 c_ph_up lab  -0.12978240818955611     
 c_ph_lep  0.99992627784081412     
 c_ph_lep lab   0.99992760624791821     
 isvec for ranlux 
    16575667    16622680     6248223    14956727    13110558     1205945    11242040     6890570    14658205      621134     7421034    11519576    13204167     8090949    16466493    11015029     5120304      201156    13109540    13654731     2695017     9785481     4861148      143676    -4200721
  
 ====== DUMPING at point            1
 propag    0.0000000000000000        0.0000000000000000        0.0000000000000000        0.0000000000000000     
 test props.    0.0000000000000000        0.0000000000000000     
 Var          0.80123849740193431     
 Var before   0.67689608473431639     
 iev, nphot and rad. pattern    0.0000000000000000                0               0           1           0           0
 partons...            1          -1
 x1 & x2   0.87073962597039389       0.99983677226072942     
 sv & ME   0.68104923901006253        10056.503319231386     
 plepton   =    46.652907120289782        18.460920849693938       -22.806518625629192        36.270369292896390     
 pneutrino =    46.652907120289754       -18.460920849693938        22.806518625629192       -36.270369292896390     
 pleptonlab   =    44.255240935219291        18.460920849693938       -22.806518625629192        33.129628674390624     
 pneutrinolab =    49.273578976336886       -18.460920849693938        22.806518625629192       -39.584485988907403     
 sqrt(s) =    93.305814240579537     
 sqrt_fs_cm =    93.305814240579537     
 phind channel           0
 bbb pw(0) qmod c1q   0.0000000000000000        0.0000000000000000        0.0000000000000000        0.0000000000000000     
 reduced to Born momenta
   46.652907120289768        0.0000000000000000        0.0000000000000000        46.652854844572843     
   46.652907120289768        0.0000000000000000        0.0000000000000000       -46.652854844572843     
   46.652907120289782        18.460920849693938       -22.806518625629192        36.270369292896390     
   46.652907120289754       -18.460920849693938        22.806518625629192       -36.270369292896390     
 isvec for ranlux 
    13452352     7685781    12040999      377492     2027616    10867852     4039603    13333254    16608482     8283248     4576519     7678115     1422877    16276106    10765401     9788787     9530970    13032368     3894472      306732    14245216    14571762    11462555    11912083     4051404
  
 ====== DUMPING at point            1
 propag    0.0000000000000000        0.0000000000000000        0.0000000000000000        0.0000000000000000     
 test props.    0.0000000000000000        0.0000000000000000     
 Var          0.78506169302622419     
 Var before   0.69185411017791687     
 iev, nphot and rad. pattern    0.0000000000000000                1               0           0           1           0
 partons...            1          -1
 x1 & x2   0.82987823859885945       0.99987605093182053     
 sv & ME    1.0000000000000000        1167666.9213252317     
 plepton   =    45.201103535658440       -26.313295039181256       -2.5793057338061947       -36.661782325227989     
 pneutrino =    45.540050943570286        26.584512230947251        2.5943765732071205        36.883844646274618     
 pleptonlab   =    48.818408276101813       -26.313295039181256       -2.5793057338061947       -41.038804917215266     
 pneutrinolab =    42.296208582069404        26.584512230947251        2.5943765732071205        32.794679696034009     
 sqrt(s) =    91.092007111737445     
 sqrt_fs_cm =    90.740476187055094     
 phind channel           0
 bbb pw(0) qmod c1q   0.0000000000000000        0.0000000000000000        0.0000000000000000        0.0000000000000000     
 reduced to Born momenta
   45.546003555868722        0.0000000000000000        0.0000000000000000        45.545950009694671     
   45.546003555868722        0.0000000000000000        0.0000000000000000       -45.545950009694671     
   45.546003555868715       -26.551113665580168       -2.5968485683343645       -36.915064903780397     
   45.546003555868730        26.551113665580168        2.5968485683343645        36.915064903780397     
 >> Photon n.           1
 cm momentum    0.35085263250871745      -0.27121719176599440       -1.5070839400925920E-002 -0.22206232104662982     
 lab momentum   0.37309761836276378      -0.27121719176599440       -1.5070839400925920E-002 -0.25576539546679478     
 c_ph_up   -0.63292191783999907     
 c_ph_up lab  -0.68551870309210450     
 c_ph_lep  0.96581145843008465     
 c_ph_lep lab   0.97023207073345141     
 isvec for ranlux 
    16281071     6216508     5788901     5598226     2151985    11312847     4878172    15215368      933416    10490822     4859569     3569103     7793955     9042226    15803846    11186175     1469788    15694173    11573162    10117844     1302401    12204826     4381916     1083041    -4200822
  
 ====== DUMPING at point            1
 propag    0.0000000000000000        0.0000000000000000        0.0000000000000000        0.0000000000000000     
 test props.    0.0000000000000000        0.0000000000000000     
 Var          0.58360361889883183     
 Var before   0.51239380051226557     
 iev, nphot and rad. pattern    0.0000000000000000                0               0           0           1           0
 partons...            1          -1
 x1 & x2   0.85731651239462114       0.99987976473643969     
 sv & ME   0.68613734463511378        10209.533136054770     
 plepton   =    46.292910707736851        31.469929131900621        32.300658388932845        10.456263490255203     
 pneutrino =    46.292910707736837       -31.469929131900621       -32.300658388932845       -10.456263490255203     
 pleptonlab   =    45.624881435320930        31.469929131900621        32.300658388932845        6.9231257658834693     
 pneutrinolab =    47.234932421232088       -31.469929131900621       -32.300658388932845       -14.051288382974397     
 sqrt(s) =    92.585821415473688     
 sqrt_fs_cm =    92.585821415473688     
 phind channel           0
 bbb pw(0) qmod c1q   0.0000000000000000        0.0000000000000000        0.0000000000000000        0.0000000000000000     
 reduced to Born momenta
   46.292910707736844        0.0000000000000000        0.0000000000000000        46.292858025497807     
   46.292910707736844        0.0000000000000000        0.0000000000000000       -46.292858025497807     
   46.292910707736851        31.469929131900621        32.300658388932845        10.456263490255203     
   46.292910707736837       -31.469929131900621       -32.300658388932845       -10.456263490255203     
 isvec for ranlux 
      589876    16710617     5688859    14464672     6555815    10676443     8690630    14425228     3486349    14953393     3964495     2454096     6889208    10385107     6558022     6916769    16140560    10878330     7171221     6209201     3307280     2406960     2255942    12891023    -4131909
  
