 ====== DUMPING at point            1
 propag    0.0000000000000000        0.0000000000000000        0.0000000000000000        0.0000000000000000     
 test props.    0.0000000000000000        0.0000000000000000     
 Var           1.5439708325816848     
 Var before    0.0000000000000000     
 iev, nphot and rad. pattern    0.0000000000000000                1               0           0           0           0
 partons...            1          -1
 x1 & x2   0.93064619215520694       0.95164473242548164     
 sv & ME    0.0000000000000000        0.0000000000000000     
 plepton   =    0.0000000000000000        0.0000000000000000        0.0000000000000000        0.0000000000000000     
 pneutrino =    0.0000000000000000        0.0000000000000000        0.0000000000000000        0.0000000000000000     
 pleptonlab   =    47.396251696677240       -1.8449102874874315        33.883280920536777       -33.089471003544681     
 pneutrinolab =    46.485346866011298        1.9530157168796729       -33.688726445670177        31.970795261305948     
 sqrt(s) =    0.0000000000000000     
 sqrt_fs_cm =    0.0000000000000000     
 phind channel           0
 bbb pw(0) qmod c1q   0.0000000000000000        0.0000000000000000        0.0000000000000000        0.0000000000000000     
 reduced to Born momenta
   0.0000000000000000        0.0000000000000000        0.0000000000000000        0.0000000000000000     
   0.0000000000000000        0.0000000000000000        0.0000000000000000        0.0000000000000000     
   0.0000000000000000        0.0000000000000000        0.0000000000000000        0.0000000000000000     
   0.0000000000000000        0.0000000000000000        0.0000000000000000        0.0000000000000000     
 >> Photon n.           1
 cm momentum     0.0000000000000000        0.0000000000000000        0.0000000000000000        0.0000000000000000     
 lab momentum   0.23294766634590180      -0.10810542939224134      -0.19455447486659785        6.8748728724995697E-002
 c_ph_up                         NaN
 c_ph_up lab   0.29512520903691458     
 c_ph_lep                       NaN
 c_ph_lep lab  -0.78504668325376725     
 isvec for ranlux 
      778671     5844720     5400450     5094089     4083391     5667112    11886351     3615086    16112834     1368291    15462261     7797679    14988199    15435044     9850695     6896914     2215452    12845121     6405628     3024976     4819489    10459877     1149857     7981361     4171202
  
 ====== DUMPING at point            1
 propag    0.0000000000000000        0.0000000000000000        0.0000000000000000        0.0000000000000000     
 test props.    0.0000000000000000        0.0000000000000000     
 Var           2.0633375456033618     
 Var before    1.5439708325816848     
 iev, nphot and rad. pattern    0.0000000000000000                0               0           0           0           0
 partons...            1          -1
 x1 & x2   0.88481119875809289       0.96840253463388715     
 sv & ME    0.0000000000000000        0.0000000000000000     
 plepton   =    0.0000000000000000        0.0000000000000000        0.0000000000000000        0.0000000000000000     
 pneutrino =    0.0000000000000000        0.0000000000000000        0.0000000000000000        0.0000000000000000     
 pleptonlab   =    47.610194217412548       -34.561738963229807       -12.006305911616337       -30.463982798093291     
 pneutrinolab =    45.050492452186454        34.561738963229807        12.006305911616337        26.284416004303573     
 sqrt(s) =    0.0000000000000000     
 sqrt_fs_cm =    0.0000000000000000     
 phind channel           0
 bbb pw(0) qmod c1q   0.0000000000000000        0.0000000000000000        0.0000000000000000        0.0000000000000000     
 reduced to Born momenta
   0.0000000000000000        0.0000000000000000        0.0000000000000000        0.0000000000000000     
   0.0000000000000000        0.0000000000000000        0.0000000000000000        0.0000000000000000     
   0.0000000000000000        0.0000000000000000        0.0000000000000000        0.0000000000000000     
   0.0000000000000000        0.0000000000000000        0.0000000000000000        0.0000000000000000     
 isvec for ranlux 
     2803006     6819478    11266704    12521690      381903    12884269    10959814      755982    12350293    13898296    16631971     2580472     9212313    13500588    11285027    12295266    14794390     9041223     4836823     6203403     5099258      436050     9357205      566304     4160822
  
 ====== DUMPING at point            1
 propag    0.0000000000000000        0.0000000000000000        0.0000000000000000        0.0000000000000000     
 test props.    0.0000000000000000        0.0000000000000000     
 Var           1.5650402815280322     
 Var before    1.3827427640056076     
 iev, nphot and rad. pattern    0.0000000000000000                1               0           0           0           0
 partons...            1          -1
 x1 & x2   0.98836229720964608       0.92306949284712703     
 sv & ME    0.0000000000000000        0.0000000000000000     
 plepton   =    0.0000000000000000        0.0000000000000000        0.0000000000000000        0.0000000000000000     
 pneutrino =    0.0000000000000000        0.0000000000000000        0.0000000000000000        0.0000000000000000     
 pleptonlab   =    47.909677028100973        1.8261160929406888        47.562278279059498        5.4608583726265953     
 pneutrinolab =    37.214286166968314       -1.5819739541561408       -37.117559627224466       -2.1624192362606651     
 sqrt(s) =    0.0000000000000000     
 sqrt_fs_cm =    0.0000000000000000     
 phind channel           0
 bbb pw(0) qmod c1q   0.0000000000000000        0.0000000000000000        0.0000000000000000        0.0000000000000000     
 reduced to Born momenta
   0.0000000000000000        0.0000000000000000        0.0000000000000000        0.0000000000000000     
   0.0000000000000000        0.0000000000000000        0.0000000000000000        0.0000000000000000     
   0.0000000000000000        0.0000000000000000        0.0000000000000000        0.0000000000000000     
   0.0000000000000000        0.0000000000000000        0.0000000000000000        0.0000000000000000     
 >> Photon n.           1
 cm momentum     0.0000000000000000        0.0000000000000000        0.0000000000000000        0.0000000000000000     
 lab momentum    10.447626307769397      -0.24414213878454785       -10.444718651835036       -3.3798918239974163E-002
 c_ph_up                         NaN
 c_ph_up lab   -3.2350810839051098E-003
 c_ph_lep                       NaN
 c_ph_lep lab  -0.99373444799222288     
 isvec for ranlux 
     8965487     4677045     9993826    10061960     5337694    14130607     1878020     8597149     6833174     1891112    11634831     6803766      471344     6208649      964748     8738368    12913065     1505022     4123979     3215547    11907780     4934906    11898556     4780317    -4191404
  
 ====== DUMPING at point            1
 propag    0.0000000000000000        0.0000000000000000        0.0000000000000000        0.0000000000000000     
 test props.    0.0000000000000000        0.0000000000000000     
 Var           1.1421208641139005     
 Var before   0.82270514884659318     
 iev, nphot and rad. pattern    0.0000000000000000                1               0           0           0           0
 partons...            1          -1
 x1 & x2   0.99205507470515120       0.90544043072843927     
 sv & ME    0.0000000000000000        0.0000000000000000     
 plepton   =    0.0000000000000000        0.0000000000000000        0.0000000000000000        0.0000000000000000     
 pneutrino =    0.0000000000000000        0.0000000000000000        0.0000000000000000        0.0000000000000000     
 pleptonlab   =    49.034321755267293       -27.973809478803073        8.4998474576523719        39.364604948454371     
 pneutrinolab =    45.725609453705125        27.983312970276042       -8.5460909975909409       -35.138564570707395     
 sqrt(s) =    0.0000000000000000     
 sqrt_fs_cm =    0.0000000000000000     
 phind channel           0
 bbb pw(0) qmod c1q   0.0000000000000000        0.0000000000000000        0.0000000000000000        0.0000000000000000     
 reduced to Born momenta
   0.0000000000000000        0.0000000000000000        0.0000000000000000        0.0000000000000000     
   0.0000000000000000        0.0000000000000000        0.0000000000000000        0.0000000000000000     
   0.0000000000000000        0.0000000000000000        0.0000000000000000        0.0000000000000000     
   0.0000000000000000        0.0000000000000000        0.0000000000000000        0.0000000000000000     
 >> Photon n.           1
 cm momentum     0.0000000000000000        0.0000000000000000        0.0000000000000000        0.0000000000000000     
 lab momentum   0.11484406270711686       -9.5034914729695327E-003   4.6243539938569146E-002  0.10469182108860912     
 c_ph_up                         NaN
 c_ph_up lab   0.91159976946828614     
 c_ph_lep                       NaN
 c_ph_lep lab   0.84884033129861380     
 isvec for ranlux 
    13339185     3157215    14633879    13075980     2672839    15264749     5589110    16308282     7842139    12049687    13366755     6076284      742419    12796796     4739940     6325708    16429432     3537523     6895768     4781887    12457939      764822     9148973    10794182    -4091202
  
 ====== DUMPING at point            1
 propag    0.0000000000000000        0.0000000000000000        0.0000000000000000        0.0000000000000000     
 test props.    0.0000000000000000        0.0000000000000000     
 Var           1.6222795780115467     
 Var before   0.82693527597471461     
 iev, nphot and rad. pattern    0.0000000000000000                0               0           0           0           0
 partons...            1          -1
 x1 & x2   0.99621286354723315       0.86447512125785853     
 sv & ME    0.0000000000000000        0.0000000000000000     
 plepton   =    0.0000000000000000        0.0000000000000000        0.0000000000000000        0.0000000000000000     
 pneutrino =    0.0000000000000000        0.0000000000000000        0.0000000000000000        0.0000000000000000     
 pleptonlab   =    46.687670427506667       -46.279269169305408       -2.3351486700415176        5.7012044429044373     
 pneutrinolab =    46.346728812747905        46.279269169305408        2.3351486700415176       0.88568267156429270     
 sqrt(s) =    0.0000000000000000     
 sqrt_fs_cm =    0.0000000000000000     
 phind channel           0
 bbb pw(0) qmod c1q   0.0000000000000000        0.0000000000000000        0.0000000000000000        0.0000000000000000     
 reduced to Born momenta
   0.0000000000000000        0.0000000000000000        0.0000000000000000        0.0000000000000000     
   0.0000000000000000        0.0000000000000000        0.0000000000000000        0.0000000000000000     
   0.0000000000000000        0.0000000000000000        0.0000000000000000        0.0000000000000000     
   0.0000000000000000        0.0000000000000000        0.0000000000000000        0.0000000000000000     
 isvec for ranlux 
     7058823     7857053    15588928     5631427     5430567      119594     5760078    15564257     2051219     1131936    12760098    11749028     1485763    14415302     3559535     4657876    13605527     6572960    10909736     8469602     7459662     2020878     3242021     3035332    -4232010
  
 ====== DUMPING at point            1
 propag    0.0000000000000000        0.0000000000000000        0.0000000000000000        0.0000000000000000     
 test props.    0.0000000000000000        0.0000000000000000     
 Var           1.1540458522787176     
 Var before    1.0277996249219501     
 iev, nphot and rad. pattern    0.0000000000000000                0               0           0           0           0
 partons...            1          -1
 x1 & x2   0.99971741196271668       0.98384833790428272     
 sv & ME    0.0000000000000000        0.0000000000000000     
 plepton   =    0.0000000000000000        0.0000000000000000        0.0000000000000000        0.0000000000000000     
 pneutrino =    0.0000000000000000        0.0000000000000000        0.0000000000000000        0.0000000000000000     
 pleptonlab   =    49.928227343736324        3.3095453316082983E-002  -25.741527774155038        42.780712646468686     
 pneutrinolab =    49.250060149613631       -3.3095453316082983E-002   25.741527774155038       -41.987258943546991     
 sqrt(s) =    0.0000000000000000     
 sqrt_fs_cm =    0.0000000000000000     
 phind channel           0
 bbb pw(0) qmod c1q   0.0000000000000000        0.0000000000000000        0.0000000000000000        0.0000000000000000     
 reduced to Born momenta
   0.0000000000000000        0.0000000000000000        0.0000000000000000        0.0000000000000000     
   0.0000000000000000        0.0000000000000000        0.0000000000000000        0.0000000000000000     
   0.0000000000000000        0.0000000000000000        0.0000000000000000        0.0000000000000000     
   0.0000000000000000        0.0000000000000000        0.0000000000000000        0.0000000000000000     
 isvec for ranlux 
    12675073     6236269     4537278     4433730     4224941    13787964    13876073    15802303    15288718      805940    14528922    13666908     8167124    16627472     6461287     3513350     4350067    10105469     7717376     9798308     6136882    12448084    16391049     2870502     4070519
  
 ====== DUMPING at point            1
 propag    0.0000000000000000        0.0000000000000000        0.0000000000000000        0.0000000000000000     
 test props.    0.0000000000000000        0.0000000000000000     
 Var           1.1856250955179479     
 Var before   0.63991847396262946     
 iev, nphot and rad. pattern    0.0000000000000000                0               0           0           0           0
 partons...            1          -1
 x1 & x2   0.81277161389447439       0.99865599235507230     
 sv & ME    0.0000000000000000        0.0000000000000000     
 plepton   =    0.0000000000000000        0.0000000000000000        0.0000000000000000        0.0000000000000000     
 pneutrino =    0.0000000000000000        0.0000000000000000        0.0000000000000000        0.0000000000000000     
 pleptonlab   =    41.576904417788249       -11.680266293716492        24.500681191707006        31.494695072736260     
 pneutrinolab =    48.994475894689089        11.680266293716492       -24.500681191707006       -40.788913995766151     
 sqrt(s) =    0.0000000000000000     
 sqrt_fs_cm =    0.0000000000000000     
 phind channel           0
 bbb pw(0) qmod c1q   0.0000000000000000        0.0000000000000000        0.0000000000000000        0.0000000000000000     
 reduced to Born momenta
   0.0000000000000000        0.0000000000000000        0.0000000000000000        0.0000000000000000     
   0.0000000000000000        0.0000000000000000        0.0000000000000000        0.0000000000000000     
   0.0000000000000000        0.0000000000000000        0.0000000000000000        0.0000000000000000     
   0.0000000000000000        0.0000000000000000        0.0000000000000000        0.0000000000000000     
 isvec for ranlux 
     6054166    11901056     8286578      459563     4270444     9281492    14149229    11372875      802184    11570635     1128323     1120310    14698113      559760     6879035    12936629     1804287      454090     5313061     7042994    13156447     4579506     5466962    14293564    -4181909
  
 ====== DUMPING at point            1
 propag    0.0000000000000000        0.0000000000000000        0.0000000000000000        0.0000000000000000     
 test props.    0.0000000000000000        0.0000000000000000     
 Var           1.0513776759486075     
 Var before   0.69001742607394856     
 iev, nphot and rad. pattern    0.0000000000000000                0               0           0           0           0
 partons...            1          -1
 x1 & x2   0.92736320907749403       0.99971805004600234     
 sv & ME    0.0000000000000000        0.0000000000000000     
 plepton   =    0.0000000000000000        0.0000000000000000        0.0000000000000000        0.0000000000000000     
 pneutrino =    0.0000000000000000        0.0000000000000000        0.0000000000000000        0.0000000000000000     
 pleptonlab   =    46.705079328983963        6.4341376951889551       -27.232116920357658        37.394744972930830     
 pneutrinolab =    49.648983627190844       -6.4341376951889551        27.232116920357658       -41.012487021356243     
 sqrt(s) =    0.0000000000000000     
 sqrt_fs_cm =    0.0000000000000000     
 phind channel           0
 bbb pw(0) qmod c1q   0.0000000000000000        0.0000000000000000        0.0000000000000000        0.0000000000000000     
 reduced to Born momenta
   0.0000000000000000        0.0000000000000000        0.0000000000000000        0.0000000000000000     
   0.0000000000000000        0.0000000000000000        0.0000000000000000        0.0000000000000000     
   0.0000000000000000        0.0000000000000000        0.0000000000000000        0.0000000000000000     
   0.0000000000000000        0.0000000000000000        0.0000000000000000        0.0000000000000000     
 isvec for ranlux 
    14536217      580635     1332241     2918073     5729988     1344436    10326336    13383668    15878276     1586995     4785312     3448040    13596138    10024554    13825068    11850769     1372684    11950247     5824408    11354060    12554399     1885602     8494298    16014373    -4100519
  
 ====== DUMPING at point            1
 propag    0.0000000000000000        0.0000000000000000        0.0000000000000000        0.0000000000000000     
 test props.    0.0000000000000000        0.0000000000000000     
 Var           1.0916928772393404     
 Var before   0.96032268194500670     
 iev, nphot and rad. pattern    0.0000000000000000                0               0           0           0           0
 partons...            1          -1
 x1 & x2   0.99909303447827436       0.84200865374607303     
 sv & ME    0.0000000000000000        0.0000000000000000     
 plepton   =    0.0000000000000000        0.0000000000000000        0.0000000000000000        0.0000000000000000     
 pneutrino =    0.0000000000000000        0.0000000000000000        0.0000000000000000        0.0000000000000000     
 pleptonlab   =    43.597247127805282       -7.6793053383733341       -35.194987801969845       -24.557074267320242     
 pneutrinolab =    48.457837283412097        7.6793053383733341        35.194987801969845        32.411293303930314     
 sqrt(s) =    0.0000000000000000     
 sqrt_fs_cm =    0.0000000000000000     
 phind channel           0
 bbb pw(0) qmod c1q   0.0000000000000000        0.0000000000000000        0.0000000000000000        0.0000000000000000     
 reduced to Born momenta
   0.0000000000000000        0.0000000000000000        0.0000000000000000        0.0000000000000000     
   0.0000000000000000        0.0000000000000000        0.0000000000000000        0.0000000000000000     
   0.0000000000000000        0.0000000000000000        0.0000000000000000        0.0000000000000000     
   0.0000000000000000        0.0000000000000000        0.0000000000000000        0.0000000000000000     
 isvec for ranlux 
     9462024    12288811     1618072    14745801     8880533    16099918     7061999    11690369    13313972     4193234     2122666    10795150     4815370     8854636    13318122    15408847     9096426    11768816     5591451     2762046    15139582    15268978     3933648     1132564    -4002212
  
 ====== DUMPING at point            1
 propag    0.0000000000000000        0.0000000000000000        0.0000000000000000        0.0000000000000000     
 test props.    0.0000000000000000        0.0000000000000000     
 Var           1.0741240146128315     
 Var before   0.75082865841189494     
 iev, nphot and rad. pattern    0.0000000000000000                0               0           0           0           0
 partons...            1          -1
 x1 & x2   0.99980719111363414       0.90694421655089752     
 sv & ME    0.0000000000000000        0.0000000000000000     
 plepton   =    0.0000000000000000        0.0000000000000000        0.0000000000000000        0.0000000000000000     
 pneutrino =    0.0000000000000000        0.0000000000000000        0.0000000000000000        0.0000000000000000     
 pleptonlab   =    48.561505612587915       -14.644217996579858        41.439838236861831        20.651763843345439     
 pneutrinolab =    46.776064770638655        14.644217996579858       -41.439838236861831       -16.008615115208610     
 sqrt(s) =    0.0000000000000000     
 sqrt_fs_cm =    0.0000000000000000     
 phind channel           0
 bbb pw(0) qmod c1q   0.0000000000000000        0.0000000000000000        0.0000000000000000        0.0000000000000000     
 reduced to Born momenta
   0.0000000000000000        0.0000000000000000        0.0000000000000000        0.0000000000000000     
   0.0000000000000000        0.0000000000000000        0.0000000000000000        0.0000000000000000     
   0.0000000000000000        0.0000000000000000        0.0000000000000000        0.0000000000000000     
   0.0000000000000000        0.0000000000000000        0.0000000000000000        0.0000000000000000     
 isvec for ranlux 
     3223770    12993525     8417369    10799717    16092669    11276249    12113899     8395722    11585956     7627894     6497444     5787463     6531013     1558978    13292902     7540980    15620016    10815662     9005290    16071202     7650859     4880439     1368104     6552915     4020620
  
 ====== DUMPING at point            1
 propag    0.0000000000000000        0.0000000000000000        0.0000000000000000        0.0000000000000000     
 test props.    0.0000000000000000        0.0000000000000000     
 Var          0.48460229241884928     
 Var before   0.42544608203556561     
 iev, nphot and rad. pattern    0.0000000000000000                1               0           0           0           0
 partons...            1          -1
 x1 & x2   0.99976209232994540       0.85250428962772096     
 sv & ME    0.0000000000000000        0.0000000000000000     
 plepton   =    0.0000000000000000        0.0000000000000000        0.0000000000000000        0.0000000000000000     
 pneutrino =    0.0000000000000000        0.0000000000000000        0.0000000000000000        0.0000000000000000     
 pleptonlab   =    49.163279912317002       -2.6480049689252021        28.996520494127996        39.613214928398911     
 pneutrinolab =    43.142116546380500        2.6265844891667283       -28.790600217783933       -32.022389814487880     
 sqrt(s) =    0.0000000000000000     
 sqrt_fs_cm =    0.0000000000000000     
 phind channel           0
 bbb pw(0) qmod c1q   0.0000000000000000        0.0000000000000000        0.0000000000000000        0.0000000000000000     
 reduced to Born momenta
   0.0000000000000000        0.0000000000000000        0.0000000000000000        0.0000000000000000     
   0.0000000000000000        0.0000000000000000        0.0000000000000000        0.0000000000000000     
   0.0000000000000000        0.0000000000000000        0.0000000000000000        0.0000000000000000     
   0.0000000000000000        0.0000000000000000        0.0000000000000000        0.0000000000000000     
 >> Photon n.           1
 cm momentum     0.0000000000000000        0.0000000000000000        0.0000000000000000        0.0000000000000000     
 lab momentum   0.30792263918583385        2.1420479758473852E-002 -0.20592027634406287      -0.22793497879981206     
 c_ph_up                         NaN
 c_ph_up lab  -0.74023455827244788     
 c_ph_lep                       NaN
 c_ph_lep lab  -0.99461493246266275     
 isvec for ranlux 
       64727    13759902    16284096     2432295     3372969     6698670      531876    15483674    10754842     1142913      809554     7301269    12473917     9456497    14722686     7304402    12839699    13743152     2142341    16634002    15722605     7286772     7225094     8011590     4020216
  
 ====== DUMPING at point            1
 propag    0.0000000000000000        0.0000000000000000        0.0000000000000000        0.0000000000000000     
 test props.    0.0000000000000000        0.0000000000000000     
 Var          0.42596435306922342     
 Var before   0.38710925660528511     
 iev, nphot and rad. pattern    0.0000000000000000                1               0           0           0           0
 partons...            1          -1
 x1 & x2   0.99982673934932254       0.83923683317825315     
 sv & ME    0.0000000000000000        0.0000000000000000     
 plepton   =    0.0000000000000000        0.0000000000000000        0.0000000000000000        0.0000000000000000     
 pneutrino =    0.0000000000000000        0.0000000000000000        0.0000000000000000        0.0000000000000000     
 pleptonlab   =    48.958000595870644        26.747617790866173        15.013883508142602        38.157868168589630     
 pneutrinolab =    42.628927890649138       -26.524028812319681       -14.884681926246047       -29.868653617671047     
 sqrt(s) =    0.0000000000000000     
 sqrt_fs_cm =    0.0000000000000000     
 phind channel           0
 bbb pw(0) qmod c1q   0.0000000000000000        0.0000000000000000        0.0000000000000000        0.0000000000000000     
 reduced to Born momenta
   0.0000000000000000        0.0000000000000000        0.0000000000000000        0.0000000000000000     
   0.0000000000000000        0.0000000000000000        0.0000000000000000        0.0000000000000000     
   0.0000000000000000        0.0000000000000000        0.0000000000000000        0.0000000000000000     
   0.0000000000000000        0.0000000000000000        0.0000000000000000        0.0000000000000000     
 >> Photon n.           1
 cm momentum     0.0000000000000000        0.0000000000000000        0.0000000000000000        0.0000000000000000     
 lab momentum   0.36625013985900784      -0.22358897854649007      -0.12920158189655412      -0.25971924236511240     
 c_ph_up                         NaN
 c_ph_up lab  -0.70913076638030581     
 c_ph_lep                       NaN
 c_ph_lep lab  -0.99441129376789117     
 isvec for ranlux 
     3204598    15773322     5166502    13704935    15752809    15961557     8123803     7868835     8871615    12150566     4503970    13057256     5159488     5000417     7497209     1464434    12919545    13277314     4131804     4416006     1967206    10361558    10910658    10739168    -4001808
  
