 ====== DUMPING at point            1
 propag    0.0000000000000000        0.0000000000000000        0.0000000000000000        0.0000000000000000     
 test props.    0.0000000000000000        0.0000000000000000     
 Var           3.7291317681248293     
 Var before    0.0000000000000000     
 iev, nphot and rad. pattern    0.0000000000000000                0               0           0           0           0
 partons...            1          -1
 x1 & x2   0.96609658525613751       0.83762917192952047     
 sv & ME    1.0000000000000000        28075.673076204534     
 plepton   =    44.978624998771238        3.9804649912037986       -5.0710821474184478        44.514105263349457     
 pneutrino =    44.978624998771252       -3.9804649912037986        5.0710821474184478       -44.514105263349457     
 pleptonlab   =    48.271660369332231        3.9804649912037986       -5.0710821474184478        47.839126825524595     
 pneutrinolab =    41.914627489950675       -3.9804649912037986        5.0710821474184478       -41.415756159193741     
 sqrt(s) =    89.957249997542490     
 sqrt_fs_cm =    89.957249997542490     
 phind channel           0
 bbb pw(0) qmod c1q   0.0000000000000000        0.0000000000000000        0.0000000000000000        0.0000000000000000     
 reduced to Born momenta
   45.444035983348869        0.0000000000000000        0.0000000000000000        45.443982317027491     
   45.444035983348869        0.0000000000000000        0.0000000000000000       -45.443982317027491     
   45.444035983348876       -34.152092317165511        8.0006185590294869        28.892454651641430     
   45.444035983348861        34.152092317165511       -8.0006185590294869       -28.892454651641430     
 isvec for ranlux 
     9644655    14614328     8305202     1457455     1056974    16450356    10467055     4514011      135838    16753179    11474510      425858    13826447     7299317     7668616    13721940      957152    13197359    14184585     9294164    15939178     5902395     5267822    14659295     4102414
  
 ====== DUMPING at point            1
 propag    0.0000000000000000        0.0000000000000000        0.0000000000000000        0.0000000000000000     
 test props.    0.0000000000000000        0.0000000000000000     
 Var           2.4872479115541384     
 Var before    2.2115878281130912     
 iev, nphot and rad. pattern    0.0000000000000000                0               0           0           0           0
 partons...            1          -1
 x1 & x2   0.99427728318130171       0.99976866665782238     
 sv & ME    1.0000000000000000        449.38566928245956     
 plepton   =    49.850959712284677        42.946285615871474        24.649366648503285        5.7560660326308799     
 pneutrino =    49.850959712284663       -42.946285615871474       -24.649366648503285       -5.7560660326308799     
 pleptonlab   =    49.835297112386790        42.946285615871474        24.649366648503285        5.6188032725879555     
 pneutrinolab =    49.867000379569383       -42.946285615871474       -24.649366648503285       -5.8933724464139932     
 sqrt(s) =    99.701919424569340     
 sqrt_fs_cm =    99.701919424569340     
 phind channel           0
 bbb pw(0) qmod c1q   0.0000000000000000        0.0000000000000000        0.0000000000000000        0.0000000000000000     
 reduced to Born momenta
   49.850959712284670        0.0000000000000000        0.0000000000000000        49.850910790177437     
   49.850959712284670        0.0000000000000000        0.0000000000000000       -49.850910790177437     
   49.850959712284677        42.946285615871474        24.649366648503285        5.7560660326308799     
   49.850959712284663       -42.946285615871474       -24.649366648503285       -5.7560660326308799     
 isvec for ranlux 
    13828964    12538209    14722825      978898    10903123    16188213     3834576      755982    12350293    13898296    16631971     2580472     9212313    13500588    11285027    12295266    14794390     9041223     4836823     6203403     5099258      436050     2993088    13331992     4071707
  
 ====== DUMPING at point            1
 propag    0.0000000000000000        0.0000000000000000        0.0000000000000000        0.0000000000000000     
 test props.    0.0000000000000000        0.0000000000000000     
 Var           2.3368937352880934     
 Var before    1.7004436708981645     
 iev, nphot and rad. pattern    0.0000000000000000                0               0           0           0           0
 partons...            1          -1
 x1 & x2   0.82213436402924378       0.99233170085179578     
 sv & ME    1.0000000000000000        11886.047658690437     
 plepton   =    45.161653861042566       -23.093031987105007        38.191218630201710       -6.9069898621492287     
 pneutrino =    45.161653861042581        23.093031987105007       -38.191218630201710        6.9069898621492287     
 pleptonlab   =    46.012397985088313       -23.093031987105007        38.191218630201710       -11.192510792014954     
 pneutrinolab =    44.710905258963635        23.093031987105007       -38.191218630201710        2.6826439508873516     
 sqrt(s) =    90.323307722085147     
 sqrt_fs_cm =    90.323307722085147     
 phind channel           0
 bbb pw(0) qmod c1q   0.0000000000000000        0.0000000000000000        0.0000000000000000        0.0000000000000000     
 reduced to Born momenta
   45.161653861042574        0.0000000000000000        0.0000000000000000        45.161599859161562     
   45.161653861042574        0.0000000000000000        0.0000000000000000       -45.161599859161562     
   45.161653861042566       -23.093031987105007        38.191218630201710       -6.9069898621492287     
   45.161653861042581        23.093031987105007       -38.191218630201710        6.9069898621492287     
 isvec for ranlux 
    15326067    15249886     2032167    12287672     2672740     1104457     9630857    11203193     9414693    13903049     1041894    12159642    14667289     9413416    16351989    16702048    13674632     3503371    11931980     1731313     7232330     5707229     4337415    14161190    -4121101
  
 ====== DUMPING at point            1
 propag    0.0000000000000000        0.0000000000000000        0.0000000000000000        0.0000000000000000     
 test props.    0.0000000000000000        0.0000000000000000     
 Var           9.5512459083578918     
 Var before    2.0020884396954739     
 iev, nphot and rad. pattern    0.0000000000000000                0               0           0           0           0
 partons...            1          -1
 x1 & x2   0.99889590160460051       0.77015620096775039     
 sv & ME    1.0000000000000000        2487.4463720474569     
 plepton   =    43.855041692548156        39.911020975497117        4.2268082442333315        17.677613383134609     
 pneutrino =    43.855041692548170       -39.911020975497117       -4.2268082442333315       -17.677613383134609     
 pleptonlab   =    46.531380747554053        39.911020975497117        4.2268082442333315        23.545758160277742     
 pneutrinolab =    41.921224381063510       -39.911020975497117       -4.2268082442333315       -12.108773128435237     
 sqrt(s) =    87.710083385096326     
 sqrt_fs_cm =    87.710083385096326     
 phind channel           0
 bbb pw(0) qmod c1q   0.0000000000000000        0.0000000000000000        0.0000000000000000        0.0000000000000000     
 reduced to Born momenta
   43.855041692548163        0.0000000000000000        0.0000000000000000        43.854986081739185     
   43.855041692548163        0.0000000000000000        0.0000000000000000       -43.854986081739185     
   43.855041692548156        39.911020975497117        4.2268082442333315        17.677613383134609     
   43.855041692548170       -39.911020975497117       -4.2268082442333315       -17.677613383134609     
 isvec for ranlux 
     4925990     5576093    15184408    11784099    11845403    13164298      418628     8394559    12727338     1012832     9828754     3599171     1962348     6110377     3755204    14196229     8714040    12307127     8788506     3545955     7555912     3534851     9276842     7912478    -4100317
  
 ====== DUMPING at point            1
 propag    0.0000000000000000        0.0000000000000000        0.0000000000000000        0.0000000000000000     
 test props.    0.0000000000000000        0.0000000000000000     
 Var           6.5957867141510773     
 Var before    2.5965735579676372     
 iev, nphot and rad. pattern    0.0000000000000000                0               0           0           0           0
 partons...            1          -1
 x1 & x2   0.82362826194590766       0.99938136492730856     
 sv & ME    1.0000000000000000        28615.671149240028     
 plepton   =    45.362945688529983       -11.968048286632767       -29.148007282605054        32.633497659783302     
 pneutrino =    45.362945688529969        11.968048286632767        29.148007282605054       -32.633497659783302     
 pleptonlab   =    42.414379760028226       -11.968048286632767       -29.148007282605054        28.392392262689903     
 pneutrinolab =    48.736101583632589        11.968048286632767        29.148007282605054       -37.180047411759951     
 sqrt(s) =    90.725891377059952     
 sqrt_fs_cm =    90.725891377059952     
 phind channel           0
 bbb pw(0) qmod c1q   0.0000000000000000        0.0000000000000000        0.0000000000000000        0.0000000000000000     
 reduced to Born momenta
   45.362945688529976        0.0000000000000000        0.0000000000000000        45.362891926275161     
   45.362945688529976        0.0000000000000000        0.0000000000000000       -45.362891926275161     
   45.362945688529983       -11.968048286632767       -29.148007282605054        32.633497659783302     
   45.362945688529969        11.968048286632767        29.148007282605054       -32.633497659783302     
 isvec for ranlux 
     6421334     2423437     5715606     3926529     7706024    16732713    16568292    10697716    10804217    12296899    13403552     1093186    11046168     8745017     6064867     7111243    12495416     9149192     9988395     7047572    10817188      356677    10759454     5582999    -4161404
  
 ====== DUMPING at point            1
 propag    0.0000000000000000        0.0000000000000000        0.0000000000000000        0.0000000000000000     
 test props.    0.0000000000000000        0.0000000000000000     
 Var           2.0992005325903693     
 Var before    1.8207018766665510     
 iev, nphot and rad. pattern    0.0000000000000000                0               0           0           0           0
 partons...            1          -1
 x1 & x2   0.84657573784357598       0.99911313004849911     
 sv & ME    1.0000000000000000        24436.656399057138     
 plepton   =    45.984370585559084        26.835517802847516        3.7123488179614785        37.156757460324734     
 pneutrino =    45.984370585559084       -26.835517802847516       -3.7123488179614785       -37.156757460324734     
 pleptonlab   =    43.060851433005659        26.835517802847516        3.7123488179614785        33.470871111322332     
 pneutrinolab =    49.223591961598075       -26.835517802847516       -3.7123488179614785       -41.097740721568492     
 sqrt(s) =    91.968741171118168     
 sqrt_fs_cm =    91.968741171118168     
 phind channel           0
 bbb pw(0) qmod c1q   0.0000000000000000        0.0000000000000000        0.0000000000000000        0.0000000000000000     
 reduced to Born momenta
   45.984370585559077        0.0000000000000000        0.0000000000000000        45.984317549838998     
   45.984370585559091        0.0000000000000000        0.0000000000000000       -45.984317549839012     
   45.984370585559084        26.835517802847516        3.7123488179614785        37.156757460324734     
   45.984370585559084       -26.835517802847516       -3.7123488179614785       -37.156757460324734     
 isvec for ranlux 
    10671788    15112082    16580349    15196529    12173453     4126535    14349879    14774021     1833402    14749546    12999650    11317858    16659325    10501234     7001243    11690730    15931723    11335180     5068908     1086744     3192185    13920432    14783369     9387395    -4011707
  
 ====== DUMPING at point            1
 propag    0.0000000000000000        0.0000000000000000        0.0000000000000000        0.0000000000000000     
 test props.    0.0000000000000000        0.0000000000000000     
 Var          0.82836328096506473     
 Var before   0.72391260167191629     
 iev, nphot and rad. pattern    0.0000000000000000                0               0           0           0           0
 partons...            1          -1
 x1 & x2   0.99951041653998973       0.82609186316839633     
 sv & ME    1.0000000000000000        18537.259039343040     
 plepton   =    45.433672046614838        42.807513885806003       -12.810575941421369        8.2227301374595054     
 pneutrino =    45.433672046614824       -42.807513885806003        12.810575941421369       -8.2227301374595054     
 pleptonlab   =    46.424702994765234        42.807513885806003       -12.810575941421369        12.595546174195810     
 pneutrinolab =    44.855410990654057       -42.807513885806003        12.810575941421369       -3.9246185056161460     
 sqrt(s) =    90.867344093229661     
 sqrt_fs_cm =    90.867344093229661     
 phind channel           0
 bbb pw(0) qmod c1q   0.0000000000000000        0.0000000000000000        0.0000000000000000        0.0000000000000000     
 reduced to Born momenta
   45.433672046614824        0.0000000000000000        0.0000000000000000        45.433618368051526     
   45.433672046614838        0.0000000000000000        0.0000000000000000       -45.433618368051540     
   45.433672046614838        42.807513885806003       -12.810575941421369        8.2227301374595054     
   45.433672046614824       -42.807513885806003        12.810575941421369       -8.2227301374595054     
 isvec for ranlux 
    16299211     3254293    16131975     5266621    16545363    14473301     5355798     5599353    11050532    14547556    11682091     8225026    12673044    12120042     6959192    14507471     7976243    13182463     2472364    15582834    14772810    14376851    13178594     7905684     4032111
  
 ====== DUMPING at point            1
 propag    0.0000000000000000        0.0000000000000000        0.0000000000000000        0.0000000000000000     
 test props.    0.0000000000000000        0.0000000000000000     
 Var          0.76848172038354123     
 Var before   0.57985557935412801     
 iev, nphot and rad. pattern    0.0000000000000000                0               0           0           0           0
 partons...            1          -1
 x1 & x2   0.99986858536177514       0.86022305675576138     
 sv & ME    1.0000000000000000        7633.6455352856337     
 plepton   =    46.371058076508383       -26.225561355055504       -18.555564446024068       -33.439121147917632     
 pneutrino =    46.371058076508369        26.225561355055504        18.555564446024068        33.439121147917632     
 pleptonlab   =    43.984759675329464       -26.225561355055504       -18.555564446024068       -30.042617723938228     
 pneutrinolab =    49.019822430547364        26.225561355055504        18.555564446024068        37.024894154238915     
 sqrt(s) =    92.742116153016752     
 sqrt_fs_cm =    92.742116153016752     
 phind channel           0
 bbb pw(0) qmod c1q   0.0000000000000000        0.0000000000000000        0.0000000000000000        0.0000000000000000     
 reduced to Born momenta
   46.371058076508376        0.0000000000000000        0.0000000000000000        46.371005483052798     
   46.371058076508376        0.0000000000000000        0.0000000000000000       -46.371005483052798     
   46.371058076508383       -26.225561355055504       -18.555564446024068       -33.439121147917632     
   46.371058076508369        26.225561355055504        18.555564446024068        33.439121147917632     
 isvec for ranlux 
     1948374     8671651     4823179    12041177      945790    14706172    15752365     3472617     5950536     1314392     5216746    14238364     5005588     6648891    15103801      817999     4819676    14947327    12782556      118696     8196223    16643681    15944295     5417153    -4030721
  
 ====== DUMPING at point            1
 propag    0.0000000000000000        0.0000000000000000        0.0000000000000000        0.0000000000000000     
 test props.    0.0000000000000000        0.0000000000000000     
 Var          0.72604897747349462     
 Var before   0.63186832298763196     
 iev, nphot and rad. pattern    0.0000000000000000                0               0           0           0           0
 partons...            1          -1
 x1 & x2   0.81801964065155386       0.99981988572884550     
 sv & ME    1.0000000000000000        15274.768381183225     
 plepton   =    45.218146347461754       -30.539374329981399       -18.048165685854936       -28.040683413893504     
 pneutrino =    45.218146347461769        30.539374329981399        18.048165685854936        28.040683413893504     
 pleptonlab   =    48.264438012367961       -30.539374329981399       -18.048165685854936       -32.726978838069414     
 pneutrinolab =    42.627538306651999        30.539374329981399        18.048165685854936        23.636966584204831     
 sqrt(s) =    90.436292694923523     
 sqrt_fs_cm =    90.436292694923523     
 phind channel           0
 bbb pw(0) qmod c1q   0.0000000000000000        0.0000000000000000        0.0000000000000000        0.0000000000000000     
 reduced to Born momenta
   45.218146347461762        0.0000000000000000        0.0000000000000000        45.218092413047117     
   45.218146347461762        0.0000000000000000        0.0000000000000000       -45.218092413047117     
   45.218146347461754       -30.539374329981399       -18.048165685854936       -28.040683413893504     
   45.218146347461769        30.539374329981399        18.048165685854936        28.040683413893504     
 isvec for ranlux 
    12039140    13414567       24956      680525     5161984    15245004     2427930     4072528    10460989    10949186    15097278     6403010    13177578     2354914     6551446    11760129     9565449    15230204    12264909     7341336     7576794     6409704     4349288     8230537    -4080317
  
 ====== DUMPING at point            1
 propag    0.0000000000000000        0.0000000000000000        0.0000000000000000        0.0000000000000000     
 test props.    0.0000000000000000        0.0000000000000000     
 Var          0.55265327140075038     
 Var before   0.49420035766502596     
 iev, nphot and rad. pattern    0.0000000000000000                0               0           0           0           0
 partons...            1          -1
 x1 & x2   0.99988250223288089       0.82470409222319674     
 sv & ME    1.0000000000000000        28110.186913546800     
 plepton   =    45.403942321505163       -31.159931713295901        13.308771057528812        30.223204383455425     
 pneutrino =    45.403942321505149        31.159931713295901       -13.308771057528812       -30.223204383455425     
 pleptonlab   =    48.529859345947727       -31.159931713295901        13.308771057528812        34.742932418076357     
 pneutrinolab =    42.699470376856176        31.159931713295901       -13.308771057528812       -25.984011917592149     
 sqrt(s) =    90.807884643010311     
 sqrt_fs_cm =    90.807884643010311     
 phind channel           0
 bbb pw(0) qmod c1q   0.0000000000000000        0.0000000000000000        0.0000000000000000        0.0000000000000000     
 reduced to Born momenta
   45.403942321505156        0.0000000000000000        0.0000000000000000        45.403888607794016     
   45.403942321505156        0.0000000000000000        0.0000000000000000       -45.403888607794016     
   45.403942321505163       -31.159931713295901        13.308771057528812        30.223204383455425     
   45.403942321505149        31.159931713295901       -13.308771057528812       -30.223204383455425     
 isvec for ranlux 
     1557697     2758898    12299107    12897799     9719336    12650748     3944842    11864134     1592213     5193147     1439382    14514151    13647109    11293445     6602871     1680709     7646021     3836307     1590689    12608638     8765967     5583163     6364299      289554    -4082414
  
