 ====== DUMPING at point            1
 propag    0.0000000000000000        0.0000000000000000        0.0000000000000000        0.0000000000000000     
 test props.    0.0000000000000000        0.0000000000000000     
 Var           2.5145484139710765     
 Var before    0.0000000000000000     
 iev, nphot and rad. pattern    0.0000000000000000                1               0           0           0           1
 partons...            1          -1
 x1 & x2   0.90440395777468574       0.93979314951248638     
 sv & ME    1.0000000000000000        726.22970136674235     
 plepton   =    45.826392301163231        37.482780017940485       -17.775982122900704       -19.470560581083465     
 pneutrino =    40.707046427862423       -32.487416873587684        17.860024908122419        16.811892229956047     
 pleptonlab   =    46.208530933848088        37.482780017940485       -17.775982122900704       -20.353693253705195     
 pneutrinolab =    40.391872444984656       -32.487416873587684        17.860024908122419        16.033697361601291     
 sqrt(s) =    92.192876292511329     
 sqrt_fs_cm =    86.348171866780376     
 phind channel           0
 bbb pw(0) qmod c1q   0.0000000000000000        0.0000000000000000        0.0000000000000000        0.0000000000000000     
 reduced to Born momenta
   46.096438146255664        0.0000000000000000        0.0000000000000000        46.096385239473761     
   46.096438146255664        0.0000000000000000        0.0000000000000000       -46.096385239473761     
   46.096438146255657        37.274203842544104       -19.025397768817154       -19.327141892242214     
   46.096438146255672       -37.274203842544104        19.025397768817154        19.327141892242214     
 >> Photon n.           1
 cm momentum     5.6594375634856764       -4.9953631443527993       -8.4042785221716029E-002   2.6586683511274170     
 lab momentum    5.6094519855258733       -4.9953631443527993       -8.4042785221716029E-002   2.5505363052138748     
 c_ph_up    0.46977607249896569     
 c_ph_up lab   0.45468546870443849     
 c_ph_lep -0.91579363231364197     
 c_ph_lep lab  -0.91688059828096202     
 isvec for ranlux 
     9644655    14614328     8305202     1457455     6611641    14048799     7267313     8683348    14048746     9318201     4464668     5476536     8218591     7359978     7668616    13721940      957152    13197359    14184585     9294164    15939178     5902395     5267822    14659295     4201404
  
 ====== DUMPING at point            1
 propag    0.0000000000000000        0.0000000000000000        0.0000000000000000        0.0000000000000000     
 test props.    0.0000000000000000        0.0000000000000000     
 Var           1.7744939069744967     
 Var before    1.2960553180668555     
 iev, nphot and rad. pattern    0.0000000000000000                0               0           0           1           0
 partons...            1          -1
 x1 & x2   0.95124566069796834       0.79894783940521052     
 sv & ME   0.71038255783966398        1215.8184461843261     
 plepton   =    43.588865130851474        31.767817280187685        29.814061934045462        1.3803970260767706     
 pneutrino =    43.588865130851474       -31.767817280187685       -29.814061934045462       -1.3803970260767706     
 pleptonlab   =    43.875413857893719        31.767817280187685        29.814061934045462        5.1930986660657918     
 pneutrinolab =    43.634261147265228       -31.767817280187685       -29.814061934045462        2.4217923985720962     
 sqrt(s) =    87.177730261702948     
 sqrt_fs_cm =    87.177730261702948     
 phind channel           0
 bbb pw(0) qmod c1q   0.0000000000000000        0.0000000000000000        0.0000000000000000        0.0000000000000000     
 reduced to Born momenta
   43.588865130851474        0.0000000000000000        0.0000000000000000        43.588809180453175     
   43.588865130851474        0.0000000000000000        0.0000000000000000       -43.588809180453175     
   43.588865130851474        31.767817280187685        29.814061934045462        1.3803970260767706     
   43.588865130851474       -31.767817280187685       -29.814061934045462       -1.3803970260767706     
 isvec for ranlux 
     6252439      346129     5312835     8261683     9079631     4152189    11690151     3251140     4683020     2530188    16021290    11618951     3342516     5282467     2561248    15711547    15779543    10985280     8292142     1596633    16558285    12472361     3784938     8334133     4140519
  
 ====== DUMPING at point            1
 propag    0.0000000000000000        0.0000000000000000        0.0000000000000000        0.0000000000000000     
 test props.    0.0000000000000000        0.0000000000000000     
 Var           1.7376230428416377     
 Var before    1.3471527574384849     
 iev, nphot and rad. pattern    0.0000000000000000                0               0           0           1           0
 partons...            1          -1
 x1 & x2   0.91360321413964396       0.92592108622654568     
 sv & ME   0.68554891395657769        16732.664199728126     
 plepton   =    45.987076456767795       -43.848912099462048       -7.5588516445982536        11.616226016126928     
 pneutrino =    45.987076456767781        43.848912099462048        7.5588516445982536       -11.616226016126928     
 pleptonlab   =    45.910320880158167       -43.848912099462048       -7.5588516445982536        11.308539655332359     
 pneutrinolab =    46.065894138151315        43.848912099462048        7.5588516445982536       -11.924433259677441     
 sqrt(s) =    91.974152913535576     
 sqrt_fs_cm =    91.974152913535576     
 phind channel           0
 bbb pw(0) qmod c1q   0.0000000000000000        0.0000000000000000        0.0000000000000000        0.0000000000000000     
 reduced to Born momenta
   45.987076456767788        0.0000000000000000        0.0000000000000000        45.987023424168328     
   45.987076456767788        0.0000000000000000        0.0000000000000000       -45.987023424168328     
   45.987076456767795       -43.848912099462048       -7.5588516445982536        11.616226016126928     
   45.987076456767781        43.848912099462048        7.5588516445982536       -11.616226016126928     
 isvec for ranlux 
     8965487     2126720     7254733    12923904     5337694    14130607     1878020     8597149     6833174     1891112    11634831     6803766      471344     6208649      964748     8738368    12913065     1505022     4123979     3215547    11907780     4934906    11898556     4780317     4221101
  
 ====== DUMPING at point            1
 propag    0.0000000000000000        0.0000000000000000        0.0000000000000000        0.0000000000000000     
 test props.    0.0000000000000000        0.0000000000000000     
 Var           1.8455927335915689     
 Var before    1.6117044367403686     
 iev, nphot and rad. pattern    0.0000000000000000                0               0           0           0           1
 partons...            1          -1
 x1 & x2   0.81174639961820028       0.96417335753796063     
 sv & ME   0.70684868193540074        2337.9522256342052     
 plepton   =    44.234156813180888       -10.277890769038745        42.972791789760585        2.0865263993544203     
 pneutrino =    44.234156813180903        10.277890769038745       -42.972791789760585       -2.0865263993544203     
 pleptonlab   =    44.218244333463488       -10.277890769038745        42.972791789760585       -1.7164193473630447     
 pneutrinolab =    44.577743524344541        10.277890769038745       -42.972791789760585       -5.9049285486249703     
 sqrt(s) =    88.468313626361791     
 sqrt_fs_cm =    88.468313626361791     
 phind channel           0
 bbb pw(0) qmod c1q   0.0000000000000000        0.0000000000000000        0.0000000000000000        0.0000000000000000     
 reduced to Born momenta
   44.234156813180896        0.0000000000000000        0.0000000000000000        44.234101678992850     
   44.234156813180896        0.0000000000000000        0.0000000000000000       -44.234101678992850     
   44.234156813180888       -10.277890769038745        42.972791789760585        2.0865263993544203     
   44.234156813180903        10.277890769038745       -42.972791789760585       -2.0865263993544203     
 isvec for ranlux 
    15326067    13686972    12635121    13902960    13679249    15597591     9630857    11203193     9414693    13903049     1041894    12159642    14667289     9413416    16351989    16702048    13674632     3503371    11931980     1731313     7232330     5707229     4337415    14161190     4071606
  
 ====== DUMPING at point            1
 propag    0.0000000000000000        0.0000000000000000        0.0000000000000000        0.0000000000000000     
 test props.    0.0000000000000000        0.0000000000000000     
 Var           2.3520202701645183     
 Var before    1.5956256046597348     
 iev, nphot and rad. pattern    0.0000000000000000                0               0           1           0           0
 partons...            1          -1
 x1 & x2   0.89288603296057756       0.97997280239436602     
 sv & ME   0.67823230351295827        7523.9279687331600     
 plepton   =    46.770824985752746        28.039789537040093       -24.329567134732592        28.448923914824665     
 pneutrino =    46.770824985752746       -28.039789537040093        24.329567134732592       -28.448923914824665     
 pleptonlab   =    45.497181180642755        28.039789537040093       -24.329567134732592        26.302560663323323     
 pneutrinolab =    48.145760587104405       -28.039789537040093        24.329567134732592       -30.656899135012747     
 sqrt(s) =    93.541649971505493     
 sqrt_fs_cm =    93.541649971505493     
 phind channel           0
 bbb pw(0) qmod c1q   0.0000000000000000        0.0000000000000000        0.0000000000000000        0.0000000000000000     
 reduced to Born momenta
   46.770824985752739        0.0000000000000000        0.0000000000000000        46.770772841832674     
   46.770824985752753        0.0000000000000000        0.0000000000000000       -46.770772841832688     
   46.770824985752746        28.039789537040093       -24.329567134732592        28.448923914824665     
   46.770824985752746       -28.039789537040093        24.329567134732592       -28.448923914824665     
 isvec for ranlux 
     4925990     5576093    15184408    11784099    11845403    13164298      418628     8394559    12727338     1012832     9828754     3599171     1962348     6110377     1170785     8157080     6470367    12307127     8788506     3545955     7555912     3534851     9276842     7912478     4132414
  
 ====== DUMPING at point            1
 propag    0.0000000000000000        0.0000000000000000        0.0000000000000000        0.0000000000000000     
 test props.    0.0000000000000000        0.0000000000000000     
 Var           10.459999611697299     
 Var before    1.5104499791230765     
 iev, nphot and rad. pattern    0.0000000000000000                0               0           0           0           1
 partons...            1          -1
 x1 & x2   0.99824598041790247       0.84645451434066643     
 sv & ME   0.67731447014652402        28461.561751213754     
 plepton   =    45.961119888095581       -4.7603520837015045        27.472025057354646        36.538202815186516     
 pneutrino =    45.961119888095567        4.7603520837015045       -27.472025057354646       -36.538202815186516     
 pleptonlab   =    49.134294481023396       -4.7603520837015045        27.472025057354646        40.457318469514689     
 pneutrinolab =    43.100730256905031        4.7603520837015045       -27.472025057354646       -32.867745165652892     
 sqrt(s) =    91.922239776191148     
 sqrt_fs_cm =    91.922239776191148     
 phind channel           0
 bbb pw(0) qmod c1q   0.0000000000000000        0.0000000000000000        0.0000000000000000        0.0000000000000000     
 reduced to Born momenta
   45.961119888095574        0.0000000000000000        0.0000000000000000        45.961066825545885     
   45.961119888095574        0.0000000000000000        0.0000000000000000       -45.961066825545885     
   45.961119888095581       -4.7603520837015045        27.472025057354646        36.538202815186516     
   45.961119888095567        4.7603520837015045       -27.472025057354646       -36.538202815186516     
 isvec for ranlux 
      128384    11388086    10466586    16512364     6221064    10759867     4294357     4958074     2428245      140484    15658108     6187047     6125357     5290921     3091457    10559473     4129276    15535479    13747368    10865395     4704666    11572707     3324263     2372157     4192111
  
 ====== DUMPING at point            1
 propag    0.0000000000000000        0.0000000000000000        0.0000000000000000        0.0000000000000000     
 test props.    0.0000000000000000        0.0000000000000000     
 Var           5.7830071123304991     
 Var before    3.4746862554894147     
 iev, nphot and rad. pattern    0.0000000000000000                1               1           0           0           0
 partons...            1          -1
 x1 & x2   0.99986724636160007       0.87304714362705549     
 sv & ME    1.0000000000000000        150.63031550531838     
 plepton   =    44.685817333208448       -37.741824993862345        10.895985594183205       -21.298902579931760     
 pneutrino =    45.293042991151999        39.839725010820629       -8.6434163269398283        19.736672591099559     
 pleptonlab   =    43.343089411724797       -37.741824993862345        10.895985594183205       -18.315140734521318     
 pneutrinolab =    46.736733821017943        39.839725010820629       -8.6434163269398283        22.856044929659195     
 sqrt(s) =    93.430789541898022     
 sqrt_fs_cm =    89.912621416283258     
 phind channel           0
 bbb pw(0) qmod c1q   0.0000000000000000        0.0000000000000000        0.0000000000000000        0.0000000000000000     
 reduced to Born momenta
   44.956310708141629        0.0000000000000000        0.0000000000000000        44.956256459600475     
   44.956310708141629        0.0000000000000000        0.0000000000000000       -44.956256459600475     
   44.956310708141629       -38.787234260151322        9.7735027466220057       -20.520424247695679     
   44.956310708141629        38.787234260151322       -9.7735027466220057        20.520424247695679     
 >> Photon n.           1
 cm momentum     3.4519292175375758       -2.0979000169582820       -2.2525692672433766        1.5622299888322000     
 lab momentum    3.5658962666900136       -2.0979000169582820       -2.2525692672433766        1.8001009415893467     
 c_ph_up    0.45256721397856831     
 c_ph_up lab   0.50481023758446619     
 c_ph_lep  0.13848021302386093     
 c_ph_lep lab   0.14017858011802140     
 isvec for ranlux 
     6248706     2443650     5424569     7840856     8854079     5077390    15263352    16554528     1529883     2696089     2519233     5653265    15789071      882553     5947087     9218297     5428618    10255587     4747224    14768239    10404210    13291405    15495887    10569314     4080721
  
 ====== DUMPING at point            1
 propag    0.0000000000000000        0.0000000000000000        0.0000000000000000        0.0000000000000000     
 test props.    0.0000000000000000        0.0000000000000000     
 Var           4.3086092729680594     
 Var before    3.9153747481797168     
 iev, nphot and rad. pattern    0.0000000000000000                0               0           0           1           0
 partons...            1          -1
 x1 & x2   0.96923343156866570       0.99983174600918079     
 sv & ME   0.68856436991475256        1070.1168787217939     
 plepton   =    49.220685544183780        8.7932227460407493       -35.512655087306570        32.927120799372432     
 pneutrino =    49.220685544183766       -8.7932227460407493        35.512655087306570       -32.927120799372432     
 pleptonlab   =    48.714896219611369        8.7932227460407493       -35.512655087306570        32.166139220996811     
 pneutrinolab =    49.738362659280931       -8.7932227460407493        35.512655087306570       -33.696054943022560     
 sqrt(s) =    98.441371088367546     
 sqrt_fs_cm =    98.441371088367546     
 phind channel           0
 bbb pw(0) qmod c1q   0.0000000000000000        0.0000000000000000        0.0000000000000000        0.0000000000000000     
 reduced to Born momenta
   49.220685544183773        0.0000000000000000        0.0000000000000000        49.220635995625059     
   49.220685544183773        0.0000000000000000        0.0000000000000000       -49.220635995625059     
   49.220685544183780        8.7932227460407493       -35.512655087306570        32.927120799372432     
   49.220685544183766       -8.7932227460407493        35.512655087306570       -32.927120799372432     
 isvec for ranlux 
     1761916     1998066      110757    12487400     6792527    15221857    13697809    16362340     1718686    13889623    15879938    13252925    15197909    11147211     8739263    10194051      365704     1375984     3629030     8446094     3487424    14965765     1118188    11110526    -4200216
  
 ====== DUMPING at point            1
 propag    0.0000000000000000        0.0000000000000000        0.0000000000000000        0.0000000000000000     
 test props.    0.0000000000000000        0.0000000000000000     
 Var           2.5848839582259657     
 Var before    2.0991866323462189     
 iev, nphot and rad. pattern    0.0000000000000000                0               0           1           0           0
 partons...            1          -1
 x1 & x2   0.83614353666096708       0.99924122448823738     
 sv & ME   0.76376058562578131        20420.788678632300     
 plepton   =    45.703093205521405        9.1796465199601212       -32.250092502681582       -31.055228033266378     
 pneutrino =    45.703093205521377       -9.1796465199601212        32.250092502681582        31.055228033266378     
 pleptonlab   =    48.655238877367900        9.1796465199601212       -32.250092502681582       -35.256016931288897     
 pneutrinolab =    43.113999180092335       -9.1796465199601212        32.250092502681582        27.101132539925377     
 sqrt(s) =    91.406186411042782     
 sqrt_fs_cm =    91.406186411042782     
 phind channel           0
 bbb pw(0) qmod c1q   0.0000000000000000        0.0000000000000000        0.0000000000000000        0.0000000000000000     
 reduced to Born momenta
   45.703093205521398        0.0000000000000000        0.0000000000000000        45.703039843395281     
   45.703093205521384        0.0000000000000000        0.0000000000000000       -45.703039843395267     
   45.703093205521405        9.1796465199601212       -32.250092502681582       -31.055228033266378     
   45.703093205521377       -9.1796465199601212        32.250092502681582        31.055228033266378     
 isvec for ranlux 
    14902313     9928972     4799160     2701921    12896674      994906     4989402     1593852     3619565    10431950     8726416    10407135     5333250    10378542     9914156    14939389     3289939    14228418    14454888     1597759     1973254     3860146     2875092     2125098     4191303
  
 ====== DUMPING at point            1
 propag    0.0000000000000000        0.0000000000000000        0.0000000000000000        0.0000000000000000     
 test props.    0.0000000000000000        0.0000000000000000     
 Var           1.2911128225584783     
 Var before    1.0995444341235849     
 iev, nphot and rad. pattern    0.0000000000000000                1               0           0           1           0
 partons...            1          -1
 x1 & x2   0.99952723632363416       0.83293159364306302     
 sv & ME    1.0000000000000000        2301846.9359880141     
 plepton   =    45.441586128343765        9.6386888622192419        40.385527969295090        18.467035328574845     
 pneutrino =    45.617662281549634       -9.6308865168736020       -40.562854152922036       -18.516501727106149     
 pleptonlab   =    47.316441058195124        9.6386888622192419        40.385527969295090        22.692272657907147     
 pneutrinolab =    44.116956615280259       -9.6308865168736020       -40.562854152922036       -14.428984204403639     
 sqrt(s) =    91.243510116648352     
 sqrt_fs_cm =    91.059061979564106     
 phind channel           0
 bbb pw(0) qmod c1q   0.0000000000000000        0.0000000000000000        0.0000000000000000        0.0000000000000000     
 reduced to Born momenta
   45.621755058324176        0.0000000000000000        0.0000000000000000        45.621701601059641     
   45.621755058324176        0.0000000000000000        0.0000000000000000       -45.621701601059641     
   45.621755058324183        9.6543076836022568        40.556089640028276        18.529201471477091     
   45.621755058324169       -9.6543076836022568       -40.556089640028276       -18.529201471477091     
 >> Photon n.           1
 cm momentum    0.18426170675495429       -7.8023453456401064E-003  0.17732618362694821        4.9466398531305820E-002
 lab momentum   0.18954382485947044       -7.8023453456401064E-003  0.17732618362694821        6.6493680525045548E-002
 c_ph_up    0.26845729046182187     
 c_ph_up lab   0.35080900458954328     
 c_ph_lep  0.95540293051203296     
 c_ph_lep lab   0.95836357730189303     
 isvec for ranlux 
    16299211     3254293    16131975     5266621    16545363    14473301     5355798     5599353    11050532    14547556    11682091     8225026    12673044    12120042     6959192    14507471     7976243    13182463     2472364    15582834    14772810    14376851    13178594     7905684     4032111
  
 ====== DUMPING at point            1
 propag    0.0000000000000000        0.0000000000000000        0.0000000000000000        0.0000000000000000     
 test props.    0.0000000000000000        0.0000000000000000     
 Var           1.9663296468425315     
 Var before    1.2550309178974666     
 iev, nphot and rad. pattern    0.0000000000000000                1               0           0           0           1
 partons...            1          -1
 x1 & x2   0.99986482206077620       0.82702594582452549     
 sv & ME    1.0000000000000000        184734674108.73608     
 plepton   =    45.467409876354665      -0.68171865674812571       -31.268510944511405        33.001358762314290     
 pneutrino =    45.421809826333067       0.68108145461128156        31.237241642702571       -32.968174150469601     
 pleptonlab   =    48.808536177209874      -0.68171865674812571       -31.268510944511405        37.471022444771236     
 pneutrinolab =    42.493350071535161       0.68108145461128156        31.237241642702571       -28.800078111320492     
 sqrt(s) =    90.934820072482921     
 sqrt_fs_cm =    90.889208263521127     
 phind channel           0
 bbb pw(0) qmod c1q   0.0000000000000000        0.0000000000000000        0.0000000000000000        0.0000000000000000     
 reduced to Born momenta
   45.467410036241453        0.0000000000000000        0.0000000000000000        45.467356397509086     
   45.467410036241468        0.0000000000000000        0.0000000000000000       -45.467356397509100     
   45.467410036241461      -0.68174193113407844       -31.268556387038519        33.001315445329887     
   45.467410036241461       0.68174193113407844        31.268556387038519       -33.001315445329887     
 >> Photon n.           1
 cm momentum     4.5600369795188195E-002   6.3720213684409705E-004   3.1269301808832695E-002  -3.3184611844691597E-002
 lab momentum    4.2652145520044663E-002   6.3720213684409705E-004   3.1269301808832695E-002  -2.9000521638205063E-002
 c_ph_up   -0.72772681436002906     
 c_ph_up lab  -0.67993113323164656     
 c_ph_lep -0.99999569458809168     
 c_ph_lep lab  -0.99186956237869084     
 isvec for ranlux 
    14376841     9367055    11411008     3416353     1394422    12230973     5252183    16075032     6397709     9393473    12531793     9363946    15390017     9736584    16117207    13485524     9250666     8140315     3126542     1982896     8250996    15449780     6880094     7144020    -4021707
  
 ====== DUMPING at point            1
 propag    0.0000000000000000        0.0000000000000000        0.0000000000000000        0.0000000000000000     
 test props.    0.0000000000000000        0.0000000000000000     
 Var          0.67083360010638904     
 Var before   0.56484174298183853     
 iev, nphot and rad. pattern    0.0000000000000000                1               0           0           1           0
 partons...            1          -1
 x1 & x2   0.76673313714818914       0.99988389159802493     
 sv & ME    1.0000000000000000        926624.54589206073     
 plepton   =    41.889230797628620        41.833013476822551       -2.1453094670472441      -0.30516202927421737     
 pneutrino =    43.779038296759218       -43.721151355351751        2.2278660572980784       0.30094433173946311     
 pleptonlab   =    42.299501334967900        41.833013476822551       -2.1453094670472441       -5.8850046927817719     
 pneutrinolab =    44.125287715778022       -43.721151355351751        2.2278660572980784       -5.5251596630221060     
 sqrt(s) =    87.558215661860871     
 sqrt_fs_cm =    85.647419293289531     
 phind channel           0
 bbb pw(0) qmod c1q   0.0000000000000000        0.0000000000000000        0.0000000000000000        0.0000000000000000     
 reduced to Born momenta
   43.779107830930435        0.0000000000000000        0.0000000000000000        43.779052123665657     
   43.779107830930435        0.0000000000000000        0.0000000000000000       -43.779052123665657     
   43.779107830930435        43.720799592778043       -2.2349053857239687      -0.30983812833116836     
   43.779107830930435       -43.720799592778043        2.2349053857239687       0.30983812833116836     
 >> Photon n.           1
 cm momentum     1.8899465674730291        1.8881378785291996       -8.2556590250834436E-002   4.2176975347542568E-003
 lab momentum    1.9060623865648005        1.8881378785291996       -8.2556590250834436E-002 -0.24737336668791240     
 c_ph_up     2.2316490885737417E-003
 c_ph_up lab  -0.12978240818955611     
 c_ph_lep  0.99992627784081412     
 c_ph_lep lab   0.99992760624791821     
 isvec for ranlux 
    16575667    16622680     6248223    14956727    13110558     1205945    11242040     6890570    14658205      621134     7421034    11519576    13204167     8090949    16466493    11015029     5120304      201156    13109540    13654731     2695017     9785481     4861148      143676    -4200721
  
 ====== DUMPING at point            1
 propag    0.0000000000000000        0.0000000000000000        0.0000000000000000        0.0000000000000000     
 test props.    0.0000000000000000        0.0000000000000000     
 Var          0.79014338615377877     
 Var before   0.66586166584416706     
 iev, nphot and rad. pattern    0.0000000000000000                0               0           1           0           0
 partons...            1          -1
 x1 & x2   0.87073962597039389       0.99983677226072942     
 sv & ME   0.68221602642826007        10541.319312238824     
 plepton   =    46.652907120289782        18.460920849693938       -22.806518625629192        36.270369292896390     
 pneutrino =    46.652907120289754       -18.460920849693938        22.806518625629192       -36.270369292896390     
 pleptonlab   =    44.255240935219291        18.460920849693938       -22.806518625629192        33.129628674390624     
 pneutrinolab =    49.273578976336886       -18.460920849693938        22.806518625629192       -39.584485988907403     
 sqrt(s) =    93.305814240579537     
 sqrt_fs_cm =    93.305814240579537     
 phind channel           0
 bbb pw(0) qmod c1q   0.0000000000000000        0.0000000000000000        0.0000000000000000        0.0000000000000000     
 reduced to Born momenta
   46.652907120289768        0.0000000000000000        0.0000000000000000        46.652854844572843     
   46.652907120289768        0.0000000000000000        0.0000000000000000       -46.652854844572843     
   46.652907120289782        18.460920849693938       -22.806518625629192        36.270369292896390     
   46.652907120289754       -18.460920849693938        22.806518625629192       -36.270369292896390     
 isvec for ranlux 
    13452352     7685781    12040999      377492     2027616    10867852     4039603    13333254    16608482     8283248     4576519     7678115     1422877    16276106    10765401     9788787     9530970    13032368     3894472      306732    14245216    14571762    11462555    11912083     4051404
  
 ====== DUMPING at point            1
 propag    0.0000000000000000        0.0000000000000000        0.0000000000000000        0.0000000000000000     
 test props.    0.0000000000000000        0.0000000000000000     
 Var          0.77662010197545939     
 Var before   0.68233886439099756     
 iev, nphot and rad. pattern    0.0000000000000000                1               0           0           1           0
 partons...            1          -1
 x1 & x2   0.83168229662291970       0.99987632996595222     
 sv & ME    1.0000000000000000        1166379.6196779767     
 plepton   =    45.250210233446573       -26.341882086460508       -2.5821079193496685       -36.701612080608768     
 pneutrino =    45.589533693759734        26.613374751680993        2.5971969516544502        36.923938996860684     
 pleptonlab   =    48.826872604894668       -26.341882086460508       -2.5821079193496685       -41.030358169518678     
 pneutrinolab =    42.377831334001016        26.613374751680993        2.5971969516544502        32.876317877804894     
 sqrt(s) =    91.190977757943756     
 sqrt_fs_cm =    90.839064898074341     
 phind channel           0
 bbb pw(0) qmod c1q   0.0000000000000000        0.0000000000000000        0.0000000000000000        0.0000000000000000     
 reduced to Born momenta
   45.595488878971871        0.0000000000000000        0.0000000000000000        45.595435390912186     
   45.595488878971885        0.0000000000000000        0.0000000000000000       -45.595435390912201     
   45.595488878971871       -26.579949465446717       -2.5996707238695600       -36.955181517112514     
   45.595488878971885        26.579949465446717        2.5996707238695600        36.955181517112514     
 >> Photon n.           1
 cm momentum    0.35123383073744874      -0.27149266522048632       -1.5089032304781603E-002 -0.22232691625191262     
 lab momentum   0.37322739054788839      -0.27149266522048632       -1.5089032304781603E-002 -0.25566137543784007     
 c_ph_up   -0.63298833083679940     
 c_ph_up lab  -0.68500164219602322     
 c_ph_lep  0.96583379541131176     
 c_ph_lep lab   0.97020237691405864     
 isvec for ranlux 
    16281071     6216508     5788901     5598226     2151985    11312847     4878172    15215368      933416    10490822     4859569     3569103     7793955     9042226    15803846    11186175     1469788    15694173    11573162    10117844     1302401    12204826     4381916     1083041    -4200822
  
 ====== DUMPING at point            1
 propag    0.0000000000000000        0.0000000000000000        0.0000000000000000        0.0000000000000000     
 test props.    0.0000000000000000        0.0000000000000000     
 Var          0.57601182265570183     
 Var before   0.50644043594283739     
 iev, nphot and rad. pattern    0.0000000000000000                0               0           0           1           0
 partons...            1          -1
 x1 & x2   0.85911119122937252       0.99988003978145579     
 sv & ME   0.68787382819677667        10043.224791348888     
 plepton   =    46.341345795712471        31.502855484962858        32.334453917286254        10.467203668161195     
 pneutrino =    46.341345795712456       -31.502855484962858       -32.334453917286254       -10.467203668161195     
 pleptonlab   =    45.679887908745719        31.502855484962858        32.334453917286254        6.9781216547537266     
 pneutrinolab =    47.269673641795698       -31.502855484962858       -32.334453917286254       -14.016564082357892     
 sqrt(s) =    92.682691591424927     
 sqrt_fs_cm =    92.682691591424927     
 phind channel           0
 bbb pw(0) qmod c1q   0.0000000000000000        0.0000000000000000        0.0000000000000000        0.0000000000000000     
 reduced to Born momenta
   46.341345795712463        0.0000000000000000        0.0000000000000000        46.341293168535955     
   46.341345795712463        0.0000000000000000        0.0000000000000000       -46.341293168535955     
   46.341345795712471        31.502855484962858        32.334453917286254        10.467203668161195     
   46.341345795712456       -31.502855484962858       -32.334453917286254       -10.467203668161195     
 isvec for ranlux 
      589876    16710617     5688859    14464672     6555815    10676443     8690630    14425228     3486349    14953393     3964495     2454096     6889208    10385107     6558022     6916769    16140560    10878330     7171221     6209201     3307280     2406960     2255942    12891023    -4131909
  
