 ====== DUMPING at point            1
 propag    0.0000000000000000        0.0000000000000000        0.0000000000000000        0.0000000000000000     
 test props.    0.0000000000000000        0.0000000000000000     
 Var           3.5928967611683169     
 Var before    0.0000000000000000     
 iev, nphot and rad. pattern    0.0000000000000000                0               0           0           0           0
 partons...            1          -1
 x1 & x2   0.96654545754536048       0.83963498758955346     
 sv & ME    1.0000000000000000        25863.281500485289     
 plepton   =    45.042906856985752        3.9861537621954510       -5.0783295984273806        44.577723597212739     
 pneutrino =    45.042906856985766       -3.9861537621954510        5.0783295984273806       -44.577723597212739     
 pleptonlab   =    48.294505994404069        3.9861537621954510       -5.0783295984273806        47.860937017842993     
 pneutrinolab =    42.014516262341616       -3.9861537621954510        5.0783295984273806       -41.515413520052647     
 sqrt(s) =    90.085813713971518     
 sqrt_fs_cm =    90.085813713971518     
 phind channel           0
 bbb pw(0) qmod c1q   0.0000000000000000        0.0000000000000000        0.0000000000000000        0.0000000000000000     
 reduced to Born momenta
   45.444035983348869        0.0000000000000000        0.0000000000000000        45.443982317027491     
   45.444035983348869        0.0000000000000000        0.0000000000000000       -45.443982317027491     
   45.444035983348876       -34.152092317165511        8.0006185590294869        28.892454651641430     
   45.444035983348861        34.152092317165511       -8.0006185590294869       -28.892454651641430     
 isvec for ranlux 
     9644655    14614328     8305202     1457455     1056974    16450356    10467055     4514011      135838    16753179    11474510      425858    13826447     7299317     7668616    13721940      957152    13197359    14184585     9294164    15939178     5902395     5267822    14659295     4102414
  
 ====== DUMPING at point            1
 propag    0.0000000000000000        0.0000000000000000        0.0000000000000000        0.0000000000000000     
 test props.    0.0000000000000000        0.0000000000000000     
 Var           2.4891454128276864     
 Var before    2.1856710083915254     
 iev, nphot and rad. pattern    0.0000000000000000                0               0           0           0           0
 partons...            1          -1
 x1 & x2   0.99427728318130171       0.99976866665782238     
 sv & ME    1.0000000000000000        451.55658311966050     
 plepton   =    49.850959712284677        42.946285615871474        24.649366648503285        5.7560660326308799     
 pneutrino =    49.850959712284663       -42.946285615871474       -24.649366648503285       -5.7560660326308799     
 pleptonlab   =    49.835297112386790        42.946285615871474        24.649366648503285        5.6188032725879555     
 pneutrinolab =    49.867000379569383       -42.946285615871474       -24.649366648503285       -5.8933724464139932     
 sqrt(s) =    99.701919424569340     
 sqrt_fs_cm =    99.701919424569340     
 phind channel           0
 bbb pw(0) qmod c1q   0.0000000000000000        0.0000000000000000        0.0000000000000000        0.0000000000000000     
 reduced to Born momenta
   49.850959712284670        0.0000000000000000        0.0000000000000000        49.850910790177437     
   49.850959712284670        0.0000000000000000        0.0000000000000000       -49.850910790177437     
   49.850959712284677        42.946285615871474        24.649366648503285        5.7560660326308799     
   49.850959712284663       -42.946285615871474       -24.649366648503285       -5.7560660326308799     
 isvec for ranlux 
    13828964    12538209    14722825      978898    10903123    16188213     3834576      755982    12350293    13898296    16631971     2580472     9212313    13500588    11285027    12295266    14794390     9041223     4836823     6203403     5099258      436050     2993088    13331992     4071707
  
 ====== DUMPING at point            1
 propag    0.0000000000000000        0.0000000000000000        0.0000000000000000        0.0000000000000000     
 test props.    0.0000000000000000        0.0000000000000000     
 Var           1.6916905622332208     
 Var before    1.4423992309993194     
 iev, nphot and rad. pattern    0.0000000000000000                0               0           0           0           0
 partons...            1          -1
 x1 & x2   0.97842855743422119       0.84284425724850498     
 sv & ME    1.0000000000000000        22660.660863478482     
 plepton   =    45.405475737001503       -31.958396518342500        20.920901576629017        24.548377388523239     
 pneutrino =    45.405475737001474        31.958396518342500       -20.920901576629017       -24.548377388523239     
 pleptonlab   =    47.364404716694011       -31.958396518342500        20.920901576629017        28.006292858440091     
 pneutrinolab =    43.699236017442310        31.958396518342500       -20.920901576629017       -21.227077849154277     
 sqrt(s) =    90.810951474002977     
 sqrt_fs_cm =    90.810951474002977     
 phind channel           0
 bbb pw(0) qmod c1q   0.0000000000000000        0.0000000000000000        0.0000000000000000        0.0000000000000000     
 reduced to Born momenta
   45.405475737001488        0.0000000000000000        0.0000000000000000        45.405422025104343     
   45.405475737001488        0.0000000000000000        0.0000000000000000       -45.405422025104343     
   45.405475737001503       -31.958396518342500        20.920901576629017        24.548377388523239     
   45.405475737001474        31.958396518342500       -20.920901576629017       -24.548377388523239     
 isvec for ranlux 
     8965487     4677045     9993826    10061960    12404269    11384977    11035044     9685088    14068021     1324435      272948    14908356    11427211    15348884     8000738     8738368    12913065     1505022     4123979     3215547    11907780     4934906    11898556     4780317    -4080115
  
 ====== DUMPING at point            1
 propag    0.0000000000000000        0.0000000000000000        0.0000000000000000        0.0000000000000000     
 test props.    0.0000000000000000        0.0000000000000000     
 Var           2.2248733158337179     
 Var before    1.4855167794339550     
 iev, nphot and rad. pattern    0.0000000000000000                0               0           0           0           0
 partons...            1          -1
 x1 & x2   0.82439128455760913       0.99243729590787111     
 sv & ME    1.0000000000000000        11715.652426291557     
 plepton   =    45.226006268970110       -23.125938229815478        38.245638920718598       -6.9168319255443498     
 pneutrino =    45.226006268970124        23.125938229815478       -38.245638920718598        6.9168319255443498     
 pleptonlab   =    46.063235326627336       -23.125938229815478        38.245638920718598       -11.147760743824495     
 pneutrinolab =    44.778193696646660        23.125938229815478       -38.245638920718598        2.7454601763113944     
 sqrt(s) =    90.452012537940234     
 sqrt_fs_cm =    90.452012537940234     
 phind channel           0
 bbb pw(0) qmod c1q   0.0000000000000000        0.0000000000000000        0.0000000000000000        0.0000000000000000     
 reduced to Born momenta
   45.226006268970117        0.0000000000000000        0.0000000000000000        45.225952343928860     
   45.226006268970117        0.0000000000000000        0.0000000000000000       -45.225952343928860     
   45.226006268970110       -23.125938229815478        38.245638920718598       -6.9168319255443498     
   45.226006268970124        23.125938229815478       -38.245638920718598        6.9168319255443498     
 isvec for ranlux 
    15326067    15249886     2032167    12287672     2672740     1104457     9630857    11203193     9414693    13903049     1041894    12159642    14667289     9413416    16351989    16702048    13674632     3503371    11931980     1731313     7232330     5707229     4337415    14161190    -4121101
  
 ====== DUMPING at point            1
 propag    0.0000000000000000        0.0000000000000000        0.0000000000000000        0.0000000000000000     
 test props.    0.0000000000000000        0.0000000000000000     
 Var           9.3042712086444865     
 Var before    1.9024690240288646     
 iev, nphot and rad. pattern    0.0000000000000000                0               0           0           0           0
 partons...            1          -1
 x1 & x2   0.99890696522419786       0.77237584930852166     
 sv & ME    1.0000000000000000        2410.8215107727638     
 plepton   =    43.918436209786591        39.968714560667756        4.2329183290038603        17.703167349643252     
 pneutrino =    43.918436209786591       -39.968714560667756       -4.2329183290038603       -17.703167349643252     
 pleptonlab   =    46.564891998747143        39.968714560667756        4.2329183290038603        23.513023241415951     
 pneutrinolab =    41.999248727888819       -39.968714560667756       -4.2329183290038603       -12.186467445632140     
 sqrt(s) =    87.836872419573183     
 sqrt_fs_cm =    87.836872419573183     
 phind channel           0
 bbb pw(0) qmod c1q   0.0000000000000000        0.0000000000000000        0.0000000000000000        0.0000000000000000     
 reduced to Born momenta
   43.918436209786591        0.0000000000000000        0.0000000000000000        43.918380679249708     
   43.918436209786591        0.0000000000000000        0.0000000000000000       -43.918380679249708     
   43.918436209786591        39.968714560667756        4.2329183290038603        17.703167349643252     
   43.918436209786591       -39.968714560667756       -4.2329183290038603       -17.703167349643252     
 isvec for ranlux 
     4925990     5576093    15184408    11784099    11845403    13164298      418628     8394559    12727338     1012832     9828754     3599171     1962348     6110377     3755204    14196229     8714040    12307127     8788506     3545955     7555912     3534851     9276842     7912478    -4100317
  
 ====== DUMPING at point            1
 propag    0.0000000000000000        0.0000000000000000        0.0000000000000000        0.0000000000000000     
 test props.    0.0000000000000000        0.0000000000000000     
 Var           6.4252635684920669     
 Var before    2.5430791470982426     
 iev, nphot and rad. pattern    0.0000000000000000                0               0           0           0           0
 partons...            1          -1
 x1 & x2   0.82596127257581642       0.99938892739568697     
 sv & ME    1.0000000000000000        27695.598956076479     
 plepton   =    45.427319706040379       -11.985032093900575       -29.189371097829746        32.679807719824353     
 pneutrino =    45.427319706040393        11.985032093900575        29.189371097829746       -32.679807719824353     
 pleptonlab   =    42.514716472753172       -11.985032093900575       -29.189371097829746        28.492623145096292     
 pneutrinolab =    48.752793525822021        11.985032093900575        29.189371097829746       -37.164005886089825     
 sqrt(s) =    90.854639412080772     
 sqrt_fs_cm =    90.854639412080772     
 phind channel           0
 bbb pw(0) qmod c1q   0.0000000000000000        0.0000000000000000        0.0000000000000000        0.0000000000000000     
 reduced to Born momenta
   45.427319706040386        0.0000000000000000        0.0000000000000000        45.427266019970922     
   45.427319706040386        0.0000000000000000        0.0000000000000000       -45.427266019970922     
   45.427319706040379       -11.985032093900575       -29.189371097829746        32.679807719824353     
   45.427319706040393        11.985032093900575        29.189371097829746       -32.679807719824353     
 isvec for ranlux 
     6421334     2423437     5715606     3926529     7706024    16732713    16568292    10697716    10804217    12296899    13403552     1093186    11046168     8745017     6064867     7111243    12495416     9149192     9988395     7047572    10817188      356677    10759454     5582999    -4161404
  
 ====== DUMPING at point            1
 propag    0.0000000000000000        0.0000000000000000        0.0000000000000000        0.0000000000000000     
 test props.    0.0000000000000000        0.0000000000000000     
 Var           2.0529816879502722     
 Var before    1.7808641948396768     
 iev, nphot and rad. pattern    0.0000000000000000                0               0           0           0           0
 partons...            1          -1
 x1 & x2   0.84890895738999839       0.99912613558896757     
 sv & ME    1.0000000000000000        23714.945999537540     
 plepton   =    46.047994692058218        26.872647697826100        3.7174852614893226        37.208167927317852     
 pneutrino =    46.047994692058218       -26.872647697826100       -3.7174852614893226       -37.208167927317852     
 pleptonlab   =    43.166377109332835        26.872647697826100        3.7174852614893226        33.576272248312449     
 pneutrinolab =    49.235377539615463       -26.872647697826100       -3.7174852614893226       -41.087131158260902     
 sqrt(s) =    92.095989384116436     
 sqrt_fs_cm =    92.095989384116436     
 phind channel           0
 bbb pw(0) qmod c1q   0.0000000000000000        0.0000000000000000        0.0000000000000000        0.0000000000000000     
 reduced to Born momenta
   46.047994692058218        0.0000000000000000        0.0000000000000000        46.047941729617207     
   46.047994692058218        0.0000000000000000        0.0000000000000000       -46.047941729617207     
   46.047994692058218        26.872647697826100        3.7174852614893226        37.208167927317852     
   46.047994692058218       -26.872647697826100       -3.7174852614893226       -37.208167927317852     
 isvec for ranlux 
    10671788    15112082    16580349    15196529    12173453     4126535    14349879    14774021     1833402    14749546    12999650    11317858    16659325    10501234     7001243    11690730    15931723    11335180     5068908     1086744     3192185    13920432    14783369     9387395    -4011707
  
 ====== DUMPING at point            1
 propag    0.0000000000000000        0.0000000000000000        0.0000000000000000        0.0000000000000000     
 test props.    0.0000000000000000        0.0000000000000000     
 Var          0.81781190069671794     
 Var before   0.71599031729126494     
 iev, nphot and rad. pattern    0.0000000000000000                0               0           0           0           0
 partons...            1          -1
 x1 & x2   0.99951618002032627       0.82842923472956298     
 sv & ME    1.0000000000000000        18085.375232840532     
 plepton   =    45.498033587014923        42.868155526691325       -12.828723557932017        8.2343785562259626     
 pneutrino =    45.498033587014923       -42.868155526691325        12.828723557932017       -8.2343785562259626     
 pleptonlab   =    46.472731830992231        42.868155526691325       -12.828723557932017        12.547857735781573     
 pneutrinolab =    44.924538906502256       -42.868155526691325        12.828723557932017       -3.9935104712434040     
 sqrt(s) =    90.996067174029847     
 sqrt_fs_cm =    90.996067174029847     
 phind channel           0
 bbb pw(0) qmod c1q   0.0000000000000000        0.0000000000000000        0.0000000000000000        0.0000000000000000     
 reduced to Born momenta
   45.498033587014923        0.0000000000000000        0.0000000000000000        45.497979984385445     
   45.498033587014923        0.0000000000000000        0.0000000000000000       -45.497979984385445     
   45.498033587014923        42.868155526691325       -12.828723557932017        8.2343785562259626     
   45.498033587014923       -42.868155526691325        12.828723557932017       -8.2343785562259626     
 isvec for ranlux 
    16299211     3254293    16131975     5266621    16545363    14473301     5355798     5599353    11050532    14547556    11682091     8225026    12673044    12120042     6959192    14507471     7976243    13182463     2472364    15582834    14772810    14376851    13178594     7905684     4032111
  
 ====== DUMPING at point            1
 propag    0.0000000000000000        0.0000000000000000        0.0000000000000000        0.0000000000000000     
 test props.    0.0000000000000000        0.0000000000000000     
 Var          0.75816881827439675     
 Var before   0.56716865957153439     
 iev, nphot and rad. pattern    0.0000000000000000                0               0           0           0           0
 partons...            1          -1
 x1 & x2   0.99986914431910456       0.86252915156533838     
 sv & ME    1.0000000000000000        7671.4282887802628     
 plepton   =    46.433185458406761       -26.260698226777357       -18.580425095481278       -33.483922709812106     
 pneutrino =    46.433185458406747        26.260698226777357        18.580425095481278        33.483922709812106     
 pleptonlab   =    44.083990232176546       -26.260698226777357       -18.580425095481278       -30.141840736964134     
 pneutrinolab =    49.035924562045629        26.260698226777357        18.580425095481278        37.008840374652443     
 sqrt(s) =    92.866370916813509     
 sqrt_fs_cm =    92.866370916813509     
 phind channel           0
 bbb pw(0) qmod c1q   0.0000000000000000        0.0000000000000000        0.0000000000000000        0.0000000000000000     
 reduced to Born momenta
   46.433185458406754        0.0000000000000000        0.0000000000000000        46.433132935321055     
   46.433185458406754        0.0000000000000000        0.0000000000000000       -46.433132935321055     
   46.433185458406761       -26.260698226777357       -18.580425095481278       -33.483922709812106     
   46.433185458406747        26.260698226777357        18.580425095481278        33.483922709812106     
 isvec for ranlux 
     1948374     8671651     4823179    12041177      945790    14706172    15752365     3472617     5950536     1314392     5216746    14238364     5005588     6648891    15103801      817999     4819676    14947327    12782556      118696     8196223    16643681    15944295     5417153    -4030721
  
 ====== DUMPING at point            1
 propag    0.0000000000000000        0.0000000000000000        0.0000000000000000        0.0000000000000000     
 test props.    0.0000000000000000        0.0000000000000000     
 Var          0.71750940867962676     
 Var before   0.62233677012909860     
 iev, nphot and rad. pattern    0.0000000000000000                0               0           0           0           0
 partons...            1          -1
 x1 & x2   0.82034918038689530       0.99982102043907906     
 sv & ME    1.0000000000000000        15247.850841028569     
 plepton   =    45.282511929297499       -30.582845712186185       -18.073856412198825       -28.080598025528882     
 pneutrino =    45.282511929297470        30.582845712186185        18.073856412198825        28.080598025528882     
 pleptonlab   =    48.286607623612383       -30.582845712186185       -18.073856412198825       -32.704901385588485     
 pneutrinolab =    42.721902417686323        30.582845712186185        18.073856412198825        23.731309382979298     
 sqrt(s) =    90.565023858594969     
 sqrt_fs_cm =    90.565023858594969     
 phind channel           0
 bbb pw(0) qmod c1q   0.0000000000000000        0.0000000000000000        0.0000000000000000        0.0000000000000000     
 reduced to Born momenta
   45.282511929297492        0.0000000000000000        0.0000000000000000        45.282458071546536     
   45.282511929297478        0.0000000000000000        0.0000000000000000       -45.282458071546522     
   45.282511929297499       -30.582845712186185       -18.073856412198825       -28.080598025528882     
   45.282511929297470        30.582845712186185        18.073856412198825        28.080598025528882     
 isvec for ranlux 
    12039140    13414567       24956      680525     5161984    15245004     2427930     4072528    10460989    10949186    15097278     6403010    13177578     2354914     6551446    11760129     9565449    15230204    12264909     7341336     7576794     6409704     4349288     8230537    -4080317
  
 ====== DUMPING at point            1
 propag    0.0000000000000000        0.0000000000000000        0.0000000000000000        0.0000000000000000     
 test props.    0.0000000000000000        0.0000000000000000     
 Var          0.56245522766570788     
 Var before   0.50903124832370872     
 iev, nphot and rad. pattern    0.0000000000000000                0               0           0           0           0
 partons...            1          -1
 x1 & x2   0.99988275957746675       0.82704387199736529     
 sv & ME    1.0000000000000000        27218.124720709246     
 plepton   =    45.468310641158610       -31.204106804625155        13.327638755390153        30.266051486786278     
 pneutrino =    45.468310641158595        31.204106804625155       -13.327638755390153       -30.266051486786278     
 pleptonlab   =    48.549427627919783       -31.204106804625155        13.327638755390153        34.723385823368695     
 pneutrinolab =    42.796903950821800        31.204106804625155       -13.327638755390153       -26.081441444363620     
 sqrt(s) =    90.936621282317205     
 sqrt_fs_cm =    90.936621282317205     
 phind channel           0
 bbb pw(0) qmod c1q   0.0000000000000000        0.0000000000000000        0.0000000000000000        0.0000000000000000     
 reduced to Born momenta
   45.468310641158602        0.0000000000000000        0.0000000000000000        45.468257003488674     
   45.468310641158602        0.0000000000000000        0.0000000000000000       -45.468257003488674     
   45.468310641158610       -31.204106804625155        13.327638755390153        30.266051486786278     
   45.468310641158595        31.204106804625155       -13.327638755390153       -30.266051486786278     
 isvec for ranlux 
     1557697     2758898    12299107    12897799     9719336    12650748     3944842    11864134     1592213     5193147     1439382    14514151    13647109    11293445     6602871     1680709     7646021     3836307     1590689    12608638     8765967     5583163     6364299      289554    -4082414
  
