 ====== DUMPING at point            1
 propag    0.0000000000000000        0.0000000000000000        0.0000000000000000        0.0000000000000000     
 test props.    0.0000000000000000        0.0000000000000000     
 Var           1.4013751449700775E-002
 Var before    0.0000000000000000     
 iev, nphot and rad. pattern    0.0000000000000000                0               0           0           0           0
 partons...            1          -1
 x1 & x2   0.98388775849173282       0.92014706809835567     
 sv & ME    1.0000000000000000        1213.0820127864724     
 plepton   =    45.195480865718558        3.9996561500789607       -5.0955315379733630        44.728722718391133     
 pneutrino =    45.195480865718572       -3.9996561500789607        5.0955315379733630       -44.728722718391133     
 pleptonlab   =    46.719034270413751        3.9996561500789607       -5.0955315379733630        46.267648616449925     
 pneutrinolab =    43.722619992615464       -3.9996561500789607        5.0955315379733630       -43.239965822764511     
 sqrt(s) =    90.390961731437130     
 sqrt_fs_cm =    90.390961731437130     
 phind channel           0
 bbb pw(0) qmod c1q   0.0000000000000000        0.0000000000000000        0.0000000000000000        0.0000000000000000     
 reduced to Born momenta
   43.322151270690284        0.0000000000000000        0.0000000000000000        43.322094975831583     
   43.322151270690284        0.0000000000000000        0.0000000000000000       -43.322094975831583     
   43.322151270690277       -32.557445135057570        7.6270495336885595        27.543393195419490     
   43.322151270690291        32.557445135057570       -7.6270495336885595       -27.543393195419490     
 isvec for ranlux 
     9644655    14614328     8305202     1457455     1056974    16450356    10467055     4514011      135838    16753179    11474510      425858    13826447     7299317     7668616    13721940      957152    13197359    14184585     9294164    15939178     5902395     5267822    14659295     4102414
  
