 ====== DUMPING at point            1
 propag    0.0000000000000000        0.0000000000000000        0.0000000000000000        0.0000000000000000     
 test props.    0.0000000000000000        0.0000000000000000     
 Var           1.9922057140841647     
 Var before    0.0000000000000000     
 iev, nphot and rad. pattern    0.0000000000000000                0               0           1           0           0
 partons...            1          -1
 x1 & x2   0.94693539778351188       0.97588642440755047     
 sv & ME   0.57977259438143003        1159.4963035560008     
 plepton   =    48.065096470513126       -21.088354795801298        38.359754645008636       -19.850764484256235     
 pneutrino =    48.065096470513112        21.088354795801298       -38.359754645008636        19.850764484256235     
 pleptonlab   =    48.369463092289365       -21.088354795801298        38.359754645008636       -20.576790608013148     
 pneutrinolab =    47.771628017263772        21.088354795801298       -38.359754645008636        19.129239276811219     
 sqrt(s) =    96.130192941026237     
 sqrt_fs_cm =    96.130192941026237     
 phind channel           0
 bbb pw(0) qmod c1q   0.0000000000000000        0.0000000000000000        0.0000000000000000        0.0000000000000000     
 reduced to Born momenta
   48.065096470513119        0.0000000000000000        0.0000000000000000        48.065045730698444     
   48.065096470513119        0.0000000000000000        0.0000000000000000       -48.065045730698444     
   48.065096470513126       -21.088354795801298        38.359754645008636       -19.850764484256235     
   48.065096470513112        21.088354795801298       -38.359754645008636        19.850764484256235     
 isvec for ranlux 
     9644655    14614328     8305202     5902523     6611641    14048799     7267313     8683348    14048746     9318201     4464668     5476536     8218591     7359978     7668616    13721940      957152    13197359    14184585     9294164    15939178     5902395     5267822    14659295     4211303
  
 ====== DUMPING at point            1
 propag    0.0000000000000000        0.0000000000000000        0.0000000000000000        0.0000000000000000     
 test props.    0.0000000000000000        0.0000000000000000     
 Var           2.8242219236104105     
 Var before    1.9922057140841647     
 iev, nphot and rad. pattern    0.0000000000000000                0               0           1           0           0
 partons...            1          -1
 x1 & x2   0.94781031778232316       0.90033718392722861     
 sv & ME   0.56328813102372777        17993.694776083634     
 plepton   =    46.188442071835148       -23.439638753502315       -29.894848242341457        26.272464692230336     
 pneutrino =    46.188442071835134        23.439638753502315        29.894848242341457       -26.272464692230336     
 pleptonlab   =    46.878767810166799       -23.439638753502315       -29.894848242341457        27.467964820509533     
 pneutrinolab =    45.528607275310769        23.439638753502315        29.894848242341457       -25.094308127754804     
 sqrt(s) =    92.376884143670281     
 sqrt_fs_cm =    92.376884143670281     
 phind channel           0
 bbb pw(0) qmod c1q   0.0000000000000000        0.0000000000000000        0.0000000000000000        0.0000000000000000     
 reduced to Born momenta
   46.188442071835141        0.0000000000000000        0.0000000000000000        46.188389270439714     
   46.188442071835141        0.0000000000000000        0.0000000000000000       -46.188389270439714     
   46.188442071835148       -23.439638753502315       -29.894848242341457        26.272464692230336     
   46.188442071835134        23.439638753502315        29.894848242341457       -26.272464692230336     
 isvec for ranlux 
      778671     5844720     9587749    10340955     5767304     1229801     7106317     9230034     7070010     1656684    15462261     7797679    14988199    15435044     9850695     6896914     2215452    12845121     6405628     3024976     4819489    10459877     1149857     7981361    -4092010
  
 ====== DUMPING at point            1
 propag    0.0000000000000000        0.0000000000000000        0.0000000000000000        0.0000000000000000     
 test props.    0.0000000000000000        0.0000000000000000     
 Var           2.1676570898754863     
 Var before    1.6852092773216771     
 iev, nphot and rad. pattern    0.0000000000000000                1               0           0           1           0
 partons...            1          -1
 x1 & x2   0.86162213987822611       0.95881440568901921     
 sv & ME   0.58202123361973490        4135921557.8529038     
 plepton   =    45.439552118982093        27.907283267128136        14.829818233523966       -32.649682462332350     
 pneutrino =    45.445942796927369       -27.910932680623084       -14.833094036719181        32.653969302455366     
 pleptonlab   =    47.250093476047844        27.907283267128136        14.829818233523966       -35.125776882692591     
 pneutrinolab =    43.764981767540142       -27.910932680623084       -14.833094036719181        30.270804806235720     
 sqrt(s) =    90.892008448259205     
 sqrt_fs_cm =    90.885494682505310     
 phind channel           0
 bbb pw(0) qmod c1q   0.0000000000000000        0.0000000000000000        0.0000000000000000        0.0000000000000000     
 reduced to Born momenta
   45.446004224129602        0.0000000000000000        0.0000000000000000        45.445950560132474     
   45.446004224129602        0.0000000000000000        0.0000000000000000       -45.445950560132474     
   45.446004224129602        27.911108167021435        14.832519054123319       -32.654165976886247     
   45.446004224129602       -27.911108167021435       -14.832519054123319        32.654165976886247     
 >> Photon n.           1
 cm momentum     6.5135323497436714E-003   3.6494134949475706E-003   3.2758031952150337E-003  -4.2868401230126193E-003
 lab momentum    6.7520347742778732E-003   3.6494134949475706E-003   3.2758031952150337E-003  -4.6412140827773911E-003
 c_ph_up   -0.65814367578619926     
 c_ph_up lab  -0.68738006214930469     
 c_ph_lep  0.98113856417381162     
 c_ph_lep lab   0.98250201139142246     
 isvec for ranlux 
    13077225     6767474    12978143    11216133     7787453     7756591     1456377     6700084     7382700    12480500    14719702    13291644     7895789     6891298      102469     9060833    10785562     3405521     1113041     5184210    10069583      203884    13164889     3691341     4042414
  
 ====== DUMPING at point            1
 propag    0.0000000000000000        0.0000000000000000        0.0000000000000000        0.0000000000000000     
 test props.    0.0000000000000000        0.0000000000000000     
 Var           2.0487711057029871     
 Var before    1.7054704210095768     
 iev, nphot and rad. pattern    0.0000000000000000                0               0           1           0           0
 partons...            1          -1
 x1 & x2   0.98555106917288027       0.88024108662619016     
 sv & ME   0.56238517506550934        9042.8605736158788     
 plepton   =    46.570445135685027        22.552452895146956        34.918051087464562        20.997899254681986     
 pneutrino =    46.570445135685013       -22.552452895146956       -34.918051087464562       -20.997899254681986     
 pleptonlab   =    47.831870283103946        22.552452895146956        34.918051087464562        23.664176042144540     
 pneutrinolab =    45.457737506849554       -22.552452895146956       -34.918051087464562       -18.398676914810032     
 sqrt(s) =    93.140890271370040     
 sqrt_fs_cm =    93.140890271370040     
 phind channel           0
 bbb pw(0) qmod c1q   0.0000000000000000        0.0000000000000000        0.0000000000000000        0.0000000000000000     
 reduced to Born momenta
   46.570445135685020        0.0000000000000000        0.0000000000000000        46.570392767403717     
   46.570445135685020        0.0000000000000000        0.0000000000000000       -46.570392767403717     
   46.570445135685027        22.552452895146956        34.918051087464562        20.997899254681986     
   46.570445135685013       -22.552452895146956       -34.918051087464562       -20.997899254681986     
 isvec for ranlux 
     2097233     6471148     4378437     8640871    15711293     8225040    11065883    15787977     7243899     4917269    11956633    15358016     1047827     9592925      229606     7295905     6628324     2019165    14002484    11234980     6728922     2987987     4664818    12003099    -4080923
  
 ====== DUMPING at point            1
 propag    0.0000000000000000        0.0000000000000000        0.0000000000000000        0.0000000000000000     
 test props.    0.0000000000000000        0.0000000000000000     
 Var           2.2955617689129215     
 Var before    1.8307777318058869     
 iev, nphot and rad. pattern    0.0000000000000000                2               0           0           1           1
 partons...            1          -1
 x1 & x2   0.90214951462231374       0.95678999350679383     
 sv & ME   0.57181783620555049        28128460572.894119     
 plepton   =    46.382301480082084       -29.685551844158624        4.9392148874333479        35.294176501248522     
 pneutrino =    46.258731611875866        29.571381310055195       -5.0308833138234270       -35.214808066296534     
 pleptonlab   =    45.364488035567767       -29.685551844158624        4.9392148874333479        33.945511913082562     
 pneutrinolab =    47.314256613110601        29.571381310055195       -5.0308833138234270       -36.590317512394186     
 sqrt(s) =    92.906815048070655     
 sqrt_fs_cm =    92.640883388412959     
 phind channel           0
 bbb pw(0) qmod c1q   0.0000000000000000        0.0000000000000000        0.0000000000000000        0.0000000000000000     
 reduced to Born momenta
   46.453407524035327        0.0000000000000000        0.0000000000000000        46.453355023813963     
   46.453407524035327        0.0000000000000000        0.0000000000000000       -46.453355023813963     
   46.453407524035335       -29.713479271376400        4.9993897374042682        35.355666571932382     
   46.453407524035320        29.713479271376400       -4.9993897374042682       -35.355666571932382     
 >> Photon n.           1
 cm momentum     5.4791275953518945E-002  -3.4698774898243169E-002   4.5675946352938179E-003   4.2157039986499861E-002
 lab momentum    5.3575287596544015E-002  -3.4698774898243169E-002   4.5675946352938179E-003   4.0564067114394330E-002
 c_ph_up    0.76941153957179098     
 c_ph_up lab   0.75714137868689668     
 c_ph_lep  0.99967408389101275     
 c_ph_lep lab   0.99965920756793858     
 >> Photon n.           2
 cm momentum    0.21099068015918740       0.14886930900167261        8.7100831754785571E-002 -0.12152547493849007     
 lab momentum   0.21465547018045775       0.14886930900167261        8.7100831754785571E-002 -0.12778241202678264     
 c_ph_up   -0.57597555895266095     
 c_ph_up lab  -0.59529073225740681     
 c_ph_lep -0.84590471342968998     
 c_ph_lep lab  -0.85509817274385569     
 isvec for ranlux 
     7705512     6767400    12346605     2442596     4398068    14780140    11606138    14688674    13412440     5267269    10109083     1735670     8876049    16397594    14292833    16049731     7015236     2292865    16408353     4672107     7144624     1147718    13770713    15989233    -4151606
  
 ====== DUMPING at point            1
 propag    0.0000000000000000        0.0000000000000000        0.0000000000000000        0.0000000000000000     
 test props.    0.0000000000000000        0.0000000000000000     
 Var           1.9627051778954734     
 Var before    1.4251293193360843     
 iev, nphot and rad. pattern    0.0000000000000000                2               1           0           1           0
 partons...            1          -1
 x1 & x2   0.99185700676868627       0.84571627298409147     
 sv & ME   0.58064079402618940        30606117.164059520     
 plepton   =    45.226665220054691        4.3778403158644448       -29.300223044858420       -34.172672223953683     
 pneutrino =    45.383506059695293       -5.1158242859430114        29.536462023176917        34.074583073131159     
 pleptonlab   =    42.644013265414841        4.3778403158644448       -29.300223044858420       -30.672987258820232     
 pneutrinolab =    48.246248629406729       -5.1158242859430114        29.536462023176917        37.803638662803976     
 sqrt(s) =    91.587641693493239     
 sqrt_fs_cm =    90.606804869552420     
 phind channel           0
 bbb pw(0) qmod c1q   0.0000000000000000        0.0000000000000000        0.0000000000000000        0.0000000000000000     
 reduced to Born momenta
   45.408625597783157        0.0000000000000000        0.0000000000000000        45.408571889611856     
   45.408625597783157        0.0000000000000000        0.0000000000000000       -45.408571889611856     
   45.408625597783157        4.7575374093101193       -29.486568440742357       -34.202927277889707     
   45.408625597783157       -4.7575374093101193        29.486568440742357        34.202927277889707     
 >> Photon n.           1
 cm momentum    0.76715042367496633       0.71943233506586779       -9.1937497614018662E-002  0.24996876672661622     
 lab momentum   0.78953105044932315       0.71943233506586779       -9.1937497614018662E-002  0.31196777304355766     
 c_ph_up    0.32584061614560927     
 c_ph_up lab   0.39513046746675307     
 c_ph_lep  -7.7783774338232803E-002
 c_ph_lep lab  -0.11065582763273094     
 >> Photon n.           2
 cm momentum    0.21031999006828647        1.8551635012698686E-002 -0.14430148070447640      -0.15187961590409471     
 lab momentum   0.19887104236798253        1.8551635012698686E-002 -0.14430148070447640      -0.13558248779757337     
 c_ph_up   -0.72213590279641326     
 c_ph_up lab  -0.68176083447431879     
 c_ph_lep  0.99867201812015072     
 c_ph_lep lab   0.99851051796319790     
 isvec for ranlux 
    10482904     1249819    12058037    14159976    14147930     6205970     8604369     9431829     9704793     2911077    12566670     7519744     8037451     9579103     1801853     7051106     4729559     8526420      295591      567446    12330918     8671797    12046268    10350963     4080418
  
 ====== DUMPING at point            1
 propag    0.0000000000000000        0.0000000000000000        0.0000000000000000        0.0000000000000000     
 test props.    0.0000000000000000        0.0000000000000000     
 Var           2.0993337143943038     
 Var before    1.6894970166586729     
 iev, nphot and rad. pattern    0.0000000000000000                0               0           0           1           0
 partons...            1          -1
 x1 & x2   0.78801170418191668       0.99690016282409055     
 sv & ME   0.56251784204780830        3165.9956458968836     
 plepton   =    44.316165115176709       -10.097712373767406        36.581376573730886        22.885594150287965     
 pneutrino =    44.316165115176709        10.097712373767406       -36.581376573730886       -22.885594150287965     
 pleptonlab   =    41.925961065198663       -10.097712373767406        36.581376573730886        17.821732248483695     
 pneutrinolab =    47.319632285101711        10.097712373767406       -36.581376573730886       -28.266155180592389     
 sqrt(s) =    88.632330230353418     
 sqrt_fs_cm =    88.632330230353418     
 phind channel           0
 bbb pw(0) qmod c1q   0.0000000000000000        0.0000000000000000        0.0000000000000000        0.0000000000000000     
 reduced to Born momenta
   44.316165115176709        0.0000000000000000        0.0000000000000000        44.316110083016142     
   44.316165115176709        0.0000000000000000        0.0000000000000000       -44.316110083016142     
   44.316165115176709       -10.097712373767406        36.581376573730886        22.885594150287965     
   44.316165115176709        10.097712373767406       -36.581376573730886       -22.885594150287965     
 isvec for ranlux 
     1529830    10969541     5398952    14836342    16636312     5190420     1470932    12386847    11625234     6824400      810679     8482292     6601895    16231455    13558496     6713029     1261892      214096    11394427     5414534     6660712     4299797     3825772    15586491    -4101909
  
 ====== DUMPING at point            1
 propag    0.0000000000000000        0.0000000000000000        0.0000000000000000        0.0000000000000000     
 test props.    0.0000000000000000        0.0000000000000000     
 Var           1.8467180340802398     
 Var before    1.4565612980309683     
 iev, nphot and rad. pattern    0.0000000000000000                1               1           0           0           0
 partons...            1          -1
 x1 & x2   0.99906993316453185       0.77321380600730605     
 sv & ME   0.56251881076301702        6796440133.6982193     
 plepton   =    43.940377157347662        23.698410671641494        30.481184892397046        20.976851056157777     
 pneutrino =    43.943980211434010       -23.698553824363277       -30.481231610595508       -20.984167824014985     
 pleptonlab   =    46.996809210730014        23.698410671641494        30.481184892397046        26.794992283858278     
 pneutrinolab =    41.609059171971154       -23.698553824363277       -30.481231610595508       -15.510503138844939     
 sqrt(s) =    87.891675686017763     
 sqrt_fs_cm =    87.884357064075758     
 phind channel           0
 bbb pw(0) qmod c1q   0.0000000000000000        0.0000000000000000        0.0000000000000000        0.0000000000000000     
 reduced to Born momenta
   43.942178532037879        0.0000000000000000        0.0000000000000000        43.942123031504643     
   43.942178532037879        0.0000000000000000        0.0000000000000000       -43.942123031504643     
   43.942178532037879        23.698482246535146        30.481208251017435        20.980509365093766     
   43.942178532037879       -23.698482246535146       -30.481208251017435       -20.980509365093766     
 >> Photon n.           1
 cm momentum     7.3183172360942262E-003   1.4315272178306367E-004   4.6718198461803925E-005   7.3167678572093851E-003
 lab momentum    8.3185758907397978E-003   1.4315272178306367E-004   4.6718198461803925E-005   8.3172128479542945E-003
 c_ph_up    0.99978828754823590     
 c_ph_up lab   0.99983614469550963     
 c_ph_lep  0.49227201710170992     
 c_ph_lep lab   0.58237312139836783     
 isvec for ranlux 
     4582103    14909827     6058609    16033389    16400909    10270577    12793303      310030     7779432    12399011     3122562     7325754    11785470    16087410     4035484     7020979    11753393     9284947      731009     1133262     6407025    14657548    11290772     1908909    -4011606
  
 ====== DUMPING at point            1
 propag    0.0000000000000000        0.0000000000000000        0.0000000000000000        0.0000000000000000     
 test props.    0.0000000000000000        0.0000000000000000     
 Var           1.1658135850120699     
 Var before   0.97989274139461124     
 iev, nphot and rad. pattern    0.0000000000000000                0               0           1           0           0
 partons...            1          -1
 x1 & x2   0.99839268664928704       0.84891722191613928     
 sv & ME   0.57461505658615608        14090.562482807911     
 plepton   =    46.031313959404415       -15.071024224962370       -43.298701405687588       -4.1179347408011076     
 pneutrino =    46.031313959404400        15.071024224962370        43.298701405687588        4.1179347408011076     
 pleptonlab   =    45.848447997172968       -15.071024224962370       -43.298701405687588      -0.39459529864226139     
 pneutrinolab =    46.517047431098369        15.071024224962370        43.298701405687588        7.8683685352996573     
 sqrt(s) =    92.062627918808815     
 sqrt_fs_cm =    92.062627918808815     
 phind channel           0
 bbb pw(0) qmod c1q   0.0000000000000000        0.0000000000000000        0.0000000000000000        0.0000000000000000     
 reduced to Born momenta
   46.031313959404407        0.0000000000000000        0.0000000000000000        46.031260977770955     
   46.031313959404407        0.0000000000000000        0.0000000000000000       -46.031260977770955     
   46.031313959404415       -15.071024224962370       -43.298701405687588       -4.1179347408011076     
   46.031313959404400        15.071024224962370        43.298701405687588        4.1179347408011076     
 isvec for ranlux 
    15697820    13958964    15496225    11578598     1704967     5619974     9875627     7164025     7377212     9094670     8478077    13805758     9465217     1972369     1888418    13095976    15555016    16310036     7352882    14970220     9477691      555846    10078497      522600     4061606
  
 ====== DUMPING at point            1
 propag    0.0000000000000000        0.0000000000000000        0.0000000000000000        0.0000000000000000     
 test props.    0.0000000000000000        0.0000000000000000     
 Var           1.3580967357698150     
 Var before   0.91336615700742041     
 iev, nphot and rad. pattern    0.0000000000000000                1               0           0           1           0
 partons...            1          -1
 x1 & x2   0.96472912457459348       0.99985227665595089     
 sv & ME   0.56437528533605885        32539763641.311069     
 plepton   =    49.106043338979589        47.772614220505709        10.746174665705992        3.6999174735592470     
 pneutrino =    49.106682165864335       -47.773217153194189       -10.746376451238815       -3.7000250877207987     
 pleptonlab   =    49.047734704427420        47.772614220505709        10.746174665705992        2.8224415914774688     
 pneutrinolab =    49.180692332526966       -47.773217153194189       -10.746376451238815       -4.5786952963941472     
 sqrt(s) =    98.213370350589713     
 sqrt_fs_cm =    98.212725502726940     
 phind channel           0
 bbb pw(0) qmod c1q   0.0000000000000000        0.0000000000000000        0.0000000000000000        0.0000000000000000     
 reduced to Born momenta
   49.106685175294857        0.0000000000000000        0.0000000000000000        49.106635511709861     
   49.106685175294857        0.0000000000000000        0.0000000000000000       -49.106635511709861     
   49.106685175294857        47.773229356068924        10.746346116667842        3.6999955739525152     
   49.106685175294857       -47.773229356068924       -10.746346116667842       -3.6999955739525152     
 >> Photon n.           1
 cm momentum     6.4484574578833507E-004   6.0293268848001912E-004   2.0178553282399202E-004   1.0761416155185183E-004
 lab momentum    6.4302457280885120E-004   6.0293268848001912E-004   2.0178553282399202E-004   9.6100848805823362E-005
 c_ph_up    0.16688357216390046     
 c_ph_up lab   0.14945128517567680     
 c_ph_lep  0.99066837144949960     
 c_ph_lep lab   0.99063081357855942     
 isvec for ranlux 
     8580474     7453528     6610367     9370130     6454595    13285363    12880910       20013     9703009    16699534     1920148     6241711     6714350     8434631    10339274    15950484     7679134     4788915     9680677     9420690    13578033     7433776    11266006     2295994     4192111
  
 ====== DUMPING at point            1
 propag    0.0000000000000000        0.0000000000000000        0.0000000000000000        0.0000000000000000     
 test props.    0.0000000000000000        0.0000000000000000     
 Var           1.1104758701513906     
 Var before   0.79221574322605859     
 iev, nphot and rad. pattern    0.0000000000000000                0               0           1           0           1
 partons...            1          -1
 x1 & x2   0.99981510563224130       0.85827989295296259     
 sv & ME   0.57452612821660121        13475.764603056488     
 plepton   =    46.317415780535377        17.983311425896911       -19.305867959086129       -38.068041890817774     
 pneutrino =    46.317415780535377       -17.983311425896911        19.305867959086129        38.068041890817774     
 pleptonlab   =    43.544198680125007        17.983311425896911       -19.305867959086129       -34.640583821700659     
 pneutrinolab =    49.360551249135177       -17.983311425896911        19.305867959086129        41.717344455664602     
 sqrt(s) =    92.634831561070754     
 sqrt_fs_cm =    92.634831561070754     
 phind channel           0
 bbb pw(0) qmod c1q   0.0000000000000000        0.0000000000000000        0.0000000000000000        0.0000000000000000     
 reduced to Born momenta
   46.317415780535384        0.0000000000000000        0.0000000000000000        46.317363126168878     
   46.317415780535370        0.0000000000000000        0.0000000000000000       -46.317363126168864     
   46.317415780535377        17.983311425896911       -19.305867959086129       -38.068041890817774     
   46.317415780535377       -17.983311425896911        19.305867959086129        38.068041890817774     
 isvec for ranlux 
    16005597     8434417    14436132    13695452    14164085      961699    13764582       67402     7211444    14390456      970651      358280     3303569    11896123     6216082     9295383     9040778    13778432     3232438     8688432    14560231     5902029      962798     8581584    -4231606
  
 ====== DUMPING at point            1
 propag    0.0000000000000000        0.0000000000000000        0.0000000000000000        0.0000000000000000     
 test props.    0.0000000000000000        0.0000000000000000     
 Var          0.68969141503554299     
 Var before   0.61491744570466988     
 iev, nphot and rad. pattern    0.0000000000000000                0               0           1           0           0
 partons...            1          -1
 x1 & x2   0.83163663486095984       0.99976186690674917     
 sv & ME   0.56198745560398466        21272.254248190056     
 plepton   =    45.591627374350210       -34.001232857006094        17.314963819466509        24.953827663994684     
 pneutrino =    45.591627374350210        34.001232857006094       -17.314963819466509       -24.953827663994684     
 pleptonlab   =    43.484448004542820       -34.001232857006094        17.314963819466509        20.856515689408301     
 pneutrinolab =    48.085477083842640        34.001232857006094       -17.314963819466509       -29.262777291697770     
 sqrt(s) =    91.183254748700421     
 sqrt_fs_cm =    91.183254748700421     
 phind channel           0
 bbb pw(0) qmod c1q   0.0000000000000000        0.0000000000000000        0.0000000000000000        0.0000000000000000     
 reduced to Born momenta
   45.591627374350210        0.0000000000000000        0.0000000000000000        45.591573881760212     
   45.591627374350210        0.0000000000000000        0.0000000000000000       -45.591573881760212     
   45.591627374350210       -34.001232857006094        17.314963819466509        24.953827663994684     
   45.591627374350210        34.001232857006094       -17.314963819466509       -24.953827663994684     
 isvec for ranlux 
     1457327    11843211      842130     1627129    13128769     2257102     8061877     9626046    13167356     9311311       68476    11689171     5193999    15602726    13809534     9598677    15490076    16534941     4561603     1137849      146632    16199119     3483777    15651896    -4100317
  
 ====== DUMPING at point            1
 propag    0.0000000000000000        0.0000000000000000        0.0000000000000000        0.0000000000000000     
 test props.    0.0000000000000000        0.0000000000000000     
 Var          0.70423688190976441     
 Var before   0.63277762784261637     
 iev, nphot and rad. pattern    0.0000000000000000                1               0           0           0           1
 partons...            1          -1
 x1 & x2   0.81603882635535352       0.99957158345660457     
 sv & ME   0.56167122639996492        2919507230.1604271     
 plepton   =    45.157690577610872       -6.4365535304478820       -38.580362690698642        22.568390459126764     
 pneutrino =    45.153412347190041        6.4364562079859695        38.576166629074358       -22.567030876756352     
 pleptonlab   =    43.097099275668405       -6.4365535304478820       -38.580362690698642        18.096275738095304     
 pneutrinolab =    47.678848456299690        6.4364562079859695        38.576166629074358       -27.271098733199068     
 sqrt(s) =    90.315514825642765     
 sqrt_fs_cm =    90.311102817035263     
 phind channel           0
 bbb pw(0) qmod c1q   0.0000000000000000        0.0000000000000000        0.0000000000000000        0.0000000000000000     
 reduced to Born momenta
   45.157757412821383        0.0000000000000000        0.0000000000000000        45.157703406280795     
   45.157757412821383        0.0000000000000000        0.0000000000000000       -45.157703406280795     
   45.157757412821383       -6.4368193152305215       -38.580149301687527        22.568813168315508     
   45.157757412821383        6.4368193152305215        38.580149301687527       -22.568813168315508     
 >> Photon n.           1
 cm momentum     4.4119008418496315E-003   9.7322461912474105E-005   4.1960616242832172E-003  -1.3595823704132357E-003
 lab momentum    4.5727586297959980E-003   9.7322461912474105E-005   4.1960616242832172E-003  -1.8148599587843575E-003
 c_ph_up   -0.30816249484048891     
 c_ph_up lab  -0.39688514214565551     
 c_ph_lep -0.96970787571988393     
 c_ph_lep lab  -0.99128322028660409     
 isvec for ranlux 
    14521119     3284366     3463762    11480123     3336141    13887286     8647963     5115281    11781391     9822864    14374850       23828     6429012     3846061     5815448    12970300     6645149    13960673    15889545     2643589     8059802     5945202    14697481       61957    -4221909
  
 ====== DUMPING at point            1
 propag    0.0000000000000000        0.0000000000000000        0.0000000000000000        0.0000000000000000     
 test props.    0.0000000000000000        0.0000000000000000     
 Var          0.74241580949121688     
 Var before   0.60896175902871930     
 iev, nphot and rad. pattern    0.0000000000000000                2               0           0           1           1
 partons...            1          -1
 x1 & x2   0.99954130358685223       0.88051027507589719     
 sv & ME   0.56955963178385260        230440460.97146741     
 plepton   =    42.379682538090563        17.597931957668663       -28.213748229948433        26.274008639113582     
 pneutrino =    46.764514469743325       -20.691561505822275        30.129162704672403       -29.171929779593185     
 pleptonlab   =    44.131698946247788        17.597931957668663       -28.213748229948433        29.015390568129963     
 pneutrinolab =    45.007859952087927       -20.691561505822275        30.129162704672403       -26.263836942485053     
 sqrt(s) =    93.813985533660173     
 sqrt_fs_cm =    89.022753028896332     
 phind channel           0
 bbb pw(0) qmod c1q   0.0000000000000000        0.0000000000000000        0.0000000000000000        0.0000000000000000     
 reduced to Born momenta
   46.906992766830086        0.0000000000000000        0.0000000000000000        46.906940774280407     
   46.906992766830086        0.0000000000000000        0.0000000000000000       -46.906940774280407     
   46.906992766830079        20.135011448626287       -30.716642481472025        29.177456972208827     
   46.906992766830093       -20.135011448626287        30.716642481472025       -29.177456972208827     
 >> Photon n.           1
 cm momentum     4.6605591089909941        3.0981595178507573       -1.9206807009800255        2.9039980122638802     
 lab momentum    4.8541575803936379        3.0981595178507573       -1.9206807009800255        3.2055013745320187     
 c_ph_up    0.62310077918797024     
 c_ph_up lab   0.66036203428568452     
 c_ph_lep  0.93670305985374769     
 c_ph_lep lab   0.94164019810053468     
 >> Photon n.           2
 cm momentum     9.2294168352906499E-003  -4.5299696971457144E-003   5.2662262560536658E-003  -6.0768717842767635E-003
 lab momentum    8.8624544081153250E-003  -4.5299696971457144E-003   5.2662262560536658E-003  -5.5035746291765058E-003
 c_ph_up   -0.65842424204317485     
 c_ph_up lab  -0.62099892148803582     
 c_ph_lep -0.99187838173585152     
 c_ph_lep lab  -0.99200335212585666     
 isvec for ranlux 
     9694957     1252334     7167226    16399770     5334141    13250981    11984409     2603513     3627080     4384046     3205779    13795264     8270940     7640603    12795748       19997    12743485    14635427     5286932    15315727    15130947     8180743    14720784    11532738    -4080923
  
 ====== DUMPING at point            1
 propag    0.0000000000000000        0.0000000000000000        0.0000000000000000        0.0000000000000000     
 test props.    0.0000000000000000        0.0000000000000000     
 Var          0.52737349307046888     
 Var before   0.46586432049003118     
 iev, nphot and rad. pattern    0.0000000000000000                3               0           0           1           2
 partons...            1          -1
 x1 & x2   0.99986378467245118       0.81724895772677386     
 sv & ME   0.56467390449097588        9410611520051.4102     
 plepton   =    45.137923637058918        36.497741565232459       -6.1327387745298836        25.840382395281516     
 pneutrino =    42.099039137006379       -33.968370000197616        5.7908568523586785       -24.185403635517282     
 pleptonlab   =    47.977705895388013        36.497741565232459       -6.1327387745298836        30.531188562742891     
 pneutrinolab =    39.870322698649183       -33.968370000197616        5.7908568523586785       -20.056103431327784     
 sqrt(s) =    90.395665598097565     
 sqrt_fs_cm =    87.183909728720394     
 phind channel           0
 bbb pw(0) qmod c1q   0.0000000000000000        0.0000000000000000        0.0000000000000000        0.0000000000000000     
 reduced to Born momenta
   45.197832799048783        0.0000000000000000        0.0000000000000000        45.197778840394029     
   45.197832799048783        0.0000000000000000        0.0000000000000000       -45.197778840394029     
   45.197832799048783        36.508162915045460       -6.1783369463144728        25.919396582204740     
   45.197832799048783       -36.508162915045460        6.1783369463144728       -25.919396582204740     
 >> Photon n.           1
 cm momentum     1.3781850635005578E-002   1.0293816541304072E-002  -1.2371718350393112E-003   9.0799864421795117E-003
 lab momentum    1.4769135433016346E-002   1.0293816541304072E-002  -1.2371718350393112E-003   1.0518274968042005E-002
 c_ph_up    0.65883651496821183     
 c_ph_up lab   0.71217946478630301     
 c_ph_lep  0.99330669410759787     
 c_ph_lep lab   0.99412383958589257     
 >> Photon n.           2
 cm momentum     3.0972822540437415       -2.5614250860977092       0.35462071798148076       -1.7048469244779492     
 lab momentum    2.9408383075500906       -2.5614250860977092       0.35462071798148076       -1.4006697061911941     
 c_ph_up   -0.55043318130019947     
 c_ph_up lab  -0.47628246088716214     
 c_ph_lep -0.99935922425972634     
 c_ph_lep lab  -0.98108219354653747     
 >> Photon n.           3
 cm momentum     4.7638719353523651E-002   2.1759704521558565E-002  -1.1501623975236666E-002   4.0788178271534921E-002
 lab momentum    5.2001082940935132E-002   2.1759704521558565E-002  -1.1501623975236666E-002   4.5807647091907475E-002
 c_ph_up    0.85619804279054323     
 c_ph_up lab   0.88089794483583339     
 c_ph_lep  0.89229057264881106     
 c_ph_lep lab   0.90716685323186019     
 isvec for ranlux 
     8192674     9675355    12081709     9480863      986779    11942623     6473535     8765465     4090856     8723139     4116667     2833519      419117    11029292     2425882     3624875     8132952    13471903     1621808    10524330     7978715     5812058      446896     1435424     4221707
  
 ====== DUMPING at point            1
 propag    0.0000000000000000        0.0000000000000000        0.0000000000000000        0.0000000000000000     
 test props.    0.0000000000000000        0.0000000000000000     
 Var          0.33184404025600434     
 Var before   0.28195525935195520     
 iev, nphot and rad. pattern    4.0000000000000000                2               0           0           1           1
 partons...            1          -1
 x1 & x2   0.81822534395999547       0.99980446198226425     
 sv & ME   0.58471607925874525        3871965025915.2231     
 plepton   =    44.680631498088474       -29.785019569815628        16.419700290894649       -28.975743630826823     
 pneutrino =    45.204941558005103        30.138705232401630       -16.575842352724045        29.332157690549035     
 pleptonlab   =    47.813715848406034       -29.785019569815628        16.419700290894649       -33.606343316754050     
 pneutrinolab =    42.487784808461853        30.138705232401630       -16.575842352724045        24.941944420007438     
 sqrt(s) =    90.446965112057612     
 sqrt_fs_cm =    89.884034949199830     
 phind channel           0
 bbb pw(0) qmod c1q   0.0000000000000000        0.0000000000000000        0.0000000000000000        0.0000000000000000     
 reduced to Born momenta
   45.223482556028806        0.0000000000000000        0.0000000000000000        45.223428627978237     
   45.223482556028806        0.0000000000000000        0.0000000000000000       -45.223428627978237     
   45.223482556028806       -30.148991059019334        16.600865820806831       -29.336015457568760     
   45.223482556028806        30.148991059019334       -16.600865820806831        29.336015457568760     
 >> Photon n.           1
 cm momentum    0.54360024782227190      -0.36552269822392403       0.16239002477257575      -0.36813566299653699     
 lab momentum   0.58328502274825544      -0.36552269822392403       0.16239002477257575      -0.42455159250660851     
 c_ph_up   -0.67721761436153283     
 c_ph_up lab  -0.72786301027627121     
 c_ph_lep  0.99720715327673404     
 c_ph_lep lab   0.99756773212290706     
 >> Photon n.           2
 cm momentum     1.7791808141765821E-002   1.1837035637919931E-002  -6.2479629431792466E-003   1.1721603274325445E-002
 lab momentum    1.6704617496861224E-002   1.1837035637919931E-002  -6.2479629431792466E-003   9.9945881397741736E-003
 c_ph_up    0.65882023799533218     
 c_ph_up lab   0.59831290010993332     
 c_ph_lep -0.99981280251844185     
 c_ph_lep lab  -0.99039660561331300     
 isvec for ranlux 
    10876423     5508206     6552395     8586876     3831691     8121497     1468692    10309077    15186285     7188278     4503280     9877336     1366014     5981390     5726979     1082832     5970519     4651962    15890584    14102435     4569516     6677682    13119496    13736282     4202010
  
 ====== DUMPING at point            1
 propag    0.0000000000000000        0.0000000000000000        0.0000000000000000        0.0000000000000000     
 test props.    0.0000000000000000        0.0000000000000000     
 Var          0.32149543864946245     
 Var before   0.27587870396559089     
 iev, nphot and rad. pattern    6.0000000000000000                2               0           0           1           1
 partons...            1          -1
 x1 & x2   0.99985005286215844       0.84397454501042546     
 sv & ME   0.56284872018221765        130283769900.46243     
 plepton   =    44.740417206149125       0.21658685297652425       -42.458203315373382        14.104886722492695     
 pneutrino =    45.791993121093839      -0.16424623864748050        43.469562728116372       -14.396722186327109     
 pleptonlab   =    46.097856767751310       0.21658685297652425       -42.458203315373382        17.951470587508460     
 pneutrinolab =    44.735050030965631      -0.16424623864748050        43.469562728116372       -10.563317517758133     
 sqrt(s) =    91.861199286912750     
 sqrt_fs_cm =    90.526275546499107     
 phind channel           0
 bbb pw(0) qmod c1q   0.0000000000000000        0.0000000000000000        0.0000000000000000        0.0000000000000000     
 reduced to Born momenta
   45.930599643456375        0.0000000000000000        0.0000000000000000        45.930546545647324     
   45.930599643456375        0.0000000000000000        0.0000000000000000       -45.930546545647324     
   45.930599643456375       0.19337872900480110       -43.594462656376400        14.460091641652163     
   45.930599643456375      -0.19337872900480110        43.594462656376400       -14.460091641652163     
 >> Photon n.           1
 cm momentum     1.1912302019136900       -5.1355322693241195E-002  -1.1423064616979448       0.33395803979770478     
 lab momentum    1.2238439322183756       -5.1355322693241195E-002  -1.1423064616979448       0.43622534179243944     
 c_ph_up    0.28034719004035252     
 c_ph_up lab   0.35643870129888583     
 c_ph_lep  0.99819141787823862     
 c_ph_lep lab   0.99829144469771303     
 >> Photon n.           2
 cm momentum    0.13755875775609952       -9.8529163580255048E-004  0.13094704895495138       -4.2122575963291442E-002
 lab momentum   0.13447916269387872       -9.8529163580255048E-004  0.13094704895495138       -3.0603018956120831E-002
 c_ph_up   -0.30621515234949609     
 c_ph_up lab  -0.22756699508743916     
 c_ph_lep -0.99995205742404170     
 c_ph_lep lab  -0.98551005108662482     
 isvec for ranlux 
    13798336     8607402     7564242     6135960     8172408    11356951    12904116    12031075     5356482     9565784     5190119    11828940     9261313    15821424    16481898     3060787     3760646      711049     8167466     5757978    13465270     5714415     5077099     6269482     4100721
  
