 ====== DUMPING at point            1
 propag    0.0000000000000000        0.0000000000000000        0.0000000000000000        0.0000000000000000     
 test props.    0.0000000000000000        0.0000000000000000     
 Var           2.8497470412140591     
 Var before    0.0000000000000000     
 iev, nphot and rad. pattern    0.0000000000000000                0               0           0           0           0
 partons...            1          -1
 x1 & x2   0.96792303758931275       0.84581497442515330     
 sv & ME    1.0000000000000000        18333.579815233104     
 plepton   =    45.240573584010875        4.0036467338675576       -5.1006155113917577        44.773349983602699     
 pneutrino =    45.240573584010875       -4.0036467338675576        5.1006155113917577       -44.773349983602699     
 pleptonlab   =    48.364624997515023        4.0036467338675576       -5.1006155113917577        47.927865816183889     
 pneutrinolab =    42.322275603208261       -4.0036467338675576        5.1006155113917577       -41.822462657975926     
 sqrt(s) =    90.481147168021749     
 sqrt_fs_cm =    90.481147168021749     
 phind channel           0
 bbb pw(0) qmod c1q   0.0000000000000000        0.0000000000000000        0.0000000000000000        0.0000000000000000     
 reduced to Born momenta
   45.444035983348869        0.0000000000000000        0.0000000000000000        45.443982317027491     
   45.444035983348869        0.0000000000000000        0.0000000000000000       -45.443982317027491     
   45.444035983348876       -34.152092317165511        8.0006185590294869        28.892454651641430     
   45.444035983348861        34.152092317165511       -8.0006185590294869       -28.892454651641430     
 isvec for ranlux 
     9644655    14614328     8305202     1457455     1056974    16450356    10467055     4514011      135838    16753179    11474510      425858    13826447     7299317     7668616    13721940      957152    13197359    14184585     9294164    15939178     5902395     5267822    14659295     4102414
  
 ====== DUMPING at point            1
 propag    0.0000000000000000        0.0000000000000000        0.0000000000000000        0.0000000000000000     
 test props.    0.0000000000000000        0.0000000000000000     
 Var           2.5127579658342083     
 Var before    2.0033722720212310     
 iev, nphot and rad. pattern    0.0000000000000000                0               0           0           0           0
 partons...            1          -1
 x1 & x2   0.99427728318130171       0.99976866665782238     
 sv & ME    1.0000000000000000        460.78125104185835     
 plepton   =    49.850959712284677        42.946285615871474        24.649366648503285        5.7560660326308799     
 pneutrino =    49.850959712284663       -42.946285615871474       -24.649366648503285       -5.7560660326308799     
 pleptonlab   =    49.835297112386790        42.946285615871474        24.649366648503285        5.6188032725879555     
 pneutrinolab =    49.867000379569383       -42.946285615871474       -24.649366648503285       -5.8933724464139932     
 sqrt(s) =    99.701919424569340     
 sqrt_fs_cm =    99.701919424569340     
 phind channel           0
 bbb pw(0) qmod c1q   0.0000000000000000        0.0000000000000000        0.0000000000000000        0.0000000000000000     
 reduced to Born momenta
   49.850959712284670        0.0000000000000000        0.0000000000000000        49.850910790177437     
   49.850959712284670        0.0000000000000000        0.0000000000000000       -49.850910790177437     
   49.850959712284677        42.946285615871474        24.649366648503285        5.7560660326308799     
   49.850959712284663       -42.946285615871474       -24.649366648503285       -5.7560660326308799     
 isvec for ranlux 
    13828964    12538209    14722825      978898    10903123    16188213     3834576      755982    12350293    13898296    16631971     2580472     9212313    13500588    11285027    12295266    14794390     9041223     4836823     6203403     5099258      436050     2993088    13331992     4071707
  
 ====== DUMPING at point            1
 propag    0.0000000000000000        0.0000000000000000        0.0000000000000000        0.0000000000000000     
 test props.    0.0000000000000000        0.0000000000000000     
 Var           1.6717213405499960     
 Var before    1.2076728262784380     
 iev, nphot and rad. pattern    0.0000000000000000                0               0           0           0           0
 partons...            1          -1
 x1 & x2   0.96318259554516339       0.99924355471594872     
 sv & ME    1.0000000000000000        582.52229691476714     
 plepton   =    49.052369988948634       -44.398522280580451       -18.155934783493304       -10.259487768869329     
 pneutrino =    49.052369988948634        44.398522280580451        18.155934783493304        10.259487768869329     
 pleptonlab   =    49.249210889256432       -44.398522280580451       -18.155934783493304       -11.162744329300239     
 pneutrinolab =    48.872096623799202        44.398522280580451        18.155934783493304        9.3596963707609717     
 sqrt(s) =    98.104739977897268     
 sqrt_fs_cm =    98.104739977897268     
 phind channel           0
 bbb pw(0) qmod c1q   0.0000000000000000        0.0000000000000000        0.0000000000000000        0.0000000000000000     
 reduced to Born momenta
   49.052369988948634        0.0000000000000000        0.0000000000000000        49.052320270371602     
   49.052369988948634        0.0000000000000000        0.0000000000000000       -49.052320270371602     
   49.052369988948634       -44.398522280580451       -18.155934783493304       -10.259487768869329     
   49.052369988948634        44.398522280580451        18.155934783493304        10.259487768869329     
 isvec for ranlux 
    11721521    11045222     4525189     9551634     3138826    12914592    10311113     5879490    10841622     2041022     1591996      713870     2223296     9465644     1698956     6906665      167992     7923134     5610804    11998942     7292850    14658741     2512720     2054019     4020115
  
 ====== DUMPING at point            1
 propag    0.0000000000000000        0.0000000000000000        0.0000000000000000        0.0000000000000000     
 test props.    0.0000000000000000        0.0000000000000000     
 Var           2.4304674780148252     
 Var before    1.3811160557549036     
 iev, nphot and rad. pattern    0.0000000000000000                0               0           0           0           0
 partons...            1          -1
 x1 & x2   0.99967724214925802       0.97555223158695292     
 sv & ME    1.0000000000000000        886.48683982217131     
 plepton   =    49.377053487561390        38.986649666223201       -12.425468983169029        27.635685549186455     
 pneutrino =    49.377053487561390       -38.986649666223201        12.425468983169029       -27.635685549186455     
 pleptonlab   =    49.718298098421542        38.986649666223201       -12.425468983169029        28.240872338926103     
 pneutrinolab =    49.043175588389005       -38.986649666223201        12.425468983169029       -27.034621810810854     
 sqrt(s) =    98.754106975122781     
 sqrt_fs_cm =    98.754106975122781     
 phind channel           0
 bbb pw(0) qmod c1q   0.0000000000000000        0.0000000000000000        0.0000000000000000        0.0000000000000000     
 reduced to Born momenta
   49.377053487561390        0.0000000000000000        0.0000000000000000        49.377004095913904     
   49.377053487561390        0.0000000000000000        0.0000000000000000       -49.377004095913904     
   49.377053487561390        38.986649666223201       -12.425468983169029        27.635685549186455     
   49.377053487561390       -38.986649666223201        12.425468983169029       -27.635685549186455     
 isvec for ranlux 
     5015453    15280816     4310583      768372    14533642     3155413     4422873      249048     4684845     1910008    16056781      794157     1869094     3063496    16774527    13424117     4046483    13961998    14383364     9654875    12256042     6035440    14952706     7070106    -4050721
  
 ====== DUMPING at point            1
 propag    0.0000000000000000        0.0000000000000000        0.0000000000000000        0.0000000000000000     
 test props.    0.0000000000000000        0.0000000000000000     
 Var           2.9566557107208706     
 Var before    2.1172270959929258     
 iev, nphot and rad. pattern    0.0000000000000000                0               0           0           0           0
 partons...            1          -1
 x1 & x2   0.99918788184465734       0.64860479197713217     
 sv & ME    1.0000000000000000        185.78309747230176     
 plepton   =    40.251647427463304       -18.829058791404851       -29.429820037255180        19.988401500318584     
 pneutrino =    40.251647427463318        18.829058791404851        29.429820037255180       -19.988401500318584     
 pleptonlab   =    45.547182529534830       -18.829058791404851       -29.429820037255180        29.221343403270964     
 pneutrinolab =    36.842451161554671        18.829058791404851        29.429820037255180       -11.692188909894698     
 sqrt(s) =    80.503294854926622     
 sqrt_fs_cm =    80.503294854926622     
 phind channel           0
 bbb pw(0) qmod c1q   0.0000000000000000        0.0000000000000000        0.0000000000000000        0.0000000000000000     
 reduced to Born momenta
   40.251647427463311        0.0000000000000000        0.0000000000000000        40.251586838275259     
   40.251647427463311        0.0000000000000000        0.0000000000000000       -40.251586838275259     
   40.251647427463304       -18.829058791404851       -29.429820037255180        19.988401500318584     
   40.251647427463318        18.829058791404851        29.429820037255180       -19.988401500318584     
 isvec for ranlux 
    13339185     3157215     2885755    13075980     2672839    15264749     5589110    16308282     7842139    12049687    13366755     6076284      742419    12796796     4739940     6325708    16429432     3537523     6895768     4781887    12457939      764822     9148973    10794182    -4081303
  
 ====== DUMPING at point            1
 propag    0.0000000000000000        0.0000000000000000        0.0000000000000000        0.0000000000000000     
 test props.    0.0000000000000000        0.0000000000000000     
 Var           2.1024349511789340     
 Var before    1.8764730682549497     
 iev, nphot and rad. pattern    0.0000000000000000                0               0           0           0           0
 partons...            1          -1
 x1 & x2   0.94114352553451341       0.99903823091475108     
 sv & ME    1.0000000000000000        1382.4562067922516     
 plepton   =    48.482944495638662       -4.5304749720681103        41.755571925517707        24.218417639806560     
 pneutrino =    48.482944495638677        4.5304749720681103       -41.755571925517707       -24.218417639806560     
 pleptonlab   =    47.781548346183833       -4.5304749720681103        41.755571925517707        22.781839442143763     
 pneutrinolab =    49.227539476279375        4.5304749720681103       -41.755571925517707       -25.676574711155645     
 sqrt(s) =    96.965888991277339     
 sqrt_fs_cm =    96.965888991277339     
 phind channel           0
 bbb pw(0) qmod c1q   0.0000000000000000        0.0000000000000000        0.0000000000000000        0.0000000000000000     
 reduced to Born momenta
   48.482944495638669        0.0000000000000000        0.0000000000000000        48.482894193123208     
   48.482944495638669        0.0000000000000000        0.0000000000000000       -48.482894193123208     
   48.482944495638662       -4.5304749720681103        41.755571925517707        24.218417639806560     
   48.482944495638677        4.5304749720681103       -41.755571925517707       -24.218417639806560     
 isvec for ranlux 
     9996655     5314963     4653955      412784     6974021     7680405    11535779     2804731     6868442    11334850     5798372     6373794     4365370     1770520    15945583     3388180    11771294    11057837     5103923    12470000    14455935    13482498      760501     6155176     4041909
  
 ====== DUMPING at point            1
 propag    0.0000000000000000        0.0000000000000000        0.0000000000000000        0.0000000000000000     
 test props.    0.0000000000000000        0.0000000000000000     
 Var           2.0009106338369440     
 Var before    1.8068198384880965     
 iev, nphot and rad. pattern    0.0000000000000000                0               0           0           0           0
 partons...            1          -1
 x1 & x2   0.99804072321761428       0.90108410007516271     
 sv & ME    1.0000000000000000        3148.9368793855233     
 plepton   =    47.416205745475573        22.823634812806390        35.754609985818760        21.189029291108273     
 pneutrino =    47.416205745475573       -22.823634812806390       -35.754609985818760       -21.189029291108273     
 pleptonlab   =    48.561303375750953        22.823634812806390        35.754609985818760        23.640612947931253     
 pneutrinolab =    46.394937788887873       -22.823634812806390       -35.754609985818760       -18.792781790808675     
 sqrt(s) =    94.832411490951145     
 sqrt_fs_cm =    94.832411490951145     
 phind channel           0
 bbb pw(0) qmod c1q   0.0000000000000000        0.0000000000000000        0.0000000000000000        0.0000000000000000     
 reduced to Born momenta
   47.416205745475565        0.0000000000000000        0.0000000000000000        47.416154311285830     
   47.416205745475580        0.0000000000000000        0.0000000000000000       -47.416154311285844     
   47.416205745475573        22.823634812806390        35.754609985818760        21.189029291108273     
   47.416205745475573       -22.823634812806390       -35.754609985818760       -21.189029291108273     
 isvec for ranlux 
     5296148     8646563    10452673     7166248      952571     3765111    10544008    12173936     2054572     9165979     5001339     7374366     6185974      750604     2177072     5243092     2039795     8760032     5864455     9125444     9026986    11573976    10700607    16005715     4021505
  
 ====== DUMPING at point            1
 propag    0.0000000000000000        0.0000000000000000        0.0000000000000000        0.0000000000000000     
 test props.    0.0000000000000000        0.0000000000000000     
 Var           2.1303261643361444     
 Var before    1.7591781122859651     
 iev, nphot and rad. pattern    0.0000000000000000                0               0           0           0           0
 partons...            1          -1
 x1 & x2   0.84883204684270286       0.99747395828676333     
 sv & ME    1.0000000000000000        21169.532818856311     
 plepton   =    46.007821663409757        35.331708380239974        18.029327099589100        23.309273643559788     
 pneutrino =    46.007821663409757       -35.331708380239974       -18.029327099589100       -23.309273643559788     
 pleptonlab   =    44.274962107219743        35.331708380239974        18.029327099589100        19.669134530374702     
 pneutrinolab =    48.040338149253600       -35.331708380239974       -18.029327099589100       -27.101230102577727     
 sqrt(s) =    92.015643326819514     
 sqrt_fs_cm =    92.015643326819514     
 phind channel           0
 bbb pw(0) qmod c1q   0.0000000000000000        0.0000000000000000        0.0000000000000000        0.0000000000000000     
 reduced to Born momenta
   46.007821663409750        0.0000000000000000        0.0000000000000000        46.007768654723037     
   46.007821663409764        0.0000000000000000        0.0000000000000000       -46.007768654723051     
   46.007821663409757        35.331708380239974        18.029327099589100        23.309273643559788     
   46.007821663409757       -35.331708380239974       -18.029327099589100       -23.309273643559788     
 isvec for ranlux 
     2357503    13313867    13475429      398041      676046      598883     1378089     4879090    14650659     9192766    12027607    13293528    15088918     5524941     3471822    13068680     3121771    14380553    13340567    15481040    11950101    16227926    15558269    13944932    -4050620
  
 ====== DUMPING at point            1
 propag    0.0000000000000000        0.0000000000000000        0.0000000000000000        0.0000000000000000     
 test props.    0.0000000000000000        0.0000000000000000     
 Var           1.8326378742790239     
 Var before    1.5749424774825473     
 iev, nphot and rad. pattern    0.0000000000000000                0               0           0           0           0
 partons...            1          -1
 x1 & x2   0.99809270652879989       0.85178762882792014     
 sv & ME    1.0000000000000000        13348.553192808769     
 plepton   =    46.102142570725711        2.8337120591386054       -45.887372072463577       -3.4227980029843330     
 pneutrino =    46.102142570725697       -2.8337120591386054        45.887372072463577        3.4227980029843330     
 pleptonlab   =    45.975452280526071        2.8337120591386054       -45.887372072463577       0.22407355186051303     
 pneutrinolab =    46.518564487309938       -2.8337120591386054        45.887372072463577        7.0911803331834742     
 sqrt(s) =    92.204285141451408     
 sqrt_fs_cm =    92.204285141451408     
 phind channel           0
 bbb pw(0) qmod c1q   0.0000000000000000        0.0000000000000000        0.0000000000000000        0.0000000000000000     
 reduced to Born momenta
   46.102142570725704        0.0000000000000000        0.0000000000000000        46.102089670490201     
   46.102142570725704        0.0000000000000000        0.0000000000000000       -46.102089670490201     
   46.102142570725711        2.8337120591386054       -45.887372072463577       -3.4227980029843330     
   46.102142570725697       -2.8337120591386054        45.887372072463577        3.4227980029843330     
 isvec for ranlux 
    12675073     6236269     4537278     4433730     4224941    13787964    13876073    15802303    15288718      805940    14528922    13666908     8167124    16627472     6461287     3513350     4350067    10105469     7717376     3989656     7739191    12448084    16391049     2870502     4050721
  
 ====== DUMPING at point            1
 propag    0.0000000000000000        0.0000000000000000        0.0000000000000000        0.0000000000000000     
 test props.    0.0000000000000000        0.0000000000000000     
 Var           1.2374355593186730     
 Var before   0.84725269116571966     
 iev, nphot and rad. pattern    0.0000000000000000                0               0           0           0           0
 partons...            1          -1
 x1 & x2   0.85609937558439231       0.99916599291010355     
 sv & ME    1.0000000000000000        21670.744442791540     
 plepton   =    46.243523401539683        26.986754767309176        3.7332705072829251        37.366161849270092     
 pneutrino =    46.243523401539669       -26.986754767309176       -3.7332705072829251       -37.366161849270092     
 pleptonlab   =    43.491580651887958        26.986754767309176        3.7332705072829251        33.901094117399438     
 pneutrinolab =    49.271687772836835       -26.986754767309176       -3.7332705072829251       -41.054424983684996     
 sqrt(s) =    92.487046803079352     
 sqrt_fs_cm =    92.487046803079352     
 phind channel           0
 bbb pw(0) qmod c1q   0.0000000000000000        0.0000000000000000        0.0000000000000000        0.0000000000000000     
 reduced to Born momenta
   46.243523401539676        0.0000000000000000        0.0000000000000000        46.243470663036824     
   46.243523401539676        0.0000000000000000        0.0000000000000000       -46.243470663036824     
   46.243523401539683        26.986754767309176        3.7332705072829251        37.366161849270092     
   46.243523401539669       -26.986754767309176       -3.7332705072829251       -37.366161849270092     
 isvec for ranlux 
    10671788    15112082    16580349    15196529    12173453     4126535    14349879    14774021     1833402    14749546    12999650    11317858    16659325    10501234     7001243    11690730    15931723    11335180     5068908     1086744     3192185    13920432    14783369     9387395    -4011707
  
 ====== DUMPING at point            1
 propag    0.0000000000000000        0.0000000000000000        0.0000000000000000        0.0000000000000000     
 test props.    0.0000000000000000        0.0000000000000000     
 Var           1.6368878845851695     
 Var before    1.1753253918903972     
 iev, nphot and rad. pattern    0.0000000000000000                0               0           0           0           0
 partons...            1          -1
 x1 & x2   0.99978361970231511       0.92283513222221691     
 sv & ME    1.0000000000000000        1910.5233625844680     
 plepton   =    48.026957244905496        14.823762922756391       -38.968132459820637        23.839424571836862     
 pneutrino =    48.026957244905496       -14.823762922756391        38.968132459820637       -23.839424571836862     
 pleptonlab   =    49.020353184107428        14.823762922756391       -38.968132459820637        25.782252966080172     
 pneutrinolab =    47.110584412119145       -14.823762922756391        38.968132459820637       -21.934828592075263     
 sqrt(s) =    96.053914489810992     
 sqrt_fs_cm =    96.053914489810992     
 phind channel           0
 bbb pw(0) qmod c1q   0.0000000000000000        0.0000000000000000        0.0000000000000000        0.0000000000000000     
 reduced to Born momenta
   48.026957244905489        0.0000000000000000        0.0000000000000000        48.026906464797207     
   48.026957244905503        0.0000000000000000        0.0000000000000000       -48.026906464797221     
   48.026957244905496        14.823762922756391       -38.968132459820637        23.839424571836862     
   48.026957244905496       -14.823762922756391        38.968132459820637       -23.839424571836862     
 isvec for ranlux 
     1467315    14552326     9549605    16451063     2447372     8870742    12068471    12007007     6978230    16284214     8468817    11598645    11614625     5336374     3803737    12939294     6082334     4537718    14679745    16308527    16057847    10631340     7612034     5753259    -4182212
  
 ====== DUMPING at point            1
 propag    0.0000000000000000        0.0000000000000000        0.0000000000000000        0.0000000000000000     
 test props.    0.0000000000000000        0.0000000000000000     
 Var           1.4048647286090286     
 Var before   0.73077224226180637     
 iev, nphot and rad. pattern    0.0000000000000000                0               0           0           0           0
 partons...            1          -1
 x1 & x2   0.99980215516542470       0.84609440230727717     
 sv & ME    1.0000000000000000        24671.713184195894     
 plepton   =    45.987145130466025       -19.741742014567414        28.903903401633904        29.826738741242842     
 pneutrino =    45.987145130465997        19.741742014567414       -28.903903401633904       -29.826738741242842     
 pleptonlab   =    48.639741398109685       -19.741742014567414        28.903903401633904        33.773381085742621     
 pneutrinolab =    43.655086475525394        19.741742014567414       -28.903903401633904       -26.087993442835238     
 sqrt(s) =    91.974290260932023     
 sqrt_fs_cm =    91.974290260932023     
 phind channel           0
 bbb pw(0) qmod c1q   0.0000000000000000        0.0000000000000000        0.0000000000000000        0.0000000000000000     
 reduced to Born momenta
   45.987145130466011        0.0000000000000000        0.0000000000000000        45.987092097945741     
   45.987145130466011        0.0000000000000000        0.0000000000000000       -45.987092097945741     
   45.987145130466025       -19.741742014567414        28.903903401633904        29.826738741242842     
   45.987145130465997        19.741742014567414       -28.903903401633904       -29.826738741242842     
 isvec for ranlux 
    10133792     8012408     5802471    15848650     3998090     8366287     8259760     7239157    11187399     3051700     1592070     1617504     4202411     2209282     7734370    11322307     8269585      641457    12859162     4265691     8778025    14458014    14989513     8307982     4112111
  
 ====== DUMPING at point            1
 propag    0.0000000000000000        0.0000000000000000        0.0000000000000000        0.0000000000000000     
 test props.    0.0000000000000000        0.0000000000000000     
 Var          0.48887288881924024     
 Var before   0.43728378462758904     
 iev, nphot and rad. pattern    0.0000000000000000                0               0           0           0           0
 partons...            1          -1
 x1 & x2   0.99989476659847010       0.82614244174938667     
 sv & ME    1.0000000000000000        14970.171370465639     
 plepton   =    45.443797815821171       -19.781350230874111       -27.628160729321475       -30.174666758591393     
 pneutrino =    45.443797815821156        19.781350230874111        27.628160729321475        30.174666758591393     
 pleptonlab   =    42.766643049147937       -19.781350230874111       -27.628160729321475       -25.968394477904116     
 pneutrinolab =    48.535217368244886        19.781350230874111        27.628160729321475        34.656010720358289     
 sqrt(s) =    90.887595631642327     
 sqrt_fs_cm =    90.887595631642327     
 phind channel           0
 bbb pw(0) qmod c1q   0.0000000000000000        0.0000000000000000        0.0000000000000000        0.0000000000000000     
 reduced to Born momenta
   45.443797815821171        0.0000000000000000        0.0000000000000000        45.443744149218524     
   45.443797815821156        0.0000000000000000        0.0000000000000000       -45.443744149218510     
   45.443797815821171       -19.781350230874111       -27.628160729321475       -30.174666758591393     
   45.443797815821156        19.781350230874111        27.628160729321475        30.174666758591393     
 isvec for ranlux 
     3688637    14053662    12588071    11536133     9988281    14201265     3023778     8336309     7700588     7389476     2663606     3417323    12053979    11535674     1089984     3050167    10818579       42031    11733593     9268692    14754184    14106291    10624018      593816     4181909
  
