 ====== DUMPING at point            1
 propag    0.0000000000000000        0.0000000000000000        0.0000000000000000        0.0000000000000000     
 test props.    0.0000000000000000        0.0000000000000000     
 Var           1.8314878962605667     
 Var before    0.0000000000000000     
 iev, nphot and rad. pattern    0.0000000000000000                0               0           1           0           0
 partons...            1          -1
 x1 & x2   0.94693539778351188       0.97588642440755047     
 sv & ME   0.57851552213030122        1058.6717889048145     
 plepton   =    48.065096470513126       -21.088354795801298        38.359754645008636       -19.850764484256235     
 pneutrino =    48.065096470513112        21.088354795801298       -38.359754645008636        19.850764484256235     
 pleptonlab   =    48.369463092289365       -21.088354795801298        38.359754645008636       -20.576790608013148     
 pneutrinolab =    47.771628017263772        21.088354795801298       -38.359754645008636        19.129239276811219     
 sqrt(s) =    96.130192941026237     
 sqrt_fs_cm =    96.130192941026237     
 phind channel           0
 bbb pw(0) qmod c1q   0.0000000000000000        0.0000000000000000        0.0000000000000000        0.0000000000000000     
 reduced to Born momenta
   48.065096470513119        0.0000000000000000        0.0000000000000000        48.065045730698444     
   48.065096470513119        0.0000000000000000        0.0000000000000000       -48.065045730698444     
   48.065096470513126       -21.088354795801298        38.359754645008636       -19.850764484256235     
   48.065096470513112        21.088354795801298       -38.359754645008636        19.850764484256235     
 isvec for ranlux 
     9644655    14614328     8305202     5902523     6611641    14048799     7267313     8683348    14048746     9318201     4464668     5476536     8218591     7359978     7668616    13721940      957152    13197359    14184585     9294164    15939178     5902395     5267822    14659295     4211303
  
 ====== DUMPING at point            1
 propag    0.0000000000000000        0.0000000000000000        0.0000000000000000        0.0000000000000000     
 test props.    0.0000000000000000        0.0000000000000000     
 Var           2.9064451462573961     
 Var before    1.8314878962605667     
 iev, nphot and rad. pattern    0.0000000000000000                0               0           1           0           0
 partons...            1          -1
 x1 & x2   0.94611335883528735       0.89717972401848445     
 sv & ME   0.56113880442491670        18991.025418135239     
 plepton   =    46.066086282916544       -23.377545502662908       -29.815654687771836        26.202867086334624     
 pneutrino =    46.066086282916530        23.377545502662908        29.815654687771836       -26.202867086334624     
 pleptonlab   =    46.778176031293519       -23.377545502662908       -29.815654687771836        27.435445885454268     
 pneutrinolab =    45.386478111395078        23.377545502662908        29.815654687771836       -24.988764144614120     
 sqrt(s) =    92.132172565833073     
 sqrt_fs_cm =    92.132172565833073     
 phind channel           0
 bbb pw(0) qmod c1q   0.0000000000000000        0.0000000000000000        0.0000000000000000        0.0000000000000000     
 reduced to Born momenta
   46.066086282916544        0.0000000000000000        0.0000000000000000        46.066033341275563     
   46.066086282916530        0.0000000000000000        0.0000000000000000       -46.066033341275549     
   46.066086282916544       -23.377545502662908       -29.815654687771836        26.202867086334624     
   46.066086282916530        23.377545502662908        29.815654687771836       -26.202867086334624     
 isvec for ranlux 
      778671     5844720     9587749    10340955     5767304     1229801     7106317     9230034     7070010     1656684    15462261     7797679    14988199    15435044     9850695     6896914     2215452    12845121     6405628     3024976     4819489    10459877     1149857     7981361    -4092010
  
 ====== DUMPING at point            1
 propag    0.0000000000000000        0.0000000000000000        0.0000000000000000        0.0000000000000000     
 test props.    0.0000000000000000        0.0000000000000000     
 Var           2.1976541182777289     
 Var before    1.7316160264343299     
 iev, nphot and rad. pattern    0.0000000000000000                1               0           0           1           0
 partons...            1          -1
 x1 & x2   0.86162213987822611       0.95881440568901921     
 sv & ME   0.58215617407784837        4789111510.5919514     
 plepton   =    45.439552118982093        27.907283267128136        14.829818233523966       -32.649682462332350     
 pneutrino =    45.445942796927369       -27.910932680623084       -14.833094036719181        32.653969302455366     
 pleptonlab   =    47.250093476047844        27.907283267128136        14.829818233523966       -35.125776882692591     
 pneutrinolab =    43.764981767540142       -27.910932680623084       -14.833094036719181        30.270804806235720     
 sqrt(s) =    90.892008448259205     
 sqrt_fs_cm =    90.885494682505310     
 phind channel           0
 bbb pw(0) qmod c1q   0.0000000000000000        0.0000000000000000        0.0000000000000000        0.0000000000000000     
 reduced to Born momenta
   45.446004224129602        0.0000000000000000        0.0000000000000000        45.445950560132474     
   45.446004224129602        0.0000000000000000        0.0000000000000000       -45.445950560132474     
   45.446004224129602        27.911108167021435        14.832519054123319       -32.654165976886247     
   45.446004224129602       -27.911108167021435       -14.832519054123319        32.654165976886247     
 >> Photon n.           1
 cm momentum     6.5135323497436714E-003   3.6494134949475706E-003   3.2758031952150337E-003  -4.2868401230126193E-003
 lab momentum    6.7520347742778732E-003   3.6494134949475706E-003   3.2758031952150337E-003  -4.6412140827773911E-003
 c_ph_up   -0.65814367578619926     
 c_ph_up lab  -0.68738006214930469     
 c_ph_lep  0.98113856417381162     
 c_ph_lep lab   0.98250201139142246     
 isvec for ranlux 
    13077225     6767474    12978143    11216133     7787453     7756591     1456377     6700084     7382700    12480500    14719702    13291644     7895789     6891298      102469     9060833    10785562     3405521     1113041     5184210    10069583      203884    13164889     3691341     4042414
  
 ====== DUMPING at point            1
 propag    0.0000000000000000        0.0000000000000000        0.0000000000000000        0.0000000000000000     
 test props.    0.0000000000000000        0.0000000000000000     
 Var           2.0973128748608230     
 Var before    1.7374788011745337     
 iev, nphot and rad. pattern    0.0000000000000000                0               0           1           0           0
 partons...            1          -1
 x1 & x2   0.98503552118610049       0.87618900874665939     
 sv & ME   0.56020191118287088        9471.8984474338158     
 plepton   =    46.450976762827558        22.494598203614139        34.828474442122044        20.944032520546020     
 pneutrino =    46.450976762827558       -22.494598203614139       -34.828474442122044       -20.944032520546020     
 pleptonlab   =    47.757543797013071        22.494598203614139        34.828474442122044        23.701102200626980     
 pneutrinolab =    45.303682699624915       -22.494598203614139       -34.828474442122044       -18.258776578654928     
 sqrt(s) =    92.901953525655117     
 sqrt_fs_cm =    92.901953525655117     
 phind channel           0
 bbb pw(0) qmod c1q   0.0000000000000000        0.0000000000000000        0.0000000000000000        0.0000000000000000     
 reduced to Born momenta
   46.450976762827551        0.0000000000000000        0.0000000000000000        46.450924259858866     
   46.450976762827565        0.0000000000000000        0.0000000000000000       -46.450924259858880     
   46.450976762827558        22.494598203614139        34.828474442122044        20.944032520546020     
   46.450976762827558       -22.494598203614139       -34.828474442122044       -20.944032520546020     
 isvec for ranlux 
     2097233     6471148     4378437     8640871    15711293     8225040    11065883    15787977     7243899     4917269    11956633    15358016     1047827     9592925      229606     7295905     6628324     2019165    14002484    11234980     6728922     2987987     4664818    12003099    -4080923
  
 ====== DUMPING at point            1
 propag    0.0000000000000000        0.0000000000000000        0.0000000000000000        0.0000000000000000     
 test props.    0.0000000000000000        0.0000000000000000     
 Var           2.3533744306630502     
 Var before    1.8626128329804787     
 iev, nphot and rad. pattern    0.0000000000000000                2               0           0           1           1
 partons...            1          -1
 x1 & x2   0.89887312733542668       0.95529983933286655     
 sv & ME   0.56970841258113558        29828771936.405991     
 plepton   =    46.261916792011128       -29.608502962282316        4.9263951498579299        35.202570428016593     
 pneutrino =    46.138699545041760        29.494632936291975       -5.0178746383097508       -35.123439382893253     
 pleptonlab   =    45.211562890528157       -29.608502962282316        4.9263951498579299        33.810374716537666     
 pneutrinolab =    47.229461135549904        29.494632936291975       -5.0178746383097508       -36.544471504326879     
 sqrt(s) =    92.665708550907027     
 sqrt_fs_cm =    92.400467005666783     
 phind channel           0
 bbb pw(0) qmod c1q   0.0000000000000000        0.0000000000000000        0.0000000000000000        0.0000000000000000     
 reduced to Born momenta
   46.332854275453514        0.0000000000000000        0.0000000000000000        46.332801638631906     
   46.332854275453514        0.0000000000000000        0.0000000000000000       -46.332801638631906     
   46.332854275453521       -29.636360017818301        4.9864383897556879        35.263916667017789     
   46.332854275453506        29.636360017818301       -4.9864383897556879       -35.263916667017789     
 >> Photon n.           1
 cm momentum     5.4649084741674653E-002  -3.4608095613791037E-002   4.5536351170896829E-003   4.2048383896528554E-002
 lab momentum    5.3394187062589527E-002  -3.4608095613791037E-002   4.5536351170896829E-003   4.0404001500865074E-002
 c_ph_up    0.76942521718873413     
 c_ph_up lab   0.75671161457150482     
 c_ph_lep  0.99967299826034384     
 c_ph_lep lab   0.99965753669082758     
 >> Photon n.           2
 cm momentum    0.21044312911246352       0.14847812160413296        8.6925853334731490E-002 -0.12117942901987147     
 lab momentum   0.21423012027400473       0.14847812160413296        8.6925853334731490E-002 -0.12764281358365465     
 c_ph_up   -0.57582981934806543     
 c_ph_up lab  -0.59582104243976930     
 c_ph_lep -0.84575322501549488     
 c_ph_lep lab  -0.85524805835252726     
 isvec for ranlux 
     7705512     6767400    12346605     2442596     4398068    14780140    11606138    14688674    13412440     5267269    10109083     1735670     8876049    16397594    14292833    16049731     7015236     2292865    16408353     4672107     7144624     1147718    13770713    15989233    -4151606
  
 ====== DUMPING at point            1
 propag    0.0000000000000000        0.0000000000000000        0.0000000000000000        0.0000000000000000     
 test props.    0.0000000000000000        0.0000000000000000     
 Var           1.9543870586207226     
 Var before    1.4451120032342528     
 iev, nphot and rad. pattern    0.0000000000000000                2               1           0           1           0
 partons...            1          -1
 x1 & x2   0.99161041871573541       0.84136707336968153     
 sv & ME   0.58074047030123832        30821391.665202186     
 plepton   =    45.104529695434586        4.3660178048903564       -29.221096767174018       -34.080387726751361     
 pneutrino =    45.261119203531557       -5.1020797270384763        29.456718886542916        33.982763907059606     
 pleptonlab   =    42.453923492249757        4.3660178048903564       -29.221096767174018       -30.485895893759793     
 pneutrinolab =    48.208798257731978       -5.1020797270384763        29.456718886542916        37.819936021381125     
 sqrt(s) =    91.340481491929026     
 sqrt_fs_cm =    90.362291170513586     
 phind channel           0
 bbb pw(0) qmod c1q   0.0000000000000000        0.0000000000000000        0.0000000000000000        0.0000000000000000     
 reduced to Born momenta
   45.286084992435327        0.0000000000000000        0.0000000000000000        45.286031138933737     
   45.286084992435313        0.0000000000000000        0.0000000000000000       -45.286031138933723     
   45.286084992435335        4.7447246870055952       -29.406949523293530       -34.110661641627459     
   45.286084992435306       -4.7447246870055952        29.406949523293530        34.110661641627459     
 >> Photon n.           1
 cm momentum    0.76508017653419902       0.71756301898373032       -9.1698614491222075E-002  0.24908302714746774     
 lab momentum   0.78814879611878574       0.71756301898373032       -9.1698614491222075E-002  0.31284693175870570     
 c_ph_up    0.32556460719686908     
 c_ph_up lab   0.39693891978178575     
 c_ph_lep  -7.7558287261088404E-002
 c_ph_lep lab  -0.11132703397022096     
 >> Photon n.           2
 cm momentum    0.20975241642868750        1.8498903164389770E-002 -0.14392350487767613      -0.15145920745571592     
 lab momentum   0.19800405817034403        1.8498903164389770E-002 -0.14392350487767613      -0.13471979207735230     
 c_ph_up   -0.72208563807992965     
 c_ph_up lab  -0.68038904516518584     
 c_ph_lep  0.99866813852485403     
 c_ph_lep lab   0.99850103394374790     
 isvec for ranlux 
    10482904     1249819    12058037    14159976    14147930     6205970     8604369     9431829     9704793     2911077    12566670     7519744     8037451     9579103     1801853     7051106     4729559     8526420      295591      567446    12330918     8671797    12046268    10350963     4080418
  
 ====== DUMPING at point            1
 propag    0.0000000000000000        0.0000000000000000        0.0000000000000000        0.0000000000000000     
 test props.    0.0000000000000000        0.0000000000000000     
 Var           2.1916123745024834     
 Var before    1.6831093422838812     
 iev, nphot and rad. pattern    0.0000000000000000                0               0           0           1           0
 partons...            1          -1
 x1 & x2   0.78801170418191668       0.99690016282409055     
 sv & ME   0.56021300019381781        3924.8411833155451     
 plepton   =    44.316165115176709       -10.097712373767406        36.581376573730886        22.885594150287965     
 pneutrino =    44.316165115176709        10.097712373767406       -36.581376573730886       -22.885594150287965     
 pleptonlab   =    41.925961065198663       -10.097712373767406        36.581376573730886        17.821732248483695     
 pneutrinolab =    47.319632285101711        10.097712373767406       -36.581376573730886       -28.266155180592389     
 sqrt(s) =    88.632330230353418     
 sqrt_fs_cm =    88.632330230353418     
 phind channel           0
 bbb pw(0) qmod c1q   0.0000000000000000        0.0000000000000000        0.0000000000000000        0.0000000000000000     
 reduced to Born momenta
   44.316165115176709        0.0000000000000000        0.0000000000000000        44.316110083016142     
   44.316165115176709        0.0000000000000000        0.0000000000000000       -44.316110083016142     
   44.316165115176709       -10.097712373767406        36.581376573730886        22.885594150287965     
   44.316165115176709        10.097712373767406       -36.581376573730886       -22.885594150287965     
 isvec for ranlux 
     1529830    10969541     5398952    14836342    16636312     5190420     1470932    12386847    11625234     6824400      810679     8482292     6601895    16231455    13558496     6713029     1261892      214096    11394427     5414534     6660712     4299797     3825772    15586491    -4101909
  
 ====== DUMPING at point            1
 propag    0.0000000000000000        0.0000000000000000        0.0000000000000000        0.0000000000000000     
 test props.    0.0000000000000000        0.0000000000000000     
 Var           1.9765168271544260     
 Var before    1.5094514473042668     
 iev, nphot and rad. pattern    0.0000000000000000                1               1           0           0           0
 partons...            1          -1
 x1 & x2   0.99906993316453185       0.77321380600730605     
 sv & ME   0.56018105551570652        8256972084.9514475     
 plepton   =    43.940377157347662        23.698410671641494        30.481184892397046        20.976851056157777     
 pneutrino =    43.943980211434010       -23.698553824363277       -30.481231610595508       -20.984167824014985     
 pleptonlab   =    46.996809210730014        23.698410671641494        30.481184892397046        26.794992283858278     
 pneutrinolab =    41.609059171971154       -23.698553824363277       -30.481231610595508       -15.510503138844939     
 sqrt(s) =    87.891675686017763     
 sqrt_fs_cm =    87.884357064075758     
 phind channel           0
 bbb pw(0) qmod c1q   0.0000000000000000        0.0000000000000000        0.0000000000000000        0.0000000000000000     
 reduced to Born momenta
   43.942178532037879        0.0000000000000000        0.0000000000000000        43.942123031504643     
   43.942178532037879        0.0000000000000000        0.0000000000000000       -43.942123031504643     
   43.942178532037879        23.698482246535146        30.481208251017435        20.980509365093766     
   43.942178532037879       -23.698482246535146       -30.481208251017435       -20.980509365093766     
 >> Photon n.           1
 cm momentum     7.3183172360942262E-003   1.4315272178306367E-004   4.6718198461803925E-005   7.3167678572093851E-003
 lab momentum    8.3185758907397978E-003   1.4315272178306367E-004   4.6718198461803925E-005   8.3172128479542945E-003
 c_ph_up    0.99978828754823590     
 c_ph_up lab   0.99983614469550963     
 c_ph_lep  0.49227201710170992     
 c_ph_lep lab   0.58237312139836783     
 isvec for ranlux 
     4582103    14909827     6058609    16033389    16400909    10270577    12793303      310030     7779432    12399011     3122562     7325754    11785470    16087410     4035484     7020979    11753393     9284947      731009     1133262     6407025    14657548    11290772     1908909    -4011606
  
 ====== DUMPING at point            1
 propag    0.0000000000000000        0.0000000000000000        0.0000000000000000        0.0000000000000000     
 test props.    0.0000000000000000        0.0000000000000000     
 Var           1.1974273401929256     
 Var before    1.0173614503053101     
 iev, nphot and rad. pattern    0.0000000000000000                0               0           1           0           0
 partons...            1          -1
 x1 & x2   0.99834388729673429       0.84442672290572962     
 sv & ME   0.57263132410730500        14474.426722145117     
 plepton   =    45.908285120524511       -15.030743376257512       -43.182975466003235       -4.1069285939198661     
 pneutrino =    45.908285120524496        15.030743376257512        43.182975466003235        4.1069285939198661     
 pleptonlab   =    45.725031745863362       -15.030743376257512       -43.182975466003235      -0.27340067373063004     
 pneutrinolab =    46.413498764259849        15.030743376257512        43.182975466003235        7.9692588932808697     
 sqrt(s) =    91.816570241049007     
 sqrt_fs_cm =    91.816570241049007     
 phind channel           0
 bbb pw(0) qmod c1q   0.0000000000000000        0.0000000000000000        0.0000000000000000        0.0000000000000000     
 reduced to Born momenta
   45.908285120524503        0.0000000000000000        0.0000000000000000        45.908231996906302     
   45.908285120524503        0.0000000000000000        0.0000000000000000       -45.908231996906302     
   45.908285120524511       -15.030743376257512       -43.182975466003235       -4.1069285939198661     
   45.908285120524496        15.030743376257512        43.182975466003235        4.1069285939198661     
 isvec for ranlux 
    15697820    13958964    15496225    11578598     1704967     5619974     9875627     7164025     7377212     9094670     8478077    13805758     9465217     1972369     1888418    13095976    15555016    16310036     7352882    14970220     9477691      555846    10078497      522600     4061606
  
 ====== DUMPING at point            1
 propag    0.0000000000000000        0.0000000000000000        0.0000000000000000        0.0000000000000000     
 test props.    0.0000000000000000        0.0000000000000000     
 Var           1.3468197261652299     
 Var before   0.92248907388456203     
 iev, nphot and rad. pattern    0.0000000000000000                1               0           0           1           0
 partons...            1          -1
 x1 & x2   0.96472912457459348       0.99985227665595089     
 sv & ME   0.56207168884279957        31658357348.521011     
 plepton   =    49.106043338979589        47.772614220505709        10.746174665705992        3.6999174735592470     
 pneutrino =    49.106682165864335       -47.773217153194189       -10.746376451238815       -3.7000250877207987     
 pleptonlab   =    49.047734704427420        47.772614220505709        10.746174665705992        2.8224415914774688     
 pneutrinolab =    49.180692332526966       -47.773217153194189       -10.746376451238815       -4.5786952963941472     
 sqrt(s) =    98.213370350589713     
 sqrt_fs_cm =    98.212725502726940     
 phind channel           0
 bbb pw(0) qmod c1q   0.0000000000000000        0.0000000000000000        0.0000000000000000        0.0000000000000000     
 reduced to Born momenta
   49.106685175294857        0.0000000000000000        0.0000000000000000        49.106635511709861     
   49.106685175294857        0.0000000000000000        0.0000000000000000       -49.106635511709861     
   49.106685175294857        47.773229356068924        10.746346116667842        3.6999955739525152     
   49.106685175294857       -47.773229356068924       -10.746346116667842       -3.6999955739525152     
 >> Photon n.           1
 cm momentum     6.4484574578833507E-004   6.0293268848001912E-004   2.0178553282399202E-004   1.0761416155185183E-004
 lab momentum    6.4302457280885120E-004   6.0293268848001912E-004   2.0178553282399202E-004   9.6100848805823362E-005
 c_ph_up    0.16688357216390046     
 c_ph_up lab   0.14945128517567680     
 c_ph_lep  0.99066837144949960     
 c_ph_lep lab   0.99063081357855942     
 isvec for ranlux 
     8580474     7453528     6610367     9370130     6454595    13285363    12880910       20013     9703009    16699534     1920148     6241711     6714350     8434631    10339274    15950484     7679134     4788915     9680677     9420690    13578033     7433776    11266006     2295994     4192111
  
 ====== DUMPING at point            1
 propag    0.0000000000000000        0.0000000000000000        0.0000000000000000        0.0000000000000000     
 test props.    0.0000000000000000        0.0000000000000000     
 Var           1.1009404347066043     
 Var before   0.78950409127483734     
 iev, nphot and rad. pattern    0.0000000000000000                0               0           1           0           1
 partons...            1          -1
 x1 & x2   0.99981218513441716       0.85378213842140493     
 sv & ME   0.57468856050240857        13368.634084781146     
 plepton   =    46.195827339810705        17.936102959018417       -19.255187614041628       -37.968108466312657     
 pneutrino =    46.195827339810677       -17.936102959018417        19.255187614041628        37.968108466312657     
 pleptonlab   =    43.339324830688170        17.936102959018417       -19.255187614041628       -34.435735416569585     
 pneutrinolab =    49.340391347102944       -17.936102959018417        19.255187614041628        41.737237752220196     
 sqrt(s) =    92.391654679621382     
 sqrt_fs_cm =    92.391654679621382     
 phind channel           0
 bbb pw(0) qmod c1q   0.0000000000000000        0.0000000000000000        0.0000000000000000        0.0000000000000000     
 reduced to Born momenta
   46.195827339810691        0.0000000000000000        0.0000000000000000        46.195774546856562     
   46.195827339810691        0.0000000000000000        0.0000000000000000       -46.195774546856562     
   46.195827339810705        17.936102959018417       -19.255187614041628       -37.968108466312657     
   46.195827339810677       -17.936102959018417        19.255187614041628        37.968108466312657     
 isvec for ranlux 
    16005597     8434417    14436132    13695452    14164085      961699    13764582       67402     7211444    14390456      970651      358280     3303569    11896123     6216082     9295383     9040778    13778432     3232438     8688432    14560231     5902029      962798     8581584    -4231606
  
 ====== DUMPING at point            1
 propag    0.0000000000000000        0.0000000000000000        0.0000000000000000        0.0000000000000000     
 test props.    0.0000000000000000        0.0000000000000000     
 Var          0.70122679518873421     
 Var before   0.62105738146702527     
 iev, nphot and rad. pattern    0.0000000000000000                0               0           1           0           0
 partons...            1          -1
 x1 & x2   0.82713254650864143       0.99975779602412940     
 sv & ME   0.55981189774807849        22568.852242484678     
 plepton   =    45.467906585780504       -33.908964118038163        17.267976409227110        24.886110760297015     
 pneutrino =    45.467906585780518        33.908964118038163       -17.267976409227110       -24.886110760297015     
 pleptonlab   =    43.310168793823557       -33.908964118038163        17.267976409227110        20.682328215894767     
 pneutrinolab =    48.034348332814986        33.908964118038163       -17.267976409227110       -29.313590691669166     
 sqrt(s) =    90.935813171561023     
 sqrt_fs_cm =    90.935813171561023     
 phind channel           0
 bbb pw(0) qmod c1q   0.0000000000000000        0.0000000000000000        0.0000000000000000        0.0000000000000000     
 reduced to Born momenta
   45.467906585780511        0.0000000000000000        0.0000000000000000        45.467852947633922     
   45.467906585780511        0.0000000000000000        0.0000000000000000       -45.467852947633922     
   45.467906585780504       -33.908964118038163        17.267976409227110        24.886110760297015     
   45.467906585780518        33.908964118038163       -17.267976409227110       -24.886110760297015     
 isvec for ranlux 
     1457327    11843211      842130     1627129    13128769     2257102     8061877     9626046    13167356     9311311       68476    11689171     5193999    15602726    13809534     9598677    15490076    16534941     4561603     1137849      146632    16199119     3483777    15651896    -4100317
  
 ====== DUMPING at point            1
 propag    0.0000000000000000        0.0000000000000000        0.0000000000000000        0.0000000000000000     
 test props.    0.0000000000000000        0.0000000000000000     
 Var          0.72190204870184249     
 Var before   0.64556325111313373     
 iev, nphot and rad. pattern    0.0000000000000000                1               0           0           0           1
 partons...            1          -1
 x1 & x2   0.81158949500629429       0.99956274832764047     
 sv & ME   0.55946076324502658        3111071720.8273201     
 plepton   =    45.034215346319137       -6.4189534584230303       -38.474871801455777        22.506680442200253     
 pneutrino =    45.029949040623400        6.4188568620691751        38.470686955367164       -22.505325340374043     
 pleptonlab   =    42.930164854475301       -6.4189534584230303       -38.474871801455777        17.929561263486047     
 pneutrinolab =    47.622882179961060        6.4188568620691751        38.470686955367164       -27.326402346474268     
 sqrt(s) =    90.068564224280479     
 sqrt_fs_cm =    90.064164279471555     
 phind channel           0
 bbb pw(0) qmod c1q   0.0000000000000000        0.0000000000000000        0.0000000000000000        0.0000000000000000     
 reduced to Born momenta
   45.034282112140239        0.0000000000000000        0.0000000000000000        45.034227957523974     
   45.034282112140239        0.0000000000000000        0.0000000000000000       -45.034227957523974     
   45.034282112140239       -6.4192187464666430       -38.474658867056725        22.507102377094014     
   45.034282112140239        6.4192187464666430        38.474658867056725       -22.507102377094014     
 >> Photon n.           1
 cm momentum     4.3998373379417043E-003   9.6596353855442352E-005   4.1848460886117246E-003  -1.3551018262104621E-003
 lab momentum    4.5651322604047537E-003   9.6596353855442352E-005   4.1848460886117246E-003  -1.8215830790938969E-003
 c_ph_up   -0.30798907371525575     
 c_ph_up lab  -0.39902087720288565     
 c_ph_lep -0.96965636641843633     
 c_ph_lep lab  -0.99137857853383460     
 isvec for ranlux 
    14521119     3284366     3463762    11480123     3336141    13887286     8647963     5115281    11781391     9822864    14374850       23828     6429012     3846061     5815448    12970300     6645149    13960673    15889545     2643589     8059802     5945202    14697481       61957    -4221909
  
 ====== DUMPING at point            1
 propag    0.0000000000000000        0.0000000000000000        0.0000000000000000        0.0000000000000000     
 test props.    0.0000000000000000        0.0000000000000000     
 Var          0.76240383971000159     
 Var before   0.62315974970496146     
 iev, nphot and rad. pattern    0.0000000000000000                2               0           0           1           1
 partons...            1          -1
 x1 & x2   0.99952745886944994       0.87619870094239338     
 sv & ME   0.56743845413666039        242771195.87978938     
 plepton   =    42.275678416580661        17.553999657620899       -28.145079270413916        26.209414926187076     
 pneutrino =    46.649379738347278       -20.640618401218958        30.054984006905073       -29.100107811501299     
 pleptonlab   =    44.094358333989348        17.553999657620899       -28.145079270413916        29.051899801512967     
 pneutrinolab =    44.833063985180225       -20.640618401218958        30.054984006905073       -26.089370842696404     
 sqrt(s) =    93.583367166268573     
 sqrt_fs_cm =    88.803912701689597     
 phind channel           0
 bbb pw(0) qmod c1q   0.0000000000000000        0.0000000000000000        0.0000000000000000        0.0000000000000000     
 reduced to Born momenta
   46.791683583134287        0.0000000000000000        0.0000000000000000        46.791631462458739     
   46.791683583134287        0.0000000000000000        0.0000000000000000       -46.791631462458739     
   46.791683583134294        20.085114782510669       -30.641448065476322        29.105674935942982     
   46.791683583134279       -20.085114782510669        30.641448065476322       -29.105674935942982     
 >> Photon n.           1
 cm momentum     4.6491022827328035        3.0911380483354454       -1.9151572391813256        2.8967551416465396     
 lab momentum    4.8500584344612818        3.0911380483354454       -1.9151572391813256        3.2093776862552845     
 c_ph_up    0.62307838491860168     
 c_ph_up lab   0.66171938536896513     
 c_ph_lep  0.93661961154071727     
 c_ph_lep lab   0.94175153684020829     
 >> Photon n.           2
 cm momentum     9.2067286078326271E-003  -4.5193047373867342E-003   5.2525026901678908E-003  -6.0622563323152693E-003
 lab momentum    8.8272369613213511E-003  -4.5193047373867342E-003   5.2525026901678908E-003  -5.4687487190152239E-003
 c_ph_up   -0.65845932801340556     
 c_ph_up lab  -0.61953120132356865     
 c_ph_lep -0.99186240043921692     
 c_ph_lep lab  -0.99180764042048053     
 isvec for ranlux 
     9694957     1252334     7167226    16399770     5334141    13250981    11984409     2603513     3627080     4384046     3205779    13795264     8270940     7640603    12795748       19997    12743485    14635427     5286932    15315727    15130947     8180743    14720784    11532738    -4080923
  
 ====== DUMPING at point            1
 propag    0.0000000000000000        0.0000000000000000        0.0000000000000000        0.0000000000000000     
 test props.    0.0000000000000000        0.0000000000000000     
 Var          0.54246031085969171     
 Var before   0.47569553053652658     
 iev, nphot and rad. pattern    0.0000000000000000                3               0           0           1           2
 partons...            1          -1
 x1 & x2   0.99986280222774071       0.81278909890520157     
 sv & ME   0.56249350794061170        10119575492391.525     
 plepton   =    45.014566158287664        36.397996301809798       -6.1159785143511938        25.769762799700430     
 pneutrino =    41.983995180456816       -33.875450079222098        5.7751370905524873       -24.119418756193326     
 pleptonlab   =    47.930058349689972        36.397996301809798       -6.1159785143511938        30.578750820441520     
 pneutrinolab =    39.706792030115999       -33.875450079222098        5.7751370905524873       -19.892708290900789     
 sqrt(s) =    90.148632050160089     
 sqrt_fs_cm =    86.945653296919204     
 phind channel           0
 bbb pw(0) qmod c1q   0.0000000000000000        0.0000000000000000        0.0000000000000000        0.0000000000000000     
 reduced to Born momenta
   45.074316025080044        0.0000000000000000        0.0000000000000000        45.074261918562655     
   45.074316025080044        0.0000000000000000        0.0000000000000000       -45.074261918562655     
   45.074316025080044        36.408343266953246       -6.1615080809459268        25.848620082345946     
   45.074316025080044       -36.408343266953246        6.1615080809459268       -25.848620082345946     
 >> Photon n.           1
 cm momentum     1.3744187551969642E-002   1.0264623483632055E-002  -1.2330470281044575E-003   9.0564778600441213E-003
 lab momentum    1.4757659624351046E-002   1.0264623483632055E-002  -1.2330470281044575E-003   1.0531173598130134E-002
 c_ph_up    0.65893148109334865     
 c_ph_up lab   0.71360729724061733     
 c_ph_lep  0.99329122317608254     
 c_ph_lep lab   0.99413202309468895     
 >> Photon n.           2
 cm momentum     3.0888179917462324       -2.5545150530302498       0.35354387484492328       -1.7000753390766912     
 lab momentum    2.9290030781862919       -2.5545150530302498       0.35354387484492328       -1.3887111306626274     
 c_ph_up   -0.55039673545658496     
 c_ph_up lab  -0.47412416224654508     
 c_ph_lep -0.99935713833126782     
 c_ph_lep lab  -0.98019474339819612     
 >> Photon n.           3
 cm momentum     4.7508532117407472E-002   2.1704206958915721E-002  -1.1469404018112240E-002   4.0674817709543606E-002
 lab momentum    5.1983939030487578E-002   2.1704206958915721E-002  -1.1469404018112240E-002   4.5822593650723387E-002
 c_ph_up    0.85615816563273817     
 c_ph_up lab   0.88147598095345026     
 c_ph_lep  0.89233301417991873     
 c_ph_lep lab   0.90758772850574398     
 isvec for ranlux 
     8192674     9675355    12081709     9480863      986779    11942623     6473535     8765465     4090856     8723139     4116667     2833519      419117    11029292     2425882     3624875     8132952    13471903     1621808    10524330     7978715     5812058      446896     1435424     4221707
  
 ====== DUMPING at point            1
 propag    0.0000000000000000        0.0000000000000000        0.0000000000000000        0.0000000000000000     
 test props.    0.0000000000000000        0.0000000000000000     
 Var          0.33700704855430447     
 Var before   0.28836213668495037     
 iev, nphot and rad. pattern    4.0000000000000000                2               0           0           1           1
 partons...            1          -1
 x1 & x2   0.81376310242263750       0.99980185661041565     
 sv & ME   0.58462282819832068        3900245046477.5859     
 plepton   =    44.558574609572915       -29.703647996556271        16.374893198306733       -28.896566854665174     
 pneutrino =    45.081448359816740        30.056370307696721       -16.530559361251512        29.252026146202283     
 pleptonlab   =    47.774869260796045       -29.703647996556271        16.374893198306733       -33.644957090705489     
 pneutrinolab =    42.303894058889526        30.056370307696721       -16.530559361251512        24.758099684447252     
 sqrt(s) =    90.199881410299241     
 sqrt_fs_cm =    89.638489063915529     
 phind channel           0
 bbb pw(0) qmod c1q   0.0000000000000000        0.0000000000000000        0.0000000000000000        0.0000000000000000     
 reduced to Born momenta
   45.099940705149621        0.0000000000000000        0.0000000000000000        45.099886629374268     
   45.099940705149621        0.0000000000000000        0.0000000000000000       -45.099886629374268     
   45.099940705149621       -30.066626596032915        16.555539370188026       -29.255863843226788     
   45.099940705149621        30.066626596032915       -16.555539370188026        29.255863843226788     
 >> Photon n.           1
 cm momentum    0.54211523656354932      -0.36452695948948310       0.16189653738965598      -0.36714920223384034     
 lab momentum   0.58285285996735714      -0.36452695948948310       0.16189653738965598      -0.42500242747391465     
 c_ph_up   -0.67725305889055454     
 c_ph_up lab  -0.72917618950641683     
 c_ph_lep  0.99719968712649976     
 c_ph_lep lab   0.99757076428879543     
 >> Photon n.           2
 cm momentum     1.7743204346036514E-002   1.1804648349033348E-002  -6.2303744448747216E-003   1.1689910696730116E-002
 lab momentum    1.6631771999715099E-002   1.1804648349033348E-002  -6.2303744448747216E-003   9.9221243432454174E-003
 c_ph_up    0.65883875701073202     
 c_ph_up lab   0.59657650089331327     
 c_ph_lep -0.99981210627288852     
 c_ph_lep lab  -0.98982290165897779     
 isvec for ranlux 
    10876423     5508206     6552395     8586876     3831691     8121497     1468692    10309077    15186285     7188278     4503280     9877336     1366014     5981390     5726979     1082832     5970519     4651962    15890584    14102435     4569516     6677682    13119496    13736282     4202010
  
 ====== DUMPING at point            1
 propag    0.0000000000000000        0.0000000000000000        0.0000000000000000        0.0000000000000000     
 test props.    0.0000000000000000        0.0000000000000000     
 Var          0.33063303348224526     
 Var before   0.28395799219638557     
 iev, nphot and rad. pattern    6.0000000000000000                2               0           0           1           1
 partons...            1          -1
 x1 & x2   0.99985005286215844       0.84397454501042546     
 sv & ME   0.56064293140603816        123016183805.46149     
 plepton   =    44.740417206149125       0.21658685297652425       -42.458203315373382        14.104886722492695     
 pneutrino =    45.791993121093839      -0.16424623864748050        43.469562728116372       -14.396722186327109     
 pleptonlab   =    46.097856767751310       0.21658685297652425       -42.458203315373382        17.951470587508460     
 pneutrinolab =    44.735050030965631      -0.16424623864748050        43.469562728116372       -10.563317517758133     
 sqrt(s) =    91.861199286912750     
 sqrt_fs_cm =    90.526275546499107     
 phind channel           0
 bbb pw(0) qmod c1q   0.0000000000000000        0.0000000000000000        0.0000000000000000        0.0000000000000000     
 reduced to Born momenta
   45.930599643456375        0.0000000000000000        0.0000000000000000        45.930546545647324     
   45.930599643456375        0.0000000000000000        0.0000000000000000       -45.930546545647324     
   45.930599643456375       0.19337872900480110       -43.594462656376400        14.460091641652163     
   45.930599643456375      -0.19337872900480110        43.594462656376400       -14.460091641652163     
 >> Photon n.           1
 cm momentum     1.1912302019136900       -5.1355322693241195E-002  -1.1423064616979448       0.33395803979770478     
 lab momentum    1.2238439322183756       -5.1355322693241195E-002  -1.1423064616979448       0.43622534179243944     
 c_ph_up    0.28034719004035252     
 c_ph_up lab   0.35643870129888583     
 c_ph_lep  0.99819141787823862     
 c_ph_lep lab   0.99829144469771303     
 >> Photon n.           2
 cm momentum    0.13755875775609952       -9.8529163580255048E-004  0.13094704895495138       -4.2122575963291442E-002
 lab momentum   0.13447916269387872       -9.8529163580255048E-004  0.13094704895495138       -3.0603018956120831E-002
 c_ph_up   -0.30621515234949609     
 c_ph_up lab  -0.22756699508743916     
 c_ph_lep -0.99995205742404170     
 c_ph_lep lab  -0.98551005108662482     
 isvec for ranlux 
    13798336     8607402     7564242     6135960     8172408    11356951    12904116    12031075     5356482     9565784     5190119    11828940     9261313    15821424    16481898     3060787     3760646      711049     8167466     5757978    13465270     5714415     5077099     6269482     4100721
  
