 ====== DUMPING at point            1
 propag    0.0000000000000000        0.0000000000000000        0.0000000000000000        0.0000000000000000     
 test props.    0.0000000000000000        0.0000000000000000     
 Var           3.1082289839771744E-002
 Var before    0.0000000000000000     
 iev, nphot and rad. pattern    0.0000000000000000                0               0           0           0           0
 partons...            1          -1
 x1 & x2   0.74789024785724723       0.22417033547339332     
 sv & ME    1.0000000000000000        16.059021282089752     
 plepton   =    45.040239496357088        3.9859177079783992       -5.0780288671488591        44.575083769381337     
 pneutrino =    45.040239496357088       -3.9859177079783992        5.0780288671488591       -44.575083769381337     
 pleptonlab   =    81.970446110521465        3.9859177079783992       -5.0780288671488591        81.715781552378616     
 pneutrinolab =    24.956218055849018       -3.9859177079783992        5.0780288671488591       -24.106591190154674     
 sqrt(s) =    90.080478992714177     
 sqrt_fs_cm =    90.080478992714177     
 phind channel           0
 bbb pw(0) qmod c1q   0.0000000000000000        0.0000000000000000        0.0000000000000000        0.0000000000000000     
 reduced to Born momenta
   97.405798279625330        0.0000000000000000        0.0000000000000000        97.405773241966827     
   97.405798279625330        0.0000000000000000        0.0000000000000000       -97.405773241966827     
   97.405798279625358       -73.202539726239678        17.148747211821028        61.928886809734912     
   97.405798279625301        73.202539726239678       -17.148747211821028       -61.928886809734912     
 isvec for ranlux 
     9644655    14614328     8305202     1457455     1056974    16450356    10467055     4514011      135838    16753179    11474510      425858    13826447     7299317     7668616    13721940      957152    13197359    14184585     9294164    15939178     5902395     5267822    14659295     4102414
  
 ====== DUMPING at point            1
 propag    0.0000000000000000        0.0000000000000000        0.0000000000000000        0.0000000000000000     
 test props.    0.0000000000000000        0.0000000000000000     
 Var          0.38119720198742307     
 Var before    2.1538779221120411E-002
 iev, nphot and rad. pattern    0.0000000000000000                0               0           0           0           0
 partons...            1          -1
 x1 & x2   0.55536211433132865       0.31571526387287419     
 sv & ME    1.0000000000000000        17877.163898644598     
 plepton   =    46.060494865996219        24.704188133782804        27.527512377273428        27.449902997619489     
 pneutrino =    46.060494865996219       -24.704188133782804       -27.527512377273428       -27.449902997619489     
 pleptonlab   =    55.764263763801445        24.704188133782804        27.527512377273428        41.732254916276375     
 pneutrinolab =    40.054247838660871       -24.704188133782804       -27.527512377273428       -15.371101365846380     
 sqrt(s) =    92.120989731992438     
 sqrt_fs_cm =    92.120989731992438     
 phind channel           0
 bbb pw(0) qmod c1q   0.0000000000000000        0.0000000000000000        0.0000000000000000        0.0000000000000000     
 reduced to Born momenta
   46.060494865996219        0.0000000000000000        0.0000000000000000        46.060441917928493     
   46.060494865996219        0.0000000000000000        0.0000000000000000       -46.060441917928493     
   46.060494865996219        24.704188133782804        27.527512377273428        27.449902997619489     
   46.060494865996219       -24.704188133782804       -27.527512377273428       -27.449902997619489     
 isvec for ranlux 
      778671     5844720     9587749    10340955     5767304     1229801     7106317     9230034     7070010     1656684    15462261     7797679    14988199    15435044     9850695     6896914     2215452    12845121     6405628     3024976     4819489    10459877     1149857     7981361    -4092010
  
 ====== DUMPING at point            1
 propag    0.0000000000000000        0.0000000000000000        0.0000000000000000        0.0000000000000000     
 test props.    0.0000000000000000        0.0000000000000000     
 Var          0.26443506963037144     
 Var before   0.23190043930176016     
 iev, nphot and rad. pattern    0.0000000000000000                0               0           0           0           0
 partons...            1          -1
 x1 & x2   0.25552760741127106       0.67195896363336971     
 sv & ME    1.0000000000000000        19706.926625569715     
 plepton   =    45.580908302655473        10.309786833206164        33.938443086651539       -28.626882720819985     
 pneutrino =    45.580908302655473       -10.309786833206164       -33.938443086651539        28.626882720819985     
 pleptonlab   =    65.396341754510630        10.309786833206164        33.938443086651539       -54.941429973101769     
 pneutrinolab =    36.627181060399863       -10.309786833206164       -33.938443086651539        9.1339807886709181     
 sqrt(s) =    91.161816605310946     
 sqrt_fs_cm =    91.161816605310946     
 phind channel           0
 bbb pw(0) qmod c1q   0.0000000000000000        0.0000000000000000        0.0000000000000000        0.0000000000000000     
 reduced to Born momenta
   45.580908302655473        0.0000000000000000        0.0000000000000000        45.580854797485827     
   45.580908302655473        0.0000000000000000        0.0000000000000000       -45.580854797485827     
   45.580908302655473        10.309786833206164        33.938443086651539       -28.626882720819985     
   45.580908302655473       -10.309786833206164       -33.938443086651539        28.626882720819985     
 isvec for ranlux 
     9768851    11272821    14806896     8261683     9079631     4152189    11690151     3251140     4683020     2530188    16021290    11618951     3342516     5282467     2561248    15711547    15779543    10985280     8292142     2555555    11909081     7555995      898081    10973271    -4061303
  
 ====== DUMPING at point            1
 propag    0.0000000000000000        0.0000000000000000        0.0000000000000000        0.0000000000000000     
 test props.    0.0000000000000000        0.0000000000000000     
 Var          0.31346395214440653     
 Var before   0.25069592900752929     
 iev, nphot and rad. pattern    0.0000000000000000                0               0           0           0           0
 partons...            1          -1
 x1 & x2   0.95232064909083758       0.17687428401552563     
 sv & ME    1.0000000000000000        12368.625179182580     
 plepton   =    45.145725144578464       -37.640216987936064       -9.7251436049731605       -22.951274084505531     
 pneutrino =    45.145725144578478        37.640216987936064        9.7251436049731605        22.951274084505531     
 pleptonlab   =    40.423457710896919       -37.640216987936064       -9.7251436049731605        11.076119202001326     
 pneutrinolab =    83.787984930803049        37.640216987936064        9.7251436049731605        74.222980956282996     
 sqrt(s) =    90.291450289156941     
 sqrt_fs_cm =    90.291450289156941     
 phind channel           0
 bbb pw(0) qmod c1q   0.0000000000000000        0.0000000000000000        0.0000000000000000        0.0000000000000000     
 reduced to Born momenta
   45.145725144578471        0.0000000000000000        0.0000000000000000        45.145671123644014     
   45.145725144578471        0.0000000000000000        0.0000000000000000       -45.145671123644014     
   45.145725144578464       -37.640216987936064       -9.7251436049731605       -22.951274084505531     
   45.145725144578478        37.640216987936064        9.7251436049731605        22.951274084505531     
 isvec for ranlux 
     7779979     8654264    12367819     2181838    14628032     2919283    16306767     5935307    12705871     8353564    14609784     2449476    15109236     3826607     6705108     2460013    12032943    10968717    11433035     6072240    16109724     3003553    12274534     2496041     4172111
  
 ====== DUMPING at point            1
 propag    0.0000000000000000        0.0000000000000000        0.0000000000000000        0.0000000000000000     
 test props.    0.0000000000000000        0.0000000000000000     
 Var           1.3503644307427047     
 Var before   0.18627356835161832     
 iev, nphot and rad. pattern    0.0000000000000000                0               0           0           0           0
 partons...            1          -1
 x1 & x2   0.97196201599880239       0.16483439054500873     
 sv & ME    1.0000000000000000        2660.3856244377848     
 plepton   =    44.029245679828904       -19.549787710070888       -32.109139107934439       -22.921001236458697     
 pneutrino =    44.029245679828932        19.549787710070888        32.109139107934439        22.921001236458697     
 pleptonlab   =    39.413946266656076       -19.549787710070888       -32.109139107934439        11.843014095147439     
 pneutrinolab =    85.633658453163164        19.549787710070888        32.109139107934439        76.941024704769887     
 sqrt(s) =    88.058491359657836     
 sqrt_fs_cm =    88.058491359657836     
 phind channel           0
 bbb pw(0) qmod c1q   0.0000000000000000        0.0000000000000000        0.0000000000000000        0.0000000000000000     
 reduced to Born momenta
   44.029245679828918        0.0000000000000000        0.0000000000000000        44.029190289047264     
   44.029245679828918        0.0000000000000000        0.0000000000000000       -44.029190289047264     
   44.029245679828904       -19.549787710070888       -32.109139107934439       -22.921001236458697     
   44.029245679828932        19.549787710070888        32.109139107934439        22.921001236458697     
 isvec for ranlux 
    10385590     6248031    15799571    16446974    11280189    13624131     7936896     9634474    14274386     2432418    13529979    12240248     8871296    12535605     4697889    13876081     8196552     3057350    16170023    10256719    11159959    13491094     7524639     3976327    -4102212
  
 ====== DUMPING at point            1
 propag    0.0000000000000000        0.0000000000000000        0.0000000000000000        0.0000000000000000     
 test props.    0.0000000000000000        0.0000000000000000     
 Var          0.57535274086865551     
 Var before   0.37427397997025774     
 iev, nphot and rad. pattern    0.0000000000000000                0               0           0           0           0
 partons...            1          -1
 x1 & x2   0.17806235495611941       0.97463594846904433     
 sv & ME    1.0000000000000000        22243.305327212154     
 plepton   =    45.824734191617495        35.191105606349531        17.957579269727628        23.216514230502678     
 pneutrino =    45.824734191617495       -35.191105606349531       -17.957579269727628       -23.216514230502678     
 pleptonlab   =    41.201847619089634        35.191105606349531        17.957579269727628       -11.691557488607657     
 pneutrinolab =    85.594965757678395       -35.191105606349531       -17.957579269727628       -75.931537797814102     
 sqrt(s) =    91.649468383234989     
 sqrt_fs_cm =    91.649468383234989     
 phind channel           0
 bbb pw(0) qmod c1q   0.0000000000000000        0.0000000000000000        0.0000000000000000        0.0000000000000000     
 reduced to Born momenta
   45.824734191617488        0.0000000000000000        0.0000000000000000        45.824680971140396     
   45.824734191617502        0.0000000000000000        0.0000000000000000       -45.824680971140410     
   45.824734191617495        35.191105606349531        17.957579269727628        23.216514230502678     
   45.824734191617495       -35.191105606349531       -17.957579269727628       -23.216514230502678     
 isvec for ranlux 
     2357503    13313867    13475429      398041      676046      598883     1378089     4879090    14650659     9192766    12027607    13293528    15088918     5524941     3471822    13068680     3121771    14380553    13340567    15481040    11950101    16227926    15558269    13944932    -4050620
  
 ====== DUMPING at point            1
 propag    0.0000000000000000        0.0000000000000000        0.0000000000000000        0.0000000000000000     
 test props.    0.0000000000000000        0.0000000000000000     
 Var          0.52613488135393705     
 Var before   0.41939017709891196     
 iev, nphot and rad. pattern    0.0000000000000000                0               0           0           0           0
 partons...            1          -1
 x1 & x2   0.98060231698935640       0.17780018773120579     
 sv & ME    1.0000000000000000        12901.306731127243     
 plepton   =    45.930931192491528        2.8231883334895747       -45.716957399283132       -3.4100865536967131     
 pneutrino =    45.930931192491514       -2.8231883334895747        45.716957399283132        3.4100865536967131     
 pleptonlab   =    60.433968623163643        2.8231883334895747       -45.716957399283132        39.423886333539478     
 pneutrinolab =    66.990306896098147       -2.8231883334895747        45.716957399283132        48.884347884857057     
 sqrt(s) =    91.861862384983041     
 sqrt_fs_cm =    91.861862384983041     
 phind channel           0
 bbb pw(0) qmod c1q   0.0000000000000000        0.0000000000000000        0.0000000000000000        0.0000000000000000     
 reduced to Born momenta
   45.930931192491521        0.0000000000000000        0.0000000000000000        45.930878095065751     
   45.930931192491521        0.0000000000000000        0.0000000000000000       -45.930878095065751     
   45.930931192491528        2.8231883334895747       -45.716957399283132       -3.4100865536967131     
   45.930931192491514       -2.8231883334895747        45.716957399283132        3.4100865536967131     
 isvec for ranlux 
    12675073     6236269     4537278     4433730     4224941    13787964    13876073    15802303    15288718      805940    14528922    13666908     8167124    16627472     6461287     3513350     4350067    10105469     7717376     3989656     7739191    12448084    16391049     2870502     4050721
  
 ====== DUMPING at point            1
 propag    0.0000000000000000        0.0000000000000000        0.0000000000000000        0.0000000000000000     
 test props.    0.0000000000000000        0.0000000000000000     
 Var          0.39390985581016424     
 Var before   0.21553079070377976     
 iev, nphot and rad. pattern    0.0000000000000000                0               0           0           0           0
 partons...            1          -1
 x1 & x2   0.17707844822617344       0.99174710950408995     
 sv & ME    1.0000000000000000        21018.086016957954     
 plepton   =    46.097355391862813        26.901453722599076        3.7214702046084294        37.248053070721795     
 pneutrino =    46.097355391862799       -26.901453722599076       -3.7214702046084294       -37.248053070721795     
 pleptonlab   =    28.080179367041765        26.901453722599076        3.7214702046084294        7.1377697301637610     
 pneutrinolab =    100.49063198328719       -26.901453722599076       -3.7214702046084294       -96.751322470734550     
 sqrt(s) =    92.194710783725611     
 sqrt_fs_cm =    92.194710783725611     
 phind channel           0
 bbb pw(0) qmod c1q   0.0000000000000000        0.0000000000000000        0.0000000000000000        0.0000000000000000     
 reduced to Born momenta
   46.097355391862806        0.0000000000000000        0.0000000000000000        46.097302486133643     
   46.097355391862806        0.0000000000000000        0.0000000000000000       -46.097302486133643     
   46.097355391862813        26.901453722599076        3.7214702046084294        37.248053070721795     
   46.097355391862799       -26.901453722599076       -3.7214702046084294       -37.248053070721795     
 isvec for ranlux 
    10671788    15112082    16580349    15196529    12173453     4126535    14349879    14774021     1833402    14749546    12999650    11317858    16659325    10501234     7001243    11690730    15931723    11335180     5068908     1086744     3192185    13920432    14783369     9387395    -4011707
  
 ====== DUMPING at point            1
 propag    0.0000000000000000        0.0000000000000000        0.0000000000000000        0.0000000000000000     
 test props.    0.0000000000000000        0.0000000000000000     
 Var          0.30169698453856292     
 Var before   0.26134713599316323     
 iev, nphot and rad. pattern    0.0000000000000000                0               0           0           0           0
 partons...            1          -1
 x1 & x2   0.98832202056768292       0.17255701230909354     
 sv & ME    1.0000000000000000        23489.268750804422     
 plepton   =    45.426390241006331       -7.4665940237680299        38.534106710066318        22.867408256691014     
 pneutrino =    45.426390241006317        7.4665940237680299       -38.534106710066318       -22.867408256691014     
 pleptonlab   =    86.434198914281140       -7.4665940237680299        38.534106710066318        77.008000701248591     
 pneutrinolab =    41.262494702164268        7.4665940237680299       -38.534106710066318        12.726150207196241     
 sqrt(s) =    90.852780482012648     
 sqrt_fs_cm =    90.852780482012648     
 phind channel           0
 bbb pw(0) qmod c1q   0.0000000000000000        0.0000000000000000        0.0000000000000000        0.0000000000000000     
 reduced to Born momenta
   45.426390241006324        0.0000000000000000        0.0000000000000000        45.426336553838397     
   45.426390241006324        0.0000000000000000        0.0000000000000000       -45.426336553838397     
   45.426390241006331       -7.4665940237680299        38.534106710066318        22.867408256691014     
   45.426390241006317        7.4665940237680299       -38.534106710066318       -22.867408256691014     
 isvec for ranlux 
    16772122     6353939     4556945    16650027    15466471     9226817    10011820     2551989    12214764    12534228    16404756    10751758     3998834     4255370     3830315     8627690    13547382    14879936     6254090     7322661    13522818     3694997     4980532    12244352    -4220620
  
 ====== DUMPING at point            1
 propag    0.0000000000000000        0.0000000000000000        0.0000000000000000        0.0000000000000000     
 test props.    0.0000000000000000        0.0000000000000000     
 Var          0.20637211089758031     
 Var before   0.14455599627556304     
 iev, nphot and rad. pattern    0.0000000000000000                0               0           0           0           0
 partons...            1          -1
 x1 & x2   0.99631082777995406       0.17168259518978438     
 sv & ME    1.0000000000000000        18674.344298531381     
 plepton   =    45.493908000964616        42.864268386867529       -12.827560292528648        8.2336318905386516     
 pneutrino =    45.493908000964602       -42.864268386867529        12.827560292528648       -8.2336318905386516     
 pleptonlab   =    72.448049205855511        42.864268386867529       -12.827560292528648        56.980846454249203     
 pneutrinolab =    56.031227320815674       -42.864268386867529        12.827560292528648        33.728259130669429     
 sqrt(s) =    90.987816001929218     
 sqrt_fs_cm =    90.987816001929218     
 phind channel           0
 bbb pw(0) qmod c1q   0.0000000000000000        0.0000000000000000        0.0000000000000000        0.0000000000000000     
 reduced to Born momenta
   45.493908000964609        0.0000000000000000        0.0000000000000000        45.493854393474194     
   45.493908000964609        0.0000000000000000        0.0000000000000000       -45.493854393474194     
   45.493908000964616        42.864268386867529       -12.827560292528648        8.2336318905386516     
   45.493908000964602       -42.864268386867529        12.827560292528648       -8.2336318905386516     
 isvec for ranlux 
    16299211     3254293    16131975     5266621    16545363    14473301     5355798     5599353    11050532    14547556    11682091     8225026    12673044    12120042     6959192    14507471     7976243    13182463     2472364    15582834    14772810    14376851    13178594     7905684     4032111
  
 ====== DUMPING at point            1
 propag    0.0000000000000000        0.0000000000000000        0.0000000000000000        0.0000000000000000     
 test props.    0.0000000000000000        0.0000000000000000     
 Var          0.22134096771840106     
 Var before   0.17361555700244502     
 iev, nphot and rad. pattern    0.0000000000000000                0               0           0           0           0
 partons...            1          -1
 x1 & x2   0.99756789925685163       0.17087512382428677     
 sv & ME    1.0000000000000000        18876.672540105956     
 plepton   =    45.415420437717437       -26.253797986661173        22.177201478707111       -29.689376478659693     
 pneutrino =    45.415420437717422        26.253797986661173       -22.177201478707111        29.689376478659693     
 pleptonlab   =    34.540549902694025       -26.253797986661173        22.177201478707111        3.4566240376189512     
 pneutrinolab =    93.988182636231144        26.253797986661173       -22.177201478707111        87.479581259963126     
 sqrt(s) =    90.830840875434859     
 sqrt_fs_cm =    90.830840875434859     
 phind channel           0
 bbb pw(0) qmod c1q   0.0000000000000000        0.0000000000000000        0.0000000000000000        0.0000000000000000     
 reduced to Born momenta
   45.415420437717430        0.0000000000000000        0.0000000000000000        45.415366737581699     
   45.415420437717430        0.0000000000000000        0.0000000000000000       -45.415366737581699     
   45.415420437717437       -26.253797986661173        22.177201478707111       -29.689376478659693     
   45.415420437717422        26.253797986661173       -22.177201478707111        29.689376478659693     
 isvec for ranlux 
     6094745     2129640      312319     7163611     7128610    12997705    11746228    11399925     6178787    10245010     8678563    12625467    12717353    15206338     6072599    12885293    10160756     7337110     1234035    11119771    13557463     9977633    14922285     1402607    -4160620
  
 ====== DUMPING at point            1
 propag    0.0000000000000000        0.0000000000000000        0.0000000000000000        0.0000000000000000     
 test props.    0.0000000000000000        0.0000000000000000     
 Var          0.22613357243945534     
 Var before   0.15598693801807126     
 iev, nphot and rad. pattern    0.0000000000000000                0               0           0           0           0
 partons...            1          -1
 x1 & x2   0.17825655648627436       0.99846984154641760     
 sv & ME    1.0000000000000000        6413.6315309783176     
 plepton   =    46.406938361461322        37.213269277486702        27.726601709848875        3.0194331775368261E-002
 pneutrino =    46.406938361461322       -37.213269277486702       -27.726601709848875       -3.0194331775368261E-002
 pleptonlab   =    64.690600277337893        37.213269277486702        27.726601709848875       -45.069621119502550     
 pneutrinolab =    64.749303506258201       -37.213269277486702       -27.726601709848875       -45.153840237113194     
 sqrt(s) =    92.813876722922643     
 sqrt_fs_cm =    92.813876722922643     
 phind channel           0
 bbb pw(0) qmod c1q   0.0000000000000000        0.0000000000000000        0.0000000000000000        0.0000000000000000     
 reduced to Born momenta
   46.406938361461314        0.0000000000000000        0.0000000000000000        46.406885808669273     
   46.406938361461329        0.0000000000000000        0.0000000000000000       -46.406885808669287     
   46.406938361461322        37.213269277486702        27.726601709848875        3.0194331775368261E-002
   46.406938361461322       -37.213269277486702       -27.726601709848875       -3.0194331775368261E-002
 isvec for ranlux 
    10907754    13131328     2791730    16056992     5134712     5859129     3670530     3963592     2210983    11735563        3592     2487938    12727781    11969027    13943332    13117413     6227570     1977436     6555098     2506715     6640474     4972421     5062504    11966530    -4130620
  
 ====== DUMPING at point            1
 propag    0.0000000000000000        0.0000000000000000        0.0000000000000000        0.0000000000000000     
 test props.    0.0000000000000000        0.0000000000000000     
 Var          0.13967156517303031     
 Var before   0.11792666821566951     
 iev, nphot and rad. pattern    0.0000000000000000                0               0           0           0           0
 partons...            1          -1
 x1 & x2   0.99853677756911619       0.17953502084305598     
 sv & ME    1.0000000000000000        5019.0707665192094     
 plepton   =    46.574618476145282       -25.600803565650061        38.907178318384631       0.11939263564464749     
 pneutrino =    46.574618476145282        25.600803565650061       -38.907178318384631      -0.11939263564464749     
 pleptonlab   =    64.909420664973268       -25.600803565650061        38.907178318384631        45.211193961953846     
 pneutrinolab =    64.678477160365659        25.600803565650061       -38.907178318384631        44.878999277912776     
 sqrt(s) =    93.149236952290565     
 sqrt_fs_cm =    93.149236952290565     
 phind channel           0
 bbb pw(0) qmod c1q   0.0000000000000000        0.0000000000000000        0.0000000000000000        0.0000000000000000     
 reduced to Born momenta
   46.574618476145275        0.0000000000000000        0.0000000000000000        46.574566112556461     
   46.574618476145289        0.0000000000000000        0.0000000000000000       -46.574566112556475     
   46.574618476145282       -25.600803565650061        38.907178318384631       0.11939263564464749     
   46.574618476145282        25.600803565650061       -38.907178318384631      -0.11939263564464749     
 isvec for ranlux 
    14137698    15287065     4965196    16629206     3402271     7459269     7198833     9314304    13349289    11411327    16263678    11306581    12981086    15075226     9096230     1216344    13301628     9327623    10380561    16609638     6007790     1449327     7091917    10313513    -4012212
  
 ====== DUMPING at point            1
 propag    0.0000000000000000        0.0000000000000000        0.0000000000000000        0.0000000000000000     
 test props.    0.0000000000000000        0.0000000000000000     
 Var          0.15548422614889851     
 Var before   0.12723742601875423     
 iev, nphot and rad. pattern    0.0000000000000000                0               0           0           0           0
 partons...            1          -1
 x1 & x2   0.99985129000094508       0.16917298762820754     
 sv & ME    1.0000000000000000        15783.887561209271     
 plepton   =    45.240344184719291       -19.692787885051587       -27.504467720684914       -30.039572882725281     
 pneutrino =    45.240344184719291        19.692787885051587        27.504467720684914        30.039572882725281     
 pleptonlab   =    33.959979477555706       -19.692787885051587       -27.504467720684914        2.9945622619516072     
 pneutrinolab =    94.632691061651073        19.692787885051587        27.504467720684914        88.380050999049530     
 sqrt(s) =    90.480688369438582     
 sqrt_fs_cm =    90.480688369438582     
 phind channel           0
 bbb pw(0) qmod c1q   0.0000000000000000        0.0000000000000000        0.0000000000000000        0.0000000000000000     
 reduced to Born momenta
   45.240344184719291        0.0000000000000000        0.0000000000000000        45.240290276768384     
   45.240344184719291        0.0000000000000000        0.0000000000000000       -45.240290276768384     
   45.240344184719291       -19.692787885051587       -27.504467720684914       -30.039572882725281     
   45.240344184719291        19.692787885051587        27.504467720684914        30.039572882725281     
 isvec for ranlux 
     3688637    14053662    12588071    11536133     9988281    14201265     3023778     8336309     7700588     7389476     2663606     3417323    12053979    11535674     1089984     3050167    10818579       42031    11733593     9268692    14754184    14106291    10624018      593816     4181909
  
 ====== DUMPING at point            1
 propag    0.0000000000000000        0.0000000000000000        0.0000000000000000        0.0000000000000000     
 test props.    0.0000000000000000        0.0000000000000000     
 Var          0.21004997274772080     
 Var before   0.10483270016284985     
 iev, nphot and rad. pattern    0.0000000000000000                0               0           0           0           0
 partons...            1          -1
 x1 & x2   0.22819244675578398       0.99980868556029712     
 sv & ME    1.0000000000000000        393.73747806826452     
 plepton   =    52.541415682990795       -31.343248670416102        9.2538397371478638        41.140690455861403     
 pneutrino =    52.541415682990781        31.343248670416102       -9.2538397371478638       -41.140690455861403     
 pleptonlab   =    34.309793487906290       -31.343248670416102        9.2538397371478638        10.445955121239599     
 pneutrinolab =    100.77033106686260        31.343248670416102       -9.2538397371478638       -95.323741389736000     
 sqrt(s) =    105.08283136598158     
 sqrt_fs_cm =    105.08283136598158     
 phind channel           0
 bbb pw(0) qmod c1q   0.0000000000000000        0.0000000000000000        0.0000000000000000        0.0000000000000000     
 reduced to Born momenta
   52.541415682990788        0.0000000000000000        0.0000000000000000        52.541369266010101     
   52.541415682990788        0.0000000000000000        0.0000000000000000       -52.541369266010101     
   52.541415682990795       -31.343248670416102        9.2538397371478638        41.140690455861403     
   52.541415682990781        31.343248670416102       -9.2538397371478638       -41.140690455861403     
 isvec for ranlux 
    15487658       10754    14481027    15789535    11568082    14525524     5861105     9421577    16759555    16336455    16317245    11641720    16231916     9178316    11283325    12934819     7341350      832512     9612868     1176041    12996207    10429179       60391    16335419     4111202
  
 ====== DUMPING at point            1
 propag    0.0000000000000000        0.0000000000000000        0.0000000000000000        0.0000000000000000     
 test props.    0.0000000000000000        0.0000000000000000     
 Var          0.18887039214786849     
 Var before   0.15293884260700080     
 iev, nphot and rad. pattern    0.0000000000000000                0               0           0           0           0
 partons...            1          -1
 x1 & x2   0.99961006957772902       0.17035134283997755     
 sv & ME    1.0000000000000000        28346.124706799299     
 plepton   =    45.392152447246303       -31.232892966786498        3.0634993957770722        32.795696493288759     
 pneutrino =    45.392152447246275        31.232892966786498       -3.0634993957770722       -32.795696493288759     
 pleptonlab   =    97.300412047718964       -31.232892966786498        3.0634993957770722        92.100382134613113     
 pneutrinolab =    31.395343318228768        31.232892966786498       -3.0634993957770722      -0.88192219346041867     
 sqrt(s) =    90.784304894492578     
 sqrt_fs_cm =    90.784304894492578     
 phind channel           0
 bbb pw(0) qmod c1q   0.0000000000000000        0.0000000000000000        0.0000000000000000        0.0000000000000000     
 reduced to Born momenta
   45.392152447246289        0.0000000000000000        0.0000000000000000        45.392098719583871     
   45.392152447246289        0.0000000000000000        0.0000000000000000       -45.392098719583871     
   45.392152447246303       -31.232892966786498        3.0634993957770722        32.795696493288759     
   45.392152447246275        31.232892966786498       -3.0634993957770722       -32.795696493288759     
 isvec for ranlux 
     7287316     1258511    13568490    10569173    15111903    11269362     8316320    16338983    13932098    13671869    11695887    12086213    15789326     5046144     5603583     1754882     4523091     5526005     2875242    12762635     4969611    14757066     2342728     4573825     4221101
  
 ====== DUMPING at point            1
 propag    0.0000000000000000        0.0000000000000000        0.0000000000000000        0.0000000000000000     
 test props.    0.0000000000000000        0.0000000000000000     
 Var          0.19830058822517774     
 Var before   0.16954054347923234     
 iev, nphot and rad. pattern    0.0000000000000000                0               0           0           0           0
 partons...            1          -1
 x1 & x2   0.17151100729163324       0.99977723761499837     
 sv & ME    1.0000000000000000        22267.585380569395     
 plepton   =    45.550201900718278        28.322120563201118        4.2208341844767077       -35.423887069255748     
 pneutrino =    45.550201900718278       -28.322120563201118       -4.2208341844767077        35.423887069255748     
 pleptonlab   =    99.848194074440045        28.322120563201118        4.2208341844767077       -95.654026270859219     
 pneutrinolab =    28.993512865289478       -28.322120563201118       -4.2208341844767077        4.5447409352890347     
 sqrt(s) =    91.100403801436556     
 sqrt_fs_cm =    91.100403801436556     
 phind channel           0
 bbb pw(0) qmod c1q   0.0000000000000000        0.0000000000000000        0.0000000000000000        0.0000000000000000     
 reduced to Born momenta
   45.550201900718278        0.0000000000000000        0.0000000000000000        45.550148359479564     
   45.550201900718278        0.0000000000000000        0.0000000000000000       -45.550148359479564     
   45.550201900718278        28.322120563201118        4.2208341844767077       -35.423887069255748     
   45.550201900718278       -28.322120563201118       -4.2208341844767077        35.423887069255748     
 isvec for ranlux 
      971048     5775981    10698475    15021774     5717001     4014611    13225310     8218445    15015299    10598235     1310490     4493519    13132367     4748850    15245670     6105023    10697307     7930698    14426655     3095524    13501068       16588     5970358    16373569     4180822
  
 ====== DUMPING at point            1
 propag    0.0000000000000000        0.0000000000000000        0.0000000000000000        0.0000000000000000     
 test props.    0.0000000000000000        0.0000000000000000     
 Var          0.20397880008798694     
 Var before   0.15635912531112403     
 iev, nphot and rad. pattern    0.0000000000000000                0               0           0           0           0
 partons...            1          -1
 x1 & x2   0.16362012707916898       0.99981001130781155     
 sv & ME    1.0000000000000000        4858.6665611852022     
 plepton   =    44.490756313789880        28.482440368969336       -31.517874753857818        13.220831869054383     
 pneutrino =    44.490756313789895       -28.482440368969336        31.517874753857818       -13.220831869054383     
 pleptonlab   =    50.322180049942887        28.482440368969336       -31.517874753857818       -26.975633503509037     
 pneutrinolab =    77.655135172624952       -28.482440368969336        31.517874753857818       -65.005253761641626     
 sqrt(s) =    88.981512627579775     
 sqrt_fs_cm =    88.981512627579775     
 phind channel           0
 bbb pw(0) qmod c1q   0.0000000000000000        0.0000000000000000        0.0000000000000000        0.0000000000000000     
 reduced to Born momenta
   44.490756313789888        0.0000000000000000        0.0000000000000000        44.490701497587501     
   44.490756313789888        0.0000000000000000        0.0000000000000000       -44.490701497587501     
   44.490756313789880        28.482440368969336       -31.517874753857818        13.220831869054383     
   44.490756313789895       -28.482440368969336        31.517874753857818       -13.220831869054383     
 isvec for ranlux 
     4757790     9619621     3643626     6957386    15768001    12680340     2536563       48658     7054366     3415759     4155404       33383    10636974    10793148    14056877    13086827    14676381      530960     9912181    10341915     4223154       47823    13064474      775752     4051303
  
 ====== DUMPING at point            1
 propag    0.0000000000000000        0.0000000000000000        0.0000000000000000        0.0000000000000000     
 test props.    0.0000000000000000        0.0000000000000000     
 Var          0.13904767530969300     
 Var before   0.10892018399479357     
 iev, nphot and rad. pattern    1.0000000000000000                0               0           0           0           0
 partons...            1          -1
 x1 & x2   0.99987337803621468       0.18015925805367661     
 sv & ME    1.0000000000000000        6556.1862929440877     
 plepton   =    46.686732545863556       -34.368447386416619        20.638583483691068        23.926941470889140     
 pneutrino =    46.686732545863570        34.368447386416619       -20.638583483691068       -23.926941470889140     
 pleptonlab   =    88.007478090586247       -34.368447386416619        20.638583483691068        78.346434074611068     
 pneutrinolab =    41.796111879301797        34.368447386416619       -20.638583483691068        11.822119123468127     
 sqrt(s) =    93.373465091727127     
 sqrt_fs_cm =    93.373465091727127     
 phind channel           0
 bbb pw(0) qmod c1q   0.0000000000000000        0.0000000000000000        0.0000000000000000        0.0000000000000000     
 reduced to Born momenta
   46.686732545863563        0.0000000000000000        0.0000000000000000        46.686680308021430     
   46.686732545863563        0.0000000000000000        0.0000000000000000       -46.686680308021430     
   46.686732545863556       -34.368447386416619        20.638583483691068        23.926941470889140     
   46.686732545863570        34.368447386416619       -20.638583483691068       -23.926941470889140     
 isvec for ranlux 
     5987371     5776896     7590441      940365    11017057    15959572    12046268     3686646     4537693    10928358    15707514     1065520     2323154     5313912     5987110     8491242     6369023     8239789    10568800     2014506    12957226    16145299    11445971    10713937     4020519
  
