 ====== DUMPING at point            1
 propag    0.0000000000000000        0.0000000000000000        0.0000000000000000        0.0000000000000000     
 test props.    0.0000000000000000        0.0000000000000000     
 Var           1.6699429499354295     
 Var before    0.0000000000000000     
 iev, nphot and rad. pattern    0.0000000000000000                0               0           1           0           0
 partons...            1          -1
 x1 & x2   0.94693539778351188       0.97588642440755047     
 sv & ME   0.57713988349808243        972.07378785474953     
 plepton   =    48.065096470513126       -21.088354795801298        38.359754645008636       -19.850764484256235     
 pneutrino =    48.065096470513112        21.088354795801298       -38.359754645008636        19.850764484256235     
 pleptonlab   =    48.369463092289365       -21.088354795801298        38.359754645008636       -20.576790608013148     
 pneutrinolab =    47.771628017263772        21.088354795801298       -38.359754645008636        19.129239276811219     
 sqrt(s) =    96.130192941026237     
 sqrt_fs_cm =    96.130192941026237     
 phind channel           0
 bbb pw(0) qmod c1q   0.0000000000000000        0.0000000000000000        0.0000000000000000        0.0000000000000000     
 reduced to Born momenta
   48.065096470513119        0.0000000000000000        0.0000000000000000        48.065045730698444     
   48.065096470513119        0.0000000000000000        0.0000000000000000       -48.065045730698444     
   48.065096470513126       -21.088354795801298        38.359754645008636       -19.850764484256235     
   48.065096470513112        21.088354795801298       -38.359754645008636        19.850764484256235     
 isvec for ranlux 
     9644655    14614328     8305202     5902523     6611641    14048799     7267313     8683348    14048746     9318201     4464668     5476536     8218591     7359978     7668616    13721940      957152    13197359    14184585     9294164    15939178     5902395     5267822    14659295     4211303
  
 ====== DUMPING at point            1
 propag    0.0000000000000000        0.0000000000000000        0.0000000000000000        0.0000000000000000     
 test props.    0.0000000000000000        0.0000000000000000     
 Var           3.0009777819204202     
 Var before    1.6699429499354295     
 iev, nphot and rad. pattern    0.0000000000000000                0               0           1           0           0
 partons...            1          -1
 x1 & x2   0.94441308894234666       0.89402155409350914     
 sv & ME   0.55886282032568124        20070.493899271351     
 plepton   =    45.943597417988734       -23.315384717394380       -29.736374999984424        26.133193784054541     
 pneutrino =    45.943597417988705        23.315384717394380        29.736374999984424       -26.133193784054541     
 pleptonlab   =    46.677446741804914       -23.315384717394380       -29.736374999984424        27.402804746645192     
 pneutrinolab =    45.244285409987846        23.315384717394380        29.736374999984424       -24.883228004203314     
 sqrt(s) =    91.887194835977439     
 sqrt_fs_cm =    91.887194835977439     
 phind channel           0
 bbb pw(0) qmod c1q   0.0000000000000000        0.0000000000000000        0.0000000000000000        0.0000000000000000     
 reduced to Born momenta
   45.943597417988727        0.0000000000000000        0.0000000000000000        45.943544335201445     
   45.943597417988713        0.0000000000000000        0.0000000000000000       -45.943544335201430     
   45.943597417988734       -23.315384717394380       -29.736374999984424        26.133193784054541     
   45.943597417988705        23.315384717394380        29.736374999984424       -26.133193784054541     
 isvec for ranlux 
      778671     5844720     9587749    10340955     5767304     1229801     7106317     9230034     7070010     1656684    15462261     7797679    14988199    15435044     9850695     6896914     2215452    12845121     6405628     3024976     4819489    10459877     1149857     7981361    -4092010
  
 ====== DUMPING at point            1
 propag    0.0000000000000000        0.0000000000000000        0.0000000000000000        0.0000000000000000     
 test props.    0.0000000000000000        0.0000000000000000     
 Var           2.4938110827907631     
 Var before    2.2629487804290376     
 iev, nphot and rad. pattern    0.0000000000000000                0               1           0           0           0
 partons...            1          -1
 x1 & x2   0.87962318919009774       0.95862959361330180     
 sv & ME   0.55747160605212320        19259.211729334296     
 plepton   =    45.913854673348339       0.81815085713738178       -40.097372922390925        22.351782952855448     
 pneutrino =    45.913854673348311      -0.81815085713738178        40.097372922390925       -22.351782952855448     
 pleptonlab   =    44.994772115554873       0.81815085713738178       -40.097372922390925        20.397295603508880     
 pneutrinolab =    46.917867024615106      -0.81815085713738178        40.097372922390925       -24.347615824669084     
 sqrt(s) =    91.827709346696651     
 sqrt_fs_cm =    91.827709346696651     
 phind channel           0
 bbb pw(0) qmod c1q   0.0000000000000000        0.0000000000000000        0.0000000000000000        0.0000000000000000     
 reduced to Born momenta
   45.913854673348325        0.0000000000000000        0.0000000000000000        45.913801556174256     
   45.913854673348325        0.0000000000000000        0.0000000000000000       -45.913801556174256     
   45.913854673348339       0.81815085713738178       -40.097372922390925        22.351782952855448     
   45.913854673348311      -0.81815085713738178        40.097372922390925       -22.351782952855448     
 isvec for ranlux 
     2803006     6819478    11266704    12521690      381903    12884269    10959814      755982    12350293    13898296    16631971     2580472     9212313    13500588    11285027    11301427    13249530     3480466    12322296     6680866     5860556      319932     9357205      566304    -4230115
  
 ====== DUMPING at point            1
 propag    0.0000000000000000        0.0000000000000000        0.0000000000000000        0.0000000000000000     
 test props.    0.0000000000000000        0.0000000000000000     
 Var           2.2227565833807277     
 Var before    1.7841927433509246     
 iev, nphot and rad. pattern    0.0000000000000000                1               0           0           1           0
 partons...            1          -1
 x1 & x2   0.86162213987822611       0.95881440568901921     
 sv & ME   0.58219689979527600        5254503702.6461649     
 plepton   =    45.439552118982093        27.907283267128136        14.829818233523966       -32.649682462332350     
 pneutrino =    45.445942796927369       -27.910932680623084       -14.833094036719181        32.653969302455366     
 pleptonlab   =    47.250093476047844        27.907283267128136        14.829818233523966       -35.125776882692591     
 pneutrinolab =    43.764981767540142       -27.910932680623084       -14.833094036719181        30.270804806235720     
 sqrt(s) =    90.892008448259205     
 sqrt_fs_cm =    90.885494682505310     
 phind channel           0
 bbb pw(0) qmod c1q   0.0000000000000000        0.0000000000000000        0.0000000000000000        0.0000000000000000     
 reduced to Born momenta
   45.446004224129602        0.0000000000000000        0.0000000000000000        45.445950560132474     
   45.446004224129602        0.0000000000000000        0.0000000000000000       -45.445950560132474     
   45.446004224129602        27.911108167021435        14.832519054123319       -32.654165976886247     
   45.446004224129602       -27.911108167021435       -14.832519054123319        32.654165976886247     
 >> Photon n.           1
 cm momentum     6.5135323497436714E-003   3.6494134949475706E-003   3.2758031952150337E-003  -4.2868401230126193E-003
 lab momentum    6.7520347742778732E-003   3.6494134949475706E-003   3.2758031952150337E-003  -4.6412140827773911E-003
 c_ph_up   -0.65814367578619926     
 c_ph_up lab  -0.68738006214930469     
 c_ph_lep  0.98113856417381162     
 c_ph_lep lab   0.98250201139142246     
 isvec for ranlux 
    13077225     6767474    12978143    11216133     7787453     7756591     1456377     6700084     7382700    12480500    14719702    13291644     7895789     6891298      102469     9060833    10785562     3405521     1113041     5184210    10069583      203884    13164889     3691341     4042414
  
 ====== DUMPING at point            1
 propag    0.0000000000000000        0.0000000000000000        0.0000000000000000        0.0000000000000000     
 test props.    0.0000000000000000        0.0000000000000000     
 Var           2.1465432457207410     
 Var before    1.7676591455168928     
 iev, nphot and rad. pattern    0.0000000000000000                0               0           1           0           0
 partons...            1          -1
 x1 & x2   0.98451780274160106       0.87213652269690245     
 sv & ME   0.55789342405194564        9937.8066712359450     
 plepton   =    46.331251143700385        22.436618935212156        34.738704913925396        20.890049796696633     
 pneutrino =    46.331251143700371       -22.436618935212156       -34.738704913925396       -20.890049796696633     
 pleptonlab   =    47.683132979290718        22.436618935212156        34.738704913925396        23.737955233940191     
 pneutrinolab =    45.149583292634475       -22.436618935212156       -34.738704913925396       -18.118891231705263     
 sqrt(s) =    92.662502287400756     
 sqrt_fs_cm =    92.662502287400756     
 phind channel           0
 bbb pw(0) qmod c1q   0.0000000000000000        0.0000000000000000        0.0000000000000000        0.0000000000000000     
 reduced to Born momenta
   46.331251143700385        0.0000000000000000        0.0000000000000000        46.331198505057451     
   46.331251143700371        0.0000000000000000        0.0000000000000000       -46.331198505057436     
   46.331251143700385        22.436618935212156        34.738704913925396        20.890049796696633     
   46.331251143700371       -22.436618935212156       -34.738704913925396       -20.890049796696633     
 isvec for ranlux 
     2097233     6471148     4378437     8640871    15711293     8225040    11065883    15787977     7243899     4917269    11956633    15358016     1047827     9592925      229606     7295905     6628324     2019165    14002484    11234980     6728922     2987987     4664818    12003099    -4080923
  
 ====== DUMPING at point            1
 propag    0.0000000000000000        0.0000000000000000        0.0000000000000000        0.0000000000000000     
 test props.    0.0000000000000000        0.0000000000000000     
 Var           2.4161873056855780     
 Var before    1.8974971095129993     
 iev, nphot and rad. pattern    0.0000000000000000                2               0           0           1           1
 partons...            1          -1
 x1 & x2   0.89559438270434899       0.95380550167523581     
 sv & ME   0.56746775568810992        31676877706.980793     
 plepton   =    46.141319902430133       -29.531318265664250        4.9135528148183338        35.110802879953667     
 pneutrino =    46.018455846262746        29.417749280056885       -5.0048429211136396       -35.031909588454603     
 pleptonlab   =    45.058509184865002       -29.531318265664250        4.9135528148183338        33.675158893450401     
 pneutrinolab =    47.144468256476777        29.417749280056885       -5.0048429211136396       -36.498456106048792     
 sqrt(s) =    92.424177004333913     
 sqrt_fs_cm =    92.159626790150995     
 phind channel           0
 bbb pw(0) qmod c1q   0.0000000000000000        0.0000000000000000        0.0000000000000000        0.0000000000000000     
 reduced to Born momenta
   46.212088502166957        0.0000000000000000        0.0000000000000000        46.212035727789697     
   46.212088502166957        0.0000000000000000        0.0000000000000000       -46.212035727789697     
   46.212088502166964       -29.559104826738821        4.9734641568719447        35.172005006294704     
   46.212088502166949        29.559104826738821       -4.9734641568719447       -35.172005006294704     
 >> Photon n.           1
 cm momentum     5.4506642859311984E-002  -3.4517257006057775E-002   4.5396529809145578E-003   4.1939535469330304E-002
 lab momentum    5.3212933510097454E-002  -3.4517257006057775E-002   4.5396529809145578E-003   4.0243841918244851E-002
 c_ph_up    0.76943897604519773     
 c_ph_up lab   0.75627933405716774     
 c_ph_lep  0.99967190424899277     
 c_ph_lep lab   0.99965585058131590     
 >> Photon n.           2
 cm momentum    0.20989461278171864       0.14808624261342163        8.6750453314391018E-002 -0.12083282696839505     
 lab momentum   0.21380384412734441       0.14808624261342163        8.6750453314391018E-002 -0.12750257786419958     
 c_ph_up   -0.57568331729436040     
 c_ph_up lab  -0.59635306551484335     
 c_ph_lep -0.84560092394352493     
 c_ph_lep lab  -0.85539680949796382     
 isvec for ranlux 
     7705512     6767400    12346605     2442596     4398068    14780140    11606138    14688674    13412440     5267269    10109083     1735670     8876049    16397594    14292833    16049731     7015236     2292865    16408353     4672107     7144624     1147718    13770713    15989233    -4151606
  
 ====== DUMPING at point            1
 propag    0.0000000000000000        0.0000000000000000        0.0000000000000000        0.0000000000000000     
 test props.    0.0000000000000000        0.0000000000000000     
 Var           1.9501245218620420     
 Var before    1.4684648855479130     
 iev, nphot and rad. pattern    0.0000000000000000                2               1           0           1           0
 partons...            1          -1
 x1 & x2   0.99136307555576331       0.83702594630882143     
 sv & ME   0.58082861326987811        31043420.170330316     
 plepton   =    44.982321090484405        4.3541882196888286       -29.141923142755406       -33.988048009340424     
 pneutrino =    45.138658705405113       -5.0883267091626188        29.376927987902448        33.890889326277552     
 pleptonlab   =    42.264179508710200        4.3541882196888286       -29.141923142755406       -30.299159498941069     
 pneutrinolab =    48.171365497981022       -5.0883267091626188        29.376927987902448        37.836151013852160     
 sqrt(s) =    91.093172985283942     
 sqrt_fs_cm =    90.117630755376965     
 phind channel           0
 bbb pw(0) qmod c1q   0.0000000000000000        0.0000000000000000        0.0000000000000000        0.0000000000000000     
 reduced to Born momenta
   45.163470858281983        0.0000000000000000        0.0000000000000000        45.163416858573555     
   45.163470858281983        0.0000000000000000        0.0000000000000000       -45.163416858573555     
   45.163470858281983        4.7319041811871134       -29.327282941147953       -34.018340558959281     
   45.163470858281983       -4.7319041811871134        29.327282941147953        34.018340558959281     
 >> Photon n.           1
 cm momentum    0.76300868717009773       0.71569234656262593       -9.1459558039532082E-002  0.24819724215214775     
 lab momentum   0.78676738885879449       0.71569234656262593       -9.1459558039532082E-002  0.31372366580572358     
 c_ph_up    0.32528757054219104     
 c_ph_up lab   0.39875021543633060     
 c_ph_lep  -7.7331976737967559E-002
 c_ph_lep lab  -0.11199325387305341     
 >> Photon n.           2
 cm momentum    0.20918450222432938        1.8446142911164670E-002 -0.14354528710751094      -0.15103855908927233     
 lab momentum   0.19713869767922174        1.8446142911164670E-002 -0.14354528710751094      -0.13385871836971516     
 c_ph_up   -0.72203512919565449     
 c_ph_up lab  -0.67900782517862690     
 c_ph_lep  0.99866423470623578     
 c_ph_lep lab   0.99849146759853369     
 isvec for ranlux 
    10482904     1249819    12058037    14159976    14147930     6205970     8604369     9431829     9704793     2911077    12566670     7519744     8037451     9579103     1801853     7051106     4729559     8526420      295591      567446    12330918     8671797    12046268    10350963     4080418
  
 ====== DUMPING at point            1
 propag    0.0000000000000000        0.0000000000000000        0.0000000000000000        0.0000000000000000     
 test props.    0.0000000000000000        0.0000000000000000     
 Var           2.3019576753766282     
 Var before    1.6802521528133658     
 iev, nphot and rad. pattern    0.0000000000000000                0               0           0           1           0
 partons...            1          -1
 x1 & x2   0.78801170418191668       0.99690016282409055     
 sv & ME   0.55778197084483683        4914.3303155878411     
 plepton   =    44.316165115176709       -10.097712373767406        36.581376573730886        22.885594150287965     
 pneutrino =    44.316165115176709        10.097712373767406       -36.581376573730886       -22.885594150287965     
 pleptonlab   =    41.925961065198663       -10.097712373767406        36.581376573730886        17.821732248483695     
 pneutrinolab =    47.319632285101711        10.097712373767406       -36.581376573730886       -28.266155180592389     
 sqrt(s) =    88.632330230353418     
 sqrt_fs_cm =    88.632330230353418     
 phind channel           0
 bbb pw(0) qmod c1q   0.0000000000000000        0.0000000000000000        0.0000000000000000        0.0000000000000000     
 reduced to Born momenta
   44.316165115176709        0.0000000000000000        0.0000000000000000        44.316110083016142     
   44.316165115176709        0.0000000000000000        0.0000000000000000       -44.316110083016142     
   44.316165115176709       -10.097712373767406        36.581376573730886        22.885594150287965     
   44.316165115176709        10.097712373767406       -36.581376573730886       -22.885594150287965     
 isvec for ranlux 
     1529830    10969541     5398952    14836342    16636312     5190420     1470932    12386847    11625234     6824400      810679     8482292     6601895    16231455    13558496     6713029     1261892      214096    11394427     5414534     6660712     4299797     3825772    15586491    -4101909
  
 ====== DUMPING at point            1
 propag    0.0000000000000000        0.0000000000000000        0.0000000000000000        0.0000000000000000     
 test props.    0.0000000000000000        0.0000000000000000     
 Var           2.1260205557286835     
 Var before    1.5720908569800143     
 iev, nphot and rad. pattern    0.0000000000000000                1               1           0           0           0
 partons...            1          -1
 x1 & x2   0.99906993316453185       0.77321380600730605     
 sv & ME   0.55772133392515133        10114677776.411131     
 plepton   =    43.940377157347662        23.698410671641494        30.481184892397046        20.976851056157777     
 pneutrino =    43.943980211434010       -23.698553824363277       -30.481231610595508       -20.984167824014985     
 pleptonlab   =    46.996809210730014        23.698410671641494        30.481184892397046        26.794992283858278     
 pneutrinolab =    41.609059171971154       -23.698553824363277       -30.481231610595508       -15.510503138844939     
 sqrt(s) =    87.891675686017763     
 sqrt_fs_cm =    87.884357064075758     
 phind channel           0
 bbb pw(0) qmod c1q   0.0000000000000000        0.0000000000000000        0.0000000000000000        0.0000000000000000     
 reduced to Born momenta
   43.942178532037879        0.0000000000000000        0.0000000000000000        43.942123031504643     
   43.942178532037879        0.0000000000000000        0.0000000000000000       -43.942123031504643     
   43.942178532037879        23.698482246535146        30.481208251017435        20.980509365093766     
   43.942178532037879       -23.698482246535146       -30.481208251017435       -20.980509365093766     
 >> Photon n.           1
 cm momentum     7.3183172360942262E-003   1.4315272178306367E-004   4.6718198461803925E-005   7.3167678572093851E-003
 lab momentum    8.3185758907397978E-003   1.4315272178306367E-004   4.6718198461803925E-005   8.3172128479542945E-003
 c_ph_up    0.99978828754823590     
 c_ph_up lab   0.99983614469550963     
 c_ph_lep  0.49227201710170992     
 c_ph_lep lab   0.58237312139836783     
 isvec for ranlux 
     4582103    14909827     6058609    16033389    16400909    10270577    12793303      310030     7779432    12399011     3122562     7325754    11785470    16087410     4035484     7020979    11753393     9284947      731009     1133262     6407025    14657548    11290772     1908909    -4011606
  
 ====== DUMPING at point            1
 propag    0.0000000000000000        0.0000000000000000        0.0000000000000000        0.0000000000000000     
 test props.    0.0000000000000000        0.0000000000000000     
 Var           1.2365502930823240     
 Var before    1.0629422448804380     
 iev, nphot and rad. pattern    0.0000000000000000                0               0           1           0           0
 partons...            1          -1
 x1 & x2   0.99829491901813772       0.83994433712008953     
 sv & ME   0.57049850290562432        14893.672340051875     
 plepton   =    45.785154908688561       -14.990429336479915       -43.067154169140352       -4.0959133780682961     
 pneutrino =    45.785154908688561        14.990429336479915        43.067154169140352        4.0959133780682961     
 pleptonlab   =    45.601832625257479       -14.990429336479915       -43.067154169140352      -0.15243086966753694     
 pneutrinolab =    46.310130181653896        14.990429336479915        43.067154169140352        8.0699599645699429     
 sqrt(s) =    91.570309817377122     
 sqrt_fs_cm =    91.570309817377122     
 phind channel           0
 bbb pw(0) qmod c1q   0.0000000000000000        0.0000000000000000        0.0000000000000000        0.0000000000000000     
 reduced to Born momenta
   45.785154908688561        0.0000000000000000        0.0000000000000000        45.785101642204623     
   45.785154908688561        0.0000000000000000        0.0000000000000000       -45.785101642204623     
   45.785154908688561       -14.990429336479915       -43.067154169140352       -4.0959133780682961     
   45.785154908688561        14.990429336479915        43.067154169140352        4.0959133780682961     
 isvec for ranlux 
    15697820    13958964    15496225    11578598     1704967     5619974     9875627     7164025     7377212     9094670     8478077    13805758     9465217     1972369     1888418    13095976    15555016    16310036     7352882    14970220     9477691      555846    10078497      522600     4061606
  
 ====== DUMPING at point            1
 propag    0.0000000000000000        0.0000000000000000        0.0000000000000000        0.0000000000000000     
 test props.    0.0000000000000000        0.0000000000000000     
 Var           1.3425189287500126     
 Var before   0.93752185137286526     
 iev, nphot and rad. pattern    0.0000000000000000                1               0           0           1           0
 partons...            1          -1
 x1 & x2   0.96472912457459348       0.99985227665595089     
 sv & ME   0.55964231073850079        30923997602.283371     
 plepton   =    49.106043338979589        47.772614220505709        10.746174665705992        3.6999174735592470     
 pneutrino =    49.106682165864335       -47.773217153194189       -10.746376451238815       -3.7000250877207987     
 pleptonlab   =    49.047734704427420        47.772614220505709        10.746174665705992        2.8224415914774688     
 pneutrinolab =    49.180692332526966       -47.773217153194189       -10.746376451238815       -4.5786952963941472     
 sqrt(s) =    98.213370350589713     
 sqrt_fs_cm =    98.212725502726940     
 phind channel           0
 bbb pw(0) qmod c1q   0.0000000000000000        0.0000000000000000        0.0000000000000000        0.0000000000000000     
 reduced to Born momenta
   49.106685175294857        0.0000000000000000        0.0000000000000000        49.106635511709861     
   49.106685175294857        0.0000000000000000        0.0000000000000000       -49.106635511709861     
   49.106685175294857        47.773229356068924        10.746346116667842        3.6999955739525152     
   49.106685175294857       -47.773229356068924       -10.746346116667842       -3.6999955739525152     
 >> Photon n.           1
 cm momentum     6.4484574578833507E-004   6.0293268848001912E-004   2.0178553282399202E-004   1.0761416155185183E-004
 lab momentum    6.4302457280885120E-004   6.0293268848001912E-004   2.0178553282399202E-004   9.6100848805823362E-005
 c_ph_up    0.16688357216390046     
 c_ph_up lab   0.14945128517567680     
 c_ph_lep  0.99066837144949960     
 c_ph_lep lab   0.99063081357855942     
 isvec for ranlux 
     8580474     7453528     6610367     9370130     6454595    13285363    12880910       20013     9703009    16699534     1920148     6241711     6714350     8434631    10339274    15950484     7679134     4788915     9680677     9420690    13578033     7433776    11266006     2295994     4192111
  
 ====== DUMPING at point            1
 propag    0.0000000000000000        0.0000000000000000        0.0000000000000000        0.0000000000000000     
 test props.    0.0000000000000000        0.0000000000000000     
 Var           1.0939728282049646     
 Var before   0.78993862426651773     
 iev, nphot and rad. pattern    0.0000000000000000                0               0           1           0           1
 partons...            1          -1
 x1 & x2   0.99980925290256406       0.84929001185319353     
 sv & ME   0.57484966831639150        13267.039815532651     
 plepton   =    46.074071131400757        17.888829353263535       -19.204437339576639       -37.868037152326771     
 pneutrino =    46.074071131400771       -17.888829353263535        19.204437339576639        37.868037152326771     
 pleptonlab   =    43.134707270854506        17.888829353263535       -19.204437339576639       -34.231143400285831     
 pneutrinolab =    49.320255966933352       -17.888829353263535        19.204437339576639        41.757105452754359     
 sqrt(s) =    92.148142262801528     
 sqrt_fs_cm =    92.148142262801528     
 phind channel           0
 bbb pw(0) qmod c1q   0.0000000000000000        0.0000000000000000        0.0000000000000000        0.0000000000000000     
 reduced to Born momenta
   46.074071131400757        0.0000000000000000        0.0000000000000000        46.074018198934816     
   46.074071131400771        0.0000000000000000        0.0000000000000000       -46.074018198934830     
   46.074071131400757        17.888829353263535       -19.204437339576639       -37.868037152326771     
   46.074071131400771       -17.888829353263535        19.204437339576639        37.868037152326771     
 isvec for ranlux 
    16005597     8434417    14436132    13695452    14164085      961699    13764582       67402     7211444    14390456      970651      358280     3303569    11896123     6216082     9295383     9040778    13778432     3232438     8688432    14560231     5902029      962798     8581584    -4231606
  
 ====== DUMPING at point            1
 propag    0.0000000000000000        0.0000000000000000        0.0000000000000000        0.0000000000000000     
 test props.    0.0000000000000000        0.0000000000000000     
 Var           1.1445937820291241     
 Var before    1.0360274714849003     
 iev, nphot and rad. pattern    0.0000000000000000                1               0           0           0           1
 partons...            1          -1
 x1 & x2   0.99935298678934226       0.80822034750297234     
 sv & ME   0.55702926986845414        1369504340.1421471     
 plepton   =    44.935992059291195        39.437906263963349        6.6694414919695610        20.479314401640700     
 pneutrino =    44.605367890812104       -39.148370488643934       -6.6198914972139331       -20.327562707619684     
 pleptonlab   =    47.367020880323558        39.437906263963349        6.6694414919695610        25.373088166117562     
 pneutrinolab =    42.695290698581552       -39.148370488643934       -6.6198914972139331       -15.699006618060368     
 sqrt(s) =    89.871987752637125     
 sqrt_fs_cm =    89.540749533216186     
 phind channel           0
 bbb pw(0) qmod c1q   0.0000000000000000        0.0000000000000000        0.0000000000000000        0.0000000000000000     
 reduced to Born momenta
   44.935993876318562        0.0000000000000000        0.0000000000000000        44.935939603250084     
   44.935993876318562        0.0000000000000000        0.0000000000000000       -44.935939603250084     
   44.935993876318555        39.438228084459688        6.6692013460689923        20.478776841520524     
   44.935993876318570       -39.438228084459688       -6.6692013460689923       -20.478776841520524     
 >> Photon n.           1
 cm momentum    0.33062780253382451      -0.28953577531941571       -4.9549994755627540E-002 -0.15175169402101496     
 lab momentum   0.31635513571063006      -0.28953577531941571       -4.9549994755627540E-002 -0.11744958373869724     
 c_ph_up   -0.45898043920698461     
 c_ph_up lab  -0.37125865990722634     
 c_ph_lep -0.99999185380131506     
 c_ph_lep lab  -0.98294608752264012     
 isvec for ranlux 
     7388714     9617288     1398336     2389383     4357369    14684140     9486446     3033673    14925955     8440235    11812995     4941409    14160479     3700818    15230137      144881    12942425     3385948     9189929     1666383    14135389     4984438     2235879     8010321    -4160317
  
 ====== DUMPING at point            1
 propag    0.0000000000000000        0.0000000000000000        0.0000000000000000        0.0000000000000000     
 test props.    0.0000000000000000        0.0000000000000000     
 Var          0.71388436424298074     
 Var before   0.62806407123861308     
 iev, nphot and rad. pattern    0.0000000000000000                0               0           1           0           0
 partons...            1          -1
 x1 & x2   0.82263826814716390       0.99975371186905315     
 sv & ME   0.55751014748554018        23970.948294225120     
 plepton   =    45.344119301891205       -33.816645786699908        17.220963744312346        24.818357460287849     
 pneutrino =    45.344119301891190        33.816645786699908       -17.220963744312346       -24.818357460287849     
 pleptonlab   =    43.136268918213709       -33.816645786699908        17.220963744312346        20.508520374393989     
 pneutrinolab =    47.983330082597156        33.816645786699908       -17.220963744312346       -29.364292560488451     
 sqrt(s) =    90.688238603782395     
 sqrt_fs_cm =    90.688238603782395     
 phind channel           0
 bbb pw(0) qmod c1q   0.0000000000000000        0.0000000000000000        0.0000000000000000        0.0000000000000000     
 reduced to Born momenta
   45.344119301891197        0.0000000000000000        0.0000000000000000        45.344065517314853     
   45.344119301891197        0.0000000000000000        0.0000000000000000       -45.344065517314853     
   45.344119301891205       -33.816645786699908        17.220963744312346        24.818357460287849     
   45.344119301891190        33.816645786699908       -17.220963744312346       -24.818357460287849     
 isvec for ranlux 
     1457327    11843211      842130     1627129    13128769     2257102     8061877     9626046    13167356     9311311       68476    11689171     5193999    15602726    13809534     9598677    15490076    16534941     4561603     1137849      146632    16199119     3483777    15651896    -4100317
  
 ====== DUMPING at point            1
 propag    0.0000000000000000        0.0000000000000000        0.0000000000000000        0.0000000000000000     
 test props.    0.0000000000000000        0.0000000000000000     
 Var          0.74139133734661633     
 Var before   0.65996080397940604     
 iev, nphot and rad. pattern    0.0000000000000000                1               0           0           0           1
 partons...            1          -1
 x1 & x2   0.80714960005565251       0.99955388360028719     
 sv & ME   0.55712477642945624        3318885064.3118782     
 plepton   =    44.910664687832643       -6.4013426356218996       -38.369316468627602        22.444932728862028     
 pneutrino =    44.906410313909895        6.4012467649573788        38.365142845598193       -22.443582108940028     
 pleptonlab   =    42.763583878695272       -6.4013426356218996       -38.369316468627602        17.763200968587014     
 pneutrinolab =    47.567032786464175        6.4012467649573788        38.365142845598193       -27.381586855185326     
 sqrt(s) =    89.821462768207340     
 sqrt_fs_cm =    89.817074894566403     
 phind channel           0
 bbb pw(0) qmod c1q   0.0000000000000000        0.0000000000000000        0.0000000000000000        0.0000000000000000     
 reduced to Born momenta
   44.910731384103670        0.0000000000000000        0.0000000000000000        44.910677080506304     
   44.910731384103670        0.0000000000000000        0.0000000000000000       -44.910677080506304     
   44.910731384103670       -6.4016074261919247       -38.369103989454523        22.445353888299358     
   44.910731384103670        6.4016074261919247        38.369103989454523       -22.445353888299358     
 >> Photon n.           1
 cm momentum     4.3877664648012925E-003   9.5870664520743176E-005   4.1736230294090902E-003  -1.3506199220007355E-003
 lab momentum    4.5575176375087789E-003   9.5870664520743176E-005   4.1736230294090902E-003  -1.8282906334262201E-003
 c_ph_up   -0.30781490602004968     
 c_ph_up lab  -0.40115931058153770     
 c_ph_lep -0.96960459610722094     
 c_ph_lep lab  -0.99145112251387957     
 isvec for ranlux 
    14521119     3284366     3463762    11480123     3336141    13887286     8647963     5115281    11781391     9822864    14374850       23828     6429012     3846061     5815448    12970300     6645149    13960673    15889545     2643589     8059802     5945202    14697481       61957    -4221909
  
 ====== DUMPING at point            1
 propag    0.0000000000000000        0.0000000000000000        0.0000000000000000        0.0000000000000000     
 test props.    0.0000000000000000        0.0000000000000000     
 Var          0.78345092258568316     
 Var before   0.63801390928936352     
 iev, nphot and rad. pattern    0.0000000000000000                2               0           0           1           1
 partons...            1          -1
 x1 & x2   0.99951353056303116       0.87188233914442248     
 sv & ME   0.56518873089852306        256210650.93877262     
 plepton   =    42.171302694740142        17.509911777215461       -28.076163875141784        26.144590623879427     
 pneutrino =    46.533834064784678       -20.589493468385488        29.980540547470095       -29.028029493478531     
 pleptonlab   =    44.056974026898445        17.509911777215461       -28.076163875141784        29.088448021949389     
 pneutrinolab =    44.658073546240004       -20.589493468385488        29.980540547470095       -25.914712353540143     
 sqrt(s) =    93.351925263156502     
 sqrt_fs_cm =    88.584290898040095     
 phind channel           0
 bbb pw(0) qmod c1q   0.0000000000000000        0.0000000000000000        0.0000000000000000        0.0000000000000000     
 reduced to Born momenta
   46.675962631578251        0.0000000000000000        0.0000000000000000        46.675910381682854     
   46.675962631578251        0.0000000000000000        0.0000000000000000       -46.675910381682854     
   46.675962631578251        20.035040681907901       -30.565984535342196        29.033636667709029     
   46.675962631578251       -20.035040681907901        30.565984535342196       -29.033636667709029     
 >> Photon n.           1
 cm momentum     4.6376045442707259        3.0840902921694897       -1.9096154034510586        2.8894864577791068     
 lab momentum    4.8459539335552799        3.0840902921694897       -1.9096154034510586        3.2132577871668282     
 c_ph_up    0.62305581042884817     
 c_ph_up lab   0.66308054744742306     
 c_ph_lep  0.93653554792178750     
 c_ph_lep lab   0.94186372524935780     
 >> Photon n.           2
 cm momentum     9.1839593609573007E-003  -4.5086009994627328E-003   5.2387311227465472E-003  -6.0475881800041223E-003
 lab momentum    8.7919786789400697E-003  -4.5086009994627328E-003   5.2387311227465472E-003  -5.4338846456422965E-003
 c_ph_up   -0.65849465816601183     
 c_ph_up lab  -0.61805025285814119     
 c_ph_lep -0.99184629016162851     
 c_ph_lep lab  -0.99159690603694794     
 isvec for ranlux 
     9694957     1252334     7167226    16399770     5334141    13250981    11984409     2603513     3627080     4384046     3205779    13795264     8270940     7640603    12795748       19997    12743485    14635427     5286932    15315727    15130947     8180743    14720784    11532738    -4080923
  
 ====== DUMPING at point            1
 propag    0.0000000000000000        0.0000000000000000        0.0000000000000000        0.0000000000000000     
 test props.    0.0000000000000000        0.0000000000000000     
 Var          0.55444491236368798     
 Var before   0.48131189540572705     
 iev, nphot and rad. pattern    0.0000000000000000                3               0           0           1           2
 partons...            1          -1
 x1 & x2   0.99986181649853967       0.80833878580254315     
 sv & ME   0.56018592716224658        10893528617383.453     
 plepton   =    44.891134955793213        36.298191424829845       -6.0992082372684822        25.699100997751213     
 pneutrino =    41.868882466921313       -33.782474724628955        5.7594078169849734       -24.053394322108943     
 pleptonlab   =    47.882512544734311        36.298191424829845       -6.0992082372684822        30.626211030259956     
 pneutrinolab =    39.543610716576154       -33.782474724628955        5.7594078169849734       -19.729663146899100     
 sqrt(s) =    89.901450862528065     
 sqrt_fs_cm =    86.707254470927523     
 phind channel           0
 bbb pw(0) qmod c1q   0.0000000000000000        0.0000000000000000        0.0000000000000000        0.0000000000000000     
 reduced to Born momenta
   44.950725431264033        0.0000000000000000        0.0000000000000000        44.950671175982315     
   44.950725431264033        0.0000000000000000        0.0000000000000000       -44.950671175982315     
   44.950725431264033        36.308464014134799       -6.1446690961288066        25.777801220018308     
   44.950725431264033       -36.308464014134799        6.1446690961288066       -25.777801220018308     
 >> Photon n.           1
 cm momentum     1.3706501959577703E-002   1.0235414479271754E-002  -1.2289209140867554E-003   9.0329529940292360E-003
 lab momentum    1.4746215649424917E-002   1.0235414479271754E-002  -1.2289209140867554E-003   1.0544046652200408E-002
 c_ph_up    0.65902686335788774     
 c_ph_up lab   0.71503407402099206     
 c_ph_lep  0.99327566459522254     
 c_ph_lep lab   0.99414027301474084     
 >> Photon n.           2
 cm momentum     3.0803486707791192       -2.5476007806465151       0.35246650790038780       -1.6953010224819831     
 lab momentum    2.9171938170681018       -2.5476007806465151       0.35246650790038780       -1.3767779013327210     
 c_ph_up   -0.55036010649183653     
 c_ph_up lab  -0.47195283812730643     
 c_ph_lep -0.99935503861635178     
 c_ph_lep lab  -0.97928389676296435     
 >> Photon n.           3
 cm momentum     4.7378267074839761E-002   2.1648665966350691E-002  -1.1437166702791995E-002   4.0561393845684850E-002
 lab momentum    5.1966821026151133E-002   2.1648665966350691E-002  -1.1437166702791995E-002   4.5837506119486240E-002
 c_ph_up    0.85611813917999935     
 c_ph_up lab   0.88205330274906646     
 c_ph_lep  0.89237559858602000     
 c_ph_lep lab   0.90800865630953398     
 isvec for ranlux 
     8192674     9675355    12081709     9480863      986779    11942623     6473535     8765465     4090856     8723139     4116667     2833519      419117    11029292     2425882     3624875     8132952    13471903     1621808    10524330     7978715     5812058      446896     1435424     4221707
  
 ====== DUMPING at point            1
 propag    0.0000000000000000        0.0000000000000000        0.0000000000000000        0.0000000000000000     
 test props.    0.0000000000000000        0.0000000000000000     
 Var          0.34206379489516497     
 Var before   0.29458835902634700     
 iev, nphot and rad. pattern    3.0000000000000000                2               0           0           1           1
 partons...            1          -1
 x1 & x2   0.80931043562737337       0.99979924255617492     
 sv & ME   0.58449618416580662        3929559706692.4365     
 plepton   =    44.436445751959347       -29.622228450189041        16.330059617103778       -28.817343422355997     
 pneutrino =    44.957882345898554        29.973986834319859       -16.485249668727079        29.171847352403695     
 pleptonlab   =    47.736105336154914       -29.622228450189041        16.330059617103778       -33.683487401390842     
 pneutrinolab =    42.120397766681194        29.973986834319859       -16.485249668727079        24.574649559001397     
 sqrt(s) =    89.952652019440535     
 sqrt_fs_cm =    89.392798396280895     
 phind channel           0
 bbb pw(0) qmod c1q   0.0000000000000000        0.0000000000000000        0.0000000000000000        0.0000000000000000     
 reduced to Born momenta
   44.976326009720268        0.0000000000000000        0.0000000000000000        44.976271785320755     
   44.976326009720268        0.0000000000000000        0.0000000000000000       -44.976271785320755     
   44.976326009720268       -29.984213570769871        16.510186158497358       -29.175664982916732     
   44.976326009720268        29.984213570769871       -16.510186158497358        29.175664982916732     
 >> Photon n.           1
 cm momentum    0.54062934969080312      -0.36353062612414166       0.16140282764441330      -0.36616212917951790     
 lab momentum   0.58242172545350535      -0.36353062612414166       0.16140282764441330      -0.42545232092258656     
 c_ph_up   -0.67728866253549391     
 c_ph_up lab  -0.73048841128188713     
 c_ph_lep  0.99719217603898791     
 c_ph_lep lab   0.99757382090964031     
 >> Photon n.           2
 cm momentum     1.7694571891827417E-002   1.1772241993324323E-002  -6.2127760211119123E-003   1.1658199131819504E-002
 lab momentum    1.6559080887811137E-002   1.1772241993324323E-002  -6.2127760211119123E-003   9.8498168719616426E-003
 c_ph_up    0.65885737180248305     
 c_ph_up lab   0.59482871897871625     
 c_ph_lep -0.99981140510627631     
 c_ph_lep lab  -0.98923054658240250     
 isvec for ranlux 
    10876423     5508206     6552395     8586876     3831691     8121497     1468692    10309077    15186285     7188278     4503280     9877336     1366014     5981390     5726979     1082832     5970519     4651962    15890584    14102435     4569516     6677682    13119496    13736282     4202010
  
 ====== DUMPING at point            1
 propag    0.0000000000000000        0.0000000000000000        0.0000000000000000        0.0000000000000000     
 test props.    0.0000000000000000        0.0000000000000000     
 Var          0.33661635439282450     
 Var before   0.28891502685533221     
 iev, nphot and rad. pattern    5.0000000000000000                2               0           0           1           1
 partons...            1          -1
 x1 & x2   0.99985005286215844       0.84397454501042546     
 sv & ME   0.55833884461332095        110656274939.39473     
 plepton   =    44.740417206149125       0.21658685297652425       -42.458203315373382        14.104886722492695     
 pneutrino =    45.791993121093839      -0.16424623864748050        43.469562728116372       -14.396722186327109     
 pleptonlab   =    46.097856767751310       0.21658685297652425       -42.458203315373382        17.951470587508460     
 pneutrinolab =    44.735050030965631      -0.16424623864748050        43.469562728116372       -10.563317517758133     
 sqrt(s) =    91.861199286912750     
 sqrt_fs_cm =    90.526275546499107     
 phind channel           0
 bbb pw(0) qmod c1q   0.0000000000000000        0.0000000000000000        0.0000000000000000        0.0000000000000000     
 reduced to Born momenta
   45.930599643456375        0.0000000000000000        0.0000000000000000        45.930546545647324     
   45.930599643456375        0.0000000000000000        0.0000000000000000       -45.930546545647324     
   45.930599643456375       0.19337872900480110       -43.594462656376400        14.460091641652163     
   45.930599643456375      -0.19337872900480110        43.594462656376400       -14.460091641652163     
 >> Photon n.           1
 cm momentum     1.1912302019136900       -5.1355322693241195E-002  -1.1423064616979448       0.33395803979770478     
 lab momentum    1.2238439322183756       -5.1355322693241195E-002  -1.1423064616979448       0.43622534179243944     
 c_ph_up    0.28034719004035252     
 c_ph_up lab   0.35643870129888583     
 c_ph_lep  0.99819141787823862     
 c_ph_lep lab   0.99829144469771303     
 >> Photon n.           2
 cm momentum    0.13755875775609952       -9.8529163580255048E-004  0.13094704895495138       -4.2122575963291442E-002
 lab momentum   0.13447916269387872       -9.8529163580255048E-004  0.13094704895495138       -3.0603018956120831E-002
 c_ph_up   -0.30621515234949609     
 c_ph_up lab  -0.22756699508743916     
 c_ph_lep -0.99995205742404170     
 c_ph_lep lab  -0.98551005108662482     
 isvec for ranlux 
    13798336     8607402     7564242     6135960     8172408    11356951    12904116    12031075     5356482     9565784     5190119    11828940     9261313    15821424    16481898     3060787     3760646      711049     8167466     5757978    13465270     5714415     5077099     6269482     4100721
  
