 ====== DUMPING at point            1
 propag    0.0000000000000000        0.0000000000000000        0.0000000000000000        0.0000000000000000     
 test props.    0.0000000000000000        0.0000000000000000     
 Var           1.8955729528409435     
 Var before    0.0000000000000000     
 iev, nphot and rad. pattern    0.0000000000000000                0               0           1           0           0
 partons...            1          -1
 x1 & x2   0.94693539778351188       0.97588642440755047     
 sv & ME   0.57903185994366346        1097.1445020977494     
 plepton   =    48.065096470513126       -21.088354795801298        38.359754645008636       -19.850764484256235     
 pneutrino =    48.065096470513112        21.088354795801298       -38.359754645008636        19.850764484256235     
 pleptonlab   =    48.369463092289365       -21.088354795801298        38.359754645008636       -20.576790608013148     
 pneutrinolab =    47.771628017263772        21.088354795801298       -38.359754645008636        19.129239276811219     
 sqrt(s) =    96.130192941026237     
 sqrt_fs_cm =    96.130192941026237     
 phind channel           0
 bbb pw(0) qmod c1q   0.0000000000000000        0.0000000000000000        0.0000000000000000        0.0000000000000000     
 reduced to Born momenta
   48.065096470513119        0.0000000000000000        0.0000000000000000        48.065045730698444     
   48.065096470513119        0.0000000000000000        0.0000000000000000       -48.065045730698444     
   48.065096470513126       -21.088354795801298        38.359754645008636       -19.850764484256235     
   48.065096470513112        21.088354795801298       -38.359754645008636        19.850764484256235     
 isvec for ranlux 
     9644655    14614328     8305202     5902523     6611641    14048799     7267313     8683348    14048746     9318201     4464668     5476536     8218591     7359978     7668616    13721940      957152    13197359    14184585     9294164    15939178     5902395     5267822    14659295     4211303
  
 ====== DUMPING at point            1
 propag    0.0000000000000000        0.0000000000000000        0.0000000000000000        0.0000000000000000     
 test props.    0.0000000000000000        0.0000000000000000     
 Var           2.8710774532974392     
 Var before    1.8955729528409435     
 iev, nphot and rad. pattern    0.0000000000000000                0               0           1           0           0
 partons...            1          -1
 x1 & x2   0.94679254749356712       0.89844280943563448     
 sv & ME   0.56201302484582893        18582.659210457638     
 plepton   =    46.115045167570905       -23.402391211600936       -29.847342833906968        26.230715553526984     
 pneutrino =    46.115045167570891        23.402391211600936        29.847342833906968       -26.230715553526984     
 pleptonlab   =    46.818429723888293       -23.402391211600936       -29.847342833906968        27.448468253321625     
 pneutrinolab =    45.443338122571767        23.402391211600936        29.847342833906968       -25.030981350424991     
 sqrt(s) =    92.230090335141796     
 sqrt_fs_cm =    92.230090335141796     
 phind channel           0
 bbb pw(0) qmod c1q   0.0000000000000000        0.0000000000000000        0.0000000000000000        0.0000000000000000     
 reduced to Born momenta
   46.115045167570898        0.0000000000000000        0.0000000000000000        46.114992282136448     
   46.115045167570898        0.0000000000000000        0.0000000000000000       -46.114992282136448     
   46.115045167570905       -23.402391211600936       -29.847342833906968        26.230715553526984     
   46.115045167570891        23.402391211600936        29.847342833906968       -26.230715553526984     
 isvec for ranlux 
      778671     5844720     9587749    10340955     5767304     1229801     7106317     9230034     7070010     1656684    15462261     7797679    14988199    15435044     9850695     6896914     2215452    12845121     6405628     3024976     4819489    10459877     1149857     7981361    -4092010
  
 ====== DUMPING at point            1
 propag    0.0000000000000000        0.0000000000000000        0.0000000000000000        0.0000000000000000     
 test props.    0.0000000000000000        0.0000000000000000     
 Var           2.1862887473147290     
 Var before    1.7123375470276974     
 iev, nphot and rad. pattern    0.0000000000000000                1               0           0           1           0
 partons...            1          -1
 x1 & x2   0.86162213987822611       0.95881440568901921     
 sv & ME   0.58211143708591528        4539807045.3008852     
 plepton   =    45.439552118982093        27.907283267128136        14.829818233523966       -32.649682462332350     
 pneutrino =    45.445942796927369       -27.910932680623084       -14.833094036719181        32.653969302455366     
 pleptonlab   =    47.250093476047844        27.907283267128136        14.829818233523966       -35.125776882692591     
 pneutrinolab =    43.764981767540142       -27.910932680623084       -14.833094036719181        30.270804806235720     
 sqrt(s) =    90.892008448259205     
 sqrt_fs_cm =    90.885494682505310     
 phind channel           0
 bbb pw(0) qmod c1q   0.0000000000000000        0.0000000000000000        0.0000000000000000        0.0000000000000000     
 reduced to Born momenta
   45.446004224129602        0.0000000000000000        0.0000000000000000        45.445950560132474     
   45.446004224129602        0.0000000000000000        0.0000000000000000       -45.445950560132474     
   45.446004224129602        27.911108167021435        14.832519054123319       -32.654165976886247     
   45.446004224129602       -27.911108167021435       -14.832519054123319        32.654165976886247     
 >> Photon n.           1
 cm momentum     6.5135323497436714E-003   3.6494134949475706E-003   3.2758031952150337E-003  -4.2868401230126193E-003
 lab momentum    6.7520347742778732E-003   3.6494134949475706E-003   3.2758031952150337E-003  -4.6412140827773911E-003
 c_ph_up   -0.65814367578619926     
 c_ph_up lab  -0.68738006214930469     
 c_ph_lep  0.98113856417381162     
 c_ph_lep lab   0.98250201139142246     
 isvec for ranlux 
    13077225     6767474    12978143    11216133     7787453     7756591     1456377     6700084     7382700    12480500    14719702    13291644     7895789     6891298      102469     9060833    10785562     3405521     1113041     5184210    10069583      203884    13164889     3691341     4042414
  
 ====== DUMPING at point            1
 propag    0.0000000000000000        0.0000000000000000        0.0000000000000000        0.0000000000000000     
 test props.    0.0000000000000000        0.0000000000000000     
 Var           2.0769938339931651     
 Var before    1.7248959016428609     
 iev, nphot and rad. pattern    0.0000000000000000                0               0           1           0           0
 partons...            1          -1
 x1 & x2   0.98524200472959833       0.87780992787379286     
 sv & ME   0.56108955642574332        9296.0383680908235     
 plepton   =    46.498796035755589        22.517755539981945        34.864329036657729        20.965593608305241     
 pneutrino =    46.498796035755589       -22.517755539981945       -34.864329036657729       -20.965593608305241     
 pleptonlab   =    47.787285187800286        22.517755539981945        34.864329036657729        23.686340118177114     
 pneutrinolab =    45.365311442369283       -22.517755539981945       -34.864329036657729       -18.314736275386842     
 sqrt(s) =    92.997592071511178     
 sqrt_fs_cm =    92.997592071511178     
 phind channel           0
 bbb pw(0) qmod c1q   0.0000000000000000        0.0000000000000000        0.0000000000000000        0.0000000000000000     
 reduced to Born momenta
   46.498796035755589        0.0000000000000000        0.0000000000000000        46.498743586780925     
   46.498796035755589        0.0000000000000000        0.0000000000000000       -46.498743586780925     
   46.498796035755589        22.517755539981945        34.864329036657729        20.965593608305241     
   46.498796035755589       -22.517755539981945       -34.864329036657729       -20.965593608305241     
 isvec for ranlux 
     2097233     6471148     4378437     8640871    15711293     8225040    11065883    15787977     7243899     4917269    11956633    15358016     1047827     9592925      229606     7295905     6628324     2019165    14002484    11234980     6728922     2987987     4664818    12003099    -4080923
  
 ====== DUMPING at point            1
 propag    0.0000000000000000        0.0000000000000000        0.0000000000000000        0.0000000000000000     
 test props.    0.0000000000000000        0.0000000000000000     
 Var           2.3291815278220409     
 Var before    1.8488196420398229     
 iev, nphot and rad. pattern    0.0000000000000000                2               0           0           1           1
 partons...            1          -1
 x1 & x2   0.90018399086134104       0.95589641335274622     
 sv & ME   0.57056720153817742        29131693552.423019     
 plepton   =    46.310097028829510       -29.639339387162703        4.9315258521485266        35.239232917166511     
 pneutrino =    46.186738662363254        29.525349091814800       -5.0230809704386932       -35.160006870659991     
 pleptonlab   =    45.272749568595735       -29.639339387162703        4.9315258521485266        33.864440099778605     
 pneutrinolab =    47.263403620600691        29.525349091814800       -5.0230809704386932       -36.562830534344947     
 sqrt(s) =    92.762203953006491     
 sqrt_fs_cm =    92.496686210858101     
 phind channel           0
 bbb pw(0) qmod c1q   0.0000000000000000        0.0000000000000000        0.0000000000000000        0.0000000000000000     
 reduced to Born momenta
   46.381101976503238        0.0000000000000000        0.0000000000000000        46.381049394436864     
   46.381101976503253        0.0000000000000000        0.0000000000000000       -46.381049394436879     
   46.381101976503246       -29.667224606629635        4.9916217715632740        35.300636723616897     
   46.381101976503246        29.667224606629635       -4.9916217715632740       -35.300636723616897     
 >> Photon n.           1
 cm momentum     5.4705992366825093E-002  -3.4644387122609199E-002   4.5592217436500049E-003   4.2091870222528062E-002
 lab momentum    5.3466647050618987E-002  -3.4644387122609199E-002   4.5592217436500049E-003   4.0468040288930265E-002
 c_ph_up    0.76941973632953398     
 c_ph_up lab   0.75688382423939116     
 c_ph_lep  0.99967343352140015     
 c_ph_lep lab   0.99965820687170714     
 >> Photon n.           2
 cm momentum    0.21066226944690147       0.14863468247051359        8.6995896546516224E-002 -0.12131791672904857     
 lab momentum   0.21440037445733626       0.14863468247051359        8.6995896546516224E-002 -0.12769873029283982     
 c_ph_up   -0.57588820744963720     
 c_ph_up lab  -0.59560870924808351     
 c_ph_lep -0.84581391867964295     
 c_ph_lep lab  -0.85518823800913368     
 isvec for ranlux 
     7705512     6767400    12346605     2442596     4398068    14780140    11606138    14688674    13412440     5267269    10109083     1735670     8876049    16397594    14292833    16049731     7015236     2292865    16408353     4672107     7144624     1147718    13770713    15989233    -4151606
  
 ====== DUMPING at point            1
 propag    0.0000000000000000        0.0000000000000000        0.0000000000000000        0.0000000000000000     
 test props.    0.0000000000000000        0.0000000000000000     
 Var           1.9571122023106680     
 Var before    1.4365459911052869     
 iev, nphot and rad. pattern    0.0000000000000000                2               1           0           1           0
 partons...            1          -1
 x1 & x2   0.99170914503024044       0.84310579837358512     
 sv & ME   0.58070186864273732        30734503.931807660     
 plepton   =    45.153393030013873        4.3707476925594531       -29.252753189903608       -34.117308420360594     
 pneutrino =    45.310083138743593       -5.1075786055812618        29.488622104465946        34.019498490074753     
 pleptonlab   =    42.529918510878197        4.3707476925594531       -29.252753189903608       -30.560690441628477     
 pneutrinolab =    48.223776399254504       -5.1075786055812618        29.488622104465946        37.813426896826442     
 sqrt(s) =    91.439364087634956     
 sqrt_fs_cm =    90.460114966838546     
 phind channel           0
 bbb pw(0) qmod c1q   0.0000000000000000        0.0000000000000000        0.0000000000000000        0.0000000000000000     
 reduced to Born momenta
   45.335110414244674        0.0000000000000000        0.0000000000000000        45.335056618980367     
   45.335110414244689        0.0000000000000000        0.0000000000000000       -45.335056618980381     
   45.335110414244681        4.7498507471723954       -29.438803041510397       -34.147574817884681     
   45.335110414244681       -4.7498507471723954        29.438803041510397        34.147574817884681     
 >> Photon n.           1
 cm momentum    0.76590843047531199       0.71831091355514232       -9.1794189227056594E-002  0.24943733113726196     
 lab momentum   0.78870160028716807       0.71831091355514232       -9.1794189227056594E-002  0.31249555610802560     
 c_ph_up    0.32567513453594532     
 c_ph_up lab   0.39621519215156309     
 c_ph_lep  -7.7648581270514022E-002
 c_ph_lep lab  -0.11105914363196784     
 >> Photon n.           2
 cm momentum    0.20997948840217923        1.8519999466666704E-002 -0.14407472533528273      -0.15162740085142398     
 lab momentum   0.19835065977142399        1.8519999466666704E-002 -0.14407472533528273      -0.13506467847322887     
 c_ph_up   -0.72210577330776249     
 c_ph_up lab  -0.68093889190424250     
 c_ph_lep  0.99866969326865207     
 c_ph_lep lab   0.99850483741037677     
 isvec for ranlux 
    10482904     1249819    12058037    14159976    14147930     6205970     8604369     9431829     9704793     2911077    12566670     7519744     8037451     9579103     1801853     7051106     4729559     8526420      295591      567446    12330918     8671797    12046268    10350963     4080418
  
 ====== DUMPING at point            1
 propag    0.0000000000000000        0.0000000000000000        0.0000000000000000        0.0000000000000000     
 test props.    0.0000000000000000        0.0000000000000000     
 Var           2.1524988719393403     
 Var before    1.6851550384405536     
 iev, nphot and rad. pattern    0.0000000000000000                0               0           0           1           0
 partons...            1          -1
 x1 & x2   0.78801170418191668       0.99690016282409055     
 sv & ME   0.56114934920635262        3597.4460961597169     
 plepton   =    44.316165115176709       -10.097712373767406        36.581376573730886        22.885594150287965     
 pneutrino =    44.316165115176709        10.097712373767406       -36.581376573730886       -22.885594150287965     
 pleptonlab   =    41.925961065198663       -10.097712373767406        36.581376573730886        17.821732248483695     
 pneutrinolab =    47.319632285101711        10.097712373767406       -36.581376573730886       -28.266155180592389     
 sqrt(s) =    88.632330230353418     
 sqrt_fs_cm =    88.632330230353418     
 phind channel           0
 bbb pw(0) qmod c1q   0.0000000000000000        0.0000000000000000        0.0000000000000000        0.0000000000000000     
 reduced to Born momenta
   44.316165115176709        0.0000000000000000        0.0000000000000000        44.316110083016142     
   44.316165115176709        0.0000000000000000        0.0000000000000000       -44.316110083016142     
   44.316165115176709       -10.097712373767406        36.581376573730886        22.885594150287965     
   44.316165115176709        10.097712373767406       -36.581376573730886       -22.885594150287965     
 isvec for ranlux 
     1529830    10969541     5398952    14836342    16636312     5190420     1470932    12386847    11625234     6824400      810679     8482292     6601895    16231455    13558496     6713029     1261892      214096    11394427     5414534     6660712     4299797     3825772    15586491    -4101909
  
 ====== DUMPING at point            1
 propag    0.0000000000000000        0.0000000000000000        0.0000000000000000        0.0000000000000000     
 test props.    0.0000000000000000        0.0000000000000000     
 Var           1.9222576137291074     
 Var before    1.4871100127258621     
 iev, nphot and rad. pattern    0.0000000000000000                1               1           0           0           0
 partons...            1          -1
 x1 & x2   0.99906993316453185       0.77321380600730605     
 sv & ME   0.56113005131651261        7631163580.1904612     
 plepton   =    43.940377157347662        23.698410671641494        30.481184892397046        20.976851056157777     
 pneutrino =    43.943980211434010       -23.698553824363277       -30.481231610595508       -20.984167824014985     
 pleptonlab   =    46.996809210730014        23.698410671641494        30.481184892397046        26.794992283858278     
 pneutrinolab =    41.609059171971154       -23.698553824363277       -30.481231610595508       -15.510503138844939     
 sqrt(s) =    87.891675686017763     
 sqrt_fs_cm =    87.884357064075758     
 phind channel           0
 bbb pw(0) qmod c1q   0.0000000000000000        0.0000000000000000        0.0000000000000000        0.0000000000000000     
 reduced to Born momenta
   43.942178532037879        0.0000000000000000        0.0000000000000000        43.942123031504643     
   43.942178532037879        0.0000000000000000        0.0000000000000000       -43.942123031504643     
   43.942178532037879        23.698482246535146        30.481208251017435        20.980509365093766     
   43.942178532037879       -23.698482246535146       -30.481208251017435       -20.980509365093766     
 >> Photon n.           1
 cm momentum     7.3183172360942262E-003   1.4315272178306367E-004   4.6718198461803925E-005   7.3167678572093851E-003
 lab momentum    8.3185758907397978E-003   1.4315272178306367E-004   4.6718198461803925E-005   8.3172128479542945E-003
 c_ph_up    0.99978828754823590     
 c_ph_up lab   0.99983614469550963     
 c_ph_lep  0.49227201710170992     
 c_ph_lep lab   0.58237312139836783     
 isvec for ranlux 
     4582103    14909827     6058609    16033389    16400909    10270577    12793303      310030     7779432    12399011     3122562     7325754    11785470    16087410     4035484     7020979    11753393     9284947      731009     1133262     6407025    14657548    11290772     1908909    -4011606
  
 ====== DUMPING at point            1
 propag    0.0000000000000000        0.0000000000000000        0.0000000000000000        0.0000000000000000     
 test props.    0.0000000000000000        0.0000000000000000     
 Var           1.1838632950478187     
 Var before    1.0013719771053478     
 iev, nphot and rad. pattern    0.0000000000000000                0               0           1           0           0
 partons...            1          -1
 x1 & x2   0.99836342744018358       0.84622196781867065     
 sv & ME   0.57344203537896410        14316.811199103693     
 plepton   =    45.957509293004129       -15.046859853261900       -43.229277728882550       -4.1113321831892513     
 pneutrino =    45.957509293004144        15.046859853261900        43.229277728882550        4.1113321831892513     
 pleptonlab   =    45.774372708345631       -15.046859853261900       -43.229277728882550      -0.32185205685840135     
 pneutrinolab =    46.454897054597083        15.046859853261900        43.229277728882550        7.9289250379340483     
 sqrt(s) =    91.915018586008273     
 sqrt_fs_cm =    91.915018586008273     
 phind channel           0
 bbb pw(0) qmod c1q   0.0000000000000000        0.0000000000000000        0.0000000000000000        0.0000000000000000     
 reduced to Born momenta
   45.957509293004136        0.0000000000000000        0.0000000000000000        45.957456226285650     
   45.957509293004136        0.0000000000000000        0.0000000000000000       -45.957456226285650     
   45.957509293004129       -15.046859853261900       -43.229277728882550       -4.1113321831892513     
   45.957509293004144        15.046859853261900        43.229277728882550        4.1113321831892513     
 isvec for ranlux 
    15697820    13958964    15496225    11578598     1704967     5619974     9875627     7164025     7377212     9094670     8478077    13805758     9465217     1972369     1888418    13095976    15555016    16310036     7352882    14970220     9477691      555846    10078497      522600     4061606
  
 ====== DUMPING at point            1
 propag    0.0000000000000000        0.0000000000000000        0.0000000000000000        0.0000000000000000     
 test props.    0.0000000000000000        0.0000000000000000     
 Var           1.3504747108147277     
 Var before   0.91810414956157249     
 iev, nphot and rad. pattern    0.0000000000000000                1               0           0           1           0
 partons...            1          -1
 x1 & x2   0.96472912457459348       0.99985227665595089     
 sv & ME   0.56300763837564061        31992468297.433815     
 plepton   =    49.106043338979589        47.772614220505709        10.746174665705992        3.6999174735592470     
 pneutrino =    49.106682165864335       -47.773217153194189       -10.746376451238815       -3.7000250877207987     
 pleptonlab   =    49.047734704427420        47.772614220505709        10.746174665705992        2.8224415914774688     
 pneutrinolab =    49.180692332526966       -47.773217153194189       -10.746376451238815       -4.5786952963941472     
 sqrt(s) =    98.213370350589713     
 sqrt_fs_cm =    98.212725502726940     
 phind channel           0
 bbb pw(0) qmod c1q   0.0000000000000000        0.0000000000000000        0.0000000000000000        0.0000000000000000     
 reduced to Born momenta
   49.106685175294857        0.0000000000000000        0.0000000000000000        49.106635511709861     
   49.106685175294857        0.0000000000000000        0.0000000000000000       -49.106635511709861     
   49.106685175294857        47.773229356068924        10.746346116667842        3.6999955739525152     
   49.106685175294857       -47.773229356068924       -10.746346116667842       -3.6999955739525152     
 >> Photon n.           1
 cm momentum     6.4484574578833507E-004   6.0293268848001912E-004   2.0178553282399202E-004   1.0761416155185183E-004
 lab momentum    6.4302457280885120E-004   6.0293268848001912E-004   2.0178553282399202E-004   9.6100848805823362E-005
 c_ph_up    0.16688357216390046     
 c_ph_up lab   0.14945128517567680     
 c_ph_lep  0.99066837144949960     
 c_ph_lep lab   0.99063081357855942     
 isvec for ranlux 
     8580474     7453528     6610367     9370130     6454595    13285363    12880910       20013     9703009    16699534     1920148     6241711     6714350     8434631    10339274    15950484     7679134     4788915     9680677     9420690    13578033     7433776    11266006     2295994     4192111
  
 ====== DUMPING at point            1
 propag    0.0000000000000000        0.0000000000000000        0.0000000000000000        0.0000000000000000     
 test props.    0.0000000000000000        0.0000000000000000     
 Var           1.1042109429325031     
 Var before   0.79020349018784941     
 iev, nphot and rad. pattern    0.0000000000000000                0               0           1           0           1
 partons...            1          -1
 x1 & x2   0.99981335475521727       0.85558059476640003     
 sv & ME   0.57462369687770398        13410.805659205467     
 plepton   =    46.244483582284133        17.954994447444449       -19.275468449559959       -38.008098986175781     
 pneutrino =    46.244483582284118       -17.954994447444449        19.275468449559959        38.008098986175781     
 pleptonlab   =    43.421244977091305        17.954994447444449       -19.275468449559959       -34.517645373219864     
 pneutrinolab =    49.348452498989559       -17.954994447444449        19.275468449559959        41.729283372660731     
 sqrt(s) =    92.488967164568251     
 sqrt_fs_cm =    92.488967164568251     
 phind channel           0
 bbb pw(0) qmod c1q   0.0000000000000000        0.0000000000000000        0.0000000000000000        0.0000000000000000     
 reduced to Born momenta
   46.244483582284126        0.0000000000000000        0.0000000000000000        46.244430844876298     
   46.244483582284126        0.0000000000000000        0.0000000000000000       -46.244430844876298     
   46.244483582284133        17.954994447444449       -19.275468449559959       -38.008098986175781     
   46.244483582284118       -17.954994447444449        19.275468449559959        38.008098986175781     
 isvec for ranlux 
    16005597     8434417    14436132    13695452    14164085      961699    13764582       67402     7211444    14390456      970651      358280     3303569    11896123     6216082     9295383     9040778    13778432     3232438     8688432    14560231     5902029      962798     8581584    -4231606
  
 ====== DUMPING at point            1
 propag    0.0000000000000000        0.0000000000000000        0.0000000000000000        0.0000000000000000     
 test props.    0.0000000000000000        0.0000000000000000     
 Var          0.69588266001325882     
 Var before   0.61798083891008371     
 iev, nphot and rad. pattern    0.0000000000000000                0               0           1           0           0
 partons...            1          -1
 x1 & x2   0.82893301776136896       0.99975942597635559     
 sv & ME   0.56069655090295589        22038.114697747238     
 plepton   =    45.517403210474185       -33.945877810688408        17.286774529147348        24.913202069859519     
 pneutrino =    45.517403210474185        33.945877810688408       -17.286774529147348       -24.913202069859519     
 pleptonlab   =    43.379835465138292       -33.945877810688408        17.286774529147348        20.751958156550842     
 pneutrinolab =    48.054786721747924        33.945877810688408       -17.286774529147348       -29.293278567300177     
 sqrt(s) =    91.034806420948371     
 sqrt_fs_cm =    91.034806420948371     
 phind channel           0
 bbb pw(0) qmod c1q   0.0000000000000000        0.0000000000000000        0.0000000000000000        0.0000000000000000     
 reduced to Born momenta
   45.517403210474185        0.0000000000000000        0.0000000000000000        45.517349630654969     
   45.517403210474185        0.0000000000000000        0.0000000000000000       -45.517349630654969     
   45.517403210474185       -33.945877810688408        17.286774529147348        24.913202069859519     
   45.517403210474185        33.945877810688408       -17.286774529147348       -24.913202069859519     
 isvec for ranlux 
     1457327    11843211      842130     1627129    13128769     2257102     8061877     9626046    13167356     9311311       68476    11689171     5193999    15602726    13809534     9598677    15490076    16534941     4561603     1137849      146632    16199119     3483777    15651896    -4100317
  
 ====== DUMPING at point            1
 propag    0.0000000000000000        0.0000000000000000        0.0000000000000000        0.0000000000000000     
 test props.    0.0000000000000000        0.0000000000000000     
 Var          0.71419295312142161     
 Var before   0.63982544031312782     
 iev, nphot and rad. pattern    0.0000000000000000                1               0           0           0           1
 partons...            1          -1
 x1 & x2   0.81336811033625100       0.99956628594876740     
 sv & ME   0.56035930186805538        3032585439.3702455     
 plepton   =    45.083614876104676       -6.4259948323471745       -38.517076220165244        22.531369165456585     
 pneutrino =    45.079343799635801        6.4258979455978098        38.512886886924669       -22.530012271235062     
 pleptonlab   =    42.996896778068319       -6.4259948323471745       -38.517076220165244        17.996205119886316     
 pneutrinolab =    47.645254854758917        6.4258979455978098        38.512886886924669       -27.304295004837027     
 sqrt(s) =    90.167363339402002     
 sqrt_fs_cm =    90.162958568151595     
 phind channel           0
 bbb pw(0) qmod c1q   0.0000000000000000        0.0000000000000000        0.0000000000000000        0.0000000000000000     
 reduced to Born momenta
   45.083681669701001        0.0000000000000000        0.0000000000000000        45.083627574423666     
   45.083681669701001        0.0000000000000000        0.0000000000000000       -45.083627574423666     
   45.083681669701001       -6.4262603191759622       -38.516863103846354        22.531791410209909     
   45.083681669701001        6.4262603191759622        38.516863103846354       -22.531791410209909     
 >> Photon n.           1
 cm momentum     4.4046636615254226E-003   9.6886749364581787E-005   4.1893332405716728E-003  -1.3568942215225746E-003
 lab momentum    4.5681814236842111E-003   9.6886749364581787E-005   4.1893332405716728E-003  -1.8188956751095751E-003
 c_ph_up   -0.30805853199984290     
 c_ph_up lab  -0.39816625182163773     
 c_ph_lep -0.96967700150554426     
 c_ph_lep lab  -0.99134315935824757     
 isvec for ranlux 
    14521119     3284366     3463762    11480123     3336141    13887286     8647963     5115281    11781391     9822864    14374850       23828     6429012     3846061     5815448    12970300     6645149    13960673    15889545     2643589     8059802     5945202    14697481       61957    -4221909
  
 ====== DUMPING at point            1
 propag    0.0000000000000000        0.0000000000000000        0.0000000000000000        0.0000000000000000     
 test props.    0.0000000000000000        0.0000000000000000     
 Var          0.75416780898275315     
 Var before   0.61734246123436287     
 iev, nphot and rad. pattern    0.0000000000000000                2               0           0           1           1
 partons...            1          -1
 x1 & x2   0.99953300694087588       0.87792396860113664     
 sv & ME   0.56830164049240994        237711484.18224758     
 plepton   =    42.317326035677041        17.571591830622523       -28.172577335807642        26.235280938352087     
 pneutrino =    46.695484470286665       -20.661018137791068        30.084688240785180       -29.128868312860096     
 pleptonlab   =    44.109300370586034        17.571591830622523       -28.172577335807642        29.037290890974166     
 pneutrinolab =    44.903008281976135       -20.661018137791068        30.084688240785180       -26.159182939158846     
 sqrt(s) =    93.675716394450987     
 sqrt_fs_cm =    88.891545510562082     
 phind channel           0
 bbb pw(0) qmod c1q   0.0000000000000000        0.0000000000000000        0.0000000000000000        0.0000000000000000     
 reduced to Born momenta
   46.837858197225493        0.0000000000000000        0.0000000000000000        46.837806127932630     
   46.837858197225493        0.0000000000000000        0.0000000000000000       -46.837806127932630     
   46.837858197225501        20.105095403070163       -30.671559121844886        29.134419449863028     
   46.837858197225486       -20.105095403070163        30.671559121844886       -29.134419449863028     
 >> Photon n.           1
 cm momentum     4.6536900745653913        3.0939498826840306       -1.9173689030369561        2.8996554835384791     
 lab momentum    4.8516987951807815        3.0939498826840306       -1.9173689030369561        3.2078266493476519     
 c_ph_up    0.62308736445223600     
 c_ph_up lab   0.66117596841213711     
 c_ph_lep  0.93665306550911109     
 c_ph_lep lab   0.94170689815315811     
 >> Photon n.           2
 cm momentum     9.2158139218875036E-003  -4.5235755154870256E-003   5.2579980594187458E-003  -6.0681090304715649E-003
 lab momentum    8.8413293576849374E-003  -4.5235755154870256E-003   5.2579980594187458E-003  -5.4826841760123807E-003
 c_ph_up   -0.65844526396739000     
 c_ph_up lab  -0.62011988856028744     
 c_ph_lep -0.99186880857667648     
 c_ph_lep lab  -0.99188771635466211     
 isvec for ranlux 
     9694957     1252334     7167226    16399770     5334141    13250981    11984409     2603513     3627080     4384046     3205779    13795264     8270940     7640603    12795748       19997    12743485    14635427     5286932    15315727    15130947     8180743    14720784    11532738    -4080923
  
 ====== DUMPING at point            1
 propag    0.0000000000000000        0.0000000000000000        0.0000000000000000        0.0000000000000000     
 test props.    0.0000000000000000        0.0000000000000000     
 Var          0.53608505575025689     
 Var before   0.47148112021633926     
 iev, nphot and rad. pattern    0.0000000000000000                3               0           0           1           2
 partons...            1          -1
 x1 & x2   0.99986319560166514       0.81457191177911425     
 sv & ME   0.56338020467143701        9828565192316.2852     
 plepton   =    45.063918373070493        36.437901865179342       -6.1226838715952434        25.798015918193396     
 pneutrino =    42.030021364973855       -33.912624983227957        5.7814261846152002       -24.145817655806972     
 pleptonlab   =    47.949105317467691        36.437901865179342       -6.1226838715952434        30.559738004868557     
 pneutrinolab =    39.772162918599371       -33.912624983227957        5.7814261846152002       -19.958024891028959     
 sqrt(s) =    90.247463939925922     
 sqrt_fs_cm =    87.040973683986493     
 phind channel           0
 bbb pw(0) qmod c1q   0.0000000000000000        0.0000000000000000        0.0000000000000000        0.0000000000000000     
 reduced to Born momenta
   45.123731969962961        0.0000000000000000        0.0000000000000000        45.123677922698825     
   45.123731969962961        0.0000000000000000        0.0000000000000000       -45.123677922698825     
   45.123731969962961        36.448278583376691       -6.1682408927594627        25.876935981739479     
   45.123731969962961       -36.448278583376691        6.1682408927594627       -25.876935981739479     
 >> Photon n.           1
 cm momentum     1.3759255601236338E-002   1.0276302709866032E-002  -1.2346971206825823E-003   9.0658833179967507E-003
 lab momentum    1.4762246167395066E-002   1.0276302709866032E-002  -1.2346971206825823E-003   1.0526017173753257E-002
 c_ph_up    0.65889344458301480     
 c_ph_up lab   0.71303628556213605     
 c_ph_lep  0.99329742207177929     
 c_ph_lep lab   0.99412874170636878     
 >> Photon n.           2
 cm momentum     3.0922043295344435       -2.5572795960235002       0.35397467828350154       -1.7019843155821188     
 lab momentum    2.9337340932632245       -2.5572795960235002       0.35397467828350154       -1.3934915589521781     
 c_ph_up   -0.55041133579887536     
 c_ph_up lab  -0.47498904626430621     
 c_ph_lep -0.99935797435601448     
 c_ph_lep lab  -0.98055252278033467     
 >> Photon n.           3
 cm momentum     4.7560616745896914E-002   2.1726411362249579E-002  -1.1482294182775944E-002   4.0720169877698109E-002
 lab momentum    5.1990793541309158E-002   2.1726411362249579E-002  -1.1482294182775944E-002   4.5816619066377393E-002
 c_ph_up    0.85617413447883994     
 c_ph_up lab   0.88124485020552557     
 c_ph_lep  0.89231602034101953     
 c_ph_lep lab   0.90741937046166277     
 isvec for ranlux 
     8192674     9675355    12081709     9480863      986779    11942623     6473535     8765465     4090856     8723139     4116667     2833519      419117    11029292     2425882     3624875     8132952    13471903     1621808    10524330     7978715     5812058      446896     1435424     4221707
  
 ====== DUMPING at point            1
 propag    0.0000000000000000        0.0000000000000000        0.0000000000000000        0.0000000000000000     
 test props.    0.0000000000000000        0.0000000000000000     
 Var          0.33479323481699264     
 Var before   0.28565057268509808     
 iev, nphot and rad. pattern    4.0000000000000000                2               0           0           1           1
 partons...            1          -1
 x1 & x2   0.81554686468872672       0.99980289980597981     
 sv & ME   0.58466387025436506        3888817956070.9297     
 plepton   =    44.607406368181252       -29.736202627242655        16.392819348645769       -28.928243401887045     
 pneutrino =    45.130854748207774        30.089310350922450       -16.548675898089819        29.284084674754858     
 pleptonlab   =    47.790398103392377       -29.736202627242655        16.392819348645769       -33.629521470034234     
 pneutrinolab =    42.377403626307981        30.089310350922450       -16.548675898089819        24.831590827842764     
 sqrt(s) =    90.298733116443231     
 sqrt_fs_cm =    89.736725530037120     
 phind channel           0
 bbb pw(0) qmod c1q   0.0000000000000000        0.0000000000000000        0.0000000000000000        0.0000000000000000     
 reduced to Born momenta
   45.149366558221615        0.0000000000000000        0.0000000000000000        45.149312541644093     
   45.149366558221615        0.0000000000000000        0.0000000000000000       -45.149312541644093     
   45.149366558221615       -30.099578456293845        16.573673298006565       -29.287930399424745     
   45.149366558221615        30.099578456293845       -16.573673298006565        29.287930399424745     
 >> Photon n.           1
 cm momentum    0.54270935060475511      -0.36492532932977023       0.16209396053233407      -0.36754386296921865     
 lab momentum   0.58302560312447405      -0.36492532932977023       0.16209396053233407      -0.42482220501188195     
 c_ph_up   -0.67723886194268612     
 c_ph_up lab  -0.72865102790551683     
 c_ph_lep  0.99720267897906212     
 c_ph_lep lab   0.99756954848260471     
 >> Photon n.           2
 cm momentum     1.7762649449451769E-002   1.1817605649974913E-002  -6.2374110882845307E-003   1.1702590101406415E-002
 lab momentum    1.6660891910507639E-002   1.1817605649974913E-002  -6.2374110882845307E-003   9.9510913407045466E-003
 c_ph_up    0.65883133789861548     
 c_ph_up lab   0.59727242659972024     
 c_ph_lep -0.99981238536097006     
 c_ph_lep lab  -0.99005461390957861     
 isvec for ranlux 
    10876423     5508206     6552395     8586876     3831691     8121497     1468692    10309077    15186285     7188278     4503280     9877336     1366014     5981390     5726979     1082832     5970519     4651962    15890584    14102435     4569516     6677682    13119496    13736282     4202010
  
 ====== DUMPING at point            1
 propag    0.0000000000000000        0.0000000000000000        0.0000000000000000        0.0000000000000000     
 test props.    0.0000000000000000        0.0000000000000000     
 Var          0.32807848680370788     
 Var before   0.28193336451350942     
 iev, nphot and rad. pattern    6.0000000000000000                2               0           0           1           1
 partons...            1          -1
 x1 & x2   0.99985005286215844       0.84397454501042546     
 sv & ME   0.56153552359798387        126768108740.60419     
 plepton   =    44.740417206149125       0.21658685297652425       -42.458203315373382        14.104886722492695     
 pneutrino =    45.791993121093839      -0.16424623864748050        43.469562728116372       -14.396722186327109     
 pleptonlab   =    46.097856767751310       0.21658685297652425       -42.458203315373382        17.951470587508460     
 pneutrinolab =    44.735050030965631      -0.16424623864748050        43.469562728116372       -10.563317517758133     
 sqrt(s) =    91.861199286912750     
 sqrt_fs_cm =    90.526275546499107     
 phind channel           0
 bbb pw(0) qmod c1q   0.0000000000000000        0.0000000000000000        0.0000000000000000        0.0000000000000000     
 reduced to Born momenta
   45.930599643456375        0.0000000000000000        0.0000000000000000        45.930546545647324     
   45.930599643456375        0.0000000000000000        0.0000000000000000       -45.930546545647324     
   45.930599643456375       0.19337872900480110       -43.594462656376400        14.460091641652163     
   45.930599643456375      -0.19337872900480110        43.594462656376400       -14.460091641652163     
 >> Photon n.           1
 cm momentum     1.1912302019136900       -5.1355322693241195E-002  -1.1423064616979448       0.33395803979770478     
 lab momentum    1.2238439322183756       -5.1355322693241195E-002  -1.1423064616979448       0.43622534179243944     
 c_ph_up    0.28034719004035252     
 c_ph_up lab   0.35643870129888583     
 c_ph_lep  0.99819141787823862     
 c_ph_lep lab   0.99829144469771303     
 >> Photon n.           2
 cm momentum    0.13755875775609952       -9.8529163580255048E-004  0.13094704895495138       -4.2122575963291442E-002
 lab momentum   0.13447916269387872       -9.8529163580255048E-004  0.13094704895495138       -3.0603018956120831E-002
 c_ph_up   -0.30621515234949609     
 c_ph_up lab  -0.22756699508743916     
 c_ph_lep -0.99995205742404170     
 c_ph_lep lab  -0.98551005108662482     
 isvec for ranlux 
    13798336     8607402     7564242     6135960     8172408    11356951    12904116    12031075     5356482     9565784     5190119    11828940     9261313    15821424    16481898     3060787     3760646      711049     8167466     5757978    13465270     5714415     5077099     6269482     4100721
  
