 ====== DUMPING at point            1
 propag    0.0000000000000000        0.0000000000000000        0.0000000000000000        0.0000000000000000     
 test props.    0.0000000000000000        0.0000000000000000     
 Var           3.5824381867203758     
 Var before    0.0000000000000000     
 iev, nphot and rad. pattern    0.0000000000000000                0               0           0           0           0
 partons...            1          -1
 x1 & x2   0.96657996284240877       0.83978933685046120     
 sv & ME    1.0000000000000000        25681.673105358583     
 plepton   =    45.047850836870388        3.9865912910723869       -5.0788870068913949        44.582616544777089     
 pneutrino =    45.047850836870403       -3.9865912910723869        5.0788870068913949       -44.582616544777089     
 pleptonlab   =    48.296262203539797        3.9865912910723869       -5.0788870068913949        47.862613549520823     
 pneutrinolab =    42.022202781103708       -3.9865912910723869        5.0788870068913949       -41.523082249923441     
 sqrt(s) =    90.095701673740791     
 sqrt_fs_cm =    90.095701673740791     
 phind channel           0
 bbb pw(0) qmod c1q   0.0000000000000000        0.0000000000000000        0.0000000000000000        0.0000000000000000     
 reduced to Born momenta
   45.444035983348869        0.0000000000000000        0.0000000000000000        45.443982317027491     
   45.444035983348869        0.0000000000000000        0.0000000000000000       -45.443982317027491     
   45.444035983348876       -34.152092317165511        8.0006185590294869        28.892454651641430     
   45.444035983348861        34.152092317165511       -8.0006185590294869       -28.892454651641430     
 isvec for ranlux 
     9644655    14614328     8305202     1457455     1056974    16450356    10467055     4514011      135838    16753179    11474510      425858    13826447     7299317     7668616    13721940      957152    13197359    14184585     9294164    15939178     5902395     5267822    14659295     4102414
  
 ====== DUMPING at point            1
 propag    0.0000000000000000        0.0000000000000000        0.0000000000000000        0.0000000000000000     
 test props.    0.0000000000000000        0.0000000000000000     
 Var           2.4894734604518711     
 Var before    2.1838520597798854     
 iev, nphot and rad. pattern    0.0000000000000000                0               0           0           0           0
 partons...            1          -1
 x1 & x2   0.99427728318130171       0.99976866665782238     
 sv & ME    1.0000000000000000        451.73994477928807     
 plepton   =    49.850959712284677        42.946285615871474        24.649366648503285        5.7560660326308799     
 pneutrino =    49.850959712284663       -42.946285615871474       -24.649366648503285       -5.7560660326308799     
 pleptonlab   =    49.835297112386790        42.946285615871474        24.649366648503285        5.6188032725879555     
 pneutrinolab =    49.867000379569383       -42.946285615871474       -24.649366648503285       -5.8933724464139932     
 sqrt(s) =    99.701919424569340     
 sqrt_fs_cm =    99.701919424569340     
 phind channel           0
 bbb pw(0) qmod c1q   0.0000000000000000        0.0000000000000000        0.0000000000000000        0.0000000000000000     
 reduced to Born momenta
   49.850959712284670        0.0000000000000000        0.0000000000000000        49.850910790177437     
   49.850959712284670        0.0000000000000000        0.0000000000000000       -49.850910790177437     
   49.850959712284677        42.946285615871474        24.649366648503285        5.7560660326308799     
   49.850959712284663       -42.946285615871474       -24.649366648503285       -5.7560660326308799     
 isvec for ranlux 
    13828964    12538209    14722825      978898    10903123    16188213     3834576      755982    12350293    13898296    16631971     2580472     9212313    13500588    11285027    12295266    14794390     9041223     4836823     6203403     5099258      436050     2993088    13331992     4071707
  
 ====== DUMPING at point            1
 propag    0.0000000000000000        0.0000000000000000        0.0000000000000000        0.0000000000000000     
 test props.    0.0000000000000000        0.0000000000000000     
 Var           1.6897683085875352     
 Var before    1.4422329921829937     
 iev, nphot and rad. pattern    0.0000000000000000                0               0           0           0           0
 partons...            1          -1
 x1 & x2   0.97845260907852749       0.84300736081708871     
 sv & ME    1.0000000000000000        22606.274894851784     
 plepton   =    45.410426987198782       -31.961881447666087        20.923182913345595        24.551054286288078     
 pneutrino =    45.410426987198754        31.961881447666087       -20.923182913345595       -24.551054286288078     
 pleptonlab   =    47.367204144651005       -31.961881447666087        20.923182913345595        28.005346201923576     
 pneutrinolab =    43.705794350129814        31.961881447666087       -20.923182913345595       -21.233083788851641     
 sqrt(s) =    90.820853974397536     
 sqrt_fs_cm =    90.820853974397536     
 phind channel           0
 bbb pw(0) qmod c1q   0.0000000000000000        0.0000000000000000        0.0000000000000000        0.0000000000000000     
 reduced to Born momenta
   45.410426987198775        0.0000000000000000        0.0000000000000000        45.410373281158030     
   45.410426987198761        0.0000000000000000        0.0000000000000000       -45.410373281158016     
   45.410426987198782       -31.961881447666087        20.923182913345595        24.551054286288078     
   45.410426987198754        31.961881447666087       -20.923182913345595       -24.551054286288078     
 isvec for ranlux 
     8965487     4677045     9993826    10061960    12404269    11384977    11035044     9685088    14068021     1324435      272948    14908356    11427211    15348884     8000738     8738368    12913065     1505022     4123979     3215547    11907780     4934906    11898556     4780317    -4080115
  
 ====== DUMPING at point            1
 propag    0.0000000000000000        0.0000000000000000        0.0000000000000000        0.0000000000000000     
 test props.    0.0000000000000000        0.0000000000000000     
 Var           2.2235997529936564     
 Var before    1.4839596969787812     
 iev, nphot and rad. pattern    0.0000000000000000                0               0           0           0           0
 partons...            1          -1
 x1 & x2   0.82456499170387121       0.99244541166374867     
 sv & ME    1.0000000000000000        11702.835183893507     
 plepton   =    45.230955733741240       -23.128469110844001        38.249824487635124       -6.9175888971544914     
 pneutrino =    45.230955733741240        23.128469110844001       -38.249824487635124        6.9175888971544914     
 pleptonlab   =    46.067147763947041       -23.128469110844001        38.249824487635124       -11.144316159715942     
 pneutrinolab =    44.783372404433948        23.128469110844001       -38.249824487635124        2.7502951617220672     
 sqrt(s) =    90.461911467482480     
 sqrt_fs_cm =    90.461911467482480     
 phind channel           0
 bbb pw(0) qmod c1q   0.0000000000000000        0.0000000000000000        0.0000000000000000        0.0000000000000000     
 reduced to Born momenta
   45.230955733741240        0.0000000000000000        0.0000000000000000        45.230901814600820     
   45.230955733741240        0.0000000000000000        0.0000000000000000       -45.230901814600820     
   45.230955733741240       -23.128469110844001        38.249824487635124       -6.9175888971544914     
   45.230955733741240        23.128469110844001       -38.249824487635124        6.9175888971544914     
 isvec for ranlux 
    15326067    15249886     2032167    12287672     2672740     1104457     9630857    11203193     9414693    13903049     1041894    12159642    14667289     9413416    16351989    16702048    13674632     3503371    11931980     1731313     7232330     5707229     4337415    14161190    -4121101
  
 ====== DUMPING at point            1
 propag    0.0000000000000000        0.0000000000000000        0.0000000000000000        0.0000000000000000     
 test props.    0.0000000000000000        0.0000000000000000     
 Var           9.2852280720190308     
 Var before    1.9013518766841939     
 iev, nphot and rad. pattern    0.0000000000000000                0               0           0           0           0
 partons...            1          -1
 x1 & x2   0.99890781537130169       0.77254667423242318     
 sv & ME    1.0000000000000000        2405.0588091901254     
 plepton   =    43.923311311588137        39.973151255069538        4.2333882006337076        17.705132475225533     
 pneutrino =    43.923311311588137       -39.973151255069538       -4.2333882006337076       -17.705132475225533     
 pleptonlab   =    46.567470990453728        39.973151255069538        4.2333882006337076        23.510503904368978     
 pneutrinolab =    42.005253489732510       -39.973151255069538       -4.2333882006337076       -12.192446847425057     
 sqrt(s) =    87.846622623176273     
 sqrt_fs_cm =    87.846622623176273     
 phind channel           0
 bbb pw(0) qmod c1q   0.0000000000000000        0.0000000000000000        0.0000000000000000        0.0000000000000000     
 reduced to Born momenta
   43.923311311588137        0.0000000000000000        0.0000000000000000        43.923255787214664     
   43.923311311588137        0.0000000000000000        0.0000000000000000       -43.923255787214664     
   43.923311311588137        39.973151255069538        4.2333882006337076        17.705132475225533     
   43.923311311588137       -39.973151255069538       -4.2333882006337076       -17.705132475225533     
 isvec for ranlux 
     4925990     5576093    15184408    11784099    11845403    13164298      418628     8394559    12727338     1012832     9828754     3599171     1962348     6110377     3755204    14196229     8714040    12307127     8788506     3545955     7555912     3534851     9276842     7912478    -4100317
  
 ====== DUMPING at point            1
 propag    0.0000000000000000        0.0000000000000000        0.0000000000000000        0.0000000000000000     
 test props.    0.0000000000000000        0.0000000000000000     
 Var           6.4124390384997367     
 Var before    2.5392349219472705     
 iev, nphot and rad. pattern    0.0000000000000000                0               0           0           0           0
 partons...            1          -1
 x1 & x2   0.82614084548029820       0.99938950859908859     
 sv & ME    1.0000000000000000        27626.375956854215     
 plepton   =    45.432270843481696       -11.986338353272977       -29.192552473505032        32.683369521310397     
 pneutrino =    45.432270843481710        11.986338353272977        29.192552473505032       -32.683369521310397     
 pleptonlab   =    42.522439429656131       -11.986338353272977       -29.192552473505032        28.500337968519222     
 pneutrinolab =    48.754078274313237        11.986338353272977        29.192552473505032       -37.162771124458743     
 sqrt(s) =    90.864541686963406     
 sqrt_fs_cm =    90.864541686963406     
 phind channel           0
 bbb pw(0) qmod c1q   0.0000000000000000        0.0000000000000000        0.0000000000000000        0.0000000000000000     
 reduced to Born momenta
   45.432270843481703        0.0000000000000000        0.0000000000000000        45.432217163262877     
   45.432270843481703        0.0000000000000000        0.0000000000000000       -45.432217163262877     
   45.432270843481696       -11.986338353272977       -29.192552473505032        32.683369521310397     
   45.432270843481710        11.986338353272977        29.192552473505032       -32.683369521310397     
 isvec for ranlux 
     6421334     2423437     5715606     3926529     7706024    16732713    16568292    10697716    10804217    12296899    13403552     1093186    11046168     8745017     6064867     7111243    12495416     9149192     9988395     7047572    10817188      356677    10759454     5582999    -4161404
  
 ====== DUMPING at point            1
 propag    0.0000000000000000        0.0000000000000000        0.0000000000000000        0.0000000000000000     
 test props.    0.0000000000000000        0.0000000000000000     
 Var           2.0491130152371544     
 Var before    1.7775189593511322     
 iev, nphot and rad. pattern    0.0000000000000000                0               0           0           0           0
 partons...            1          -1
 x1 & x2   0.84908851290183607       0.99912713497010031     
 sv & ME    1.0000000000000000        23660.652054294143     
 plepton   =    46.052887347907784        26.875502964597523        3.7178802509321103        37.212121361557124     
 pneutrino =    46.052887347907799       -26.875502964597523       -3.7178802509321103       -37.212121361557124     
 pleptonlab   =    43.174497948376093        26.875502964597523        3.7178802509321103        33.584383517380552     
 pneutrinolab =    49.236284445220697       -26.875502964597523       -3.7178802509321103       -41.086314620793765     
 sqrt(s) =    92.105774695815583     
 sqrt_fs_cm =    92.105774695815583     
 phind channel           0
 bbb pw(0) qmod c1q   0.0000000000000000        0.0000000000000000        0.0000000000000000        0.0000000000000000     
 reduced to Born momenta
   46.052887347907792        0.0000000000000000        0.0000000000000000        46.052834391093512     
   46.052887347907792        0.0000000000000000        0.0000000000000000       -46.052834391093512     
   46.052887347907784        26.875502964597523        3.7178802509321103        37.212121361557124     
   46.052887347907799       -26.875502964597523       -3.7178802509321103       -37.212121361557124     
 isvec for ranlux 
    10671788    15112082    16580349    15196529    12173453     4126535    14349879    14774021     1833402    14749546    12999650    11317858    16659325    10501234     7001243    11690730    15931723    11335180     5068908     1086744     3192185    13920432    14783369     9387395    -4011707
  
 ====== DUMPING at point            1
 propag    0.0000000000000000        0.0000000000000000        0.0000000000000000        0.0000000000000000     
 test props.    0.0000000000000000        0.0000000000000000     
 Var          0.81672512545937359     
 Var before   0.71507511162562742     
 iev, nphot and rad. pattern    0.0000000000000000                0               0           0           0           0
 partons...            1          -1
 x1 & x2   0.99951662296354804       0.82860914261394336     
 sv & ME    1.0000000000000000        18051.384867467637     
 plepton   =    45.502983747832673        42.872819583386267       -12.830119323466196        8.2352744568767360     
 pneutrino =    45.502983747832658       -42.872819583386267        12.830119323466196       -8.2352744568767360     
 pleptonlab   =    46.476428598766446        42.872819583386267       -12.830119323466196        12.544187128738082     
 pneutrinolab =    44.929859680108109       -42.872819583386267        12.830119323466196       -3.9988131112578564     
 sqrt(s) =    91.005967495665331     
 sqrt_fs_cm =    91.005967495665331     
 phind channel           0
 bbb pw(0) qmod c1q   0.0000000000000000        0.0000000000000000        0.0000000000000000        0.0000000000000000     
 reduced to Born momenta
   45.502983747832673        0.0000000000000000        0.0000000000000000        45.502930151034498     
   45.502983747832658        0.0000000000000000        0.0000000000000000       -45.502930151034484     
   45.502983747832673        42.872819583386267       -12.830119323466196        8.2352744568767360     
   45.502983747832658       -42.872819583386267        12.830119323466196       -8.2352744568767360     
 isvec for ranlux 
    16299211     3254293    16131975     5266621    16545363    14473301     5355798     5599353    11050532    14547556    11682091     8225026    12673044    12120042     6959192    14507471     7976243    13182463     2472364    15582834    14772810    14376851    13178594     7905684     4032111
  
 ====== DUMPING at point            1
 propag    0.0000000000000000        0.0000000000000000        0.0000000000000000        0.0000000000000000     
 test props.    0.0000000000000000        0.0000000000000000     
 Var          0.75759593606368913     
 Var before   0.56648476731244035     
 iev, nphot and rad. pattern    0.0000000000000000                0               0           0           0           0
 partons...            1          -1
 x1 & x2   0.99986918725880369       0.86270656367120502     
 sv & ME    1.0000000000000000        7674.3980495085207     
 plepton   =    46.437961590189431       -26.263399424285119       -18.582336293634793       -33.487366894265726     
 pneutrino =    46.437961590189417        26.263399424285119        18.582336293634793        33.487366894265726     
 pleptonlab   =    44.091624220619636       -26.263399424285119       -18.582336293634793       -30.149474145855130     
 pneutrinolab =    49.037163325880819        26.263399424285119        18.582336293634793        37.007605325235069     
 sqrt(s) =    92.875923180378848     
 sqrt_fs_cm =    92.875923180378848     
 phind channel           0
 bbb pw(0) qmod c1q   0.0000000000000000        0.0000000000000000        0.0000000000000000        0.0000000000000000     
 reduced to Born momenta
   46.437961590189424        0.0000000000000000        0.0000000000000000        46.437909072505711     
   46.437961590189424        0.0000000000000000        0.0000000000000000       -46.437909072505711     
   46.437961590189431       -26.263399424285119       -18.582336293634793       -33.487366894265726     
   46.437961590189417        26.263399424285119        18.582336293634793        33.487366894265726     
 isvec for ranlux 
     1948374     8671651     4823179    12041177      945790    14706172    15752365     3472617     5950536     1314392     5216746    14238364     5005588     6648891    15103801      817999     4819676    14947327    12782556      118696     8196223    16643681    15944295     5417153    -4030721
  
 ====== DUMPING at point            1
 propag    0.0000000000000000        0.0000000000000000        0.0000000000000000        0.0000000000000000     
 test props.    0.0000000000000000        0.0000000000000000     
 Var          0.71697887575029262     
 Var before   0.62174788549260196     
 iev, nphot and rad. pattern    0.0000000000000000                0               0           0           0           0
 partons...            1          -1
 x1 & x2   0.82052848715732551       0.99982110764520282     
 sv & ME    1.0000000000000000        15245.833828594881     
 plepton   =    45.287462417430710       -30.586189184810895       -18.075832338334209       -28.083667939678381     
 pneutrino =    45.287462417430710        30.586189184810895        18.075832338334209        28.083667939678381     
 pleptonlab   =    48.288314033109224       -30.586189184810895       -18.075832338334209       -32.703202058760141     
 pneutrinolab =    42.729165707017181        30.586189184810895        18.075832338334209        23.738571034366277     
 sqrt(s) =    90.574924834861420     
 sqrt_fs_cm =    90.574924834861420     
 phind channel           0
 bbb pw(0) qmod c1q   0.0000000000000000        0.0000000000000000        0.0000000000000000        0.0000000000000000     
 reduced to Born momenta
   45.287462417430717        0.0000000000000000        0.0000000000000000        45.287408565567091     
   45.287462417430703        0.0000000000000000        0.0000000000000000       -45.287408565567077     
   45.287462417430710       -30.586189184810895       -18.075832338334209       -28.083667939678381     
   45.287462417430710        30.586189184810895        18.075832338334209        28.083667939678381     
 isvec for ranlux 
    12039140    13414567       24956      680525     5161984    15245004     2427930     4072528    10460989    10949186    15097278     6403010    13177578     2354914     6551446    11760129     9565449    15230204    12264909     7341336     7576794     6409704     4349288     8230537    -4080317
  
 ====== DUMPING at point            1
 propag    0.0000000000000000        0.0000000000000000        0.0000000000000000        0.0000000000000000     
 test props.    0.0000000000000000        0.0000000000000000     
 Var          0.56174183514909137     
 Var before   0.50853060155292151     
 iev, nphot and rad. pattern    0.0000000000000000                0               0           0           0           0
 partons...            1          -1
 x1 & x2   0.99988277935524517       0.82722396619896110     
 sv & ME    1.0000000000000000        27151.009158896315     
 plepton   =    45.473261332135799       -31.207504395650307        13.329089906230822        30.269346939706693     
 pneutrino =    45.473261332135799        31.207504395650307       -13.329089906230822       -30.269346939706693     
 pleptonlab   =    48.550933808606786       -31.207504395650307        13.329089906230822        34.721881309389488     
 pneutrinolab =    42.804403469103534        31.207504395650307       -13.329089906230822       -26.088940651575282     
 sqrt(s) =    90.946522664271598     
 sqrt_fs_cm =    90.946522664271598     
 phind channel           0
 bbb pw(0) qmod c1q   0.0000000000000000        0.0000000000000000        0.0000000000000000        0.0000000000000000     
 reduced to Born momenta
   45.473261332135799        0.0000000000000000        0.0000000000000000        45.473207700305423     
   45.473261332135799        0.0000000000000000        0.0000000000000000       -45.473207700305423     
   45.473261332135799       -31.207504395650307        13.329089906230822        30.269346939706693     
   45.473261332135799        31.207504395650307       -13.329089906230822       -30.269346939706693     
 isvec for ranlux 
     1557697     2758898    12299107    12897799     9719336    12650748     3944842    11864134     1592213     5193147     1439382    14514151    13647109    11293445     6602871     1680709     7646021     3836307     1590689    12608638     8765967     5583163     6364299      289554    -4082414
  
