 ====== DUMPING at point            1
 propag    0.0000000000000000        0.0000000000000000        0.0000000000000000        0.0000000000000000     
 test props.    0.0000000000000000        0.0000000000000000     
 Var           8.0028780421686572E-003
 Var before    0.0000000000000000     
 iev, nphot and rad. pattern    0.0000000000000000                1               0           0           0           1
 partons...            1          -1
 x1 & x2   0.95738174789275710       0.97342238765894695     
 sv & ME    1.0000000000000000        831.92234184274298     
 plepton   =    45.585771507391058        37.286884485822945       -17.680106327226827       -19.368879312739011     
 pneutrino =    40.494462713246364       -32.317757244267995        17.766754174492132        16.724095178716318     
 pleptonlab   =    45.748262102242940        37.286884485822945       -17.680106327226827       -19.748276058504455     
 pneutrinolab =    40.356915812185747       -32.317757244267995        17.766754174492132        16.388242827835768     
 sqrt(s) =    91.710031420162238     
 sqrt_fs_cm =    85.895937662802311     
 phind channel           0
 bbb pw(0) qmod c1q   0.0000000000000000        0.0000000000000000        0.0000000000000000        0.0000000000000000     
 reduced to Born momenta
   45.855015710081119        0.0000000000000000        0.0000000000000000        45.854962524749560     
   45.855015710081119        0.0000000000000000        0.0000000000000000       -45.854962524749560     
   45.855015710081112        37.079488191253851       -18.924463950442394       -19.226219642545178     
   45.855015710081126       -37.079488191253851        18.924463950442394        19.226219642545178     
 >> Photon n.           1
 cm momentum     5.6297971995248126       -4.9691272415549532       -8.6647847265303737E-002   2.6447841340226939     
 lab momentum    5.6080185242772567       -4.9691272415549532       -8.6647847265303737E-002   2.5981028417746690     
 c_ph_up    0.46978319827327508     
 c_ph_up lab   0.46328356986115771     
 c_ph_lep -0.91560046507651549     
 c_ph_lep lab  -0.91620932785819731     
 isvec for ranlux 
     9644655    14614328     8305202     1457455     6611641    14048799     7267313     8683348    14048746     9318201     4464668     5476536     8218591     7359978     7668616    13721940      957152    13197359    14184585     9294164    15939178     5902395     5267822    14659295     4201404
  
 ====== DUMPING at point            1
 propag    0.0000000000000000        0.0000000000000000        0.0000000000000000        0.0000000000000000     
 test props.    0.0000000000000000        0.0000000000000000     
 Var           5.6031560240796573E-003
 Var before    4.1628061802647751E-003
 iev, nphot and rad. pattern    0.0000000000000000                1               0           0           1           0
 partons...            1          -1
 x1 & x2   0.96645118218440063       0.96847208141110919     
 sv & ME    1.0000000000000000        2741889.8070582226     
 plepton   =    45.613145182225701        41.181958050927406       -10.514622487876444        16.554059766487207     
 pneutrino =    45.952881055358723       -41.508320648585496        10.569402945057698       -16.643411666953817     
 pleptonlab   =    45.595880431892589        41.181958050927406       -10.514622487876444        16.506428859601243     
 pneutrinolab =    45.970289069957524       -41.508320648585496        10.569402945057698       -16.691415512268698     
 sqrt(s) =    91.908804891756645     
 sqrt_fs_cm =    91.565384637079106     
 phind channel           0
 bbb pw(0) qmod c1q   0.0000000000000000        0.0000000000000000        0.0000000000000000        0.0000000000000000     
 reduced to Born momenta
   45.954402445878330        0.0000000000000000        0.0000000000000000        45.954349375572150     
   45.954402445878316        0.0000000000000000        0.0000000000000000       -45.954349375572136     
   45.954402445878323        41.499903190783577       -10.581500234559535        16.660907190422943     
   45.954402445878323       -41.499903190783577        10.581500234559535       -16.660907190422943     
 >> Photon n.           1
 cm momentum    0.34277865417222109       0.32636259765809117       -5.4780457181254599E-002   8.9351900466608999E-002
 lab momentum   0.34268551893659133       0.32636259765809117       -5.4780457181254599E-002   8.8993939398796046E-002
 c_ph_up    0.26066938351918562     
 c_ph_up lab   0.25969565237235193     
 c_ph_lep  0.99105943637298555     
 c_ph_lep lab   0.99105362053190038     
 isvec for ranlux 
     6252439      346129     5312835     8261683     9079631     4152189    11690151     3251140     4683020     2530188    16021290      853410      442422     3051666     3691190     1411797     6310507    14053619      787489     1596633    16558285    12472361     3784938     8334133     4222111
  
 ====== DUMPING at point            1
 propag    0.0000000000000000        0.0000000000000000        0.0000000000000000        0.0000000000000000     
 test props.    0.0000000000000000        0.0000000000000000     
 Var           5.2737635478019677E-003
 Var before    4.2391686522635511E-003
 iev, nphot and rad. pattern    0.0000000000000000                0               1           0           0           0
 partons...            1          -1
 x1 & x2   0.90307858036250344       0.96502065309175977     
 sv & ME   0.76008063428852346        4372.3037857547952     
 plepton   =    44.342960460953613       -9.4558412069050259        29.633732587497075       -31.602467289006697     
 pneutrino =    44.342960460953627        9.4558412069050259       -29.633732587497075        31.602467289006697     
 pleptonlab   =    45.415801796601208       -9.4558412069050259        29.633732587497075       -33.090978364793145     
 pneutrinolab =    43.318911792476278        9.4558412069050259       -29.633732587497075        30.148729910153470     
 sqrt(s) =    88.685920921907240     
 sqrt_fs_cm =    88.685920921907240     
 phind channel           0
 bbb pw(0) qmod c1q   0.0000000000000000        0.0000000000000000        0.0000000000000000        0.0000000000000000     
 reduced to Born momenta
   44.342960460953620        0.0000000000000000        0.0000000000000000        44.342905462047661     
   44.342960460953620        0.0000000000000000        0.0000000000000000       -44.342905462047661     
   44.342960460953613       -9.4558412069050259        29.633732587497075       -31.602467289006697     
   44.342960460953627        9.4558412069050259       -29.633732587497075        31.602467289006697     
 isvec for ranlux 
     9859400     8886867     4378437     8640871    15711293     8225040    11065883    15787977     7243899     4917269    11956633    15358016     1047827     9592925      229606     7295905     6628324     2019165    14002484    11234980     6728922     2987987     4664818     9691386    -4051202
  
 ====== DUMPING at point            1
 propag    0.0000000000000000        0.0000000000000000        0.0000000000000000        0.0000000000000000     
 test props.    0.0000000000000000        0.0000000000000000     
 Var           8.9857860641435298E-003
 Var before    4.6093428301833880E-003
 iev, nphot and rad. pattern    0.0000000000000000                0               0           0           0           1
 partons...            1          -1
 x1 & x2   0.44006529524910137       0.97318765706750610     
 sv & ME   0.77517728774498218        56.969035333545079     
 plepton   =    31.084970949008238        26.898744421209191        10.833253024310144       -11.196536637860872     
 pneutrino =    31.084970949008238       -26.898744421209191       -10.833253024310144        11.196536637860872     
 pleptonlab   =    38.125376206351888        26.898744421209191        10.833253024310144       -24.751390358081650     
 pneutrinolab =    29.004139028686975       -26.898744421209191       -10.833253024310144      -0.57192182829257909     
 sqrt(s) =    62.169941898016475     
 sqrt_fs_cm =    62.169941898016475     
 phind channel           0
 bbb pw(0) qmod c1q   0.0000000000000000        0.0000000000000000        0.0000000000000000        0.0000000000000000     
 reduced to Born momenta
   31.084970949008238        0.0000000000000000        0.0000000000000000        31.084892492577261     
   31.084970949008238        0.0000000000000000        0.0000000000000000       -31.084892492577261     
   31.084970949008238        26.898744421209191        10.833253024310144       -11.196536637860872     
   31.084970949008238       -26.898744421209191       -10.833253024310144        11.196536637860872     
 isvec for ranlux 
    11116336    10588228    10369619    11525929     8283291     3347272    11897079     3954763    15297381     1730947    14288316    10062193    14771857     4574479     7948365     3883122    12851976    14737737     7211604    10513581     9871134     1767325     7300782     3924995    -4081808
  
