 ====== DUMPING at point            1
 propag    0.0000000000000000        0.0000000000000000        0.0000000000000000        0.0000000000000000     
 test props.    0.0000000000000000        0.0000000000000000     
 Var           2.4390100335151388     
 Var before    0.0000000000000000     
 iev, nphot and rad. pattern    0.0000000000000000                1               0           0           0           1
 partons...            1          -1
 x1 & x2   0.90024076191725522       0.93711893653298095     
 sv & ME    1.0000000000000000        737.24824465477832     
 plepton   =    45.655263217945944        37.343459882496724       -17.707794308288687       -19.398245295597100     
 pneutrino =    40.555857617406289       -32.366755526343333        17.793691081840780        16.749451267841806     
 pleptonlab   =    46.053888465314706        37.343459882496724       -17.707794308288687       -20.318698379174641     
 pneutrinolab =    40.227778395597795       -32.366755526343333        17.793691081840780        15.938653811906473     
 sqrt(s) =    91.849478247377021     
 sqrt_fs_cm =    86.026544051135573     
 phind channel           0
 bbb pw(0) qmod c1q   0.0000000000000000        0.0000000000000000        0.0000000000000000        0.0000000000000000     
 reduced to Born momenta
   45.924739123688511        0.0000000000000000        0.0000000000000000        45.924686019103561     
   45.924739123688511        0.0000000000000000        0.0000000000000000       -45.924686019103561     
   45.924739123688511        37.135722793787828       -18.953613323561360       -19.255366380602634     
   45.924739123688511       -37.135722793787828        18.953613323561360        19.255366380602634     
 >> Photon n.           1
 cm momentum     5.6383574120247921       -4.9767043561533910       -8.5896773552092381E-002   2.6487940277552937     
 lab momentum    5.5863180615992931       -4.9767043561533910       -8.5896773552092381E-002   2.5361358364818885     
 c_ph_up    0.46978114975582658     
 c_ph_up lab   0.45399059067464276     
 c_ph_lep -0.91565640258091952     
 c_ph_lep lab  -0.91676599244385215     
 isvec for ranlux 
     9644655    14614328     8305202     1457455     6611641    14048799     7267313     8683348    14048746     9318201     4464668     5476536     8218591     7359978     7668616    13721940      957152    13197359    14184585     9294164    15939178     5902395     5267822    14659295     4201404
  
 ====== DUMPING at point            1
 propag    0.0000000000000000        0.0000000000000000        0.0000000000000000        0.0000000000000000     
 test props.    0.0000000000000000        0.0000000000000000     
 Var           1.8078365531094525     
 Var before    1.2664986772937996     
 iev, nphot and rad. pattern    0.0000000000000000                0               0           0           1           0
 partons...            1          -1
 x1 & x2   0.94990015283144591       0.79387757796342795     
 sv & ME   0.70410119267191118        1284.8879141168050     
 plepton   =    43.419593291419666        31.644450257276176        29.698282117344100        1.3750363974241626     
 pneutrino =    43.419593291419666       -31.644450257276176       -29.698282117344100       -1.3750363974241626     
 pleptonlab   =    43.717968562833164        31.644450257276176        29.698282117344100        5.2811380177774678     
 pneutrinolab =    43.470917976910521       -31.644450257276176       -29.698282117344100        2.5199907256234262     
 sqrt(s) =    86.839186582839332     
 sqrt_fs_cm =    86.839186582839332     
 phind channel           0
 bbb pw(0) qmod c1q   0.0000000000000000        0.0000000000000000        0.0000000000000000        0.0000000000000000     
 reduced to Born momenta
   43.419593291419666        0.0000000000000000        0.0000000000000000        43.419537122897744     
   43.419593291419666        0.0000000000000000        0.0000000000000000       -43.419537122897744     
   43.419593291419666        31.644450257276176        29.698282117344100        1.3750363974241626     
   43.419593291419666       -31.644450257276176       -29.698282117344100       -1.3750363974241626     
 isvec for ranlux 
     6252439      346129     5312835     8261683     9079631     4152189    11690151     3251140     4683020     2530188    16021290    11618951     3342516     5282467     2561248    15711547    15779543    10985280     8292142     1596633    16558285    12472361     3784938     8334133     4140519
  
 ====== DUMPING at point            1
 propag    0.0000000000000000        0.0000000000000000        0.0000000000000000        0.0000000000000000     
 test props.    0.0000000000000000        0.0000000000000000     
 Var           1.7778935108137832     
 Var before    1.3719954520575917     
 iev, nphot and rad. pattern    0.0000000000000000                0               0           0           1           0
 partons...            1          -1
 x1 & x2   0.90990639624601843       0.92272939681571819     
 sv & ME   0.67929027240298145        17874.200118700588     
 plepton   =    45.814773276936890       -43.684619269231312       -7.5305301864245964        11.572702412976628     
 pneutrino =    45.814773276936890        43.684619269231312        7.5305301864245964       -11.572702412976628     
 pleptonlab   =    45.734918342856830       -43.684619269231312       -7.5305301864245964        11.252410699488657     
 pneutrinolab =    45.896871310229983        43.684619269231312        7.5305301864245964       -11.893560727973643     
 sqrt(s) =    91.629546553873780     
 sqrt_fs_cm =    91.629546553873780     
 phind channel           0
 bbb pw(0) qmod c1q   0.0000000000000000        0.0000000000000000        0.0000000000000000        0.0000000000000000     
 reduced to Born momenta
   45.814773276936890        0.0000000000000000        0.0000000000000000        45.814720044888745     
   45.814773276936890        0.0000000000000000        0.0000000000000000       -45.814720044888745     
   45.814773276936890       -43.684619269231312       -7.5305301864245964        11.572702412976628     
   45.814773276936890        43.684619269231312        7.5305301864245964       -11.572702412976628     
 isvec for ranlux 
     8965487     2126720     7254733    12923904     5337694    14130607     1878020     8597149     6833174     1891112    11634831     6803766      471344     6208649      964748     8738368    12913065     1505022     4123979     3215547    11907780     4934906    11898556     4780317     4221101
  
 ====== DUMPING at point            1
 propag    0.0000000000000000        0.0000000000000000        0.0000000000000000        0.0000000000000000     
 test props.    0.0000000000000000        0.0000000000000000     
 Var           1.8961603738329615     
 Var before    1.6492844972816161     
 iev, nphot and rad. pattern    0.0000000000000000                0               0           0           0           1
 partons...            1          -1
 x1 & x2   0.80640738520525423       0.96306353793289268     
 sv & ME   0.70053962741760556        2474.7975099703253     
 plepton   =    44.063067000918828       -10.238137497334082        42.806579761795426        2.0784560420470286     
 pneutrino =    44.063067000918842        10.238137497334082       -42.806579761795426       -2.0784560420470286     
 pleptonlab   =    44.052036206214481       -10.238137497334082        42.806579761795426       -1.8297540558478609     
 pneutrinolab =    44.421509950692858        10.238137497334082       -42.806579761795426       -6.0030535805340612     
 sqrt(s) =    88.126134001837670     
 sqrt_fs_cm =    88.126134001837670     
 phind channel           0
 bbb pw(0) qmod c1q   0.0000000000000000        0.0000000000000000        0.0000000000000000        0.0000000000000000     
 reduced to Born momenta
   44.063067000918835        0.0000000000000000        0.0000000000000000        44.063011652653323     
   44.063067000918835        0.0000000000000000        0.0000000000000000       -44.063011652653323     
   44.063067000918828       -10.238137497334082        42.806579761795426        2.0784560420470286     
   44.063067000918842        10.238137497334082       -42.806579761795426       -2.0784560420470286     
 isvec for ranlux 
    15326067    13686972    12635121    13902960    13679249    15597591     9630857    11203193     9414693    13903049     1041894    12159642    14667289     9413416    16351989    16702048    13674632     3503371    11931980     1731313     7232330     5707229     4337415    14161190     4071606
  
 ====== DUMPING at point            1
 propag    0.0000000000000000        0.0000000000000000        0.0000000000000000        0.0000000000000000     
 test props.    0.0000000000000000        0.0000000000000000     
 Var           2.4399657643552928     
 Var before    1.6391924596172480     
 iev, nphot and rad. pattern    0.0000000000000000                0               0           1           0           0
 partons...            1          -1
 x1 & x2   0.88759212155833400       0.97893699984936733     
 sv & ME   0.67259151083482627        8035.6021020934504     
 plepton   =    46.607316179121774        27.941763129217044       -24.244511572280629        28.349467183378177     
 pneutrino =    46.607316179121760       -27.941763129217044        24.244511572280629       -28.349467183378177     
 pleptonlab   =    45.274187192586922        27.941763129217044       -24.244511572280629        26.099854292892370     
 pneutrinolab =    48.052268877798120       -27.941763129217044        24.244511572280629       -30.667098207444038     
 sqrt(s) =    93.214632358243534     
 sqrt_fs_cm =    93.214632358243534     
 phind channel           0
 bbb pw(0) qmod c1q   0.0000000000000000        0.0000000000000000        0.0000000000000000        0.0000000000000000     
 reduced to Born momenta
   46.607316179121767        0.0000000000000000        0.0000000000000000        46.607263852269050     
   46.607316179121767        0.0000000000000000        0.0000000000000000       -46.607263852269050     
   46.607316179121774        27.941763129217044       -24.244511572280629        28.349467183378177     
   46.607316179121760       -27.941763129217044        24.244511572280629       -28.349467183378177     
 isvec for ranlux 
     4925990     5576093    15184408    11784099    11845403    13164298      418628     8394559    12727338     1012832     9828754     3599171     1962348     6110377     1170785     8157080     6470367    12307127     8788506     3545955     7555912     3534851     9276842     7912478     4132414
  
 ====== DUMPING at point            1
 propag    0.0000000000000000        0.0000000000000000        0.0000000000000000        0.0000000000000000     
 test props.    0.0000000000000000        0.0000000000000000     
 Var           10.924739211007358     
 Var before    1.5877999991239986     
 iev, nphot and rad. pattern    0.0000000000000000                0               0           0           0           1
 partons...            1          -1
 x1 & x2   0.99817214841534185       0.84017769125750241     
 sv & ME   0.67179415844069312        30928.472917928044     
 plepton   =    45.788698691192984       -4.7424937296882357        27.368964371861363        36.401130567292014     
 pneutrino =    45.788698691192970        4.7424937296882357       -27.368964371861363       -36.401130567292014     
 pleptonlab   =    49.098809494552370       -4.7424937296882357        27.368964371861363        40.486176313978191     
 pneutrinolab =    42.818682489089852        4.7424937296882357       -27.368964371861363       -32.586453456086218     
 sqrt(s) =    91.577397382385954     
 sqrt_fs_cm =    91.577397382385954     
 phind channel           0
 bbb pw(0) qmod c1q   0.0000000000000000        0.0000000000000000        0.0000000000000000        0.0000000000000000     
 reduced to Born momenta
   45.788698691192977        0.0000000000000000        0.0000000000000000        45.788645428831558     
   45.788698691192977        0.0000000000000000        0.0000000000000000       -45.788645428831558     
   45.788698691192984       -4.7424937296882357        27.368964371861363        36.401130567292014     
   45.788698691192970        4.7424937296882357       -27.368964371861363       -36.401130567292014     
 isvec for ranlux 
      128384    11388086    10466586    16512364     6221064    10759867     4294357     4958074     2428245      140484    15658108     6187047     6125357     5290921     3091457    10559473     4129276    15535479    13747368    10865395     4704666    11572707     3324263     2372157     4192111
  
 ====== DUMPING at point            1
 propag    0.0000000000000000        0.0000000000000000        0.0000000000000000        0.0000000000000000     
 test props.    0.0000000000000000        0.0000000000000000     
 Var           5.8566580149257703     
 Var before    3.5708948432696923     
 iev, nphot and rad. pattern    0.0000000000000000                1               1           0           0           0
 partons...            1          -1
 x1 & x2   0.99986554355727653       0.86691108050016696     
 sv & ME    1.0000000000000000        152.13716036055206     
 plepton   =    44.528068595048921       -37.608589015005037        10.857520646966364       -21.223713313533406     
 pneutrino =    45.133957283140177        39.699515326209898       -8.6124392271570773        19.668180133591587     
 pleptonlab   =    43.126002960733899       -37.608589015005037        10.857520646966364       -18.098321617732999     
 pneutrinolab =    46.653227228837601        39.699515326209898       -8.6124392271570773        22.940942016330499     
 sqrt(s) =    93.101800128683095     
 sqrt_fs_cm =    89.596020211205200     
 phind channel           0
 bbb pw(0) qmod c1q   0.0000000000000000        0.0000000000000000        0.0000000000000000        0.0000000000000000     
 reduced to Born momenta
   44.798010105602600        0.0000000000000000        0.0000000000000000        44.797955665365720     
   44.798010105602600        0.0000000000000000        0.0000000000000000       -44.797955665365720     
   44.798010105602600       -38.650518525598976        9.7387741026955137       -20.448575559417392     
   44.798010105602600        38.650518525598976       -9.7387741026955137        20.448575559417392     
 >> Photon n.           1
 cm momentum     3.4397742504939983       -2.0909263112048593       -2.2450814198092863        1.5555331799418184     
 lab momentum    3.5596010133007008       -2.0909263112048593       -2.2450814198092863        1.8051027542579763     
 c_ph_up    0.45221955473340225     
 c_ph_up lab   0.50710816957099469     
 c_ph_lep  0.13871596894906385     
 c_ph_lep lab   0.14065085796080440     
 isvec for ranlux 
     6248706     2443650     5424569     7840856     8854079     5077390    15263352    16554528     1529883     2696089     2519233     5653265    15789071      882553     5947087     9218297     5428618    10255587     4747224    14768239    10404210    13291405    15495887    10569314     4080721
  
 ====== DUMPING at point            1
 propag    0.0000000000000000        0.0000000000000000        0.0000000000000000        0.0000000000000000     
 test props.    0.0000000000000000        0.0000000000000000     
 Var           2.5892403088545577     
 Var before    2.1306831479648678     
 iev, nphot and rad. pattern    0.0000000000000000                0               0           1           0           0
 partons...            1          -1
 x1 & x2   0.82984336991123697       0.99921337611946370     
 sv & ME   0.76338846184302211        20429.958624129042     
 plepton   =    45.529951551131710        9.1448701495982192       -32.127915558434310       -30.937577739280670     
 pneutrino =    45.529951551131695       -9.1448701495982192        32.127915558434310        30.937577739280670     
 pleptonlab   =    48.603589367655331        9.1448701495982192       -32.127915558434310       -35.305327183660147     
 pneutrinolab =    42.849247933879703       -9.1448701495982192        32.127915558434310        26.836826873248807     
 sqrt(s) =    91.059903102263405     
 sqrt_fs_cm =    91.059903102263405     
 phind channel           0
 bbb pw(0) qmod c1q   0.0000000000000000        0.0000000000000000        0.0000000000000000        0.0000000000000000     
 reduced to Born momenta
   45.529951551131703        0.0000000000000000        0.0000000000000000        45.529897986079433     
   45.529951551131703        0.0000000000000000        0.0000000000000000       -45.529897986079433     
   45.529951551131710        9.1448701495982192       -32.127915558434310       -30.937577739280670     
   45.529951551131695       -9.1448701495982192        32.127915558434310        30.937577739280670     
 isvec for ranlux 
    14902313     9928972     4799160     2701921    12896674      994906     4989402     1593852     3619565    10431950     8726416    10407135     5333250    10378542     9914156    14939389     3289939    14228418    14454888     1597759     1973254     3860146     2875092     2125098     4191303
  
 ====== DUMPING at point            1
 propag    0.0000000000000000        0.0000000000000000        0.0000000000000000        0.0000000000000000     
 test props.    0.0000000000000000        0.0000000000000000     
 Var           1.3192960153587203     
 Var before    1.1068747589440562     
 iev, nphot and rad. pattern    0.0000000000000000                1               0           0           1           0
 partons...            1          -1
 x1 & x2   0.99951174743309856       0.82663101996400679     
 sv & ME    1.0000000000000000        2502224.6519828602     
 plepton   =    45.269050166558500        9.6020917800557886        40.232188391014894        18.396917948618288     
 pneutrino =    45.444440276560869       -9.5942683033296756       -40.408847416825722       -18.446166391038044     
 pleptonlab   =    47.222774968688903        9.6020917800557886        40.232188391014894        22.784866968433985     
 pneutrinolab =    43.895289821546648       -9.5942683033296756       -40.408847416825722       -14.207757423095678     
 sqrt(s) =    90.897052496031421     
 sqrt_fs_cm =    90.713304720678309     
 phind channel           0
 bbb pw(0) qmod c1q   0.0000000000000000        0.0000000000000000        0.0000000000000000        0.0000000000000000     
 reduced to Born momenta
   45.448526248015710        0.0000000000000000        0.0000000000000000        45.448472586996509     
   45.448526248015710        0.0000000000000000        0.0000000000000000       -45.448472586996509     
   45.448526248015710        9.6176258939971824        40.402105537716480        18.458832972521289     
   45.448526248015710       -9.6176258939971824       -40.402105537716480       -18.458832972521289     
 >> Photon n.           1
 cm momentum    0.18356205291205058       -7.8234767261137778E-003  0.17665902581082696        4.9248442419755678E-002
 lab momentum   0.18907357961973525       -7.8234767261137778E-003  0.17665902581082696        6.6926828116278536E-002
 c_ph_up    0.26829315557585265     
 c_ph_up lab   0.35397239662401148     
 c_ph_lep  0.95530740663746005     
 c_ph_lep lab   0.95840532539777790     
 isvec for ranlux 
    16299211     3254293    16131975     5266621    16545363    14473301     5355798     5599353    11050532    14547556    11682091     8225026    12673044    12120042     6959192    14507471     7976243    13182463     2472364    15582834    14772810    14376851    13178594     7905684     4032111
  
 ====== DUMPING at point            1
 propag    0.0000000000000000        0.0000000000000000        0.0000000000000000        0.0000000000000000     
 test props.    0.0000000000000000        0.0000000000000000     
 Var           2.0820342177461737     
 Var before    1.2824010263716630     
 iev, nphot and rad. pattern    0.0000000000000000                1               0           0           0           1
 partons...            1          -1
 x1 & x2   0.99986340721643785       0.82073597366437467     
 sv & ME    1.0000000000000000        201760891823.41003     
 plepton   =    45.294145903212062      -0.67912064070061673       -31.149354175452384        32.875599143096942     
 pneutrino =    45.248719624886959       0.67848602378738754        31.118204339214156       -32.842540696764019     
 pleptonlab   =    48.765361182544730      -0.67912064070061673       -31.149354175452384        37.514074921023635     
 pneutrinolab =    42.222228232829615       0.67848602378738754        31.118204339214156       -28.528974896973153     
 sqrt(s) =    90.588292127247996     
 sqrt_fs_cm =    90.542854132523956     
 phind channel           0
 bbb pw(0) qmod c1q   0.0000000000000000        0.0000000000000000        0.0000000000000000        0.0000000000000000     
 reduced to Born momenta
   45.294146063624005        0.0000000000000000        0.0000000000000000        45.294092219706819     
   45.294146063623991        0.0000000000000000        0.0000000000000000       -45.294092219706805     
   45.294146063623998      -0.67914390489107657       -31.149399598465372        32.875555845536852     
   45.294146063623998       0.67914390489107657        31.149399598465372       -32.875555845536852     
 >> Photon n.           1
 cm momentum     4.5426599148977183E-002   6.3461691322916586E-004   3.1149836238226754E-002  -3.3058446332926067E-002
 lab momentum    4.2379628666284259E-002   6.3461691322916586E-004   3.1149836238226754E-002  -2.8728346447319957E-002
 c_ph_up   -0.72773324334737055     
 c_ph_up lab  -0.67788103273720324     
 c_ph_lep -0.99999566538942597     
 c_ph_lep lab  -0.99118988846462630     
 isvec for ranlux 
    14376841     9367055    11411008     3416353     1394422    12230973     5252183    16075032     6397709     9393473    12531793     9363946    15390017     9736584    16117207    13485524     9250666     8140315     3126542     1982896     8250996    15449780     6880094     7144020    -4021707
  
 ====== DUMPING at point            1
 propag    0.0000000000000000        0.0000000000000000        0.0000000000000000        0.0000000000000000     
 test props.    0.0000000000000000        0.0000000000000000     
 Var          0.71194378208591369     
 Var before   0.58825163834528815     
 iev, nphot and rad. pattern    0.0000000000000000                1               0           0           1           0
 partons...            1          -1
 x1 & x2   0.76673313714818914       0.99988389159802493     
 sv & ME    1.0000000000000000        1152627.8041962832     
 plepton   =    41.889230797628620        41.833013476822551       -2.1453094670472441      -0.30516202927421737     
 pneutrino =    43.779038296759218       -43.721151355351751        2.2278660572980784       0.30094433173946311     
 pleptonlab   =    42.299501334967900        41.833013476822551       -2.1453094670472441       -5.8850046927817719     
 pneutrinolab =    44.125287715778022       -43.721151355351751        2.2278660572980784       -5.5251596630221060     
 sqrt(s) =    87.558215661860871     
 sqrt_fs_cm =    85.647419293289531     
 phind channel           0
 bbb pw(0) qmod c1q   0.0000000000000000        0.0000000000000000        0.0000000000000000        0.0000000000000000     
 reduced to Born momenta
   43.779107830930435        0.0000000000000000        0.0000000000000000        43.779052123665657     
   43.779107830930435        0.0000000000000000        0.0000000000000000       -43.779052123665657     
   43.779107830930435        43.720799592778043       -2.2349053857239687      -0.30983812833116836     
   43.779107830930435       -43.720799592778043        2.2349053857239687       0.30983812833116836     
 >> Photon n.           1
 cm momentum     1.8899465674730291        1.8881378785291996       -8.2556590250834436E-002   4.2176975347542568E-003
 lab momentum    1.9060623865648005        1.8881378785291996       -8.2556590250834436E-002 -0.24737336668791240     
 c_ph_up     2.2316490885737417E-003
 c_ph_up lab  -0.12978240818955611     
 c_ph_lep  0.99992627784081412     
 c_ph_lep lab   0.99992760624791821     
 isvec for ranlux 
    16575667    16622680     6248223    14956727    13110558     1205945    11242040     6890570    14658205      621134     7421034    11519576    13204167     8090949    16466493    11015029     5120304      201156    13109540    13654731     2695017     9785481     4861148      143676    -4200721
  
 ====== DUMPING at point            1
 propag    0.0000000000000000        0.0000000000000000        0.0000000000000000        0.0000000000000000     
 test props.    0.0000000000000000        0.0000000000000000     
 Var          0.83218786843370807     
 Var before   0.70858864669084420     
 iev, nphot and rad. pattern    0.0000000000000000                0               0           1           0           0
 partons...            1          -1
 x1 & x2   0.87073962597039389       0.99983677226072942     
 sv & ME   0.67793762559166793        9005.2921752968014     
 plepton   =    46.652907120289782        18.460920849693938       -22.806518625629192        36.270369292896390     
 pneutrino =    46.652907120289754       -18.460920849693938        22.806518625629192       -36.270369292896390     
 pleptonlab   =    44.255240935219291        18.460920849693938       -22.806518625629192        33.129628674390624     
 pneutrinolab =    49.273578976336886       -18.460920849693938        22.806518625629192       -39.584485988907403     
 sqrt(s) =    93.305814240579537     
 sqrt_fs_cm =    93.305814240579537     
 phind channel           0
 bbb pw(0) qmod c1q   0.0000000000000000        0.0000000000000000        0.0000000000000000        0.0000000000000000     
 reduced to Born momenta
   46.652907120289768        0.0000000000000000        0.0000000000000000        46.652854844572843     
   46.652907120289768        0.0000000000000000        0.0000000000000000       -46.652854844572843     
   46.652907120289782        18.460920849693938       -22.806518625629192        36.270369292896390     
   46.652907120289754       -18.460920849693938        22.806518625629192       -36.270369292896390     
 isvec for ranlux 
    13452352     7685781    12040999      377492     2027616    10867852     4039603    13333254    16608482     8283248     4576519     7678115     1422877    16276106    10765401     9788787     9530970    13032368     3894472      306732    14245216    14571762    11462555    11912083     4051404
  
 ====== DUMPING at point            1
 propag    0.0000000000000000        0.0000000000000000        0.0000000000000000        0.0000000000000000     
 test props.    0.0000000000000000        0.0000000000000000     
 Var          0.80876056674678398     
 Var before   0.71837004122926817     
 iev, nphot and rad. pattern    0.0000000000000000                1               0           0           1           0
 partons...            1          -1
 x1 & x2   0.82537494729806160       0.99987535175134301     
 sv & ME    1.0000000000000000        1170934.1321908927     
 plepton   =    45.078289954448636       -26.241800154628692       -2.5722975972201207       -36.562169947115308     
 pneutrino =    45.416296887495221        26.512328327815183        2.5873229425273787        36.783570597630138     
 pleptonlab   =    48.797279534868331       -26.241800154628692       -2.5722975972201207       -41.059889625137529     
 pneutrinolab =    42.092461964052845        26.512328327815183        2.5873229425273787        32.590894389890067     
 sqrt(s) =    90.844486115360667     
 sqrt_fs_cm =    90.493910392868870     
 phind channel           0
 bbb pw(0) qmod c1q   0.0000000000000000        0.0000000000000000        0.0000000000000000        0.0000000000000000     
 reduced to Born momenta
   45.422243057680333        0.0000000000000000        0.0000000000000000        45.422189365610606     
   45.422243057680333        0.0000000000000000        0.0000000000000000       -45.422189365610606     
   45.422243057680333       -26.478996626126879       -2.5897904904859059       -36.814735142174683     
   45.422243057680333        26.478996626126879        2.5897904904859059        36.814735142174683     
 >> Photon n.           1
 cm momentum    0.34989927341681110      -0.27052817318649081       -1.5025345307257781E-002 -0.22140065051483027     
 lab momentum   0.37277345354906494      -0.27052817318649081       -1.5025345307257781E-002 -0.25602498741660851     
 c_ph_up   -0.63275538800873932     
 c_ph_up lab  -0.68681121195479700     
 c_ph_lep  0.96575542412149584     
 c_ph_lep lab   0.97030645471524846     
 isvec for ranlux 
    16281071     6216508     5788901     5598226     2151985    11312847     4878172    15215368      933416    10490822     4859569     3569103     7793955     9042226    15803846    11186175     1469788    15694173    11573162    10117844     1302401    12204826     4381916     1083041    -4200822
  
 ====== DUMPING at point            1
 propag    0.0000000000000000        0.0000000000000000        0.0000000000000000        0.0000000000000000     
 test props.    0.0000000000000000        0.0000000000000000     
 Var          0.60655677339496472     
 Var before   0.53148464309981280     
 iev, nphot and rad. pattern    0.0000000000000000                0               0           0           1           0
 partons...            1          -1
 x1 & x2   0.85283309820276942       0.99987907510359419     
 sv & ME   0.68163052206818187        10650.835244264101     
 plepton   =    46.171689633603364        31.387522593779483        32.216076519500952        10.428882924118469     
 pneutrino =    46.171689633603336       -31.387522593779483       -32.216076519500952       -10.428882924118469     
 pleptonlab   =    45.487465823428316        31.387522593779483        32.216076519500952        6.7857366925583129     
 pneutrinolab =    47.148142841889879       -31.387522593779483       -32.216076519500952       -14.138035537599555     
 sqrt(s) =    92.343379267206700     
 sqrt_fs_cm =    92.343379267206700     
 phind channel           0
 bbb pw(0) qmod c1q   0.0000000000000000        0.0000000000000000        0.0000000000000000        0.0000000000000000     
 reduced to Born momenta
   46.171689633603357        0.0000000000000000        0.0000000000000000        46.171636813050021     
   46.171689633603343        0.0000000000000000        0.0000000000000000       -46.171636813050007     
   46.171689633603364        31.387522593779483        32.216076519500952        10.428882924118469     
   46.171689633603336       -31.387522593779483       -32.216076519500952       -10.428882924118469     
 isvec for ranlux 
      589876    16710617     5688859    14464672     6555815    10676443     8690630    14425228     3486349    14953393     3964495     2454096     6889208    10385107     6558022     6916769    16140560    10878330     7171221     6209201     3307280     2406960     2255942    12891023    -4131909
  
