 ====== DUMPING at point            1
 propag    0.0000000000000000        0.0000000000000000        0.0000000000000000        0.0000000000000000     
 test props.    0.0000000000000000        0.0000000000000000     
 Var           1.7870001471785746E-002
 Var before    0.0000000000000000     
 iev, nphot and rad. pattern    0.0000000000000000                0               0           0           0           0
 partons...            1          -1
 x1 & x2   0.96632422556279063       0.83829801973097773     
 sv & ME    1.0000000000000000        29.340335495756513     
 plepton   =    45.001880091485013        3.9825230041618109       -5.0737040402861400        44.537120314517793     
 pneutrino =    45.001880091485013       -3.9825230041618109        5.0737040402861400       -44.537120314517793     
 pleptonlab   =    48.283156308687488        3.9825230041618109       -5.0737040402861400        47.850277504635088     
 pneutrinolab =    41.947955956000939       -3.9825230041618109        5.0737040402861400       -41.448967213044440     
 sqrt(s) =    90.003760182970026     
 sqrt_fs_cm =    90.003760182970026     
 phind channel           0
 bbb pw(0) qmod c1q   0.0000000000000000        0.0000000000000000        0.0000000000000000        0.0000000000000000     
 reduced to Born momenta
   33.911315731481366        0.0000000000000000        0.0000000000000000        33.911243814030406     
   33.911315731481366        0.0000000000000000        0.0000000000000000       -33.911243814030406     
   33.911315731481366       -25.484970012097698        5.9702205698424189        21.560123858147456     
   33.911315731481366        25.484970012097698       -5.9702205698424189       -21.560123858147456     
 isvec for ranlux 
     9644655    14614328     8305202     1457455     1056974    16450356    10467055     4514011      135838    16753179    11474510      425858    13826447     7299317     7668616    13721940      957152    13197359    14184585     9294164    15939178     5902395     5267822    14659295     4102414
  
 ====== DUMPING at point            1
 propag    0.0000000000000000        0.0000000000000000        0.0000000000000000        0.0000000000000000     
 test props.    0.0000000000000000        0.0000000000000000     
 Var           4.7146427857896467E-002
 Var before    1.7870001471785746E-002
 iev, nphot and rad. pattern    0.0000000000000000                0               0           0           0           0
 partons...            1          -1
 x1 & x2   0.58612501279587925       0.84913773728719022     
 sv & ME    1.0000000000000000        91.273124110653868     
 plepton   =    35.273958777436590       -15.476265992682125        28.151355193358960       -14.568026490980873     
 pneutrino =    35.273958777436590        15.476265992682125       -28.151355193358960        14.568026490980873     
 pleptonlab   =    38.597153046166078       -15.476265992682125        28.151355193358960       -21.394285481847536     
 pneutrinolab =    33.165984457987385        15.476265992682125       -28.151355193358960        8.2436492572819873     
 sqrt(s) =    70.547917554873180     
 sqrt_fs_cm =    70.547917554873180     
 phind channel           0
 bbb pw(0) qmod c1q   0.0000000000000000        0.0000000000000000        0.0000000000000000        0.0000000000000000     
 reduced to Born momenta
   35.273958777436590        0.0000000000000000        0.0000000000000000        35.273889638182744     
   35.273958777436590        0.0000000000000000        0.0000000000000000       -35.273889638182744     
   35.273958777436590       -15.476265992682125        28.151355193358960       -14.568026490980873     
   35.273958777436590        15.476265992682125       -28.151355193358960        14.568026490980873     
 isvec for ranlux 
     9644655     7639423    16690605     5902523     6611641    14048799     7267313     8683348    14048746     9318201     4464668     5476536     8218591     7359978     7668616    13721940      957152    13197359    14184585     9294164    15939178     5902395     5267822    14659295    -4231101
  
 ====== DUMPING at point            1
 propag    0.0000000000000000        0.0000000000000000        0.0000000000000000        0.0000000000000000     
 test props.    0.0000000000000000        0.0000000000000000     
 Var           2.4293562589825135     
 Var before    4.7146427857896467E-002
 iev, nphot and rad. pattern    0.0000000000000000                0               0           0           0           0
 partons...            1          -1
 x1 & x2   0.94489604521320048       0.89483211466044066     
 sv & ME    1.0000000000000000        20187.786497346475     
 plepton   =    45.976171172478466        24.658961538486988        27.477117049362011        27.399649751203953     
 pneutrino =    45.976171172478452       -24.658961538486988       -27.477117049362011       -27.399649751203953     
 pleptonlab   =    46.739098080304515        24.658961538486988        27.477117049362011        28.661398782472844     
 pneutrinolab =    45.247309913377563       -24.658961538486988       -27.477117049362011       -26.158202254834855     
 sqrt(s) =    91.952342344956918     
 sqrt_fs_cm =    91.952342344956918     
 phind channel           0
 bbb pw(0) qmod c1q   0.0000000000000000        0.0000000000000000        0.0000000000000000        0.0000000000000000     
 reduced to Born momenta
   45.976171172478459        0.0000000000000000        0.0000000000000000        45.976118127299955     
   45.976171172478459        0.0000000000000000        0.0000000000000000       -45.976118127299955     
   45.976171172478466        24.658961538486988        27.477117049362011        27.399649751203953     
   45.976171172478452       -24.658961538486988       -27.477117049362011       -27.399649751203953     
 isvec for ranlux 
      778671     5844720     9587749    10340955     5767304     1229801     7106317     9230034     7070010     1656684    15462261     7797679    14988199    15435044     9850695     6896914     2215452    12845121     6405628     3024976     4819489    10459877     1149857     7981361    -4092010
  
 ====== DUMPING at point            1
 propag    0.0000000000000000        0.0000000000000000        0.0000000000000000        0.0000000000000000     
 test props.    0.0000000000000000        0.0000000000000000     
 Var           47.367880085167130     
 Var before    1.6407187708085675     
 iev, nphot and rad. pattern    0.0000000000000000                0               0           0           0           0
 partons...            1          -1
 x1 & x2   0.99945201654729166       0.99991806379856984     
 sv & ME    1.0000000000000000        346.81570081426486     
 plepton   =    49.984250650718565        30.831543095661825        22.764856133776966       -32.087247076855569     
 pneutrino =    49.984250650718579       -30.831543095661825       -22.764856133776966        32.087247076855569     
 pleptonlab   =    49.991731451224226        30.831543095661825        22.764856133776966       -32.098899129855504     
 pneutrinolab =    49.976772566068846       -30.831543095661825       -22.764856133776966        32.075596767291593     
 sqrt(s) =    99.968501301437144     
 sqrt_fs_cm =    99.968501301437144     
 phind channel           0
 bbb pw(0) qmod c1q   0.0000000000000000        0.0000000000000000        0.0000000000000000        0.0000000000000000     
 reduced to Born momenta
   49.984250650718572        0.0000000000000000        0.0000000000000000        49.984201859070033     
   49.984250650718572        0.0000000000000000        0.0000000000000000       -49.984201859070033     
   49.984250650718565        30.831543095661825        22.764856133776966       -32.087247076855569     
   49.984250650718579       -30.831543095661825       -22.764856133776966        32.087247076855569     
 isvec for ranlux 
     6252439      346129     5312835     8261683     9079631     4152189    11690151     3251140     4683020     2530188    16021290    11618951     3342516     5282467     3691190     1411797     6310507    14053619      787489     1596633    16558285    12472361     3784938     8334133     4192414
  
 ====== DUMPING at point            1
 propag    0.0000000000000000        0.0000000000000000        0.0000000000000000        0.0000000000000000     
 test props.    0.0000000000000000        0.0000000000000000     
 Var           1.9326013778267697     
 Var before    1.5135315166636321     
 iev, nphot and rad. pattern    0.0000000000000000                0               0           0           0           0
 partons...            1          -1
 x1 & x2   0.84732528504553872       0.99921676108210389     
 sv & ME    1.0000000000000000        24006.591614465873     
 plepton   =    46.007108877492328        26.848787464928556        3.7141845050796931        37.175130782544493     
 pneutrino =    46.007108877492342       -26.848787464928556       -3.7141845050796931       -37.175130782544493     
 pleptonlab   =    43.095228874209802        26.848787464928556        3.7141845050796931        33.504253956093102     
 pneutrinolab =    49.231873432172321       -26.848787464928556       -3.7141845050796931       -41.098827757921363     
 sqrt(s) =    92.014217754984671     
 sqrt_fs_cm =    92.014217754984671     
 phind channel           0
 bbb pw(0) qmod c1q   0.0000000000000000        0.0000000000000000        0.0000000000000000        0.0000000000000000     
 reduced to Born momenta
   46.007108877492335        0.0000000000000000        0.0000000000000000        46.007055867984363     
   46.007108877492335        0.0000000000000000        0.0000000000000000       -46.007055867984363     
   46.007108877492328        26.848787464928556        3.7141845050796931        37.175130782544493     
   46.007108877492342       -26.848787464928556       -3.7141845050796931       -37.175130782544493     
 isvec for ranlux 
    10671788    15112082    16580349    15196529    12173453     4126535    14349879    14774021     1833402    14749546    12999650    11317858    16659325    10501234     7001243    11690730    15931723    11335180     5068908     1086744     3192185    13920432    14783369     9387395    -4011707
  
 ====== DUMPING at point            1
 propag    0.0000000000000000        0.0000000000000000        0.0000000000000000        0.0000000000000000     
 test props.    0.0000000000000000        0.0000000000000000     
 Var           1.0510521552324295     
 Var before   0.95066059543489678     
 iev, nphot and rad. pattern    0.0000000000000000                0               0           0           0           0
 partons...            1          -1
 x1 & x2   0.99917777296971522       0.81504218034628839     
 sv & ME    1.0000000000000000        11523.829156589942     
 plepton   =    45.121281858863043       -34.563212269302269       -28.699784139631099        4.1982926126256892     
 pneutrino =    45.121281858863057        34.563212269302269        28.699784139631099       -4.1982926126256892     
 pleptonlab   =    45.783819497996923       -34.563212269302269       -28.699784139631099        8.8234750580157844     
 pneutrinolab =    44.927178167803277        34.563212269302269        28.699784139631099       0.38330457315556021     
 sqrt(s) =    90.242563717726100     
 sqrt_fs_cm =    90.242563717726100     
 phind channel           0
 bbb pw(0) qmod c1q   0.0000000000000000        0.0000000000000000        0.0000000000000000        0.0000000000000000     
 reduced to Born momenta
   45.121281858863050        0.0000000000000000        0.0000000000000000        45.121227808664109     
   45.121281858863050        0.0000000000000000        0.0000000000000000       -45.121227808664109     
   45.121281858863043       -34.563212269302269       -28.699784139631099        4.1982926126256892     
   45.121281858863057        34.563212269302269        28.699784139631099       -4.1982926126256892     
 isvec for ranlux 
     5072956     4360779    10007521    13354733    13459734     8580698    14147372      166934    14317921    11926442    13874589     1819288     2840771     5455741    16745996    14615101     3468240    12322895     8273242     6682140     7721989     9786565     2907979    16165543     4080418
  
 ====== DUMPING at point            1
 propag    0.0000000000000000        0.0000000000000000        0.0000000000000000        0.0000000000000000     
 test props.    0.0000000000000000        0.0000000000000000     
 Var           2.8461580057629963     
 Var before   0.83102622466849230     
 iev, nphot and rad. pattern    0.0000000000000000                0               0           0           0           0
 partons...            1          -1
 x1 & x2   0.99989594254858827       0.83726700070464133     
 sv & ME    1.0000000000000000        27422.286489629045     
 plepton   =    45.748767110010661       -19.639408584751813        28.754076928976858        29.672128652966286     
 pneutrino =    45.748767110010647        19.639408584751813       -28.754076928976858       -29.672128652966286     
 pleptonlab   =    48.566055509983343       -19.639408584751813        28.754076928976858        33.854796920244155     
 pneutrinolab =    43.292091652678153        19.639408584751813       -28.754076928976858       -25.723349828046807     
 sqrt(s) =    91.497534220021308     
 sqrt_fs_cm =    91.497534220021308     
 phind channel           0
 bbb pw(0) qmod c1q   0.0000000000000000        0.0000000000000000        0.0000000000000000        0.0000000000000000     
 reduced to Born momenta
   45.748767110010654        0.0000000000000000        0.0000000000000000        45.748713801159397     
   45.748767110010654        0.0000000000000000        0.0000000000000000       -45.748713801159397     
   45.748767110010661       -19.639408584751813        28.754076928976858        29.672128652966286     
   45.748767110010647        19.639408584751813       -28.754076928976858       -29.672128652966286     
 isvec for ranlux 
    10133792     8012408     5802471    15848650     3998090     8366287     8259760     7239157    11187399     3051700     1592070     1617504     4202411     2209282     7734370    11322307     8269585      641457    12859162     4265691     8778025    14458014    14989513     8307982     4112111
  
 ====== DUMPING at point            1
 propag    0.0000000000000000        0.0000000000000000        0.0000000000000000        0.0000000000000000     
 test props.    0.0000000000000000        0.0000000000000000     
 Var          0.94278041305487914     
 Var before   0.83499468326392501     
 iev, nphot and rad. pattern    0.0000000000000000                0               0           0           0           0
 partons...            1          -1
 x1 & x2   0.85240407470669777       0.99989519473604704     
 sv & ME    1.0000000000000000        9035.3870386408016     
 plepton   =    46.160446766486508       -45.847009210840206       0.55745240117673756       -5.3401006761785048     
 pneutrino =    46.160446766486494        45.847009210840206      -0.55745240117673756        5.3401006761785048     
 pleptonlab   =    46.734046839404506       -45.847009210840206       0.55745240117673756       -9.0443885109907356     
 pneutrinolab =    45.880916632732742        45.847009210840206      -0.55745240117673756        1.6698325095232756     
 sqrt(s) =    92.320893532973002     
 sqrt_fs_cm =    92.320893532973002     
 phind channel           0
 bbb pw(0) qmod c1q   0.0000000000000000        0.0000000000000000        0.0000000000000000        0.0000000000000000     
 reduced to Born momenta
   46.160446766486501        0.0000000000000000        0.0000000000000000        46.160393933068143     
   46.160446766486501        0.0000000000000000        0.0000000000000000       -46.160393933068143     
   46.160446766486508       -45.847009210840206       0.55745240117673756       -5.3401006761785048     
   46.160446766486494        45.847009210840206      -0.55745240117673756        5.3401006761785048     
 isvec for ranlux 
     3443998    11806363     1655829     6266010     7808036     5621983     2454254     1769614    16290533      562934      393798     2831460     3228448     6183375    11033027    15378232     1591986     2599213     2306826     7432529     6305965     5367712     2359324    12039450    -4201024
  
 ====== DUMPING at point            1
 propag    0.0000000000000000        0.0000000000000000        0.0000000000000000        0.0000000000000000     
 test props.    0.0000000000000000        0.0000000000000000     
 Var           3.9386929161689959     
 Var before   0.74268845315975263     
 iev, nphot and rad. pattern    0.0000000000000000                0               0           0           0           0
 partons...            1          -1
 x1 & x2   0.99999447136160236       0.81739184701597056     
 sv & ME    1.0000000000000000        15042.713708725190     
 plepton   =    45.204737803465328       -19.677288605543517       -27.482820230476221       -30.015930128884126     
 pneutrino =    45.204737803465342        19.677288605543517        27.482820230476221        30.015930128884126     
 pleptonlab   =    42.403455988122275       -19.677288605543517       -27.482820230476221       -25.603531423587434     
 pneutrinolab =    48.465859930756366        19.677288605543517        27.482820230476221        34.733662640869028     
 sqrt(s) =    90.409475606930670     
 sqrt_fs_cm =    90.409475606930670     
 phind channel           0
 bbb pw(0) qmod c1q   0.0000000000000000        0.0000000000000000        0.0000000000000000        0.0000000000000000     
 reduced to Born momenta
   45.204737803465335        0.0000000000000000        0.0000000000000000        45.204683853052749     
   45.204737803465335        0.0000000000000000        0.0000000000000000       -45.204683853052749     
   45.204737803465328       -19.677288605543517       -27.482820230476221       -30.015930128884126     
   45.204737803465342        19.677288605543517        27.482820230476221        30.015930128884126     
 isvec for ranlux 
     3688637    14053662    12588071    11536133     9988281    14201265     3023778     8336309     7700588     7389476     2663606     3417323    12053979    11535674     1089984     3050167    10818579       42031    11733593     9268692    14754184    14106291    10624018      593816     4181909
  
 ====== DUMPING at point            1
 propag    0.0000000000000000        0.0000000000000000        0.0000000000000000        0.0000000000000000     
 test props.    0.0000000000000000        0.0000000000000000     
 Var           3.4916736562195649     
 Var before    2.7021319979124225     
 iev, nphot and rad. pattern    0.0000000000000000                0               0           0           0           0
 partons...            1          -1
 x1 & x2   0.84361909148584702       0.99999243822131212     
 sv & ME    1.0000000000000000        12877.643023565442     
 plepton   =    45.924196025215835       -44.734273485140093        8.9026588647241187       -5.3486500882019765     
 pneutrino =    45.924196025215835        44.734273485140093       -8.9026588647241187        5.3486500882019765     
 pleptonlab   =    46.545596330353405       -44.734273485140093        8.9026588647241187       -9.2773280071247690     
 pneutrinolab =    45.634980155004527        44.734273485140093       -8.9026588647241187        1.4586606703515184     
 sqrt(s) =    91.848392050431670     
 sqrt_fs_cm =    91.848392050431670     
 phind channel           0
 bbb pw(0) qmod c1q   0.0000000000000000        0.0000000000000000        0.0000000000000000        0.0000000000000000     
 reduced to Born momenta
   45.924196025215835        0.0000000000000000        0.0000000000000000        45.924142920002872     
   45.924196025215835        0.0000000000000000        0.0000000000000000       -45.924142920002872     
   45.924196025215835       -44.734273485140093        8.9026588647241187       -5.3486500882019765     
   45.924196025215835        44.734273485140093       -8.9026588647241187        5.3486500882019765     
 isvec for ranlux 
    10723914    11701386     2421009     1041676    15395944     3077289    12071778     7336589     9693818    10769709    15307100     6604680    10759064     8510822    10156299    14498410     3134498    11814352     4474015    13414909    14196997     9085201     6920633     4442147    -4201808
  
 ====== DUMPING at point            1
 propag    0.0000000000000000        0.0000000000000000        0.0000000000000000        0.0000000000000000     
 test props.    0.0000000000000000        0.0000000000000000     
 Var           1.6984405681090817     
 Var before   0.89335344340324285     
 iev, nphot and rad. pattern    2.0000000000000000                0               0           0           0           0
 partons...            1          -1
 x1 & x2   0.99999771378848490       0.86315541630233772     
 sv & ME    1.0000000000000000        9065.7822728374813     
 plepton   =    46.453025814969415       -34.196403246912332        20.535269321834505        23.807166201146941     
 pneutrino =    46.453025814969401        34.196403246912332       -20.535269321834505       -23.807166201146941     
 pleptonlab   =    48.332119487041801       -34.196403246912332        20.535269321834505        27.292697361611300     
 pneutrinolab =    44.825537017499336        34.196403246912332       -20.535269321834505       -20.450582487303937     
 sqrt(s) =    92.906051629938815     
 sqrt_fs_cm =    92.906051629938815     
 phind channel           0
 bbb pw(0) qmod c1q   0.0000000000000000        0.0000000000000000        0.0000000000000000        0.0000000000000000     
 reduced to Born momenta
   46.453025814969408        0.0000000000000000        0.0000000000000000        46.452973314316644     
   46.453025814969408        0.0000000000000000        0.0000000000000000       -46.452973314316644     
   46.453025814969415       -34.196403246912332        20.535269321834505        23.807166201146941     
   46.453025814969401        34.196403246912332       -20.535269321834505       -23.807166201146941     
 isvec for ranlux 
     5987371     5776896     7590441      940365    11017057    15959572    12046268     3686646     4537693    10928358    15707514     1065520     2323154     5313912     5987110     8491242     6369023     8239789    10568800     2014506    12957226    16145299    11445971    10713937     4020519
  
 ====== DUMPING at point            1
 propag    0.0000000000000000        0.0000000000000000        0.0000000000000000        0.0000000000000000     
 test props.    0.0000000000000000        0.0000000000000000     
 Var          0.85526339939174745     
 Var before   0.75981825625661181     
 iev, nphot and rad. pattern    6.0000000000000000                0               0           0           0           0
 partons...            1          -1
 x1 & x2   0.99999850867585360       0.91343669676576977     
 sv & ME    1.0000000000000000        1523.4755765032189     
 plepton   =    47.786905490300583       0.28642232896855097        47.182977368213891        7.5671514830572990     
 pneutrino =    47.786905490300569      -0.28642232896855097       -47.182977368213891       -7.5671514830572990     
 pleptonlab   =    48.178561010984708       0.28642232896855097        47.182977368213891        9.7389520133221801     
 pneutrinolab =    47.493199261096457      -0.28642232896855097       -47.182977368213891       -5.4108614178179870     
 sqrt(s) =    95.573810980601152     
 sqrt_fs_cm =    95.573810980601152     
 phind channel           0
 bbb pw(0) qmod c1q   0.0000000000000000        0.0000000000000000        0.0000000000000000        0.0000000000000000     
 reduced to Born momenta
   47.786905490300576        0.0000000000000000        0.0000000000000000        47.786854455104276     
   47.786905490300576        0.0000000000000000        0.0000000000000000       -47.786854455104276     
   47.786905490300583       0.28642232896855097        47.182977368213891        7.5671514830572990     
   47.786905490300569      -0.28642232896855097       -47.182977368213891       -7.5671514830572990     
 isvec for ranlux 
    13390309    13171144    13636092    11485364     5831571    14452746     1540870    15239811     9908326     1470950     8293023    10434201     9452966     3103037     5847781     2378132     5378751     5651738     9908603      707229    10826472    12009651    16028807    16468138     4102313
  
 ====== DUMPING at point            1
 propag    0.0000000000000000        0.0000000000000000        0.0000000000000000        0.0000000000000000     
 test props.    0.0000000000000000        0.0000000000000000     
 Var           1.9337106053991830     
 Var before   0.58896692187920963     
 iev, nphot and rad. pattern    19.000000000000000                0               0           0           0           0
 partons...            1          -1
 x1 & x2   0.99999973993814373       0.85078436440418892     
 sv & ME    1.0000000000000000        19384.551575413832     
 plepton   =    46.118980451318201        11.449447825093840       -27.635206134604203        35.102061486129138     
 pneutrino =    46.118980451318201       -11.449447825093840        27.635206134604203       -35.102061486129138     
 pleptonlab   =    49.108871406031831        11.449447825093840       -27.635206134604203        38.947087355553194     
 pneutrinolab =    43.430333811084822       -11.449447825093840        27.635206134604203       -31.486318578855450     
 sqrt(s) =    92.237960902636402     
 sqrt_fs_cm =    92.237960902636402     
 phind channel           0
 bbb pw(0) qmod c1q   0.0000000000000000        0.0000000000000000        0.0000000000000000        0.0000000000000000     
 reduced to Born momenta
   46.118980451318201        0.0000000000000000        0.0000000000000000        46.118927570396409     
   46.118980451318201        0.0000000000000000        0.0000000000000000       -46.118927570396409     
   46.118980451318201        11.449447825093840       -27.635206134604203        35.102061486129138     
   46.118980451318201       -11.449447825093840        27.635206134604203       -35.102061486129138     
 isvec for ranlux 
    15205186     7751735    11358264     2800549     9655931    11533417     9383420     9809573     9062922     4653999    13079844     1471558     1473459    16417768    11223430     4777845      305707     5749390    10989001     5982525     4483515    14340600    12213132     4584040     4202111
  
 ====== DUMPING at point            1
 propag    0.0000000000000000        0.0000000000000000        0.0000000000000000        0.0000000000000000     
 test props.    0.0000000000000000        0.0000000000000000     
 Var          0.87949048890277959     
 Var before   0.78637677911600945     
 iev, nphot and rad. pattern    61.000000000000000                0               0           0           0           0
 partons...            1          -1
 x1 & x2   0.84007121631845216       0.99999963644665812     
 sv & ME    1.0000000000000000        15645.926616266843     
 plepton   =    45.827691162324399        28.666789847688118        35.569136938229413        3.6356252386470338     
 pneutrino =    45.827691162324399       -28.666789847688118       -35.569136938229413       -3.6356252386470338     
 pleptonlab   =    45.684583290531933        28.666789847688118        35.569136938229413      -0.34877505078626569     
 pneutrinolab =    46.318959347723606       -28.666789847688118       -35.569136938229413       -7.6476459556240313     
 sqrt(s) =    91.655382324648798     
 sqrt_fs_cm =    91.655382324648798     
 phind channel           0
 bbb pw(0) qmod c1q   0.0000000000000000        0.0000000000000000        0.0000000000000000        0.0000000000000000     
 reduced to Born momenta
   45.827691162324399        0.0000000000000000        0.0000000000000000        45.827637945281289     
   45.827691162324399        0.0000000000000000        0.0000000000000000       -45.827637945281289     
   45.827691162324399        28.666789847688118        35.569136938229413        3.6356252386470338     
   45.827691162324399       -28.666789847688118       -35.569136938229413       -3.6356252386470338     
 isvec for ranlux 
     6471129     8574776     1574882    15176645    11062171     5433936    16368599     3488557    15870020     4451985    16368185     4926024    15695505     8105752    15860054     7245267    14984343    12507433     4825529     4451951    10414156     4810560    10341661    15559281    -4032414
  
 ====== DUMPING at point            1
 propag    0.0000000000000000        0.0000000000000000        0.0000000000000000        0.0000000000000000     
 test props.    0.0000000000000000        0.0000000000000000     
 Var          0.87758538849553935     
 Var before   0.76136480879201252     
 iev, nphot and rad. pattern    67.000000000000000                0               0           0           0           0
 partons...            1          -1
 x1 & x2   0.99999991949577338       0.93770867420283843     
 sv & ME    1.0000000000000000        916.03699818713267     
 plepton   =    48.417677523641267       -31.634704076064690       -1.8967056999280305       -36.604758414713316     
 pneutrino =    48.417677523641281        31.634704076064690        1.8967056999280305        36.604758414713316     
 pleptonlab   =    47.265378329274327       -31.634704076064690       -1.8967056999280305       -35.066406009536308     
 pneutrinolab =    49.620051355656265        31.634704076064690        1.8967056999280305        38.180968274183044     
 sqrt(s) =    96.835355047282548     
 sqrt_fs_cm =    96.835355047282548     
 phind channel           0
 bbb pw(0) qmod c1q   0.0000000000000000        0.0000000000000000        0.0000000000000000        0.0000000000000000     
 reduced to Born momenta
   48.417677523641267        0.0000000000000000        0.0000000000000000        48.417627153318001     
   48.417677523641281        0.0000000000000000        0.0000000000000000       -48.417627153318016     
   48.417677523641267       -31.634704076064690       -1.8967056999280305       -36.604758414713316     
   48.417677523641281        31.634704076064690        1.8967056999280305        36.604758414713316     
 isvec for ranlux 
     6260983     3281672     6617204    15104970     5595109    13476943    10792075    11293390     2850413     5386758     3038831     1761127    12957694     5463067    14432872     3281692     7047152     7233736     2448295     6043551    11154732    14184136    12996624    15716655    -4060620
  
