 ====== DUMPING at point            1
 propag    0.0000000000000000        0.0000000000000000        0.0000000000000000        0.0000000000000000     
 test props.    0.0000000000000000        0.0000000000000000     
 Var           3.6138245477774915     
 Var before    0.0000000000000000     
 iev, nphot and rad. pattern    0.0000000000000000                0               0           0           0           0
 partons...            1          -1
 x1 & x2   0.96647643692483620       0.83932631281111314     
 sv & ME    1.0000000000000000        26222.492036761192     
 plepton   =    45.033018559245647        3.9852786745312794       -5.0772147433938573        44.567937367592918     
 pneutrino =    45.033018559245647       -3.9852786745312794        5.0772147433938573       -44.567937367592918     
 pleptonlab   =    48.290993083517520        3.9852786745312794       -5.0772147433938573        47.857583449612861     
 pneutrinolab =    41.999144403279949       -3.9852786745312794        5.0772147433938573       -41.500077243926711     
 sqrt(s) =    90.066037118491295     
 sqrt_fs_cm =    90.066037118491295     
 phind channel           0
 bbb pw(0) qmod c1q   0.0000000000000000        0.0000000000000000        0.0000000000000000        0.0000000000000000     
 reduced to Born momenta
   45.444035983348869        0.0000000000000000        0.0000000000000000        45.443982317027491     
   45.444035983348869        0.0000000000000000        0.0000000000000000       -45.443982317027491     
   45.444035983348876       -34.152092317165511        8.0006185590294869        28.892454651641430     
   45.444035983348861        34.152092317165511       -8.0006185590294869       -28.892454651641430     
 isvec for ranlux 
     9644655    14614328     8305202     1457455     1056974    16450356    10467055     4514011      135838    16753179    11474510      425858    13826447     7299317     7668616    13721940      957152    13197359    14184585     9294164    15939178     5902395     5267822    14659295     4102414
  
 ====== DUMPING at point            1
 propag    0.0000000000000000        0.0000000000000000        0.0000000000000000        0.0000000000000000     
 test props.    0.0000000000000000        0.0000000000000000     
 Var           2.4885675682562893     
 Var before    2.1893840126155424     
 iev, nphot and rad. pattern    0.0000000000000000                0               0           0           0           0
 partons...            1          -1
 x1 & x2   0.99427728318130171       0.99976866665782238     
 sv & ME    1.0000000000000000        451.19692164362897     
 plepton   =    49.850959712284677        42.946285615871474        24.649366648503285        5.7560660326308799     
 pneutrino =    49.850959712284663       -42.946285615871474       -24.649366648503285       -5.7560660326308799     
 pleptonlab   =    49.835297112386790        42.946285615871474        24.649366648503285        5.6188032725879555     
 pneutrinolab =    49.867000379569383       -42.946285615871474       -24.649366648503285       -5.8933724464139932     
 sqrt(s) =    99.701919424569340     
 sqrt_fs_cm =    99.701919424569340     
 phind channel           0
 bbb pw(0) qmod c1q   0.0000000000000000        0.0000000000000000        0.0000000000000000        0.0000000000000000     
 reduced to Born momenta
   49.850959712284670        0.0000000000000000        0.0000000000000000        49.850910790177437     
   49.850959712284670        0.0000000000000000        0.0000000000000000       -49.850910790177437     
   49.850959712284677        42.946285615871474        24.649366648503285        5.7560660326308799     
   49.850959712284663       -42.946285615871474       -24.649366648503285       -5.7560660326308799     
 isvec for ranlux 
    13828964    12538209    14722825      978898    10903123    16188213     3834576      755982    12350293    13898296    16631971     2580472     9212313    13500588    11285027    12295266    14794390     9041223     4836823     6203403     5099258      436050     2993088    13331992     4071707
  
 ====== DUMPING at point            1
 propag    0.0000000000000000        0.0000000000000000        0.0000000000000000        0.0000000000000000     
 test props.    0.0000000000000000        0.0000000000000000     
 Var           1.6955935428394664     
 Var before    1.4427808169316150     
 iev, nphot and rad. pattern    0.0000000000000000                0               0           0           0           0
 partons...            1          -1
 x1 & x2   0.97838044655891931       0.84251808132690986     
 sv & ME    1.0000000000000000        22769.948436586801     
 plepton   =    45.395572929598167       -31.951426443601530        20.916338761734536        24.543023427004258     
 pneutrino =    45.395572929598153        31.951426443601530       -20.916338761734536       -24.543023427004258     
 pleptonlab   =    47.358805927035228       -31.951426443601530        20.916338761734536        28.008185520783037     
 pneutrinolab =    43.686120467256245        31.951426443601530       -20.916338761734536       -21.215067259182561     
 sqrt(s) =    90.791145859196320     
 sqrt_fs_cm =    90.791145859196320     
 phind channel           0
 bbb pw(0) qmod c1q   0.0000000000000000        0.0000000000000000        0.0000000000000000        0.0000000000000000     
 reduced to Born momenta
   45.395572929598160        0.0000000000000000        0.0000000000000000        45.395519205984030     
   45.395572929598160        0.0000000000000000        0.0000000000000000       -45.395519205984030     
   45.395572929598167       -31.951426443601530        20.916338761734536        24.543023427004258     
   45.395572929598153        31.951426443601530       -20.916338761734536       -24.543023427004258     
 isvec for ranlux 
     8965487     4677045     9993826    10061960    12404269    11384977    11035044     9685088    14068021     1324435      272948    14908356    11427211    15348884     8000738     8738368    12913065     1505022     4123979     3215547    11907780     4934906    11898556     4780317    -4080115
  
 ====== DUMPING at point            1
 propag    0.0000000000000000        0.0000000000000000        0.0000000000000000        0.0000000000000000     
 test props.    0.0000000000000000        0.0000000000000000     
 Var           2.2274609994123540     
 Var before    1.4886775706636117     
 iev, nphot and rad. pattern    0.0000000000000000                0               0           0           0           0
 partons...            1          -1
 x1 & x2   0.82404391205811933       0.99242106141745445     
 sv & ME    1.0000000000000000        11741.409383988926     
 plepton   =    45.216107026681051       -23.120876307832571        38.237267522400430       -6.9153179344911839     
 pneutrino =    45.216107026681051        23.120876307832571       -38.237267522400430        6.9153179344911839     
 pleptonlab   =    46.055411251160862       -23.120876307832571        38.237267522400430       -11.154648941153386     
 pneutrinolab =    44.767837422617816        23.120876307832571       -38.237267522400430        2.7357914731866364     
 sqrt(s) =    90.432214053362102     
 sqrt_fs_cm =    90.432214053362102     
 phind channel           0
 bbb pw(0) qmod c1q   0.0000000000000000        0.0000000000000000        0.0000000000000000        0.0000000000000000     
 reduced to Born momenta
   45.216107026681051        0.0000000000000000        0.0000000000000000        45.216053089833878     
   45.216107026681051        0.0000000000000000        0.0000000000000000       -45.216053089833878     
   45.216107026681051       -23.120876307832571        38.237267522400430       -6.9153179344911839     
   45.216107026681051        23.120876307832571       -38.237267522400430        6.9153179344911839     
 isvec for ranlux 
    15326067    15249886     2032167    12287672     2672740     1104457     9630857    11203193     9414693    13903049     1041894    12159642    14667289     9413416    16351989    16702048    13674632     3503371    11931980     1731313     7232330     5707229     4337415    14161190    -4121101
  
 ====== DUMPING at point            1
 propag    0.0000000000000000        0.0000000000000000        0.0000000000000000        0.0000000000000000     
 test props.    0.0000000000000000        0.0000000000000000     
 Var           9.3425404825835994     
 Var before    1.9047388832686378     
 iev, nphot and rad. pattern    0.0000000000000000                0               0           0           0           0
 partons...            1          -1
 x1 & x2   0.99890526454294404       0.77203423460603671     
 sv & ME    1.0000000000000000        2422.4024602185336     
 plepton   =    43.908685398089311        39.959840618446030        4.2319785271339789        17.699236853355615     
 pneutrino =    43.908685398089311       -39.959840618446030       -4.2319785271339789       -17.699236853355615     
 pleptonlab   =    46.559734526212303        39.959840618446030        4.2319785271339789        23.518061377464043     
 pneutrinolab =    41.987240431236749       -39.959840618446030       -4.2319785271339789       -12.174509880618677     
 sqrt(s) =    87.817370796178622     
 sqrt_fs_cm =    87.817370796178622     
 phind channel           0
 bbb pw(0) qmod c1q   0.0000000000000000        0.0000000000000000        0.0000000000000000        0.0000000000000000     
 reduced to Born momenta
   43.908685398089311        0.0000000000000000        0.0000000000000000        43.908629855220731     
   43.908685398089311        0.0000000000000000        0.0000000000000000       -43.908629855220731     
   43.908685398089311        39.959840618446030        4.2319785271339789        17.699236853355615     
   43.908685398089311       -39.959840618446030       -4.2319785271339789       -17.699236853355615     
 isvec for ranlux 
     4925990     5576093    15184408    11784099    11845403    13164298      418628     8394559    12727338     1012832     9828754     3599171     1962348     6110377     3755204    14196229     8714040    12307127     8788506     3545955     7555912     3534851     9276842     7912478    -4100317
  
 ====== DUMPING at point            1
 propag    0.0000000000000000        0.0000000000000000        0.0000000000000000        0.0000000000000000     
 test props.    0.0000000000000000        0.0000000000000000     
 Var           6.4510396464480015     
 Var before    2.5508174262795009     
 iev, nphot and rad. pattern    0.0000000000000000                0               0           0           0           0
 partons...            1          -1
 x1 & x2   0.82560217399157465       0.99938776476365188     
 sv & ME    1.0000000000000000        27834.700549530364     
 plepton   =    45.417417122989605       -11.982419493849406       -29.183008148458704        32.672683895152709     
 pneutrino =    45.417417122989590        11.982419493849406        29.183008148458704       -32.672683895152709     
 pleptonlab   =    42.499272587319417       -11.982419493849406       -29.183008148458704        28.477195529760674     
 pneutrinolab =    48.750224350441911        11.982419493849406        29.183008148458704       -37.166475068364534     
 sqrt(s) =    90.834834245979195     
 sqrt_fs_cm =    90.834834245979195     
 phind channel           0
 bbb pw(0) qmod c1q   0.0000000000000000        0.0000000000000000        0.0000000000000000        0.0000000000000000     
 reduced to Born momenta
   45.417417122989598        0.0000000000000000        0.0000000000000000        45.417363425214688     
   45.417417122989598        0.0000000000000000        0.0000000000000000       -45.417363425214688     
   45.417417122989605       -11.982419493849406       -29.183008148458704        32.672683895152709     
   45.417417122989590        11.982419493849406        29.183008148458704       -32.672683895152709     
 isvec for ranlux 
     6421334     2423437     5715606     3926529     7706024    16732713    16568292    10697716    10804217    12296899    13403552     1093186    11046168     8745017     6064867     7111243    12495416     9149192     9988395     7047572    10817188      356677    10759454     5582999    -4161404
  
 ====== DUMPING at point            1
 propag    0.0000000000000000        0.0000000000000000        0.0000000000000000        0.0000000000000000     
 test props.    0.0000000000000000        0.0000000000000000     
 Var           2.0607591735117912     
 Var before    1.7875902633523801     
 iev, nphot and rad. pattern    0.0000000000000000                0               0           0           0           0
 partons...            1          -1
 x1 & x2   0.84854987910362578       0.99912413637770570     
 sv & ME    1.0000000000000000        23824.050465422682     
 plepton   =    46.038208727447724        26.866936783251031        3.7166952298928395        37.200260531257847     
 pneutrino =    46.038208727447696       -26.866936783251031       -3.7166952298928395       -37.200260531257847     
 pleptonlab   =    43.150136908856169        26.866936783251031        3.7166952298928395        33.560051192071320     
 pneutrinolab =    49.233563865210435       -26.866936783251031       -3.7166952298928395       -41.088764055775314     
 sqrt(s) =    92.076417454895420     
 sqrt_fs_cm =    92.076417454895420     
 phind channel           0
 bbb pw(0) qmod c1q   0.0000000000000000        0.0000000000000000        0.0000000000000000        0.0000000000000000     
 reduced to Born momenta
   46.038208727447710        0.0000000000000000        0.0000000000000000        46.038155753748896     
   46.038208727447710        0.0000000000000000        0.0000000000000000       -46.038155753748896     
   46.038208727447724        26.866936783251031        3.7166952298928395        37.200260531257847     
   46.038208727447696       -26.866936783251031       -3.7166952298928395       -37.200260531257847     
 isvec for ranlux 
    10671788    15112082    16580349    15196529    12173453     4126535    14349879    14774021     1833402    14749546    12999650    11317858    16659325    10501234     7001243    11690730    15931723    11335180     5068908     1086744     3192185    13920432    14783369     9387395    -4011707
  
 ====== DUMPING at point            1
 propag    0.0000000000000000        0.0000000000000000        0.0000000000000000        0.0000000000000000     
 test props.    0.0000000000000000        0.0000000000000000     
 Var          0.82000027734397385     
 Var before   0.71783421977088691     
 iev, nphot and rad. pattern    0.0000000000000000                0               0           0           0           0
 partons...            1          -1
 x1 & x2   0.99951529396164263       0.82806946597851683     
 sv & ME    1.0000000000000000        18153.681229382542     
 plepton   =    45.488132949929316        42.858827116075176       -12.825931937915731        8.2325866978313655     
 pneutrino =    45.488132949929302       -42.858827116075176        12.825931937915731       -8.2325866978313655     
 pleptonlab   =    46.465339253062595        42.858827116075176       -12.825931937915731        12.555197982073548     
 pneutrinolab =    44.913898743945396       -42.858827116075176        12.825931937915731       -3.9829065829172556     
 sqrt(s) =    90.976265899858618     
 sqrt_fs_cm =    90.976265899858618     
 phind channel           0
 bbb pw(0) qmod c1q   0.0000000000000000        0.0000000000000000        0.0000000000000000        0.0000000000000000     
 reduced to Born momenta
   45.488132949929316        0.0000000000000000        0.0000000000000000        45.488079335633039     
   45.488132949929302        0.0000000000000000        0.0000000000000000       -45.488079335633024     
   45.488132949929316        42.858827116075176       -12.825931937915731        8.2325866978313655     
   45.488132949929302       -42.858827116075176        12.825931937915731       -8.2325866978313655     
 isvec for ranlux 
    16299211     3254293    16131975     5266621    16545363    14473301     5355798     5599353    11050532    14547556    11682091     8225026    12673044    12120042     6959192    14507471     7976243    13182463     2472364    15582834    14772810    14376851    13178594     7905684     4032111
  
 ====== DUMPING at point            1
 propag    0.0000000000000000        0.0000000000000000        0.0000000000000000        0.0000000000000000     
 test props.    0.0000000000000000        0.0000000000000000     
 Var          0.76423750375064248     
 Var before   0.57466006848153295     
 iev, nphot and rad. pattern    0.0000000000000000                0               0           0           0           0
 partons...            1          -1
 x1 & x2   0.99986905841517626       0.86217433547650868     
 sv & ME    1.0000000000000000        7665.5161025898351     
 plepton   =    46.423631940064396       -26.255295122103618       -18.576602197064542       -33.477033436049233     
 pneutrino =    46.423631940064396        26.255295122103618        18.576602197064542        33.477033436049233     
 pleptonlab   =    44.068722604643483       -26.255295122103618       -18.576602197064542       -30.126574268854519     
 pneutrinolab =    49.033447089940744        26.255295122103618        18.576602197064542        37.011310415787896     
 sqrt(s) =    92.847263880128793     
 sqrt_fs_cm =    92.847263880128793     
 phind channel           0
 bbb pw(0) qmod c1q   0.0000000000000000        0.0000000000000000        0.0000000000000000        0.0000000000000000     
 reduced to Born momenta
   46.423631940064396        0.0000000000000000        0.0000000000000000        46.423579406169956     
   46.423631940064396        0.0000000000000000        0.0000000000000000       -46.423579406169956     
   46.423631940064396       -26.255295122103618       -18.576602197064542       -33.477033436049233     
   46.423631940064396        26.255295122103618        18.576602197064542        33.477033436049233     
 isvec for ranlux 
     1948374     8671651     4823179    12041177      945790    14706172    15752365     3472617     5950536     1314392     5216746    14238364     5005588     6648891    15103801      817999     4819676    14947327    12782556      118696     8196223    16643681    15944295     5417153    -4030721
  
 ====== DUMPING at point            1
 propag    0.0000000000000000        0.0000000000000000        0.0000000000000000        0.0000000000000000     
 test props.    0.0000000000000000        0.0000000000000000     
 Var          0.72129842795658261     
 Var before   0.62651578556603993     
 iev, nphot and rad. pattern    0.0000000000000000                0               0           0           0           0
 partons...            1          -1
 x1 & x2   0.81999061443672838       0.99982084599281573     
 sv & ME    1.0000000000000000        15251.907349407618     
 plepton   =    45.272610644635321       -30.576158558645730       -18.069904436832179       -28.074458005980940     
 pneutrino =    45.272610644635321        30.576158558645730        18.069904436832179        28.074458005980940     
 pleptonlab   =    48.283195255197917       -30.576158558645730       -18.069904436832179       -32.708299585891140     
 pneutrinolab =    42.707377766279315        30.576158558645730        18.069904436832179        23.716788008086773     
 sqrt(s) =    90.545221289270643     
 sqrt_fs_cm =    90.545221289270643     
 phind channel           0
 bbb pw(0) qmod c1q   0.0000000000000000        0.0000000000000000        0.0000000000000000        0.0000000000000000     
 reduced to Born momenta
   45.272610644635321        0.0000000000000000        0.0000000000000000        45.272556775105464     
   45.272610644635321        0.0000000000000000        0.0000000000000000       -45.272556775105464     
   45.272610644635321       -30.576158558645730       -18.069904436832179       -28.074458005980940     
   45.272610644635321        30.576158558645730        18.069904436832179        28.074458005980940     
 isvec for ranlux 
    12039140    13414567       24956      680525     5161984    15245004     2427930     4072528    10460989    10949186    15097278     6403010    13177578     2354914     6551446    11760129     9565449    15230204    12264909     7341336     7576794     6409704     4349288     8230537    -4080317
  
 ====== DUMPING at point            1
 propag    0.0000000000000000        0.0000000000000000        0.0000000000000000        0.0000000000000000     
 test props.    0.0000000000000000        0.0000000000000000     
 Var          0.56447395024959435     
 Var before   0.51065131680150821     
 iev, nphot and rad. pattern    0.0000000000000000                0               0           0           0           0
 partons...            1          -1
 x1 & x2   0.99988272001420420       0.82668373107177706     
 sv & ME    1.0000000000000000        27352.991515506776     
 plepton   =    45.458408947507699       -31.197311408655814        13.324736362341500        30.259460373457223     
 pneutrino =    45.458408947507699        31.197311408655814       -13.324736362341500       -30.259460373457223     
 pleptonlab   =    48.546415663064174       -31.197311408655814        13.324736362341500        34.726394454146586     
 pneutrinolab =    42.781906891234875        31.197311408655814       -13.324736362341500       -26.066445007025223     
 sqrt(s) =    90.916817895015399     
 sqrt_fs_cm =    90.916817895015399     
 phind channel           0
 bbb pw(0) qmod c1q   0.0000000000000000        0.0000000000000000        0.0000000000000000        0.0000000000000000     
 reduced to Born momenta
   45.458408947507699        0.0000000000000000        0.0000000000000000        45.458355298154466     
   45.458408947507699        0.0000000000000000        0.0000000000000000       -45.458355298154466     
   45.458408947507699       -31.197311408655814        13.324736362341500        30.259460373457223     
   45.458408947507699        31.197311408655814       -13.324736362341500       -30.259460373457223     
 isvec for ranlux 
     1557697     2758898    12299107    12897799     9719336    12650748     3944842    11864134     1592213     5193147     1439382    14514151    13647109    11293445     6602871     1680709     7646021     3836307     1590689    12608638     8765967     5583163     6364299      289554    -4082414
  
