 ====== DUMPING at point            1
 propag    0.0000000000000000        0.0000000000000000        0.0000000000000000        0.0000000000000000     
 test props.    0.0000000000000000        0.0000000000000000     
 Var           2.2513883672494458E-002
 Var before    0.0000000000000000     
 iev, nphot and rad. pattern    0.0000000000000000                0               0           0           0           0
 partons...            1          -1
 x1 & x2   0.98053126871008989       0.90409828741416076     
 sv & ME    1.0000000000000000        2448.7058474833893     
 plepton   =    44.723126520826341        3.9578540649059395       -5.0422759991571136        44.261244063577834     
 pneutrino =    44.723126520826341       -3.9578540649059395        5.0422759991571136       -44.261244063577834     
 pleptonlab   =    46.556487748090255        3.9578540649059395       -5.0422759991571136        46.112972488182130     
 pneutrinolab =    42.963416167811666       -3.9578540649059395        5.0422759991571136       -42.482405876625499     
 sqrt(s) =    89.446253041652682     
 sqrt_fs_cm =    89.446253041652682     
 phind channel           0
 bbb pw(0) qmod c1q   0.0000000000000000        0.0000000000000000        0.0000000000000000        0.0000000000000000     
 reduced to Born momenta
   43.322151270690284        0.0000000000000000        0.0000000000000000        43.322094975831583     
   43.322151270690284        0.0000000000000000        0.0000000000000000       -43.322094975831583     
   43.322151270690277       -32.557445135057570        7.6270495336885595        27.543393195419490     
   43.322151270690291        32.557445135057570       -7.6270495336885595       -27.543393195419490     
 isvec for ranlux 
     9644655    14614328     8305202     1457455     1056974    16450356    10467055     4514011      135838    16753179    11474510      425858    13826447     7299317     7668616    13721940      957152    13197359    14184585     9294164    15939178     5902395     5267822    14659295     4102414
  
