 ====== DUMPING at point            1
 propag    0.0000000000000000        0.0000000000000000        0.0000000000000000        0.0000000000000000     
 test props.    0.0000000000000000        0.0000000000000000     
 Var           1.7356231191966262E-002
 Var before    0.0000000000000000     
 iev, nphot and rad. pattern    0.0000000000000000                0               0           0           0           0
 partons...            1          -1
 x1 & x2   0.98239271468469025       0.91297052956498037     
 sv & ME    1.0000000000000000        1646.2233561948335     
 plepton   =    44.984671729996826        3.9810001106024679       -5.0717638854654679        44.520089579577203     
 pneutrino =    44.984671729996826       -3.9810001106024679        5.0717638854654679       -44.520089579577203     
 pleptonlab   =    46.646626095885253        3.9810001106024679       -5.0717638854654679        46.198759849668320     
 pneutrinolab =    43.383128005974086       -3.9810001106024679        5.0717638854654679       -42.901206056482096     
 sqrt(s) =    89.969343459993652     
 sqrt_fs_cm =    89.969343459993652     
 phind channel           0
 bbb pw(0) qmod c1q   0.0000000000000000        0.0000000000000000        0.0000000000000000        0.0000000000000000     
 reduced to Born momenta
   43.322151270690284        0.0000000000000000        0.0000000000000000        43.322094975831583     
   43.322151270690284        0.0000000000000000        0.0000000000000000       -43.322094975831583     
   43.322151270690277       -32.557445135057570        7.6270495336885595        27.543393195419490     
   43.322151270690291        32.557445135057570       -7.6270495336885595       -27.543393195419490     
 isvec for ranlux 
     9644655    14614328     8305202     1457455     1056974    16450356    10467055     4514011      135838    16753179    11474510      425858    13826447     7299317     7668616    13721940      957152    13197359    14184585     9294164    15939178     5902395     5267822    14659295     4102414
  
