 ====== DUMPING at point            1
 propag    0.0000000000000000        0.0000000000000000        0.0000000000000000        0.0000000000000000     
 test props.    0.0000000000000000        0.0000000000000000     
 Var           3.1464271317133297     
 Var before    0.0000000000000000     
 iev, nphot and rad. pattern    0.0000000000000000                0               0           0           0           0
 partons...            1          -1
 x1 & x2   0.90549311991869130       0.98813319934414678     
 sv & ME    0.0000000000000000        0.0000000000000000     
 plepton   =    0.0000000000000000        0.0000000000000000        0.0000000000000000        0.0000000000000000     
 pneutrino =    0.0000000000000000        0.0000000000000000        0.0000000000000000        0.0000000000000000     
 pleptonlab   =    49.052693065592180       -25.577179187575179       -6.8278305660017971       -41.295812958027227     
 pneutrinolab =    45.628622897549704        25.577179187575179        6.8278305660017971        37.163808986754461     
 sqrt(s) =    0.0000000000000000     
 sqrt_fs_cm =    0.0000000000000000     
 phind channel           0
 bbb pw(0) qmod c1q   0.0000000000000000        0.0000000000000000        0.0000000000000000        0.0000000000000000     
 reduced to Born momenta
   0.0000000000000000        0.0000000000000000        0.0000000000000000        0.0000000000000000     
   0.0000000000000000        0.0000000000000000        0.0000000000000000        0.0000000000000000     
   0.0000000000000000        0.0000000000000000        0.0000000000000000        0.0000000000000000     
   0.0000000000000000        0.0000000000000000        0.0000000000000000        0.0000000000000000     
 isvec for ranlux 
      778671     5844720     9587749    10340955     5767304     1229801     7106317     9230034     7070010     1656684     6134444     2662197     2938873     9323532     7705191    15725022     7372296    12845121     6405628     3024976     4819489    10459877     1149857     7981361    -4020317
  
 ====== DUMPING at point            1
 propag    0.0000000000000000        0.0000000000000000        0.0000000000000000        0.0000000000000000     
 test props.    0.0000000000000000        0.0000000000000000     
 Var           4.0165758004759864     
 Var before    3.1464271317133297     
 iev, nphot and rad. pattern    0.0000000000000000                1               0           0           0           0
 partons...            1          -1
 x1 & x2   0.98164201889241742       0.85891097695909457     
 sv & ME    0.0000000000000000        0.0000000000000000     
 plepton   =    0.0000000000000000        0.0000000000000000        0.0000000000000000        0.0000000000000000     
 pneutrino =    0.0000000000000000        0.0000000000000000        0.0000000000000000        0.0000000000000000     
 pleptonlab   =    47.425940021578079        33.514996718342083        23.145559974349251        24.294786923992042     
 pneutrinolab =    44.598285599619786       -33.517387439413994       -23.147209065323331       -18.160048635843768     
 sqrt(s) =    0.0000000000000000     
 sqrt_fs_cm =    0.0000000000000000     
 phind channel           0
 bbb pw(0) qmod c1q   0.0000000000000000        0.0000000000000000        0.0000000000000000        0.0000000000000000     
 reduced to Born momenta
   0.0000000000000000        0.0000000000000000        0.0000000000000000        0.0000000000000000     
   0.0000000000000000        0.0000000000000000        0.0000000000000000        0.0000000000000000     
   0.0000000000000000        0.0000000000000000        0.0000000000000000        0.0000000000000000     
   0.0000000000000000        0.0000000000000000        0.0000000000000000        0.0000000000000000     
 >> Photon n.           1
 cm momentum     0.0000000000000000        0.0000000000000000        0.0000000000000000        0.0000000000000000     
 lab momentum    3.4241713777152338E-003   2.3907210719123699E-003   1.6490909740793595E-003   1.8138085178674187E-003
 c_ph_up                         NaN
 c_ph_up lab   0.52970728324867777     
 c_ph_lep                       NaN
 c_ph_lep lab   0.99979119329893429     
 isvec for ranlux 
      778671     5844720     9587749     5094089     4083391     5667112    11886351     3615086    16112834     1368291    15462261     7797679    14988199    15435044     9850695     6896914     2215452    12845121     6405628     3024976     4819489    10459877     1149857     7981361     4161303
  
 ====== DUMPING at point            1
 propag    0.0000000000000000        0.0000000000000000        0.0000000000000000        0.0000000000000000     
 test props.    0.0000000000000000        0.0000000000000000     
 Var           1.1103338087009129     
 Var before   0.91074090701238097     
 iev, nphot and rad. pattern    0.0000000000000000                0               0           0           0           0
 partons...            1          -1
 x1 & x2   0.99887405837283283       0.96859242805232015     
 sv & ME    0.0000000000000000        0.0000000000000000     
 plepton   =    0.0000000000000000        0.0000000000000000        0.0000000000000000        0.0000000000000000     
 pneutrino =    0.0000000000000000        0.0000000000000000        0.0000000000000000        0.0000000000000000     
 pleptonlab   =    49.435431621004682        28.584829522810665        36.612381391712802        16.920159155373650     
 pneutrinolab =    48.937892700252974       -28.584829522810665       -36.612381391712802       -15.406077639348016     
 sqrt(s) =    0.0000000000000000     
 sqrt_fs_cm =    0.0000000000000000     
 phind channel           0
 bbb pw(0) qmod c1q   0.0000000000000000        0.0000000000000000        0.0000000000000000        0.0000000000000000     
 reduced to Born momenta
   0.0000000000000000        0.0000000000000000        0.0000000000000000        0.0000000000000000     
   0.0000000000000000        0.0000000000000000        0.0000000000000000        0.0000000000000000     
   0.0000000000000000        0.0000000000000000        0.0000000000000000        0.0000000000000000     
   0.0000000000000000        0.0000000000000000        0.0000000000000000        0.0000000000000000     
 isvec for ranlux 
    16145664      870805    14492627     7011085     9863684      407960     8205723     9664108     8899623    12633686     7677361      827336     8835237      774716    15580488    11768090     5697509    10786837     3590889     5984085    13914166     1669207     2642119    10329942    -4231606
  
 ====== DUMPING at point            1
 propag    0.0000000000000000        0.0000000000000000        0.0000000000000000        0.0000000000000000     
 test props.    0.0000000000000000        0.0000000000000000     
 Var           1.0408259560937576     
 Var before   0.79197844178325960     
 iev, nphot and rad. pattern    0.0000000000000000                0               0           0           0           0
 partons...            1          -1
 x1 & x2   0.83840003154236098       0.99554117714463763     
 sv & ME    0.0000000000000000        0.0000000000000000     
 plepton   =    0.0000000000000000        0.0000000000000000        0.0000000000000000        0.0000000000000000     
 pneutrino =    0.0000000000000000        0.0000000000000000        0.0000000000000000        0.0000000000000000     
 pleptonlab   =    44.733047744563635       -9.3191535311223461        42.796748331001943        9.0898903503944659     
 pneutrinolab =    46.964012689786280        9.3191535311223461       -42.796748331001943       -16.946947630508291     
 sqrt(s) =    0.0000000000000000     
 sqrt_fs_cm =    0.0000000000000000     
 phind channel           0
 bbb pw(0) qmod c1q   0.0000000000000000        0.0000000000000000        0.0000000000000000        0.0000000000000000     
 reduced to Born momenta
   0.0000000000000000        0.0000000000000000        0.0000000000000000        0.0000000000000000     
   0.0000000000000000        0.0000000000000000        0.0000000000000000        0.0000000000000000     
   0.0000000000000000        0.0000000000000000        0.0000000000000000        0.0000000000000000     
   0.0000000000000000        0.0000000000000000        0.0000000000000000        0.0000000000000000     
 isvec for ranlux 
    13868419     2865846     9103107     7527249     1293395     6527970    16722314    14093001     7067029    11977287     8449520     4008011     9814825    10880166       38707    11544883    16015224    10783967      233071     2651081     6975958     9351817      713181    10474158     4010519
  
 ====== DUMPING at point            1
 propag    0.0000000000000000        0.0000000000000000        0.0000000000000000        0.0000000000000000     
 test props.    0.0000000000000000        0.0000000000000000     
 Var           1.0101201390066650     
 Var before   0.66843261832986822     
 iev, nphot and rad. pattern    0.0000000000000000                2               0           0           0           0
 partons...            1          -1
 x1 & x2   0.85355195738899581       0.99814750033359434     
 sv & ME    0.0000000000000000        0.0000000000000000     
 plepton   =    0.0000000000000000        0.0000000000000000        0.0000000000000000        0.0000000000000000     
 pneutrino =    0.0000000000000000        0.0000000000000000        0.0000000000000000        0.0000000000000000     
 pleptonlab   =    47.173730289139634        6.3554668770673377       -44.297025241868091       -14.924183769869039     
 pneutrinolab =    45.408938334573875       -6.3540570206114921        44.298830805774159        7.6941578877664192     
 sqrt(s) =    0.0000000000000000     
 sqrt_fs_cm =    0.0000000000000000     
 phind channel           0
 bbb pw(0) qmod c1q   0.0000000000000000        0.0000000000000000        0.0000000000000000        0.0000000000000000     
 reduced to Born momenta
   0.0000000000000000        0.0000000000000000        0.0000000000000000        0.0000000000000000     
   0.0000000000000000        0.0000000000000000        0.0000000000000000        0.0000000000000000     
   0.0000000000000000        0.0000000000000000        0.0000000000000000        0.0000000000000000     
   0.0000000000000000        0.0000000000000000        0.0000000000000000        0.0000000000000000     
 >> Photon n.           1
 cm momentum     0.0000000000000000        0.0000000000000000        0.0000000000000000        0.0000000000000000     
 lab momentum    2.3042624160162567E-003  -1.4098564558453228E-003  -1.8055639060644052E-003   2.4873487269337180E-004
 c_ph_up                         NaN
 c_ph_up lab   0.10794554950186583     
 c_ph_lep                       NaN
 c_ph_lep lab   0.61921263108810065     
 >> Photon n.           2
 cm momentum     0.0000000000000000        0.0000000000000000        0.0000000000000000        0.0000000000000000     
 lab momentum    0.0000000000000000        0.0000000000000000        0.0000000000000000        0.0000000000000000     
 c_ph_up                         NaN
 c_ph_up lab    0.0000000000000000     
 c_ph_lep                       NaN
 c_ph_lep lab    0.0000000000000000     
 isvec for ranlux 
     8387587      494124    16029375     9172352     3146249     4760742    10678187    15099412    14773573     5096781    12530818    12364236     9216740     4157391     4528357    13979143    11886891     6704042    11366472     4673913     1301926    13045427    13947925    11850217     4222212
  
 ====== DUMPING at point            1
 propag    0.0000000000000000        0.0000000000000000        0.0000000000000000        0.0000000000000000     
 test props.    0.0000000000000000        0.0000000000000000     
 Var           1.4385911029470622     
 Var before   0.93318465739116840     
 iev, nphot and rad. pattern    0.0000000000000000                3               0           0           0           0
 partons...            1          -1
 x1 & x2   0.86629388147806008       0.99880903244298957     
 sv & ME    0.0000000000000000        0.0000000000000000     
 plepton   =    0.0000000000000000        0.0000000000000000        0.0000000000000000        0.0000000000000000     
 pneutrino =    0.0000000000000000        0.0000000000000000        0.0000000000000000        0.0000000000000000     
 pleptonlab   =    42.106031322409365        21.607334777579617       -16.226022903758061        32.291577455562091     
 pneutrinolab =    49.203994931512987       -23.037431659382211        16.624382011888695       -40.173730456493246     
 sqrt(s) =    0.0000000000000000     
 sqrt_fs_cm =    0.0000000000000000     
 phind channel           0
 bbb pw(0) qmod c1q   0.0000000000000000        0.0000000000000000        0.0000000000000000        0.0000000000000000     
 reduced to Born momenta
   0.0000000000000000        0.0000000000000000        0.0000000000000000        0.0000000000000000     
   0.0000000000000000        0.0000000000000000        0.0000000000000000        0.0000000000000000     
   0.0000000000000000        0.0000000000000000        0.0000000000000000        0.0000000000000000     
   0.0000000000000000        0.0000000000000000        0.0000000000000000        0.0000000000000000     
 >> Photon n.           1
 cm momentum     0.0000000000000000        0.0000000000000000        0.0000000000000000        0.0000000000000000     
 lab momentum    8.6176130038162126E-003   4.7592559621997101E-003  -2.9239875174377288E-003   6.5622430286966030E-003
 c_ph_up                         NaN
 c_ph_up lab   0.76149196138078934     
 c_ph_lep                       NaN
 c_ph_lep lab   0.99816003304558532     
 >> Photon n.           2
 cm momentum     0.0000000000000000        0.0000000000000000        0.0000000000000000        0.0000000000000000     
 lab momentum    1.9365018291263449        1.4253376258403947      -0.39543512061319530        1.2498332096559821     
 c_ph_up                         NaN
 c_ph_up lab   0.64540770933319791     
 c_ph_lep                       NaN
 c_ph_lep lab   0.95137273182097892     
 >> Photon n.           3
 cm momentum     0.0000000000000000        0.0000000000000000        0.0000000000000000        0.0000000000000000     
 lab momentum    0.0000000000000000        0.0000000000000000        0.0000000000000000        0.0000000000000000     
 c_ph_up                         NaN
 c_ph_up lab    0.0000000000000000     
 c_ph_lep                       NaN
 c_ph_lep lab    0.0000000000000000     
 isvec for ranlux 
    10729280      951825     2599558    14934193    13941412      776467    10074664     3918254     4721782     7088598     4864446    12764569     2726288     4197403     6349129    14750973    11225272     9917066    13519579     4908360     4211252     5668702      908009     6291073     4021505
  
 ====== DUMPING at point            1
 propag    0.0000000000000000        0.0000000000000000        0.0000000000000000        0.0000000000000000     
 test props.    0.0000000000000000        0.0000000000000000     
 Var           1.5565169536766694     
 Var before    1.4130557955307599     
 iev, nphot and rad. pattern    0.0000000000000000                4               0           0           0           0
 partons...            1          -1
 x1 & x2   0.99838492047544247       0.81443132771311078     
 sv & ME    0.0000000000000000        0.0000000000000000     
 plepton   =    0.0000000000000000        0.0000000000000000        0.0000000000000000        0.0000000000000000     
 pneutrino =    0.0000000000000000        0.0000000000000000        0.0000000000000000        0.0000000000000000     
 pleptonlab   =    41.778009342038793      -0.47673448888938025        33.123699231966455       -25.455533274896062     
 pneutrinolab =    48.398124660255817       0.48899126781668062       -33.491105603529945        34.935283595977850     
 sqrt(s) =    0.0000000000000000     
 sqrt_fs_cm =    0.0000000000000000     
 phind channel           0
 bbb pw(0) qmod c1q   0.0000000000000000        0.0000000000000000        0.0000000000000000        0.0000000000000000     
 reduced to Born momenta
   0.0000000000000000        0.0000000000000000        0.0000000000000000        0.0000000000000000     
   0.0000000000000000        0.0000000000000000        0.0000000000000000        0.0000000000000000     
   0.0000000000000000        0.0000000000000000        0.0000000000000000        0.0000000000000000     
   0.0000000000000000        0.0000000000000000        0.0000000000000000        0.0000000000000000     
 >> Photon n.           1
 cm momentum     0.0000000000000000        0.0000000000000000        0.0000000000000000        0.0000000000000000     
 lab momentum   0.46401480863318134       -1.2269552135106464E-002  0.36786485788468437      -0.28255025580376469     
 c_ph_up                         NaN
 c_ph_up lab  -0.60892508287839964     
 c_ph_lep                       NaN
 c_ph_lep lab   0.99988695982117370     
 >> Photon n.           2
 cm momentum     0.0000000000000000        0.0000000000000000        0.0000000000000000        0.0000000000000000     
 lab momentum    6.6359849988529120E-004   1.2773207806101235E-005  -4.5848632119087519E-004   4.7957283856908401E-004
 c_ph_up                         NaN
 c_ph_up lab   0.72268523610584168     
 c_ph_lep                       NaN
 c_ph_lep lab  -0.98834569460566313     
 >> Photon n.           3
 cm momentum     0.0000000000000000        0.0000000000000000        0.0000000000000000        0.0000000000000000     
 lab momentum    0.0000000000000000        0.0000000000000000        0.0000000000000000        0.0000000000000000     
 c_ph_up                         NaN
 c_ph_up lab    0.0000000000000000     
 c_ph_lep                       NaN
 c_ph_lep lab    0.0000000000000000     
 >> Photon n.           4
 cm momentum     0.0000000000000000        0.0000000000000000        0.0000000000000000        0.0000000000000000     
 lab momentum    0.0000000000000000        0.0000000000000000        0.0000000000000000        0.0000000000000000     
 c_ph_up                         NaN
 c_ph_up lab    0.0000000000000000     
 c_ph_lep                       NaN
 c_ph_lep lab    0.0000000000000000     
 isvec for ranlux 
     7417991     9690884     4122886    15691444    13639218     4466563     9490767    13457116     6996866     5672935      995486     9966615     8452565    14606448    10594417     2450987     1597940     7413366     5680510     9173028     1118578     9454363    12552521     7384149     4090216
  
 ====== DUMPING at point            1
 propag    0.0000000000000000        0.0000000000000000        0.0000000000000000        0.0000000000000000     
 test props.    0.0000000000000000        0.0000000000000000     
 Var           2.8717929833410740     
 Var before    1.3619833355586295     
 iev, nphot and rad. pattern    0.0000000000000000                1               0           0           0           0
 partons...            1          -1
 x1 & x2   0.99959587881183443       0.79834888020987849     
 sv & ME    0.0000000000000000        0.0000000000000000     
 plepton   =    0.0000000000000000        0.0000000000000000        0.0000000000000000        0.0000000000000000     
 pneutrino =    0.0000000000000000        0.0000000000000000        0.0000000000000000        0.0000000000000000     
 pleptonlab   =    48.059055394475649       -26.173220512940208       -22.806490806527737        33.233840385826319     
 pneutrinolab =    41.781115794608645        26.184974589430983        22.861563353649860       -23.180735538997354     
 sqrt(s) =    0.0000000000000000     
 sqrt_fs_cm =    0.0000000000000000     
 phind channel           0
 bbb pw(0) qmod c1q   0.0000000000000000        0.0000000000000000        0.0000000000000000        0.0000000000000000     
 reduced to Born momenta
   0.0000000000000000        0.0000000000000000        0.0000000000000000        0.0000000000000000     
   0.0000000000000000        0.0000000000000000        0.0000000000000000        0.0000000000000000     
   0.0000000000000000        0.0000000000000000        0.0000000000000000        0.0000000000000000     
   0.0000000000000000        0.0000000000000000        0.0000000000000000        0.0000000000000000     
 >> Photon n.           1
 cm momentum     0.0000000000000000        0.0000000000000000        0.0000000000000000        0.0000000000000000     
 lab momentum    5.7066762001333413E-002  -1.1754076490772997E-002  -5.5072547122122159E-002   9.2450832688257892E-003
 c_ph_up                         NaN
 c_ph_up lab   0.16200469318041508     
 c_ph_lep                       NaN
 c_ph_lep lab   0.68217202432803103     
 isvec for ranlux 
    15868928    16149788     8889730     6947937     4985027     6212496     9156383    16542457    12797613     1952311    12103019     8690689    10625675    15366954    15992746    15428916     4858500     3239719     7480833      848619     5738531    16519816     8961895    15949027     4111303
  
 ====== DUMPING at point            1
 propag    0.0000000000000000        0.0000000000000000        0.0000000000000000        0.0000000000000000     
 test props.    0.0000000000000000        0.0000000000000000     
 Var           2.7367095326639834     
 Var before    1.4187219591791780     
 iev, nphot and rad. pattern    0.0000000000000000                0               0           0           0           0
 partons...            1          -1
 x1 & x2   0.99980027153071027       0.84337808223215061     
 sv & ME    0.0000000000000000        0.0000000000000000     
 plepton   =    0.0000000000000000        0.0000000000000000        0.0000000000000000        0.0000000000000000     
 pneutrino =    0.0000000000000000        0.0000000000000000        0.0000000000000000        0.0000000000000000     
 pleptonlab   =    48.501755926482026       -32.187836433471332        16.221369506308072        32.453343761968213     
 pneutrinolab =    43.657161761661023        32.187836433471332       -16.221369506308072       -24.632234297040231     
 sqrt(s) =    0.0000000000000000     
 sqrt_fs_cm =    0.0000000000000000     
 phind channel           0
 bbb pw(0) qmod c1q   0.0000000000000000        0.0000000000000000        0.0000000000000000        0.0000000000000000     
 reduced to Born momenta
   0.0000000000000000        0.0000000000000000        0.0000000000000000        0.0000000000000000     
   0.0000000000000000        0.0000000000000000        0.0000000000000000        0.0000000000000000     
   0.0000000000000000        0.0000000000000000        0.0000000000000000        0.0000000000000000     
   0.0000000000000000        0.0000000000000000        0.0000000000000000        0.0000000000000000     
 isvec for ranlux 
    10133792     8012408     5802471    15848650     3998090     8366287     8259760     7239157    11187399     3051700     1592070     1617504     4202411     2209282     7734370    11322307     8269585      641457    12859162     4265691     8778025    14458014    14989513     8307982     4112111
  
 ====== DUMPING at point            1
 propag    0.0000000000000000        0.0000000000000000        0.0000000000000000        0.0000000000000000     
 test props.    0.0000000000000000        0.0000000000000000     
 Var          0.66121806497777846     
 Var before   0.59662296454224240     
 iev, nphot and rad. pattern    0.0000000000000000                2               0           0           0           0
 partons...            1          -1
 x1 & x2   0.84297033230642682       0.99980758655351565     
 sv & ME    0.0000000000000000        0.0000000000000000     
 plepton   =    0.0000000000000000        0.0000000000000000        0.0000000000000000        0.0000000000000000     
 pneutrino =    0.0000000000000000        0.0000000000000000        0.0000000000000000        0.0000000000000000     
 pleptonlab   =    43.402706451112422       -32.096990151646366       -10.116635423906159        27.408405179704477     
 pneutrinolab =    48.631599720195204        32.029515675211357        10.091903327477429       -35.175061343145693     
 sqrt(s) =    0.0000000000000000     
 sqrt_fs_cm =    0.0000000000000000     
 phind channel           0
 bbb pw(0) qmod c1q   0.0000000000000000        0.0000000000000000        0.0000000000000000        0.0000000000000000     
 reduced to Born momenta
   0.0000000000000000        0.0000000000000000        0.0000000000000000        0.0000000000000000     
   0.0000000000000000        0.0000000000000000        0.0000000000000000        0.0000000000000000     
   0.0000000000000000        0.0000000000000000        0.0000000000000000        0.0000000000000000     
   0.0000000000000000        0.0000000000000000        0.0000000000000000        0.0000000000000000     
 >> Photon n.           1
 cm momentum     0.0000000000000000        0.0000000000000000        0.0000000000000000        0.0000000000000000     
 lab momentum    3.9078356581864595E-003   1.8556462626145370E-003   2.7376938302802389E-003  -2.0815352437765300E-003
 c_ph_up                         NaN
 c_ph_up lab  -0.53265680183248154     
 c_ph_lep                       NaN
 c_ph_lep lab  -0.85082454621859793     
 >> Photon n.           2
 cm momentum     0.0000000000000000        0.0000000000000000        0.0000000000000000        0.0000000000000000     
 lab momentum   0.10068193603131209        6.5618830172394393E-002   2.1994402598449113E-002  -7.3125013669448416E-002
 c_ph_up                         NaN
 c_ph_up lab  -0.72629725402485834     
 c_ph_lep                       NaN
 c_ph_lep lab  -0.99154679967366033     
 isvec for ranlux 
     5079594     3841057     9098920     6732446     4511162     1103824     3455625     2049550     7089683     2498176       90917     1157143      391610     3412081     7982299     4908761     3446547    12135971     8440645    11572854      161177     5195586     4409555    12597285     4052111
  
