 ====== DUMPING at point            1
 propag    0.0000000000000000        0.0000000000000000        0.0000000000000000        0.0000000000000000     
 test props.    0.0000000000000000        0.0000000000000000     
 Var           3.7379061189539842     
 Var before    0.0000000000000000     
 iev, nphot and rad. pattern    0.0000000000000000                0               0           0           0           0
 partons...            1          -1
 x1 & x2   0.96464257376259221       0.83115831864385770     
 sv & ME    1.0000000000000000        31862.428201540912     
 plepton   =    44.770824755101394        3.9620752300662816       -5.0476537314907031        44.308449953014545     
 pneutrino =    44.770824755101394       -3.9620752300662816        5.0476537314907031       -44.308449953014545     
 pleptonlab   =    48.197664415704537        3.9620752300662816       -5.0476537314907031        47.768471224393046     
 pneutrinolab =    41.592380204617989       -3.9620752300662816        5.0476537314907031       -41.094258468456310     
 sqrt(s) =    89.541649510202788     
 sqrt_fs_cm =    89.541649510202788     
 phind channel           0
 bbb pw(0) qmod c1q   0.0000000000000000        0.0000000000000000        0.0000000000000000        0.0000000000000000     
 reduced to Born momenta
   45.444035983348869        0.0000000000000000        0.0000000000000000        45.443982317027491     
   45.444035983348869        0.0000000000000000        0.0000000000000000       -45.443982317027491     
   45.444035983348876       -34.152092317165511        8.0006185590294869        28.892454651641430     
   45.444035983348861        34.152092317165511       -8.0006185590294869       -28.892454651641430     
 isvec for ranlux 
     9644655    14614328     8305202     1457455     1056974    16450356    10467055     4514011      135838    16753179    11474510      425858    13826447     7299317     7668616    13721940      957152    13197359    14184585     9294164    15939178     5902395     5267822    14659295     4102414
  
 ====== DUMPING at point            1
 propag    0.0000000000000000        0.0000000000000000        0.0000000000000000        0.0000000000000000     
 test props.    0.0000000000000000        0.0000000000000000     
 Var           2.4707691361167243     
 Var before    2.1506530004656379     
 iev, nphot and rad. pattern    0.0000000000000000                0               0           0           0           0
 partons...            1          -1
 x1 & x2   0.99427728318130171       0.99976866665782238     
 sv & ME    1.0000000000000000        444.99484879316753     
 plepton   =    49.850959712284677        42.946285615871474        24.649366648503285        5.7560660326308799     
 pneutrino =    49.850959712284663       -42.946285615871474       -24.649366648503285       -5.7560660326308799     
 pleptonlab   =    49.835297112386790        42.946285615871474        24.649366648503285        5.6188032725879555     
 pneutrinolab =    49.867000379569383       -42.946285615871474       -24.649366648503285       -5.8933724464139932     
 sqrt(s) =    99.701919424569340     
 sqrt_fs_cm =    99.701919424569340     
 phind channel           0
 bbb pw(0) qmod c1q   0.0000000000000000        0.0000000000000000        0.0000000000000000        0.0000000000000000     
 reduced to Born momenta
   49.850959712284670        0.0000000000000000        0.0000000000000000        49.850910790177437     
   49.850959712284670        0.0000000000000000        0.0000000000000000       -49.850910790177437     
   49.850959712284677        42.946285615871474        24.649366648503285        5.7560660326308799     
   49.850959712284663       -42.946285615871474       -24.649366648503285       -5.7560660326308799     
 isvec for ranlux 
    13828964    12538209    14722825      978898    10903123    16188213     3834576      755982    12350293    13898296    16631971     2580472     9212313    13500588    11285027    12295266    14794390     9041223     4836823     6203403     5099258      436050     2993088    13331992     4071707
  
 ====== DUMPING at point            1
 propag    0.0000000000000000        0.0000000000000000        0.0000000000000000        0.0000000000000000     
 test props.    0.0000000000000000        0.0000000000000000     
 Var           1.6855276509922297     
 Var before    1.4270168199040409     
 iev, nphot and rad. pattern    0.0000000000000000                0               0           0           0           0
 partons...            1          -1
 x1 & x2   0.96318259554516339       0.99924355471594872     
 sv & ME    1.0000000000000000        494.32603193265959     
 plepton   =    49.052369988948634       -44.398522280580451       -18.155934783493304       -10.259487768869329     
 pneutrino =    49.052369988948634        44.398522280580451        18.155934783493304        10.259487768869329     
 pleptonlab   =    49.249210889256432       -44.398522280580451       -18.155934783493304       -11.162744329300239     
 pneutrinolab =    48.872096623799202        44.398522280580451        18.155934783493304        9.3596963707609717     
 sqrt(s) =    98.104739977897268     
 sqrt_fs_cm =    98.104739977897268     
 phind channel           0
 bbb pw(0) qmod c1q   0.0000000000000000        0.0000000000000000        0.0000000000000000        0.0000000000000000     
 reduced to Born momenta
   49.052369988948634        0.0000000000000000        0.0000000000000000        49.052320270371602     
   49.052369988948634        0.0000000000000000        0.0000000000000000       -49.052320270371602     
   49.052369988948634       -44.398522280580451       -18.155934783493304       -10.259487768869329     
   49.052369988948634        44.398522280580451        18.155934783493304        10.259487768869329     
 isvec for ranlux 
    11721521    11045222     4525189     9551634     3138826    12914592    10311113     5879490    10841622     2041022     1591996      713870     2223296     9465644     1698956     6906665      167992     7923134     5610804    11998942     7292850    14658741     2512720     2054019     4020115
  
 ====== DUMPING at point            1
 propag    0.0000000000000000        0.0000000000000000        0.0000000000000000        0.0000000000000000     
 test props.    0.0000000000000000        0.0000000000000000     
 Var           2.4448224469645492     
 Var before    1.4021917811907094     
 iev, nphot and rad. pattern    0.0000000000000000                0               0           0           0           0
 partons...            1          -1
 x1 & x2   0.99967724214925802       0.97555223158695292     
 sv & ME    1.0000000000000000        878.68347291043483     
 plepton   =    49.377053487561390        38.986649666223201       -12.425468983169029        27.635685549186455     
 pneutrino =    49.377053487561390       -38.986649666223201        12.425468983169029       -27.635685549186455     
 pleptonlab   =    49.718298098421542        38.986649666223201       -12.425468983169029        28.240872338926103     
 pneutrinolab =    49.043175588389005       -38.986649666223201        12.425468983169029       -27.034621810810854     
 sqrt(s) =    98.754106975122781     
 sqrt_fs_cm =    98.754106975122781     
 phind channel           0
 bbb pw(0) qmod c1q   0.0000000000000000        0.0000000000000000        0.0000000000000000        0.0000000000000000     
 reduced to Born momenta
   49.377053487561390        0.0000000000000000        0.0000000000000000        49.377004095913904     
   49.377053487561390        0.0000000000000000        0.0000000000000000       -49.377004095913904     
   49.377053487561390        38.986649666223201       -12.425468983169029        27.635685549186455     
   49.377053487561390       -38.986649666223201        12.425468983169029       -27.635685549186455     
 isvec for ranlux 
     5015453    15280816     4310583      768372    14533642     3155413     4422873      249048     4684845     1910008    16056781      794157     1869094     3063496    16774527    13424117     4046483    13961998    14383364     9654875    12256042     6035440    14952706     7070106    -4050721
  
 ====== DUMPING at point            1
 propag    0.0000000000000000        0.0000000000000000        0.0000000000000000        0.0000000000000000     
 test props.    0.0000000000000000        0.0000000000000000     
 Var           3.9221897308445195     
 Var before    2.1664483671045218     
 iev, nphot and rad. pattern    0.0000000000000000                0               0           0           0           0
 partons...            1          -1
 x1 & x2   0.99918788184465734       0.64860479197713217     
 sv & ME    1.0000000000000000        293.13269758058891     
 plepton   =    40.251647427463304       -18.829058791404851       -29.429820037255180        19.988401500318584     
 pneutrino =    40.251647427463318        18.829058791404851        29.429820037255180       -19.988401500318584     
 pleptonlab   =    45.547182529534830       -18.829058791404851       -29.429820037255180        29.221343403270964     
 pneutrinolab =    36.842451161554671        18.829058791404851        29.429820037255180       -11.692188909894698     
 sqrt(s) =    80.503294854926622     
 sqrt_fs_cm =    80.503294854926622     
 phind channel           0
 bbb pw(0) qmod c1q   0.0000000000000000        0.0000000000000000        0.0000000000000000        0.0000000000000000     
 reduced to Born momenta
   40.251647427463311        0.0000000000000000        0.0000000000000000        40.251586838275259     
   40.251647427463311        0.0000000000000000        0.0000000000000000       -40.251586838275259     
   40.251647427463304       -18.829058791404851       -29.429820037255180        19.988401500318584     
   40.251647427463318        18.829058791404851        29.429820037255180       -19.988401500318584     
 isvec for ranlux 
    13339185     3157215     2885755    13075980     2672839    15264749     5589110    16308282     7842139    12049687    13366755     6076284      742419    12796796     4739940     6325708    16429432     3537523     6895768     4781887    12457939      764822     9148973    10794182    -4081303
  
 ====== DUMPING at point            1
 propag    0.0000000000000000        0.0000000000000000        0.0000000000000000        0.0000000000000000     
 test props.    0.0000000000000000        0.0000000000000000     
 Var           2.5372022209565093     
 Var before    2.1181610791641354     
 iev, nphot and rad. pattern    0.0000000000000000                0               0           0           0           0
 partons...            1          -1
 x1 & x2   0.83188142332206572       0.99717559553420920     
 sv & ME    1.0000000000000000        26254.181544362451     
 plepton   =    45.539319651127499        34.971920334950113        17.845731778206886        23.071911840640762     
 pneutrino =    45.539319651127485       -34.971920334950113       -17.845731778206886       -23.071911840640762     
 pleptonlab   =    43.632821198074353        34.971920334950113        17.845731778206886        19.034352297828754     
 pneutrinolab =    47.820029744739401       -34.971920334950113       -17.845731778206886       -27.299060908435933     
 sqrt(s) =    91.078639302254984     
 sqrt_fs_cm =    91.078639302254984     
 phind channel           0
 bbb pw(0) qmod c1q   0.0000000000000000        0.0000000000000000        0.0000000000000000        0.0000000000000000     
 reduced to Born momenta
   45.539319651127492        0.0000000000000000        0.0000000000000000        45.539266097094348     
   45.539319651127492        0.0000000000000000        0.0000000000000000       -45.539266097094348     
   45.539319651127499        34.971920334950113        17.845731778206886        23.071911840640762     
   45.539319651127485       -34.971920334950113       -17.845731778206886       -23.071911840640762     
 isvec for ranlux 
     2357503    13313867    13475429      398041      676046      598883     1378089     4879090    14650659     9192766    12027607    13293528    15088918     5524941     3471822    13068680     3121771    14380553    13340567    15481040    11950101    16227926    15558269    13944932    -4050620
  
 ====== DUMPING at point            1
 propag    0.0000000000000000        0.0000000000000000        0.0000000000000000        0.0000000000000000     
 test props.    0.0000000000000000        0.0000000000000000     
 Var           2.0995839985906275     
 Var before    1.8600717513740077     
 iev, nphot and rad. pattern    0.0000000000000000                0               0           0           0           0
 partons...            1          -1
 x1 & x2   0.99786578052592456       0.83479567330465410     
 sv & ME    1.0000000000000000        14932.746696611272     
 plepton   =    45.634801306727894        2.8049863320190807       -45.422205499122185       -3.3881006309976849     
 pneutrino =    45.634801306727894       -2.8049863320190807        45.422205499122185        3.3881006309976849     
 pleptonlab   =    45.513862773538470        2.8049863320190807       -45.422205499122185       0.67515935135630656     
 pneutrinolab =    46.119209917990474       -2.8049863320190807        45.422205499122185        7.4783460097072183     
 sqrt(s) =    91.269602613455788     
 sqrt_fs_cm =    91.269602613455788     
 phind channel           0
 bbb pw(0) qmod c1q   0.0000000000000000        0.0000000000000000        0.0000000000000000        0.0000000000000000     
 reduced to Born momenta
   45.634801306727887        0.0000000000000000        0.0000000000000000        45.634747864745933     
   45.634801306727901        0.0000000000000000        0.0000000000000000       -45.634747864745947     
   45.634801306727894        2.8049863320190807       -45.422205499122185       -3.3881006309976849     
   45.634801306727894       -2.8049863320190807        45.422205499122185        3.3881006309976849     
 isvec for ranlux 
    12675073     6236269     4537278     4433730     4224941    13787964    13876073    15802303    15288718      805940    14528922    13666908     8167124    16627472     6461287     3513350     4350067    10105469     7717376     3989656     7739191    12448084    16391049     2870502     4050721
  
 ====== DUMPING at point            1
 propag    0.0000000000000000        0.0000000000000000        0.0000000000000000        0.0000000000000000     
 test props.    0.0000000000000000        0.0000000000000000     
 Var           1.4326925134999122     
 Var before   0.95530310492236736     
 iev, nphot and rad. pattern    0.0000000000000000                0               0           0           0           0
 partons...            1          -1
 x1 & x2   0.83905091906681850       0.99907094175663902     
 sv & ME    1.0000000000000000        26985.155271481373     
 plepton   =    45.778581014865999        26.715422674027657        3.6957352011573326        36.990472404582206     
 pneutrino =    45.778581014865999       -26.715422674027657       -3.6957352011573326       -36.990472404582206     
 pleptonlab   =    42.720521558985823        26.715422674027657        3.6957352011573326        33.130945221216976     
 pneutrinolab =    49.185571482187058       -26.715422674027657       -3.6957352011573326       -41.131946355708010     
 sqrt(s) =    91.557162029731998     
 sqrt_fs_cm =    91.557162029731998     
 phind channel           0
 bbb pw(0) qmod c1q   0.0000000000000000        0.0000000000000000        0.0000000000000000        0.0000000000000000     
 reduced to Born momenta
   45.778581014865992        0.0000000000000000        0.0000000000000000        45.778527740732869     
   45.778581014866006        0.0000000000000000        0.0000000000000000       -45.778527740732883     
   45.778581014865999        26.715422674027657        3.6957352011573326        36.990472404582206     
   45.778581014865999       -26.715422674027657       -3.6957352011573326       -36.990472404582206     
 isvec for ranlux 
    10671788    15112082    16580349    15196529    12173453     4126535    14349879    14774021     1833402    14749546    12999650    11317858    16659325    10501234     7001243    11690730    15931723    11335180     5068908     1086744     3192185    13920432    14783369     9387395    -4011707
  
 ====== DUMPING at point            1
 propag    0.0000000000000000        0.0000000000000000        0.0000000000000000        0.0000000000000000     
 test props.    0.0000000000000000        0.0000000000000000     
 Var           1.7619625592238390     
 Var before    1.3604269747946518     
 iev, nphot and rad. pattern    0.0000000000000000                0               0           0           0           0
 partons...            1          -1
 x1 & x2   0.99978361970231511       0.92283513222221691     
 sv & ME    1.0000000000000000        1680.2838862794044     
 plepton   =    48.026957244905496        14.823762922756391       -38.968132459820637        23.839424571836862     
 pneutrino =    48.026957244905496       -14.823762922756391        38.968132459820637       -23.839424571836862     
 pleptonlab   =    49.020353184107428        14.823762922756391       -38.968132459820637        25.782252966080172     
 pneutrinolab =    47.110584412119145       -14.823762922756391        38.968132459820637       -21.934828592075263     
 sqrt(s) =    96.053914489810992     
 sqrt_fs_cm =    96.053914489810992     
 phind channel           0
 bbb pw(0) qmod c1q   0.0000000000000000        0.0000000000000000        0.0000000000000000        0.0000000000000000     
 reduced to Born momenta
   48.026957244905489        0.0000000000000000        0.0000000000000000        48.026906464797207     
   48.026957244905503        0.0000000000000000        0.0000000000000000       -48.026906464797221     
   48.026957244905496        14.823762922756391       -38.968132459820637        23.839424571836862     
   48.026957244905496       -14.823762922756391        38.968132459820637       -23.839424571836862     
 isvec for ranlux 
     1467315    14552326     9549605    16451063     2447372     8870742    12068471    12007007     6978230    16284214     8468817    11598645    11614625     5336374     3803737    12939294     6082334     4537718    14679745    16308527    16057847    10631340     7612034     5753259    -4182212
  
 ====== DUMPING at point            1
 propag    0.0000000000000000        0.0000000000000000        0.0000000000000000        0.0000000000000000     
 test props.    0.0000000000000000        0.0000000000000000     
 Var          0.75158566629344481     
 Var before   0.63824634888713372     
 iev, nphot and rad. pattern    0.0000000000000000                0               0           0           0           0
 partons...            1          -1
 x1 & x2   0.99949173019214721       0.81855880555686267     
 sv & ME    1.0000000000000000        20134.058153892729     
 plepton   =    45.225622075048520        42.611488560919355       -12.751913405736602        8.1850763893126128     
 pneutrino =    45.225622075048520       -42.611488560919355        12.751913405736602       -8.1850763893126128     
 pleptonlab   =    46.269908744265727        42.611488560919355       -12.751913405736602        12.749236786037201     
 pneutrinolab =    44.632618043184799       -42.611488560919355        12.751913405736602       -3.7025905542729722     
 sqrt(s) =    90.451244150097040     
 sqrt_fs_cm =    90.451244150097040     
 phind channel           0
 bbb pw(0) qmod c1q   0.0000000000000000        0.0000000000000000        0.0000000000000000        0.0000000000000000     
 reduced to Born momenta
   45.225622075048520        0.0000000000000000        0.0000000000000000        45.225568149549169     
   45.225622075048520        0.0000000000000000        0.0000000000000000       -45.225568149549169     
   45.225622075048520        42.611488560919355       -12.751913405736602        8.1850763893126128     
   45.225622075048520       -42.611488560919355        12.751913405736602       -8.1850763893126128     
 isvec for ranlux 
    16299211     3254293    16131975     5266621    16545363    14473301     5355798     5599353    11050532    14547556    11682091     8225026    12673044    12120042     6959192    14507471     7976243    13182463     2472364    15582834    14772810    14376851    13178594     7905684     4032111
  
 ====== DUMPING at point            1
 propag    0.0000000000000000        0.0000000000000000        0.0000000000000000        0.0000000000000000     
 test props.    0.0000000000000000        0.0000000000000000     
 Var          0.70203609237901532     
 Var before   0.63175744548457113     
 iev, nphot and rad. pattern    0.0000000000000000                0               0           0           0           0
 partons...            1          -1
 x1 & x2   0.99963087622624591       0.81565091201696860     
 sv & ME    1.0000000000000000        18385.444604952645     
 plepton   =    45.148361982309460       -26.099415692437862        22.046791118824135       -29.514791679265567     
 pneutrino =    45.148361982309474        26.099415692437862       -22.046791118824135        29.514791679265567     
 pleptonlab   =    42.375218944094094       -26.099415692437862        22.046791118824135       -25.068057737780741     
 pneutrinolab =    48.388870468066607        26.099415692437862       -22.046791118824135        34.267055948244604     
 sqrt(s) =    90.296723964618934     
 sqrt_fs_cm =    90.296723964618934     
 phind channel           0
 bbb pw(0) qmod c1q   0.0000000000000000        0.0000000000000000        0.0000000000000000        0.0000000000000000     
 reduced to Born momenta
   45.148361982309467        0.0000000000000000        0.0000000000000000        45.148307964530041     
   45.148361982309467        0.0000000000000000        0.0000000000000000       -45.148307964530041     
   45.148361982309460       -26.099415692437862        22.046791118824135       -29.514791679265567     
   45.148361982309474        26.099415692437862       -22.046791118824135        29.514791679265567     
 isvec for ranlux 
     6094745     2129640      312319     7163611     7128610    12997705    11746228    11399925     6178787    10245010     8678563    12625467    12717353    15206338     6072599    12885293    10160756     7337110     1234035    11119771    13557463     9977633    14922285     1402607    -4160620
  
 ====== DUMPING at point            1
 propag    0.0000000000000000        0.0000000000000000        0.0000000000000000        0.0000000000000000     
 test props.    0.0000000000000000        0.0000000000000000     
 Var          0.52025190248155573     
 Var before   0.47187746884168186     
 iev, nphot and rad. pattern    0.0000000000000000                0               0           0           0           0
 partons...            1          -1
 x1 & x2   0.84413596068595076       0.99978887494679447     
 sv & ME    1.0000000000000000        9507.1841199397386     
 plepton   =    45.933586362169081       -45.621688045159452       0.55471272792418058       -5.3138560480136521     
 pneutrino =    45.933586362169066        45.621688045159452      -0.55471272792418058        5.3138560480136521     
 pleptonlab   =    46.548291041541468       -45.621688045159452       0.55471272792418058       -9.2242131857528022     
 pneutrinolab =    45.647950740095766        45.621688045159452      -0.55471272792418058        1.4415674727106182     
 sqrt(s) =    91.867172724338147     
 sqrt_fs_cm =    91.867172724338147     
 phind channel           0
 bbb pw(0) qmod c1q   0.0000000000000000        0.0000000000000000        0.0000000000000000        0.0000000000000000     
 reduced to Born momenta
   45.933586362169073        0.0000000000000000        0.0000000000000000        45.933533267812578     
   45.933586362169073        0.0000000000000000        0.0000000000000000       -45.933533267812578     
   45.933586362169081       -45.621688045159452       0.55471272792418058       -5.3138560480136521     
   45.933586362169066        45.621688045159452      -0.55471272792418058        5.3138560480136521     
 isvec for ranlux 
     3443998    11806363     1655829     6266010     7808036     5621983     2454254     1769614    16290533      562934      393798     2831460     3228448     6183375    11033027    15378232     1591986     2599213     2306826     7432529     6305965     5367712     2359324    12039450    -4201024
  
 ====== DUMPING at point            1
 propag    0.0000000000000000        0.0000000000000000        0.0000000000000000        0.0000000000000000     
 test props.    0.0000000000000000        0.0000000000000000     
 Var          0.49218125201057178     
 Var before   0.44001448120670777     
 iev, nphot and rad. pattern    0.0000000000000000                0               0           0           0           0
 partons...            1          -1
 x1 & x2   0.99989419619530129       0.80913171661574645     
 sv & ME    1.0000000000000000        15103.268808054327     
 plepton   =    44.973495177760697       -19.576629846585224       -27.342232437486576       -29.862384265105867     
 pneutrino =    44.973495177760711        19.576629846585224        27.342232437486576        29.862384265105867     
 pleptonlab   =    42.058992412433859       -19.576629846585224       -27.342232437486576       -25.260751537552213     
 pneutrinolab =    48.392303228118529        19.576629846585224        27.342232437486576        34.798875516529954     
 sqrt(s) =    89.946990355521407     
 sqrt_fs_cm =    89.946990355521407     
 phind channel           0
 bbb pw(0) qmod c1q   0.0000000000000000        0.0000000000000000        0.0000000000000000        0.0000000000000000     
 reduced to Born momenta
   44.973495177760704        0.0000000000000000        0.0000000000000000        44.973440949948063     
   44.973495177760704        0.0000000000000000        0.0000000000000000       -44.973440949948063     
   44.973495177760697       -19.576629846585224       -27.342232437486576       -29.862384265105867     
   44.973495177760711        19.576629846585224        27.342232437486576        29.862384265105867     
 isvec for ranlux 
     3688637    14053662    12588071    11536133     9988281    14201265     3023778     8336309     7700588     7389476     2663606     3417323    12053979    11535674     1089984     3050167    10818579       42031    11733593     9268692    14754184    14106291    10624018      593816     4181909
  
