 ====== DUMPING at point            1
 propag    0.0000000000000000        0.0000000000000000        0.0000000000000000        0.0000000000000000     
 test props.    0.0000000000000000        0.0000000000000000     
 Var           3.3359026283361452E-002
 Var before    0.0000000000000000     
 iev, nphot and rad. pattern    0.0000000000000000                0               0           0           0           0
 partons...            1          -1
 x1 & x2   0.99990000000000001       0.99990000000000001     
 sv & ME    1.0000000000000000        3150.6627686058473     
 plepton   =    47.495250000000006        4.2031794811837964       -5.3548187150317235        47.004753032529955     
 pneutrino =    47.495249999999992       -4.2031794811837964        5.3548187150317235       -47.004753032529955     
 pleptonlab   =    47.495250000000006        4.2031794811837964       -5.3548187150317235        47.004753032529955     
 pneutrinolab =    47.495249999999992       -4.2031794811837964        5.3548187150317235       -47.004753032529955     
 sqrt(s) =    94.990499999999997     
 sqrt_fs_cm =    94.990499999999997     
 phind channel           0
 bbb pw(0) qmod c1q   0.0000000000000000        0.0000000000000000        0.0000000000000000        0.0000000000000000     
 reduced to Born momenta
   47.495249999999999        0.0000000000000000        0.0000000000000000        47.495198651410014     
   47.495249999999999        0.0000000000000000        0.0000000000000000       -47.495198651410014     
   47.495250000000006       -35.693628394592366        8.3617455446307734        30.196584448354901     
   47.495249999999992        35.693628394592366       -8.3617455446307734       -30.196584448354901     
 isvec for ranlux 
     9644655    14614328     8305202     1457455     1056974    16450356    10467055     4514011      135838    16753179    11474510      425858    13826447     7299317     7668616    13721940      957152    13197359    14184585     9294164    15939178     5902395     5267822    14659295     4102414
  
 ====== DUMPING at point            1
 propag    0.0000000000000000        0.0000000000000000        0.0000000000000000        0.0000000000000000     
 test props.    0.0000000000000000        0.0000000000000000     
 Var           7.1144404815327847E-003
 Var before    4.2910247714374183E-003
 iev, nphot and rad. pattern    0.0000000000000000                0               0           0           0           0
 partons...            1          -1
 x1 & x2   0.99990000000000001       0.99990000000000001     
 sv & ME    1.0000000000000000        2079.4008749787536     
 plepton   =    47.495250000000006        9.7278701818609221       -45.342728330882949        10.256370610875852     
 pneutrino =    47.495249999999992       -9.7278701818609221        45.342728330882949       -10.256370610875852     
 pleptonlab   =    47.495250000000006        9.7278701818609221       -45.342728330882949        10.256370610875852     
 pneutrinolab =    47.495249999999992       -9.7278701818609221        45.342728330882949       -10.256370610875852     
 sqrt(s) =    94.990499999999997     
 sqrt_fs_cm =    94.990499999999997     
 phind channel           0
 bbb pw(0) qmod c1q   0.0000000000000000        0.0000000000000000        0.0000000000000000        0.0000000000000000     
 reduced to Born momenta
   47.495249999999999        0.0000000000000000        0.0000000000000000        47.495198651410014     
   47.495249999999999        0.0000000000000000        0.0000000000000000       -47.495198651410014     
   47.495250000000006        9.7278701818609221       -45.342728330882949        10.256370610875852     
   47.495249999999992       -9.7278701818609221        45.342728330882949       -10.256370610875852     
 isvec for ranlux 
    10385590     6248031    15799571    16446974    11280189    13624131     7936896     9634474    14274386     2432418    13529979    12240248    15430558     8217938     5687700     9149166     8196552     3057350    16170023    10256719    11159959    13491094     7524639     3976327     4060216
  
 ====== DUMPING at point            1
 propag    0.0000000000000000        0.0000000000000000        0.0000000000000000        0.0000000000000000     
 test props.    0.0000000000000000        0.0000000000000000     
 Var           5.5188341270806511E-002
 Var before    5.9862428125811084E-003
 iev, nphot and rad. pattern    0.0000000000000000                0               0           0           0           0
 partons...            1          -1
 x1 & x2   0.99990000000000001       0.99990000000000001     
 sv & ME    1.0000000000000000        1971.1943691480433     
 plepton   =    47.495250000000006       -46.119676988158282        8.7509709094916150        7.2238155790556284     
 pneutrino =    47.495249999999992        46.119676988158282       -8.7509709094916150       -7.2238155790556284     
 pleptonlab   =    47.495250000000006       -46.119676988158282        8.7509709094916150        7.2238155790556284     
 pneutrinolab =    47.495249999999992        46.119676988158282       -8.7509709094916150       -7.2238155790556284     
 sqrt(s) =    94.990499999999997     
 sqrt_fs_cm =    94.990499999999997     
 phind channel           0
 bbb pw(0) qmod c1q   0.0000000000000000        0.0000000000000000        0.0000000000000000        0.0000000000000000     
 reduced to Born momenta
   47.495249999999999        0.0000000000000000        0.0000000000000000        47.495198651410014     
   47.495249999999999        0.0000000000000000        0.0000000000000000       -47.495198651410014     
   47.495250000000006       -46.119676988158282        8.7509709094916150        7.2238155790556284     
   47.495249999999992        46.119676988158282       -8.7509709094916150       -7.2238155790556284     
 isvec for ranlux 
     5015453    15280816     4310583      768372    14533642     3155413     4422873      249048     4684845     1910008    16056781      794157     1869094     3063496    16774527    13424117     4046483    13961998    14383364     9654875    12256042    10990823    14952706     7070106    -4040822
  
 ====== DUMPING at point            1
 propag    0.0000000000000000        0.0000000000000000        0.0000000000000000        0.0000000000000000     
 test props.    0.0000000000000000        0.0000000000000000     
 Var           7.8081850422371202E-002
 Var before    3.3436411044959112E-002
 iev, nphot and rad. pattern    0.0000000000000000                0               0           0           0           0
 partons...            1          -1
 x1 & x2   0.99990000000000001       0.99990000000000001     
 sv & ME    1.0000000000000000        3676.7832556457224     
 plepton   =    47.495250000000006        27.899689081050532       -9.5919308662530884        37.220825089038037     
 pneutrino =    47.495249999999992       -27.899689081050532        9.5919308662530884       -37.220825089038037     
 pleptonlab   =    47.495250000000006        27.899689081050532       -9.5919308662530884        37.220825089038037     
 pneutrinolab =    47.495249999999992       -27.899689081050532        9.5919308662530884       -37.220825089038037     
 sqrt(s) =    94.990499999999997     
 sqrt_fs_cm =    94.990499999999997     
 phind channel           0
 bbb pw(0) qmod c1q   0.0000000000000000        0.0000000000000000        0.0000000000000000        0.0000000000000000     
 reduced to Born momenta
   47.495249999999999        0.0000000000000000        0.0000000000000000        47.495198651410014     
   47.495249999999999        0.0000000000000000        0.0000000000000000       -47.495198651410014     
   47.495250000000006        27.899689081050532       -9.5919308662530884        37.220825089038037     
   47.495249999999992       -27.899689081050532        9.5919308662530884       -37.220825089038037     
 isvec for ranlux 
      975261     4815776     7751588     6748446    16330858    13554722    14067536     1041894    13794568    13900916     1540559    16080159    10597833     4148133     7958360     3235061     1231676     8563098     7101273     8476212    10668496     5930342    14756503    10206386     4121202
  
