 ====== DUMPING at point            1
 propag    0.0000000000000000        0.0000000000000000        0.0000000000000000        0.0000000000000000     
 test props.    0.0000000000000000        0.0000000000000000     
 Var           2.0007014595115471E-002
 Var before    0.0000000000000000     
 iev, nphot and rad. pattern    0.0000000000000000                0               0           0           0           0
 partons...            1          -1
 x1 & x2   0.98138139152992876       0.90814158185963101     
 sv & ME    1.0000000000000000        2037.0949590746598     
 plepton   =    44.842446618792863        3.9684135718956091       -5.0557287308101202        44.379332529801246     
 pneutrino =    44.842446618792877       -3.9684135718956091        5.0557287308101202       -44.379332529801246     
 pleptonlab   =    46.597651830121372        3.9684135718956091       -5.0557287308101202        46.152153721279376     
 pneutrinolab =    43.154689405882742       -3.9684135718956091        5.0557287308101202       -42.673262761940222     
 sqrt(s) =    89.684893237585740     
 sqrt_fs_cm =    89.684893237585740     
 phind channel           0
 bbb pw(0) qmod c1q   0.0000000000000000        0.0000000000000000        0.0000000000000000        0.0000000000000000     
 reduced to Born momenta
   43.322151270690284        0.0000000000000000        0.0000000000000000        43.322094975831583     
   43.322151270690284        0.0000000000000000        0.0000000000000000       -43.322094975831583     
   43.322151270690277       -32.557445135057570        7.6270495336885595        27.543393195419490     
   43.322151270690291        32.557445135057570       -7.6270495336885595       -27.543393195419490     
 isvec for ranlux 
     9644655    14614328     8305202     1457455     1056974    16450356    10467055     4514011      135838    16753179    11474510      425858    13826447     7299317     7668616    13721940      957152    13197359    14184585     9294164    15939178     5902395     5267822    14659295     4102414
  
