 ====== DUMPING at point            1
 propag    0.0000000000000000        0.0000000000000000        0.0000000000000000        0.0000000000000000     
 test props.    0.0000000000000000        0.0000000000000000     
 Var           1.7672612387306716     
 Var before    0.0000000000000000     
 iev, nphot and rad. pattern    0.0000000000000000                0               0           1           0           0
 partons...            1          -1
 x1 & x2   0.94693539778351188       0.97588642440755047     
 sv & ME   0.57798022951128691        1022.4685764461352     
 plepton   =    48.065096470513126       -21.088354795801298        38.359754645008636       -19.850764484256235     
 pneutrino =    48.065096470513112        21.088354795801298       -38.359754645008636        19.850764484256235     
 pleptonlab   =    48.369463092289365       -21.088354795801298        38.359754645008636       -20.576790608013148     
 pneutrinolab =    47.771628017263772        21.088354795801298       -38.359754645008636        19.129239276811219     
 sqrt(s) =    96.130192941026237     
 sqrt_fs_cm =    96.130192941026237     
 phind channel           0
 bbb pw(0) qmod c1q   0.0000000000000000        0.0000000000000000        0.0000000000000000        0.0000000000000000     
 reduced to Born momenta
   48.065096470513119        0.0000000000000000        0.0000000000000000        48.065045730698444     
   48.065096470513119        0.0000000000000000        0.0000000000000000       -48.065045730698444     
   48.065096470513126       -21.088354795801298        38.359754645008636       -19.850764484256235     
   48.065096470513112        21.088354795801298       -38.359754645008636        19.850764484256235     
 isvec for ranlux 
     9644655    14614328     8305202     5902523     6611641    14048799     7267313     8683348    14048746     9318201     4464668     5476536     8218591     7359978     7668616    13721940      957152    13197359    14184585     9294164    15939178     5902395     5267822    14659295     4211303
  
 ====== DUMPING at point            1
 propag    0.0000000000000000        0.0000000000000000        0.0000000000000000        0.0000000000000000     
 test props.    0.0000000000000000        0.0000000000000000     
 Var           2.9423464592534221     
 Var before    1.7672612387306716     
 iev, nphot and rad. pattern    0.0000000000000000                0               0           1           0           0
 partons...            1          -1
 x1 & x2   0.94543364059380042       0.89591652533026100     
 sv & ME   0.56024433432986620        19412.523516457204     
 plepton   =    46.017106118571178       -23.352688994544749       -29.783952768393245        26.175006514814132     
 pneutrino =    46.017106118571178        23.352688994544749        29.783952768393245       -26.175006514814132     
 pleptonlab   =    46.737900347168392       -23.352688994544749       -29.783952768393245        27.422403968006986     
 pneutrinolab =    45.329607949034660        23.352688994544749        29.783952768393245       -24.946548204830020     
 sqrt(s) =    92.034212237142356     
 sqrt_fs_cm =    92.034212237142356     
 phind channel           0
 bbb pw(0) qmod c1q   0.0000000000000000        0.0000000000000000        0.0000000000000000        0.0000000000000000     
 reduced to Born momenta
   46.017106118571171        0.0000000000000000        0.0000000000000000        46.017053120579554     
   46.017106118571185        0.0000000000000000        0.0000000000000000       -46.017053120579568     
   46.017106118571178       -23.352688994544749       -29.783952768393245        26.175006514814132     
   46.017106118571178        23.352688994544749        29.783952768393245       -26.175006514814132     
 isvec for ranlux 
      778671     5844720     9587749    10340955     5767304     1229801     7106317     9230034     7070010     1656684    15462261     7797679    14988199    15435044     9850695     6896914     2215452    12845121     6405628     3024976     4819489    10459877     1149857     7981361    -4092010
  
 ====== DUMPING at point            1
 propag    0.0000000000000000        0.0000000000000000        0.0000000000000000        0.0000000000000000     
 test props.    0.0000000000000000        0.0000000000000000     
 Var           2.2081818654775094     
 Var before    1.7517179208712259     
 iev, nphot and rad. pattern    0.0000000000000000                1               0           0           1           0
 partons...            1          -1
 x1 & x2   0.86162213987822611       0.95881440568901921     
 sv & ME   0.58218581908157785        5008570573.7733088     
 plepton   =    45.439552118982093        27.907283267128136        14.829818233523966       -32.649682462332350     
 pneutrino =    45.445942796927369       -27.910932680623084       -14.833094036719181        32.653969302455366     
 pleptonlab   =    47.250093476047844        27.907283267128136        14.829818233523966       -35.125776882692591     
 pneutrinolab =    43.764981767540142       -27.910932680623084       -14.833094036719181        30.270804806235720     
 sqrt(s) =    90.892008448259205     
 sqrt_fs_cm =    90.885494682505310     
 phind channel           0
 bbb pw(0) qmod c1q   0.0000000000000000        0.0000000000000000        0.0000000000000000        0.0000000000000000     
 reduced to Born momenta
   45.446004224129602        0.0000000000000000        0.0000000000000000        45.445950560132474     
   45.446004224129602        0.0000000000000000        0.0000000000000000       -45.445950560132474     
   45.446004224129602        27.911108167021435        14.832519054123319       -32.654165976886247     
   45.446004224129602       -27.911108167021435       -14.832519054123319        32.654165976886247     
 >> Photon n.           1
 cm momentum     6.5135323497436714E-003   3.6494134949475706E-003   3.2758031952150337E-003  -4.2868401230126193E-003
 lab momentum    6.7520347742778732E-003   3.6494134949475706E-003   3.2758031952150337E-003  -4.6412140827773911E-003
 c_ph_up   -0.65814367578619926     
 c_ph_up lab  -0.68738006214930469     
 c_ph_lep  0.98113856417381162     
 c_ph_lep lab   0.98250201139142246     
 isvec for ranlux 
    13077225     6767474    12978143    11216133     7787453     7756591     1456377     6700084     7382700    12480500    14719702    13291644     7895789     6891298      102469     9060833    10785562     3405521     1113041     5184210    10069583      203884    13164889     3691341     4042414
  
 ====== DUMPING at point            1
 propag    0.0000000000000000        0.0000000000000000        0.0000000000000000        0.0000000000000000     
 test props.    0.0000000000000000        0.0000000000000000     
 Var           2.1164037843748265     
 Var before    1.7497022875893844     
 iev, nphot and rad. pattern    0.0000000000000000                0               0           1           0           0
 partons...            1          -1
 x1 & x2   0.98482869044970434       0.87456802504647047     
 sv & ME   0.55929424573525244        9653.6532738229726     
 plepton   =    46.403116350513031        22.471420944640688        34.792589001338058        20.922452883457897     
 pneutrino =    46.403116350513017       -22.471420944640688       -34.792589001338058       -20.922452883457897     
 pleptonlab   =    47.727788926157558        22.471420944640688        34.792589001338058        23.715852575885055     
 pneutrinolab =    45.242046848651178       -22.471420944640688       -34.792589001338058       -18.202819305723363     
 sqrt(s) =    92.806232701026047     
 sqrt_fs_cm =    92.806232701026047     
 phind channel           0
 bbb pw(0) qmod c1q   0.0000000000000000        0.0000000000000000        0.0000000000000000        0.0000000000000000     
 reduced to Born momenta
   46.403116350513024        0.0000000000000000        0.0000000000000000        46.403063793392448     
   46.403116350513024        0.0000000000000000        0.0000000000000000       -46.403063793392448     
   46.403116350513031        22.471420944640688        34.792589001338058        20.922452883457897     
   46.403116350513017       -22.471420944640688       -34.792589001338058       -20.922452883457897     
 isvec for ranlux 
     2097233     6471148     4378437     8640871    15711293     8225040    11065883    15787977     7243899     4917269    11956633    15358016     1047827     9592925      229606     7295905     6628324     2019165    14002484    11234980     6728922     2987987     4664818    12003099    -4080923
  
 ====== DUMPING at point            1
 propag    0.0000000000000000        0.0000000000000000        0.0000000000000000        0.0000000000000000     
 test props.    0.0000000000000000        0.0000000000000000     
 Var           2.3776231727424273     
 Var before    1.8757965245544894     
 iev, nphot and rad. pattern    0.0000000000000000                2               0           0           1           1
 partons...            1          -1
 x1 & x2   0.89756188713097207       0.95470259616510278     
 sv & ME   0.56882864199007166        30549478181.611359     
 plepton   =    46.213702620509459       -29.577644818280962        4.9212608338428465        35.165882116254615     
 pneutrino =    46.090626584115711        29.463895146767552       -5.0126646214083665       -35.086846130686837     
 pleptonlab   =    45.150355665839122       -29.577644818280962        4.9212608338428465        33.756296773627355     
 pneutrinolab =    47.195487078392254        29.463895146767552       -5.0126646214083665       -36.526085378107389     
 sqrt(s) =    92.569145176067593     
 sqrt_fs_cm =    92.304180022297217     
 phind channel           0
 bbb pw(0) qmod c1q   0.0000000000000000        0.0000000000000000        0.0000000000000000        0.0000000000000000     
 reduced to Born momenta
   46.284572588033797        0.0000000000000000        0.0000000000000000        46.284519896304090     
   46.284572588033797        0.0000000000000000        0.0000000000000000       -46.284519896304090     
   46.284572588033797       -29.605473690251532        4.9812513481991552        35.227170742871046     
   46.284572588033797        29.605473690251532       -4.9812513481991552       -35.227170742871046     
 >> Photon n.           1
 cm momentum     5.4592137029979955E-002  -3.4571778626476452E-002   4.5480448737006797E-003   4.2004866812416143E-002
 lab momentum    5.3321702618920247E-002  -3.4571778626476452E-002   4.5480448737006797E-003   4.0339947702113806E-002
 c_ph_up    0.76943071104449789     
 c_ph_up lab   0.75653900233485605     
 c_ph_lep  0.99967256165851393     
 c_ph_lep lab   0.99965686407296883     
 >> Photon n.           2
 cm momentum    0.21022383441244291       0.14832145013988721        8.6855742691818963E-002 -0.12104085238019317     
 lab momentum   0.21405971795343001       0.14832145013988721        8.6855742691818963E-002 -0.12758679492861127     
 c_ph_up   -0.57577130927371623     
 c_ph_up lab  -0.59603364962093686     
 c_ph_lep -0.84569240134586543     
 c_ph_lep lab  -0.85530769715489441     
 isvec for ranlux 
     7705512     6767400    12346605     2442596     4398068    14780140    11606138    14688674    13412440     5267269    10109083     1735670     8876049    16397594    14292833    16049731     7015236     2292865    16408353     4672107     7144624     1147718    13770713    15989233    -4151606
  
 ====== DUMPING at point            1
 propag    0.0000000000000000        0.0000000000000000        0.0000000000000000        0.0000000000000000     
 test props.    0.0000000000000000        0.0000000000000000     
 Var           1.9521163485487925     
 Var before    1.4539311921887443     
 iev, nphot and rad. pattern    0.0000000000000000                2               1           0           1           0
 partons...            1          -1
 x1 & x2   0.99151157159901182       0.83962964027815656     
 sv & ME   0.58077723066310094        30909359.410834543     
 plepton   =    45.055654675864325        4.3612867861058815       -29.189432774060293       -34.043458203849084     
 pneutrino =    45.212143493481761       -5.0965794959441215        29.424808031831844        33.946020463599027     
 pleptonlab   =    42.377983813227146        4.3612867861058815       -29.189432774060293       -30.411158154214160     
 pneutrinolab =    48.193822936633531       -5.0965794959441215        29.424808031831844        37.826431966119713     
 sqrt(s) =    91.241575183318048     
 sqrt_fs_cm =    90.264443915350554     
 phind channel           0
 bbb pw(0) qmod c1q   0.0000000000000000        0.0000000000000000        0.0000000000000000        0.0000000000000000     
 reduced to Born momenta
   45.237047813904127        0.0000000000000000        0.0000000000000000        45.236993902025013     
   45.237047813904127        0.0000000000000000        0.0000000000000000       -45.236993902025013     
   45.237047813904127        4.7395973823008681       -29.375088383850194       -34.073739599883318     
   45.237047813904127       -4.7395973823008681        29.375088383850194        34.073739599883318     
 >> Photon n.           1
 cm momentum    0.76425172397059926       0.71681490751753540       -9.1603012038029563E-002  0.24872871595017093     
 lab momentum   0.78759612757484465       0.71681490751753540       -9.1603012038029563E-002  0.31319791940094149     
 c_ph_up    0.32545391544283847     
 c_ph_up lab   0.39766310223659468     
 c_ph_lep  -7.7467861515021247E-002
 c_ph_lep lab  -0.11159412643464592     
 >> Photon n.           2
 cm momentum    0.20952529000136483        1.8477802320705110E-002 -0.14377224573352118      -0.15129097570011563     
 lab momentum   0.19765771642290242        1.8477802320705110E-002 -0.14377224573352118      -0.13437516526372517     
 c_ph_up   -0.72206546378783265     
 c_ph_up lab  -0.67983768959578672     
 c_ph_lep  0.99866657990552388     
 c_ph_lep lab   0.99849721730551078     
 isvec for ranlux 
    10482904     1249819    12058037    14159976    14147930     6205970     8604369     9431829     9704793     2911077    12566670     7519744     8037451     9579103     1801853     7051106     4729559     8526420      295591      567446    12330918     8671797    12046268    10350963     4080418
  
 ====== DUMPING at point            1
 propag    0.0000000000000000        0.0000000000000000        0.0000000000000000        0.0000000000000000     
 test props.    0.0000000000000000        0.0000000000000000     
 Var           2.2335195780755988     
 Var before    1.6814871146334744     
 iev, nphot and rad. pattern    0.0000000000000000                0               0           0           1           0
 partons...            1          -1
 x1 & x2   0.78801170418191668       0.99690016282409055     
 sv & ME   0.55925647324479721        4288.8729877241203     
 plepton   =    44.316165115176709       -10.097712373767406        36.581376573730886        22.885594150287965     
 pneutrino =    44.316165115176709        10.097712373767406       -36.581376573730886       -22.885594150287965     
 pleptonlab   =    41.925961065198663       -10.097712373767406        36.581376573730886        17.821732248483695     
 pneutrinolab =    47.319632285101711        10.097712373767406       -36.581376573730886       -28.266155180592389     
 sqrt(s) =    88.632330230353418     
 sqrt_fs_cm =    88.632330230353418     
 phind channel           0
 bbb pw(0) qmod c1q   0.0000000000000000        0.0000000000000000        0.0000000000000000        0.0000000000000000     
 reduced to Born momenta
   44.316165115176709        0.0000000000000000        0.0000000000000000        44.316110083016142     
   44.316165115176709        0.0000000000000000        0.0000000000000000       -44.316110083016142     
   44.316165115176709       -10.097712373767406        36.581376573730886        22.885594150287965     
   44.316165115176709        10.097712373767406       -36.581376573730886       -22.885594150287965     
 isvec for ranlux 
     1529830    10969541     5398952    14836342    16636312     5190420     1470932    12386847    11625234     6824400      810679     8482292     6601895    16231455    13558496     6713029     1261892      214096    11394427     5414534     6660712     4299797     3825772    15586491    -4101909
  
 ====== DUMPING at point            1
 propag    0.0000000000000000        0.0000000000000000        0.0000000000000000        0.0000000000000000     
 test props.    0.0000000000000000        0.0000000000000000     
 Var           2.0338653460690765     
 Var before    1.5332650738898443     
 iev, nphot and rad. pattern    0.0000000000000000                1               1           0           0           0
 partons...            1          -1
 x1 & x2   0.99906993316453185       0.77321380600730605     
 sv & ME   0.55921255955106541        8945926164.3167744     
 plepton   =    43.940377157347662        23.698410671641494        30.481184892397046        20.976851056157777     
 pneutrino =    43.943980211434010       -23.698553824363277       -30.481231610595508       -20.984167824014985     
 pleptonlab   =    46.996809210730014        23.698410671641494        30.481184892397046        26.794992283858278     
 pneutrinolab =    41.609059171971154       -23.698553824363277       -30.481231610595508       -15.510503138844939     
 sqrt(s) =    87.891675686017763     
 sqrt_fs_cm =    87.884357064075758     
 phind channel           0
 bbb pw(0) qmod c1q   0.0000000000000000        0.0000000000000000        0.0000000000000000        0.0000000000000000     
 reduced to Born momenta
   43.942178532037879        0.0000000000000000        0.0000000000000000        43.942123031504643     
   43.942178532037879        0.0000000000000000        0.0000000000000000       -43.942123031504643     
   43.942178532037879        23.698482246535146        30.481208251017435        20.980509365093766     
   43.942178532037879       -23.698482246535146       -30.481208251017435       -20.980509365093766     
 >> Photon n.           1
 cm momentum     7.3183172360942262E-003   1.4315272178306367E-004   4.6718198461803925E-005   7.3167678572093851E-003
 lab momentum    8.3185758907397978E-003   1.4315272178306367E-004   4.6718198461803925E-005   8.3172128479542945E-003
 c_ph_up    0.99978828754823590     
 c_ph_up lab   0.99983614469550963     
 c_ph_lep  0.49227201710170992     
 c_ph_lep lab   0.58237312139836783     
 isvec for ranlux 
     4582103    14909827     6058609    16033389    16400909    10270577    12793303      310030     7779432    12399011     3122562     7325754    11785470    16087410     4035484     7020979    11753393     9284947      731009     1133262     6407025    14657548    11290772     1908909    -4011606
  
 ====== DUMPING at point            1
 propag    0.0000000000000000        0.0000000000000000        0.0000000000000000        0.0000000000000000     
 test props.    0.0000000000000000        0.0000000000000000     
 Var           1.2118935978260426     
 Var before    1.0344946473566947     
 iev, nphot and rad. pattern    0.0000000000000000                0               0           1           0           0
 partons...            1          -1
 x1 & x2   0.99832432012884498       0.84263277651281554     
 sv & ME   0.57179677284590791        14637.698923437356     
 plepton   =    45.859044738482005       -15.014621591991627       -43.136657955485326       -4.1025235545196761     
 pneutrino =    45.859044738481991        15.014621591991627        43.136657955485326        4.1025235545196761     
 pleptonlab   =    45.675725535383762       -15.014621591991627       -43.136657955485326      -0.22498527285907333     
 pneutrinolab =    46.372129296699249        15.014621591991627        43.136657955485326        8.0095624536605428     
 sqrt(s) =    91.718089476963996     
 sqrt_fs_cm =    91.718089476963996     
 phind channel           0
 bbb pw(0) qmod c1q   0.0000000000000000        0.0000000000000000        0.0000000000000000        0.0000000000000000     
 reduced to Born momenta
   45.859044738481998        0.0000000000000000        0.0000000000000000        45.858991557823138     
   45.859044738481998        0.0000000000000000        0.0000000000000000       -45.858991557823138     
   45.859044738482005       -15.014621591991627       -43.136657955485326       -4.1025235545196761     
   45.859044738481991        15.014621591991627        43.136657955485326        4.1025235545196761     
 isvec for ranlux 
    15697820    13958964    15496225    11578598     1704967     5619974     9875627     7164025     7377212     9094670     8478077    13805758     9465217     1972369     1888418    13095976    15555016    16310036     7352882    14970220     9477691      555846    10078497      522600     4061606
  
 ====== DUMPING at point            1
 propag    0.0000000000000000        0.0000000000000000        0.0000000000000000        0.0000000000000000     
 test props.    0.0000000000000000        0.0000000000000000     
 Var           1.3441723805968269     
 Var before   0.92766805919651307     
 iev, nphot and rad. pattern    0.0000000000000000                1               0           0           1           0
 partons...            1          -1
 x1 & x2   0.96472912457459348       0.99985227665595089     
 sv & ME   0.56111562880805232        31347740616.683048     
 plepton   =    49.106043338979589        47.772614220505709        10.746174665705992        3.6999174735592470     
 pneutrino =    49.106682165864335       -47.773217153194189       -10.746376451238815       -3.7000250877207987     
 pleptonlab   =    49.047734704427420        47.772614220505709        10.746174665705992        2.8224415914774688     
 pneutrinolab =    49.180692332526966       -47.773217153194189       -10.746376451238815       -4.5786952963941472     
 sqrt(s) =    98.213370350589713     
 sqrt_fs_cm =    98.212725502726940     
 phind channel           0
 bbb pw(0) qmod c1q   0.0000000000000000        0.0000000000000000        0.0000000000000000        0.0000000000000000     
 reduced to Born momenta
   49.106685175294857        0.0000000000000000        0.0000000000000000        49.106635511709861     
   49.106685175294857        0.0000000000000000        0.0000000000000000       -49.106635511709861     
   49.106685175294857        47.773229356068924        10.746346116667842        3.6999955739525152     
   49.106685175294857       -47.773229356068924       -10.746346116667842       -3.6999955739525152     
 >> Photon n.           1
 cm momentum     6.4484574578833507E-004   6.0293268848001912E-004   2.0178553282399202E-004   1.0761416155185183E-004
 lab momentum    6.4302457280885120E-004   6.0293268848001912E-004   2.0178553282399202E-004   9.6100848805823362E-005
 c_ph_up    0.16688357216390046     
 c_ph_up lab   0.14945128517567680     
 c_ph_lep  0.99066837144949960     
 c_ph_lep lab   0.99063081357855942     
 isvec for ranlux 
     8580474     7453528     6610367     9370130     6454595    13285363    12880910       20013     9703009    16699534     1920148     6241711     6714350     8434631    10339274    15950484     7679134     4788915     9680677     9420690    13578033     7433776    11266006     2295994     4192111
  
 ====== DUMPING at point            1
 propag    0.0000000000000000        0.0000000000000000        0.0000000000000000        0.0000000000000000     
 test props.    0.0000000000000000        0.0000000000000000     
 Var           1.0979117215432921     
 Var before   0.78929848071981601     
 iev, nphot and rad. pattern    0.0000000000000000                0               0           1           0           1
 partons...            1          -1
 x1 & x2   0.99981101363650027       0.85198458315438363     
 sv & ME   0.57475321410092306        13327.347766109284     
 plepton   =    46.147144269343904        17.917201054132558       -19.234895596000054       -37.928095896326525     
 pneutrino =    46.147144269343876       -17.917201054132558        19.234895596000054        37.928095896326525     
 pleptonlab   =    43.257445718126242        17.917201054132558       -19.234895596000054       -34.353866509636717     
 pneutrinolab =    49.332334121417958       -17.917201054132558        19.234895596000054        41.745188033742551     
 sqrt(s) =    92.294288538687780     
 sqrt_fs_cm =    92.294288538687780     
 phind channel           0
 bbb pw(0) qmod c1q   0.0000000000000000        0.0000000000000000        0.0000000000000000        0.0000000000000000     
 reduced to Born momenta
   46.147144269343897        0.0000000000000000        0.0000000000000000        46.147091420695624     
   46.147144269343883        0.0000000000000000        0.0000000000000000       -46.147091420695610     
   46.147144269343904        17.917201054132558       -19.234895596000054       -37.928095896326525     
   46.147144269343876       -17.917201054132558        19.234895596000054        37.928095896326525     
 isvec for ranlux 
    16005597     8434417    14436132    13695452    14164085      961699    13764582       67402     7211444    14390456      970651      358280     3303569    11896123     6216082     9295383     9040778    13778432     3232438     8688432    14560231     5902029      962798     8581584    -4231606
  
 ====== DUMPING at point            1
 propag    0.0000000000000000        0.0000000000000000        0.0000000000000000        0.0000000000000000     
 test props.    0.0000000000000000        0.0000000000000000     
 Var          0.70604416675778547     
 Var before   0.62364042506035422     
 iev, nphot and rad. pattern    0.0000000000000000                0               0           1           0           0
 partons...            1          -1
 x1 & x2   0.82533364515017682       0.99975616394853928     
 sv & ME   0.55890706936631562        23116.456220770662     
 plepton   =    45.418399329264282       -33.872042496148772        17.249174251380087        24.859013631390610     
 pneutrino =    45.418399329264268        33.872042496148772       -17.249174251380087       -24.859013631390610     
 pleptonlab   =    43.240562827568688       -33.872042496148772        17.249174251380087        20.612759027797921     
 pneutrinolab =    48.013927627367103        33.872042496148772       -17.249174251380087       -29.333884967716045     
 sqrt(s) =    90.836798658528551     
 sqrt_fs_cm =    90.836798658528551     
 phind channel           0
 bbb pw(0) qmod c1q   0.0000000000000000        0.0000000000000000        0.0000000000000000        0.0000000000000000     
 reduced to Born momenta
   45.418399329264275        0.0000000000000000        0.0000000000000000        45.418345632650620     
   45.418399329264275        0.0000000000000000        0.0000000000000000       -45.418345632650620     
   45.418399329264282       -33.872042496148772        17.249174251380087        24.859013631390610     
   45.418399329264268        33.872042496148772       -17.249174251380087       -24.859013631390610     
 isvec for ranlux 
     1457327    11843211      842130     1627129    13128769     2257102     8061877     9626046    13167356     9311311       68476    11689171     5193999    15602726    13809534     9598677    15490076    16534941     4561603     1137849      146632    16199119     3483777    15651896    -4100317
  
 ====== DUMPING at point            1
 propag    0.0000000000000000        0.0000000000000000        0.0000000000000000        0.0000000000000000     
 test props.    0.0000000000000000        0.0000000000000000     
 Var          0.72956054079586341     
 Var before   0.65122278882300244     
 iev, nphot and rad. pattern    0.0000000000000000                1               0           0           0           1
 partons...            1          -1
 x1 & x2   0.80981238984694903       0.99955920597136050     
 sv & ME   0.55854215643668592        3192155673.7399578     
 plepton   =    44.984803756991418       -6.4119103656303125       -38.432657079298608        22.481985691920578     
 pneutrino =    44.980542223195634        6.4118140596049145        38.428476721564927       -22.480632382706954     
 pleptonlab   =    42.863489495161126       -6.4119103656303125       -38.432657079298608        17.862974088837522     
 pneutrinolab =    47.600528210777178        6.4118140596049145        38.428476721564927       -27.348490627066091     
 sqrt(s) =    89.969740990023197     
 sqrt_fs_cm =    89.965345872833993     
 phind channel           0
 bbb pw(0) qmod c1q   0.0000000000000000        0.0000000000000000        0.0000000000000000        0.0000000000000000     
 reduced to Born momenta
   44.984870495011599        0.0000000000000000        0.0000000000000000        44.984816280911552     
   44.984870495011599        0.0000000000000000        0.0000000000000000       -44.984816280911552     
   44.984870495011599       -6.4121754547712495       -38.432444326917576        22.482407316768985     
   44.984870495011599        6.4121754547712495        38.432444326917576       -22.482407316768985     
 >> Photon n.           1
 cm momentum     4.3950098361414244E-003   9.6306025397931583E-005   4.1803577336841377E-003  -1.3533092136238276E-003
 lab momentum    4.5620849771500554E-003   9.6306025397931583E-005   4.1803577336841377E-003  -1.8242679920004881E-003
 c_ph_up   -0.30791949599183566     
 c_ph_up lab  -0.39987593416993128     
 c_ph_lep -0.96963568957341773     
 c_ph_lep lab  -0.99141034738443012     
 isvec for ranlux 
    14521119     3284366     3463762    11480123     3336141    13887286     8647963     5115281    11781391     9822864    14374850       23828     6429012     3846061     5815448    12970300     6645149    13960673    15889545     2643589     8059802     5945202    14697481       61957    -4221909
  
 ====== DUMPING at point            1
 propag    0.0000000000000000        0.0000000000000000        0.0000000000000000        0.0000000000000000     
 test props.    0.0000000000000000        0.0000000000000000     
 Var          0.77067296245442218     
 Var before   0.62899350378743202     
 iev, nphot and rad. pattern    0.0000000000000000                2               0           0           1           1
 partons...            1          -1
 x1 & x2   0.99952189742666164       0.87447266834852688     
 sv & ME   0.56655471604681196        248008159.02735943     
 plepton   =    42.233971365209833        17.536382601818264       -28.117541790992576        26.183512034490864     
 pneutrino =    46.603209281988008       -20.620189583778693        30.025237428119869       -29.071306310576400     
 pleptonlab   =    44.079409315648711        17.536382601818264       -28.117541790992576        29.066514940726250     
 pneutrinolab =    44.763088617094326       -20.620189583778693        30.025237428119869       -26.019528008102405     
 sqrt(s) =    93.490886225100851     
 sqrt_fs_cm =    88.716154906623217     
 phind channel           0
 bbb pw(0) qmod c1q   0.0000000000000000        0.0000000000000000        0.0000000000000000        0.0000000000000000     
 reduced to Born momenta
   46.745443112550426        0.0000000000000000        0.0000000000000000        46.745390940317186     
   46.745443112550426        0.0000000000000000        0.0000000000000000       -46.745390940317186     
   46.745443112550426        20.065105783848356       -30.611293968033372        29.076889441321597     
   46.745443112550426       -20.065105783848356        30.611293968033372       -29.076889441321597     
 >> Photon n.           1
 cm momentum     4.6445079475671518        3.0883220097176403       -1.9129426367711095        2.8938506712909753     
 lab momentum    4.8484172179762206        3.0883220097176403       -1.9129426367711095        3.2109293284476159     
 c_ph_up    0.62306937655404560     
 c_ph_up lab   0.66226341176716863     
 c_ph_lep  0.93658605913991710     
 c_ph_lep lab   0.94179631145360632     
 >> Photon n.           2
 cm momentum     9.1976303358585563E-003  -4.5150277572127296E-003   5.2469996438175275E-003  -6.0563952054405188E-003
 lab momentum    8.8131380401605189E-003  -4.5150277572127296E-003   5.2469996438175275E-003  -5.4548071647219304E-003
 c_ph_up   -0.65847343112155876     
 c_ph_up lab  -0.61894039783161947     
 c_ph_lep -0.99185597166790551     
 c_ph_lep lab  -0.99172516079068351     
 isvec for ranlux 
     9694957     1252334     7167226    16399770     5334141    13250981    11984409     2603513     3627080     4384046     3205779    13795264     8270940     7640603    12795748       19997    12743485    14635427     5286932    15315727    15130947     8180743    14720784    11532738    -4080923
  
 ====== DUMPING at point            1
 propag    0.0000000000000000        0.0000000000000000        0.0000000000000000        0.0000000000000000     
 test props.    0.0000000000000000        0.0000000000000000     
 Var          0.54906377723720090     
 Var before   0.48008098736880223     
 iev, nphot and rad. pattern    0.0000000000000000                3               0           0           1           2
 partons...            1          -1
 x1 & x2   0.99986240832836182       0.81100781368563624     
 sv & ME   0.56158647733084543        10420974805504.520     
 plepton   =    44.965202156295774        36.358081207214141       -6.1092715555691468        25.741502933104240     
 pneutrino =    41.937958002829966       -33.838266312305834        5.7688464757016291       -24.093013532410502     
 pleptonlab   =    47.911027664055794        36.358081207214141       -6.1092715555691468        30.597747304734504     
 pneutrinolab =    39.641477050872275       -33.838266312305834        5.7688464757016291       -19.827447702632313     
 sqrt(s) =    90.049776555238580     
 sqrt_fs_cm =    86.850310143365959     
 phind channel           0
 bbb pw(0) qmod c1q   0.0000000000000000        0.0000000000000000        0.0000000000000000        0.0000000000000000     
 reduced to Born momenta
   45.024888277619290        0.0000000000000000        0.0000000000000000        45.024834111704386     
   45.024888277619290        0.0000000000000000        0.0000000000000000       -45.024834111704386     
   45.024888277619290        36.368398420722087       -6.1547736511917499        25.820297409883693     
   45.024888277619290       -36.368398420722087        6.1547736511917499       -25.820297409883693     
 >> Photon n.           1
 cm momentum     1.3729115903827626E-002   1.0252941707966211E-002  -1.2313967266847476E-003   9.0470697982987652E-003
 lab momentum    1.4753078175593041E-002   1.0252941707966211E-002  -1.2313967266847476E-003   1.0536325929360608E-002
 c_ph_up    0.65896958417959572     
 c_ph_up lab   0.71417813990788204     
 c_ph_lep  0.99328501025752769     
 c_ph_lep lab   0.99413531510844222     
 >> Photon n.           2
 cm momentum     3.0854308451600634       -2.5517498322269008       0.35311298767258892       -1.6981659259130319     
 lab momentum    2.9242762189303102       -2.5517498322269008       0.35311298767258892       -1.3839347586747985     
 c_ph_up   -0.55038210581735980     
 c_ph_up lab  -0.47325719428140645     
 c_ph_lep -0.99935630010082876     
 c_ph_lep lab  -0.97983322060004885     
 >> Photon n.           3
 cm momentum     4.7456435048947823E-002   2.1681995610623679E-002  -1.1456511078386326E-002   4.0629455420996108E-002
 lab momentum    5.1977088665925299E-002   2.1681995610623679E-002  -1.1456511078386326E-002   4.5828562779528306E-002
 c_ph_up    0.85614217290215355     
 c_ph_up lab   0.88170699736732672     
 c_ph_lep  0.89235003087592113     
 c_ph_lep lab   0.90775609492513643     
 isvec for ranlux 
     8192674     9675355    12081709     9480863      986779    11942623     6473535     8765465     4090856     8723139     4116667     2833519      419117    11029292     2425882     3624875     8132952    13471903     1621808    10524330     7978715     5812058      446896     1435424     4221707
  
 ====== DUMPING at point            1
 propag    0.0000000000000000        0.0000000000000000        0.0000000000000000        0.0000000000000000     
 test props.    0.0000000000000000        0.0000000000000000     
 Var          0.33919881245184286     
 Var before   0.29105684949100824     
 iev, nphot and rad. pattern    4.0000000000000000                2               0           0           1           1
 partons...            1          -1
 x1 & x2   0.81198087244959816       0.99980081202583582     
 sv & ME   0.58457645160422744        3911837549544.1729     
 plepton   =    44.509731344275593       -29.671085695750495        16.356962812860459       -28.864882847887198     
 pneutrino =    45.032030329374123        30.023422502327360       -16.512438555348954        29.219960063230257     
 pleptonlab   =    47.759353647183787       -29.671085695750495        16.356962812860459       -33.660379354360082     
 pneutrinolab =    42.230447618426346        30.023422502327360       -16.512438555348954        24.684671692444109     
 sqrt(s) =    90.101006410836206     
 sqrt_fs_cm =    89.540229449449470     
 phind channel           0
 bbb pw(0) qmod c1q   0.0000000000000000        0.0000000000000000        0.0000000000000000        0.0000000000000000     
 reduced to Born momenta
   45.050503205418103        0.0000000000000000        0.0000000000000000        45.050449070301028     
   45.050503205418103        0.0000000000000000        0.0000000000000000       -45.050449070301028     
   45.050503205418110       -30.033666971453631        16.537401163704885       -29.223789733168189     
   45.050503205418096        30.033666971453631       -16.537401163704885        29.223789733168189     
 >> Photon n.           1
 cm momentum    0.54152098252589376      -0.36412849457648599       0.16169907870309255      -0.36675444359931403     
 lab momentum   0.58268028136554451      -0.36412849457648599       0.16169907870309255      -0.42518249925915730     
 c_ph_up   -0.67726728129463931     
 c_ph_up lab  -0.72970119782107234     
 c_ph_lep  0.99719668808446349     
 c_ph_lep lab   0.99757198400764480     
 >> Photon n.           2
 cm momentum     1.7723754660596166E-002   1.1791687999620468E-002  -6.2233362145994913E-003   1.1677228256254370E-002
 lab momentum    1.6602676796015462E-002   1.1791687999620468E-002  -6.2233362145994913E-003   9.8931823632545744E-003
 c_ph_up    0.65884619144584733     
 c_ph_up lab   0.59587875405903679     
 c_ph_lep -0.99981182639748389     
 c_ph_lep lab  -0.98958820524028179     
 isvec for ranlux 
    10876423     5508206     6552395     8586876     3831691     8121497     1468692    10309077    15186285     7188278     4503280     9877336     1366014     5981390     5726979     1082832     5970519     4651962    15890584    14102435     4569516     6677682    13119496    13736282     4202010
  
 ====== DUMPING at point            1
 propag    0.0000000000000000        0.0000000000000000        0.0000000000000000        0.0000000000000000     
 test props.    0.0000000000000000        0.0000000000000000     
 Var          0.33313994286045795     
 Var before   0.28603953844138924     
 iev, nphot and rad. pattern    6.0000000000000000                2               0           0           1           1
 partons...            1          -1
 x1 & x2   0.99985005286215844       0.84397454501042546     
 sv & ME   0.55973459652033630        118452030629.12994     
 plepton   =    44.740417206149125       0.21658685297652425       -42.458203315373382        14.104886722492695     
 pneutrino =    45.791993121093839      -0.16424623864748050        43.469562728116372       -14.396722186327109     
 pleptonlab   =    46.097856767751310       0.21658685297652425       -42.458203315373382        17.951470587508460     
 pneutrinolab =    44.735050030965631      -0.16424623864748050        43.469562728116372       -10.563317517758133     
 sqrt(s) =    91.861199286912750     
 sqrt_fs_cm =    90.526275546499107     
 phind channel           0
 bbb pw(0) qmod c1q   0.0000000000000000        0.0000000000000000        0.0000000000000000        0.0000000000000000     
 reduced to Born momenta
   45.930599643456375        0.0000000000000000        0.0000000000000000        45.930546545647324     
   45.930599643456375        0.0000000000000000        0.0000000000000000       -45.930546545647324     
   45.930599643456375       0.19337872900480110       -43.594462656376400        14.460091641652163     
   45.930599643456375      -0.19337872900480110        43.594462656376400       -14.460091641652163     
 >> Photon n.           1
 cm momentum     1.1912302019136900       -5.1355322693241195E-002  -1.1423064616979448       0.33395803979770478     
 lab momentum    1.2238439322183756       -5.1355322693241195E-002  -1.1423064616979448       0.43622534179243944     
 c_ph_up    0.28034719004035252     
 c_ph_up lab   0.35643870129888583     
 c_ph_lep  0.99819141787823862     
 c_ph_lep lab   0.99829144469771303     
 >> Photon n.           2
 cm momentum    0.13755875775609952       -9.8529163580255048E-004  0.13094704895495138       -4.2122575963291442E-002
 lab momentum   0.13447916269387872       -9.8529163580255048E-004  0.13094704895495138       -3.0603018956120831E-002
 c_ph_up   -0.30621515234949609     
 c_ph_up lab  -0.22756699508743916     
 c_ph_lep -0.99995205742404170     
 c_ph_lep lab  -0.98551005108662482     
 isvec for ranlux 
    13798336     8607402     7564242     6135960     8172408    11356951    12904116    12031075     5356482     9565784     5190119    11828940     9261313    15821424    16481898     3060787     3760646      711049     8167466     5757978    13465270     5714415     5077099     6269482     4100721
  
