 ====== DUMPING at point            1
 propag    0.0000000000000000        0.0000000000000000        0.0000000000000000        0.0000000000000000     
 test props.    0.0000000000000000        0.0000000000000000     
 Var           1.6980487173128440     
 Var before    0.0000000000000000     
 iev, nphot and rad. pattern    0.0000000000000000                0               0           0           0           0
 partons...            1          -1
 x1 & x2   0.98211406874932528       0.91163796832747424     
 sv & ME    1.0000000000000000        1731.8006526046840     
 plepton   =    44.945454666077445        3.9775295062508045       -5.0673423618979019        44.481277318251259     
 pneutrino =    44.945454666077445       -3.9775295062508045        5.0673423618979019       -44.481277318251259     
 pleptonlab   =    46.633131901965712        3.9775295062508045       -5.0673423618979019        46.185919149767749     
 pneutrinolab =    43.320089859182282       -3.9775295062508045        5.0673423618979019       -42.838304379729813     
 sqrt(s) =    89.890909332154891     
 sqrt_fs_cm =    89.890909332154891     
 phind channel           0
 bbb pw(0) qmod c1q   0.0000000000000000        0.0000000000000000        0.0000000000000000        0.0000000000000000     
 reduced to Born momenta
   43.322151270690284        0.0000000000000000        0.0000000000000000        43.322094975831583     
   43.322151270690284        0.0000000000000000        0.0000000000000000       -43.322094975831583     
   43.322151270690277       -32.557445135057570        7.6270495336885595        27.543393195419490     
   43.322151270690291        32.557445135057570       -7.6270495336885595       -27.543393195419490     
 isvec for ranlux 
     9644655    14614328     8305202     1457455     1056974    16450356    10467055     4514011      135838    16753179    11474510      425858    13826447     7299317     7668616    13721940      957152    13197359    14184585     9294164    15939178     5902395     5267822    14659295     4102414
  
 ====== DUMPING at point            1
 propag    0.0000000000000000        0.0000000000000000        0.0000000000000000        0.0000000000000000     
 test props.    0.0000000000000000        0.0000000000000000     
 Var           2.4918962839092762     
 Var before    1.6980487173128440     
 iev, nphot and rad. pattern    0.0000000000000000                0               0           0           0           0
 partons...            1          -1
 x1 & x2   0.91073270607677381       0.97171472719528429     
 sv & ME    1.0000000000000000        5750.5334552611457     
 plepton   =    44.684661117867861       -19.605195854549770        35.661885909544885       -18.454646146880538     
 pneutrino =    44.684661117867876        19.605195854549770       -35.661885909544885        18.454646146880538     
 pleptonlab   =    45.306280086229336       -19.605195854549770        35.661885909544885       -19.912660305437370     
 pneutrinolab =    44.109972994193448        19.605195854549770       -35.661885909544885        17.016014302308122     
 sqrt(s) =    89.369322235735737     
 sqrt_fs_cm =    89.369322235735737     
 phind channel           0
 bbb pw(0) qmod c1q   0.0000000000000000        0.0000000000000000        0.0000000000000000        0.0000000000000000     
 reduced to Born momenta
   44.684661117867869        0.0000000000000000        0.0000000000000000        44.684606539535430     
   44.684661117867869        0.0000000000000000        0.0000000000000000       -44.684606539535430     
   44.684661117867861       -19.605195854549770        35.661885909544885       -18.454646146880538     
   44.684661117867876        19.605195854549770       -35.661885909544885        18.454646146880538     
 isvec for ranlux 
     9644655     7639423    16690605     5902523     6611641    14048799     7267313     8683348    14048746     9318201     4464668     5476536     8218591     7359978     7668616    13721940      957152    13197359    14184585     9294164    15939178     5902395     5267822    14659295    -4231101
  
 ====== DUMPING at point            1
 propag    0.0000000000000000        0.0000000000000000        0.0000000000000000        0.0000000000000000     
 test props.    0.0000000000000000        0.0000000000000000     
 Var           3.9513931671057643     
 Var before    2.4918962839092762     
 iev, nphot and rad. pattern    0.0000000000000000                0               0           0           0           0
 partons...            1          -1
 x1 & x2   0.97673318522374497       0.95498804864353515     
 sv & ME    1.0000000000000000        22987.184667688845     
 plepton   =    45.875472423684471        24.604952262838307        27.416935310304023        27.339637684849070     
 pneutrino =    45.875472423684457       -24.604952262838307       -27.416935310304023       -27.339637684849070     
 pleptonlab   =    46.186157577734903        24.604952262838307        27.416935310304023        27.857817043658397     
 pneutrinolab =    45.570601030960901       -24.604952262838307       -27.416935310304023       -26.824923056098431     
 sqrt(s) =    91.750944847368928     
 sqrt_fs_cm =    91.750944847368928     
 phind channel           0
 bbb pw(0) qmod c1q   0.0000000000000000        0.0000000000000000        0.0000000000000000        0.0000000000000000     
 reduced to Born momenta
   45.875472423684464        0.0000000000000000        0.0000000000000000        45.875419262069244     
   45.875472423684464        0.0000000000000000        0.0000000000000000       -45.875419262069244     
   45.875472423684471        24.604952262838307        27.416935310304023        27.339637684849070     
   45.875472423684457       -24.604952262838307       -27.416935310304023       -27.339637684849070     
 isvec for ranlux 
      778671     5844720     9587749    10340955     5767304     1229801     7106317     9230034     7070010     1656684    15462261     7797679    14988199    15435044     9850695     6896914     2215452    12845121     6405628     3024976     4819489    10459877     1149857     7981361    -4092010
  
 ====== DUMPING at point            1
 propag    0.0000000000000000        0.0000000000000000        0.0000000000000000        0.0000000000000000     
 test props.    0.0000000000000000        0.0000000000000000     
 Var           4.5955167561983288     
 Var before    3.9513931671057643     
 iev, nphot and rad. pattern    0.0000000000000000                0               0           0           0           0
 partons...            1          -1
 x1 & x2   0.92285933286848443       0.98502623829221758     
 sv & ME    1.0000000000000000        26655.889607745110     
 plepton   =    45.288221235170475       -1.5446577833948449        28.368898995159256        35.267994287865697     
 pneutrino =    45.288221235170475        1.5446577833948449       -28.368898995159256       -35.267994287865697     
 pleptonlab   =    44.162492753177204       -1.5446577833948449        28.368898995159256        33.810267739513847     
 pneutrinolab =    46.462071876956131        1.5446577833948449       -28.368898995159256       -36.763195747141168     
 sqrt(s) =    90.576442470340950     
 sqrt_fs_cm =    90.576442470340950     
 phind channel           0
 bbb pw(0) qmod c1q   0.0000000000000000        0.0000000000000000        0.0000000000000000        0.0000000000000000     
 reduced to Born momenta
   45.288221235170468        0.0000000000000000        0.0000000000000000        45.288167384209146     
   45.288221235170482        0.0000000000000000        0.0000000000000000       -45.288167384209160     
   45.288221235170475       -1.5446577833948449        28.368898995159256        35.267994287865697     
   45.288221235170475        1.5446577833948449       -28.368898995159256       -35.267994287865697     
 isvec for ranlux 
    14683590     1952959     5400450     5094089     4083391     5667112    11886351     3615086    16112834     1368291    15462261     7797679    14988199    15435044     9850695     6896914     2215452    12845121     6405628     3024976     4819489    10459877    14962976    10164146     4210822
  
 ====== DUMPING at point            1
 propag    0.0000000000000000        0.0000000000000000        0.0000000000000000        0.0000000000000000     
 test props.    0.0000000000000000        0.0000000000000000     
 Var           12.654883008140271     
 Var before    4.5955167561983288     
 iev, nphot and rad. pattern    0.0000000000000000                0               0           0           0           0
 partons...            1          -1
 x1 & x2   0.99440591616428098       0.99977167931882815     
 sv & ME    1.0000000000000000        2138.7511583205360     
 plepton   =    47.361546444271312        40.801661987099678        23.418442637484674        5.4686233575468037     
 pneutrino =    47.361546444271312       -40.801661987099678       -23.418442637484674       -5.4686233575468037     
 pleptonlab   =    47.347003333696030        40.801661987099678        23.418442637484674        5.3412062790029600     
 pneutrinolab =    47.376432451751668       -40.801661987099678       -23.418442637484674       -5.5960800288439492     
 sqrt(s) =    94.723092888542624     
 sqrt_fs_cm =    94.723092888542624     
 phind channel           0
 bbb pw(0) qmod c1q   0.0000000000000000        0.0000000000000000        0.0000000000000000        0.0000000000000000     
 reduced to Born momenta
   47.361546444271305        0.0000000000000000        0.0000000000000000        47.361494950722026     
   47.361546444271319        0.0000000000000000        0.0000000000000000       -47.361494950722040     
   47.361546444271312        40.801661987099678        23.418442637484674        5.4686233575468037     
   47.361546444271312       -40.801661987099678       -23.418442637484674       -5.4686233575468037     
 isvec for ranlux 
    13828964    12538209    14722825      978898    10903123    16188213     3834576      755982    12350293    13898296    16631971     2580472     9212313    13500588    11285027    12295266    14794390     9041223     4836823     6203403     5099258      436050     2993088    13331992     4071707
  
 ====== DUMPING at point            1
 propag    0.0000000000000000        0.0000000000000000        0.0000000000000000        0.0000000000000000     
 test props.    0.0000000000000000        0.0000000000000000     
 Var           2.6884644989155553     
 Var before    2.4172482933330897     
 iev, nphot and rad. pattern    0.0000000000000000                0               0           0           0           0
 partons...            1          -1
 x1 & x2   0.99890402559981661       0.96949330513997767     
 sv & ME    1.0000000000000000        4818.0340787127279     
 plepton   =    46.744217976130386       -28.255207221318152        5.1431081471201088       -36.880922629130637     
 pneutrino =    46.744217976130386        28.255207221318152       -5.1431081471201088        36.880922629130637     
 pleptonlab   =    46.198320432271373       -28.255207221318152        5.1431081471201088       -36.186535486818187     
 pneutrinolab =    47.300552777868845        28.255207221318152       -5.1431081471201088        37.583544708660540     
 sqrt(s) =    93.488435952260772     
 sqrt_fs_cm =    93.488435952260772     
 phind channel           0
 bbb pw(0) qmod c1q   0.0000000000000000        0.0000000000000000        0.0000000000000000        0.0000000000000000     
 reduced to Born momenta
   46.744217976130386        0.0000000000000000        0.0000000000000000        46.744165802529743     
   46.744217976130386        0.0000000000000000        0.0000000000000000       -46.744165802529743     
   46.744217976130386       -28.255207221318152        5.1431081471201088       -36.880922629130637     
   46.744217976130386        28.255207221318152       -5.1431081471201088        36.880922629130637     
 isvec for ranlux 
    16145664      870805    14492627     7011085     9863684      407960     8205723     9664108     8899623    12633686     7677361      827336     8835237      774716    15580488    11768090     5697509    10786837     3590889     5984085    13914166     1669207     2642119    10329942    -4231606
  
 ====== DUMPING at point            1
 propag    0.0000000000000000        0.0000000000000000        0.0000000000000000        0.0000000000000000     
 test props.    0.0000000000000000        0.0000000000000000     
 Var           4.4392404120389539     
 Var before    2.2186104679222951     
 iev, nphot and rad. pattern    0.0000000000000000                0               0           0           0           0
 partons...            1          -1
 x1 & x2   0.94293737733831073       0.99906531683169442     
 sv & ME    1.0000000000000000        15221.484847779840     
 plepton   =    46.103296160707409       -4.3081083262407649        39.706107679290696        23.029719251445027     
 pneutrino =    46.103296160707394        4.3081083262407649       -39.706107679290696       -23.029719251445027     
 pleptonlab   =    45.456678758950282       -4.3081083262407649        39.706107679290696        21.706305436736137     
 pneutrinolab =    46.788449214124967        4.3081083262407649       -39.706107679290696       -24.372382562671866     
 sqrt(s) =    92.206592321414803     
 sqrt_fs_cm =    92.206592321414803     
 phind channel           0
 bbb pw(0) qmod c1q   0.0000000000000000        0.0000000000000000        0.0000000000000000        0.0000000000000000     
 reduced to Born momenta
   46.103296160707401        0.0000000000000000        0.0000000000000000        46.103243261795562     
   46.103296160707401        0.0000000000000000        0.0000000000000000       -46.103243261795562     
   46.103296160707409       -4.3081083262407649        39.706107679290696        23.029719251445027     
   46.103296160707394        4.3081083262407649       -39.706107679290696       -23.029719251445027     
 isvec for ranlux 
     9996655     5314963     4653955      412784     6974021     7680405    11535779     2804731     6868442    11334850     5798372     6373794     4365370     1770520    15945583     3388180    11771294    11057837     5103923    12470000    14455935    13482498      760501     6155176     4041909
  
 ====== DUMPING at point            1
 propag    0.0000000000000000        0.0000000000000000        0.0000000000000000        0.0000000000000000     
 test props.    0.0000000000000000        0.0000000000000000     
 Var           4.4471341037459764     
 Var before    3.8308849128615656     
 iev, nphot and rad. pattern    0.0000000000000000                0               0           0           0           0
 partons...            1          -1
 x1 & x2   0.99927140484203403       0.96535590745903854     
 sv & ME    1.0000000000000000        6421.8981088760711     
 plepton   =    46.652945507807509        22.456240166505165        35.179063960958274        20.847947075864234     
 pneutrino =    46.652945507807523       -22.456240166505165       -35.179063960958274       -20.847947075864234     
 pleptonlab   =    47.019851861132217        22.456240166505165        35.179063960958274        21.656547318683991     
 pneutrinolab =    46.299945473168727       -22.456240166505165       -35.179063960958274       -20.045561192991705     
 sqrt(s) =    93.305891015615032     
 sqrt_fs_cm =    93.305891015615032     
 phind channel           0
 bbb pw(0) qmod c1q   0.0000000000000000        0.0000000000000000        0.0000000000000000        0.0000000000000000     
 reduced to Born momenta
   46.652945507807516        0.0000000000000000        0.0000000000000000        46.652893232133607     
   46.652945507807516        0.0000000000000000        0.0000000000000000       -46.652893232133607     
   46.652945507807509        22.456240166505165        35.179063960958274        20.847947075864234     
   46.652945507807523       -22.456240166505165       -35.179063960958274       -20.847947075864234     
 isvec for ranlux 
     5296148     8646563    10452673     7166248      952571     3765111    10544008    12173936     2054572     9165979     5001339     7374366     6185974      750604     2177072     5243092     2039795     8760032     5864455     9125444     9026986    11573976    10700607    16005715     4021505
  
 ====== DUMPING at point            1
 propag    0.0000000000000000        0.0000000000000000        0.0000000000000000        0.0000000000000000     
 test props.    0.0000000000000000        0.0000000000000000     
 Var           4.5529481312078461     
 Var before    3.9007928346933038     
 iev, nphot and rad. pattern    0.0000000000000000                0               0           0           0           0
 partons...            1          -1
 x1 & x2   0.92671402251410384       0.99877343757108061     
 sv & ME    1.0000000000000000        24572.192834114136     
 plepton   =    45.698292043996048        35.094003839434386        17.908029457450784        23.152453596017082     
 pneutrino =    45.698292043996048       -35.094003839434386       -17.908029457450784       -23.152453596017082     
 pleptonlab   =    44.863262687734469        35.094003839434386        17.908029457450784        21.457272677720248     
 pneutrinolab =    46.597391666311786       -35.094003839434386       -17.908029457450784       -24.880094892926650     
 sqrt(s) =    91.396584087992096     
 sqrt_fs_cm =    91.396584087992096     
 phind channel           0
 bbb pw(0) qmod c1q   0.0000000000000000        0.0000000000000000        0.0000000000000000        0.0000000000000000     
 reduced to Born momenta
   45.698292043996048        0.0000000000000000        0.0000000000000000        45.698238676263578     
   45.698292043996048        0.0000000000000000        0.0000000000000000       -45.698238676263578     
   45.698292043996048        35.094003839434386        17.908029457450784        23.152453596017082     
   45.698292043996048       -35.094003839434386       -17.908029457450784       -23.152453596017082     
 isvec for ranlux 
     2357503    13313867    13475429      398041      676046      598883     1378089     4879090    14650659     9192766    12027607    13293528    15088918     5524941     3471822    13068680     3121771    14380553    13340567    15481040    11950101    16227926    15558269    13944932    -4050620
  
 ====== DUMPING at point            1
 propag    0.0000000000000000        0.0000000000000000        0.0000000000000000        0.0000000000000000     
 test props.    0.0000000000000000        0.0000000000000000     
 Var           3.9698997348429441     
 Var before    3.5746462898284945     
 iev, nphot and rad. pattern    0.0000000000000000                0               0           0           0           0
 partons...            1          -1
 x1 & x2   0.99908028471856181       0.92980736393843411     
 sv & ME    1.0000000000000000        15332.187529273398     
 plepton   =    45.781529185416765        2.8140051484751782       -45.568250608059614       -3.3989943231975186     
 pneutrino =    45.781529185416737       -2.8140051484751782        45.568250608059614        3.3989943231975186     
 pleptonlab   =    45.688933403219572        2.8140051484751782       -45.568250608059614       -1.7559565421145544     
 pneutrinolab =    45.933229907987752       -2.8140051484751782        45.568250608059614        5.0464202791706194     
 sqrt(s) =    91.563058370833502     
 sqrt_fs_cm =    91.563058370833502     
 phind channel           0
 bbb pw(0) qmod c1q   0.0000000000000000        0.0000000000000000        0.0000000000000000        0.0000000000000000     
 reduced to Born momenta
   45.781529185416758        0.0000000000000000        0.0000000000000000        45.781475914714314     
   45.781529185416744        0.0000000000000000        0.0000000000000000       -45.781475914714299     
   45.781529185416765        2.8140051484751782       -45.568250608059614       -3.3989943231975186     
   45.781529185416737       -2.8140051484751782        45.568250608059614        3.3989943231975186     
 isvec for ranlux 
    12675073     6236269     4537278     4433730     4224941    13787964    13876073    15802303    15288718      805940    14528922    13666908     8167124    16627472     6461287     3513350     4350067    10105469     7717376     3989656     7739191    12448084    16391049     2870502     4050721
  
 ====== DUMPING at point            1
 propag    0.0000000000000000        0.0000000000000000        0.0000000000000000        0.0000000000000000     
 test props.    0.0000000000000000        0.0000000000000000     
 Var           2.4910883073935506     
 Var before    1.8334531244689383     
 iev, nphot and rad. pattern    0.0000000000000000                0               0           0           0           0
 partons...            1          -1
 x1 & x2   0.93418877256615562       0.99957858508389730     
 sv & ME    1.0000000000000000        27686.876549694647     
 plepton   =    45.900709963554874        26.786694953992630        3.7055948046211169        37.089156798889739     
 pneutrino =    45.900709963554860       -26.786694953992630       -3.7055948046211169       -37.089156798889739     
 pleptonlab   =    44.672097444429212        26.786694953992630        3.7055948046211169        35.557371485794924     
 pneutrinolab =    47.181852043948311       -26.786694953992630       -3.7055948046211169       -38.663387580387649     
 sqrt(s) =    91.801419927109734     
 sqrt_fs_cm =    91.801419927109734     
 phind channel           0
 bbb pw(0) qmod c1q   0.0000000000000000        0.0000000000000000        0.0000000000000000        0.0000000000000000     
 reduced to Born momenta
   45.900709963554867        0.0000000000000000        0.0000000000000000        45.900656831169478     
   45.900709963554867        0.0000000000000000        0.0000000000000000       -45.900656831169478     
   45.900709963554874        26.786694953992630        3.7055948046211169        37.089156798889739     
   45.900709963554860       -26.786694953992630       -3.7055948046211169       -37.089156798889739     
 isvec for ranlux 
    10671788    15112082    16580349    15196529    12173453     4126535    14349879    14774021     1833402    14749546    12999650    11317858    16659325    10501234     7001243    11690730    15931723    11335180     5068908     1086744     3192185    13920432    14783369     9387395    -4011707
  
 ====== DUMPING at point            1
 propag    0.0000000000000000        0.0000000000000000        0.0000000000000000        0.0000000000000000     
 test props.    0.0000000000000000        0.0000000000000000     
 Var           3.9259504286344793     
 Var before    2.3686578358745378     
 iev, nphot and rad. pattern    0.0000000000000000                0               0           0           0           0
 partons...            1          -1
 x1 & x2   0.99978739623534918       0.92524020046553124     
 sv & ME    1.0000000000000000        24485.975136490837     
 plepton   =    45.685111101742571        14.100936694655330       -37.067994934089270        22.676982792839738     
 pneutrino =    45.685111101742557       -14.100936694655330        37.067994934089270       -22.676982792839738     
 pleptonlab   =    46.598236710007946        14.100936694655330       -37.067994934089270        24.464501562266086     
 pneutrinolab =    44.840574133283866       -14.100936694655330        37.067994934089270       -20.923509763199739     
 sqrt(s) =    91.370222203485127     
 sqrt_fs_cm =    91.370222203485127     
 phind channel           0
 bbb pw(0) qmod c1q   0.0000000000000000        0.0000000000000000        0.0000000000000000        0.0000000000000000     
 reduced to Born momenta
   45.685111101742564        0.0000000000000000        0.0000000000000000        45.685057718612569     
   45.685111101742564        0.0000000000000000        0.0000000000000000       -45.685057718612569     
   45.685111101742571        14.100936694655330       -37.067994934089270        22.676982792839738     
   45.685111101742557       -14.100936694655330        37.067994934089270       -22.676982792839738     
 isvec for ranlux 
     1467315    14552326     9549605    16451063     2447372     8870742    12068471    12007007     6978230    16284214     8468817    11598645    11614625     5336374     3803737    12939294     6082334     4537718    14679745    16308527    16057847    10631340     7612034     5753259    -4182212
  
 ====== DUMPING at point            1
 propag    0.0000000000000000        0.0000000000000000        0.0000000000000000        0.0000000000000000     
 test props.    0.0000000000000000        0.0000000000000000     
 Var           2.0543032125889154     
 Var before    1.7152024929538885     
 iev, nphot and rad. pattern    0.0000000000000000                0               0           0           0           0
 partons...            1          -1
 x1 & x2   0.99978585778449813       0.91956580953474676     
 sv & ME    1.0000000000000000        28242.120255639809     
 plepton   =    45.544769862649460       -2.3754394713270295       -35.463653462575238        28.478087515749213     
 pneutrino =    45.544769862649474        2.3754394713270295        35.463653462575238       -28.478087515749213     
 pleptonlab   =    46.775895788200970       -2.3754394713270295       -35.463653462575238        30.408219834472479     
 pneutrinolab =    44.393308409463160        2.3754394713270295        35.463653462575238       -26.597767542609287     
 sqrt(s) =    91.089539725298934     
 sqrt_fs_cm =    91.089539725298934     
 phind channel           0
 bbb pw(0) qmod c1q   0.0000000000000000        0.0000000000000000        0.0000000000000000        0.0000000000000000     
 reduced to Born momenta
   45.544769862649467        0.0000000000000000        0.0000000000000000        45.544716315024985     
   45.544769862649467        0.0000000000000000        0.0000000000000000       -45.544716315024985     
   45.544769862649460       -2.3754394713270295       -35.463653462575238        28.478087515749213     
   45.544769862649474        2.3754394713270295        35.463653462575238       -28.478087515749213     
 isvec for ranlux 
    15271230     7957754     9955531    10003279     9261764    15823156    13042273    15445403    15884458     1711711     4518062    11345096    11883442    13070112    11047903    15846144     6107250    14478483     7034540    10278908     2749023    11055559    13793454    13092949     4090519
  
 ====== DUMPING at point            1
 propag    0.0000000000000000        0.0000000000000000        0.0000000000000000        0.0000000000000000     
 test props.    0.0000000000000000        0.0000000000000000     
 Var           1.6695271444106985     
 Var before    1.4115412995810184     
 iev, nphot and rad. pattern    0.0000000000000000                0               0           0           0           0
 partons...            1          -1
 x1 & x2   0.99986682852594622       0.88855071208366276     
 sv & ME    1.0000000000000000        8653.2457457107721     
 plepton   =    44.771928291737552        29.720934353617320       -25.974620886958746        21.130535492404292     
 pneutrino =    44.771928291737552       -29.720934353617320        25.974620886958746       -21.130535492404292     
 pleptonlab   =    46.097663100043768        29.720934353617320       -25.974620886958746        23.811100573480534     
 pneutrinolab =    43.602170078912671       -29.720934353617320        25.974620886958746       -18.523585042472067     
 sqrt(s) =    89.543856583475105     
 sqrt_fs_cm =    89.543856583475105     
 phind channel           0
 bbb pw(0) qmod c1q   0.0000000000000000        0.0000000000000000        0.0000000000000000        0.0000000000000000     
 reduced to Born momenta
   44.771928291737552        0.0000000000000000        0.0000000000000000        44.771873819786563     
   44.771928291737552        0.0000000000000000        0.0000000000000000       -44.771873819786563     
   44.771928291737552        29.720934353617320       -25.974620886958746        21.130535492404292     
   44.771928291737552       -29.720934353617320        25.974620886958746       -21.130535492404292     
 isvec for ranlux 
     2710817     3145508     7701590    13696853     9353858    10637918    10379136    12151187     5857732     5508502     8744570     3150221    14195010     6608054    16412241     1935304     6155633    12505656     2819586    15067432     8668778     6039067    15722014    16521911     4141404
  
