 ====== DUMPING at point            1
 propag    0.0000000000000000        0.0000000000000000        0.0000000000000000        0.0000000000000000     
 test props.    0.0000000000000000        0.0000000000000000     
 Var           2.5038281533582656     
 Var before    0.0000000000000000     
 iev, nphot and rad. pattern    0.0000000000000000                1               0           0           0           1
 partons...            1          -1
 x1 & x2   0.90380935128032902       0.93941149488635622     
 sv & ME    1.0000000000000000        727.70079159031093     
 plepton   =    45.801960048693026        37.462889284002664       -17.766246551165498       -19.460236139069895     
 pneutrino =    40.685461171730289       -32.470190029553336        17.850554414831464        16.802977521640070     
 pleptonlab   =    46.186454362276194        37.462889284002664       -17.766246551165498       -20.348705434128039     
 pneutrinolab =    40.368439580138151       -32.470190029553336        17.850554414831464        16.020119131006279     
 sqrt(s) =    92.143849158721466     
 sqrt_fs_cm =    86.302252881009821     
 phind channel           0
 bbb pw(0) qmod c1q   0.0000000000000000        0.0000000000000000        0.0000000000000000        0.0000000000000000     
 reduced to Born momenta
   46.071924579360733        0.0000000000000000        0.0000000000000000        46.071871644428597     
   46.071924579360733        0.0000000000000000        0.0000000000000000       -46.071871644428597     
   46.071924579360733        37.254432892968410       -19.015148891256658       -19.316894502520054     
   46.071924579360733       -37.254432892968410        19.015148891256658        19.316894502520054     
 >> Photon n.           1
 cm momentum     5.6564279382981502       -4.9926992544493292       -8.4307863665966515E-002   2.6572586174298247     
 lab momentum    5.6061483659198901       -4.9926992544493292       -8.4307863665966515E-002   2.5484791228204040     
 c_ph_up    0.46977680020251689     
 c_ph_up lab   0.45458645695371896     
 c_ph_lep -0.91577408507567837     
 c_ph_lep lab  -0.91686442272699387     
 isvec for ranlux 
     9644655    14614328     8305202     1457455     6611641    14048799     7267313     8683348    14048746     9318201     4464668     5476536     8218591     7359978     7668616    13721940      957152    13197359    14184585     9294164    15939178     5902395     5267822    14659295     4201404
  
 ====== DUMPING at point            1
 propag    0.0000000000000000        0.0000000000000000        0.0000000000000000        0.0000000000000000     
 test props.    0.0000000000000000        0.0000000000000000     
 Var           1.7790313439335739     
 Var before    1.2916222975765024     
 iev, nphot and rad. pattern    0.0000000000000000                0               0           0           1           0
 partons...            1          -1
 x1 & x2   0.95105379874545559       0.79822331309371719     
 sv & ME   0.70951839111202475        1225.2273475151121     
 plepton   =    43.564702287659522        31.750207156670445        29.797534852295446        1.3796318188887022     
 pneutrino =    43.564702287659536       -31.750207156670445       -29.797534852295446       -1.3796318188887022     
 pleptonlab   =    43.852925868862435        31.750207156670445        29.797534852295446        5.2056897528788380     
 pneutrinolab =    43.610929723096206       -31.750207156670445       -29.797534852295446        2.4358345297080843     
 sqrt(s) =    87.129404575319057     
 sqrt_fs_cm =    87.129404575319057     
 phind channel           0
 bbb pw(0) qmod c1q   0.0000000000000000        0.0000000000000000        0.0000000000000000        0.0000000000000000     
 reduced to Born momenta
   43.564702287659529        0.0000000000000000        0.0000000000000000        43.564646306228717     
   43.564702287659529        0.0000000000000000        0.0000000000000000       -43.564646306228717     
   43.564702287659522        31.750207156670445        29.797534852295446        1.3796318188887022     
   43.564702287659536       -31.750207156670445       -29.797534852295446       -1.3796318188887022     
 isvec for ranlux 
     6252439      346129     5312835     8261683     9079631     4152189    11690151     3251140     4683020     2530188    16021290    11618951     3342516     5282467     2561248    15711547    15779543    10985280     8292142     1596633    16558285    12472361     3784938     8334133     4140519
  
 ====== DUMPING at point            1
 propag    0.0000000000000000        0.0000000000000000        0.0000000000000000        0.0000000000000000     
 test props.    0.0000000000000000        0.0000000000000000     
 Var           1.7430210973830660     
 Var before    1.3505120954645335     
 iev, nphot and rad. pattern    0.0000000000000000                0               0           0           1           0
 partons...            1          -1
 x1 & x2   0.91307529375294871       0.92546541767026680     
 sv & ME   0.68468280064386544        16887.974817075665     
 plepton   =    45.962474043981643       -43.825453449443529       -7.5548077482555058        11.610011472422171     
 pneutrino =    45.962474043981629        43.825453449443529        7.5548077482555058       -11.610011472422171     
 pleptonlab   =    45.885274890796730       -43.825453449443529       -7.5548077482555058        11.300522021131133     
 pneutrinolab =    46.041760680364035        43.825453449443529        7.5548077482555058       -11.920028216997036     
 sqrt(s) =    91.924948087963273     
 sqrt_fs_cm =    91.924948087963273     
 phind channel           0
 bbb pw(0) qmod c1q   0.0000000000000000        0.0000000000000000        0.0000000000000000        0.0000000000000000     
 reduced to Born momenta
   45.962474043981643        0.0000000000000000        0.0000000000000000        45.962420982995297     
   45.962474043981629        0.0000000000000000        0.0000000000000000       -45.962420982995283     
   45.962474043981643       -43.825453449443529       -7.5548077482555058        11.610011472422171     
   45.962474043981629        43.825453449443529        7.5548077482555058       -11.610011472422171     
 isvec for ranlux 
     8965487     2126720     7254733    12923904     5337694    14130607     1878020     8597149     6833174     1891112    11634831     6803766      471344     6208649      964748     8738368    12913065     1505022     4123979     3215547    11907780     4934906    11898556     4780317     4221101
  
 ====== DUMPING at point            1
 propag    0.0000000000000000        0.0000000000000000        0.0000000000000000        0.0000000000000000     
 test props.    0.0000000000000000        0.0000000000000000     
 Var           1.8523265529496535     
 Var before    1.6167376272170308     
 iev, nphot and rad. pattern    0.0000000000000000                0               0           0           0           1
 partons...            1          -1
 x1 & x2   0.81098324985384618       0.96401509155689202     
 sv & ME   0.70597980431780172        2356.5974005585226     
 plepton   =    44.209730033640817       -10.272215127795926        42.949061419893667        2.0853741809126674     
 pneutrino =    44.209730033640831        10.272215127795926       -42.949061419893667       -2.0853741809126674     
 pleptonlab   =    44.194495630777624       -10.272215127795926        42.949061419893667       -1.7326280286999416     
 pneutrinolab =    44.555421439759293        10.272215127795926       -42.949061419893667       -5.9189640564523458     
 sqrt(s) =    88.419460067281648     
 sqrt_fs_cm =    88.419460067281648     
 phind channel           0
 bbb pw(0) qmod c1q   0.0000000000000000        0.0000000000000000        0.0000000000000000        0.0000000000000000     
 reduced to Born momenta
   44.209730033640824        0.0000000000000000        0.0000000000000000        44.209674868989971     
   44.209730033640824        0.0000000000000000        0.0000000000000000       -44.209674868989971     
   44.209730033640817       -10.272215127795926        42.949061419893667        2.0853741809126674     
   44.209730033640831        10.272215127795926       -42.949061419893667       -2.0853741809126674     
 isvec for ranlux 
    15326067    13686972    12635121    13902960    13679249    15597591     9630857    11203193     9414693    13903049     1041894    12159642    14667289     9413416    16351989    16702048    13674632     3503371    11931980     1731313     7232330     5707229     4337415    14161190     4071606
  
 ====== DUMPING at point            1
 propag    0.0000000000000000        0.0000000000000000        0.0000000000000000        0.0000000000000000     
 test props.    0.0000000000000000        0.0000000000000000     
 Var           2.3640059108352749     
 Var before    1.6014337382690276     
 iev, nphot and rad. pattern    0.0000000000000000                0               0           1           0           0
 partons...            1          -1
 x1 & x2   0.89213040289521284       0.97982526584008156     
 sv & ME   0.67745350910068536        7593.4502553677576     
 plepton   =    46.747510874399005        28.025812316992230       -24.317439379170729        28.434742750263606     
 pneutrino =    46.747510874398991       -28.025812316992230        24.317439379170729       -28.434742750263606     
 pleptonlab   =    45.465355011445872        28.025812316992230       -24.317439379170729        26.273624200677411     
 pneutrinolab =    48.132428425318849       -28.025812316992230        24.317439379170729       -30.658367347920844     
 sqrt(s) =    93.495021748797996     
 sqrt_fs_cm =    93.495021748797996     
 phind channel           0
 bbb pw(0) qmod c1q   0.0000000000000000        0.0000000000000000        0.0000000000000000        0.0000000000000000     
 reduced to Born momenta
   46.747510874399005        0.0000000000000000        0.0000000000000000        46.747458704473480     
   46.747510874398991        0.0000000000000000        0.0000000000000000       -46.747458704473466     
   46.747510874399005        28.025812316992230       -24.317439379170729        28.434742750263606     
   46.747510874398991       -28.025812316992230        24.317439379170729       -28.434742750263606     
 isvec for ranlux 
     4925990     5576093    15184408    11784099    11845403    13164298      418628     8394559    12727338     1012832     9828754     3599171     1962348     6110377     1170785     8157080     6470367    12307127     8788506     3545955     7555912     3534851     9276842     7912478     4132414
  
 ====== DUMPING at point            1
 propag    0.0000000000000000        0.0000000000000000        0.0000000000000000        0.0000000000000000     
 test props.    0.0000000000000000        0.0000000000000000     
 Var           10.525323860315464     
 Var before    1.5211075919642789     
 iev, nphot and rad. pattern    0.0000000000000000                0               0           0           0           1
 partons...            1          -1
 x1 & x2   0.99823545468526054       0.84555684033023093     
 sv & ME   0.67655303813079626        28797.671673084493     
 plepton   =    45.936500110731146       -4.7578021147646918        27.457309168845587        36.518630464119312     
 pneutrino =    45.936500110731117        4.7578021147646918       -27.457309168845587       -36.518630464119312     
 pleptonlab   =    49.129221122606268       -4.7578021147646918        27.457309168845587        40.461447041172939     
 pneutrinolab =    43.060393628168327        4.7578021147646918       -27.457309168845587       -32.827516323421463     
 sqrt(s) =    91.873000221462263     
 sqrt_fs_cm =    91.873000221462263     
 phind channel           0
 bbb pw(0) qmod c1q   0.0000000000000000        0.0000000000000000        0.0000000000000000        0.0000000000000000     
 reduced to Born momenta
   45.936500110731139        0.0000000000000000        0.0000000000000000        45.936447019742417     
   45.936500110731124        0.0000000000000000        0.0000000000000000       -45.936447019742403     
   45.936500110731146       -4.7578021147646918        27.457309168845587        36.518630464119312     
   45.936500110731117        4.7578021147646918       -27.457309168845587       -36.518630464119312     
 isvec for ranlux 
      128384    11388086    10466586    16512364     6221064    10759867     4294357     4958074     2428245      140484    15658108     6187047     6125357     5290921     3091457    10559473     4129276    15535479    13747368    10865395     4704666    11572707     3324263     2372157     4192111
  
 ====== DUMPING at point            1
 propag    0.0000000000000000        0.0000000000000000        0.0000000000000000        0.0000000000000000     
 test props.    0.0000000000000000        0.0000000000000000     
 Var           5.7926111616121023     
 Var before    3.4875420188853123     
 iev, nphot and rad. pattern    0.0000000000000000                1               1           0           0           0
 partons...            1          -1
 x1 & x2   0.99986700389632932       0.87217077483192107     
 sv & ME    1.0000000000000000        150.81756706741069     
 plepton   =    44.663321163991405       -37.722824530621374        10.890500200358447       -21.288180019069671     
 pneutrino =    45.270356317374166        39.819730145262149       -8.6389986484883394        19.726905254511323     
 pleptonlab   =    43.312084495666397       -37.722824530621374        10.890500200358447       -18.284173880332155     
 pneutrinolab =    46.724806756013919        39.819730145262149       -8.6389986484883394        22.868169935639607     
 sqrt(s) =    93.383873314246983     
 sqrt_fs_cm =    89.867471835125357     
 phind channel           0
 bbb pw(0) qmod c1q   0.0000000000000000        0.0000000000000000        0.0000000000000000        0.0000000000000000     
 reduced to Born momenta
   44.933735917562679        0.0000000000000000        0.0000000000000000        44.933681641766931     
   44.933735917562679        0.0000000000000000        0.0000000000000000       -44.933681641766931     
   44.933735917562679       -38.767737606893753        9.7685501247945474       -20.510178183531391     
   44.933735917562679        38.767737606893753       -9.7685501247945474        20.510178183531391     
 >> Photon n.           1
 cm momentum     3.4501958328814100       -2.0969056146407770       -2.2515015518701076        1.5612747645583493     
 lab momentum    3.5649976847321954       -2.0969056146407770       -2.2515015518701076        1.8008153979129560     
 c_ph_up    0.45251772368366122     
 c_ph_up lab   0.50513788708062912     
 c_ph_lep  0.13851377769083348     
 c_ph_lep lab   0.14024493435136653     
 isvec for ranlux 
     6248706     2443650     5424569     7840856     8854079     5077390    15263352    16554528     1529883     2696089     2519233     5653265    15789071      882553     5947087     9218297     5428618    10255587     4747224    14768239    10404210    13291405    15495887    10569314     4080721
  
 ====== DUMPING at point            1
 propag    0.0000000000000000        0.0000000000000000        0.0000000000000000        0.0000000000000000     
 test props.    0.0000000000000000        0.0000000000000000     
 Var           2.5848084960748916     
 Var before    2.1030291630898392     
 iev, nphot and rad. pattern    0.0000000000000000                0               0           1           0           0
 partons...            1          -1
 x1 & x2   0.83524237436068016       0.99923725395587959     
 sv & ME   0.76371380821415147        20421.503674224165     
 plepton   =    45.678367323705729        9.1746802025301353       -32.232644750617659       -31.038426719627726     
 pneutrino =    45.678367323705729       -9.1746802025301353        32.232644750617659        31.038426719627726     
 pleptonlab   =    48.647851581967238        9.1746802025301353       -32.232644750617659       -35.263070703094279     
 pneutrinolab =    43.076129833860740       -9.1746802025301353        32.232644750617659        27.063326723334306     
 sqrt(s) =    91.356734647411457     
 sqrt_fs_cm =    91.356734647411457     
 phind channel           0
 bbb pw(0) qmod c1q   0.0000000000000000        0.0000000000000000        0.0000000000000000        0.0000000000000000     
 reduced to Born momenta
   45.678367323705729        0.0000000000000000        0.0000000000000000        45.678313932694444     
   45.678367323705729        0.0000000000000000        0.0000000000000000       -45.678313932694444     
   45.678367323705729        9.1746802025301353       -32.232644750617659       -31.038426719627726     
   45.678367323705729       -9.1746802025301353        32.232644750617659        31.038426719627726     
 isvec for ranlux 
    14902313     9928972     4799160     2701921    12896674      994906     4989402     1593852     3619565    10431950     8726416    10407135     5333250    10378542     9914156    14939389     3289939    14228418    14454888     1597759     1973254     3860146     2875092     2125098     4191303
  
 ====== DUMPING at point            1
 propag    0.0000000000000000        0.0000000000000000        0.0000000000000000        0.0000000000000000     
 test props.    0.0000000000000000        0.0000000000000000     
 Var           1.2946662367918997     
 Var before    1.1002581339470996     
 iev, nphot and rad. pattern    0.0000000000000000                1               0           0           1           0
 partons...            1          -1
 x1 & x2   0.99952502794901099       0.83203034969880474     
 sv & ME    1.0000000000000000        2329101.7919858377     
 plepton   =    45.416946326030533        9.6334624453467814        40.363629596207304        18.457021889360732     
 pneutrino =    45.592924503853666       -9.6256570737527642       -40.540860505404460       -18.506457156962313     
 pleptonlab   =    47.303043162241572        9.6334624453467814        40.363629596207304        22.705517740225439     
 pneutrinolab =    44.085249144714503       -9.6256570737527642       -40.540860505404460       -14.397339470886017     
 sqrt(s) =    91.194032619307009     
 sqrt_fs_cm =    91.009684500648191     
 phind channel           0
 bbb pw(0) qmod c1q   0.0000000000000000        0.0000000000000000        0.0000000000000000        0.0000000000000000     
 reduced to Born momenta
   45.597016309653505        0.0000000000000000        0.0000000000000000        45.596962823385589     
   45.597016309653505        0.0000000000000000        0.0000000000000000       -45.596962823385589     
   45.597016309653505        9.6490691654428709        40.534099223759320        18.519152167695847     
   45.597016309653505       -9.6490691654428709       -40.534099223759320       -18.519152167695847     
 >> Photon n.           1
 cm momentum    0.18416178942281280       -7.8053715940170857E-003  0.17723090919715925        4.9435267601582233E-002
 lab momentum   0.18947657543470270       -7.8053715940170857E-003  0.17723090919715925        6.6555643170885068E-002
 c_ph_up    0.26843390128060135     
 c_ph_up lab   0.35126053454465894     
 c_ph_lep  0.95538932348717853     
 c_ph_lep lab   0.95836947512369020     
 isvec for ranlux 
    16299211     3254293    16131975     5266621    16545363    14473301     5355798     5599353    11050532    14547556    11682091     8225026    12673044    12120042     6959192    14507471     7976243    13182463     2472364    15582834    14772810    14376851    13178594     7905684     4032111
  
 ====== DUMPING at point            1
 propag    0.0000000000000000        0.0000000000000000        0.0000000000000000        0.0000000000000000     
 test props.    0.0000000000000000        0.0000000000000000     
 Var           1.9818669364505968     
 Var before    1.2584819718687310     
 iev, nphot and rad. pattern    0.0000000000000000                1               0           0           0           1
 partons...            1          -1
 x1 & x2   0.99986462033559331       0.82612619895138850     
 sv & ME    1.0000000000000000        187054349863.16986     
 plepton   =    45.442665867237402      -0.68134763135932241       -31.251494041909258        32.983398899805124     
 pneutrino =    45.397090633732958       0.68071079842560145        31.220241801112316       -32.950232305780219     
 pleptonlab   =    48.802360253876891      -0.68134763135932241       -31.251494041909258        37.477180900001883     
 pneutrinolab =    42.454567546882885       0.68071079842560145        31.220241801112316       -28.761298242436123     
 sqrt(s) =    90.885332054397921     
 sqrt_fs_cm =    90.839745068029103     
 phind channel           0
 bbb pw(0) qmod c1q   0.0000000000000000        0.0000000000000000        0.0000000000000000        0.0000000000000000     
 reduced to Born momenta
   45.442666027198953        0.0000000000000000        0.0000000000000000        45.442612359259698     
   45.442666027198968        0.0000000000000000        0.0000000000000000       -45.442612359259712     
   45.442666027198960      -0.68137090429156222       -31.251539481653907        32.983355585590239     
   45.442666027198960       0.68137090429156222        31.251539481653907       -32.983355585590239     
 >> Photon n.           1
 cm momentum     4.5575553427560173E-002   6.3683293372096246E-004   3.1252240796940944E-002  -3.3166594024906147E-002
 lab momentum    4.2613163589317625E-002   6.3683293372096246E-004   3.1252240796940944E-002  -2.8961588355518302E-002
 c_ph_up   -0.72772772968347210     
 c_ph_up lab  -0.67963948029379506     
 c_ph_lep -0.99999569043699199     
 c_ph_lep lab  -0.99177431684549899     
 isvec for ranlux 
    14376841     9367055    11411008     3416353     1394422    12230973     5252183    16075032     6397709     9393473    12531793     9363946    15390017     9736584    16117207    13485524     9250666     8140315     3126542     1982896     8250996    15449780     6880094     7144020    -4021707
  
 ====== DUMPING at point            1
 propag    0.0000000000000000        0.0000000000000000        0.0000000000000000        0.0000000000000000     
 test props.    0.0000000000000000        0.0000000000000000     
 Var          0.67619206774410068     
 Var before   0.56778888889436385     
 iev, nphot and rad. pattern    0.0000000000000000                1               0           0           1           0
 partons...            1          -1
 x1 & x2   0.76673313714818914       0.99988389159802493     
 sv & ME    1.0000000000000000        955031.99349634047     
 plepton   =    41.889230797628620        41.833013476822551       -2.1453094670472441      -0.30516202927421737     
 pneutrino =    43.779038296759218       -43.721151355351751        2.2278660572980784       0.30094433173946311     
 pleptonlab   =    42.299501334967900        41.833013476822551       -2.1453094670472441       -5.8850046927817719     
 pneutrinolab =    44.125287715778022       -43.721151355351751        2.2278660572980784       -5.5251596630221060     
 sqrt(s) =    87.558215661860871     
 sqrt_fs_cm =    85.647419293289531     
 phind channel           0
 bbb pw(0) qmod c1q   0.0000000000000000        0.0000000000000000        0.0000000000000000        0.0000000000000000     
 reduced to Born momenta
   43.779107830930435        0.0000000000000000        0.0000000000000000        43.779052123665657     
   43.779107830930435        0.0000000000000000        0.0000000000000000       -43.779052123665657     
   43.779107830930435        43.720799592778043       -2.2349053857239687      -0.30983812833116836     
   43.779107830930435       -43.720799592778043        2.2349053857239687       0.30983812833116836     
 >> Photon n.           1
 cm momentum     1.8899465674730291        1.8881378785291996       -8.2556590250834436E-002   4.2176975347542568E-003
 lab momentum    1.9060623865648005        1.8881378785291996       -8.2556590250834436E-002 -0.24737336668791240     
 c_ph_up     2.2316490885737417E-003
 c_ph_up lab  -0.12978240818955611     
 c_ph_lep  0.99992627784081412     
 c_ph_lep lab   0.99992760624791821     
 isvec for ranlux 
    16575667    16622680     6248223    14956727    13110558     1205945    11242040     6890570    14658205      621134     7421034    11519576    13204167     8090949    16466493    11015029     5120304      201156    13109540    13654731     2695017     9785481     4861148      143676    -4200721
  
 ====== DUMPING at point            1
 propag    0.0000000000000000        0.0000000000000000        0.0000000000000000        0.0000000000000000     
 test props.    0.0000000000000000        0.0000000000000000     
 Var          0.79566769636311940     
 Var before   0.67133637719247197     
 iev, nphot and rad. pattern    0.0000000000000000                0               0           1           0           0
 partons...            1          -1
 x1 & x2   0.87073962597039389       0.99983677226072942     
 sv & ME   0.68163801773520327        10293.978142599693     
 plepton   =    46.652907120289782        18.460920849693938       -22.806518625629192        36.270369292896390     
 pneutrino =    46.652907120289754       -18.460920849693938        22.806518625629192       -36.270369292896390     
 pleptonlab   =    44.255240935219291        18.460920849693938       -22.806518625629192        33.129628674390624     
 pneutrinolab =    49.273578976336886       -18.460920849693938        22.806518625629192       -39.584485988907403     
 sqrt(s) =    93.305814240579537     
 sqrt_fs_cm =    93.305814240579537     
 phind channel           0
 bbb pw(0) qmod c1q   0.0000000000000000        0.0000000000000000        0.0000000000000000        0.0000000000000000     
 reduced to Born momenta
   46.652907120289768        0.0000000000000000        0.0000000000000000        46.652854844572843     
   46.652907120289768        0.0000000000000000        0.0000000000000000       -46.652854844572843     
   46.652907120289782        18.460920849693938       -22.806518625629192        36.270369292896390     
   46.652907120289754       -18.460920849693938        22.806518625629192       -36.270369292896390     
 isvec for ranlux 
    13452352     7685781    12040999      377492     2027616    10867852     4039603    13333254    16608482     8283248     4576519     7678115     1422877    16276106    10765401     9788787     9530970    13032368     3894472      306732    14245216    14571762    11462555    11912083     4051404
  
 ====== DUMPING at point            1
 propag    0.0000000000000000        0.0000000000000000        0.0000000000000000        0.0000000000000000     
 test props.    0.0000000000000000        0.0000000000000000     
 Var          0.78081326879338042     
 Var before   0.68706824649284481     
 iev, nphot and rad. pattern    0.0000000000000000                1               0           0           1           0
 partons...            1          -1
 x1 & x2   0.83078007368148066       0.99987619049462273     
 sv & ME    1.0000000000000000        1167021.9963533857     
 plepton   =    45.225658269892662       -26.327589369306068       -2.5807069056319563       -36.681698326577894     
 pneutrino =    45.564793714191836        26.598944307629477        2.5957868418407206        36.903892950700190     
 pleptonlab   =    48.822639532780798       -26.327589369306068       -2.5807069056319563       -41.034582453399075     
 pneutrinolab =    42.337011179031705        26.598944307629477        2.5957868418407206        32.835490011165341     
 sqrt(s) =    91.141495226459867     
 sqrt_fs_cm =    90.789773323410913     
 phind channel           0
 bbb pw(0) qmod c1q   0.0000000000000000        0.0000000000000000        0.0000000000000000        0.0000000000000000     
 reduced to Born momenta
   45.570747613229933        0.0000000000000000        0.0000000000000000        45.570694096130481     
   45.570747613229933        0.0000000000000000        0.0000000000000000       -45.570694096130481     
   45.570747613229933       -26.565532380047760       -2.5982597256405566       -36.935124341201053     
   45.570747613229933        26.565532380047760        2.5982597256405566        36.935124341201053     
 >> Photon n.           1
 cm momentum    0.35104324237536533      -0.27135493832340873       -1.5079936208764343E-002 -0.22219462412229543     
 lab momentum   0.37316249699264958      -0.27135493832340873       -1.5079936208764343E-002 -0.25571339842336754     
 c_ph_up   -0.63295513857152108     
 c_ph_up lab  -0.68526017615431623     
 c_ph_lep  0.96582263240672039     
 c_ph_lep lab   0.97021721952408568     
 isvec for ranlux 
    16281071     6216508     5788901     5598226     2151985    11312847     4878172    15215368      933416    10490822     4859569     3569103     7793955     9042226    15803846    11186175     1469788    15694173    11573162    10117844     1302401    12204826     4381916     1083041    -4200822
  
 ====== DUMPING at point            1
 propag    0.0000000000000000        0.0000000000000000        0.0000000000000000        0.0000000000000000     
 test props.    0.0000000000000000        0.0000000000000000     
 Var          0.57990213247180300     
 Var before   0.50954554736679802     
 iev, nphot and rad. pattern    0.0000000000000000                0               0           0           1           0
 partons...            1          -1
 x1 & x2   0.85821376279219241       0.99987990231719159     
 sv & ME   0.68701015110719099        10125.674783216655     
 plepton   =    46.317132178814973        31.486394978104745        32.317558893255402        10.461734466239253     
 pneutrino =    46.317132178814958       -31.486394978104745       -32.317558893255402       -10.461734466239253     
 pleptonlab   =    45.652381944972966        31.486394978104745        32.317558893255402        6.9506209810329080     
 pneutrinolab =    47.252301310496229       -31.486394978104745       -32.317558893255402       -14.033927957282867     
 sqrt(s) =    92.634264357629931     
 sqrt_fs_cm =    92.634264357629931     
 phind channel           0
 bbb pw(0) qmod c1q   0.0000000000000000        0.0000000000000000        0.0000000000000000        0.0000000000000000     
 reduced to Born momenta
   46.317132178814965        0.0000000000000000        0.0000000000000000        46.317079524126051     
   46.317132178814965        0.0000000000000000        0.0000000000000000       -46.317079524126051     
   46.317132178814973        31.486394978104745        32.317558893255402        10.461734466239253     
   46.317132178814958       -31.486394978104745       -32.317558893255402       -10.461734466239253     
 isvec for ranlux 
      589876    16710617     5688859    14464672     6555815    10676443     8690630    14425228     3486349    14953393     3964495     2454096     6889208    10385107     6558022     6916769    16140560    10878330     7171221     6209201     3307280     2406960     2255942    12891023    -4131909
  
