 ====== DUMPING at point            1
 propag    0.0000000000000000        0.0000000000000000        0.0000000000000000        0.0000000000000000     
 test props.    0.0000000000000000        0.0000000000000000     
 Var           2.3595030509061821     
 Var before    0.0000000000000000     
 iev, nphot and rad. pattern    0.0000000000000000                1               0           0           0           1
 partons...            1          -1
 x1 & x2   0.89607575172917908       0.93443882184493565     
 sv & ME    1.0000000000000000        750.06660125560541     
 plepton   =    45.483909002833087        37.203954383848199       -17.639522311119102       -19.325833625657822     
 pneutrino =    40.404468170761724       -32.245934051538953        17.727269225100407        16.686927441420661     
 pleptonlab   =    45.899011752178765        37.203954383848199       -17.639522311119102       -20.283519097416256     
 pneutrinolab =    40.063550620015263       -32.245934051538953        17.727269225100407        15.843629241927674     
 sqrt(s) =    91.505626588184683     
 sqrt_fs_cm =    85.704491378970175     
 phind channel           0
 bbb pw(0) qmod c1q   0.0000000000000000        0.0000000000000000        0.0000000000000000        0.0000000000000000     
 reduced to Born momenta
   45.752813294092341        0.0000000000000000        0.0000000000000000        45.752759989955500     
   45.752813294092341        0.0000000000000000        0.0000000000000000       -45.752759989955500     
   45.752813294092341        36.997057695328465       -18.881736871257356       -19.183495386548874     
   45.752813294092341       -36.997057695328465        18.881736871257356        19.183495386548874     
 >> Photon n.           1
 cm momentum     5.6172494145898746       -4.9580203323092489       -8.7746913981305893E-002   2.6389061842371593     
 lab momentum    5.5631663065117172       -4.9580203323092489       -8.7746913981305893E-002   2.5217363497007499     
 c_ph_up    0.46978618705856956     
 c_ph_up lab   0.45329156289091044     
 c_ph_lep -0.91551824843300222     
 c_ph_lep lab  -0.91664815626971718     
 isvec for ranlux 
     9644655    14614328     8305202     1457455     6611641    14048799     7267313     8683348    14048746     9318201     4464668     5476536     8218591     7359978     7668616    13721940      957152    13197359    14184585     9294164    15939178     5902395     5267822    14659295     4201404
  
 ====== DUMPING at point            1
 propag    0.0000000000000000        0.0000000000000000        0.0000000000000000        0.0000000000000000     
 test props.    0.0000000000000000        0.0000000000000000     
 Var           1.8481895364425693     
 Var before    1.2401199623983301     
 iev, nphot and rad. pattern    0.0000000000000000                0               0           0           1           0
 partons...            1          -1
 x1 & x2   0.94854904178173205       0.78881141685999512     
 sv & ME   0.69723925432506417        1362.1409193090039     
 plepton   =    43.250037965562491        31.520876623744993        29.582308396801093        1.3696667909849336     
 pneutrino =    43.250037965562491       -31.520876623744993       -29.582308396801093       -1.3696667909849336     
 pleptonlab   =    43.560478014061189        31.520876623744993        29.582308396801093        5.3689335914349590     
 pneutrinolab =    43.307544918025165       -31.520876623744993       -29.582308396801093        2.6179476546518874     
 sqrt(s) =    86.500075931124982     
 sqrt_fs_cm =    86.500075931124982     
 phind channel           0
 bbb pw(0) qmod c1q   0.0000000000000000        0.0000000000000000        0.0000000000000000        0.0000000000000000     
 reduced to Born momenta
   43.250037965562491        0.0000000000000000        0.0000000000000000        43.249981576839971     
   43.250037965562491        0.0000000000000000        0.0000000000000000       -43.249981576839971     
   43.250037965562491        31.520876623744993        29.582308396801093        1.3696667909849336     
   43.250037965562491       -31.520876623744993       -29.582308396801093       -1.3696667909849336     
 isvec for ranlux 
     6252439      346129     5312835     8261683     9079631     4152189    11690151     3251140     4683020     2530188    16021290    11618951     3342516     5282467     2561248    15711547    15779543    10985280     8292142     1596633    16558285    12472361     3784938     8334133     4140519
  
 ====== DUMPING at point            1
 propag    0.0000000000000000        0.0000000000000000        0.0000000000000000        0.0000000000000000     
 test props.    0.0000000000000000        0.0000000000000000     
 Var           1.8249476384165202     
 Var before    1.4025314214847877     
 iev, nphot and rad. pattern    0.0000000000000000                0               0           0           1           0
 partons...            1          -1
 x1 & x2   0.90620666469516098       0.91953326489812492     
 sv & ME   0.67253620692805416        19153.540178788855     
 plepton   =    45.642282290097569       -43.520147359820754       -7.5021778578624136        11.529131369100254     
 pneutrino =    45.642282290097555        43.520147359820754        7.5021778578624136       -11.529131369100254     
 pleptonlab   =    45.559341556196721       -43.520147359820754       -7.5021778578624136        11.196273510021593     
 pneutrinolab =    45.727654923467547        43.520147359820754        7.5021778578624136       -11.862603520169793     
 sqrt(s) =    91.284564580195124     
 sqrt_fs_cm =    91.284564580195124     
 phind channel           0
 bbb pw(0) qmod c1q   0.0000000000000000        0.0000000000000000        0.0000000000000000        0.0000000000000000     
 reduced to Born momenta
   45.642282290097562        0.0000000000000000        0.0000000000000000        45.642228856875008     
   45.642282290097562        0.0000000000000000        0.0000000000000000       -45.642228856875008     
   45.642282290097569       -43.520147359820754       -7.5021778578624136        11.529131369100254     
   45.642282290097555        43.520147359820754        7.5021778578624136       -11.529131369100254     
 isvec for ranlux 
     8965487     2126720     7254733    12923904     5337694    14130607     1878020     8597149     6833174     1891112    11634831     6803766      471344     6208649      964748     8738368    12913065     1505022     4123979     3215547    11907780     4934906    11898556     4780317     4221101
  
 ====== DUMPING at point            1
 propag    0.0000000000000000        0.0000000000000000        0.0000000000000000        0.0000000000000000     
 test props.    0.0000000000000000        0.0000000000000000     
 Var           1.9520853191708627     
 Var before    1.6933011557658342     
 iev, nphot and rad. pattern    0.0000000000000000                0               0           0           0           1
 partons...            1          -1
 x1 & x2   0.80107606821655652       0.96194924950536020     
 sv & ME   0.69366287233367740        2627.7823490159271     
 plepton   =    43.891756703782697       -10.198332994365945        42.640153531279587        2.0703752842220484     
 pneutrino =    43.891756703782697        10.198332994365945       -42.640153531279587       -2.0703752842220484     
 pleptonlab   =    43.885923141340548       -10.198332994365945        42.640153531279587       -1.9427808010977605     
 pneutrinolab =    44.265342744755294        10.198332994365945       -42.640153531279587       -6.1008782633424241     
 sqrt(s) =    87.783513407565394     
 sqrt_fs_cm =    87.783513407565394     
 phind channel           0
 bbb pw(0) qmod c1q   0.0000000000000000        0.0000000000000000        0.0000000000000000        0.0000000000000000     
 reduced to Born momenta
   43.891756703782697        0.0000000000000000        0.0000000000000000        43.891701139491659     
   43.891756703782697        0.0000000000000000        0.0000000000000000       -43.891701139491659     
   43.891756703782697       -10.198332994365945        42.640153531279587        2.0703752842220484     
   43.891756703782697        10.198332994365945       -42.640153531279587       -2.0703752842220484     
 isvec for ranlux 
    15326067    13686972    12635121    13902960    13679249    15597591     9630857    11203193     9414693    13903049     1041894    12159642    14667289     9413416    16351989    16702048    13674632     3503371    11931980     1731313     7232330     5707229     4337415    14161190     4071606
  
 ====== DUMPING at point            1
 propag    0.0000000000000000        0.0000000000000000        0.0000000000000000        0.0000000000000000     
 test props.    0.0000000000000000        0.0000000000000000     
 Var           2.5352391067150246     
 Var before    1.6872896159735680     
 iev, nphot and rad. pattern    0.0000000000000000                0               0           1           0           0
 partons...            1          -1
 x1 & x2   0.88228912468705145       0.97789431474984834     
 sv & ME   0.66646859839760408        8610.3268905179939     
 plepton   =    46.443124329578858        27.843327223366146       -24.159100696542637        28.249594978833283     
 pneutrino =    46.443124329578858       -27.843327223366146        24.159100696542637       -28.249594978833283     
 pleptonlab   =    45.050760507912898        27.843327223366146       -24.159100696542637        25.896850026918848     
 pneutrinolab =    47.958411463932109       -27.843327223366146        24.159100696542637       -30.677109530058694     
 sqrt(s) =    92.886248659157715     
 sqrt_fs_cm =    92.886248659157715     
 phind channel           0
 bbb pw(0) qmod c1q   0.0000000000000000        0.0000000000000000        0.0000000000000000        0.0000000000000000     
 reduced to Born momenta
   46.443124329578858        0.0000000000000000        0.0000000000000000        46.443071817733156     
   46.443124329578858        0.0000000000000000        0.0000000000000000       -46.443071817733156     
   46.443124329578858        27.843327223366146       -24.159100696542637        28.249594978833283     
   46.443124329578858       -27.843327223366146        24.159100696542637       -28.249594978833283     
 isvec for ranlux 
     4925990     5576093    15184408    11784099    11845403    13164298      418628     8394559    12727338     1012832     9828754     3599171     1962348     6110377     1170785     8157080     6470367    12307127     8788506     3545955     7555912     3534851     9276842     7912478     4132414
  
 ====== DUMPING at point            1
 propag    0.0000000000000000        0.0000000000000000        0.0000000000000000        0.0000000000000000     
 test props.    0.0000000000000000        0.0000000000000000     
 Var           11.443566917284796     
 Var before    1.6698939811422864     
 iev, nphot and rad. pattern    0.0000000000000000                0               0           0           0           1
 partons...            1          -1
 x1 & x2   0.99809796583017119       0.83391747784630188     
 sv & ME   0.66578852566013080        33685.032733670727     
 plepton   =    45.616097441271236       -4.7246167265039150        27.265796061871953        36.263915177213448     
 pneutrino =    45.616097441271222        4.7246167265039150       -27.265796061871953       -36.263915177213448     
 pleptonlab   =    49.063393902732258       -4.7246167265039150        27.265796061871953        40.514933289630932     
 pneutrinolab =    42.537378281091385        4.7246167265039150       -27.265796061871953       -32.305908890437465     
 sqrt(s) =    91.232194882542458     
 sqrt_fs_cm =    91.232194882542458     
 phind channel           0
 bbb pw(0) qmod c1q   0.0000000000000000        0.0000000000000000        0.0000000000000000        0.0000000000000000     
 reduced to Born momenta
   45.616097441271229        0.0000000000000000        0.0000000000000000        45.616043977376556     
   45.616097441271229        0.0000000000000000        0.0000000000000000       -45.616043977376556     
   45.616097441271236       -4.7246167265039150        27.265796061871953        36.263915177213448     
   45.616097441271222        4.7246167265039150       -27.265796061871953       -36.263915177213448     
 isvec for ranlux 
      128384    11388086    10466586    16512364     6221064    10759867     4294357     4958074     2428245      140484    15658108     6187047     6125357     5290921     3091457    10559473     4129276    15535479    13747368    10865395     4704666    11572707     3324263     2372157     4192111
  
 ====== DUMPING at point            1
 propag    0.0000000000000000        0.0000000000000000        0.0000000000000000        0.0000000000000000     
 test props.    0.0000000000000000        0.0000000000000000     
 Var           5.9506729056577985     
 Var before    3.6895597369471322     
 iev, nphot and rad. pattern    0.0000000000000000                1               1           0           0           0
 partons...            1          -1
 x1 & x2   0.99986382813302777       0.86077313708916581     
 sv & ME    1.0000000000000000        154.11517561311865     
 plepton   =    44.369713414850956       -37.474840827167647        10.818907826092936       -21.148234991447648     
 pneutrino =    44.974257395807214        39.558764955780624       -8.5813448300324460        19.599420927523088     
 pleptonlab   =    42.908850868201711       -37.474840827167647        10.818907826092936       -17.881438912097096     
 pneutrinolab =    46.569702169741234        39.558764955780624       -8.5813448300324460        23.025868769023937     
 sqrt(s) =    92.771543266459076     
 sqrt_fs_cm =    89.278199283341124     
 phind channel           0
 bbb pw(0) qmod c1q   0.0000000000000000        0.0000000000000000        0.0000000000000000        0.0000000000000000     
 reduced to Born momenta
   44.639099641670562        0.0000000000000000        0.0000000000000000        44.639045007631971     
   44.639099641670562        0.0000000000000000        0.0000000000000000       -44.639045007631971     
   44.639099641670562       -38.513276386930883        9.7039128267950900       -20.376448928146402     
   44.639099641670562        38.513276386930883       -9.7039128267950900        20.376448928146402     
 >> Photon n.           1
 cm momentum     3.4275724558009095       -2.0839241286129782       -2.2375629960604906        1.5488140639245616     
 lab momentum    3.5532952231667365       -2.0839241286129782       -2.2375629960604906        1.8101046952662672     
 c_ph_up    0.45186909508019585     
 c_ph_up lab   0.50941579057793052     
 c_ph_lep  0.13895355541397519     
 c_ph_lep lab   0.14114143328553322     
 isvec for ranlux 
     6248706     2443650     5424569     7840856     8854079     5077390    15263352    16554528     1529883     2696089     2519233     5653265    15789071      882553     5947087     9218297     5428618    10255587     4747224    14768239    10404210    13291405    15495887    10569314     4080721
  
 ====== DUMPING at point            1
 propag    0.0000000000000000        0.0000000000000000        0.0000000000000000        0.0000000000000000     
 test props.    0.0000000000000000        0.0000000000000000     
 Var           2.6071342010502891     
 Var before    2.1745826506699721     
 iev, nphot and rad. pattern    0.0000000000000000                0               0           1           0           0
 partons...            1          -1
 x1 & x2   0.82356219307946055       0.99918540120198862     
 sv & ME   0.76289736085721316        20449.784259296361     
 plepton   =    45.356678678748359        9.1100674227306211       -32.005646018056574       -30.819838279846948     
 pneutrino =    45.356678678748345       -9.1100674227306211        32.005646018056574        30.819838279846948     
 pleptonlab   =    48.552086696375518        9.1100674227306211       -32.005646018056574       -35.354479962248881     
 pneutrinolab =    42.585293017696927       -9.1100674227306211        32.005646018056574        26.573319556122478     
 sqrt(s) =    90.713357357496704     
 sqrt_fs_cm =    90.713357357496704     
 phind channel           0
 bbb pw(0) qmod c1q   0.0000000000000000        0.0000000000000000        0.0000000000000000        0.0000000000000000     
 reduced to Born momenta
   45.356678678748352        0.0000000000000000        0.0000000000000000        45.356624909065104     
   45.356678678748352        0.0000000000000000        0.0000000000000000       -45.356624909065104     
   45.356678678748359        9.1100674227306211       -32.005646018056574       -30.819838279846948     
   45.356678678748345       -9.1100674227306211        32.005646018056574        30.819838279846948     
 isvec for ranlux 
    14902313     9928972     4799160     2701921    12896674      994906     4989402     1593852     3619565    10431950     8726416    10407135     5333250    10378542     9914156    14939389     3289939    14228418    14454888     1597759     1973254     3860146     2875092     2125098     4191303
  
 ====== DUMPING at point            1
 propag    0.0000000000000000        0.0000000000000000        0.0000000000000000        0.0000000000000000     
 test props.    0.0000000000000000        0.0000000000000000     
 Var           1.3558416583714676     
 Var before    1.1202062355122251     
 iev, nphot and rad. pattern    0.0000000000000000                1               0           0           1           0
 partons...            1          -1
 x1 & x2   0.99949618841095189       0.82034980423585580     
 sv & ME    1.0000000000000000        2727029.0058721113     
 plepton   =    45.096389876866475        9.5654683255939563        40.078738314386932        18.326750041232863     
 pneutrino =    45.271093478610659       -9.5576238414269490       -40.254729666345526       -18.375780447449433     
 pleptonlab   =    47.129392586940689        9.5654683255939563        40.078738314386932        22.877172744057845     
 pneutrinolab =    43.674302515068177       -9.5576238414269490       -40.254729666345526       -13.987212105400086     
 sqrt(s) =    90.550345250441126     
 sqrt_fs_cm =    90.367298341434363     
 phind channel           0
 bbb pw(0) qmod c1q   0.0000000000000000        0.0000000000000000        0.0000000000000000        0.0000000000000000     
 reduced to Born momenta
   45.275172625220563        0.0000000000000000        0.0000000000000000        45.275118758739019     
   45.275172625220563        0.0000000000000000        0.0000000000000000       -45.275118758739019     
   45.275172625220563        9.5809177407083901        40.248010454948641        18.388413803701980     
   45.275172625220563       -9.5809177407083901       -40.248010454948641       -18.388413803701980     
 >> Photon n.           1
 cm momentum    0.18286189496399374       -7.8444841670076496E-003  0.17599135195859583        4.9030406216570364E-002
 lab momentum   0.18860453033153748       -7.8444841670076496E-003  0.17599135195859583        6.7358570097048931E-002
 c_ph_up    0.26812806586207943     
 c_ph_up lab   0.35714184584348541     
 c_ph_lep  0.95521124282567038     
 c_ph_lep lab   0.95844815724725496     
 isvec for ranlux 
    16299211     3254293    16131975     5266621    16545363    14473301     5355798     5599353    11050532    14547556    11682091     8225026    12673044    12120042     6959192    14507471     7976243    13182463     2472364    15582834    14772810    14376851    13178594     7905684     4032111
  
 ====== DUMPING at point            1
 propag    0.0000000000000000        0.0000000000000000        0.0000000000000000        0.0000000000000000     
 test props.    0.0000000000000000        0.0000000000000000     
 Var           2.2150774690523916     
 Var before    1.3178987331941103     
 iev, nphot and rad. pattern    0.0000000000000000                1               0           0           0           1
 partons...            1          -1
 x1 & x2   0.99986198595711318       0.81446563742034672     
 sv & ME    1.0000000000000000        220791078492.94012     
 plepton   =    45.120760851173110      -0.67652080915112933       -31.030114135911287        32.749751638820015     
 pneutrino =    45.075508465985713       0.67588877919191692        30.999083848581762       -32.716819446309898     
 pleptonlab   =    48.722320499983020      -0.67652080915112933       -31.030114135911287        37.556992524944057     
 pneutrinolab =    41.951952708760359       0.67588877919191692        30.999083848581762       -28.258718075902831     
 sqrt(s) =    90.241522024228630     
 sqrt_fs_cm =    90.196257965205788     
 phind channel           0
 bbb pw(0) qmod c1q   0.0000000000000000        0.0000000000000000        0.0000000000000000        0.0000000000000000     
 reduced to Born momenta
   45.120761012114315        0.0000000000000000        0.0000000000000000        45.120706961291454     
   45.120761012114315        0.0000000000000000        0.0000000000000000       -45.120706961291454     
   45.120761012114308      -0.67654406310091664       -31.030159539324849        32.749708360771649     
   45.120761012114322       0.67654406310091664        31.030159539324849       -32.749708360771649     
 >> Photon n.           1
 cm momentum     4.5252707069804485E-002   6.3202995921243256E-004   3.1030287329524741E-002  -3.2932192510115803E-002
 lab momentum    4.2107960129631389E-002   6.3202995921243256E-004   3.1030287329524741E-002  -2.8457022202901368E-002
 c_ph_up   -0.72773972304720480     
 c_ph_up lab  -0.67581098954437713     
 c_ph_lep -0.99999563586025986     
 c_ph_lep lab  -0.99047978878695364     
 isvec for ranlux 
    14376841     9367055    11411008     3416353     1394422    12230973     5252183    16075032     6397709     9393473    12531793     9363946    15390017     9736584    16117207    13485524     9250666     8140315     3126542     1982896     8250996    15449780     6880094     7144020    -4021707
  
 ====== DUMPING at point            1
 propag    0.0000000000000000        0.0000000000000000        0.0000000000000000        0.0000000000000000     
 test props.    0.0000000000000000        0.0000000000000000     
 Var          0.75916293906627830     
 Var before   0.61512905145691388     
 iev, nphot and rad. pattern    0.0000000000000000                1               0           0           1           0
 partons...            1          -1
 x1 & x2   0.76673313714818914       0.99988389159802493     
 sv & ME    1.0000000000000000        1458547.6149353164     
 plepton   =    41.889230797628620        41.833013476822551       -2.1453094670472441      -0.30516202927421737     
 pneutrino =    43.779038296759218       -43.721151355351751        2.2278660572980784       0.30094433173946311     
 pleptonlab   =    42.299501334967900        41.833013476822551       -2.1453094670472441       -5.8850046927817719     
 pneutrinolab =    44.125287715778022       -43.721151355351751        2.2278660572980784       -5.5251596630221060     
 sqrt(s) =    87.558215661860871     
 sqrt_fs_cm =    85.647419293289531     
 phind channel           0
 bbb pw(0) qmod c1q   0.0000000000000000        0.0000000000000000        0.0000000000000000        0.0000000000000000     
 reduced to Born momenta
   43.779107830930435        0.0000000000000000        0.0000000000000000        43.779052123665657     
   43.779107830930435        0.0000000000000000        0.0000000000000000       -43.779052123665657     
   43.779107830930435        43.720799592778043       -2.2349053857239687      -0.30983812833116836     
   43.779107830930435       -43.720799592778043        2.2349053857239687       0.30983812833116836     
 >> Photon n.           1
 cm momentum     1.8899465674730291        1.8881378785291996       -8.2556590250834436E-002   4.2176975347542568E-003
 lab momentum    1.9060623865648005        1.8881378785291996       -8.2556590250834436E-002 -0.24737336668791240     
 c_ph_up     2.2316490885737417E-003
 c_ph_up lab  -0.12978240818955611     
 c_ph_lep  0.99992627784081412     
 c_ph_lep lab   0.99992760624791821     
 isvec for ranlux 
    16575667    16622680     6248223    14956727    13110558     1205945    11242040     6890570    14658205      621134     7421034    11519576    13204167     8090949    16466493    11015029     5120304      201156    13109540    13654731     2695017     9785481     4861148      143676    -4200721
  
 ====== DUMPING at point            1
 propag    0.0000000000000000        0.0000000000000000        0.0000000000000000        0.0000000000000000     
 test props.    0.0000000000000000        0.0000000000000000     
 Var          0.87745005671922160     
 Var before   0.75622822406671697     
 iev, nphot and rad. pattern    0.0000000000000000                0               0           1           0           0
 partons...            1          -1
 x1 & x2   0.87073962597039389       0.99983677226072942     
 sv & ME   0.67307941132829818        7855.3575659004464     
 plepton   =    46.652907120289782        18.460920849693938       -22.806518625629192        36.270369292896390     
 pneutrino =    46.652907120289754       -18.460920849693938        22.806518625629192       -36.270369292896390     
 pleptonlab   =    44.255240935219291        18.460920849693938       -22.806518625629192        33.129628674390624     
 pneutrinolab =    49.273578976336886       -18.460920849693938        22.806518625629192       -39.584485988907403     
 sqrt(s) =    93.305814240579537     
 sqrt_fs_cm =    93.305814240579537     
 phind channel           0
 bbb pw(0) qmod c1q   0.0000000000000000        0.0000000000000000        0.0000000000000000        0.0000000000000000     
 reduced to Born momenta
   46.652907120289768        0.0000000000000000        0.0000000000000000        46.652854844572843     
   46.652907120289768        0.0000000000000000        0.0000000000000000       -46.652854844572843     
   46.652907120289782        18.460920849693938       -22.806518625629192        36.270369292896390     
   46.652907120289754       -18.460920849693938        22.806518625629192       -36.270369292896390     
 isvec for ranlux 
    13452352     7685781    12040999      377492     2027616    10867852     4039603    13333254    16608482     8283248     4576519     7678115     1422877    16276106    10765401     9788787     9530970    13032368     3894472      306732    14245216    14571762    11462555    11912083     4051404
  
 ====== DUMPING at point            1
 propag    0.0000000000000000        0.0000000000000000        0.0000000000000000        0.0000000000000000     
 test props.    0.0000000000000000        0.0000000000000000     
 Var          0.84412638545233509     
 Var before   0.75771847940850467     
 iev, nphot and rad. pattern    0.0000000000000000                1               0           0           1           0
 partons...            1          -1
 x1 & x2   0.81908713359474061       0.99987436909838223     
 sv & ME    1.0000000000000000        1175650.7006734088     
 plepton   =    44.906247131844253       -26.141646882976811       -2.5624802821538593       -36.422628417291953     
 pneutrino =    45.242936640857245        26.411209673725665        2.5774419105782012        36.643102338165235     
 pleptonlab   =    48.767777909511189       -26.141646882976811       -2.5624802821538593       -41.089329412747304     
 pneutrinolab =    41.807976941630635        26.411209673725665        2.5774419105782012        32.306354932560041     
 sqrt(s) =    90.497747537695304     
 sqrt_fs_cm =    90.148509905522218     
 phind channel           0
 bbb pw(0) qmod c1q   0.0000000000000000        0.0000000000000000        0.0000000000000000        0.0000000000000000     
 reduced to Born momenta
   45.248873768847652        0.0000000000000000        0.0000000000000000        45.248819871058615     
   45.248873768847652        0.0000000000000000        0.0000000000000000       -45.248819871058615     
   45.248873768847645       -26.377971724534202       -2.5799032221020011       -36.674188753425788     
   45.248873768847659        26.377971724534202        2.5799032221020011        36.674188753425788     
 >> Photon n.           1
 cm momentum    0.34856376499380542      -0.26956279074885364       -1.4961628424342023E-002 -0.22047392087328266     
 lab momentum   0.37232028351431606      -0.26956279074885364       -1.4961628424342023E-002 -0.25638729499482293     
 c_ph_up   -0.63252105644773737     
 c_ph_up lab  -0.68862027224193545     
 c_ph_lep  0.96567651624556250     
 c_ph_lep lab   0.97041094538021033     
 isvec for ranlux 
    16281071     6216508     5788901     5598226     2151985    11312847     4878172    15215368      933416    10490822     4859569     3569103     7793955     9042226    15803846    11186175     1469788    15694173    11573162    10117844     1302401    12204826     4381916     1083041    -4200822
  
 ====== DUMPING at point            1
 propag    0.0000000000000000        0.0000000000000000        0.0000000000000000        0.0000000000000000     
 test props.    0.0000000000000000        0.0000000000000000     
 Var          0.63701949209622111     
 Var before   0.55531172673896079     
 iev, nphot and rad. pattern    0.0000000000000000                0               0           0           1           0
 partons...            1          -1
 x1 & x2   0.84656507575278117       0.99987810486355788     
 sv & ME   0.67488804919778411        11335.315881625582     
 plepton   =    46.001681588485582        31.271950488989408        32.097453593454070        10.390482698469933     
 pneutrino =    46.001681588485567       -31.271950488989408       -32.097453593454070       -10.390482698469933     
 pleptonlab   =    45.295352262937634        31.271950488989408        32.097453593454070        6.5936604676309170     
 pneutrinolab =    47.026806767879314       -31.271950488989408       -32.097453593454070       -14.259311923169752     
 sqrt(s) =    92.003363176971149     
 sqrt_fs_cm =    92.003363176971149     
 phind channel           0
 bbb pw(0) qmod c1q   0.0000000000000000        0.0000000000000000        0.0000000000000000        0.0000000000000000     
 reduced to Born momenta
   46.001681588485575        0.0000000000000000        0.0000000000000000        46.001628572723519     
   46.001681588485575        0.0000000000000000        0.0000000000000000       -46.001628572723519     
   46.001681588485582        31.271950488989408        32.097453593454070        10.390482698469933     
   46.001681588485567       -31.271950488989408       -32.097453593454070       -10.390482698469933     
 isvec for ranlux 
      589876    16710617     5688859    14464672     6555815    10676443     8690630    14425228     3486349    14953393     3964495     2454096     6889208    10385107     6558022     6916769    16140560    10878330     7171221     6209201     3307280     2406960     2255942    12891023    -4131909
  
