 ====== DUMPING at point            1
 propag    0.0000000000000000        0.0000000000000000        0.0000000000000000        0.0000000000000000     
 test props.    0.0000000000000000        0.0000000000000000     
 Var           2.3475788398909083     
 Var before    0.0000000000000000     
 iev, nphot and rad. pattern    0.0000000000000000                1               0           0           0           1
 partons...            1          -1
 x1 & x2   0.89548063754665752       0.93405548720600318     
 sv & ME    1.0000000000000000        752.05698200535437     
 plepton   =    45.459412847728714        37.184011031219377       -17.629762855767670       -19.315481822836464     
 pneutrino =    40.382825961430164       -32.228661753201223        17.717773743211751        16.677989210986784     
 pleptonlab   =    45.876868626823082        37.184011031219377       -17.629762855767670       -20.278478655729248     
 pneutrinolab =    40.040079960194205       -32.228661753201223        17.717773743211751        15.830056686865616     
 sqrt(s) =    91.456470694379277     
 sqrt_fs_cm =    85.658451796116637     
 phind channel           0
 bbb pw(0) qmod c1q   0.0000000000000000        0.0000000000000000        0.0000000000000000        0.0000000000000000     
 reduced to Born momenta
   45.728235347189639        0.0000000000000000        0.0000000000000000        45.728182014402933     
   45.728235347189639        0.0000000000000000        0.0000000000000000       -45.728182014402933     
   45.728235347189646        36.977234500301833       -18.871461882851449       -19.173220892439243     
   45.728235347189631       -36.977234500301833        18.871461882851449        19.173220892439243     
 >> Photon n.           1
 cm momentum     5.6142318852204003       -4.9553492780181569       -8.8010887444080296E-002   2.6374926118496793     
 lab momentum    5.5598576506157640       -4.9553492780181569       -8.8010887444080296E-002   2.5196794858963449     
 c_ph_up    0.46978690331493816     
 c_ph_up lab   0.45319136644034153     
 c_ph_lep -0.91549843722342228     
 c_ph_lep lab  -0.91663105714815252     
 isvec for ranlux 
     9644655    14614328     8305202     1457455     6611641    14048799     7267313     8683348    14048746     9318201     4464668     5476536     8218591     7359978     7668616    13721940      957152    13197359    14184585     9294164    15939178     5902395     5267822    14659295     4201404
  
 ====== DUMPING at point            1
 propag    0.0000000000000000        0.0000000000000000        0.0000000000000000        0.0000000000000000     
 test props.    0.0000000000000000        0.0000000000000000     
 Var           1.8545363112862370     
 Var before    1.2365971418956587     
 iev, nphot and rad. pattern    0.0000000000000000                0               0           0           1           0
 partons...            1          -1
 x1 & x2   0.94835558322710423       0.78808808234807282     
 sv & ME   0.69620763002300645        1373.9167275820578     
 plepton   =    43.225794757573190        31.503207928736632        29.565726345770422        1.3688990387081850     
 pneutrino =    43.225794757573190       -31.503207928736632       -29.565726345770422       -1.3688990387081850     
 pleptonlab   =    43.537977697299176        31.503207928736632        29.565726345770422        5.3814546476631158     
 pneutrinolab =    43.284205581459673       -31.503207928736632       -29.565726345770422        2.6319203962884523     
 sqrt(s) =    86.451589515146381     
 sqrt_fs_cm =    86.451589515146381     
 phind channel           0
 bbb pw(0) qmod c1q   0.0000000000000000        0.0000000000000000        0.0000000000000000        0.0000000000000000     
 reduced to Born momenta
   43.225794757573190        0.0000000000000000        0.0000000000000000        43.225738337224989     
   43.225794757573190        0.0000000000000000        0.0000000000000000       -43.225738337224989     
   43.225794757573190        31.503207928736632        29.565726345770422        1.3688990387081850     
   43.225794757573190       -31.503207928736632       -29.565726345770422       -1.3688990387081850     
 isvec for ranlux 
     6252439      346129     5312835     8261683     9079631     4152189    11690151     3251140     4683020     2530188    16021290    11618951     3342516     5282467     2561248    15711547    15779543    10985280     8292142     1596633    16558285    12472361     3784938     8334133     4140519
  
 ====== DUMPING at point            1
 propag    0.0000000000000000        0.0000000000000000        0.0000000000000000        0.0000000000000000     
 test props.    0.0000000000000000        0.0000000000000000     
 Var           1.8321144575053321     
 Var before    1.4073708508497871     
 iev, nphot and rad. pattern    0.0000000000000000                0               0           0           1           0
 partons...            1          -1
 x1 & x2   0.90567791960506139       0.91907633350860252     
 sv & ME   0.67152695802175721        19348.676229077137     
 plepton   =    45.617626573790496       -43.496637883412760       -7.4981251998624350        11.522903360732414     
 pneutrino =    45.617626573790496        43.496637883412760        7.4981251998624350       -11.522903360732414     
 pleptonlab   =    45.534246145225090       -43.496637883412760       -7.4981251998624350        11.188253646075774     
 pneutrinolab =    45.703466510458107        43.496637883412760        7.4981251998624350       -11.858174341252829     
 sqrt(s) =    91.235253147580991     
 sqrt_fs_cm =    91.235253147580991     
 phind channel           0
 bbb pw(0) qmod c1q   0.0000000000000000        0.0000000000000000        0.0000000000000000        0.0000000000000000     
 reduced to Born momenta
   45.617626573790488        0.0000000000000000        0.0000000000000000        45.617573111687960     
   45.617626573790503        0.0000000000000000        0.0000000000000000       -45.617573111687975     
   45.617626573790496       -43.496637883412760       -7.4981251998624350        11.522903360732414     
   45.617626573790496        43.496637883412760        7.4981251998624350       -11.522903360732414     
 isvec for ranlux 
     8965487     2126720     7254733    12923904     5337694    14130607     1878020     8597149     6833174     1891112    11634831     6803766      471344     6208649      964748     8738368    12913065     1505022     4123979     3215547    11907780     4934906    11898556     4780317     4221101
  
 ====== DUMPING at point            1
 propag    0.0000000000000000        0.0000000000000000        0.0000000000000000        0.0000000000000000     
 test props.    0.0000000000000000        0.0000000000000000     
 Var           1.9607577671028262     
 Var before    1.7000193248290096     
 iev, nphot and rad. pattern    0.0000000000000000                0               0           0           0           1
 partons...            1          -1
 x1 & x2   0.80031513376737551       0.96178970919117013     
 sv & ME   0.69263023041920657        2651.0951338276468     
 plepton   =    43.867267403139451       -10.192642825888068        42.616362421727715        2.0692201165896362     
 pneutrino =    43.867267403139451        10.192642825888068       -42.616362421727715       -2.0692201165896362     
 pleptonlab   =    43.862202078454942       -10.192642825888068        42.616362421727715       -1.9589011316488842     
 pneutrinolab =    44.243040069472329        10.192642825888068       -42.616362421727715       -6.1148276395408452     
 sqrt(s) =    87.734534806278901     
 sqrt_fs_cm =    87.734534806278901     
 phind channel           0
 bbb pw(0) qmod c1q   0.0000000000000000        0.0000000000000000        0.0000000000000000        0.0000000000000000     
 reduced to Born momenta
   43.867267403139451        0.0000000000000000        0.0000000000000000        43.867211807829101     
   43.867267403139451        0.0000000000000000        0.0000000000000000       -43.867211807829101     
   43.867267403139451       -10.192642825888068        42.616362421727715        2.0692201165896362     
   43.867267403139451        10.192642825888068       -42.616362421727715       -2.0692201165896362     
 isvec for ranlux 
    15326067    13686972    12635121    13902960    13679249    15597591     9630857    11203193     9414693    13903049     1041894    12159642    14667289     9413416    16351989    16702048    13674632     3503371    11931980     1731313     7232330     5707229     4337415    14161190     4071606
  
 ====== DUMPING at point            1
 propag    0.0000000000000000        0.0000000000000000        0.0000000000000000        0.0000000000000000     
 test props.    0.0000000000000000        0.0000000000000000     
 Var           2.5502158297234283     
 Var before    1.6947424019249477     
 iev, nphot and rad. pattern    0.0000000000000000                0               0           1           0           0
 partons...            1          -1
 x1 & x2   0.88153093762579049       0.97774481787596768     
 sv & ME   0.66555040768686646        8698.0587449740833     
 plepton   =    46.419616167654809        27.829233666076583       -24.146871997472317        28.235295779529725     
 pneutrino =    46.419616167654794       -27.829233666076583        24.146871997472317       -28.235295779529725     
 pleptonlab   =    45.018812333213404        27.829233666076583       -24.146871997472317        25.867829953403842     
 pneutrinolab =    47.944975441874504       -27.829233666076583        24.146871997472317       -30.678523965912703     
 sqrt(s) =    92.839232335309603     
 sqrt_fs_cm =    92.839232335309603     
 phind channel           0
 bbb pw(0) qmod c1q   0.0000000000000000        0.0000000000000000        0.0000000000000000        0.0000000000000000     
 reduced to Born momenta
   46.419616167654802        0.0000000000000000        0.0000000000000000        46.419563629215638     
   46.419616167654802        0.0000000000000000        0.0000000000000000       -46.419563629215638     
   46.419616167654809        27.829233666076583       -24.146871997472317        28.235295779529725     
   46.419616167654794       -27.829233666076583        24.146871997472317       -28.235295779529725     
 isvec for ranlux 
     4925990     5576093    15184408    11784099    11845403    13164298      418628     8394559    12727338     1012832     9828754     3599171     1962348     6110377     1170785     8157080     6470367    12307127     8788506     3545955     7555912     3534851     9276842     7912478     4132414
  
 ====== DUMPING at point            1
 propag    0.0000000000000000        0.0000000000000000        0.0000000000000000        0.0000000000000000     
 test props.    0.0000000000000000        0.0000000000000000     
 Var           11.525632675943278     
 Var before    1.6823051753341984     
 iev, nphot and rad. pattern    0.0000000000000000                0               0           0           0           1
 partons...            1          -1
 x1 & x2   0.99808734002106614       0.83302456314352202     
 sv & ME   0.66488676161544602        34104.861197343933     
 plepton   =    45.591426562461521       -4.7220614646831507        27.251049628092719        36.244302200481613     
 pneutrino =    45.591426562461521        4.7220614646831507       -27.251049628092719       -36.244302200481613     
 pleptonlab   =    49.058340445548211       -4.7220614646831507        27.251049628092719        40.519032975514421     
 pneutrinolab =    42.497254712681219        4.7220614646831507       -27.251049628092719       -32.265894131637211     
 sqrt(s) =    91.182853124923042     
 sqrt_fs_cm =    91.182853124923042     
 phind channel           0
 bbb pw(0) qmod c1q   0.0000000000000000        0.0000000000000000        0.0000000000000000        0.0000000000000000     
 reduced to Born momenta
   45.591426562461521        0.0000000000000000        0.0000000000000000        45.591373069635907     
   45.591426562461521        0.0000000000000000        0.0000000000000000       -45.591373069635907     
   45.591426562461521       -4.7220614646831507        27.251049628092719        36.244302200481613     
   45.591426562461521        4.7220614646831507       -27.251049628092719       -36.244302200481613     
 isvec for ranlux 
      128384    11388086    10466586    16512364     6221064    10759867     4294357     4958074     2428245      140484    15658108     6187047     6125357     5290921     3091457    10559473     4129276    15535479    13747368    10865395     4704666    11572707     3324263     2372157     4192111
  
 ====== DUMPING at point            1
 propag    0.0000000000000000        0.0000000000000000        0.0000000000000000        0.0000000000000000     
 test props.    0.0000000000000000        0.0000000000000000     
 Var           5.9663513701859916     
 Var before    3.7091978037416173     
 iev, nphot and rad. pattern    0.0000000000000000                1               1           0           0           0
 partons...            1          -1
 x1 & x2   0.99986358207070902       0.85989627411011582     
 sv & ME    1.0000000000000000        154.43780404622012     
 plepton   =    44.347044972844074       -37.455694860040495        10.813380425601888       -21.137430318152017     
 pneutrino =    44.951396246314516        39.538616493696985       -8.5768938341895193        19.589577808699861     
 pleptonlab   =    42.877828720088758       -37.455694860040495        10.813380425601888       -17.850455411012504     
 pneutrinolab =    46.557770416009930        39.538616493696985       -8.5768938341895193        23.038001656823806     
 sqrt(s) =    92.724266987719929     
 sqrt_fs_cm =    89.232703208941189     
 phind channel           0
 bbb pw(0) qmod c1q   0.0000000000000000        0.0000000000000000        0.0000000000000000        0.0000000000000000     
 reduced to Born momenta
   44.616351604470594        0.0000000000000000        0.0000000000000000        44.616296942576334     
   44.616351604470594        0.0000000000000000        0.0000000000000000       -44.616296942576334     
   44.616351604470594       -38.493630195794076        9.6989225297035357       -20.366123905017805     
   44.616351604470594        38.493630195794076       -9.6989225297035357        20.366123905017805     
 >> Photon n.           1
 cm momentum     3.4258257685613365       -2.0829216336564906       -2.2364865914123682        1.5478525094521551     
 lab momentum    3.5523936729425620       -2.0829216336564906       -2.2364865914123682        1.8108191522183561     
 c_ph_up    0.45181880633181482     
 c_ph_up lab   0.50974619339370575     
 c_ph_lep  0.13898764193358915     
 c_ph_lep lab   0.14121301881202492     
 isvec for ranlux 
     6248706     2443650     5424569     7840856     8854079     5077390    15263352    16554528     1529883     2696089     2519233     5653265    15789071      882553     5947087     9218297     5428618    10255587     4747224    14768239    10404210    13291405    15495887    10569314     4080721
  
 ====== DUMPING at point            1
 propag    0.0000000000000000        0.0000000000000000        0.0000000000000000        0.0000000000000000     
 test props.    0.0000000000000000        0.0000000000000000     
 Var           2.6106199239597010     
 Var before    2.1819340972401262     
 iev, nphot and rad. pattern    0.0000000000000000                0               0           1           0           0
 partons...            1          -1
 x1 & x2   0.82266646674129940       0.99918139453379895     
 sv & ME   0.76281593971348027        20453.580920939592     
 plepton   =    45.331915563837704        9.1050936266427023       -31.988171991842588       -30.803011665514312     
 pneutrino =    45.331915563837704       -9.1050936266427023        31.988171991842588        30.803011665514312     
 pleptonlab   =    48.544741437989437        9.1050936266427023       -31.988171991842588       -35.361488660124998     
 pneutrinolab =    42.547651625765454       -9.1050936266427023        31.988171991842588        26.535742270500023     
 sqrt(s) =    90.663831127675408     
 sqrt_fs_cm =    90.663831127675408     
 phind channel           0
 bbb pw(0) qmod c1q   0.0000000000000000        0.0000000000000000        0.0000000000000000        0.0000000000000000     
 reduced to Born momenta
   45.331915563837711        0.0000000000000000        0.0000000000000000        45.331861764782083     
   45.331915563837697        0.0000000000000000        0.0000000000000000       -45.331861764782069     
   45.331915563837704        9.1050936266427023       -31.988171991842588       -30.803011665514312     
   45.331915563837704       -9.1050936266427023        31.988171991842588        30.803011665514312     
 isvec for ranlux 
    14902313     9928972     4799160     2701921    12896674      994906     4989402     1593852     3619565    10431950     8726416    10407135     5333250    10378542     9914156    14939389     3289939    14228418    14454888     1597759     1973254     3860146     2875092     2125098     4191303
  
 ====== DUMPING at point            1
 propag    0.0000000000000000        0.0000000000000000        0.0000000000000000        0.0000000000000000     
 test props.    0.0000000000000000        0.0000000000000000     
 Var           1.3617533533529886     
 Var before    1.1225830828016112     
 iev, nphot and rad. pattern    0.0000000000000000                1               0           0           1           0
 partons...            1          -1
 x1 & x2   0.99949396000942903       0.81945410097033033     
 sv & ME    1.0000000000000000        2761347.2219351702     
 plepton   =    45.071714798482944        9.5602344259986758        40.056808589139536        18.316722265659457     
 pneutrino =    45.246320292955190       -9.5523869510438963       -40.232704520177194       -18.365721518384763     
 pleptonlab   =    47.116075896103247        9.5602344259986758        40.056808589139536        22.890335242824193     
 pneutrinolab =    43.642789529564347       -9.5523869510438963       -40.232704520177194       -13.955762421309114     
 sqrt(s) =    90.500796926038277     
 sqrt_fs_cm =    90.317850178633364     
 phind channel           0
 bbb pw(0) qmod c1q   0.0000000000000000        0.0000000000000000        0.0000000000000000        0.0000000000000000     
 reduced to Born momenta
   45.250398463019138        0.0000000000000000        0.0000000000000000        45.250344567046170     
   45.250398463019138        0.0000000000000000        0.0000000000000000       -45.250344567046170     
   45.250398463019138        9.5756717424179651        40.225988549692396        18.378350123229545     
   45.250398463019138       -9.5756717424179651       -40.225988549692396       -18.378350123229545     
 >> Photon n.           1
 cm momentum    0.18276183460014270       -7.8474749547794934E-003  0.17589593103766141        4.8999252725304879E-002
 lab momentum   0.18853762332038329       -7.8474749547794934E-003  0.17589593103766141        6.7420130439855369E-002
 c_ph_up    0.26810440392277951     
 c_ph_up lab   0.35759510092735108     
 c_ph_lep  0.95519745296175473     
 c_ph_lep lab   0.95845436480511648     
 isvec for ranlux 
    16299211     3254293    16131975     5266621    16545363    14473301     5355798     5599353    11050532    14547556    11682091     8225026    12673044    12120042     6959192    14507471     7976243    13182463     2472364    15582834    14772810    14376851    13178594     7905684     4032111
  
 ====== DUMPING at point            1
 propag    0.0000000000000000        0.0000000000000000        0.0000000000000000        0.0000000000000000     
 test props.    0.0000000000000000        0.0000000000000000     
 Var           2.2355881889055755     
 Var before    1.3236409517494803     
 iev, nphot and rad. pattern    0.0000000000000000                1               0           0           0           1
 partons...            1          -1
 x1 & x2   0.99986178240001367       0.81357151044288079     
 sv & ME    1.0000000000000000        223690081552.56824     
 plepton   =    45.095982491024337      -0.67614926869023517       -31.013073608815628        32.731766842624587     
 pneutrino =    45.050754956807914       0.67551760842490649        30.982060406141343       -32.698852692989114     
 pleptonlab   =    48.716183017610582      -0.67614926869023517       -31.013073608815628        37.563112379227775     
 pneutrinolab =    41.913412403541869       0.67551760842490649        30.982060406141343       -28.220180448906163     
 sqrt(s) =    90.191965304082942     
 sqrt_fs_cm =    90.146726102113220     
 phind channel           0
 bbb pw(0) qmod c1q   0.0000000000000000        0.0000000000000000        0.0000000000000000        0.0000000000000000     
 reduced to Born momenta
   45.095982652041471        0.0000000000000000        0.0000000000000000        45.095928571519906     
   45.095982652041471        0.0000000000000000        0.0000000000000000       -45.095928571519906     
   45.095982652041471      -0.67617252117340831       -31.013119009422375        32.731723567370722     
   45.095982652041471       0.67617252117340831        31.013119009422375       -32.731723567370722     
 >> Photon n.           1
 cm momentum     4.5227856250693838E-002   6.3166026532869839E-004   3.1013202674283584E-002  -3.2914149635475017E-002
 lab momentum    4.2069220992268966E-002   6.3166026532869839E-004   3.1013202674283584E-002  -2.8418332464966667E-002
 c_ph_up   -0.72774065286302581     
 c_ph_up lab  -0.67551363668438469     
 c_ph_lep -0.99999563161466898     
 c_ph_lep lab  -0.99037584356899389     
 isvec for ranlux 
    14376841     9367055    11411008     3416353     1394422    12230973     5252183    16075032     6397709     9393473    12531793     9363946    15390017     9736584    16117207    13485524     9250666     8140315     3126542     1982896     8250996    15449780     6880094     7144020    -4021707
  
 ====== DUMPING at point            1
 propag    0.0000000000000000        0.0000000000000000        0.0000000000000000        0.0000000000000000     
 test props.    0.0000000000000000        0.0000000000000000     
 Var          0.76650085736731921     
 Var before   0.61936274351867160     
 iev, nphot and rad. pattern    0.0000000000000000                1               0           0           1           0
 partons...            1          -1
 x1 & x2   0.76673313714818914       0.99988389159802493     
 sv & ME    1.0000000000000000        1510707.7867162875     
 plepton   =    41.889230797628620        41.833013476822551       -2.1453094670472441      -0.30516202927421737     
 pneutrino =    43.779038296759218       -43.721151355351751        2.2278660572980784       0.30094433173946311     
 pleptonlab   =    42.299501334967900        41.833013476822551       -2.1453094670472441       -5.8850046927817719     
 pneutrinolab =    44.125287715778022       -43.721151355351751        2.2278660572980784       -5.5251596630221060     
 sqrt(s) =    87.558215661860871     
 sqrt_fs_cm =    85.647419293289531     
 phind channel           0
 bbb pw(0) qmod c1q   0.0000000000000000        0.0000000000000000        0.0000000000000000        0.0000000000000000     
 reduced to Born momenta
   43.779107830930435        0.0000000000000000        0.0000000000000000        43.779052123665657     
   43.779107830930435        0.0000000000000000        0.0000000000000000       -43.779052123665657     
   43.779107830930435        43.720799592778043       -2.2349053857239687      -0.30983812833116836     
   43.779107830930435       -43.720799592778043        2.2349053857239687       0.30983812833116836     
 >> Photon n.           1
 cm momentum     1.8899465674730291        1.8881378785291996       -8.2556590250834436E-002   4.2176975347542568E-003
 lab momentum    1.9060623865648005        1.8881378785291996       -8.2556590250834436E-002 -0.24737336668791240     
 c_ph_up     2.2316490885737417E-003
 c_ph_up lab  -0.12978240818955611     
 c_ph_lep  0.99992627784081412     
 c_ph_lep lab   0.99992760624791821     
 isvec for ranlux 
    16575667    16622680     6248223    14956727    13110558     1205945    11242040     6890570    14658205      621134     7421034    11519576    13204167     8090949    16466493    11015029     5120304      201156    13109540    13654731     2695017     9785481     4861148      143676    -4200721
  
 ====== DUMPING at point            1
 propag    0.0000000000000000        0.0000000000000000        0.0000000000000000        0.0000000000000000     
 test props.    0.0000000000000000        0.0000000000000000     
 Var          0.88441308426293419     
 Var before   0.76366379906372983     
 iev, nphot and rad. pattern    0.0000000000000000                0               0           1           0           0
 partons...            1          -1
 x1 & x2   0.87073962597039389       0.99983677226072942     
 sv & ME   0.67233436875267283        7716.5443939125144     
 plepton   =    46.652907120289782        18.460920849693938       -22.806518625629192        36.270369292896390     
 pneutrino =    46.652907120289754       -18.460920849693938        22.806518625629192       -36.270369292896390     
 pleptonlab   =    44.255240935219291        18.460920849693938       -22.806518625629192        33.129628674390624     
 pneutrinolab =    49.273578976336886       -18.460920849693938        22.806518625629192       -39.584485988907403     
 sqrt(s) =    93.305814240579537     
 sqrt_fs_cm =    93.305814240579537     
 phind channel           0
 bbb pw(0) qmod c1q   0.0000000000000000        0.0000000000000000        0.0000000000000000        0.0000000000000000     
 reduced to Born momenta
   46.652907120289768        0.0000000000000000        0.0000000000000000        46.652854844572843     
   46.652907120289768        0.0000000000000000        0.0000000000000000       -46.652854844572843     
   46.652907120289782        18.460920849693938       -22.806518625629192        36.270369292896390     
   46.652907120289754       -18.460920849693938        22.806518625629192       -36.270369292896390     
 isvec for ranlux 
    13452352     7685781    12040999      377492     2027616    10867852     4039603    13333254    16608482     8283248     4576519     7678115     1422877    16276106    10765401     9788787     9530970    13032368     3894472      306732    14245216    14571762    11462555    11912083     4051404
  
 ====== DUMPING at point            1
 propag    0.0000000000000000        0.0000000000000000        0.0000000000000000        0.0000000000000000     
 test props.    0.0000000000000000        0.0000000000000000     
 Var          0.84959139356501923     
 Var before   0.76377295387607724     
 iev, nphot and rad. pattern    0.0000000000000000                1               0           0           1           0
 partons...            1          -1
 x1 & x2   0.81819050201624688       0.99987422835961315     
 sv & ME    1.0000000000000000        1176340.3463085098     
 plepton   =    44.881660399062696       -26.127333924611129       -2.5610772843337317       -36.402686461590420     
 pneutrino =    45.218161637711916        26.396758735399164        2.5760298082156630        36.623027959128187     
 pleptonlab   =    48.763571010204764       -26.127333924611129       -2.5610772843337317       -41.093527460067818     
 pneutrinolab =    41.767409898849671        26.396758735399164        2.5760298082156630        32.265780087569070     
 sqrt(s) =    90.448194943550945     
 sqrt_fs_cm =    90.099148538575434     
 phind channel           0
 bbb pw(0) qmod c1q   0.0000000000000000        0.0000000000000000        0.0000000000000000        0.0000000000000000     
 reduced to Born momenta
   45.224097471775472        0.0000000000000000        0.0000000000000000        45.224043544458169     
   45.224097471775472        0.0000000000000000        0.0000000000000000       -45.224043544458169     
   45.224097471775472       -26.363534192727421       -2.5784902278524346       -36.654103200855182     
   45.224097471775472        26.363534192727421        2.5784902278524346        36.654103200855182     
 >> Photon n.           1
 cm momentum    0.34837290677633459      -0.26942481078803387       -1.4952523881931133E-002 -0.22034149753776544     
 lab momentum   0.37225560973858007      -0.26942481078803387       -1.4952523881931133E-002 -0.25643894466955375     
 c_ph_up   -0.63248746745748219     
 c_ph_up lab  -0.68887865746238275     
 c_ph_lep  0.96566519992537414     
 c_ph_lep lab   0.97042590578794685     
 isvec for ranlux 
    16281071     6216508     5788901     5598226     2151985    11312847     4878172    15215368      933416    10490822     4859569     3569103     7793955     9042226    15803846    11186175     1469788    15694173    11573162    10117844     1302401    12204826     4381916     1083041    -4200822
  
 ====== DUMPING at point            1
 propag    0.0000000000000000        0.0000000000000000        0.0000000000000000        0.0000000000000000     
 test props.    0.0000000000000000        0.0000000000000000     
 Var          0.64172004681285821     
 Var before   0.55902338310773947     
 iev, nphot and rad. pattern    0.0000000000000000                0               0           0           1           0
 partons...            1          -1
 x1 & x2   0.84567055018768045       0.99987796581273991     
 sv & ME   0.67388017705417058        11439.970218160803     
 plepton   =    45.977368059443087        31.255422060846023        32.080488855181926        10.384990928881809     
 pneutrino =    45.977368059443073       -31.255422060846023       -32.080488855181926       -10.384990928881809     
 pleptonlab   =    45.267935232636177        31.255422060846023        32.080488855181926        6.5662487879765390     
 pneutrinolab =    47.009490567384859       -31.255422060846023       -32.080488855181926       -14.276619569229517     
 sqrt(s) =    91.954736118886160     
 sqrt_fs_cm =    91.954736118886160     
 phind channel           0
 bbb pw(0) qmod c1q   0.0000000000000000        0.0000000000000000        0.0000000000000000        0.0000000000000000     
 reduced to Born momenta
   45.977368059443080        0.0000000000000000        0.0000000000000000        45.977315015645452     
   45.977368059443080        0.0000000000000000        0.0000000000000000       -45.977315015645452     
   45.977368059443087        31.255422060846023        32.080488855181926        10.384990928881809     
   45.977368059443073       -31.255422060846023       -32.080488855181926       -10.384990928881809     
 isvec for ranlux 
      589876    16710617     5688859    14464672     6555815    10676443     8690630    14425228     3486349    14953393     3964495     2454096     6889208    10385107     6558022     6916769    16140560    10878330     7171221     6209201     3307280     2406960     2255942    12891023    -4131909
  
