 ====== DUMPING at point            1
 propag    0.0000000000000000        0.0000000000000000        0.0000000000000000        0.0000000000000000     
 test props.    0.0000000000000000        0.0000000000000000     
 Var           4.5514258678129611     
 Var before    0.0000000000000000     
 iev, nphot and rad. pattern    0.0000000000000000                0               0           0           0           0
 partons...            1          -1
 x1 & x2   0.98218209385554656       0.91158482927832840     
 sv & ME    1.0000000000000000        10864.807499017486     
 plepton   =    44.945701197490905        3.9775513236158218       -5.0673701570551231        44.481521304942532     
 pneutrino =    44.945701197490919       -3.9775513236158218        5.0673701570551231       -44.481521304942532     
 pleptonlab   =    46.636333375442035        3.9775513236158218       -5.0673701570551231        46.189146692413459     
 pneutrinolab =    43.317595473417036       -3.9775513236158218        5.0673701570551231       -42.835776624995596     
 sqrt(s) =    89.891402394981824     
 sqrt_fs_cm =    89.891402394981824     
 phind channel           0
 bbb pw(0) qmod c1q   0.0000000000000000        0.0000000000000000        0.0000000000000000        0.0000000000000000     
 reduced to Born momenta
   44.815211598809142        0.0000000000000000        0.0000000000000000        44.815157179468166     
   44.815211598809142        0.0000000000000000        0.0000000000000000       -44.815157179468166     
   44.815211598809142       -33.679515776062487        7.8899107110242142        28.492657879120237     
   44.815211598809142        33.679515776062487       -7.8899107110242142       -28.492657879120237     
 isvec for ranlux 
     9644655    14614328     8305202     1457455     1056974    16450356    10467055     4514011      135838    16753179    11474510      425858    13826447     7299317     7668616    13721940      957152    13197359    14184585     9294164    15939178     5902395     5267822    14659295     4102414
  
 ====== DUMPING at point            1
 propag    0.0000000000000000        0.0000000000000000        0.0000000000000000        0.0000000000000000     
 test props.    0.0000000000000000        0.0000000000000000     
 Var           6.0043514448649171     
 Var before    4.2075983172898654     
 iev, nphot and rad. pattern    0.0000000000000000                0               0           0           0           0
 partons...            1          -1
 x1 & x2   0.96028812920185269       0.99245423918007114     
 sv & ME    1.0000000000000000        13431.674640237596     
 plepton   =    46.371338865086223       -1.5816001722062616        29.047376071504065        36.111471705056246     
 pneutrino =    46.371338865086209        1.5816001722062616       -29.047376071504065       -36.111471705056246     
 pleptonlab   =    45.782712426997385       -1.5816001722062616        29.047376071504065        35.352426758817607     
 pneutrinolab =    46.972550071143971        1.5816001722062616       -29.047376071504065       -36.880316982782979     
 sqrt(s) =    92.742677730172431     
 sqrt_fs_cm =    92.742677730172431     
 phind channel           0
 bbb pw(0) qmod c1q   0.0000000000000000        0.0000000000000000        0.0000000000000000        0.0000000000000000     
 reduced to Born momenta
   46.371338865086216        0.0000000000000000        0.0000000000000000        46.371286271949103     
   46.371338865086216        0.0000000000000000        0.0000000000000000       -46.371286271949103     
   46.371338865086223       -1.5816001722062616        29.047376071504065        36.111471705056246     
   46.371338865086209        1.5816001722062616       -29.047376071504065       -36.111471705056246     
 isvec for ranlux 
    14683590     1952959     5400450     5094089     4083391     5667112    11886351     3615086    16112834     1368291    15462261     7797679    14988199    15435044     9850695     6896914     2215452    12845121     6405628     3024976     4819489    10459877    14962976    10164146     4210822
  
 ====== DUMPING at point            1
 propag    0.0000000000000000        0.0000000000000000        0.0000000000000000        0.0000000000000000     
 test props.    0.0000000000000000        0.0000000000000000     
 Var           32.494201868801596     
 Var before    6.0043514448649171     
 iev, nphot and rad. pattern    0.0000000000000000                0               0           0           0           0
 partons...            1          -1
 x1 & x2   0.99952474302238759       0.99998892706689224     
 sv & ME    1.0000000000000000        1899.1360300339438     
 plepton   =    47.488448384974923        40.910987721029407        23.481191023313752        5.4832762229702290     
 pneutrino =    47.488448384974923       -40.910987721029407       -23.481191023313752       -5.4832762229702290     
 pleptonlab   =    47.487176730385947        40.910987721029407        23.481191023313752        5.4722519996681163     
 pneutrinolab =    47.489722598854833       -40.910987721029407       -23.481191023313752       -5.4943007417820828     
 sqrt(s) =    94.976896769949846     
 sqrt_fs_cm =    94.976896769949846     
 phind channel           0
 bbb pw(0) qmod c1q   0.0000000000000000        0.0000000000000000        0.0000000000000000        0.0000000000000000     
 reduced to Born momenta
   47.488448384974930        0.0000000000000000        0.0000000000000000        47.488397029030452     
   47.488448384974916        0.0000000000000000        0.0000000000000000       -47.488397029030438     
   47.488448384974923        40.910987721029407        23.481191023313752        5.4832762229702290     
   47.488448384974923       -40.910987721029407       -23.481191023313752       -5.4832762229702290     
 isvec for ranlux 
    13828964    12538209    14722825      978898    10903123    16188213     3834576      755982    12350293    13898296    16631971     2580472     9212313    13500588    11285027    12295266    14794390     9041223     4836823     6203403     5099258      436050     2993088    13331992     4071707
  
 ====== DUMPING at point            1
 propag    0.0000000000000000        0.0000000000000000        0.0000000000000000        0.0000000000000000     
 test props.    0.0000000000000000        0.0000000000000000     
 Var           6.0948869436012219     
 Var before    5.0060272662796743     
 iev, nphot and rad. pattern    0.0000000000000000                0               0           0           0           0
 partons...            1          -1
 x1 & x2   0.99999872655837663       0.99999993834987033     
 sv & ME    1.0000000000000000        1933.9764939476672     
 plepton   =    47.499968291562162       -46.939062705576042       0.89266418912355106        7.2224211297458467     
 pneutrino =    47.499968291562148        46.939062705576042      -0.89266418912355106       -7.2224211297458467     
 pleptonlab   =    47.499963915533719       -46.939062705576042       0.89266418912355106        7.2223923496991960     
 pneutrinolab =    47.499972667608041        46.939062705576042      -0.89266418912355106       -7.2224499097951496     
 sqrt(s) =    94.999936583124310     
 sqrt_fs_cm =    94.999936583124310     
 phind channel           0
 bbb pw(0) qmod c1q   0.0000000000000000        0.0000000000000000        0.0000000000000000        0.0000000000000000     
 reduced to Born momenta
   47.499968291562155        0.0000000000000000        0.0000000000000000        47.499916948072766     
   47.499968291562155        0.0000000000000000        0.0000000000000000       -47.499916948072766     
   47.499968291562162       -46.939062705576042       0.89266418912355106        7.2224211297458467     
   47.499968291562148        46.939062705576042      -0.89266418912355106       -7.2224211297458467     
 isvec for ranlux 
    16145664      870805    14492627     7011085     9863684      407960    14269002     1122728    11468481    10127615     6236805      841870    10584098     9555226      565175     5879931     5697509    10786837     3590889     5984085    13914166     1669207     2642119    10329942     4130216
  
 ====== DUMPING at point            1
 propag    0.0000000000000000        0.0000000000000000        0.0000000000000000        0.0000000000000000     
 test props.    0.0000000000000000        0.0000000000000000     
 Var           6.7561011690036405     
 Var before    5.0151268400902005     
 iev, nphot and rad. pattern    0.0000000000000000                0               0           0           0           0
 partons...            1          -1
 x1 & x2   0.97586124799274854       0.99965216535483314     
 sv & ME    1.0000000000000000        4873.5526507092891     
 plepton   =    46.915041116942000       -4.3839619789002837        40.405220392409156        23.435207737958940     
 pneutrino =    46.915041116942000        4.3839619789002837       -40.405220392409156       -23.435207737958940     
 pleptonlab   =    46.636195153962035       -4.3839619789002837        40.405220392409156        22.871873057433756     
 pneutrinolab =    47.200691980048084        4.3839619789002837       -40.405220392409156       -24.001941632132773     
 sqrt(s) =    93.830082233883999     
 sqrt_fs_cm =    93.830082233883999     
 phind channel           0
 bbb pw(0) qmod c1q   0.0000000000000000        0.0000000000000000        0.0000000000000000        0.0000000000000000     
 reduced to Born momenta
   46.915041116942000        0.0000000000000000        0.0000000000000000        46.914989133311735     
   46.915041116942000        0.0000000000000000        0.0000000000000000       -46.914989133311735     
   46.915041116942000       -4.3839619789002837        40.405220392409156        23.435207737958940     
   46.915041116942000        4.3839619789002837       -40.405220392409156       -23.435207737958940     
 isvec for ranlux 
     9996655     5314963     4653955      412784     6974021     7680405    11535779     2804731     6868442    11334850     5798372     6373794     4365370     1770520    15945583     3388180    11771294    11057837     5103923    12470000    14455935    13482498      760501     6155176     4041909
  
 ====== DUMPING at point            1
 propag    0.0000000000000000        0.0000000000000000        0.0000000000000000        0.0000000000000000     
 test props.    0.0000000000000000        0.0000000000000000     
 Var           6.5060573044118550     
 Var before    5.8989341094690184     
 iev, nphot and rad. pattern    0.0000000000000000                0               0           0           0           0
 partons...            1          -1
 x1 & x2   0.99936908176835970       0.96533038414664507     
 sv & ME    1.0000000000000000        6407.6395192143809     
 plepton   =    46.654608802238833        22.457040791854560        35.180318189189109        20.848690361240060     
 pneutrino =    46.654608802238833       -22.457040791854560       -35.180318189189109       -20.848690361240060     
 pleptonlab   =    47.022873062796791        22.457040791854560        35.180318189189109        21.660239111533912     
 pneutrinolab =    46.300351568165908       -22.457040791854560       -35.180318189189109       -20.043400974502461     
 sqrt(s) =    93.309217604477666     
 sqrt_fs_cm =    93.309217604477666     
 phind channel           0
 bbb pw(0) qmod c1q   0.0000000000000000        0.0000000000000000        0.0000000000000000        0.0000000000000000     
 reduced to Born momenta
   46.654608802238826        0.0000000000000000        0.0000000000000000        46.654556528428607     
   46.654608802238840        0.0000000000000000        0.0000000000000000       -46.654556528428621     
   46.654608802238833        22.457040791854560        35.180318189189109        20.848690361240060     
   46.654608802238833       -22.457040791854560       -35.180318189189109       -20.848690361240060     
 isvec for ranlux 
     5296148     8646563    10452673     7166248      952571     3765111    10544008    12173936     2054572     9165979     5001339     7374366     6185974      750604     2177072     5243092     2039795     8760032     5864455     9125444     9026986    11573976    10700607    16005715     4021505
  
