 ====== DUMPING at point            1
 propag    0.0000000000000000        0.0000000000000000        0.0000000000000000        0.0000000000000000     
 test props.    0.0000000000000000        0.0000000000000000     
 Var           1.5033347759054820     
 Var before    0.0000000000000000     
 iev, nphot and rad. pattern    0.0000000000000000                0               0           1           0           0
 partons...            1          -1
 x1 & x2   0.94693539778351188       0.97588642440755047     
 sv & ME   0.57563195458825855        897.35876803732356     
 plepton   =    48.065096470513126       -21.088354795801298        38.359754645008636       -19.850764484256235     
 pneutrino =    48.065096470513112        21.088354795801298       -38.359754645008636        19.850764484256235     
 pleptonlab   =    48.369463092289365       -21.088354795801298        38.359754645008636       -20.576790608013148     
 pneutrinolab =    47.771628017263772        21.088354795801298       -38.359754645008636        19.129239276811219     
 sqrt(s) =    96.130192941026237     
 sqrt_fs_cm =    96.130192941026237     
 phind channel           0
 bbb pw(0) qmod c1q   0.0000000000000000        0.0000000000000000        0.0000000000000000        0.0000000000000000     
 reduced to Born momenta
   48.065096470513119        0.0000000000000000        0.0000000000000000        48.065045730698444     
   48.065096470513119        0.0000000000000000        0.0000000000000000       -48.065045730698444     
   48.065096470513126       -21.088354795801298        38.359754645008636       -19.850764484256235     
   48.065096470513112        21.088354795801298       -38.359754645008636        19.850764484256235     
 isvec for ranlux 
     9644655    14614328     8305202     5902523     6611641    14048799     7267313     8683348    14048746     9318201     4464668     5476536     8218591     7359978     7668616    13721940      957152    13197359    14184585     9294164    15939178     5902395     5267822    14659295     4211303
  
 ====== DUMPING at point            1
 propag    0.0000000000000000        0.0000000000000000        0.0000000000000000        0.0000000000000000     
 test props.    0.0000000000000000        0.0000000000000000     
 Var           3.0978445781876194     
 Var before    1.5033347759054820     
 iev, nphot and rad. pattern    0.0000000000000000                0               0           1           0           0
 partons...            1          -1
 x1 & x2   0.94270963813170705       0.89086294730854887     
 sv & ME   0.55644664729041637        21240.216255047213     
 plepton   =    45.820985549259746       -23.253161509142345       -29.657015698102338        26.063450514585654     
 pneutrino =    45.820985549259746        23.253161509142345        29.657015698102338       -26.063450514585654     
 pleptonlab   =    46.576587985987970       -23.253161509142345       -29.657015698102338        27.370043559286934     
 pneutrinolab =    45.102041286024829        23.253161509142345        29.657015698102338       -24.777709018129023     
 sqrt(s) =    91.641971098519491     
 sqrt_fs_cm =    91.641971098519491     
 phind channel           0
 bbb pw(0) qmod c1q   0.0000000000000000        0.0000000000000000        0.0000000000000000        0.0000000000000000     
 reduced to Born momenta
   45.820985549259746        0.0000000000000000        0.0000000000000000        45.820932324428647     
   45.820985549259746        0.0000000000000000        0.0000000000000000       -45.820932324428647     
   45.820985549259746       -23.253161509142345       -29.657015698102338        26.063450514585654     
   45.820985549259746        23.253161509142345        29.657015698102338       -26.063450514585654     
 isvec for ranlux 
      778671     5844720     9587749    10340955     5767304     1229801     7106317     9230034     7070010     1656684    15462261     7797679    14988199    15435044     9850695     6896914     2215452    12845121     6405628     3024976     4819489    10459877     1149857     7981361    -4092010
  
 ====== DUMPING at point            1
 propag    0.0000000000000000        0.0000000000000000        0.0000000000000000        0.0000000000000000     
 test props.    0.0000000000000000        0.0000000000000000     
 Var           2.5934723063461358     
 Var before    2.3372083322394324     
 iev, nphot and rad. pattern    0.0000000000000000                0               1           0           0           0
 partons...            1          -1
 x1 & x2   0.87608640005493954       0.95736020382382236     
 sv & ME   0.55502393311229881        20356.818081596950     
 plepton   =    45.791108703652171       0.81596360334301854       -39.990176150177838        22.292027442428587     
 pneutrino =    45.791108703652171      -0.81596360334301854        39.990176150177838       -22.292027442428587     
 pleptonlab   =    44.847022272489902       0.81596360334301854       -39.990176150177838        20.282116701505910     
 pneutrinolab =    46.825307921448207      -0.81596360334301854        39.990176150177838       -24.345806889950051     
 sqrt(s) =    91.582217407304341     
 sqrt_fs_cm =    91.582217407304341     
 phind channel           0
 bbb pw(0) qmod c1q   0.0000000000000000        0.0000000000000000        0.0000000000000000        0.0000000000000000     
 reduced to Born momenta
   45.791108703652178        0.0000000000000000        0.0000000000000000        45.791055444093999     
   45.791108703652164        0.0000000000000000        0.0000000000000000       -45.791055444093985     
   45.791108703652171       0.81596360334301854       -39.990176150177838        22.292027442428587     
   45.791108703652171      -0.81596360334301854        39.990176150177838       -22.292027442428587     
 isvec for ranlux 
     2803006     6819478    11266704    12521690      381903    12884269    10959814      755982    12350293    13898296    16631971     2580472     9212313    13500588    11285027    11301427    13249530     3480466    12322296     6680866     5860556      319932     9357205      566304    -4230115
  
 ====== DUMPING at point            1
 propag    0.0000000000000000        0.0000000000000000        0.0000000000000000        0.0000000000000000     
 test props.    0.0000000000000000        0.0000000000000000     
 Var           2.2424538972519277     
 Var before    1.8408065236453832     
 iev, nphot and rad. pattern    0.0000000000000000                1               0           0           1           0
 partons...            1          -1
 x1 & x2   0.86162213987822611       0.95881440568901921     
 sv & ME   0.58211392133296902        5360808917.6840553     
 plepton   =    45.439552118982093        27.907283267128136        14.829818233523966       -32.649682462332350     
 pneutrino =    45.445942796927369       -27.910932680623084       -14.833094036719181        32.653969302455366     
 pleptonlab   =    47.250093476047844        27.907283267128136        14.829818233523966       -35.125776882692591     
 pneutrinolab =    43.764981767540142       -27.910932680623084       -14.833094036719181        30.270804806235720     
 sqrt(s) =    90.892008448259205     
 sqrt_fs_cm =    90.885494682505310     
 phind channel           0
 bbb pw(0) qmod c1q   0.0000000000000000        0.0000000000000000        0.0000000000000000        0.0000000000000000     
 reduced to Born momenta
   45.446004224129602        0.0000000000000000        0.0000000000000000        45.445950560132474     
   45.446004224129602        0.0000000000000000        0.0000000000000000       -45.445950560132474     
   45.446004224129602        27.911108167021435        14.832519054123319       -32.654165976886247     
   45.446004224129602       -27.911108167021435       -14.832519054123319        32.654165976886247     
 >> Photon n.           1
 cm momentum     6.5135323497436714E-003   3.6494134949475706E-003   3.2758031952150337E-003  -4.2868401230126193E-003
 lab momentum    6.7520347742778732E-003   3.6494134949475706E-003   3.2758031952150337E-003  -4.6412140827773911E-003
 c_ph_up   -0.65814367578619926     
 c_ph_up lab  -0.68738006214930469     
 c_ph_lep  0.98113856417381162     
 c_ph_lep lab   0.98250201139142246     
 isvec for ranlux 
    13077225     6767474    12978143    11216133     7787453     7756591     1456377     6700084     7382700    12480500    14719702    13291644     7895789     6891298      102469     9060833    10785562     3405521     1113041     5184210    10069583      203884    13164889     3691341     4042414
  
 ====== DUMPING at point            1
 propag    0.0000000000000000        0.0000000000000000        0.0000000000000000        0.0000000000000000     
 test props.    0.0000000000000000        0.0000000000000000     
 Var           2.1974814672322776     
 Var before    1.7954500564827391     
 iev, nphot and rad. pattern    0.0000000000000000                0               0           1           0           0
 partons...            1          -1
 x1 & x2   0.98399797922510290       0.86808428691636319     
 sv & ME   0.55544657644739381        10444.043089125445     
 plepton   =    46.211286070687493        22.378523706209741        34.648755843477240        20.835959105478167     
 pneutrino =    46.211286070687464       -22.378523706209741       -34.648755843477240       -20.835959105478167     
 pleptonlab   =    47.608649240581038        22.378523706209741        34.648755843477240        23.774728474809546     
 pneutrinolab =    44.995464066492268       -22.378523706209741       -34.648755843477240       -17.979043859372563     
 sqrt(s) =    92.422572141374957     
 sqrt_fs_cm =    92.422572141374957     
 phind channel           0
 bbb pw(0) qmod c1q   0.0000000000000000        0.0000000000000000        0.0000000000000000        0.0000000000000000     
 reduced to Born momenta
   46.211286070687478        0.0000000000000000        0.0000000000000000        46.211233295393825     
   46.211286070687478        0.0000000000000000        0.0000000000000000       -46.211233295393825     
   46.211286070687493        22.378523706209741        34.648755843477240        20.835959105478167     
   46.211286070687464       -22.378523706209741       -34.648755843477240       -20.835959105478167     
 isvec for ranlux 
     2097233     6471148     4378437     8640871    15711293     8225040    11065883    15787977     7243899     4917269    11956633    15358016     1047827     9592925      229606     7295905     6628324     2019165    14002484    11234980     6728922     2987987     4664818    12003099    -4080923
  
 ====== DUMPING at point            1
 propag    0.0000000000000000        0.0000000000000000        0.0000000000000000        0.0000000000000000     
 test props.    0.0000000000000000        0.0000000000000000     
 Var           2.4845238289493543     
 Var before    1.9358346247647982     
 iev, nphot and rad. pattern    0.0000000000000000                2               0           0           1           1
 partons...            1          -1
 x1 & x2   0.89231371458997322       0.95230715423572843     
 sv & ME   0.56508197748149336        33687812146.926590     
 plepton   =    46.020525931197604       -29.454007431337175        4.9006894924225506        35.018885362417755     
 pneutrino =    45.898015590662730        29.340739980642574       -4.9917897951800700       -34.940230158061489     
 pleptonlab   =    44.905347028256784       -29.454007431337175        4.9006894924225506        33.539882479971446     
 pneutrinolab =    47.059288168838613        29.340739980642574       -4.9917897951800700       -36.452276352724326     
 sqrt(s) =    92.182250689961435     
 sqrt_fs_cm =    91.918392936801510     
 phind channel           0
 bbb pw(0) qmod c1q   0.0000000000000000        0.0000000000000000        0.0000000000000000        0.0000000000000000     
 reduced to Born momenta
   46.091125344980718        0.0000000000000000        0.0000000000000000        46.091072432100383     
   46.091125344980718        0.0000000000000000        0.0000000000000000       -46.091072432100383     
   46.091125344980718       -29.481723384010202        4.9604686649427672        35.079943112953913     
   46.091125344980718        29.481723384010202       -4.9604686649427672       -35.079943112953913     
 >> Photon n.           1
 cm momentum     5.4363968164841597E-002  -3.4426270468793992E-002   4.5256499985261338E-003   4.1830508344128360E-002
 lab momentum    5.3031550748410712E-002  -3.4426270468793992E-002   4.5256499985261338E-003   4.0083609723695582E-002
 c_ph_up    0.76945281509419128     
 c_ph_up lab   0.75584457097734103     
 c_ph_lep  0.99967080190549917     
 c_ph_lep lab   0.99965414926720908     
 >> Photon n.           2
 cm momentum    0.20934519993626222       0.14769372116339533        8.6574652758993537E-002 -0.12048571270039665     
 lab momentum   0.21337669344128155       0.14769372116339533        8.6574652758993537E-002 -0.12736171925858872     
 c_ph_up   -0.57553606548934511     
 c_ph_up lab  -0.59688674149239729     
 c_ph_lep -0.84544782312113909     
 c_ph_lep lab  -0.85554438765077889     
 isvec for ranlux 
     7705512     6767400    12346605     2442596     4398068    14780140    11606138    14688674    13412440     5267269    10109083     1735670     8876049    16397594    14292833    16049731     7015236     2292865    16408353     4672107     7144624     1147718    13770713    15989233    -4151606
  
 ====== DUMPING at point            1
 propag    0.0000000000000000        0.0000000000000000        0.0000000000000000        0.0000000000000000     
 test props.    0.0000000000000000        0.0000000000000000     
 Var           1.9500667165382506     
 Var before    1.4953663617089157     
 iev, nphot and rad. pattern    0.0000000000000000                2               1           0           1           0
 partons...            1          -1
 x1 & x2   0.99111498510341978       0.83269312379631744     
 sv & ME   0.58090293701602780        31272819.537092481     
 plepton   =    44.860045342803005        4.3423521350075971       -29.062706018302240       -33.895657558103323     
 pneutrino =    45.016130513189353       -5.0745658995319740        29.297093203724810        33.798963792291005     
 pleptonlab   =    42.074791422038025        4.3423521350075971       -29.062706018302240       -30.112788086556677     
 pneutrinolab =    48.133952118921577       -5.0745658995319740        29.297093203724810        37.852282541991251     
 sqrt(s) =    90.845728187246493     
 sqrt_fs_cm =    89.872835509197486     
 phind channel           0
 bbb pw(0) qmod c1q   0.0000000000000000        0.0000000000000000        0.0000000000000000        0.0000000000000000     
 reduced to Born momenta
   45.040789151640773        0.0000000000000000        0.0000000000000000        45.040735004848230     
   45.040789151640773        0.0000000000000000        0.0000000000000000       -45.040735004848230     
   45.040789151640773        4.7190765142586910       -29.247572564845065       -33.925968514219122     
   45.040789151640773       -4.7190765142586910        29.247572564845065        33.925968514219122     
 >> Photon n.           1
 cm momentum    0.76093605621093541       0.71382040768917909       -9.1220339745715251E-002  0.24731145712437669     
 lab momentum   0.78538689683387586       0.71382040768917909       -9.1220339745715251E-002  0.31459792259561342     
 c_ph_up    0.32500951309346371     
 c_ph_up lab   0.40056426184833183     
 c_ph_lep  -7.7104848589649888E-002
 c_ph_lep lab  -0.11265437937286019     
 >> Photon n.           2
 cm momentum    0.20861627504320104        1.8393356835197449E-002 -0.14316684567685378      -0.15061769131205516     
 lab momentum   0.19627500719339133        1.8393356835197449E-002 -0.14316684567685378      -0.13299931267506179     
 c_ph_up   -0.72198437672643079     
 c_ph_up lab  -0.67761715858207305     
 c_ph_lep  0.99866030663259109     
 c_ph_lep lab   0.99848181853793772     
 isvec for ranlux 
    10482904     1249819    12058037    14159976    14147930     6205970     8604369     9431829     9704793     2911077    12566670     7519744     8037451     9579103     1801853     7051106     4729559     8526420      295591      567446    12330918     8671797    12046268    10350963     4080418
  
 ====== DUMPING at point            1
 propag    0.0000000000000000        0.0000000000000000        0.0000000000000000        0.0000000000000000     
 test props.    0.0000000000000000        0.0000000000000000     
 Var           2.4307600438131058     
 Var before    1.6810217555559337     
 iev, nphot and rad. pattern    0.0000000000000000                0               0           0           1           0
 partons...            1          -1
 x1 & x2   0.78801170418191668       0.99690016282409055     
 sv & ME   0.55521106398349973        6218.6866564987549     
 plepton   =    44.316165115176709       -10.097712373767406        36.581376573730886        22.885594150287965     
 pneutrino =    44.316165115176709        10.097712373767406       -36.581376573730886       -22.885594150287965     
 pleptonlab   =    41.925961065198663       -10.097712373767406        36.581376573730886        17.821732248483695     
 pneutrinolab =    47.319632285101711        10.097712373767406       -36.581376573730886       -28.266155180592389     
 sqrt(s) =    88.632330230353418     
 sqrt_fs_cm =    88.632330230353418     
 phind channel           0
 bbb pw(0) qmod c1q   0.0000000000000000        0.0000000000000000        0.0000000000000000        0.0000000000000000     
 reduced to Born momenta
   44.316165115176709        0.0000000000000000        0.0000000000000000        44.316110083016142     
   44.316165115176709        0.0000000000000000        0.0000000000000000       -44.316110083016142     
   44.316165115176709       -10.097712373767406        36.581376573730886        22.885594150287965     
   44.316165115176709        10.097712373767406       -36.581376573730886       -22.885594150287965     
 isvec for ranlux 
     1529830    10969541     5398952    14836342    16636312     5190420     1470932    12386847    11625234     6824400      810679     8482292     6601895    16231455    13558496     6713029     1261892      214096    11394427     5414534     6660712     4299797     3825772    15586491    -4101909
  
 ====== DUMPING at point            1
 propag    0.0000000000000000        0.0000000000000000        0.0000000000000000        0.0000000000000000     
 test props.    0.0000000000000000        0.0000000000000000     
 Var           2.2979344805334438     
 Var before    1.6469747673389841     
 iev, nphot and rad. pattern    0.0000000000000000                1               1           0           0           0
 partons...            1          -1
 x1 & x2   0.99906993316453185       0.77321380600730605     
 sv & ME   0.55512558626306940        12502202022.755604     
 plepton   =    43.940377157347662        23.698410671641494        30.481184892397046        20.976851056157777     
 pneutrino =    43.943980211434010       -23.698553824363277       -30.481231610595508       -20.984167824014985     
 pleptonlab   =    46.996809210730014        23.698410671641494        30.481184892397046        26.794992283858278     
 pneutrinolab =    41.609059171971154       -23.698553824363277       -30.481231610595508       -15.510503138844939     
 sqrt(s) =    87.891675686017763     
 sqrt_fs_cm =    87.884357064075758     
 phind channel           0
 bbb pw(0) qmod c1q   0.0000000000000000        0.0000000000000000        0.0000000000000000        0.0000000000000000     
 reduced to Born momenta
   43.942178532037879        0.0000000000000000        0.0000000000000000        43.942123031504643     
   43.942178532037879        0.0000000000000000        0.0000000000000000       -43.942123031504643     
   43.942178532037879        23.698482246535146        30.481208251017435        20.980509365093766     
   43.942178532037879       -23.698482246535146       -30.481208251017435       -20.980509365093766     
 >> Photon n.           1
 cm momentum     7.3183172360942262E-003   1.4315272178306367E-004   4.6718198461803925E-005   7.3167678572093851E-003
 lab momentum    8.3185758907397978E-003   1.4315272178306367E-004   4.6718198461803925E-005   8.3172128479542945E-003
 c_ph_up    0.99978828754823590     
 c_ph_up lab   0.99983614469550963     
 c_ph_lep  0.49227201710170992     
 c_ph_lep lab   0.58237312139836783     
 isvec for ranlux 
     4582103    14909827     6058609    16033389    16400909    10270577    12793303      310030     7779432    12399011     3122562     7325754    11785470    16087410     4035484     7020979    11753393     9284947      731009     1133262     6407025    14657548    11290772     1908909    -4011606
  
 ====== DUMPING at point            1
 propag    0.0000000000000000        0.0000000000000000        0.0000000000000000        0.0000000000000000     
 test props.    0.0000000000000000        0.0000000000000000     
 Var           1.2850940768206318     
 Var before    1.1177301856687083     
 iev, nphot and rad. pattern    0.0000000000000000                0               0           1           0           0
 partons...            1          -1
 x1 & x2   0.99824578396657115       0.83547038122342310     
 sv & ME   0.56820378972131858        15351.684349536325     
 plepton   =    45.661931236130016       -14.950084696166462       -42.951244957651021       -4.0848898010723333     
 pneutrino =    45.661931236129988        14.950084696166462        42.951244957651021        4.0848898010723333     
 pleptonlab   =    45.478859309190014       -14.950084696166462       -42.951244957651021       -3.1694462262076506E-002
 pneutrinolab =    46.206948950309680        14.950084696166462        42.951244957651021        8.1704645994194767     
 sqrt(s) =    91.323862472260004     
 sqrt_fs_cm =    91.323862472260004     
 phind channel           0
 bbb pw(0) qmod c1q   0.0000000000000000        0.0000000000000000        0.0000000000000000        0.0000000000000000     
 reduced to Born momenta
   45.661931236130002        0.0000000000000000        0.0000000000000000        45.661877825900511     
   45.661931236130002        0.0000000000000000        0.0000000000000000       -45.661877825900511     
   45.661931236130016       -14.950084696166462       -42.951244957651021       -4.0848898010723333     
   45.661931236129988        14.950084696166462        42.951244957651021        4.0848898010723333     
 isvec for ranlux 
    15697820    13958964    15496225    11578598     1704967     5619974     9875627     7164025     7377212     9094670     8478077    13805758     9465217     1972369     1888418    13095976    15555016    16310036     7352882    14970220     9477691      555846    10078497      522600     4061606
  
 ====== DUMPING at point            1
 propag    0.0000000000000000        0.0000000000000000        0.0000000000000000        0.0000000000000000     
 test props.    0.0000000000000000        0.0000000000000000     
 Var           1.3454580839091734     
 Var before   0.95898132008474735     
 iev, nphot and rad. pattern    0.0000000000000000                1               0           0           1           0
 partons...            1          -1
 x1 & x2   0.96472912457459348       0.99985227665595089     
 sv & ME   0.55707592747437751        30323982041.491333     
 plepton   =    49.106043338979589        47.772614220505709        10.746174665705992        3.6999174735592470     
 pneutrino =    49.106682165864335       -47.773217153194189       -10.746376451238815       -3.7000250877207987     
 pleptonlab   =    49.047734704427420        47.772614220505709        10.746174665705992        2.8224415914774688     
 pneutrinolab =    49.180692332526966       -47.773217153194189       -10.746376451238815       -4.5786952963941472     
 sqrt(s) =    98.213370350589713     
 sqrt_fs_cm =    98.212725502726940     
 phind channel           0
 bbb pw(0) qmod c1q   0.0000000000000000        0.0000000000000000        0.0000000000000000        0.0000000000000000     
 reduced to Born momenta
   49.106685175294857        0.0000000000000000        0.0000000000000000        49.106635511709861     
   49.106685175294857        0.0000000000000000        0.0000000000000000       -49.106635511709861     
   49.106685175294857        47.773229356068924        10.746346116667842        3.6999955739525152     
   49.106685175294857       -47.773229356068924       -10.746346116667842       -3.6999955739525152     
 >> Photon n.           1
 cm momentum     6.4484574578833507E-004   6.0293268848001912E-004   2.0178553282399202E-004   1.0761416155185183E-004
 lab momentum    6.4302457280885120E-004   6.0293268848001912E-004   2.0178553282399202E-004   9.6100848805823362E-005
 c_ph_up    0.16688357216390046     
 c_ph_up lab   0.14945128517567680     
 c_ph_lep  0.99066837144949960     
 c_ph_lep lab   0.99063081357855942     
 isvec for ranlux 
     8580474     7453528     6610367     9370130     6454595    13285363    12880910       20013     9703009    16699534     1920148     6241711     6714350     8434631    10339274    15950484     7679134     4788915     9680677     9420690    13578033     7433776    11266006     2295994     4192111
  
 ====== DUMPING at point            1
 propag    0.0000000000000000        0.0000000000000000        0.0000000000000000        0.0000000000000000     
 test props.    0.0000000000000000        0.0000000000000000     
 Var           1.0900657478748235     
 Var before   0.79413190918577470     
 iev, nphot and rad. pattern    0.0000000000000000                0               0           1           0           1
 partons...            1          -1
 x1 & x2   0.99980630916241497       0.84480401586590759     
 sv & ME   0.57500845713595261        13170.719488271010     
 plepton   =    45.952159499540379        17.841495401451869       -19.153622280991719       -37.767838094558712     
 pneutrino =    45.952159499540365       -17.841495401451869        19.153622280991719        37.767838094558712     
 pleptonlab   =    42.930368894568488        17.841495401451869       -19.153622280991719       -34.026830664775915     
 pneutrinolab =    49.300147356847646       -17.841495401451869        19.153622280991719        41.776945329601283     
 sqrt(s) =    91.904318999080743     
 sqrt_fs_cm =    91.904318999080743     
 phind channel           0
 bbb pw(0) qmod c1q   0.0000000000000000        0.0000000000000000        0.0000000000000000        0.0000000000000000     
 reduced to Born momenta
   45.952159499540372        0.0000000000000000        0.0000000000000000        45.952106426643802     
   45.952159499540372        0.0000000000000000        0.0000000000000000       -45.952106426643802     
   45.952159499540379        17.841495401451869       -19.153622280991719       -37.767838094558712     
   45.952159499540365       -17.841495401451869        19.153622280991719        37.767838094558712     
 isvec for ranlux 
    16005597     8434417    14436132    13695452    14164085      961699    13764582       67402     7211444    14390456      970651      358280     3303569    11896123     6216082     9295383     9040778    13778432     3232438     8688432    14560231     5902029      962798     8581584    -4231606
  
 ====== DUMPING at point            1
 propag    0.0000000000000000        0.0000000000000000        0.0000000000000000        0.0000000000000000     
 test props.    0.0000000000000000        0.0000000000000000     
 Var           1.1506058251259008     
 Var before    1.0323568654340556     
 iev, nphot and rad. pattern    0.0000000000000000                1               0           0           0           1
 partons...            1          -1
 x1 & x2   0.99933886287968976       0.80379008634362015     
 sv & ME   0.55453053402080499        1450630540.0488636     
 plepton   =    44.812347781541369        39.329387016810912        6.6510920238678874        20.422968485856664     
 pneutrino =    44.482025543903823       -39.040117171769886       -6.6015861321891585       -20.271352805148688     
 pleptonlab   =    47.306227420531123        39.329387016810912        6.6510920238678874        25.432858290870289     
 pneutrinolab =    42.534474541637238       -39.040117171769886       -6.6015861321891585       -15.538940523584094     
 sqrt(s) =    89.624699211802152     
 sqrt_fs_cm =    89.293762337538340     
 phind channel           0
 bbb pw(0) qmod c1q   0.0000000000000000        0.0000000000000000        0.0000000000000000        0.0000000000000000     
 reduced to Born momenta
   44.812349605901076        0.0000000000000000        0.0000000000000000        44.812295183084544     
   44.812349605901076        0.0000000000000000        0.0000000000000000       -44.812295183084544     
   44.812349605901076        39.329709312046610        6.6508515275189248        20.422430141852544     
   44.812349605901076       -39.329709312046610       -6.6508515275189248       -20.422430141852544     
 >> Photon n.           1
 cm momentum    0.33032588635695692      -0.28926984504102815       -4.9505891678729354E-002 -0.15161568070797524     
 lab momentum   0.31574549899712284      -0.28926984504102815       -4.9505891678729354E-002 -0.11647894048271376     
 c_ph_up   -0.45898819005706454     
 c_ph_up lab  -0.36890134887964038     
 c_ph_lep -0.99999181518636648     
 c_ph_lep lab  -0.98204255495062420     
 isvec for ranlux 
     7388714     9617288     1398336     2389383     4357369    14684140     9486446     3033673    14925955     8440235    11812995     4941409    14160479     3700818    15230137      144881    12942425     3385948     9189929     1666383    14135389     4984438     2235879     8010321    -4160317
  
 ====== DUMPING at point            1
 propag    0.0000000000000000        0.0000000000000000        0.0000000000000000        0.0000000000000000     
 test props.    0.0000000000000000        0.0000000000000000     
 Var          0.72496073177705356     
 Var before   0.63262857996329047     
 iev, nphot and rad. pattern    0.0000000000000000                0               0           1           0           0
 partons...            1          -1
 x1 & x2   0.81815401873547311       0.99974961454553413     
 sv & ME   0.55506860149472437        25489.311662267843     
 plepton   =    45.220271031631064       -33.724281971453060        17.173927916936528        24.750570779206253     
 pneutrino =    45.220271031631079        33.724281971453060       -17.173927916936528       -24.750570779206253     
 pleptonlab   =    42.962756848973008       -33.724281971453060        17.173927916936528        20.335100633788464     
 pneutrinolab =    47.932424815077340        33.724281971453060       -17.173927916936528       -29.414880424291511     
 sqrt(s) =    90.440542063262143     
 sqrt_fs_cm =    90.440542063262143     
 phind channel           0
 bbb pw(0) qmod c1q   0.0000000000000000        0.0000000000000000        0.0000000000000000        0.0000000000000000     
 reduced to Born momenta
   45.220271031631071        0.0000000000000000        0.0000000000000000        45.220217099750556     
   45.220271031631071        0.0000000000000000        0.0000000000000000       -45.220217099750556     
   45.220271031631064       -33.724281971453060        17.173927916936528        24.750570779206253     
   45.220271031631079        33.724281971453060       -17.173927916936528       -24.750570779206253     
 isvec for ranlux 
     1457327    11843211      842130     1627129    13128769     2257102     8061877     9626046    13167356     9311311       68476    11689171     5193999    15602726    13809534     9598677    15490076    16534941     4561603     1137849      146632    16199119     3483777    15651896    -4100317
  
 ====== DUMPING at point            1
 propag    0.0000000000000000        0.0000000000000000        0.0000000000000000        0.0000000000000000     
 test props.    0.0000000000000000        0.0000000000000000     
 Var          0.76019896076573990     
 Var before   0.67305662966861524     
 iev, nphot and rad. pattern    0.0000000000000000                1               0           0           0           1
 partons...            1          -1
 x1 & x2   0.80271939441456652       0.99954498956101523     
 sv & ME   0.55464972402524138        3544663737.4723821     
 plepton   =    44.787045043830702       -6.3837219802386320       -38.263702195633165        22.383150538509284     
 pneutrino =    44.782802608105257        6.3836268348022411        38.259539802604770       -22.381804401610346     
 pleptonlab   =    42.597365834632093       -6.3837219802386320       -38.263702195633165        17.597204332533330     
 pneutrinolab =    47.511303448967602        6.3836268348022411        38.259539802604770       -27.436649107631673     
 sqrt(s) =    89.574223340787739     
 sqrt_fs_cm =    89.569847545054841     
 phind channel           0
 bbb pw(0) qmod c1q   0.0000000000000000        0.0000000000000000        0.0000000000000000        0.0000000000000000     
 reduced to Born momenta
   44.787111670393870        0.0000000000000000        0.0000000000000000        44.787057216909560     
   44.787111670393870        0.0000000000000000        0.0000000000000000       -44.787057216909560     
   44.787111670393863       -6.3839862726241225       -38.263490172277976        22.383570921365436     
   44.787111670393877        6.3839862726241225        38.263490172277976       -22.383570921365436     
 >> Photon n.           1
 cm momentum     4.3756888517790249E-003   9.5145436391319346E-005   4.1623930283955250E-003  -1.3461368989376508E-003
 lab momentum    4.5499151793877337E-003   9.5145436391319346E-005   4.1623930283955250E-003  -1.8349822240885992E-003
 c_ph_up   -0.30763999556100785     
 c_ph_up lab  -0.40330031478422557     
 c_ph_lep -0.96955256542228485     
 c_ph_lep lab  -0.99150061171182091     
 isvec for ranlux 
    14521119     3284366     3463762    11480123     3336141    13887286     8647963     5115281    11781391     9822864    14374850       23828     6429012     3846061     5815448    12970300     6645149    13960673    15889545     2643589     8059802     5945202    14697481       61957    -4221909
  
 ====== DUMPING at point            1
 propag    0.0000000000000000        0.0000000000000000        0.0000000000000000        0.0000000000000000     
 test props.    0.0000000000000000        0.0000000000000000     
 Var          0.80485999546406939     
 Var before   0.65257843412895022     
 iev, nphot and rad. pattern    0.0000000000000000                2               0           0           1           1
 partons...            1          -1
 x1 & x2   0.99949952126452912       0.86756226683305770     
 sv & ME   0.56279690825170037        270867387.45136893     
 plepton   =    42.066578756300970        17.465678212413941       -28.007017468867950        26.079550257769743     
 pneutrino =    46.417903341313945       -20.538198163732080        29.905849008146035       -28.955710977307042     
 pleptonlab   =    44.019555327879203        17.465678212413941       -28.007017468867950        29.125026088429244     
 pneutrinolab =    44.482932297388672       -20.538198163732080        29.905849008146035       -25.739905076978033     
 sqrt(s) =    93.119711681620387     
 sqrt_fs_cm =    88.363936826811425     
 phind channel           0
 bbb pw(0) qmod c1q   0.0000000000000000        0.0000000000000000        0.0000000000000000        0.0000000000000000     
 reduced to Born momenta
   46.559855840810194        0.0000000000000000        0.0000000000000000        46.559803460618554     
   46.559855840810194        0.0000000000000000        0.0000000000000000       -46.559803460618554     
   46.559855840810194        19.984800376602053       -30.490268791510942        28.961358309898717     
   46.559855840810194       -19.984800376602053        30.490268791510942       -28.961358309898717     
 >> Photon n.           1
 cm momentum     4.6260684698090859        3.0770178121901099       -1.9040564539316516        2.8821935901441105     
 lab momentum    4.8418450912724653        3.0770178121901099       -1.9040564539316516        3.2171407012415991     
 c_ph_up    0.62303305905523187     
 c_ph_up lab   0.66444519405227720     
 c_ph_lep  0.93645088254127906     
 c_ph_lep lab   0.94197674242336971     
 >> Photon n.           2
 cm momentum     9.1611141963837996E-003  -4.4978608719723765E-003   5.2249146535649797E-003  -6.0328706068112081E-003
 lab momentum    8.7566883389966609E-003  -4.4978608719723765E-003   5.2249146535649797E-003  -5.3989911192427369E-003
 c_ph_up   -0.65853022650810156     
 c_ph_up lab  -0.61655627221527354     
 c_ph_lep -0.99183005326183826     
 c_ph_lep lab  -0.99137094763129530     
 isvec for ranlux 
     9694957     1252334     7167226    16399770     5334141    13250981    11984409     2603513     3627080     4384046     3205779    13795264     8270940     7640603    12795748       19997    12743485    14635427     5286932    15315727    15130947     8180743    14720784    11532738    -4080923
  
 ====== DUMPING at point            1
 propag    0.0000000000000000        0.0000000000000000        0.0000000000000000        0.0000000000000000     
 test props.    0.0000000000000000        0.0000000000000000     
 Var          0.57256324044025364     
 Var before   0.49340883360021875     
 iev, nphot and rad. pattern    0.0000000000000000                3               0           0           1           2
 partons...            1          -1
 x1 & x2   0.99986082751552130       0.80389826588387436     
 sv & ME   0.55773736088007553        11739669037266.236     
 plepton   =    44.767636311597393        36.198332013839277       -6.0824287968012136        25.628400585750327     
 pneutrino =    41.753706855056549       -33.689448669012080        5.7436698314777201       -23.987333692836728     
 pleptonlab   =    47.835071123168788        36.198332013839277       -6.0824287968012136        30.673566551916501     
 pneutrinolab =    39.380787829049225       -33.689448669012080        5.7436698314777201       -19.566977068267214     
 sqrt(s) =    89.654134615473424     
 sqrt_fs_cm =    86.468725384038933     
 phind channel           0
 bbb pw(0) qmod c1q   0.0000000000000000        0.0000000000000000        0.0000000000000000        0.0000000000000000     
 reduced to Born momenta
   44.827067307736712        0.0000000000000000        0.0000000000000000        44.827012902788397     
   44.827067307736712        0.0000000000000000        0.0000000000000000       -44.827012902788397     
   44.827067307736712        36.208530240258106       -6.1278208485018526        25.706943599149820     
   44.827067307736712       -36.208530240258106        6.1278208485018526       -25.706943599149820     
 >> Photon n.           1
 cm momentum     1.3668795775835759E-002   1.0206191023352719E-002  -1.2247937095229489E-003   9.0094130289077590E-003
 lab momentum    1.4734804170350743E-002   1.0206191023352719E-002  -1.2247937095229489E-003   1.0556893439953492E-002
 c_ph_up    0.65912265986407947     
 c_ph_up lab   0.71645970437774731     
 c_ph_lep  0.99326001840720768     
 c_ph_lep lab   0.99414858909169657     
 >> Photon n.           2
 cm momentum     3.0718747221879918       -2.5406826201739467       0.35138867271206048       -1.6905242184166585     
 lab momentum    2.9054111837302439       -2.5406826201739467       0.35138867271206048       -1.3648706791416099     
 c_ph_up   -0.55032329482907927     
 c_ph_up lab  -0.46976850876895804     
 c_ph_lep -0.99935292509010309     
 c_ph_lep lab  -0.97834950508172580     
 >> Photon n.           3
 cm momentum     4.7247930855652161E-002   2.1593084323399809E-002  -1.1404913679044259E-002   4.0447912474151020E-002
 lab momentum    5.1949729851164576E-002   2.1593084323399809E-002  -1.1404913679044259E-002   4.5852383634714937E-002
 c_ph_up    0.85607796450862628     
 c_ph_up lab   0.88262987634548873     
 c_ph_lep  0.89241832455229508     
 c_ph_lep lab   0.90842960902149894     
 isvec for ranlux 
     8192674     9675355    12081709     9480863      986779    11942623     6473535     8765465     4090856     8723139     4116667     2833519      419117    11029292     2425882     3624875     8132952    13471903     1621808    10524330     7978715     5812058      446896     1435424     4221707
  
 ====== DUMPING at point            1
 propag    0.0000000000000000        0.0000000000000000        0.0000000000000000        0.0000000000000000     
 test props.    0.0000000000000000        0.0000000000000000     
 Var          0.34937194431304269     
 Var before   0.30331239057040438     
 iev, nphot and rad. pattern    3.0000000000000000                2               0           0           1           1
 partons...            1          -1
 x1 & x2   0.80486758752114917       0.99979661989914670     
 sv & ME   0.58433093275368553        3960078537918.8691     
 plepton   =    44.314251048576104       -29.540765012980753        16.285201794761065       -28.738077306189478     
 pneutrino =    44.834249711637419        29.891558942823981       -16.439915546893793        29.091625329167698     
 pleptonlab   =    47.697426195238521       -29.540765012980753        16.285201794761065       -33.721932134895830     
 pneutrinolab =    41.937305984446930        29.891558942823981       -16.439915546893793        24.391604094858948     
 sqrt(s) =    89.705289335134836     
 sqrt_fs_cm =    89.146975264800346     
 phind channel           0
 bbb pw(0) qmod c1q   0.0000000000000000        0.0000000000000000        0.0000000000000000        0.0000000000000000     
 reduced to Born momenta
   44.852644667567418        0.0000000000000000        0.0000000000000000        44.852590293643736     
   44.852644667567418        0.0000000000000000        0.0000000000000000       -44.852590293643736     
   44.852644667567418       -29.901756115286872        16.464808459459885       -29.095422897747991     
   44.852644667567418        29.901756115286872       -16.464808459459885        29.095422897747991     
 >> Photon n.           1
 cm momentum    0.53914266170382674      -0.36253374803899774       0.16090892068981991      -0.36517449314583939     
 lab momentum   0.58199164319471497      -0.36253374803899774       0.16090892068981991      -0.42590124855853406     
 c_ph_up   -0.67732442465561138     
 c_ph_up lab  -0.73179959461383837     
 c_ph_lep  0.99718461998975816     
 c_ph_lep lab   0.99757690189950254     
 >> Photon n.           2
 cm momentum     1.7645913217485536E-002   1.1739818195769081E-002  -6.1951685570905343E-003   1.1626470167619956E-002
 lab momentum    1.6486548134631570E-002   1.1739818195769081E-002  -6.1951685570905343E-003   9.7776696955383848E-003
 c_ph_up    0.65887608220237392     
 c_ph_up lab   0.59306955074479506     
 c_ph_lep -0.99981069900439379     
 c_ph_lep lab  -0.98861940645479007     
 isvec for ranlux 
    10876423     5508206     6552395     8586876     3831691     8121497     1468692    10309077    15186285     7188278     4503280     9877336     1366014     5981390     5726979     1082832     5970519     4651962    15890584    14102435     4569516     6677682    13119496    13736282     4202010
  
 ====== DUMPING at point            1
 propag    0.0000000000000000        0.0000000000000000        0.0000000000000000        0.0000000000000000     
 test props.    0.0000000000000000        0.0000000000000000     
 Var          0.34403724780923833     
 Var before   0.29543328039215172     
 iev, nphot and rad. pattern    5.0000000000000000                2               0           0           1           1
 partons...            1          -1
 x1 & x2   0.99985005286215844       0.84397454501042546     
 sv & ME   0.55591065940678530        96899034302.535248     
 plepton   =    44.740417206149125       0.21658685297652425       -42.458203315373382        14.104886722492695     
 pneutrino =    45.791993121093839      -0.16424623864748050        43.469562728116372       -14.396722186327109     
 pleptonlab   =    46.097856767751310       0.21658685297652425       -42.458203315373382        17.951470587508460     
 pneutrinolab =    44.735050030965631      -0.16424623864748050        43.469562728116372       -10.563317517758133     
 sqrt(s) =    91.861199286912750     
 sqrt_fs_cm =    90.526275546499107     
 phind channel           0
 bbb pw(0) qmod c1q   0.0000000000000000        0.0000000000000000        0.0000000000000000        0.0000000000000000     
 reduced to Born momenta
   45.930599643456375        0.0000000000000000        0.0000000000000000        45.930546545647324     
   45.930599643456375        0.0000000000000000        0.0000000000000000       -45.930546545647324     
   45.930599643456375       0.19337872900480110       -43.594462656376400        14.460091641652163     
   45.930599643456375      -0.19337872900480110        43.594462656376400       -14.460091641652163     
 >> Photon n.           1
 cm momentum     1.1912302019136900       -5.1355322693241195E-002  -1.1423064616979448       0.33395803979770478     
 lab momentum    1.2238439322183756       -5.1355322693241195E-002  -1.1423064616979448       0.43622534179243944     
 c_ph_up    0.28034719004035252     
 c_ph_up lab   0.35643870129888583     
 c_ph_lep  0.99819141787823862     
 c_ph_lep lab   0.99829144469771303     
 >> Photon n.           2
 cm momentum    0.13755875775609952       -9.8529163580255048E-004  0.13094704895495138       -4.2122575963291442E-002
 lab momentum   0.13447916269387872       -9.8529163580255048E-004  0.13094704895495138       -3.0603018956120831E-002
 c_ph_up   -0.30621515234949609     
 c_ph_up lab  -0.22756699508743916     
 c_ph_lep -0.99995205742404170     
 c_ph_lep lab  -0.98551005108662482     
 isvec for ranlux 
    13798336     8607402     7564242     6135960     8172408    11356951    12904116    12031075     5356482     9565784     5190119    11828940     9261313    15821424    16481898     3060787     3760646      711049     8167466     5757978    13465270     5714415     5077099     6269482     4100721
  
