 ====== DUMPING at point            1
 propag    0.0000000000000000        0.0000000000000000        0.0000000000000000        0.0000000000000000     
 test props.    0.0000000000000000        0.0000000000000000     
 Var           1.9539278530669214E-002
 Var before    0.0000000000000000     
 iev, nphot and rad. pattern    0.0000000000000000                0               0           0           0           0
 partons...            1          -1
 x1 & x2   0.98155065000547514       0.90894833363362537     
 sv & ME    1.0000000000000000        1964.9119307117380     
 plepton   =    44.866228724921243        3.9705182241540475       -5.0584100417920990        44.402869154889501     
 pneutrino =    44.866228724921243       -3.9705182241540475        5.0584100417920990       -44.402869154889501     
 pleptonlab   =    46.605847977147846        3.9705182241540475       -5.0584100417920990        46.159954233711126     
 pneutrinolab =    43.192853745709407       -3.9705182241540475        5.0584100417920990       -42.711344206048260     
 sqrt(s) =    89.732457449842485     
 sqrt_fs_cm =    89.732457449842485     
 phind channel           0
 bbb pw(0) qmod c1q   0.0000000000000000        0.0000000000000000        0.0000000000000000        0.0000000000000000     
 reduced to Born momenta
   43.322151270690284        0.0000000000000000        0.0000000000000000        43.322094975831583     
   43.322151270690284        0.0000000000000000        0.0000000000000000       -43.322094975831583     
   43.322151270690277       -32.557445135057570        7.6270495336885595        27.543393195419490     
   43.322151270690291        32.557445135057570       -7.6270495336885595       -27.543393195419490     
 isvec for ranlux 
     9644655    14614328     8305202     1457455     1056974    16450356    10467055     4514011      135838    16753179    11474510      425858    13826447     7299317     7668616    13721940      957152    13197359    14184585     9294164    15939178     5902395     5267822    14659295     4102414
  
