 ====== DUMPING at point            1
 propag    0.0000000000000000        0.0000000000000000        0.0000000000000000        0.0000000000000000     
 test props.    0.0000000000000000        0.0000000000000000     
 Var           3.5971024756250451     
 Var before    0.0000000000000000     
 iev, nphot and rad. pattern    0.0000000000000000                0               0           0           0           0
 partons...            1          -1
 x1 & x2   0.96516252632234023       0.83346764357429270     
 sv & ME    1.0000000000000000        31237.762025690874     
 plepton   =    44.845059273015018        3.9686447847489492       -5.0560232942280674        44.381918215974736     
 pneutrino =    44.845059273015032       -3.9686447847489492        5.0560232942280674       -44.381918215974736     
 pleptonlab   =    48.224124071392907        3.9686447847489492       -5.0560232942280674        47.793738771750597     
 pneutrinolab =    41.707384423438754       -3.9686447847489492        5.0560232942280674       -41.208994634348215     
 sqrt(s) =    89.690118546030050     
 sqrt_fs_cm =    89.690118546030050     
 phind channel           0
 bbb pw(0) qmod c1q   0.0000000000000000        0.0000000000000000        0.0000000000000000        0.0000000000000000     
 reduced to Born momenta
   45.444035983348869        0.0000000000000000        0.0000000000000000        45.443982317027491     
   45.444035983348869        0.0000000000000000        0.0000000000000000       -45.443982317027491     
   45.444035983348876       -34.152092317165511        8.0006185590294869        28.892454651641430     
   45.444035983348861        34.152092317165511       -8.0006185590294869       -28.892454651641430     
 isvec for ranlux 
     9644655    14614328     8305202     1457455     1056974    16450356    10467055     4514011      135838    16753179    11474510      425858    13826447     7299317     7668616    13721940      957152    13197359    14184585     9294164    15939178     5902395     5267822    14659295     4102414
  
 ====== DUMPING at point            1
 propag    0.0000000000000000        0.0000000000000000        0.0000000000000000        0.0000000000000000     
 test props.    0.0000000000000000        0.0000000000000000     
 Var           2.4636379207145955     
 Var before    2.1146364689481398     
 iev, nphot and rad. pattern    0.0000000000000000                0               0           0           0           0
 partons...            1          -1
 x1 & x2   0.99427728318130171       0.99976866665782238     
 sv & ME    1.0000000000000000        446.11156927712864     
 plepton   =    49.850959712284677        42.946285615871474        24.649366648503285        5.7560660326308799     
 pneutrino =    49.850959712284663       -42.946285615871474       -24.649366648503285       -5.7560660326308799     
 pleptonlab   =    49.835297112386790        42.946285615871474        24.649366648503285        5.6188032725879555     
 pneutrinolab =    49.867000379569383       -42.946285615871474       -24.649366648503285       -5.8933724464139932     
 sqrt(s) =    99.701919424569340     
 sqrt_fs_cm =    99.701919424569340     
 phind channel           0
 bbb pw(0) qmod c1q   0.0000000000000000        0.0000000000000000        0.0000000000000000        0.0000000000000000     
 reduced to Born momenta
   49.850959712284670        0.0000000000000000        0.0000000000000000        49.850910790177437     
   49.850959712284670        0.0000000000000000        0.0000000000000000       -49.850910790177437     
   49.850959712284677        42.946285615871474        24.649366648503285        5.7560660326308799     
   49.850959712284663       -42.946285615871474       -24.649366648503285       -5.7560660326308799     
 isvec for ranlux 
    13828964    12538209    14722825      978898    10903123    16188213     3834576      755982    12350293    13898296    16631971     2580472     9212313    13500588    11285027    12295266    14794390     9041223     4836823     6203403     5099258      436050     2993088    13331992     4071707
  
 ====== DUMPING at point            1
 propag    0.0000000000000000        0.0000000000000000        0.0000000000000000        0.0000000000000000     
 test props.    0.0000000000000000        0.0000000000000000     
 Var           1.6808832821470594     
 Var before    1.3995457251323016     
 iev, nphot and rad. pattern    0.0000000000000000                0               0           0           0           0
 partons...            1          -1
 x1 & x2   0.96318259554516339       0.99924355471594872     
 sv & ME    1.0000000000000000        505.34291162109241     
 plepton   =    49.052369988948634       -44.398522280580451       -18.155934783493304       -10.259487768869329     
 pneutrino =    49.052369988948634        44.398522280580451        18.155934783493304        10.259487768869329     
 pleptonlab   =    49.249210889256432       -44.398522280580451       -18.155934783493304       -11.162744329300239     
 pneutrinolab =    48.872096623799202        44.398522280580451        18.155934783493304        9.3596963707609717     
 sqrt(s) =    98.104739977897268     
 sqrt_fs_cm =    98.104739977897268     
 phind channel           0
 bbb pw(0) qmod c1q   0.0000000000000000        0.0000000000000000        0.0000000000000000        0.0000000000000000     
 reduced to Born momenta
   49.052369988948634        0.0000000000000000        0.0000000000000000        49.052320270371602     
   49.052369988948634        0.0000000000000000        0.0000000000000000       -49.052320270371602     
   49.052369988948634       -44.398522280580451       -18.155934783493304       -10.259487768869329     
   49.052369988948634        44.398522280580451        18.155934783493304        10.259487768869329     
 isvec for ranlux 
    11721521    11045222     4525189     9551634     3138826    12914592    10311113     5879490    10841622     2041022     1591996      713870     2223296     9465644     1698956     6906665      167992     7923134     5610804    11998942     7292850    14658741     2512720     2054019     4020115
  
 ====== DUMPING at point            1
 propag    0.0000000000000000        0.0000000000000000        0.0000000000000000        0.0000000000000000     
 test props.    0.0000000000000000        0.0000000000000000     
 Var           2.4366673700649102     
 Var before    1.3972803633037476     
 iev, nphot and rad. pattern    0.0000000000000000                0               0           0           0           0
 partons...            1          -1
 x1 & x2   0.99967724214925802       0.97555223158695292     
 sv & ME    1.0000000000000000        877.42815830145992     
 plepton   =    49.377053487561390        38.986649666223201       -12.425468983169029        27.635685549186455     
 pneutrino =    49.377053487561390       -38.986649666223201        12.425468983169029       -27.635685549186455     
 pleptonlab   =    49.718298098421542        38.986649666223201       -12.425468983169029        28.240872338926103     
 pneutrinolab =    49.043175588389005       -38.986649666223201        12.425468983169029       -27.034621810810854     
 sqrt(s) =    98.754106975122781     
 sqrt_fs_cm =    98.754106975122781     
 phind channel           0
 bbb pw(0) qmod c1q   0.0000000000000000        0.0000000000000000        0.0000000000000000        0.0000000000000000     
 reduced to Born momenta
   49.377053487561390        0.0000000000000000        0.0000000000000000        49.377004095913904     
   49.377053487561390        0.0000000000000000        0.0000000000000000       -49.377004095913904     
   49.377053487561390        38.986649666223201       -12.425468983169029        27.635685549186455     
   49.377053487561390       -38.986649666223201        12.425468983169029       -27.635685549186455     
 isvec for ranlux 
     5015453    15280816     4310583      768372    14533642     3155413     4422873      249048     4684845     1910008    16056781      794157     1869094     3063496    16774527    13424117     4046483    13961998    14383364     9654875    12256042     6035440    14952706     7070106    -4050721
  
 ====== DUMPING at point            1
 propag    0.0000000000000000        0.0000000000000000        0.0000000000000000        0.0000000000000000     
 test props.    0.0000000000000000        0.0000000000000000     
 Var           3.7259615195549789     
 Var before    2.1527589075143445     
 iev, nphot and rad. pattern    0.0000000000000000                0               0           0           0           0
 partons...            1          -1
 x1 & x2   0.99918788184465734       0.64860479197713217     
 sv & ME    1.0000000000000000        272.23698576749865     
 plepton   =    40.251647427463304       -18.829058791404851       -29.429820037255180        19.988401500318584     
 pneutrino =    40.251647427463318        18.829058791404851        29.429820037255180       -19.988401500318584     
 pleptonlab   =    45.547182529534830       -18.829058791404851       -29.429820037255180        29.221343403270964     
 pneutrinolab =    36.842451161554671        18.829058791404851        29.429820037255180       -11.692188909894698     
 sqrt(s) =    80.503294854926622     
 sqrt_fs_cm =    80.503294854926622     
 phind channel           0
 bbb pw(0) qmod c1q   0.0000000000000000        0.0000000000000000        0.0000000000000000        0.0000000000000000     
 reduced to Born momenta
   40.251647427463311        0.0000000000000000        0.0000000000000000        40.251586838275259     
   40.251647427463311        0.0000000000000000        0.0000000000000000       -40.251586838275259     
   40.251647427463304       -18.829058791404851       -29.429820037255180        19.988401500318584     
   40.251647427463318        18.829058791404851        29.429820037255180       -19.988401500318584     
 isvec for ranlux 
    13339185     3157215     2885755    13075980     2672839    15264749     5589110    16308282     7842139    12049687    13366755     6076284      742419    12796796     4739940     6325708    16429432     3537523     6895768     4781887    12457939      764822     9148973    10794182    -4081303
  
 ====== DUMPING at point            1
 propag    0.0000000000000000        0.0000000000000000        0.0000000000000000        0.0000000000000000     
 test props.    0.0000000000000000        0.0000000000000000     
 Var           2.4563487037729463     
 Var before    2.0441107449689189     
 iev, nphot and rad. pattern    0.0000000000000000                0               0           0           0           0
 partons...            1          -1
 x1 & x2   0.83454961083630286       0.99722295563359276     
 sv & ME    1.0000000000000000        25344.791689823658     
 plepton   =    45.613376040944459        35.028792245099496        17.874752799772750        23.109431761897820     
 pneutrino =    45.613376040944459       -35.028792245099496       -17.874752799772750       -23.109431761897820     
 pleptonlab   =    43.733905084759662        35.028792245099496        17.874752799772750        19.134268119475411     
 pneutrinolab =    47.854723238735112       -35.028792245099496       -17.874752799772750       -27.267935359339912     
 sqrt(s) =    91.226752081888918     
 sqrt_fs_cm =    91.226752081888918     
 phind channel           0
 bbb pw(0) qmod c1q   0.0000000000000000        0.0000000000000000        0.0000000000000000        0.0000000000000000     
 reduced to Born momenta
   45.613376040944459        0.0000000000000000        0.0000000000000000        45.613322573859996     
   45.613376040944459        0.0000000000000000        0.0000000000000000       -45.613322573859996     
   45.613376040944459        35.028792245099496        17.874752799772750        23.109431761897820     
   45.613376040944459       -35.028792245099496       -17.874752799772750       -23.109431761897820     
 isvec for ranlux 
     2357503    13313867    13475429      398041      676046      598883     1378089     4879090    14650659     9192766    12027607    13293528    15088918     5524941     3471822    13068680     3121771    14380553    13340567    15481040    11950101    16227926    15558269    13944932    -4050620
  
 ====== DUMPING at point            1
 propag    0.0000000000000000        0.0000000000000000        0.0000000000000000        0.0000000000000000     
 test props.    0.0000000000000000        0.0000000000000000     
 Var           2.0457879292944376     
 Var before    1.8032373687639749     
 iev, nphot and rad. pattern    0.0000000000000000                0               0           0           0           0
 partons...            1          -1
 x1 & x2   0.99790180844119880       0.83747084580503617     
 sv & ME    1.0000000000000000        14645.621630448988     
 plepton   =    45.708688220775535        2.8095278855745121       -45.495748595045782       -3.3935863049531050     
 pneutrino =    45.708688220775535       -2.8095278855745121        45.495748595045782        3.3935863049531050     
 pleptonlab   =    45.586541283798248        2.8095278855745121       -45.495748595045782       0.60414846233638642     
 pneutrinolab =    46.182091428513473       -2.8095278855745121        45.495748595045782        7.4173996694717435     
 sqrt(s) =    91.417376441551070     
 sqrt_fs_cm =    91.417376441551070     
 phind channel           0
 bbb pw(0) qmod c1q   0.0000000000000000        0.0000000000000000        0.0000000000000000        0.0000000000000000     
 reduced to Born momenta
   45.708688220775528        0.0000000000000000        0.0000000000000000        45.708634865181253     
   45.708688220775542        0.0000000000000000        0.0000000000000000       -45.708634865181267     
   45.708688220775535        2.8095278855745121       -45.495748595045782       -3.3935863049531050     
   45.708688220775535       -2.8095278855745121        45.495748595045782        3.3935863049531050     
 isvec for ranlux 
    12675073     6236269     4537278     4433730     4224941    13787964    13876073    15802303    15288718      805940    14528922    13666908     8167124    16627472     6461287     3513350     4350067    10105469     7717376     3989656     7739191    12448084    16391049     2870502     4050721
  
 ====== DUMPING at point            1
 propag    0.0000000000000000        0.0000000000000000        0.0000000000000000        0.0000000000000000     
 test props.    0.0000000000000000        0.0000000000000000     
 Var           1.3963786480810660     
 Var before   0.93386985049387294     
 iev, nphot and rad. pattern    0.0000000000000000                0               0           0           0           0
 partons...            1          -1
 x1 & x2   0.84173596007522744       0.99908603863506185     
 sv & ME    1.0000000000000000        26034.969405330648     
 plepton   =    45.852116797598349        26.758336847656132        3.7016718252580452        37.049891848352154     
 pneutrino =    45.852116797598320       -26.758336847656132       -3.7016718252580452       -37.049891848352154     
 pleptonlab   =    42.841959861053098        26.758336847656132        3.7016718252580452        33.252238960558365     
 pneutrinolab =    49.199140074461383       -26.758336847656132       -3.7016718252580452       -41.119742888550086     
 sqrt(s) =    91.704233595196669     
 sqrt_fs_cm =    91.704233595196669     
 phind channel           0
 bbb pw(0) qmod c1q   0.0000000000000000        0.0000000000000000        0.0000000000000000        0.0000000000000000     
 reduced to Born momenta
   45.852116797598342        0.0000000000000000        0.0000000000000000        45.852063608904231     
   45.852116797598327        0.0000000000000000        0.0000000000000000       -45.852063608904217     
   45.852116797598349        26.758336847656132        3.7016718252580452        37.049891848352154     
   45.852116797598320       -26.758336847656132       -3.7016718252580452       -37.049891848352154     
 isvec for ranlux 
    10671788    15112082    16580349    15196529    12173453     4126535    14349879    14774021     1833402    14749546    12999650    11317858    16659325    10501234     7001243    11690730    15931723    11335180     5068908     1086744     3192185    13920432    14783369     9387395    -4011707
  
 ====== DUMPING at point            1
 propag    0.0000000000000000        0.0000000000000000        0.0000000000000000        0.0000000000000000     
 test props.    0.0000000000000000        0.0000000000000000     
 Var           1.7360934159439616     
 Var before    1.3260007836082330     
 iev, nphot and rad. pattern    0.0000000000000000                0               0           0           0           0
 partons...            1          -1
 x1 & x2   0.99978361970231511       0.92283513222221691     
 sv & ME    1.0000000000000000        1706.1723410207296     
 plepton   =    48.026957244905496        14.823762922756391       -38.968132459820637        23.839424571836862     
 pneutrino =    48.026957244905496       -14.823762922756391        38.968132459820637       -23.839424571836862     
 pleptonlab   =    49.020353184107428        14.823762922756391       -38.968132459820637        25.782252966080172     
 pneutrinolab =    47.110584412119145       -14.823762922756391        38.968132459820637       -21.934828592075263     
 sqrt(s) =    96.053914489810992     
 sqrt_fs_cm =    96.053914489810992     
 phind channel           0
 bbb pw(0) qmod c1q   0.0000000000000000        0.0000000000000000        0.0000000000000000        0.0000000000000000     
 reduced to Born momenta
   48.026957244905489        0.0000000000000000        0.0000000000000000        48.026906464797207     
   48.026957244905503        0.0000000000000000        0.0000000000000000       -48.026906464797221     
   48.026957244905496        14.823762922756391       -38.968132459820637        23.839424571836862     
   48.026957244905496       -14.823762922756391        38.968132459820637       -23.839424571836862     
 isvec for ranlux 
     1467315    14552326     9549605    16451063     2447372     8870742    12068471    12007007     6978230    16284214     8468817    11598645    11614625     5336374     3803737    12939294     6082334     4537718    14679745    16308527    16057847    10631340     7612034     5753259    -4182212
  
 ====== DUMPING at point            1
 propag    0.0000000000000000        0.0000000000000000        0.0000000000000000        0.0000000000000000     
 test props.    0.0000000000000000        0.0000000000000000     
 Var          0.78495649840029880     
 Var before   0.68255742942760833     
 iev, nphot and rad. pattern    0.0000000000000000                0               0           0           0           0
 partons...            1          -1
 x1 & x2   0.99949841539506579       0.82124591389036172     
 sv & ME    1.0000000000000000        19538.483917582031     
 plepton   =    45.299944524885724        42.681515402946104       -12.772869637395248        8.1985275751464961     
 pneutrino =    45.299944524885710       -42.681515402946104        12.772869637395248       -8.1985275751464961     
 pleptonlab   =    46.325125803102225        42.681515402946104       -12.772869637395248        12.694414563734739     
 pneutrinolab =    44.712090661169164       -42.681515402946104        12.772869637395248       -3.7817894884995322     
 sqrt(s) =    90.599889049771434     
 sqrt_fs_cm =    90.599889049771434     
 phind channel           0
 bbb pw(0) qmod c1q   0.0000000000000000        0.0000000000000000        0.0000000000000000        0.0000000000000000     
 reduced to Born momenta
   45.299944524885717        0.0000000000000000        0.0000000000000000        45.299890687860639     
   45.299944524885717        0.0000000000000000        0.0000000000000000       -45.299890687860639     
   45.299944524885724        42.681515402946104       -12.772869637395248        8.1985275751464961     
   45.299944524885710       -42.681515402946104        12.772869637395248       -8.1985275751464961     
 isvec for ranlux 
    16299211     3254293    16131975     5266621    16545363    14473301     5355798     5599353    11050532    14547556    11682091     8225026    12673044    12120042     6959192    14507471     7976243    13182463     2472364    15582834    14772810    14376851    13178594     7905684     4032111
  
 ====== DUMPING at point            1
 propag    0.0000000000000000        0.0000000000000000        0.0000000000000000        0.0000000000000000     
 test props.    0.0000000000000000        0.0000000000000000     
 Var          0.72615945100575929     
 Var before   0.65779647768562510     
 iev, nphot and rad. pattern    0.0000000000000000                0               0           0           0           0
 partons...            1          -1
 x1 & x2   0.99963521759037766       0.81833547900453185     
 sv & ME    1.0000000000000000        18358.616936714352     
 plepton   =    45.222697968404681       -26.142388157744531        22.083090972339690       -29.563387532001009     
 pneutrino =    45.222697968404695        26.142388157744531       -22.083090972339690        29.563387532001009     
 pleptonlab   =    42.486245153900754       -26.142388157744531        22.083090972339690       -25.179009077068041     
 pneutrinolab =    48.412289675844747        26.142388157744531       -22.083090972339690        34.243996006360334     
 sqrt(s) =    90.445395936809376     
 sqrt_fs_cm =    90.445395936809376     
 phind channel           0
 bbb pw(0) qmod c1q   0.0000000000000000        0.0000000000000000        0.0000000000000000        0.0000000000000000     
 reduced to Born momenta
   45.222697968404688        0.0000000000000000        0.0000000000000000        45.222644039418498     
   45.222697968404688        0.0000000000000000        0.0000000000000000       -45.222644039418498     
   45.222697968404681       -26.142388157744531        22.083090972339690       -29.563387532001009     
   45.222697968404695        26.142388157744531       -22.083090972339690        29.563387532001009     
 isvec for ranlux 
     6094745     2129640      312319     7163611     7128610    12997705    11746228    11399925     6178787    10245010     8678563    12625467    12717353    15206338     6072599    12885293    10160756     7337110     1234035    11119771    13557463     9977633    14922285     1402607    -4160620
  
 ====== DUMPING at point            1
 propag    0.0000000000000000        0.0000000000000000        0.0000000000000000        0.0000000000000000     
 test props.    0.0000000000000000        0.0000000000000000     
 Var          0.48905162926587770     
 Var before   0.43669974776985326     
 iev, nphot and rad. pattern    0.0000000000000000                0               0           0           0           0
 partons...            1          -1
 x1 & x2   0.99989428672571889       0.81180796906793240     
 sv & ME    1.0000000000000000        15078.831914068131     
 plepton   =    45.047812105290816       -19.608979633928836       -27.387414647692520       -29.911730949806959     
 pneutrino =    45.047812105290845        19.608979633928836        27.387414647692520        29.911730949806959     
 pleptonlab   =    42.170325221898878       -19.608979633928836       -27.387414647692520       -25.372083128130690     
 pneutrinolab =    48.414787567783705        19.608979633928836        27.387414647692520        34.776399011020018     
 sqrt(s) =    90.095624210581661     
 sqrt_fs_cm =    90.095624210581661     
 phind channel           0
 bbb pw(0) qmod c1q   0.0000000000000000        0.0000000000000000        0.0000000000000000        0.0000000000000000     
 reduced to Born momenta
   45.047812105290831        0.0000000000000000        0.0000000000000000        45.047757966939791     
   45.047812105290831        0.0000000000000000        0.0000000000000000       -45.047757966939791     
   45.047812105290816       -19.608979633928836       -27.387414647692520       -29.911730949806959     
   45.047812105290845        19.608979633928836        27.387414647692520        29.911730949806959     
 isvec for ranlux 
     3688637    14053662    12588071    11536133     9988281    14201265     3023778     8336309     7700588     7389476     2663606     3417323    12053979    11535674     1089984     3050167    10818579       42031    11733593     9268692    14754184    14106291    10624018      593816     4181909
  
