 ====== DUMPING at point            1
 propag    0.0000000000000000        0.0000000000000000        0.0000000000000000        0.0000000000000000     
 test props.    0.0000000000000000        0.0000000000000000     
 Var           3.5967542567619519     
 Var before    0.0000000000000000     
 iev, nphot and rad. pattern    0.0000000000000000                1               0           0           0           0
 partons...            1          -1
 x1 & x2   0.97413936889158947       0.98207552206642668     
 sv & ME    0.0000000000000000        0.0000000000000000     
 plepton   =    0.0000000000000000        0.0000000000000000        0.0000000000000000        0.0000000000000000     
 pneutrino =    0.0000000000000000        0.0000000000000000        0.0000000000000000        0.0000000000000000     
 pleptonlab   =    46.566436019914299       -1.8215921193666882        33.455023760095941       -32.339835918992875     
 pneutrinolab =    46.123278675371544        1.9285536228409617       -33.262961153135315        31.893600742521251     
 sqrt(s) =    0.0000000000000000     
 sqrt_fs_cm =    0.0000000000000000     
 phind channel           0
 bbb pw(0) qmod c1q   0.0000000000000000        0.0000000000000000        0.0000000000000000        0.0000000000000000     
 reduced to Born momenta
   0.0000000000000000        0.0000000000000000        0.0000000000000000        0.0000000000000000     
   0.0000000000000000        0.0000000000000000        0.0000000000000000        0.0000000000000000     
   0.0000000000000000        0.0000000000000000        0.0000000000000000        0.0000000000000000     
   0.0000000000000000        0.0000000000000000        0.0000000000000000        0.0000000000000000     
 >> Photon n.           1
 cm momentum     0.0000000000000000        0.0000000000000000        0.0000000000000000        0.0000000000000000     
 lab momentum   0.23049262521994260      -0.10696150347427352      -0.19206260696062277        6.9267900666854357E-002
 c_ph_up                         NaN
 c_ph_up lab   0.30052111472441673     
 c_ph_lep                       NaN
 c_ph_lep lab  -0.78920893516133062     
 isvec for ranlux 
      778671     5844720     5400450     5094089     4083391     5667112    11886351     3615086    16112834     1368291    15462261     7797679    14988199    15435044     9850695     6896914     2215452    12845121     6405628     3024976     4819489    10459877     1149857     7981361     4171202
  
 ====== DUMPING at point            1
 propag    0.0000000000000000        0.0000000000000000        0.0000000000000000        0.0000000000000000     
 test props.    0.0000000000000000        0.0000000000000000     
 Var           4.2319146623739794     
 Var before    3.5967542567619519     
 iev, nphot and rad. pattern    0.0000000000000000                0               0           0           0           0
 partons...            1          -1
 x1 & x2   0.94826821819073170       0.98611963150308568     
 sv & ME    0.0000000000000000        0.0000000000000000     
 plepton   =    0.0000000000000000        0.0000000000000000        0.0000000000000000        0.0000000000000000     
 pneutrino =    0.0000000000000000        0.0000000000000000        0.0000000000000000        0.0000000000000000     
 pleptonlab   =    46.492270339007746       -34.300172926500302       -11.915441217093742       -29.035158608109427     
 pneutrinolab =    45.391152521448575        34.300172926500302        11.915441217093742        27.237216475772613     
 sqrt(s) =    0.0000000000000000     
 sqrt_fs_cm =    0.0000000000000000     
 phind channel           0
 bbb pw(0) qmod c1q   0.0000000000000000        0.0000000000000000        0.0000000000000000        0.0000000000000000     
 reduced to Born momenta
   0.0000000000000000        0.0000000000000000        0.0000000000000000        0.0000000000000000     
   0.0000000000000000        0.0000000000000000        0.0000000000000000        0.0000000000000000     
   0.0000000000000000        0.0000000000000000        0.0000000000000000        0.0000000000000000     
   0.0000000000000000        0.0000000000000000        0.0000000000000000        0.0000000000000000     
 isvec for ranlux 
     2803006     6819478    11266704    12521690      381903    12884269    10959814      755982    12350293    13898296    16631971     2580472     9212313    13500588    11285027    12295266    14794390     9041223     4836823     6203403     5099258      436050     9357205      566304     4160822
  
 ====== DUMPING at point            1
 propag    0.0000000000000000        0.0000000000000000        0.0000000000000000        0.0000000000000000     
 test props.    0.0000000000000000        0.0000000000000000     
 Var           3.4668528744131306     
 Var before    2.6339341279525579     
 iev, nphot and rad. pattern    0.0000000000000000                1               0           0           0           0
 partons...            1          -1
 x1 & x2   0.98874053741056012       0.92550571741431664     
 sv & ME    0.0000000000000000        0.0000000000000000     
 plepton   =    0.0000000000000000        0.0000000000000000        0.0000000000000000        0.0000000000000000     
 pneutrino =    0.0000000000000000        0.0000000000000000        0.0000000000000000        0.0000000000000000     
 pleptonlab   =    45.576735882936362        1.7374157101892795        45.252024125892355        5.1442578873063365     
 pneutrinolab =    35.409288888859109       -1.5092889278454245       -35.314019429767782       -2.1091833892481016     
 sqrt(s) =    0.0000000000000000     
 sqrt_fs_cm =    0.0000000000000000     
 phind channel           0
 bbb pw(0) qmod c1q   0.0000000000000000        0.0000000000000000        0.0000000000000000        0.0000000000000000     
 reduced to Born momenta
   0.0000000000000000        0.0000000000000000        0.0000000000000000        0.0000000000000000     
   0.0000000000000000        0.0000000000000000        0.0000000000000000        0.0000000000000000     
   0.0000000000000000        0.0000000000000000        0.0000000000000000        0.0000000000000000     
   0.0000000000000000        0.0000000000000000        0.0000000000000000        0.0000000000000000     
 >> Photon n.           1
 cm momentum     0.0000000000000000        0.0000000000000000        0.0000000000000000        0.0000000000000000     
 lab momentum    9.9406723323861854      -0.22812678234385514       -9.9380046961245760       -3.1420548236672785E-002
 c_ph_up                         NaN
 c_ph_up lab   -3.1608071552973634E-003
 c_ph_lep                       NaN
 c_ph_lep lab  -0.99384330598522053     
 isvec for ranlux 
     8965487     4677045     9993826    10061960     5337694    14130607     1878020     8597149     6833174     1891112    11634831     6803766      471344     6208649      964748     8738368    12913065     1505022     4123979     3215547    11907780     4934906    11898556     4780317    -4191404
  
 ====== DUMPING at point            1
 propag    0.0000000000000000        0.0000000000000000        0.0000000000000000        0.0000000000000000     
 test props.    0.0000000000000000        0.0000000000000000     
 Var           3.0150487705214242     
 Var before    2.0741966935966594     
 iev, nphot and rad. pattern    0.0000000000000000                1               0           0           0           0
 partons...            1          -1
 x1 & x2   0.99722770474483002       0.96675005159125860     
 sv & ME    0.0000000000000000        0.0000000000000000     
 plepton   =    0.0000000000000000        0.0000000000000000        0.0000000000000000        0.0000000000000000     
 pneutrino =    0.0000000000000000        0.0000000000000000        0.0000000000000000        0.0000000000000000     
 pleptonlab   =    47.112605116613004       -27.531641473160740        8.3654946230317559        37.304337746270242     
 pneutrinolab =    46.066366363704134        27.540814362847453       -8.4110666081763448       -35.956313061930302     
 sqrt(s) =    0.0000000000000000     
 sqrt_fs_cm =    0.0000000000000000     
 phind channel           0
 bbb pw(0) qmod c1q   0.0000000000000000        0.0000000000000000        0.0000000000000000        0.0000000000000000     
 reduced to Born momenta
   0.0000000000000000        0.0000000000000000        0.0000000000000000        0.0000000000000000     
   0.0000000000000000        0.0000000000000000        0.0000000000000000        0.0000000000000000     
   0.0000000000000000        0.0000000000000000        0.0000000000000000        0.0000000000000000     
   0.0000000000000000        0.0000000000000000        0.0000000000000000        0.0000000000000000     
 >> Photon n.           1
 cm momentum     0.0000000000000000        0.0000000000000000        0.0000000000000000        0.0000000000000000     
 lab momentum   0.10997194564707125       -9.1728896867146505E-003   4.5571985144588212E-002   9.9663840454696437E-002
 c_ph_up                         NaN
 c_ph_up lab   0.90626604692931212     
 c_ph_lep                       NaN
 c_ph_lep lab   0.83992027556758153     
 isvec for ranlux 
    13339185     3157215    14633879    13075980     2672839    15264749     5589110    16308282     7842139    12049687    13366755     6076284      742419    12796796     4739940     6325708    16429432     3537523     6895768     4781887    12457939      764822     9148973    10794182    -4091202
  
 ====== DUMPING at point            1
 propag    0.0000000000000000        0.0000000000000000        0.0000000000000000        0.0000000000000000     
 test props.    0.0000000000000000        0.0000000000000000     
 Var           2.0312787952096092     
 Var before    1.7682589486908709     
 iev, nphot and rad. pattern    0.0000000000000000                1               0           0           0           0
 partons...            1          -1
 x1 & x2   0.99761374382758472       0.95354654535307881     
 sv & ME    0.0000000000000000        0.0000000000000000     
 plepton   =    0.0000000000000000        0.0000000000000000        0.0000000000000000        0.0000000000000000     
 pneutrino =    0.0000000000000000        0.0000000000000000        0.0000000000000000        0.0000000000000000     
 pleptonlab   =    45.403312664441685       -39.435666438918496        5.8922094263570841       -21.715425803052739     
 pneutrinolab =    46.839041522920752        39.858569638700224       -5.8262875279507274        23.900490519923572     
 sqrt(s) =    0.0000000000000000     
 sqrt_fs_cm =    0.0000000000000000     
 phind channel           0
 bbb pw(0) qmod c1q   0.0000000000000000        0.0000000000000000        0.0000000000000000        0.0000000000000000     
 reduced to Born momenta
   0.0000000000000000        0.0000000000000000        0.0000000000000000        0.0000000000000000     
   0.0000000000000000        0.0000000000000000        0.0000000000000000        0.0000000000000000     
   0.0000000000000000        0.0000000000000000        0.0000000000000000        0.0000000000000000     
   0.0000000000000000        0.0000000000000000        0.0000000000000000        0.0000000000000000     
 >> Photon n.           1
 cm momentum     0.0000000000000000        0.0000000000000000        0.0000000000000000        0.0000000000000000     
 lab momentum   0.43775954871907713      -0.42290319978172985       -6.5921898406356677E-002  -9.1872789331805926E-002
 c_ph_up                         NaN
 c_ph_up lab  -0.20987044052067802     
 c_ph_lep                       NaN
 c_ph_lep lab   0.91992328184408856     
 isvec for ranlux 
    10482904     1249819    12058037    14159976    14147930     6205970     8604369     9431829     9704793     2911077    12566670     7519744     8037451     9579103     1801853     7051106     7328478     5633556      295591      567446    12330918     8671797    12046268    10350963     4100216
  
 ====== DUMPING at point            1
 propag    0.0000000000000000        0.0000000000000000        0.0000000000000000        0.0000000000000000     
 test props.    0.0000000000000000        0.0000000000000000     
 Var           2.1933374741639780     
 Var before    1.9671624657080475     
 iev, nphot and rad. pattern    0.0000000000000000                0               0           0           0           0
 partons...            1          -1
 x1 & x2   0.99640868975620811       0.92699120417433745     
 sv & ME    0.0000000000000000        0.0000000000000000     
 plepton   =    0.0000000000000000        0.0000000000000000        0.0000000000000000        0.0000000000000000     
 pneutrino =    0.0000000000000000        0.0000000000000000        0.0000000000000000        0.0000000000000000     
 pleptonlab   =    46.241749176058754        32.699549183306914       -27.810741962740664        17.192740266182408     
 pneutrinolab =    45.119745785642181       -32.699549183306914        27.810741962740664       -13.895409701043549     
 sqrt(s) =    0.0000000000000000     
 sqrt_fs_cm =    0.0000000000000000     
 phind channel           0
 bbb pw(0) qmod c1q   0.0000000000000000        0.0000000000000000        0.0000000000000000        0.0000000000000000     
 reduced to Born momenta
   0.0000000000000000        0.0000000000000000        0.0000000000000000        0.0000000000000000     
   0.0000000000000000        0.0000000000000000        0.0000000000000000        0.0000000000000000     
   0.0000000000000000        0.0000000000000000        0.0000000000000000        0.0000000000000000     
   0.0000000000000000        0.0000000000000000        0.0000000000000000        0.0000000000000000     
 isvec for ranlux 
     5337499    12485530     6827573    10246756     4822463    15167524     6774279     5226127     4121240     5320623     1223555    16081778     5414930     6144696    10415521    11851040    11322027    14900967    12248568     1728535    10104794    14747282    13821535     2445396    -4231024
  
 ====== DUMPING at point            1
 propag    0.0000000000000000        0.0000000000000000        0.0000000000000000        0.0000000000000000     
 test props.    0.0000000000000000        0.0000000000000000     
 Var           1.7654254552096020     
 Var before    1.3791529252387356     
 iev, nphot and rad. pattern    0.0000000000000000                0               0           0           0           0
 partons...            1          -1
 x1 & x2   0.99975728363796001       0.98799354088043911     
 sv & ME    0.0000000000000000        0.0000000000000000     
 plepton   =    0.0000000000000000        0.0000000000000000        0.0000000000000000        0.0000000000000000     
 pneutrino =    0.0000000000000000        0.0000000000000000        0.0000000000000000        0.0000000000000000     
 pleptonlab   =    47.282063692911734        44.706382301589386        8.8248087161218276        12.611285263488803     
 pneutrinolab =    47.136100471712219       -44.706382301589386       -8.8248087161218276       -12.052507482506563     
 sqrt(s) =    0.0000000000000000     
 sqrt_fs_cm =    0.0000000000000000     
 phind channel           0
 bbb pw(0) qmod c1q   0.0000000000000000        0.0000000000000000        0.0000000000000000        0.0000000000000000     
 reduced to Born momenta
   0.0000000000000000        0.0000000000000000        0.0000000000000000        0.0000000000000000     
   0.0000000000000000        0.0000000000000000        0.0000000000000000        0.0000000000000000     
   0.0000000000000000        0.0000000000000000        0.0000000000000000        0.0000000000000000     
   0.0000000000000000        0.0000000000000000        0.0000000000000000        0.0000000000000000     
 isvec for ranlux 
    11989497     9821079     1202122    16177800     9999998     2109197    16504954     8663918     9283219     5653662     2816063    11369609     4932271     9613449    16663607    14433934     3016195     9379023    10603151     5851223     2509803     8911936      324124      976535    -4162414
  
 ====== DUMPING at point            1
 propag    0.0000000000000000        0.0000000000000000        0.0000000000000000        0.0000000000000000     
 test props.    0.0000000000000000        0.0000000000000000     
 Var           2.0834924769067529     
 Var before    1.3948957149582077     
 iev, nphot and rad. pattern    0.0000000000000000                0               0           0           0           0
 partons...            1          -1
 x1 & x2   0.88809682077284913       0.99918791884227176     
 sv & ME    0.0000000000000000        0.0000000000000000     
 plepton   =    0.0000000000000000        0.0000000000000000        0.0000000000000000        0.0000000000000000     
 pneutrino =    0.0000000000000000        0.0000000000000000        0.0000000000000000        0.0000000000000000     
 pleptonlab   =    42.717335828145210       -11.602133498914906        24.336788807071859        33.134133841046896     
 pneutrinolab =    46.928689303573044        11.602133498914906       -24.336788807071859       -38.410960999344475     
 sqrt(s) =    0.0000000000000000     
 sqrt_fs_cm =    0.0000000000000000     
 phind channel           0
 bbb pw(0) qmod c1q   0.0000000000000000        0.0000000000000000        0.0000000000000000        0.0000000000000000     
 reduced to Born momenta
   0.0000000000000000        0.0000000000000000        0.0000000000000000        0.0000000000000000     
   0.0000000000000000        0.0000000000000000        0.0000000000000000        0.0000000000000000     
   0.0000000000000000        0.0000000000000000        0.0000000000000000        0.0000000000000000     
   0.0000000000000000        0.0000000000000000        0.0000000000000000        0.0000000000000000     
 isvec for ranlux 
     6054166    11901056     8286578      459563     4270444     9281492    14149229    11372875      802184    11570635     1128323     1120310    14698113      559760     6879035    12936629     1804287      454090     5313061     7042994    13156447     4579506     5466962    14293564    -4181909
  
 ====== DUMPING at point            1
 propag    0.0000000000000000        0.0000000000000000        0.0000000000000000        0.0000000000000000     
 test props.    0.0000000000000000        0.0000000000000000     
 Var           2.7028982918736797     
 Var before    1.2957313670381434     
 iev, nphot and rad. pattern    0.0000000000000000                0               0           0           0           0
 partons...            1          -1
 x1 & x2   0.92961572713990670       0.99972391078959633     
 sv & ME    0.0000000000000000        0.0000000000000000     
 plepton   =    0.0000000000000000        0.0000000000000000        0.0000000000000000        0.0000000000000000     
 pneutrino =    0.0000000000000000        0.0000000000000000        0.0000000000000000        0.0000000000000000     
 pleptonlab   =    44.466881874958290        6.1198660857732037       -25.901980448650185        35.622002581550262     
 pneutrinolab =    47.176750926693089       -6.1198660857732037        25.901980448650185       -38.952141304910512     
 sqrt(s) =    0.0000000000000000     
 sqrt_fs_cm =    0.0000000000000000     
 phind channel           0
 bbb pw(0) qmod c1q   0.0000000000000000        0.0000000000000000        0.0000000000000000        0.0000000000000000     
 reduced to Born momenta
   0.0000000000000000        0.0000000000000000        0.0000000000000000        0.0000000000000000     
   0.0000000000000000        0.0000000000000000        0.0000000000000000        0.0000000000000000     
   0.0000000000000000        0.0000000000000000        0.0000000000000000        0.0000000000000000     
   0.0000000000000000        0.0000000000000000        0.0000000000000000        0.0000000000000000     
 isvec for ranlux 
    14536217      580635     1332241     2918073     5729988     1344436    10326336    13383668    15878276     1586995     4785312     3448040    13596138    10024554    13825068    11850769     1372684    11950247     5824408    11354060    12554399     1885602     8494298    16014373    -4100519
  
 ====== DUMPING at point            1
 propag    0.0000000000000000        0.0000000000000000        0.0000000000000000        0.0000000000000000     
 test props.    0.0000000000000000        0.0000000000000000     
 Var           2.9680732367718541     
 Var before    2.6251803141722307     
 iev, nphot and rad. pattern    0.0000000000000000                1               0           0           0           0
 partons...            1          -1
 x1 & x2   0.96485017715678645       0.99974736497679928     
 sv & ME    0.0000000000000000        0.0000000000000000     
 plepton   =    0.0000000000000000        0.0000000000000000        0.0000000000000000        0.0000000000000000     
 pneutrino =    0.0000000000000000        0.0000000000000000        0.0000000000000000        0.0000000000000000     
 pleptonlab   =    45.815472077878304        28.335258196359661        22.406849257928847        28.179648104713188     
 pneutrinolab =    47.178025912962482       -28.536892539753932       -22.564139143133307       -30.037648946889089     
 sqrt(s) =    0.0000000000000000     
 sqrt_fs_cm =    0.0000000000000000     
 phind channel           0
 bbb pw(0) qmod c1q   0.0000000000000000        0.0000000000000000        0.0000000000000000        0.0000000000000000     
 reduced to Born momenta
   0.0000000000000000        0.0000000000000000        0.0000000000000000        0.0000000000000000     
   0.0000000000000000        0.0000000000000000        0.0000000000000000        0.0000000000000000     
   0.0000000000000000        0.0000000000000000        0.0000000000000000        0.0000000000000000     
   0.0000000000000000        0.0000000000000000        0.0000000000000000        0.0000000000000000     
 >> Photon n.           1
 cm momentum     0.0000000000000000        0.0000000000000000        0.0000000000000000        0.0000000000000000     
 lab momentum   0.32488526050450989       0.20163434339427322       0.15728988520445966       0.20038442072529358     
 c_ph_up                         NaN
 c_ph_up lab   0.61678520107104695     
 c_ph_lep                       NaN
 c_ph_lep lab   0.99998403675088665     
 isvec for ranlux 
    15747459     1280923    10967524    12507743    14303155      964463    12475870     5386350    12291309    14684435    12393296     1597074     9781740    10024262     3264501     2500355     3437881     1574438     3564885     3069485    12624433    12335991     9853214     2680186    -4200115
  
 ====== DUMPING at point            1
 propag    0.0000000000000000        0.0000000000000000        0.0000000000000000        0.0000000000000000     
 test props.    0.0000000000000000        0.0000000000000000     
 Var           2.2658547447724664     
 Var before    1.9132370333738875     
 iev, nphot and rad. pattern    0.0000000000000000                0               0           0           0           0
 partons...            1          -1
 x1 & x2   0.99978585778449813       0.91956580953474676     
 sv & ME    0.0000000000000000        0.0000000000000000     
 plepton   =    0.0000000000000000        0.0000000000000000        0.0000000000000000        0.0000000000000000     
 pneutrino =    0.0000000000000000        0.0000000000000000        0.0000000000000000        0.0000000000000000     
 pleptonlab   =    44.387991529230170       -32.731253420135182        13.591289104811894       -26.724979669287912     
 pneutrinolab =    46.781212668433959        32.731253420135182       -13.591289104811894        30.535431961151104     
 sqrt(s) =    0.0000000000000000     
 sqrt_fs_cm =    0.0000000000000000     
 phind channel           0
 bbb pw(0) qmod c1q   0.0000000000000000        0.0000000000000000        0.0000000000000000        0.0000000000000000     
 reduced to Born momenta
   0.0000000000000000        0.0000000000000000        0.0000000000000000        0.0000000000000000     
   0.0000000000000000        0.0000000000000000        0.0000000000000000        0.0000000000000000     
   0.0000000000000000        0.0000000000000000        0.0000000000000000        0.0000000000000000     
   0.0000000000000000        0.0000000000000000        0.0000000000000000        0.0000000000000000     
 isvec for ranlux 
    15271230     7957754     9955531    10003279     9261764    15823156    13042273    15445403    15884458     1711711     4518062    11345096    11883442    13070112    11047903    15846144     6107250    14478483     7034540    10278908     2749023    11055559    13793454    13092949     4090519
  
 ====== DUMPING at point            1
 propag    0.0000000000000000        0.0000000000000000        0.0000000000000000        0.0000000000000000     
 test props.    0.0000000000000000        0.0000000000000000     
 Var           2.6515047555517177     
 Var before    2.1433346971686804     
 iev, nphot and rad. pattern    0.0000000000000000                0               0           0           0           0
 partons...            1          -1
 x1 & x2   0.99981027498625230       0.90988963339380402     
 sv & ME    0.0000000000000000        0.0000000000000000     
 plepton   =    0.0000000000000000        0.0000000000000000        0.0000000000000000        0.0000000000000000     
 pneutrino =    0.0000000000000000        0.0000000000000000        0.0000000000000000        0.0000000000000000     
 pleptonlab   =    46.176585735986237       -13.934597199239949        39.431771226513675        19.576218362498945     
 pneutrinolab =    44.534159912066443        13.934597199239949       -39.431771226513675       -15.304987886857649     
 sqrt(s) =    0.0000000000000000     
 sqrt_fs_cm =    0.0000000000000000     
 phind channel           0
 bbb pw(0) qmod c1q   0.0000000000000000        0.0000000000000000        0.0000000000000000        0.0000000000000000     
 reduced to Born momenta
   0.0000000000000000        0.0000000000000000        0.0000000000000000        0.0000000000000000     
   0.0000000000000000        0.0000000000000000        0.0000000000000000        0.0000000000000000     
   0.0000000000000000        0.0000000000000000        0.0000000000000000        0.0000000000000000     
   0.0000000000000000        0.0000000000000000        0.0000000000000000        0.0000000000000000     
 isvec for ranlux 
     3223770    12993525     8417369    10799717    16092669    11276249    12113899     8395722    11585956     7627894     6497444     5787463     6531013     1558978    13292902     7540980    15620016    10815662     9005290    16071202     7650859     4880439     1368104     6552915     4020620
  
 ====== DUMPING at point            1
 propag    0.0000000000000000        0.0000000000000000        0.0000000000000000        0.0000000000000000     
 test props.    0.0000000000000000        0.0000000000000000     
 Var           1.6487616314861615     
 Var before    1.4719333804240102     
 iev, nphot and rad. pattern    0.0000000000000000                1               0           0           0           0
 partons...            1          -1
 x1 & x2   0.99988834608055266       0.94561755688186044     
 sv & ME    0.0000000000000000        0.0000000000000000     
 plepton   =    0.0000000000000000        0.0000000000000000        0.0000000000000000        0.0000000000000000     
 pneutrino =    0.0000000000000000        0.0000000000000000        0.0000000000000000        0.0000000000000000     
 pleptonlab   =    45.178966274673208        24.811689162278718        20.673808779071688       -31.592745076004871     
 pneutrinolab =    46.594715120648964       -24.371932830659183       -20.211977443019109        34.183931479917391     
 sqrt(s) =    0.0000000000000000     
 sqrt_fs_cm =    0.0000000000000000     
 phind channel           0
 bbb pw(0) qmod c1q   0.0000000000000000        0.0000000000000000        0.0000000000000000        0.0000000000000000     
 reduced to Born momenta
   0.0000000000000000        0.0000000000000000        0.0000000000000000        0.0000000000000000     
   0.0000000000000000        0.0000000000000000        0.0000000000000000        0.0000000000000000     
   0.0000000000000000        0.0000000000000000        0.0000000000000000        0.0000000000000000     
   0.0000000000000000        0.0000000000000000        0.0000000000000000        0.0000000000000000     
 >> Photon n.           1
 cm momentum     0.0000000000000000        0.0000000000000000        0.0000000000000000        0.0000000000000000     
 lab momentum   0.63784899539242790      -0.43975633161953576      -0.46183133605258048       -1.3323916974639461E-002
 c_ph_up                         NaN
 c_ph_up lab   -2.0888826463451748E-002
 c_ph_lep                       NaN
 c_ph_lep lab  -0.69534568878532477     
 isvec for ranlux 
     1948374     8671651     4823179    12041177      945790    14706172    15752365     3472617     5950536     1314392     5216746    14238364     5005588     6648891    15103801      817999     4819676    14947327    12782556      118696     8196223    16643681    15944295     5417153    -4030721
  
