 ====== DUMPING at point            1
 propag    0.0000000000000000        0.0000000000000000        0.0000000000000000        0.0000000000000000     
 test props.    0.0000000000000000        0.0000000000000000     
 Var           3.3147282763306785     
 Var before    0.0000000000000000     
 iev, nphot and rad. pattern    0.0000000000000000                0               0           0           0           0
 partons...            1          -1
 x1 & x2   0.96620022106927583       0.83809193226727652     
 sv & ME    1.0000000000000000        27594.049015695186     
 plepton   =    44.993460920255380        3.9817779302253702       -5.0727548217536462        44.528788046878454     
 pneutrino =    44.993460920255380       -3.9817779302253702        5.0727548217536462       -44.528788046878454     
 pleptonlab   =    48.276934887814676        3.9817779302253702       -5.0727548217536462        47.844162460049134     
 pneutrinolab =    41.937672779012956       -3.9817779302253702        5.0727548217536462       -41.438748019949173     
 sqrt(s) =    89.986921840510760     
 sqrt_fs_cm =    89.986921840510760     
 phind channel           0
 bbb pw(0) qmod c1q   0.0000000000000000        0.0000000000000000        0.0000000000000000        0.0000000000000000     
 reduced to Born momenta
   45.444035983348869        0.0000000000000000        0.0000000000000000        45.443982317027491     
   45.444035983348869        0.0000000000000000        0.0000000000000000       -45.443982317027491     
   45.444035983348876       -34.152092317165511        8.0006185590294869        28.892454651641430     
   45.444035983348861        34.152092317165511       -8.0006185590294869       -28.892454651641430     
 isvec for ranlux 
     9644655    14614328     8305202     1457455     1056974    16450356    10467055     4514011      135838    16753179    11474510      425858    13826447     7299317     7668616    13721940      957152    13197359    14184585     9294164    15939178     5902395     5267822    14659295     4102414
  
 ====== DUMPING at point            1
 propag    0.0000000000000000        0.0000000000000000        0.0000000000000000        0.0000000000000000     
 test props.    0.0000000000000000        0.0000000000000000     
 Var           2.4645874817655180     
 Var before    2.0566631499273531     
 iev, nphot and rad. pattern    0.0000000000000000                0               0           0           0           0
 partons...            1          -1
 x1 & x2   0.99427728318130171       0.99976866665782238     
 sv & ME    1.0000000000000000        449.85180325945754     
 plepton   =    49.850959712284677        42.946285615871474        24.649366648503285        5.7560660326308799     
 pneutrino =    49.850959712284663       -42.946285615871474       -24.649366648503285       -5.7560660326308799     
 pleptonlab   =    49.835297112386790        42.946285615871474        24.649366648503285        5.6188032725879555     
 pneutrinolab =    49.867000379569383       -42.946285615871474       -24.649366648503285       -5.8933724464139932     
 sqrt(s) =    99.701919424569340     
 sqrt_fs_cm =    99.701919424569340     
 phind channel           0
 bbb pw(0) qmod c1q   0.0000000000000000        0.0000000000000000        0.0000000000000000        0.0000000000000000     
 reduced to Born momenta
   49.850959712284670        0.0000000000000000        0.0000000000000000        49.850910790177437     
   49.850959712284670        0.0000000000000000        0.0000000000000000       -49.850910790177437     
   49.850959712284677        42.946285615871474        24.649366648503285        5.7560660326308799     
   49.850959712284663       -42.946285615871474       -24.649366648503285       -5.7560660326308799     
 isvec for ranlux 
    13828964    12538209    14722825      978898    10903123    16188213     3834576      755982    12350293    13898296    16631971     2580472     9212313    13500588    11285027    12295266    14794390     9041223     4836823     6203403     5099258      436050     2993088    13331992     4071707
  
 ====== DUMPING at point            1
 propag    0.0000000000000000        0.0000000000000000        0.0000000000000000        0.0000000000000000     
 test props.    0.0000000000000000        0.0000000000000000     
 Var           1.6890606896142744     
 Var before    1.3585672896996459     
 iev, nphot and rad. pattern    0.0000000000000000                0               0           0           0           0
 partons...            1          -1
 x1 & x2   0.96318259554516339       0.99924355471594872     
 sv & ME    1.0000000000000000        530.40068631326415     
 plepton   =    49.052369988948634       -44.398522280580451       -18.155934783493304       -10.259487768869329     
 pneutrino =    49.052369988948634        44.398522280580451        18.155934783493304        10.259487768869329     
 pleptonlab   =    49.249210889256432       -44.398522280580451       -18.155934783493304       -11.162744329300239     
 pneutrinolab =    48.872096623799202        44.398522280580451        18.155934783493304        9.3596963707609717     
 sqrt(s) =    98.104739977897268     
 sqrt_fs_cm =    98.104739977897268     
 phind channel           0
 bbb pw(0) qmod c1q   0.0000000000000000        0.0000000000000000        0.0000000000000000        0.0000000000000000     
 reduced to Born momenta
   49.052369988948634        0.0000000000000000        0.0000000000000000        49.052320270371602     
   49.052369988948634        0.0000000000000000        0.0000000000000000       -49.052320270371602     
   49.052369988948634       -44.398522280580451       -18.155934783493304       -10.259487768869329     
   49.052369988948634        44.398522280580451        18.155934783493304        10.259487768869329     
 isvec for ranlux 
    11721521    11045222     4525189     9551634     3138826    12914592    10311113     5879490    10841622     2041022     1591996      713870     2223296     9465644     1698956     6906665      167992     7923134     5610804    11998942     7292850    14658741     2512720     2054019     4020115
  
 ====== DUMPING at point            1
 propag    0.0000000000000000        0.0000000000000000        0.0000000000000000        0.0000000000000000     
 test props.    0.0000000000000000        0.0000000000000000     
 Var           2.4329446832626886     
 Var before    1.4007022513033760     
 iev, nphot and rad. pattern    0.0000000000000000                0               0           0           0           0
 partons...            1          -1
 x1 & x2   0.99967724214925802       0.97555223158695292     
 sv & ME    1.0000000000000000        877.66195507712075     
 plepton   =    49.377053487561390        38.986649666223201       -12.425468983169029        27.635685549186455     
 pneutrino =    49.377053487561390       -38.986649666223201        12.425468983169029       -27.635685549186455     
 pleptonlab   =    49.718298098421542        38.986649666223201       -12.425468983169029        28.240872338926103     
 pneutrinolab =    49.043175588389005       -38.986649666223201        12.425468983169029       -27.034621810810854     
 sqrt(s) =    98.754106975122781     
 sqrt_fs_cm =    98.754106975122781     
 phind channel           0
 bbb pw(0) qmod c1q   0.0000000000000000        0.0000000000000000        0.0000000000000000        0.0000000000000000     
 reduced to Born momenta
   49.377053487561390        0.0000000000000000        0.0000000000000000        49.377004095913904     
   49.377053487561390        0.0000000000000000        0.0000000000000000       -49.377004095913904     
   49.377053487561390        38.986649666223201       -12.425468983169029        27.635685549186455     
   49.377053487561390       -38.986649666223201        12.425468983169029       -27.635685549186455     
 isvec for ranlux 
     5015453    15280816     4310583      768372    14533642     3155413     4422873      249048     4684845     1910008    16056781      794157     1869094     3063496    16774527    13424117     4046483    13961998    14383364     9654875    12256042     6035440    14952706     7070106    -4050721
  
 ====== DUMPING at point            1
 propag    0.0000000000000000        0.0000000000000000        0.0000000000000000        0.0000000000000000     
 test props.    0.0000000000000000        0.0000000000000000     
 Var           3.3891155175007937     
 Var before    2.1368963933552312     
 iev, nphot and rad. pattern    0.0000000000000000                0               0           0           0           0
 partons...            1          -1
 x1 & x2   0.99918788184465734       0.64860479197713217     
 sv & ME    1.0000000000000000        235.33415971469930     
 plepton   =    40.251647427463304       -18.829058791404851       -29.429820037255180        19.988401500318584     
 pneutrino =    40.251647427463318        18.829058791404851        29.429820037255180       -19.988401500318584     
 pleptonlab   =    45.547182529534830       -18.829058791404851       -29.429820037255180        29.221343403270964     
 pneutrinolab =    36.842451161554671        18.829058791404851        29.429820037255180       -11.692188909894698     
 sqrt(s) =    80.503294854926622     
 sqrt_fs_cm =    80.503294854926622     
 phind channel           0
 bbb pw(0) qmod c1q   0.0000000000000000        0.0000000000000000        0.0000000000000000        0.0000000000000000     
 reduced to Born momenta
   40.251647427463311        0.0000000000000000        0.0000000000000000        40.251586838275259     
   40.251647427463311        0.0000000000000000        0.0000000000000000       -40.251586838275259     
   40.251647427463304       -18.829058791404851       -29.429820037255180        19.988401500318584     
   40.251647427463318        18.829058791404851        29.429820037255180       -19.988401500318584     
 isvec for ranlux 
    13339185     3157215     2885755    13075980     2672839    15264749     5589110    16308282     7842139    12049687    13366755     6076284      742419    12796796     4739940     6325708    16429432     3537523     6895768     4781887    12457939      764822     9148973    10794182    -4081303
  
 ====== DUMPING at point            1
 propag    0.0000000000000000        0.0000000000000000        0.0000000000000000        0.0000000000000000     
 test props.    0.0000000000000000        0.0000000000000000     
 Var           2.3131733606967919     
 Var before    1.9155257329859725     
 iev, nphot and rad. pattern    0.0000000000000000                0               0           0           0           0
 partons...            1          -1
 x1 & x2   0.83989544094750601       0.99731739647249518     
 sv & ME    1.0000000000000000        23653.547185292526     
 plepton   =    45.761401160663901        35.142468745122756        17.932760490213273        23.184427191424412     
 pneutrino =    45.761401160663915       -35.142468745122756       -17.932760490213273       -23.184427191424412     
 pleptonlab   =    43.936425548978256        35.142468745122756        17.932760490213273        19.334459341501070     
 pneutrinolab =    47.924216322021785       -35.142468745122756       -17.932760490213273       -27.205557117750526     
 sqrt(s) =    91.522802321327816     
 sqrt_fs_cm =    91.522802321327816     
 phind channel           0
 bbb pw(0) qmod c1q   0.0000000000000000        0.0000000000000000        0.0000000000000000        0.0000000000000000     
 reduced to Born momenta
   45.761401160663908        0.0000000000000000        0.0000000000000000        45.761347866530464     
   45.761401160663908        0.0000000000000000        0.0000000000000000       -45.761347866530464     
   45.761401160663901        35.142468745122756        17.932760490213273        23.184427191424412     
   45.761401160663915       -35.142468745122756       -17.932760490213273       -23.184427191424412     
 isvec for ranlux 
     2357503    13313867    13475429      398041      676046      598883     1378089     4879090    14650659     9192766    12027607    13293528    15088918     5524941     3471822    13068680     3121771    14380553    13340567    15481040    11950101    16227926    15558269    13944932    -4050620
  
 ====== DUMPING at point            1
 propag    0.0000000000000000        0.0000000000000000        0.0000000000000000        0.0000000000000000     
 test props.    0.0000000000000000        0.0000000000000000     
 Var           1.9514306838824520     
 Var before    1.7030270834454548     
 iev, nphot and rad. pattern    0.0000000000000000                0               0           0           0           0
 partons...            1          -1
 x1 & x2   0.99797364401542854       0.84283016033324487     
 sv & ME    1.0000000000000000        14115.517741854132     
 plepton   =    45.856359602400751        2.8186046955648694       -45.642732815236883       -3.4045500466671830     
 pneutrino =    45.856359602400737       -2.8186046955648694        45.642732815236883        3.4045500466671830     
 pleptonlab   =    45.732134093499980        2.8186046955648694       -45.642732815236883       0.46188070043323348     
 pneutrinolab =    46.308056123933703       -2.8186046955648694        45.642732815236883        7.2952934836759509     
 sqrt(s) =    91.712719204801488     
 sqrt_fs_cm =    91.712719204801488     
 phind channel           0
 bbb pw(0) qmod c1q   0.0000000000000000        0.0000000000000000        0.0000000000000000        0.0000000000000000     
 reduced to Born momenta
   45.856359602400744        0.0000000000000000        0.0000000000000000        45.856306418627860     
   45.856359602400744        0.0000000000000000        0.0000000000000000       -45.856306418627860     
   45.856359602400751        2.8186046955648694       -45.642732815236883       -3.4045500466671830     
   45.856359602400737       -2.8186046955648694        45.642732815236883        3.4045500466671830     
 isvec for ranlux 
    12675073     6236269     4537278     4433730     4224941    13787964    13876073    15802303    15288718      805940    14528922    13666908     8167124    16627472     6461287     3513350     4350067    10105469     7717376     3989656     7739191    12448084    16391049     2870502     4050721
  
 ====== DUMPING at point            1
 propag    0.0000000000000000        0.0000000000000000        0.0000000000000000        0.0000000000000000     
 test props.    0.0000000000000000        0.0000000000000000     
 Var           1.3301936146345452     
 Var before   0.89614507025236645     
 iev, nphot and rad. pattern    0.0000000000000000                0               0           0           0           0
 partons...            1          -1
 x1 & x2   0.84711400645715851       0.99911613356096163     
 sv & ME    1.0000000000000000        24267.452204079920     
 plepton   =    45.999056262515104        26.844088102292162        3.7135344086866753        37.168623992588678     
 pneutrino =    45.999056262515090       -26.844088102292162       -3.7135344086866753       -37.168623992588678     
 pleptonlab   =    43.085195989363967        26.844088102292162        3.7135344086866753        33.495186906514100     
 pneutrinolab =    49.226311011542037       -26.844088102292162       -3.7135344086866753       -41.095293261704256     
 sqrt(s) =    91.998112525030194     
 sqrt_fs_cm =    91.998112525030194     
 phind channel           0
 bbb pw(0) qmod c1q   0.0000000000000000        0.0000000000000000        0.0000000000000000        0.0000000000000000     
 reduced to Born momenta
   45.999056262515097        0.0000000000000000        0.0000000000000000        45.999003243727245     
   45.999056262515097        0.0000000000000000        0.0000000000000000       -45.999003243727245     
   45.999056262515104        26.844088102292162        3.7135344086866753        37.168623992588678     
   45.999056262515090       -26.844088102292162       -3.7135344086866753       -37.168623992588678     
 isvec for ranlux 
    10671788    15112082    16580349    15196529    12173453     4126535    14349879    14774021     1833402    14749546    12999650    11317858    16659325    10501234     7001243    11690730    15931723    11335180     5068908     1086744     3192185    13920432    14783369     9387395    -4011707
  
 ====== DUMPING at point            1
 propag    0.0000000000000000        0.0000000000000000        0.0000000000000000        0.0000000000000000     
 test props.    0.0000000000000000        0.0000000000000000     
 Var           1.6915174338567776     
 Var before    1.2632606780744333     
 iev, nphot and rad. pattern    0.0000000000000000                0               0           0           0           0
 partons...            1          -1
 x1 & x2   0.99978361970231511       0.92283513222221691     
 sv & ME    1.0000000000000000        1768.6617934273418     
 plepton   =    48.026957244905496        14.823762922756391       -38.968132459820637        23.839424571836862     
 pneutrino =    48.026957244905496       -14.823762922756391        38.968132459820637       -23.839424571836862     
 pleptonlab   =    49.020353184107428        14.823762922756391       -38.968132459820637        25.782252966080172     
 pneutrinolab =    47.110584412119145       -14.823762922756391        38.968132459820637       -21.934828592075263     
 sqrt(s) =    96.053914489810992     
 sqrt_fs_cm =    96.053914489810992     
 phind channel           0
 bbb pw(0) qmod c1q   0.0000000000000000        0.0000000000000000        0.0000000000000000        0.0000000000000000     
 reduced to Born momenta
   48.026957244905489        0.0000000000000000        0.0000000000000000        48.026906464797207     
   48.026957244905503        0.0000000000000000        0.0000000000000000       -48.026906464797221     
   48.026957244905496        14.823762922756391       -38.968132459820637        23.839424571836862     
   48.026957244905496       -14.823762922756391        38.968132459820637       -23.839424571836862     
 isvec for ranlux 
     1467315    14552326     9549605    16451063     2447372     8870742    12068471    12007007     6978230    16284214     8468817    11598645    11614625     5336374     3803737    12939294     6082334     4537718    14679745    16308527    16057847    10631340     7612034     5753259    -4182212
  
 ====== DUMPING at point            1
 propag    0.0000000000000000        0.0000000000000000        0.0000000000000000        0.0000000000000000     
 test props.    0.0000000000000000        0.0000000000000000     
 Var           1.5431280677782209     
 Var before   0.77332777050374402     
 iev, nphot and rad. pattern    0.0000000000000000                0               0           0           0           0
 partons...            1          -1
 x1 & x2   0.99979586122054054       0.83705218034189910     
 sv & ME    1.0000000000000000        27715.964607308666     
 plepton   =    45.740608476808106       -19.635906160624916        28.748949026456373        29.666837028280032     
 pneutrino =    45.740608476808120        19.635906160624916       -28.748949026456373       -29.666837028280032     
 pleptonlab   =    48.560043425939725       -19.635906160624916        28.748949026456373        33.852559326630384     
 pneutrinolab =    43.282358652182239        19.635906160624916       -28.748949026456373       -25.715375282698314     
 sqrt(s) =    91.481216953616226     
 sqrt_fs_cm =    91.481216953616226     
 phind channel           0
 bbb pw(0) qmod c1q   0.0000000000000000        0.0000000000000000        0.0000000000000000        0.0000000000000000     
 reduced to Born momenta
   45.740608476808113        0.0000000000000000        0.0000000000000000        45.740555158448288     
   45.740608476808113        0.0000000000000000        0.0000000000000000       -45.740555158448288     
   45.740608476808106       -19.635906160624916        28.748949026456373        29.666837028280032     
   45.740608476808120        19.635906160624916       -28.748949026456373       -29.666837028280032     
 isvec for ranlux 
    10133792     8012408     5802471    15848650     3998090     8366287     8259760     7239157    11187399     3051700     1592070     1617504     4202411     2209282     7734370    11322307     8269585      641457    12859162     4265691     8778025    14458014    14989513     8307982     4112111
  
 ====== DUMPING at point            1
 propag    0.0000000000000000        0.0000000000000000        0.0000000000000000        0.0000000000000000     
 test props.    0.0000000000000000        0.0000000000000000     
 Var          0.52276967128819740     
 Var before   0.47448744681119565     
 iev, nphot and rad. pattern    0.0000000000000000                0               0           0           0           0
 partons...            1          -1
 x1 & x2   0.99989446726403219       0.81717148348256186     
 sv & ME    1.0000000000000000        15034.208997774311     
 plepton   =    45.196383847055586       -19.673652170130069       -27.477741304067660       -30.010383074435911     
 pneutrino =    45.196383847055586        19.673652170130069        27.477741304067660        30.010383074435911     
 pleptonlab   =    42.393448834825939       -19.673652170130069       -27.477741304067660       -25.595204307350375     
 pneutrinolab =    48.459848702503741        19.673652170130069        27.477741304067660        34.731353496423885     
 sqrt(s) =    90.392767694111171     
 sqrt_fs_cm =    90.392767694111171     
 phind channel           0
 bbb pw(0) qmod c1q   0.0000000000000000        0.0000000000000000        0.0000000000000000        0.0000000000000000     
 reduced to Born momenta
   45.196383847055586        0.0000000000000000        0.0000000000000000        45.196329886670966     
   45.196383847055586        0.0000000000000000        0.0000000000000000       -45.196329886670966     
   45.196383847055586       -19.673652170130069       -27.477741304067660       -30.010383074435911     
   45.196383847055586        19.673652170130069        27.477741304067660        30.010383074435911     
 isvec for ranlux 
     3688637    14053662    12588071    11536133     9988281    14201265     3023778     8336309     7700588     7389476     2663606     3417323    12053979    11535674     1089984     3050167    10818579       42031    11733593     9268692    14754184    14106291    10624018      593816     4181909
  
