 ====== DUMPING at point            1
 propag    0.0000000000000000        0.0000000000000000        0.0000000000000000        0.0000000000000000     
 test props.    0.0000000000000000        0.0000000000000000     
 Var           8.8657716387532559E-002
 Var before    0.0000000000000000     
 iev, nphot and rad. pattern    0.0000000000000000                0               0           0           0           0
 partons...            1          -1
 x1 & x2   0.82955376579904649       0.38206290690510120     
 sv & ME    1.0000000000000000        37.741290589017687     
 plepton   =    45.038061997044728        3.9857250051657629       -5.0777833652300943        44.572928746461855     
 pneutrino =    45.038061997044743       -3.9857250051657629        5.0777833652300943       -44.572928746461855     
 pleptonlab   =    66.179441730831769        3.9857250051657629       -5.0777833652300943        65.863779548338087     
 pneutrinolab =    30.749892085500012       -3.9857250051657629        5.0777833652300943       -30.064510836822475     
 sqrt(s) =    90.076123994089471     
 sqrt_fs_cm =    90.076123994089471     
 phind channel           0
 bbb pw(0) qmod c1q   0.0000000000000000        0.0000000000000000        0.0000000000000000        0.0000000000000000     
 reduced to Born momenta
   74.313964492610424        0.0000000000000000        0.0000000000000000        74.313931674911160     
   74.313964492610424        0.0000000000000000        0.0000000000000000       -74.313931674911160     
   74.313964492610424       -55.848509391647838        13.083316143074738        47.247486624675361     
   74.313964492610424        55.848509391647838       -13.083316143074738       -47.247486624675361     
 isvec for ranlux 
     9644655    14614328     8305202     1457455     1056974    16450356    10467055     4514011      135838    16753179    11474510      425858    13826447     7299317     7668616    13721940      957152    13197359    14184585     9294164    15939178     5902395     5267822    14659295     4102414
  
 ====== DUMPING at point            1
 propag    0.0000000000000000        0.0000000000000000        0.0000000000000000        0.0000000000000000     
 test props.    0.0000000000000000        0.0000000000000000     
 Var          0.48317980880399658     
 Var before    6.0617283232709124E-002
 iev, nphot and rad. pattern    0.0000000000000000                0               0           0           0           0
 partons...            1          -1
 x1 & x2   0.68863720084329172       0.48126915509911333     
 sv & ME    1.0000000000000000        18016.587493712876     
 plepton   =    46.055260290719062        24.701380595276635        27.524383978535543        27.446783418897081     
 pneutrino =    46.055260290719076       -24.701380595276635       -27.524383978535543       -27.446783418897081     
 pleptonlab   =    51.739520916562299        24.701380595276635        27.524383978535543        36.183103021622486     
 pneutrinolab =    41.852987558830122       -24.701380595276635       -27.524383978535543       -19.593659362088218     
 sqrt(s) =    92.110520581438138     
 sqrt_fs_cm =    92.110520581438138     
 phind channel           0
 bbb pw(0) qmod c1q   0.0000000000000000        0.0000000000000000        0.0000000000000000        0.0000000000000000     
 reduced to Born momenta
   46.055260290719069        0.0000000000000000        0.0000000000000000        46.055207336633330     
   46.055260290719069        0.0000000000000000        0.0000000000000000       -46.055207336633330     
   46.055260290719062        24.701380595276635        27.524383978535543        27.446783418897081     
   46.055260290719076       -24.701380595276635       -27.524383978535543       -27.446783418897081     
 isvec for ranlux 
      778671     5844720     9587749    10340955     5767304     1229801     7106317     9230034     7070010     1656684    15462261     7797679    14988199    15435044     9850695     6896914     2215452    12845121     6405628     3024976     4819489    10459877     1149857     7981361    -4092010
  
 ====== DUMPING at point            1
 propag    0.0000000000000000        0.0000000000000000        0.0000000000000000        0.0000000000000000     
 test props.    0.0000000000000000        0.0000000000000000     
 Var          0.37129745071813924     
 Var before   0.33271209667761736     
 iev, nphot and rad. pattern    0.0000000000000000                0               0           0           0           0
 partons...            1          -1
 x1 & x2   0.30045050375882659       0.93159864657955771     
 sv & ME    1.0000000000000000        691.62384911844561     
 plepton   =    42.324406777432358        8.4758495831284879       -36.539018317592976        19.606232672313151     
 pneutrino =    42.324406777432358       -8.4758495831284879        36.539018317592976       -19.606232672313151     
 pleptonlab   =    37.587118259222862        8.4758495831284879       -36.539018317592976       -2.4166939343083591     
 pneutrinolab =    60.976813767847858       -8.4758495831284879        36.539018317592976       -48.075157491350112     
 sqrt(s) =    84.648813554864716     
 sqrt_fs_cm =    84.648813554864716     
 phind channel           0
 bbb pw(0) qmod c1q   0.0000000000000000        0.0000000000000000        0.0000000000000000        0.0000000000000000     
 reduced to Born momenta
   42.324406777432358        0.0000000000000000        0.0000000000000000        42.324349155491596     
   42.324406777432358        0.0000000000000000        0.0000000000000000       -42.324349155491596     
   42.324406777432358        8.4758495831284879       -36.539018317592976        19.606232672313151     
   42.324406777432358       -8.4758495831284879        36.539018317592976       -19.606232672313151     
 isvec for ranlux 
     6252439      346129     5312835     8261683     9079631     4152189    11690151     3251140     4683020     2530188    16021290    11618951     3342516     5282467     2561248     1411797     6310507    14053619      787489     1596633    16558285    12472361     3784938     8334133    -4180115
  
 ====== DUMPING at point            1
 propag    0.0000000000000000        0.0000000000000000        0.0000000000000000        0.0000000000000000     
 test props.    0.0000000000000000        0.0000000000000000     
 Var          0.54027178870879111     
 Var before   0.34909916733103469     
 iev, nphot and rad. pattern    0.0000000000000000                0               0           0           0           0
 partons...            1          -1
 x1 & x2   0.96915924549246990       0.32856255173367893     
 sv & ME    1.0000000000000000        12330.528975903180     
 plepton   =    45.143641659771696       -37.638479874410201       -9.7246947850712306       -22.950214872528598     
 pneutrino =    45.143641659771696        37.638479874410201        9.7246947850712306        22.950214872528598     
 pleptonlab   =    38.882158732675393       -37.638479874410201       -9.7246947850712306      -0.76566840232809952     
 pneutrinolab =    64.935585045416502        37.638479874410201        9.7246947850712306        52.013403903031360     
 sqrt(s) =    90.287283319543391     
 sqrt_fs_cm =    90.287283319543391     
 phind channel           0
 bbb pw(0) qmod c1q   0.0000000000000000        0.0000000000000000        0.0000000000000000        0.0000000000000000     
 reduced to Born momenta
   45.143641659771696        0.0000000000000000        0.0000000000000000        45.143587636344044     
   45.143641659771696        0.0000000000000000        0.0000000000000000       -45.143587636344044     
   45.143641659771696       -37.638479874410201       -9.7246947850712306       -22.950214872528598     
   45.143641659771696        37.638479874410201        9.7246947850712306        22.950214872528598     
 isvec for ranlux 
     7779979     8654264    12367819     2181838    14628032     2919283    16306767     5935307    12705871     8353564    14609784     2449476    15109236     3826607     6705108     2460013    12032943    10968717    11433035     6072240    16109724     3003553    12274534     2496041     4172111
  
 ====== DUMPING at point            1
 propag    0.0000000000000000        0.0000000000000000        0.0000000000000000        0.0000000000000000     
 test props.    0.0000000000000000        0.0000000000000000     
 Var           1.3881005180367714     
 Var before   0.30906408324711010     
 iev, nphot and rad. pattern    0.0000000000000000                0               0           0           0           0
 partons...            1          -1
 x1 & x2   0.98168271447332289       0.30850090327093044     
 sv & ME    1.0000000000000000        2649.5103389804290     
 plepton   =    44.025447487777626       -19.548101233848875       -32.106369190408074       -22.919023940124678     
 pneutrino =    44.025447487777640        19.548101233848875        32.106369190408074        22.919023940124678     
 pleptonlab   =    37.589388343704854       -19.548101233848875       -32.106369190408074        6.1220280929070725E-002
 pneutrinolab =    65.625301075835424        19.548101233848875        32.106369190408074        53.793324615262314     
 sqrt(s) =    88.050894975555266     
 sqrt_fs_cm =    88.050894975555266     
 phind channel           0
 bbb pw(0) qmod c1q   0.0000000000000000        0.0000000000000000        0.0000000000000000        0.0000000000000000     
 reduced to Born momenta
   44.025447487777633        0.0000000000000000        0.0000000000000000        44.025392092217260     
   44.025447487777633        0.0000000000000000        0.0000000000000000       -44.025392092217260     
   44.025447487777626       -19.548101233848875       -32.106369190408074       -22.919023940124678     
   44.025447487777640        19.548101233848875        32.106369190408074        22.919023940124678     
 isvec for ranlux 
    10385590     6248031    15799571    16446974    11280189    13624131     7936896     9634474    14274386     2432418    13529979    12240248     8871296    12535605     4697889    13876081     8196552     3057350    16170023    10256719    11159959    13491094     7524639     3976327    -4102212
  
 ====== DUMPING at point            1
 propag    0.0000000000000000        0.0000000000000000        0.0000000000000000        0.0000000000000000     
 test props.    0.0000000000000000        0.0000000000000000     
 Var          0.60634003488513510     
 Var before   0.39257630830215268     
 iev, nphot and rad. pattern    0.0000000000000000                0               0           0           0           0
 partons...            1          -1
 x1 & x2   0.33345030907824480       0.98384359088921458     
 sv & ME    1.0000000000000000        22318.565204643710     
 plepton   =    45.821423773019291        35.188563356800152        17.956281991707524        23.214837040433665     
 pneutrino =    45.821423773019276       -35.188563356800152       -17.956281991707524       -23.214837040433665     
 pleptonlab   =    39.511219205055568        35.188563356800152        17.956281991707524       0.67987152994165356     
 pneutrinolab =    65.872292792341199       -35.188563356800152       -17.956281991707524       -52.711334074819248     
 sqrt(s) =    91.642847546038567     
 sqrt_fs_cm =    91.642847546038567     
 phind channel           0
 bbb pw(0) qmod c1q   0.0000000000000000        0.0000000000000000        0.0000000000000000        0.0000000000000000     
 reduced to Born momenta
   45.821423773019283        0.0000000000000000        0.0000000000000000        45.821370548697217     
   45.821423773019283        0.0000000000000000        0.0000000000000000       -45.821370548697217     
   45.821423773019291        35.188563356800152        17.956281991707524        23.214837040433665     
   45.821423773019276       -35.188563356800152       -17.956281991707524       -23.214837040433665     
 isvec for ranlux 
     2357503    13313867    13475429      398041      676046      598883     1378089     4879090    14650659     9192766    12027607    13293528    15088918     5524941     3471822    13068680     3121771    14380553    13340567    15481040    11950101    16227926    15558269    13944932    -4050620
  
 ====== DUMPING at point            1
 propag    0.0000000000000000        0.0000000000000000        0.0000000000000000        0.0000000000000000     
 test props.    0.0000000000000000        0.0000000000000000     
 Var          0.55797412004253688     
 Var before   0.44476337953675410     
 iev, nphot and rad. pattern    0.0000000000000000                0               0           0           0           0
 partons...            1          -1
 x1 & x2   0.98769089102018393       0.33368213427456433     
 sv & ME    1.0000000000000000        12971.777245610203     
 plepton   =    45.926884816223186        2.8229396178108135       -45.712929852145884       -3.4097861337843129     
 pneutrino =    45.926884816223172       -2.8229396178108135        45.712929852145884        3.4097861337843129     
 pleptonlab   =    50.912677379069613        2.8229396178108135       -45.712929852145884        22.236200450183539     
 pneutrinolab =    54.797164644510246       -2.8229396178108135        45.712929852145884        30.084500089466026     
 sqrt(s) =    91.853769632446358     
 sqrt_fs_cm =    91.853769632446358     
 phind channel           0
 bbb pw(0) qmod c1q   0.0000000000000000        0.0000000000000000        0.0000000000000000        0.0000000000000000     
 reduced to Born momenta
   45.926884816223179        0.0000000000000000        0.0000000000000000        45.926831714119267     
   45.926884816223179        0.0000000000000000        0.0000000000000000       -45.926831714119267     
   45.926884816223186        2.8229396178108135       -45.712929852145884       -3.4097861337843129     
   45.926884816223172       -2.8229396178108135        45.712929852145884        3.4097861337843129     
 isvec for ranlux 
    12675073     6236269     4537278     4433730     4224941    13787964    13876073    15802303    15288718      805940    14528922    13666908     8167124    16627472     6461287     3513350     4350067    10105469     7717376     3989656     7739191    12448084    16391049     2870502     4050721
  
