 ====== DUMPING at point            1
 propag    0.0000000000000000        0.0000000000000000        0.0000000000000000        0.0000000000000000     
 test props.    0.0000000000000000        0.0000000000000000     
 Var           1.6040370542099360     
 Var before    0.0000000000000000     
 iev, nphot and rad. pattern    0.0000000000000000                0               0           1           0           0
 partons...            1          -1
 x1 & x2   0.94693539778351188       0.97588642440755047     
 sv & ME   0.57655340714221304        940.87604982974756     
 plepton   =    48.065096470513126       -21.088354795801298        38.359754645008636       -19.850764484256235     
 pneutrino =    48.065096470513112        21.088354795801298       -38.359754645008636        19.850764484256235     
 pleptonlab   =    48.369463092289365       -21.088354795801298        38.359754645008636       -20.576790608013148     
 pneutrinolab =    47.771628017263772        21.088354795801298       -38.359754645008636        19.129239276811219     
 sqrt(s) =    96.130192941026237     
 sqrt_fs_cm =    96.130192941026237     
 phind channel           0
 bbb pw(0) qmod c1q   0.0000000000000000        0.0000000000000000        0.0000000000000000        0.0000000000000000     
 reduced to Born momenta
   48.065096470513119        0.0000000000000000        0.0000000000000000        48.065045730698444     
   48.065096470513119        0.0000000000000000        0.0000000000000000       -48.065045730698444     
   48.065096470513126       -21.088354795801298        38.359754645008636       -19.850764484256235     
   48.065096470513112        21.088354795801298       -38.359754645008636        19.850764484256235     
 isvec for ranlux 
     9644655    14614328     8305202     5902523     6611641    14048799     7267313     8683348    14048746     9318201     4464668     5476536     8218591     7359978     7668616    13721940      957152    13197359    14184585     9294164    15939178     5902395     5267822    14659295     4211303
  
 ====== DUMPING at point            1
 propag    0.0000000000000000        0.0000000000000000        0.0000000000000000        0.0000000000000000     
 test props.    0.0000000000000000        0.0000000000000000     
 Var           3.0371989251822220     
 Var before    1.6040370542099360     
 iev, nphot and rad. pattern    0.0000000000000000                0               0           1           0           0
 partons...            1          -1
 x1 & x2   0.94373208350903970       0.89275814941748055     
 sv & ME   0.55791398259021430        20527.064331002912     
 plepton   =    45.894566901198488       -23.290502656011579       -29.704640490045168        26.105304570998648     
 pneutrino =    45.894566901198488        23.290502656011579        29.704640490045168       -26.105304570998648     
 pleptonlab   =    46.637118352918904       -23.290502656011579       -29.704640490045168        27.389714565146246     
 pneutrinolab =    45.187393293407105        23.290502656011579        29.704640490045168       -24.841017860568289     
 sqrt(s) =    91.789133802396975     
 sqrt_fs_cm =    91.789133802396975     
 phind channel           0
 bbb pw(0) qmod c1q   0.0000000000000000        0.0000000000000000        0.0000000000000000        0.0000000000000000     
 reduced to Born momenta
   45.894566901198488        0.0000000000000000        0.0000000000000000        45.894513761701234     
   45.894566901198488        0.0000000000000000        0.0000000000000000       -45.894513761701234     
   45.894566901198488       -23.290502656011579       -29.704640490045168        26.105304570998648     
   45.894566901198488        23.290502656011579        29.704640490045168       -26.105304570998648     
 isvec for ranlux 
      778671     5844720     9587749    10340955     5767304     1229801     7106317     9230034     7070010     1656684    15462261     7797679    14988199    15435044     9850695     6896914     2215452    12845121     6405628     3024976     4819489    10459877     1149857     7981361    -4092010
  
 ====== DUMPING at point            1
 propag    0.0000000000000000        0.0000000000000000        0.0000000000000000        0.0000000000000000     
 test props.    0.0000000000000000        0.0000000000000000     
 Var           2.5315030981832400     
 Var before    2.2906378463689472     
 iev, nphot and rad. pattern    0.0000000000000000                0               1           0           0           0
 partons...            1          -1
 x1 & x2   0.87820828855722322       0.95812218310181396     
 sv & ME   0.55650999128655654        19687.600009615657     
 plepton   =    45.864769776227888       0.81727619601994872       -40.054505995466052        22.327887316392300     
 pneutrino =    45.864769776227874      -0.81727619601994872        40.054505995466052       -22.327887316392300     
 pleptonlab   =    44.935669733829492       0.81727619601994872       -40.054505995466052        20.351212735729657     
 pneutrinolab =    46.880853849122374      -0.81727619601994872        40.054505995466052       -24.346907462959191     
 sqrt(s) =    91.729539552455762     
 sqrt_fs_cm =    91.729539552455762     
 phind channel           0
 bbb pw(0) qmod c1q   0.0000000000000000        0.0000000000000000        0.0000000000000000        0.0000000000000000     
 reduced to Born momenta
   45.864769776227881        0.0000000000000000        0.0000000000000000        45.864716602207267     
   45.864769776227881        0.0000000000000000        0.0000000000000000       -45.864716602207267     
   45.864769776227888       0.81727619601994872       -40.054505995466052        22.327887316392300     
   45.864769776227874      -0.81727619601994872        40.054505995466052       -22.327887316392300     
 isvec for ranlux 
     2803006     6819478    11266704    12521690      381903    12884269    10959814      755982    12350293    13898296    16631971     2580472     9212313    13500588    11285027    11301427    13249530     3480466    12322296     6680866     5860556      319932     9357205      566304    -4230115
  
 ====== DUMPING at point            1
 propag    0.0000000000000000        0.0000000000000000        0.0000000000000000        0.0000000000000000     
 test props.    0.0000000000000000        0.0000000000000000     
 Var           2.2307403260356007     
 Var before    1.8053843691785463     
 iev, nphot and rad. pattern    0.0000000000000000                1               0           0           1           0
 partons...            1          -1
 x1 & x2   0.86162213987822611       0.95881440568901921     
 sv & ME   0.58217883519541536        5346900483.3286715     
 plepton   =    45.439552118982093        27.907283267128136        14.829818233523966       -32.649682462332350     
 pneutrino =    45.445942796927369       -27.910932680623084       -14.833094036719181        32.653969302455366     
 pleptonlab   =    47.250093476047844        27.907283267128136        14.829818233523966       -35.125776882692591     
 pneutrinolab =    43.764981767540142       -27.910932680623084       -14.833094036719181        30.270804806235720     
 sqrt(s) =    90.892008448259205     
 sqrt_fs_cm =    90.885494682505310     
 phind channel           0
 bbb pw(0) qmod c1q   0.0000000000000000        0.0000000000000000        0.0000000000000000        0.0000000000000000     
 reduced to Born momenta
   45.446004224129602        0.0000000000000000        0.0000000000000000        45.445950560132474     
   45.446004224129602        0.0000000000000000        0.0000000000000000       -45.445950560132474     
   45.446004224129602        27.911108167021435        14.832519054123319       -32.654165976886247     
   45.446004224129602       -27.911108167021435       -14.832519054123319        32.654165976886247     
 >> Photon n.           1
 cm momentum     6.5135323497436714E-003   3.6494134949475706E-003   3.2758031952150337E-003  -4.2868401230126193E-003
 lab momentum    6.7520347742778732E-003   3.6494134949475706E-003   3.2758031952150337E-003  -4.6412140827773911E-003
 c_ph_up   -0.65814367578619926     
 c_ph_up lab  -0.68738006214930469     
 c_ph_lep  0.98113856417381162     
 c_ph_lep lab   0.98250201139142246     
 isvec for ranlux 
    13077225     6767474    12978143    11216133     7787453     7756591     1456377     6700084     7382700    12480500    14719702    13291644     7895789     6891298      102469     9060833    10785562     3405521     1113041     5184210    10069583      203884    13164889     3691341     4042414
  
 ====== DUMPING at point            1
 propag    0.0000000000000000        0.0000000000000000        0.0000000000000000        0.0000000000000000     
 test props.    0.0000000000000000        0.0000000000000000     
 Var           2.1667640186737245     
 Var before    1.7787642243773558     
 iev, nphot and rad. pattern    0.0000000000000000                0               0           1           0           0
 partons...            1          -1
 x1 & x2   0.98431012250468286       0.87051556351384141     
 sv & ME   0.55693207491751739        10135.253393668867     
 plepton   =    46.283292908039243        22.413394303225431        34.702746125319550        20.868426052044480     
 pneutrino =    46.283292908039243       -22.413394303225431       -34.702746125319550       -20.868426052044480     
 pleptonlab   =    47.653347631328380        22.413394303225431        34.702746125319550        23.752674458900898     
 pneutrinolab =    45.087936669597831       -22.413394303225431       -34.702746125319550       -18.062946509358824     
 sqrt(s) =    92.566585816078486     
 sqrt_fs_cm =    92.566585816078486     
 phind channel           0
 bbb pw(0) qmod c1q   0.0000000000000000        0.0000000000000000        0.0000000000000000        0.0000000000000000     
 reduced to Born momenta
   46.283292908039243        0.0000000000000000        0.0000000000000000        46.283240214852675     
   46.283292908039243        0.0000000000000000        0.0000000000000000       -46.283240214852675     
   46.283292908039243        22.413394303225431        34.702746125319550        20.868426052044480     
   46.283292908039243       -22.413394303225431       -34.702746125319550       -20.868426052044480     
 isvec for ranlux 
     2097233     6471148     4378437     8640871    15711293     8225040    11065883    15787977     7243899     4917269    11956633    15358016     1047827     9592925      229606     7295905     6628324     2019165    14002484    11234980     6728922     2987987     4664818    12003099    -4080923
  
 ====== DUMPING at point            1
 propag    0.0000000000000000        0.0000000000000000        0.0000000000000000        0.0000000000000000     
 test props.    0.0000000000000000        0.0000000000000000     
 Var           2.4429081780706179     
 Var before    1.9124830613373678     
 iev, nphot and rad. pattern    0.0000000000000000                2               0           0           1           1
 partons...            1          -1
 x1 & x2   0.89428232335258440       0.95320663472503786     
 sv & ME   0.56653168842574153        32460806575.956444     
 plepton   =    46.093025165547253       -29.500408557601112        4.9084099193440256        35.074053261900090     
 pneutrino =    45.970302535015428        29.386960128607637       -4.9996241535855539       -34.995255166834916     
 pleptonlab   =    44.997256273972390       -29.500408557601112        4.9084099193440256        33.621054645748096     
 pneutrinolab =    47.110418149184476        29.386960128607637       -4.9996241535855539       -36.480003662582739     
 sqrt(s) =    92.327452252133824     
 sqrt_fs_cm =    92.063178891339803     
 phind channel           0
 bbb pw(0) qmod c1q   0.0000000000000000        0.0000000000000000        0.0000000000000000        0.0000000000000000     
 reduced to Born momenta
   46.163726126066912        0.0000000000000000        0.0000000000000000        46.163673296401711     
   46.163726126066912        0.0000000000000000        0.0000000000000000       -46.163673296401711     
   46.163726126066912       -29.528166888521252        4.9682684253386062        35.135197668555456     
   46.163726126066912        29.528166888521252       -4.9682684253386062       -35.135197668555456     
 >> Photon n.           1
 cm momentum     5.4449599976218975E-002  -3.4480879541204788E-002   4.5340541959445219E-003   4.1895945342997447E-002
 lab momentum    5.3140394652721613E-002  -3.4480879541204788E-002   4.5340541959445219E-003   4.0179756625198321E-002
 c_ph_up    0.76944450209543547     
 c_ph_up lab   0.75610572499089435     
 c_ph_lep  0.99967146430911136     
 c_ph_lep lab   0.99965517187923880     
 >> Photon n.           2
 cm momentum    0.20967495159492230       0.14792930853468100        8.6680180045584115E-002 -0.12069404040817130     
 lab momentum   0.21363308607152232       0.14792930853468100        8.6680180045584115E-002 -0.12744630841322452     
 c_ph_up   -0.57562450588444136     
 c_ph_up lab  -0.59656634071445613     
 c_ph_lep -0.84553977891671972     
 c_ph_lep lab  -0.85545598360207498     
 isvec for ranlux 
     7705512     6767400    12346605     2442596     4398068    14780140    11606138    14688674    13412440     5267269    10109083     1735670     8876049    16397594    14292833    16049731     7015236     2292865    16408353     4672107     7144624     1147718    13770713    15989233    -4151606
  
 ====== DUMPING at point            1
 propag    0.0000000000000000        0.0000000000000000        0.0000000000000000        0.0000000000000000     
 test props.    0.0000000000000000        0.0000000000000000     
 Var           1.9496099747566931     
 Var before    1.4788163861850558     
 iev, nphot and rad. pattern    0.0000000000000000                2               1           0           1           0
 partons...            1          -1
 x1 & x2   0.99126392865312229       0.83529180859692842     
 sv & ME   0.58086014286787402        31134258.743327666     
 plepton   =    44.933418537526677        4.3494545356484764       -29.110241311487233       -33.951097681906937     
 pneutrino =    45.089655240264413       -5.0828232853746673        29.344999137446056        33.854124993379749     
 pleptonlab   =    42.188381036679139        4.3494545356484764       -29.110241311487233       -30.224566611183491     
 pneutrinolab =    48.156397728508438       -5.0828232853746673        29.344999137446056        37.842613698947488     
 sqrt(s) =    90.994210791762086     
 sqrt_fs_cm =    90.019728214094130     
 phind channel           0
 bbb pw(0) qmod c1q   0.0000000000000000        0.0000000000000000        0.0000000000000000        0.0000000000000000     
 reduced to Born momenta
   45.114405972333643        0.0000000000000000        0.0000000000000000        45.114351913896911     
   45.114405972333643        0.0000000000000000        0.0000000000000000       -45.114351913896911     
   45.114405972333643        4.7267739411486076       -29.295403843186204       -33.981397621624907     
   45.114405972333643       -4.7267739411486076        29.295403843186204        33.981397621624907     
 >> Photon n.           1
 cm momentum    0.76217976650695662       0.71494371828198777       -9.1363889541731427E-002  0.24784292576051270     
 lab momentum   0.78621507865779416       0.71494371828198777       -9.1363889541731427E-002  0.31407366856489838     
 c_ph_up    0.32517646971444575     
 c_ph_up lab   0.39947550878962629     
 c_ph_lep  -7.7241223303289488E-002
 c_ph_lep lab  -0.11225832132427463     
 >> Photon n.           2
 cm momentum    0.20895724746403860        1.8425031444203006E-002 -0.14339393641709211      -0.15087023723332096     
 lab momentum   0.19679301865717136        1.8425031444203006E-002 -0.14339393641709211      -0.13351475351920050     
 c_ph_up   -0.72201485741376659     
 c_ph_up lab  -0.67845269324209878     
 c_ph_lep  0.99866266638979784     
 c_ph_lep lab   0.99848761792348650     
 isvec for ranlux 
    10482904     1249819    12058037    14159976    14147930     6205970     8604369     9431829     9704793     2911077    12566670     7519744     8037451     9579103     1801853     7051106     4729559     8526420      295591      567446    12330918     8671797    12046268    10350963     4080418
  
 ====== DUMPING at point            1
 propag    0.0000000000000000        0.0000000000000000        0.0000000000000000        0.0000000000000000     
 test props.    0.0000000000000000        0.0000000000000000     
 Var           2.3512676958308525     
 Var before    1.6801356906934113     
 iev, nphot and rad. pattern    0.0000000000000000                0               0           0           1           0
 partons...            1          -1
 x1 & x2   0.78801170418191668       0.99690016282409055     
 sv & ME   0.55677119656542506        5392.5615526901893     
 plepton   =    44.316165115176709       -10.097712373767406        36.581376573730886        22.885594150287965     
 pneutrino =    44.316165115176709        10.097712373767406       -36.581376573730886       -22.885594150287965     
 pleptonlab   =    41.925961065198663       -10.097712373767406        36.581376573730886        17.821732248483695     
 pneutrinolab =    47.319632285101711        10.097712373767406       -36.581376573730886       -28.266155180592389     
 sqrt(s) =    88.632330230353418     
 sqrt_fs_cm =    88.632330230353418     
 phind channel           0
 bbb pw(0) qmod c1q   0.0000000000000000        0.0000000000000000        0.0000000000000000        0.0000000000000000     
 reduced to Born momenta
   44.316165115176709        0.0000000000000000        0.0000000000000000        44.316110083016142     
   44.316165115176709        0.0000000000000000        0.0000000000000000       -44.316110083016142     
   44.316165115176709       -10.097712373767406        36.581376573730886        22.885594150287965     
   44.316165115176709        10.097712373767406       -36.581376573730886       -22.885594150287965     
 isvec for ranlux 
     1529830    10969541     5398952    14836342    16636312     5190420     1470932    12386847    11625234     6824400      810679     8482292     6601895    16231455    13558496     6713029     1261892      214096    11394427     5414534     6660712     4299797     3825772    15586491    -4101909
  
 ====== DUMPING at point            1
 propag    0.0000000000000000        0.0000000000000000        0.0000000000000000        0.0000000000000000     
 test props.    0.0000000000000000        0.0000000000000000     
 Var           2.1915517914885285     
 Var before    1.5999684500891111     
 iev, nphot and rad. pattern    0.0000000000000000                1               1           0           0           0
 partons...            1          -1
 x1 & x2   0.99906993316453185       0.77321380600730605     
 sv & ME   0.55670019239481627        10997130564.710815     
 plepton   =    43.940377157347662        23.698410671641494        30.481184892397046        20.976851056157777     
 pneutrino =    43.943980211434010       -23.698553824363277       -30.481231610595508       -20.984167824014985     
 pleptonlab   =    46.996809210730014        23.698410671641494        30.481184892397046        26.794992283858278     
 pneutrinolab =    41.609059171971154       -23.698553824363277       -30.481231610595508       -15.510503138844939     
 sqrt(s) =    87.891675686017763     
 sqrt_fs_cm =    87.884357064075758     
 phind channel           0
 bbb pw(0) qmod c1q   0.0000000000000000        0.0000000000000000        0.0000000000000000        0.0000000000000000     
 reduced to Born momenta
   43.942178532037879        0.0000000000000000        0.0000000000000000        43.942123031504643     
   43.942178532037879        0.0000000000000000        0.0000000000000000       -43.942123031504643     
   43.942178532037879        23.698482246535146        30.481208251017435        20.980509365093766     
   43.942178532037879       -23.698482246535146       -30.481208251017435       -20.980509365093766     
 >> Photon n.           1
 cm momentum     7.3183172360942262E-003   1.4315272178306367E-004   4.6718198461803925E-005   7.3167678572093851E-003
 lab momentum    8.3185758907397978E-003   1.4315272178306367E-004   4.6718198461803925E-005   8.3172128479542945E-003
 c_ph_up    0.99978828754823590     
 c_ph_up lab   0.99983614469550963     
 c_ph_lep  0.49227201710170992     
 c_ph_lep lab   0.58237312139836783     
 isvec for ranlux 
     4582103    14909827     6058609    16033389    16400909    10270577    12793303      310030     7779432    12399011     3122562     7325754    11785470    16087410     4035484     7020979    11753393     9284947      731009     1133262     6407025    14657548    11290772     1908909    -4011606
  
 ====== DUMPING at point            1
 propag    0.0000000000000000        0.0000000000000000        0.0000000000000000        0.0000000000000000     
 test props.    0.0000000000000000        0.0000000000000000     
 Var           1.2548713367399014     
 Var before    1.0836676268560770     
 iev, nphot and rad. pattern    0.0000000000000000                0               0           1           0           0
 partons...            1          -1
 x1 & x2   0.99827528489993334       0.83815372654970710     
 sv & ME   0.56960080856005535        15072.021304284843     
 plepton   =    45.735876239593082       -14.974295016426632       -43.020800643597354       -4.0915049134493771     
 pneutrino =    45.735876239593068        14.974295016426632        43.020800643597354        4.0915049134493771     
 pleptonlab   =    45.552615746966488       -14.974295016426632       -43.020800643597354      -0.10410784881037394     
 pneutrinolab =    46.268834825515547        14.974295016426632        43.020800643597354        8.1101857663216812     
 sqrt(s) =    91.471752479186151     
 sqrt_fs_cm =    91.471752479186151     
 phind channel           0
 bbb pw(0) qmod c1q   0.0000000000000000        0.0000000000000000        0.0000000000000000        0.0000000000000000     
 reduced to Born momenta
   45.735876239593082        0.0000000000000000        0.0000000000000000        45.735822915716462     
   45.735876239593068        0.0000000000000000        0.0000000000000000       -45.735822915716447     
   45.735876239593082       -14.974295016426632       -43.020800643597354       -4.0915049134493771     
   45.735876239593068        14.974295016426632        43.020800643597354        4.0915049134493771     
 isvec for ranlux 
    15697820    13958964    15496225    11578598     1704967     5619974     9875627     7164025     7377212     9094670     8478077    13805758     9465217     1972369     1888418    13095976    15555016    16310036     7352882    14970220     9477691      555846    10078497      522600     4061606
  
 ====== DUMPING at point            1
 propag    0.0000000000000000        0.0000000000000000        0.0000000000000000        0.0000000000000000     
 test props.    0.0000000000000000        0.0000000000000000     
 Var           1.3428141302524990     
 Var before   0.94532771732548215     
 iev, nphot and rad. pattern    0.0000000000000000                1               0           0           1           0
 partons...            1          -1
 x1 & x2   0.96472912457459348       0.99985227665595089     
 sv & ME   0.55863287453406518        30668492195.378639     
 plepton   =    49.106043338979589        47.772614220505709        10.746174665705992        3.6999174735592470     
 pneutrino =    49.106682165864335       -47.773217153194189       -10.746376451238815       -3.7000250877207987     
 pleptonlab   =    49.047734704427420        47.772614220505709        10.746174665705992        2.8224415914774688     
 pneutrinolab =    49.180692332526966       -47.773217153194189       -10.746376451238815       -4.5786952963941472     
 sqrt(s) =    98.213370350589713     
 sqrt_fs_cm =    98.212725502726940     
 phind channel           0
 bbb pw(0) qmod c1q   0.0000000000000000        0.0000000000000000        0.0000000000000000        0.0000000000000000     
 reduced to Born momenta
   49.106685175294857        0.0000000000000000        0.0000000000000000        49.106635511709861     
   49.106685175294857        0.0000000000000000        0.0000000000000000       -49.106635511709861     
   49.106685175294857        47.773229356068924        10.746346116667842        3.6999955739525152     
   49.106685175294857       -47.773229356068924       -10.746346116667842       -3.6999955739525152     
 >> Photon n.           1
 cm momentum     6.4484574578833507E-004   6.0293268848001912E-004   2.0178553282399202E-004   1.0761416155185183E-004
 lab momentum    6.4302457280885120E-004   6.0293268848001912E-004   2.0178553282399202E-004   9.6100848805823362E-005
 c_ph_up    0.16688357216390046     
 c_ph_up lab   0.14945128517567680     
 c_ph_lep  0.99066837144949960     
 c_ph_lep lab   0.99063081357855942     
 isvec for ranlux 
     8580474     7453528     6610367     9370130     6454595    13285363    12880910       20013     9703009    16699534     1920148     6241711     6714350     8434631    10339274    15950484     7679134     4788915     9680677     9420690    13578033     7433776    11266006     2295994     4192111
  
 ====== DUMPING at point            1
 propag    0.0000000000000000        0.0000000000000000        0.0000000000000000        0.0000000000000000     
 test props.    0.0000000000000000        0.0000000000000000     
 Var           1.0920095287211260     
 Var before   0.79127640411790123     
 iev, nphot and rad. pattern    0.0000000000000000                0               0           1           0           1
 partons...            1          -1
 x1 & x2   0.99980807677576367       0.84749485130640889     
 sv & ME   0.57491352432322451        13227.891948289325     
 plepton   =    46.025324479084951        17.869902761544473       -19.184118819144548       -37.827972323922914     
 pneutrino =    46.025324479084951       -17.869902761544473        19.184118819144548        37.827972323922914     
 pleptonlab   =    43.052937212067739        17.869902761544473       -19.184118819144548       -34.149383586247474     
 pneutrinolab =    49.312209192040896       -17.869902761544473        19.184118819144548        41.765044859715211     
 sqrt(s) =    92.050648958169901     
 sqrt_fs_cm =    92.050648958169901     
 phind channel           0
 bbb pw(0) qmod c1q   0.0000000000000000        0.0000000000000000        0.0000000000000000        0.0000000000000000     
 reduced to Born momenta
   46.025324479084958        0.0000000000000000        0.0000000000000000        46.025271490556761     
   46.025324479084944        0.0000000000000000        0.0000000000000000       -46.025271490556747     
   46.025324479084951        17.869902761544473       -19.184118819144548       -37.827972323922914     
   46.025324479084951       -17.869902761544473        19.184118819144548        37.827972323922914     
 isvec for ranlux 
    16005597     8434417    14436132    13695452    14164085      961699    13764582       67402     7211444    14390456      970651      358280     3303569    11896123     6216082     9295383     9040778    13778432     3232438     8688432    14560231     5902029      962798     8581584    -4231606
  
 ====== DUMPING at point            1
 propag    0.0000000000000000        0.0000000000000000        0.0000000000000000        0.0000000000000000     
 test props.    0.0000000000000000        0.0000000000000000     
 Var           1.1465371217908529     
 Var before    1.0341848258041380     
 iev, nphot and rad. pattern    0.0000000000000000                1               0           0           0           1
 partons...            1          -1
 x1 & x2   0.99934734276539150       0.80644706653102016     
 sv & ME   0.55604720669807994        1401209666.6512008     
 plepton   =    44.886542183206480        39.394505445705569        6.6621028646504588        20.456779599496972     
 pneutrino =    44.556040426858168       -39.105077477809509       -6.6125707574044741       -20.305083064621673     
 pleptonlab   =    47.342687686494415        39.394505445705569        6.6621028646504588        25.397012418758443     
 pneutrinolab =    42.630923292794066       -39.105077477809509       -6.6125707574044741       -15.634937816872114     
 sqrt(s) =    89.773088006301748     
 sqrt_fs_cm =    89.441971971448041     
 phind channel           0
 bbb pw(0) qmod c1q   0.0000000000000000        0.0000000000000000        0.0000000000000000        0.0000000000000000     
 reduced to Born momenta
   44.886544003150874        0.0000000000000000        0.0000000000000000        44.886489670291660     
   44.886544003150874        0.0000000000000000        0.0000000000000000       -44.886489670291660     
   44.886544003150881        39.394827454150175        6.6618625800196893        20.456241729066491     
   44.886544003150867       -39.394827454150175       -6.6618625800196893       -20.456241729066491     
 >> Photon n.           1
 cm momentum    0.33050539623710173      -0.28942796789606018       -4.9532107245984357E-002 -0.15169653487529991     
 lab momentum   0.31610948553210649      -0.28942796789606018       -4.9532107245984357E-002 -0.11706079016776927     
 c_ph_up   -0.45898353431565192     
 c_ph_up lab  -0.37031723350762813     
 c_ph_lep -0.99999183839162864     
 c_ph_lep lab  -0.98258778453430029     
 isvec for ranlux 
     7388714     9617288     1398336     2389383     4357369    14684140     9486446     3033673    14925955     8440235    11812995     4941409    14160479     3700818    15230137      144881    12942425     3385948     9189929     1666383    14135389     4984438     2235879     8010321    -4160317
  
 ====== DUMPING at point            1
 propag    0.0000000000000000        0.0000000000000000        0.0000000000000000        0.0000000000000000     
 test props.    0.0000000000000000        0.0000000000000000     
 Var          0.72007351734048874     
 Var before   0.63201850798485526     
 iev, nphot and rad. pattern    0.0000000000000000                0               0           1           0           0
 partons...            1          -1
 x1 & x2   0.82084335345402248       0.99975207451466130     
 sv & ME   0.55655111747891028        24563.694639079426     
 plepton   =    45.294587023926788       -33.779705503718013        17.202152083393980        24.791246635828454     
 pneutrino =    45.294587023926773        33.779705503718013       -17.202152083393980       -24.791246635828454     
 pleptonlab   =    43.066817110595274       -33.779705503718013        17.202152083393980        20.439105463005475     
 pneutrinolab =    47.962954287838933        33.779705503718013       -17.202152083393980       -29.384541516037419     
 sqrt(s) =    90.589174047853561     
 sqrt_fs_cm =    90.589174047853561     
 phind channel           0
 bbb pw(0) qmod c1q   0.0000000000000000        0.0000000000000000        0.0000000000000000        0.0000000000000000     
 reduced to Born momenta
   45.294587023926788        0.0000000000000000        0.0000000000000000        45.294533180533790     
   45.294587023926773        0.0000000000000000        0.0000000000000000       -45.294533180533776     
   45.294587023926788       -33.779705503718013        17.202152083393980        24.791246635828454     
   45.294587023926773        33.779705503718013       -17.202152083393980       -24.791246635828454     
 isvec for ranlux 
     1457327    11843211      842130     1627129    13128769     2257102     8061877     9626046    13167356     9311311       68476    11689171     5193999    15602726    13809534     9598677    15490076    16534941     4561603     1137849      146632    16199119     3483777    15651896    -4100317
  
 ====== DUMPING at point            1
 propag    0.0000000000000000        0.0000000000000000        0.0000000000000000        0.0000000000000000     
 test props.    0.0000000000000000        0.0000000000000000     
 Var          0.74984692130649644     
 Var before   0.66628120056172790     
 iev, nphot and rad. pattern    0.0000000000000000                1               0           0           0           1
 partons...            1          -1
 x1 & x2   0.80537634186442031       0.99955032948757605     
 sv & ME   0.55615225297221038        3406937466.6259785     
 plepton   =    44.861224771767013       -6.3942955053815682       -38.327077544568937        22.420223821674728     
 pneutrino =    44.856975172384864        6.3941999248658776        38.322908412737313       -22.418874994840319     
 pleptonlab   =    42.697052613497107       -6.3942955053815682       -38.327077544568937        17.696758179698577     
 pneutrinolab =    47.544726478930059        6.3941999248658776        38.322908412737313       -27.403626591650195     
 sqrt(s) =    89.722582880347360     
 sqrt_fs_cm =    89.718199837093721     
 phind channel           0
 bbb pw(0) qmod c1q   0.0000000000000000        0.0000000000000000        0.0000000000000000        0.0000000000000000     
 reduced to Born momenta
   44.861291440173680        0.0000000000000000        0.0000000000000000        44.861237076730291     
   44.861291440173680        0.0000000000000000        0.0000000000000000       -44.861237076730291     
   44.861291440173680       -6.3945600967618645       -38.326865247653132        22.420644670612649     
   44.861291440173680        6.3945600967618645        38.326865247653132       -22.420644670612649     
 >> Photon n.           1
 cm momentum     4.3829361954800840E-003   9.5580515690399118E-005   4.1691318316219653E-003  -1.3488268344106539E-003
 lab momentum    4.5544751726584740E-003   9.5580515690399118E-005   4.1691318316219653E-003  -1.8309692061690361E-003
 c_ph_up   -0.30774503078589999     
 c_ph_up lab  -0.40201541050454087     
 c_ph_lep -0.96958381505162938     
 c_ph_lep lab  -0.99147369812351160     
 isvec for ranlux 
    14521119     3284366     3463762    11480123     3336141    13887286     8647963     5115281    11781391     9822864    14374850       23828     6429012     3846061     5815448    12970300     6645149    13960673    15889545     2643589     8059802     5945202    14697481       61957    -4221909
  
 ====== DUMPING at point            1
 propag    0.0000000000000000        0.0000000000000000        0.0000000000000000        0.0000000000000000     
 test props.    0.0000000000000000        0.0000000000000000     
 Var          0.79245975117349354     
 Var before   0.64442656107484941     
 iev, nphot and rad. pattern    0.0000000000000000                2               0           0           1           1
 partons...            1          -1
 x1 & x2   0.99950793642529134       0.87015469820673086     
 sv & ME   0.56424986406357980        261920719.09497380     
 plepton   =    42.129453662216946        17.492235307316879       -28.048532213942213        26.118599632873099     
 pneutrino =    46.487506604883130       -20.568995182088898        29.950692814478888       -28.999130052115543     
 pleptonlab   =    44.042010179676261        17.492235307316879       -28.048532213942213        29.103076153082881     
 pneutrinolab =    44.588032822280141       -20.568995182088898        29.950692814478888       -25.844804978973819     
 sqrt(s) =    93.259129675082306     
 sqrt_fs_cm =    88.496234525585152     
 phind channel           0
 bbb pw(0) qmod c1q   0.0000000000000000        0.0000000000000000        0.0000000000000000        0.0000000000000000     
 reduced to Born momenta
   46.629564837541153        0.0000000000000000        0.0000000000000000        46.629512535655508     
   46.629564837541153        0.0000000000000000        0.0000000000000000       -46.629512535655508     
   46.629564837541160        20.014963907339236       -30.535727604985958        29.004753277161189     
   46.629564837541146       -20.014963907339236        30.535727604985958       -29.004753277161189     
 >> Photon n.           1
 cm momentum     4.6329945778482013        3.0812641839602564       -1.9073938102951589        2.8865721261493338     
 lab momentum    4.8443108637215673        3.0812641839602564       -1.9073938102951589        3.2148106671252434     
 c_ph_up    0.62304673093099217     
 c_ph_up lab   0.66362600534176175     
 c_ph_lep  0.93650175326960228     
 c_ph_lep lab   0.94190883378081369     
 >> Photon n.           2
 cm momentum     9.1748301340308386E-003  -4.5043091882360116E-003   5.2332097584854480E-003  -6.0417069068919322E-003
 lab momentum    8.7778659231332809E-003  -4.5043091882360116E-003   5.2332097584854480E-003  -5.4199303062834507E-003
 c_ph_up   -0.65850885723565866     
 c_ph_up lab  -0.61745421424126667     
 c_ph_lep -0.99183981047312886     
 c_ph_lep lab  -0.99150836064662340     
 isvec for ranlux 
     9694957     1252334     7167226    16399770     5334141    13250981    11984409     2603513     3627080     4384046     3205779    13795264     8270940     7640603    12795748       19997    12743485    14635427     5286932    15315727    15130947     8180743    14720784    11532738    -4080923
  
 ====== DUMPING at point            1
 propag    0.0000000000000000        0.0000000000000000        0.0000000000000000        0.0000000000000000     
 test props.    0.0000000000000000        0.0000000000000000     
 Var          0.56151629458884922     
 Var before   0.48606216583244055     
 iev, nphot and rad. pattern    0.0000000000000000                3               0           0           1           2
 partons...            1          -1
 x1 & x2   0.99986142129424738       0.80656138971983093     
 sv & ME   0.55922424311074570        11222888539062.969     
 plepton   =    44.841743262728855        36.258253938983650       -6.0924975160703383        25.670825278161079     
 pneutrino =    41.822819463715888       -33.745270139109188        5.7531136264060558       -24.026974238203870     
 pleptonlab   =    47.863523311992871        36.258253938983650       -6.0924975160703383        30.645165939493140     
 pneutrinolab =    39.478438076376037       -33.745270139109188        5.7531136264060558       -19.664545153626026     
 sqrt(s) =    89.802539913208122     
 sqrt_fs_cm =    86.611857833216533     
 phind channel           0
 bbb pw(0) qmod c1q   0.0000000000000000        0.0000000000000000        0.0000000000000000        0.0000000000000000     
 reduced to Born momenta
   44.901269956604061        0.0000000000000000        0.0000000000000000        44.901215641564029     
   44.901269956604061        0.0000000000000000        0.0000000000000000       -44.901215641564029     
   44.901269956604054        36.268496781363666       -6.1379308638355869        25.749462634302763     
   44.901269956604068       -36.268496781363666        6.1379308638355869       -25.749462634302763     
 >> Photon n.           1
 cm momentum     1.3691421856779913E-002   1.0223726752915122E-002  -1.2272701517927721E-003   9.0235387579683454E-003
 lab momentum    1.4741647123634434E-002   1.0223726752915122E-002  -1.2272701517927721E-003   1.0549188555239952E-002
 c_ph_up    0.65906513234050568     
 c_ph_up lab   0.71560446853506932     
 c_ph_lep  0.99326941663330226     
 c_ph_lep lab   0.99414359151989073     
 >> Photon n.           2
 cm momentum     3.0769596241248101       -2.5448339646693943       0.35203542710811903       -1.6933905866102335     
 lab momentum    2.9124775339229676       -2.5448339646693943       0.35203542710811903       -1.3720118570667919     
 c_ph_up   -0.55034540373336560     
 c_ph_up lab  -0.47108066623221556     
 c_ph_lep -0.99935419486498511     
 c_ph_lep lab  -0.97891297387700760     
 >> Photon n.           3
 cm momentum     4.7326140781787249E-002   2.1626438042015111E-002  -1.1424267292044094E-002   4.0516007895057479E-002
 lab momentum    5.1959981288425779E-002   2.1626438042015111E-002  -1.1424267292044094E-002   4.5843461365263106E-002
 c_ph_up    0.85610208704466040     
 c_ph_up lab   0.88228402375261938     
 c_ph_lep  0.89239267205118999     
 c_ph_lep lab   0.90817703587200493     
 isvec for ranlux 
     8192674     9675355    12081709     9480863      986779    11942623     6473535     8765465     4090856     8723139     4116667     2833519      419117    11029292     2425882     3624875     8132952    13471903     1621808    10524330     7978715     5812058      446896     1435424     4221707
  
 ====== DUMPING at point            1
 propag    0.0000000000000000        0.0000000000000000        0.0000000000000000        0.0000000000000000     
 test props.    0.0000000000000000        0.0000000000000000     
 Var          0.34515895781121597     
 Var before   0.29829108819349431     
 iev, nphot and rad. pattern    3.0000000000000000                2               0           0           1           1
 partons...            1          -1
 x1 & x2   0.80753210539244769       0.99979819452169683     
 sv & ME   0.58443503664400087        3941612791428.4639     
 plepton   =    44.387575451996788       -29.589648128802995        16.312119279616052       -28.785641890297370     
 pneutrino =    44.908436962766721        29.941020791968057       -16.467118832753766        29.139763520492529     
 pleptonlab   =    47.720623394908607       -29.589648128802995        16.312119279616052       -33.698875674544894     
 pneutrinolab =    42.047111987197908        29.941020791968057       -16.467118832753766        24.501382288666829     
 sqrt(s) =    89.853722292939736     
 sqrt_fs_cm =    89.294484395391038     
 phind channel           0
 bbb pw(0) qmod c1q   0.0000000000000000        0.0000000000000000        0.0000000000000000        0.0000000000000000     
 reduced to Born momenta
   44.926861146469868        0.0000000000000000        0.0000000000000000        44.926806862368750     
   44.926861146469868        0.0000000000000000        0.0000000000000000       -44.926806862368750     
   44.926861146469868       -29.951235704196666        16.492037898503835       -29.143573125625547     
   44.926861146469868        29.951235704196666       -16.492037898503835        29.143573125625547     
 >> Photon n.           1
 cm momentum    0.54003476673518713      -0.36313193764743745       0.16120528721176600      -0.36576713974620195     
 lab momentum   0.58224956502485437      -0.36313193764743745       0.16120528721176600      -0.42563200914290006     
 c_ph_up   -0.67730294839621041     
 c_ph_up lab  -0.73101301350861669     
 c_ph_lep  0.99718915901737981     
 c_ph_lep lab   0.99757505038571548     
 >> Photon n.           2
 cm momentum     1.7675111441040163E-002   1.1759274482376498E-002  -6.2057340740524734E-003   1.1645509551044210E-002
 lab momentum    1.6530048575844353E-002   1.1759274482376498E-002  -6.2057340740524734E-003   9.8209385585109419E-003
 c_ph_up    0.65886484449564997     
 c_ph_up lab   0.59412641853106529     
 c_ph_lep -0.99981112325867549     
 c_ph_lep lab  -0.98898835227147963     
 isvec for ranlux 
    10876423     5508206     6552395     8586876     3831691     8121497     1468692    10309077    15186285     7188278     4503280     9877336     1366014     5981390     5726979     1082832     5970519     4651962    15890584    14102435     4569516     6677682    13119496    13736282     4202010
  
 ====== DUMPING at point            1
 propag    0.0000000000000000        0.0000000000000000        0.0000000000000000        0.0000000000000000     
 test props.    0.0000000000000000        0.0000000000000000     
 Var          0.33957973832622951     
 Var before   0.29157637246411033     
 iev, nphot and rad. pattern    5.0000000000000000                2               0           0           1           1
 partons...            1          -1
 x1 & x2   0.99985005286215844       0.84397454501042546     
 sv & ME   0.55738380853387082        105157898211.53442     
 plepton   =    44.740417206149125       0.21658685297652425       -42.458203315373382        14.104886722492695     
 pneutrino =    45.791993121093839      -0.16424623864748050        43.469562728116372       -14.396722186327109     
 pleptonlab   =    46.097856767751310       0.21658685297652425       -42.458203315373382        17.951470587508460     
 pneutrinolab =    44.735050030965631      -0.16424623864748050        43.469562728116372       -10.563317517758133     
 sqrt(s) =    91.861199286912750     
 sqrt_fs_cm =    90.526275546499107     
 phind channel           0
 bbb pw(0) qmod c1q   0.0000000000000000        0.0000000000000000        0.0000000000000000        0.0000000000000000     
 reduced to Born momenta
   45.930599643456375        0.0000000000000000        0.0000000000000000        45.930546545647324     
   45.930599643456375        0.0000000000000000        0.0000000000000000       -45.930546545647324     
   45.930599643456375       0.19337872900480110       -43.594462656376400        14.460091641652163     
   45.930599643456375      -0.19337872900480110        43.594462656376400       -14.460091641652163     
 >> Photon n.           1
 cm momentum     1.1912302019136900       -5.1355322693241195E-002  -1.1423064616979448       0.33395803979770478     
 lab momentum    1.2238439322183756       -5.1355322693241195E-002  -1.1423064616979448       0.43622534179243944     
 c_ph_up    0.28034719004035252     
 c_ph_up lab   0.35643870129888583     
 c_ph_lep  0.99819141787823862     
 c_ph_lep lab   0.99829144469771303     
 >> Photon n.           2
 cm momentum    0.13755875775609952       -9.8529163580255048E-004  0.13094704895495138       -4.2122575963291442E-002
 lab momentum   0.13447916269387872       -9.8529163580255048E-004  0.13094704895495138       -3.0603018956120831E-002
 c_ph_up   -0.30621515234949609     
 c_ph_up lab  -0.22756699508743916     
 c_ph_lep -0.99995205742404170     
 c_ph_lep lab  -0.98551005108662482     
 isvec for ranlux 
    13798336     8607402     7564242     6135960     8172408    11356951    12904116    12031075     5356482     9565784     5190119    11828940     9261313    15821424    16481898     3060787     3760646      711049     8167466     5757978    13465270     5714415     5077099     6269482     4100721
  
