 ====== DUMPING at point            1
 propag    0.0000000000000000        0.0000000000000000        0.0000000000000000        0.0000000000000000     
 test props.    0.0000000000000000        0.0000000000000000     
 Var           1.4696920214640096E-002
 Var before    0.0000000000000000     
 iev, nphot and rad. pattern    0.0000000000000000                0               0           0           0           0
 partons...            1          -1
 x1 & x2   0.98355812849495516       0.91856087901361705     
 sv & ME    1.0000000000000000        1296.4646034268394     
 plepton   =    45.148944124194657        3.9955377741113716       -5.0902847582901467        44.682666335094098     
 pneutrino =    45.148944124194671       -3.9955377741113716        5.0902847582901467       -44.682666335094098     
 pleptonlab   =    46.703068629298059        3.9955377741113716       -5.0902847582901467        46.252460849955050     
 pneutrinolab =    43.647584227359097       -3.9955377741113716        5.0902847582901467       -43.165091499591490     
 sqrt(s) =    90.297888248389327     
 sqrt_fs_cm =    90.297888248389327     
 phind channel           0
 bbb pw(0) qmod c1q   0.0000000000000000        0.0000000000000000        0.0000000000000000        0.0000000000000000     
 reduced to Born momenta
   43.322151270690284        0.0000000000000000        0.0000000000000000        43.322094975831583     
   43.322151270690284        0.0000000000000000        0.0000000000000000       -43.322094975831583     
   43.322151270690277       -32.557445135057570        7.6270495336885595        27.543393195419490     
   43.322151270690291        32.557445135057570       -7.6270495336885595       -27.543393195419490     
 isvec for ranlux 
     9644655    14614328     8305202     1457455     1056974    16450356    10467055     4514011      135838    16753179    11474510      425858    13826447     7299317     7668616    13721940      957152    13197359    14184585     9294164    15939178     5902395     5267822    14659295     4102414
  
