 ====== DUMPING at point            1
 propag    0.0000000000000000        0.0000000000000000        0.0000000000000000        0.0000000000000000     
 test props.    0.0000000000000000        0.0000000000000000     
 Var           9.3211961438623859E-003
 Var before    0.0000000000000000     
 iev, nphot and rad. pattern    0.0000000000000000                0               0           1           0           0
 partons...            1          -1
 x1 & x2   0.94860534284548648       0.97665474754057513     
 sv & ME   0.58383236636425107        16652.567314091095     
 plepton   =    45.720074099027883       -20.059481195164530        36.488231747024621       -18.882271316909883     
 pneutrino =    45.720074099027883        20.059481195164530       -36.488231747024621        18.882271316909883     
 pleptonlab   =    46.000055006891863       -20.059481195164530        36.488231747024621       -19.550448974432154     
 pneutrinolab =    45.449799286446044        20.059481195164530       -36.488231747024621        18.218102251415441     
 sqrt(s) =    91.440148198055766     
 sqrt_fs_cm =    91.440148198055766     
 phind channel           0
 bbb pw(0) qmod c1q   0.0000000000000000        0.0000000000000000        0.0000000000000000        0.0000000000000000     
 reduced to Born momenta
   45.720074099027890        0.0000000000000000        0.0000000000000000        45.720020756721020     
   45.720074099027876        0.0000000000000000        0.0000000000000000       -45.720020756721006     
   45.720074099027883       -20.059481195164530        36.488231747024621       -18.882271316909883     
   45.720074099027883        20.059481195164530       -36.488231747024621        18.882271316909883     
 isvec for ranlux 
     9644655    14614328     8305202     5902523     6611641    14048799     7267313     8683348    14048746     9318201     4464668     5476536     8218591     7359978     7668616    13721940      957152    13197359    14184585     9294164    15939178     5902395     5267822    14659295     4211303
  
 ====== DUMPING at point            1
 propag    0.0000000000000000        0.0000000000000000        0.0000000000000000        0.0000000000000000     
 test props.    0.0000000000000000        0.0000000000000000     
 Var           1.0954725835024434E-002
 Var before    7.0898113367891483E-003
 iev, nphot and rad. pattern    0.0000000000000000                1               0           0           1           0
 partons...            1          -1
 x1 & x2   0.86630482338375681       0.96028050662055098     
 sv & ME   0.58090947811897120        438204847.65063667     
 plepton   =    43.317799774338440        26.604174655033162        14.137351551227061       -31.125131254979735     
 pneutrino =    43.323888116187653       -26.607646923663957       -14.140491799767158        31.129210312162318     
 pleptonlab   =    44.978719833169940        26.604174655033162        14.137351551227061       -33.398012757959656     
 pneutrinolab =    41.777655577086513       -26.607646923663957       -14.140491799767158        28.938572160225092     
 sqrt(s) =    86.647897280015954     
 sqrt_fs_cm =    86.641687668020523     
 phind channel           0
 bbb pw(0) qmod c1q   0.0000000000000000        0.0000000000000000        0.0000000000000000        0.0000000000000000     
 reduced to Born momenta
   43.323948640007977        0.0000000000000000        0.0000000000000000        43.323892347484765     
   43.323948640007977        0.0000000000000000        0.0000000000000000       -43.323892347484765     
   43.323948640007977        26.607817586001719        14.139934963236374       -31.129401610311820     
   43.323948640007977       -26.607817586001719       -14.139934963236374        31.129401610311820     
 >> Photon n.           1
 cm momentum     6.2093894898573986E-003   3.4722686307928552E-003   3.1402485400965630E-003  -4.0790571825833535E-003
 lab momentum    6.4277649481478813E-003   3.4722686307928552E-003   3.1402485400965630E-003  -4.4043560131615004E-003
 c_ph_up   -0.65691759056928334     
 c_ph_up lab  -0.68520800755643485     
 c_ph_lep  0.98050585936442447     
 c_ph_lep lab   0.98186354435908385     
 isvec for ranlux 
    13077225     6767474    12978143    11216133     7787453     7756591     1456377     6700084     7382700    12480500    14719702    13291644     7895789     6891298      102469     9060833    10785562     3405521     1113041     5184210    10069583      203884    13164889     3691341     4042414
  
 ====== DUMPING at point            1
 propag    0.0000000000000000        0.0000000000000000        0.0000000000000000        0.0000000000000000     
 test props.    0.0000000000000000        0.0000000000000000     
 Var           1.1557585636449211E-002
 Var before    1.0403544043863020E-002
 iev, nphot and rad. pattern    0.0000000000000000                1               0           0           0           1
 partons...            1          -1
 x1 & x2   0.93750142791948776       0.87602018393675352     
 sv & ME   0.57979822995367725        24835155444.612431     
 plepton   =    43.046379529565336        36.402472936104537       -22.011300745617739       -6.5834816422664746     
 pneutrino =    43.038861541704456       -36.396056731997660        22.007553894911457        6.5823297576401094     
 pleptonlab   =    42.847819056448905        36.402472936104537       -22.011300745617739       -5.1270886304865257     
 pneutrinolab =    43.286895239213813       -36.396056731997660        22.007553894911457        8.0460401243704656     
 sqrt(s) =    86.092759941101676     
 sqrt_fs_cm =    86.085240742912674     
 phind channel           0
 bbb pw(0) qmod c1q   0.0000000000000000        0.0000000000000000        0.0000000000000000        0.0000000000000000     
 reduced to Born momenta
   43.046379970550838        0.0000000000000000        0.0000000000000000        43.046323315045626     
   43.046379970550838        0.0000000000000000        0.0000000000000000       -43.046323315045626     
   43.046379970550838        36.402444041923573       -22.011349684644262       -6.5834806684994600     
   43.046379970550838       -36.402444041923573        22.011349684644262        6.5834806684994600     
 >> Photon n.           1
 cm momentum     7.5188698318809722E-003  -6.4162041068802104E-003   3.7468507062821165E-003   1.1518846263652060E-003
 lab momentum    7.5622675087205268E-003  -6.4162041068802104E-003   3.7468507062821165E-003   1.4075952959344774E-003
 c_ph_up    0.15319917116812787     
 c_ph_up lab   0.18613402584757688     
 c_ph_lep -0.99988573148733240     
 c_ph_lep lab  -0.99762344523460189     
 isvec for ranlux 
     2493042    15249886     2032167    12287672     2672740     1104457     9630857    11203193     9414693    13903049     1041894    12159642    14667289     9413416    16351989    16702048    13674632     3503371    11931980     1731313     7232330     5707229     4337415    14161190    -4131024
  
 ====== DUMPING at point            1
 propag    0.0000000000000000        0.0000000000000000        0.0000000000000000        0.0000000000000000     
 test props.    0.0000000000000000        0.0000000000000000     
 Var           1.2396225721087860E-004
 Var before    1.0724671473702359E-004
 iev, nphot and rad. pattern    0.0000000000000000                4               1           0           2           1
 partons...            1          -1
 x1 & x2   0.99681845796882607       0.90582834342551843     
 sv & ME   0.66370596817054550        345.34500281296368     
 plepton   =    32.640940521095573       -21.309462624461805        13.591016621043183        20.654561343040520     
 pneutrino =    25.094658236643088        9.9716988807686189       -23.004037418934477       -1.0536565768746033     
 pleptonlab   =    33.667222864344495       -21.309462624461805        13.591016621043183        22.240993718113536     
 pneutrinolab =    25.072957036916215        9.9716988807686189       -23.004037418934477       0.14661085607405133     
 sqrt(s) =    90.272317864408890     
 sqrt_fs_cm =    52.269054410931808     
 phind channel           0
 bbb pw(0) qmod c1q   0.0000000000000000        0.0000000000000000        0.0000000000000000        0.0000000000000000     
 reduced to Born momenta
   26.138455247855386        0.0000000000000000        0.0000000000000000        26.138361944057220     
   26.138455247855386        0.0000000000000000        0.0000000000000000       -26.138361944057220     
   26.138455247855390       -15.253989739931543        18.623190760640675        10.183331574662681     
   26.138455247855383        15.253989739931543       -18.623190760640675       -10.183331574662681     
 >> Photon n.           1
 cm momentum     7.9357420976689640E-003   5.1344583264698379E-003  -5.3514628014855120E-003   2.8240372197931084E-003
 lab momentum    8.0800407282048941E-003   5.1344583264698379E-003  -5.3514628014855120E-003   3.2072171344502496E-003
 c_ph_up    0.35586302894377553     
 c_ph_up lab   0.39693081289242244     
 c_ph_lep -0.47799762715310196     
 c_ph_lep lab  -0.40735281348526264     
 >> Photon n.           2
 cm momentum     5.9522935778951833       0.77714260859568163        3.9033245974382931       -4.4260484961634274     
 lab momentum    5.7472028185996624       0.77714260859568163        3.9033245974382931       -4.1461363570266485     
 c_ph_up   -0.74358706240570582     
 c_ph_up lab  -0.72141813816079614     
 c_ph_lep -0.28271735570894274     
 c_ph_lep lab  -0.28799488266854767     
 >> Photon n.           3
 cm momentum     8.1098412120313181       -4.6444030035405826        4.6779253537643699       -4.7239876809400485     
 lab momentum    7.8929572407883271       -4.6444030035405826        4.6779253537643699       -4.3411184192814449     
 c_ph_up   -0.58250063810519470     
 c_ph_up lab  -0.54999897843711942     
 c_ph_lep  0.24545820817348590     
 c_ph_lep lab   0.24835754273316979     
 >> Photon n.           4
 cm momentum     18.466648574646058        15.199889680311617       0.83712230949011590       -10.453692626282235     
 lab momentum    17.987303064854427        15.199889680311617       0.83712230949011590       -9.5815265742068370     
 c_ph_up   -0.56608499284676495     
 c_ph_up lab  -0.53268277849436352     
 c_ph_lep -0.87669328850902095     
 c_ph_lep lab  -0.86797317135162222     
 isvec for ranlux 
    12306807    12405020     8850295    15057119     5966908    13452264    13207417       26955      735016     8266435     9187451     6041209     1355408     5741785     8716690     6989145     3699355     9743683     4158782     8169545     8638812     9960282    14457376     5233554     4090519
  
