 ====== DUMPING at point            1
 propag    0.0000000000000000        0.0000000000000000        0.0000000000000000        0.0000000000000000     
 test props.    0.0000000000000000        0.0000000000000000     
 Var           5.3928190663611521E-002
 Var before    0.0000000000000000     
 iev, nphot and rad. pattern    0.0000000000000000                1               0           0           1           0
 partons...            1          -1
 x1 & x2   0.63600893222390187       0.72911325867911436     
 sv & ME   0.51257067945930301        7018.0306324329358     
 plepton   =    74.837703574082113        36.508614325724054        20.538264854087526       -62.015896908370237     
 pneutrino =    74.906040903951961       -36.530544029860174       -20.551334123087297        62.081122886564536     
 pleptonlab   =    79.251860119584833        36.508614325724054        20.538264854087526       -67.276644725503857     
 pneutrinolab =    70.836914580142448       -36.530544029860174       -20.551334123087297        57.105335321549433     
 sqrt(s) =    149.81378836389922     
 sqrt_fs_cm =    149.74372809622716     
 phind channel           0
 bbb pw(0) qmod c1q   0.0000000000000000        0.0000000000000000        0.0000000000000000        0.0000000000000000     
 reduced to Born momenta
   74.906894181949610        0.0000000000000000        0.0000000000000000        74.906861624020777     
   74.906894181949610        0.0000000000000000        0.0000000000000000       -74.906861624020777     
   74.906894181949610        36.536663043603831        20.554410265955720       -62.077533009545867     
   74.906894181949610       -36.536663043603831       -20.554410265955720        62.077533009545867     
 >> Photon n.           1
 cm momentum     7.0043885865145192E-002   2.1929704136119374E-002   1.3069268999773254E-002  -6.5225978194300163E-002
 lab momentum    7.4666299604489991E-002   2.1929704136119374E-002   1.3069268999773254E-002  -7.0166506118954614E-002
 c_ph_up   -0.93121587114511462     
 c_ph_up lab  -0.93973461241053935     
 c_ph_lep  0.97561435018810738     
 c_ph_lep lab   0.97839815926730267     
 isvec for ranlux 
      778671     5844720     9587749    10340955     5767304     1229801     7106317     9230034     7070010     1656684     6134444     2662197     2938873     9323532     7705191    15725022     7372296    14273049     6405628     3024976     4819489    10459877     1149857     7981361    -4010418
  
 ====== DUMPING at point            1
 propag    0.0000000000000000        0.0000000000000000        0.0000000000000000        0.0000000000000000     
 test props.    0.0000000000000000        0.0000000000000000     
 Var           1.2433255832811454     
 Var before    5.3928190663611521E-002
 iev, nphot and rad. pattern    0.0000000000000000                0               0           0           1           0
 partons...            1          -1
 x1 & x2   0.22602162723384411       0.76308250968005631     
 sv & ME   0.52518543956486541        24423.735612976674     
 plepton   =    45.682875584555980       -39.500143700893503        4.4770234244612137        22.507973406065279     
 pneutrino =    45.682875584555966        39.500143700893503       -4.4770234244612137       -22.507973406065279     
 pleptonlab   =    39.847169883833963       -39.500143700893503        4.4770234244612137       -2.7350855425826595     
 pneutrinolab =    68.954285176695095        39.500143700893503       -4.4770234244612137       -56.341611526500685     
 sqrt(s) =    91.365751169111945     
 sqrt_fs_cm =    91.365751169111945     
 phind channel           0
 bbb pw(0) qmod c1q   0.0000000000000000        0.0000000000000000        0.0000000000000000        0.0000000000000000     
 reduced to Born momenta
   45.682875584555980        0.0000000000000000        0.0000000000000000        45.682822198813646     
   45.682875584555966        0.0000000000000000        0.0000000000000000       -45.682822198813632     
   45.682875584555980       -39.500143700893503        4.4770234244612137        22.507973406065279     
   45.682875584555966        39.500143700893503       -4.4770234244612137       -22.507973406065279     
 isvec for ranlux 
    14683590     1952959     5400450     5094089     4083391     5667112    11886351     3615086    16112834     1368291    15462261     7797679    14988199    15435044     9850695     6896914     2215452    12845121     6405628     3024976     4819489     9932425    14962976    10164146    -4220721
  
 ====== DUMPING at point            1
 propag    0.0000000000000000        0.0000000000000000        0.0000000000000000        0.0000000000000000     
 test props.    0.0000000000000000        0.0000000000000000     
 Var           5.9422783678488509     
 Var before    1.2433255832811454     
 iev, nphot and rad. pattern    0.0000000000000000                0               0           0           1           0
 partons...            1          -1
 x1 & x2   0.96696147555539214       0.17850044843417026     
 sv & ME   0.55377211837431595        16907.206161237358     
 plepton   =    45.700076474366796       -36.367666151235149       -18.929941098307864       -20.187521264345602     
 pneutrino =    45.700076474366810        36.367666151235149        18.929941098307864        20.187521264345602     
 pleptonlab   =    43.844222201166687       -36.367666151235149       -18.929941098307864        15.535599295190082     
 pneutrinolab =    82.156589437685156        36.367666151235149        18.929941098307864        71.195113688144289     
 sqrt(s) =    91.400152948733606     
 sqrt_fs_cm =    91.400152948733606     
 phind channel           0
 bbb pw(0) qmod c1q   0.0000000000000000        0.0000000000000000        0.0000000000000000        0.0000000000000000     
 reduced to Born momenta
   45.700076474366803        0.0000000000000000        0.0000000000000000        45.700023108718163     
   45.700076474366803        0.0000000000000000        0.0000000000000000       -45.700023108718163     
   45.700076474366796       -36.367666151235149       -18.929941098307864       -20.187521264345602     
   45.700076474366810        36.367666151235149        18.929941098307864        20.187521264345602     
 isvec for ranlux 
    13828964    12538209    11266704    12521690      381903    12884269    10959814      755982    12350293    13898296    16631971     2580472     9212313    13500588    11285027    12295266    14794390     9041223     4836823     6203403     5099258      436050     2993088    13331992    -4121202
  
 ====== DUMPING at point            1
 propag    0.0000000000000000        0.0000000000000000        0.0000000000000000        0.0000000000000000     
 test props.    0.0000000000000000        0.0000000000000000     
 Var          0.89663315658210851     
 Var before   0.27870452679156249     
 iev, nphot and rad. pattern    0.0000000000000000                1               0           0           0           1
 partons...            1          -1
 x1 & x2   0.17883932109240994       0.98100334582092952     
 sv & ME   0.53855815634451809        433575665553.94421     
 plepton   =    46.074372374629455       -25.221619238884834        3.6187470823054477        38.387644086965928     
 pneutrino =    46.068575034518702        25.218536182179079       -3.6182016855270942       -38.382762946543920     
 pleptonlab   =    27.032835942441842       -25.221619238884834        3.6187470823054477        9.0298199274696387     
 pneutrinolab =    100.53715456031026        25.218536182179079       -3.6182016855270942       -97.255551681038838     
 sqrt(s) =    92.148746394241783     
 sqrt_fs_cm =    92.142947226669563     
 phind channel           0
 bbb pw(0) qmod c1q   0.0000000000000000        0.0000000000000000        0.0000000000000000        0.0000000000000000     
 reduced to Born momenta
   46.074373197120892        0.0000000000000000        0.0000000000000000        46.074320265001973     
   46.074373197120892        0.0000000000000000        0.0000000000000000       -46.074320265001973     
   46.074373197120892       -25.221664937354785        3.6187021111573694        38.387619288445293     
   46.074373197120892        25.221664937354785       -3.6187021111573694       -38.387619288445293     
 >> Photon n.           1
 cm momentum     5.7989850936264083E-003   3.0830567057555948E-003  -5.4539677835332642E-004  -4.8811404220078071E-003
 lab momentum    1.2702857715222457E-002   3.0830567057555948E-003  -5.4539677835332642E-004  -1.2310966567920002E-002
 c_ph_up   -0.84172322280541945     
 c_ph_up lab  -0.96914937126054457     
 c_ph_lep -0.99971899700332867     
 c_ph_lep lab  -0.55592251288981009     
 isvec for ranlux 
     8387587      494124    16029375     9172352     3146249     4760742    10678187    15099412    14773573     5096781    12530818    12364236     9216740     4157391     4528357    13979143    11886891     6704042    11366472     4673913     1301926    13045427    13947925    11850217     4222212
  
 ====== DUMPING at point            1
 propag    0.0000000000000000        0.0000000000000000        0.0000000000000000        0.0000000000000000     
 test props.    0.0000000000000000        0.0000000000000000     
 Var          0.50477151452567515     
 Var before   0.39016300463461789     
 iev, nphot and rad. pattern    0.0000000000000000                1               0           0           1           0
 partons...            1          -1
 x1 & x2   0.17315245754324848       0.99756570189939675     
 sv & ME   0.53273476469247716        949317321326.17200     
 plepton   =    45.716407446322506        44.475004918211830        10.004396428950084        3.4445225683900929     
 pneutrino =    45.717001853253329       -44.475565428322511       -10.004585850008327       -3.4446242987761835     
 pleptonlab   =    60.972334490199827        44.475004918211830        10.004396428950084       -40.490744610475957     
 pneutrinolab =    67.805918413610044       -44.475565428322511       -10.004585850008327       -50.194260130242895     
 sqrt(s) =    91.434009633643612     
 sqrt_fs_cm =    91.433409297604996     
 phind channel           0
 bbb pw(0) qmod c1q   0.0000000000000000        0.0000000000000000        0.0000000000000000        0.0000000000000000     
 reduced to Born momenta
   45.717004816821806        0.0000000000000000        0.0000000000000000        45.716951470933708     
   45.717004816821806        0.0000000000000000        0.0000000000000000       -45.716951470933708     
   45.717004816821806        44.475577190988538        10.004556827290230        3.4445960500152912     
   45.717004816821806       -44.475577190988538       -10.004556827290230       -3.4445960500152912     
 >> Photon n.           1
 cm momentum     6.0033406777665593E-004   5.6051011067886013E-004   1.8942105824288602E-004   1.0173038609080266E-004
 lab momentum    7.4463488113738678E-004   5.6051011067886013E-004   1.8942105824288602E-004  -4.5213845747448574E-004
 c_ph_up    0.16945629367255852     
 c_ph_up lab  -0.60719483995145429     
 c_ph_lep  0.99012945094713489     
 c_ph_lep lab   0.99403324903703505     
 isvec for ranlux 
     8580474     7453528     6610367     9370130     6454595    13285363    12880910       20013     9703009    16699534     1920148     1192065     4551655     8434631    10339274    15950484     7679134     4788915     9680677     9420690    13578033     7433776    11266006     2295994    -4172313
  
 ====== DUMPING at point            1
 propag    0.0000000000000000        0.0000000000000000        0.0000000000000000        0.0000000000000000     
 test props.    0.0000000000000000        0.0000000000000000     
 Var          0.23736369763830481     
 Var before   0.20740714573170946     
 iev, nphot and rad. pattern    0.0000000000000000                3               0           0           0           3
 partons...            1          -1
 x1 & x2   0.98584181709008833       0.17524446376230465     
 sv & ME   0.53058555750941050        142186033582.14194     
 plepton   =    45.695073890139582       -43.713322402282003       -2.7361485940816865        13.026417372366874     
 pneutrino =    38.947483662049713        37.029814404180193        2.3313591211968636       -11.842842975997875     
 pleptonlab   =    76.525198808549007       -43.713322402282003       -2.7361485940816865        62.751524478866131     
 pneutrinolab =    42.850687992150448        37.029814404180193        2.3313591211968636        21.436602052310899     
 sqrt(s) =    91.442576060475091     
 sqrt_fs_cm =    84.369002405776300     
 phind channel           0
 bbb pw(0) qmod c1q   0.0000000000000000        0.0000000000000000        0.0000000000000000        0.0000000000000000     
 reduced to Born momenta
   45.721288030237538        0.0000000000000000        0.0000000000000000        45.721234689346943     
   45.721288030237552        0.0000000000000000        0.0000000000000000       -45.721234689346957     
   45.721288030237538       -43.611776310584361       -2.7374295146111129        13.451559840426059     
   45.721288030237552        43.611776310584361        2.7374295146111129       -13.451559840426059     
 >> Photon n.           1
 cm momentum     1.4691921869516063E-003   1.4608375088469268E-003   7.5281519053968507E-005   1.3715738344863651E-004
 lab momentum    2.1857894000249845E-003   1.4608375088469268E-003   7.5281519053968507E-005   1.6241803369381170E-003
 c_ph_up     9.3355644460117404E-002
 c_ph_up lab   0.74306350690489753     
 c_ph_lep -0.92764851222432421     
 c_ph_lep lab   0.22631820183218559     
 >> Photon n.           2
 cm momentum    0.58467287424953318       0.57057845888568282        3.6757412727618635E-002 -0.12219445465495203     
 lab momentum   0.69747123733209371       0.57057845888568282        3.6757412727618635E-002  0.39944366532813169     
 c_ph_up   -0.20899627815262820     
 c_ph_up lab   0.57270270650306510     
 c_ph_lep -0.99691618938457383     
 c_ph_lep lab    4.3551238835904830E-004
 >> Photon n.           3
 cm momentum     6.2138764418493091        6.1114687017072828       0.36795677863815018       -1.0615170990974940     
 lab momentum    7.6439470663316227        6.1114687017072828       0.36795677863815018        4.5765144892140732     
 c_ph_up   -0.17083009439138067     
 c_ph_up lab   0.59871090805582605     
 c_ph_lep -0.99311258007135850     
 c_ph_lep lab    3.2522000868739694E-002
 isvec for ranlux 
    12463464    12816993     5409746     8737059    13281844     3402445    15966410     7057779     5721136     7107145     5287062    13803679     6789592     8872370     6038474     3231451     5383470    11900558     8661044    16559408    15868938    13063497     1765555     7556872     4121808
  
 ====== DUMPING at point            1
 propag    0.0000000000000000        0.0000000000000000        0.0000000000000000        0.0000000000000000     
 test props.    0.0000000000000000        0.0000000000000000     
 Var          0.19407535510775903     
 Var before   0.17463545135392591     
 iev, nphot and rad. pattern    0.0000000000000000                0               0           0           1           0
 partons...            1          -1
 x1 & x2   0.99380709244848420       0.14425615108964987     
 sv & ME   0.55434237635270656        414.41139646107479     
 plepton   =    41.649606379830175        12.696146670649247       -38.551040022611502       -9.3436460118997609     
 pneutrino =    41.649606379830189       -12.696146670649247        38.551040022611502        9.3436460118997609     
 pleptonlab   =    52.111154129613418        12.696146670649247       -38.551040022611502        32.683120933001874     
 pneutrinolab =    73.075802659581313       -12.696146670649247        38.551040022611502        60.767482616469877     
 sqrt(s) =    83.299212759660364     
 sqrt_fs_cm =    83.299212759660364     
 phind channel           0
 bbb pw(0) qmod c1q   0.0000000000000000        0.0000000000000000        0.0000000000000000        0.0000000000000000     
 reduced to Born momenta
   41.649606379830182        0.0000000000000000        0.0000000000000000        41.649547824306460     
   41.649606379830182        0.0000000000000000        0.0000000000000000       -41.649547824306460     
   41.649606379830175        12.696146670649247       -38.551040022611502       -9.3436460118997609     
   41.649606379830189       -12.696146670649247        38.551040022611502        9.3436460118997609     
 isvec for ranlux 
      329117    13083972     8485272     1408289      464770     6894372      738681     7886092    15866702     8690204    15288282    11726043     8538071    14249573     1143683     9753066     2886105    11950696    14843458     3616203    13226508    16759306    10372826     2654890    -4181808
  
 ====== DUMPING at point            1
 propag    0.0000000000000000        0.0000000000000000        0.0000000000000000        0.0000000000000000     
 test props.    0.0000000000000000        0.0000000000000000     
 Var          0.57037753274005487     
 Var before   0.15718878802406441     
 iev, nphot and rad. pattern    0.0000000000000000                0               1           0           0           1
 partons...            1          -1
 x1 & x2   0.99961740423476697       0.16566150782859287     
 sv & ME   0.54946274391298944        6135.1901557131605     
 plepton   =    44.763124666298147        5.5097999152555044       -42.832603177785785       -11.778640673153580     
 pneutrino =    44.763124666298161       -5.5097999152555044        42.832603177785785        11.778640673153580     
 pleptonlab   =    52.021082704717905        5.5097999152555044       -42.832603177785785        29.003311741727323     
 pneutrinolab =    76.159597622251681       -5.5097999152555044        42.832603177785785        62.731836862951830     
 sqrt(s) =    89.526249332596308     
 sqrt_fs_cm =    89.526249332596308     
 phind channel           0
 bbb pw(0) qmod c1q   0.0000000000000000        0.0000000000000000        0.0000000000000000        0.0000000000000000     
 reduced to Born momenta
   44.763124666298154        0.0000000000000000        0.0000000000000000        44.763070183634078     
   44.763124666298154        0.0000000000000000        0.0000000000000000       -44.763070183634078     
   44.763124666298147        5.5097999152555044       -42.832603177785785       -11.778640673153580     
   44.763124666298161       -5.5097999152555044        42.832603177785785        11.778640673153580     
 isvec for ranlux 
    13950172     7889850    11583015    12192548     1605403       83687     6306702     7833669     8342862     8917484     1246586     1106221     9054104    14686376     3662297     5146407     1566075     9437649     8345499    15429287     4600828      580395    11906909     5153403     4042414
  
 ====== DUMPING at point            1
 propag    0.0000000000000000        0.0000000000000000        0.0000000000000000        0.0000000000000000     
 test props.    0.0000000000000000        0.0000000000000000     
 Var          0.14719637593272994     
 Var before   0.13207712447341796     
 iev, nphot and rad. pattern    0.0000000000000000                0               1           0           0           0
 partons...            1          -1
 x1 & x2   0.99947768081922150       0.16215449326049117     
 sv & ME   0.52827566927704950        3559.7915752395570     
 plepton   =    44.283682570296506       -16.429387552867226       -39.494928194469260        11.456842926684629     
 pneutrino =    44.283682570296506        16.429387552867226        39.494928194469260       -11.456842926684629     
 pleptonlab   =    75.804302930833700       -16.429387552867226       -39.494928194469260        62.582002610091855     
 pneutrinolab =    51.975236217934679        16.429387552867226        39.494928194469260        29.523548021368462     
 sqrt(s) =    88.567365140593012     
 sqrt_fs_cm =    88.567365140593012     
 phind channel           0
 bbb pw(0) qmod c1q   0.0000000000000000        0.0000000000000000        0.0000000000000000        0.0000000000000000     
 reduced to Born momenta
   44.283682570296506        0.0000000000000000        0.0000000000000000        44.283627497769224     
   44.283682570296506        0.0000000000000000        0.0000000000000000       -44.283627497769224     
   44.283682570296506       -16.429387552867226       -39.494928194469260        11.456842926684629     
   44.283682570296506        16.429387552867226        39.494928194469260       -11.456842926684629     
 isvec for ranlux 
    14934303     3473210     8471184     6099525    10643444     7607535    10569531     5524448    11112068    14721168     6701285     3361518     9288000     6142615    11626850     2885969      877347      876084     8838452     4455743     6705181     2111016    11540840     3368061     4080216
  
 ====== DUMPING at point            1
 propag    0.0000000000000000        0.0000000000000000        0.0000000000000000        0.0000000000000000     
 test props.    0.0000000000000000        0.0000000000000000     
 Var          0.14767018798738596     
 Var before   0.10298403716390407     
 iev, nphot and rad. pattern    0.0000000000000000                2               0           0           1           1
 partons...            1          -1
 x1 & x2   0.16786973348464770       0.99905009851432414     
 sv & ME   0.55450807788647927        4159662009034.6313     
 plepton   =    44.506951277250863       -29.669232310710708        16.355942248629184       -28.863079453805693     
 pneutrino =    45.029217547796925        30.021547175054753       -16.511407153071026        29.218134921942426     
 pleptonlab   =    92.700776881805410       -29.669232310710708        16.355942248629184       -86.288137528001997     
 pneutrinolab =    34.503369751966027        30.021547175054753       -16.511407153071026       -4.0683534250226216     
 sqrt(s) =    90.095378631369755     
 sqrt_fs_cm =    89.534636696542492     
 phind channel           0
 bbb pw(0) qmod c1q   0.0000000000000000        0.0000000000000000        0.0000000000000000        0.0000000000000000     
 reduced to Born momenta
   45.047689315684877        0.0000000000000000        0.0000000000000000        45.047635177186265     
   45.047689315684877        0.0000000000000000        0.0000000000000000       -45.047635177186265     
   45.047689315684870       -30.031790971472141        16.536368770852828       -29.221964135067452     
   45.047689315684885        30.031790971472141       -16.536368770852828        29.221964135067452     
 >> Photon n.           1
 cm momentum    0.54148715870097197      -0.36410581466503444       0.16168784005572662      -0.36673197453082401     
 lab momentum    1.1436344332457473      -0.36410581466503444       0.16168784005572662       -1.0719998670758066     
 c_ph_up   -0.67726809147351574     
 c_ph_up lab  -0.93736235628492337     
 c_ph_lep  0.99719651718911773     
 c_ph_lep lab   0.99936271125194309     
 >> Photon n.           2
 cm momentum     1.7722647620991162E-002   1.1790950320991095E-002  -6.2229356138831637E-003   1.1676506394089301E-002
 lab momentum    1.3400452869738150E-002   1.1790950320991095E-002  -6.2229356138831637E-003  -1.3493331639954816E-003
 c_ph_up    0.65884661500911101     
 c_ph_up lab  -0.10069310172663203     
 c_ph_lep -0.99981181044574075     
 c_ph_lep lab  -0.26982003859552728     
 isvec for ranlux 
    10876423     5508206     6552395     8586876     3831691     8121497     1468692    10309077    15186285     7188278     4503280     9877336     1366014     5981390     5726979     1082832     5970519     4651962    15890584    14102435     4569516     6677682    13119496    13736282     4202010
  
 ====== DUMPING at point            1
 propag    0.0000000000000000        0.0000000000000000        0.0000000000000000        0.0000000000000000     
 test props.    0.0000000000000000        0.0000000000000000     
 Var          0.14487009104400311     
 Var before   0.12421660533664078     
 iev, nphot and rad. pattern    1.0000000000000000                1               0           0           0           1
 partons...            1          -1
 x1 & x2   0.99965453280653171       0.16662044508535753     
 sv & ME   0.54244952596667828        14331288.933534365     
 plepton   =    44.892766810121032        1.5336616152125051        44.594760442763970       -4.9299666610388888     
 pneutrino =    44.817372385666410       -1.5293994981292682       -44.521342723707164        4.9088372469818085     
 pleptonlab   =    59.112936041889022        1.5336616152125051        44.594760442763970        38.772197086359597     
 pneutrinolab =    69.046418000599914       -1.5293994981292682       -44.521342723707164        52.753271503058755     
 sqrt(s) =    89.786655725060086     
 sqrt_fs_cm =    89.710106564134151     
 phind channel           0
 bbb pw(0) qmod c1q   0.0000000000000000        0.0000000000000000        0.0000000000000000        0.0000000000000000     
 reduced to Born momenta
   44.893327862530043        0.0000000000000000        0.0000000000000000        44.893273537881107     
   44.893327862530043        0.0000000000000000        0.0000000000000000       -44.893273537881107     
   44.893327862530043        1.5328365146087763        44.596057505948949       -4.9235952338433311     
   44.893327862530043       -1.5328365146087763       -44.596057505948949        4.9235952338433311     
 >> Photon n.           1
 cm momentum     7.6516529272641923E-002  -4.2621170832367970E-003  -7.3417719056807398E-002   2.1129414057080458E-002
 lab momentum   0.13089352561889581       -4.2621170832367970E-003  -7.3417719056807398E-002  0.10828105991081272     
 c_ph_up    0.27614182527532866     
 c_ph_up lab   0.82724534616081302     
 c_ph_lep -0.98536267284957380     
 c_ph_lep lab   0.11860597743929142     
 isvec for ranlux 
      509286     4862733    13755904    12549642    12775709    11602958    10364388     9567213     3052866      857491    14436862    13435185     2641346     1700154     6952913     1047290    11494882    15657031     8631761     8468919     6858125    12865379     6913213     1702453     4110519
  
 ====== DUMPING at point            1
 propag    0.0000000000000000        0.0000000000000000        0.0000000000000000        0.0000000000000000     
 test props.    0.0000000000000000        0.0000000000000000     
 Var           7.8526476212422702E-002
 Var before    7.0662478130969139E-002
 iev, nphot and rad. pattern    1.0000000000000000                0               1           1           0           0
 partons...            1          -1
 x1 & x2   0.15955067916198692       0.99983954825889620     
 sv & ME   0.55136961974866439        2115.6522715985734     
 plepton   =    43.934649829382103       -35.380973747419105       -22.981958201774990       -12.258000890653580     
 pneutrino =    43.934649829382117        35.380973747419105        22.981958201774990        12.258000890653580     
 pleptonlab   =    76.660940921401405       -35.380973747419105       -22.981958201774990       -64.007069868565594     
 pneutrinolab =    50.871984094895723        35.380973747419105        22.981958201774990       -28.424705732094402     
 sqrt(s) =    87.869299658764220     
 sqrt_fs_cm =    87.869299658764220     
 phind channel           0
 bbb pw(0) qmod c1q   0.0000000000000000        0.0000000000000000        0.0000000000000000        0.0000000000000000     
 reduced to Born momenta
   43.934649829382110        0.0000000000000000        0.0000000000000000        43.934594319338217     
   43.934649829382110        0.0000000000000000        0.0000000000000000       -43.934594319338217     
   43.934649829382103       -35.380973747419105       -22.981958201774990       -12.258000890653580     
   43.934649829382117        35.380973747419105        22.981958201774990        12.258000890653580     
 isvec for ranlux 
    12031718    11144101     9640398     2732913     4803269     4774240      803381    10880642     9812894    14426443    15710183     1384957     1290947    11230590     4803821     8376228     2590517     9682914     5307925    14684581    12516216    12647319     1227526     5193320    -4032010
  
 ====== DUMPING at point            1
 propag    0.0000000000000000        0.0000000000000000        0.0000000000000000        0.0000000000000000     
 test props.    0.0000000000000000        0.0000000000000000     
 Var           5.4151948707176080E-002
 Var before    4.7272835141145740E-002
 iev, nphot and rad. pattern    3.0000000000000000                1               0           0           0           1
 partons...            1          -1
 x1 & x2   0.11962355865733583       0.99979751327410049     
 sv & ME   0.53658138247946685        110264926.13980354     
 plepton   =    38.041426424550401       -34.333505552404233       -11.192864608396096        11.961151243260627     
 pneutrino =    38.037915882924537        34.330586285885687        11.191541873756551       -11.959603537755166     
 pleptonlab   =    46.346981990989846       -34.333505552404233       -11.192864608396096       -29.051019849960699     
 pneutrinolab =    76.781606182086776        34.330586285885687        11.191541873756551       -67.761081159946897     
 sqrt(s) =    76.082901399531153     
 sqrt_fs_cm =    76.079342224225428     
 phind channel           0
 bbb pw(0) qmod c1q   0.0000000000000000        0.0000000000000000        0.0000000000000000        0.0000000000000000     
 reduced to Born momenta
   38.041450699765576        0.0000000000000000        0.0000000000000000        38.041386590358336     
   38.041450699765576        0.0000000000000000        0.0000000000000000       -38.041386590358336     
   38.041450699765576       -34.333652033853546       -11.192726828144979        11.960936912299758     
   38.041450699765576        34.333652033853546        11.192726828144979       -11.960936912299758     
 >> Photon n.           1
 cm momentum     3.5590920562142028E-003   2.9192665185494098E-003   1.3227346395448185E-003  -1.5477055054601604E-003
 lab momentum    7.7297393814012866E-003   2.9192665185494098E-003   1.3227346395448185E-003  -7.0339979365514876E-003
 c_ph_up   -0.43485964426175894     
 c_ph_up lab  -0.90999160378888844     
 c_ph_lep -0.98636383168687691     
 c_ph_lep lab   0.24929847841661429     
 isvec for ranlux 
     3097500    12723480    12195375    14734963    12732900     1156948     4373493    10599959    12588210     7247846     6026583    10883302     7297476     2742895    10974662     5280416     1675643    14963240    12732090    12754880     4098022     9116501    12837888     5078183     4091024
  
 ====== DUMPING at point            1
 propag    0.0000000000000000        0.0000000000000000        0.0000000000000000        0.0000000000000000     
 test props.    0.0000000000000000        0.0000000000000000     
 Var           5.7906793452109764E-002
 Var before    5.1578858329861040E-002
 iev, nphot and rad. pattern    3.0000000000000000                2               0           1           1           0
 partons...            1          -1
 x1 & x2   0.19128191330331507       0.99983930266792886     
 sv & ME   0.54085011487460055        35115696.748229280     
 plepton   =    48.023107137999936       -19.763975422712690       -26.089829395601114        35.141339375373690     
 pneutrino =    42.598208115690994        18.554330440247195        22.566646820126593       -31.001281331358598     
 pleptonlab   =    32.913395326981174       -19.763975422712690       -26.089829395601114        3.4621533555743298     
 pneutrinolab =    86.670482037958479        18.554330440247195        22.566646820126593       -81.598067172025623     
 sqrt(s) =    96.211001765974828     
 sqrt_fs_cm =    90.450022892519456     
 phind channel           0
 bbb pw(0) qmod c1q   0.0000000000000000        0.0000000000000000        0.0000000000000000        0.0000000000000000     
 reduced to Born momenta
   48.105500882987421        0.0000000000000000        0.0000000000000000        48.105450185789799     
   48.105500882987407        0.0000000000000000        0.0000000000000000       -48.105450185789785     
   48.105500882987407       -20.360177158973247       -25.821631318995205        35.111744382652709     
   48.105500882987421        20.360177158973247        25.821631318995205       -35.111744382652709     
 >> Photon n.           1
 cm momentum     5.5794355557598747        1.2125906744025337        3.5296909751682088       -4.1474096249400798     
 lab momentum    11.432292395821085        1.2125906744025337        3.5296909751682088       -10.805934244650793     
 c_ph_up   -0.74333856596991121     
 c_ph_up lab  -0.94521150006631671     
 c_ph_lep -0.97708076796214616     
 c_ph_lep lab  -0.40785864562024071     
 >> Photon n.           2
 cm momentum     1.0250956524023370E-002  -2.9456919370383873E-003  -6.5083996936889064E-003   7.3515809249898407E-003
 lab momentum    7.1639960760945080E-003  -2.9456919370383873E-003  -6.5083996936889064E-003   5.3523099457588631E-004
 c_ph_up    0.71716048231803819     
 c_ph_up lab    7.4711235027318787E-002
 c_ph_lep  0.98798335932597137     
 c_ph_lep lab   0.97491181976495545     
 isvec for ranlux 
    16419447    16632813    16679220     8549100     4488436     6398191      665060    15379843    10272473    14763850    12915184     7630175    12931793     8549716     3243398    15629144     2714857     1417773     9942628    11481106    11302101     8740541    12658321      903330    -4101808
  
