 ====== DUMPING at point            1
 propag    0.0000000000000000        0.0000000000000000        0.0000000000000000        0.0000000000000000     
 test props.    0.0000000000000000        0.0000000000000000     
 Var           3.7081459133996724     
 Var before    0.0000000000000000     
 iev, nphot and rad. pattern    0.0000000000000000                0               0           0           0           0
 partons...            1          -1
 x1 & x2   0.96616567911735496       0.83793767075953107     
 sv & ME    1.0000000000000000        27756.813092949502     
 plepton   =    44.988515721442646        3.9813402934736746       -5.0721972758580076        44.523893892935355     
 pneutrino =    44.988515721442660       -3.9813402934736746        5.0721972758580076       -44.523893892935355     
 pleptonlab   =    48.275176878009283        3.9813402934736746       -5.0721972758580076        47.842484082392247     
 pneutrinolab =    41.929990615835024       -3.9813402934736746        5.0721972758580076       -41.431083664501053     
 sqrt(s) =    89.977031442885306     
 sqrt_fs_cm =    89.977031442885306     
 phind channel           0
 bbb pw(0) qmod c1q   0.0000000000000000        0.0000000000000000        0.0000000000000000        0.0000000000000000     
 reduced to Born momenta
   45.444035983348869        0.0000000000000000        0.0000000000000000        45.443982317027491     
   45.444035983348869        0.0000000000000000        0.0000000000000000       -45.443982317027491     
   45.444035983348876       -34.152092317165511        8.0006185590294869        28.892454651641430     
   45.444035983348861        34.152092317165511       -8.0006185590294869       -28.892454651641430     
 isvec for ranlux 
     9644655    14614328     8305202     1457455     1056974    16450356    10467055     4514011      135838    16753179    11474510      425858    13826447     7299317     7668616    13721940      957152    13197359    14184585     9294164    15939178     5902395     5267822    14659295     4102414
  
 ====== DUMPING at point            1
 propag    0.0000000000000000        0.0000000000000000        0.0000000000000000        0.0000000000000000     
 test props.    0.0000000000000000        0.0000000000000000     
 Var           2.4872546426114459     
 Var before    2.2073273510944995     
 iev, nphot and rad. pattern    0.0000000000000000                0               0           0           0           0
 partons...            1          -1
 x1 & x2   0.99427728318130171       0.99976866665782238     
 sv & ME    1.0000000000000000        449.69411689050690     
 plepton   =    49.850959712284677        42.946285615871474        24.649366648503285        5.7560660326308799     
 pneutrino =    49.850959712284663       -42.946285615871474       -24.649366648503285       -5.7560660326308799     
 pleptonlab   =    49.835297112386790        42.946285615871474        24.649366648503285        5.6188032725879555     
 pneutrinolab =    49.867000379569383       -42.946285615871474       -24.649366648503285       -5.8933724464139932     
 sqrt(s) =    99.701919424569340     
 sqrt_fs_cm =    99.701919424569340     
 phind channel           0
 bbb pw(0) qmod c1q   0.0000000000000000        0.0000000000000000        0.0000000000000000        0.0000000000000000     
 reduced to Born momenta
   49.850959712284670        0.0000000000000000        0.0000000000000000        49.850910790177437     
   49.850959712284670        0.0000000000000000        0.0000000000000000       -49.850910790177437     
   49.850959712284677        42.946285615871474        24.649366648503285        5.7560660326308799     
   49.850959712284663       -42.946285615871474       -24.649366648503285       -5.7560660326308799     
 isvec for ranlux 
    13828964    12538209    14722825      978898    10903123    16188213     3834576      755982    12350293    13898296    16631971     2580472     9212313    13500588    11285027    12295266    14794390     9041223     4836823     6203403     5099258      436050     2993088    13331992     4071707
  
 ====== DUMPING at point            1
 propag    0.0000000000000000        0.0000000000000000        0.0000000000000000        0.0000000000000000     
 test props.    0.0000000000000000        0.0000000000000000     
 Var           2.3369540637438426     
 Var before    1.7002347153464195     
 iev, nphot and rad. pattern    0.0000000000000000                0               0           0           0           0
 partons...            1          -1
 x1 & x2   0.82248142816155401       0.99234795713593993     
 sv & ME    1.0000000000000000        11859.369692691413     
 plepton   =    45.171555347872633       -23.098095056854703        38.199591926694715       -6.9085041964926797     
 pneutrino =    45.171555347872633        23.098095056854703       -38.199591926694715        6.9085041964926797     
 pleptonlab   =    46.020216158602267       -23.098095056854703        38.199591926694715       -11.185629753014076     
 pneutrinolab =    44.721253106272414        23.098095056854703       -38.199591926694715        2.6923033042947777     
 sqrt(s) =    90.343110695745267     
 sqrt_fs_cm =    90.343110695745267     
 phind channel           0
 bbb pw(0) qmod c1q   0.0000000000000000        0.0000000000000000        0.0000000000000000        0.0000000000000000     
 reduced to Born momenta
   45.171555347872633        0.0000000000000000        0.0000000000000000        45.171501357828703     
   45.171555347872633        0.0000000000000000        0.0000000000000000       -45.171501357828703     
   45.171555347872633       -23.098095056854703        38.199591926694715       -6.9085041964926797     
   45.171555347872633        23.098095056854703       -38.199591926694715        6.9085041964926797     
 isvec for ranlux 
    15326067    15249886     2032167    12287672     2672740     1104457     9630857    11203193     9414693    13903049     1041894    12159642    14667289     9413416    16351989    16702048    13674632     3503371    11931980     1731313     7232330     5707229     4337415    14161190    -4121101
  
 ====== DUMPING at point            1
 propag    0.0000000000000000        0.0000000000000000        0.0000000000000000        0.0000000000000000     
 test props.    0.0000000000000000        0.0000000000000000     
 Var           9.5129231071053386     
 Var before    2.0018620122067339     
 iev, nphot and rad. pattern    0.0000000000000000                0               0           0           0           0
 partons...            1          -1
 x1 & x2   0.99889760511076908       0.77049755404938924     
 sv & ME    1.0000000000000000        2475.4479494837951     
 plepton   =    43.864796861596211        39.919898883285349        4.2277484660796709        17.681545635873217     
 pneutrino =    43.864796861596197       -39.919898883285349       -4.2277484660796709       -17.681545635873217     
 pleptonlab   =    46.536534415150093        39.919898883285349        4.2277484660796709        23.540724027455397     
 pneutrinolab =    41.933223542857796       -39.919898883285349       -4.2277484660796709       -12.120721474386404     
 sqrt(s) =    87.729593723192409     
 sqrt_fs_cm =    87.729593723192409     
 phind channel           0
 bbb pw(0) qmod c1q   0.0000000000000000        0.0000000000000000        0.0000000000000000        0.0000000000000000     
 reduced to Born momenta
   43.864796861596204        0.0000000000000000        0.0000000000000000        43.864741263154627     
   43.864796861596204        0.0000000000000000        0.0000000000000000       -43.864741263154627     
   43.864796861596211        39.919898883285349        4.2277484660796709        17.681545635873217     
   43.864796861596197       -39.919898883285349       -4.2277484660796709       -17.681545635873217     
 isvec for ranlux 
     4925990     5576093    15184408    11784099    11845403    13164298      418628     8394559    12727338     1012832     9828754     3599171     1962348     6110377     3755204    14196229     8714040    12307127     8788506     3545955     7555912     3534851     9276842     7912478    -4100317
  
 ====== DUMPING at point            1
 propag    0.0000000000000000        0.0000000000000000        0.0000000000000000        0.0000000000000000     
 test props.    0.0000000000000000        0.0000000000000000     
 Var           6.5691287479999314     
 Var before    2.5885593540289684     
 iev, nphot and rad. pattern    0.0000000000000000                0               0           0           0           0
 partons...            1          -1
 x1 & x2   0.82398701233297855       0.99938252920785975     
 sv & ME    1.0000000000000000        28471.644833115592     
 plepton   =    45.372850484065907       -11.970661470421227       -29.154371653659766        32.640623076142170     
 pneutrino =    45.372850484065907        11.970661470421227        29.154371653659766       -32.640623076142170     
 pleptonlab   =    42.429808689789802       -11.970661470421227       -29.154371653659766        28.407804899385432     
 pneutrinolab =    48.738668387252105        11.970661470421227        29.154371653659766       -37.177580743129489     
 sqrt(s) =    90.745700968131814     
 sqrt_fs_cm =    90.745700968131814     
 phind channel           0
 bbb pw(0) qmod c1q   0.0000000000000000        0.0000000000000000        0.0000000000000000        0.0000000000000000     
 reduced to Born momenta
   45.372850484065907        0.0000000000000000        0.0000000000000000        45.372796733547290     
   45.372850484065907        0.0000000000000000        0.0000000000000000       -45.372796733547290     
   45.372850484065907       -11.970661470421227       -29.154371653659766        32.640623076142170     
   45.372850484065907        11.970661470421227        29.154371653659766       -32.640623076142170     
 isvec for ranlux 
     6421334     2423437     5715606     3926529     7706024    16732713    16568292    10697716    10804217    12296899    13403552     1093186    11046168     8745017     6064867     7111243    12495416     9149192     9988395     7047572    10817188      356677    10759454     5582999    -4161404
  
 ====== DUMPING at point            1
 propag    0.0000000000000000        0.0000000000000000        0.0000000000000000        0.0000000000000000     
 test props.    0.0000000000000000        0.0000000000000000     
 Var           2.0911526743844657     
 Var before    1.8137376502989555     
 iev, nphot and rad. pattern    0.0000000000000000                0               0           0           0           0
 partons...            1          -1
 x1 & x2   0.84693457237716407       0.99911513253870488     
 sv & ME    1.0000000000000000        24323.674087206688     
 plepton   =    45.994161247168705        26.841231458542822        3.7131392287566998        37.164668651770413     
 pneutrino =    45.994161247168677       -26.841231458542822       -3.7131392287566998       -37.164668651770413     
 pleptonlab   =    43.077080631306650        26.841231458542822        3.7131392287566998        33.487081134094467     
 pneutrinolab =    49.225404614486813       -26.841231458542822       -3.7131392287566998       -41.096109142171514     
 sqrt(s) =    91.988322494337382     
 sqrt_fs_cm =    91.988322494337382     
 phind channel           0
 bbb pw(0) qmod c1q   0.0000000000000000        0.0000000000000000        0.0000000000000000        0.0000000000000000     
 reduced to Born momenta
   45.994161247168691        0.0000000000000000        0.0000000000000000        45.994108222738205     
   45.994161247168691        0.0000000000000000        0.0000000000000000       -45.994108222738205     
   45.994161247168705        26.841231458542822        3.7131392287566998        37.164668651770413     
   45.994161247168677       -26.841231458542822       -3.7131392287566998       -37.164668651770413     
 isvec for ranlux 
    10671788    15112082    16580349    15196529    12173453     4126535    14349879    14774021     1833402    14749546    12999650    11317858    16659325    10501234     7001243    11690730    15931723    11335180     5068908     1086744     3192185    13920432    14783369     9387395    -4011707
  
 ====== DUMPING at point            1
 propag    0.0000000000000000        0.0000000000000000        0.0000000000000000        0.0000000000000000     
 test props.    0.0000000000000000        0.0000000000000000     
 Var          0.82605622852022187     
 Var before   0.72195838051809380     
 iev, nphot and rad. pattern    0.0000000000000000                0               0           0           0           0
 partons...            1          -1
 x1 & x2   0.99951130385927622       0.82645128520517930     
 sv & ME    1.0000000000000000        18466.509554393902     
 plepton   =    45.443574948819858        42.816844430684974       -12.813368200137111        8.2245224058164101     
 pneutrino =    45.443574948819872       -42.816844430684974        12.813368200137111       -8.2245224058164101     
 pleptonlab   =    46.432088510817749        42.816844430684974       -12.813368200137111        12.588213064259048     
 pneutrinolab =    44.866040942405029       -42.816844430684974        12.813368200137111       -3.9352121315541977     
 sqrt(s) =    90.887149897639731     
 sqrt_fs_cm =    90.887149897639731     
 phind channel           0
 bbb pw(0) qmod c1q   0.0000000000000000        0.0000000000000000        0.0000000000000000        0.0000000000000000     
 reduced to Born momenta
   45.443574948819858        0.0000000000000000        0.0000000000000000        45.443521281954020     
   45.443574948819872        0.0000000000000000        0.0000000000000000       -45.443521281954034     
   45.443574948819858        42.816844430684974       -12.813368200137111        8.2245224058164101     
   45.443574948819872       -42.816844430684974        12.813368200137111       -8.2245224058164101     
 isvec for ranlux 
    16299211     3254293    16131975     5266621    16545363    14473301     5355798     5599353    11050532    14547556    11682091     8225026    12673044    12120042     6959192    14507471     7976243    13182463     2472364    15582834    14772810    14376851    13178594     7905684     4032111
  
 ====== DUMPING at point            1
 propag    0.0000000000000000        0.0000000000000000        0.0000000000000000        0.0000000000000000     
 test props.    0.0000000000000000        0.0000000000000000     
 Var          0.76727886658391287     
 Var before   0.57842337089014828     
 iev, nphot and rad. pattern    0.0000000000000000                0               0           0           0           0
 partons...            1          -1
 x1 & x2   0.99986867144443947       0.86057780671909356     
 sv & ME    1.0000000000000000        7639.3592956539778     
 plepton   =    46.380620637255106       -26.230969573799161       -18.559390962836328       -33.446016942418083     
 pneutrino =    46.380620637255106        26.230969573799161        18.559390962836328        33.446016942418083     
 pleptonlab   =    44.000024458773161       -26.230969573799161       -18.559390962836328       -30.057881345633458     
 pneutrinolab =    49.022299449403491        26.230969573799161        18.559390962836328        37.022424581900758     
 sqrt(s) =    92.761241274510212     
 sqrt_fs_cm =    92.761241274510212     
 phind channel           0
 bbb pw(0) qmod c1q   0.0000000000000000        0.0000000000000000        0.0000000000000000        0.0000000000000000     
 reduced to Born momenta
   46.380620637255106        0.0000000000000000        0.0000000000000000        46.380568054643035     
   46.380620637255106        0.0000000000000000        0.0000000000000000       -46.380568054643035     
   46.380620637255106       -26.230969573799161       -18.559390962836328       -33.446016942418083     
   46.380620637255106        26.230969573799161        18.559390962836328        33.446016942418083     
 isvec for ranlux 
     1948374     8671651     4823179    12041177      945790    14706172    15752365     3472617     5950536     1314392     5216746    14238364     5005588     6648891    15103801      817999     4819676    14947327    12782556      118696     8196223    16643681    15944295     5417153    -4030721
  
 ====== DUMPING at point            1
 propag    0.0000000000000000        0.0000000000000000        0.0000000000000000        0.0000000000000000     
 test props.    0.0000000000000000        0.0000000000000000     
 Var          0.72492893781671486     
 Var before   0.63062909803403377     
 iev, nphot and rad. pattern    0.0000000000000000                0               0           0           0           0
 partons...            1          -1
 x1 & x2   0.81837785570024091       0.99982006042407656     
 sv & ME    1.0000000000000000        15270.541133888846     
 plepton   =    45.228049845641728       -30.546062978536742       -18.052118544745785       -28.046824806136204     
 pneutrino =    45.228049845641728        30.546062978536742        18.052118544745785        28.046824806136204     
 pleptonlab   =    48.267847058442015       -30.546062978536742       -18.052118544745785       -32.723583980416841     
 pneutrinolab =    42.642048747773870        30.546062978536742        18.052118544745785        23.651473744225054     
 sqrt(s) =    90.456099691283455     
 sqrt_fs_cm =    90.456099691283455     
 phind channel           0
 bbb pw(0) qmod c1q   0.0000000000000000        0.0000000000000000        0.0000000000000000        0.0000000000000000     
 reduced to Born momenta
   45.228049845641728        0.0000000000000000        0.0000000000000000        45.227995923037014     
   45.228049845641728        0.0000000000000000        0.0000000000000000       -45.227995923037014     
   45.228049845641728       -30.546062978536742       -18.052118544745785       -28.046824806136204     
   45.228049845641728        30.546062978536742        18.052118544745785        28.046824806136204     
 isvec for ranlux 
    12039140    13414567       24956      680525     5161984    15245004     2427930     4072528    10460989    10949186    15097278     6403010    13177578     2354914     6551446    11760129     9565449    15230204    12264909     7341336     7576794     6409704     4349288     8230537    -4080317
  
 ====== DUMPING at point            1
 propag    0.0000000000000000        0.0000000000000000        0.0000000000000000        0.0000000000000000     
 test props.    0.0000000000000000        0.0000000000000000     
 Var          0.55312272048094457     
 Var before   0.49536287065947687     
 iev, nphot and rad. pattern    0.0000000000000000                0               0           0           0           0
 partons...            1          -1
 x1 & x2   0.99988254185254177       0.82506388307789491     
 sv & ME    1.0000000000000000        27970.545159014931     
 plepton   =    45.413846253170789       -31.166728645227973        13.311674106605105        30.229796986573227     
 pneutrino =    45.413846253170789        31.166728645227973       -13.311674106605105       -30.229796986573227     
 pleptonlab   =    48.532868387101004       -31.166728645227973        13.311674106605105        34.739926715847652     
 pneutrinolab =    42.714452859420817        31.166728645227973       -13.311674106605105       -25.998993777115309     
 sqrt(s) =    90.827692506341577     
 sqrt_fs_cm =    90.827692506341577     
 phind channel           0
 bbb pw(0) qmod c1q   0.0000000000000000        0.0000000000000000        0.0000000000000000        0.0000000000000000     
 reduced to Born momenta
   45.413846253170789        0.0000000000000000        0.0000000000000000        45.413792551173643     
   45.413846253170789        0.0000000000000000        0.0000000000000000       -45.413792551173643     
   45.413846253170789       -31.166728645227973        13.311674106605105        30.229796986573227     
   45.413846253170789        31.166728645227973       -13.311674106605105       -30.229796986573227     
 isvec for ranlux 
     1557697     2758898    12299107    12897799     9719336    12650748     3944842    11864134     1592213     5193147     1439382    14514151    13647109    11293445     6602871     1680709     7646021     3836307     1590689    12608638     8765967     5583163     6364299      289554    -4082414
  
