 ====== DUMPING at point            1
 propag    0.0000000000000000        0.0000000000000000        0.0000000000000000        0.0000000000000000     
 test props.    0.0000000000000000        0.0000000000000000     
 Var           2.4793186583515946E-005
 Var before    0.0000000000000000     
 iev, nphot and rad. pattern    0.0000000000000000                1               0           0           0           1
 partons...            1          -1
 x1 & x2   0.99988694528845967       0.99988908592366277     
 sv & ME    1.0000000000000000       0.26341793268339253     
 plepton   =    104.22197559858708       -95.722223096559816       -26.432289301246065        31.635409302373148     
 pneutrino =    24.048411473779964        11.064494604287818       -6.9160872771916093       -20.200485802245399     
 pleptonlab   =    104.22194173491918       -95.722223096559816       -26.432289301246065        31.635297739282993     
 pneutrinolab =    24.048433097150738        11.064494604287818       -6.9160872771916093       -20.200511544577807     
 sqrt(s) =    219.97536343320749     
 sqrt_fs_cm =    89.685503345594043     
 phind channel           0
 bbb pw(0) qmod c1q   0.0000000000000000        0.0000000000000000        0.0000000000000000        0.0000000000000000     
 reduced to Born momenta
   96.031994608575403        0.0000000000000000        0.0000000000000000        96.031969212735902     
   96.031994608575374        0.0000000000000000        0.0000000000000000       -96.031969212735873     
   96.031994608575403        81.138955364077589        30.488038980220438       -41.341047717453549     
   96.031994608575374       -81.138955364077589       -30.488038980220438        41.341047717453549     
 >> Photon n.           1
 cm momentum     91.704976360840448        84.657728492272000        33.348376578437673       -11.434923500127747     
 lab momentum    91.704988601263622        84.657728492272000        33.348376578437673       -11.435021664577539     
 c_ph_up   -0.12469250801759815     
 c_ph_up lab  -0.12469356181153239     
 c_ph_lep -0.97794226782210936     
 c_ph_lep lab  -0.97794264648507323     
 isvec for ranlux 
     9644655    14614328     8305202     1457455     6611641    14048799     7267313     8683348    14048746     9318201     4464668     5476536     8218591     7359978     7668616    13721940      957152    13197359    14184585     9294164    15939178     5902395     5267822    14659295     4201404
  
 ====== DUMPING at point            1
 propag    0.0000000000000000        0.0000000000000000        0.0000000000000000        0.0000000000000000     
 test props.    0.0000000000000000        0.0000000000000000     
 Var          0.11137262613323823     
 Var before    2.4793186583515946E-005
 iev, nphot and rad. pattern    0.0000000000000000                1               0           0           0           1
 partons...            1          -1
 x1 & x2   0.48640031530228217       0.33032360903465352     
 sv & ME    1.0000000000000000        2176.5262887116232     
 plepton   =    43.561662465751027        10.280475187132174       -28.978792924415227       -30.856906255475078     
 pneutrino =    43.639875268414407       -10.609682480052641        29.646055549014193        30.215452632858707     
 pleptonlab   =    38.372060884985380        10.280475187132174       -28.978792924415227       -22.955288790171643     
 pneutrinolab =    50.341857294117247       -10.609682480052641        29.646055549014193        39.278969693552646     
 sqrt(s) =    88.183922384832570     
 sqrt_fs_cm =    87.196003942848279     
 phind channel           0
 bbb pw(0) qmod c1q   0.0000000000000000        0.0000000000000000        0.0000000000000000        0.0000000000000000     
 reduced to Born momenta
   43.598001971424139        0.0000000000000000        0.0000000000000000        43.597946032751395     
   43.598001971424139        0.0000000000000000        0.0000000000000000       -43.597946032751395     
   43.598001971424139        10.445005013099328       -29.312274611669878       -30.536323281875610     
   43.598001971424139       -10.445005013099328        29.312274611669878        30.536323281875610     
 >> Photon n.           1
 cm momentum    0.98238465066713410       0.32920729292046641      -0.66726262459896379       0.64145362261637240     
 lab momentum    1.1257134979603023       0.32920729292046641      -0.66726262459896379       0.84475678605815285     
 c_ph_up    0.65295566474981404     
 c_ph_up lab   0.75041898990176514     
 c_ph_lep   6.8411133168286772E-002
 c_ph_lep lab    7.7073191134981331E-002
 isvec for ranlux 
      778671     5844720     9587749    10340955     5767304     5667112    11886351     3615086    16112834     1368291    15462261     7797679    14988199    15435044     9850695     6896914     2215452    12845121     6405628     3024976     4819489    10459877     1149857     7981361     4141505
  
 ====== DUMPING at point            1
 propag    0.0000000000000000        0.0000000000000000        0.0000000000000000        0.0000000000000000     
 test props.    0.0000000000000000        0.0000000000000000     
 Var           6.4587633390719643E-002
 Var before    4.2537536567214339E-002
 iev, nphot and rad. pattern    0.0000000000000000                1               0           0           0           1
 partons...            1          -1
 x1 & x2   0.45848781929685040       0.36302503219439125     
 sv & ME    1.0000000000000000        18011942.899844512     
 plepton   =    44.877089929457568       -43.186339058116054       -11.644761294003185        3.6444053024160796     
 pneutrino =    43.197417436303169        41.569088864554715        11.214747905333448       -3.4994270767273705     
 pleptonlab   =    45.609569284347010       -43.186339058116054       -11.644761294003185        8.9197141083841416     
 pneutrinolab =    43.082638512689478        41.569088864554715        11.214747905333448        1.5306397075008635     
 sqrt(s) =    89.754218170909425     
 sqrt_fs_cm =    88.058488627346478     
 phind channel           0
 bbb pw(0) qmod c1q   0.0000000000000000        0.0000000000000000        0.0000000000000000        0.0000000000000000     
 reduced to Born momenta
   44.877109085454713        0.0000000000000000        0.0000000000000000        44.877054741172593     
   44.877109085454713        0.0000000000000000        0.0000000000000000       -44.877054741172593     
   44.877109085454713       -43.185920248096032       -11.647767110388902        3.6399958576302796     
   44.877109085454713        43.185920248096032        11.647767110388902       -3.6399958576302796     
 >> Photon n.           1
 cm momentum     1.6797108051486898        1.6172501935613375       0.43001338866973621      -0.14497822568870891     
 lab momentum    1.6742058670000934        1.6172501935613375       0.43001338866973621        5.0552765385501880E-002
 c_ph_up    -8.6311420539963296E-002
 c_ph_up lab    3.0195071216710209E-002
 c_ph_lep -0.99998081655217996     
 c_ph_lep lab  -0.97433196023260527     
 isvec for ranlux 
    13077225     6767474    12978143    11216133     7787453     7756591     1456377     6700084     7382700    12480500    14719702    13291644     7895789     6891298    12974755     9060833    10785562     3405521     1113041     5184210    10069583      203884    13164889     3691341    -4030115
  
 ====== DUMPING at point            1
 propag    0.0000000000000000        0.0000000000000000        0.0000000000000000        0.0000000000000000     
 test props.    0.0000000000000000        0.0000000000000000     
 Var           7.0389029327268440E-002
 Var before    5.4990683056756536E-002
 iev, nphot and rad. pattern    0.0000000000000000                1               0           0           1           0
 partons...            1          -1
 x1 & x2   0.55107206157738409       0.30212689594540104     
 sv & ME    1.0000000000000000        231610.22009922605     
 plepton   =    44.814146917085047       -42.604033620293720        13.734224049327917        2.1363541977773175     
 pneutrino =    44.839436278302578        42.594262824413306       -13.847913506809407       -2.1278975579705399     
 pleptonlab   =    47.504609779516336       -42.604033620293720        13.734224049327917        15.904219429333738     
 pneutrinolab =    46.230228325463891        42.594262824413306       -13.847913506809407        11.453685576520041     
 sqrt(s) =    89.768004679171895     
 sqrt_fs_cm =    89.653510179447736     
 phind channel           0
 bbb pw(0) qmod c1q   0.0000000000000000        0.0000000000000000        0.0000000000000000        0.0000000000000000     
 reduced to Born momenta
   44.884002339585948        0.0000000000000000        0.0000000000000000        44.883948003649998     
   44.884002339585948        0.0000000000000000        0.0000000000000000       -44.883948003649998     
   44.884002339585948       -42.653551637094445        13.808673114842028        2.1348493805524615     
   44.884002339585948        42.653551637094445       -13.808673114842028       -2.1348493805524615     
 >> Photon n.           1
 cm momentum    0.11442148378427003        9.7707958804122697E-003  0.11368945748149080       -8.4566398067777576E-003
 lab momentum   0.11704722252615246        9.7707958804122697E-003  0.11368945748149080        2.6063213664363379E-002
 c_ph_up    -7.3907797094485195E-002
 c_ph_up lab   0.22267263675171739     
 c_ph_lep  0.21980569439999467     
 c_ph_lep lab   0.28050374327086919     
 isvec for ranlux 
    12609031    10583372    16215701     1832600    12194072    16727716     1268154    13108615    10509164     4237853    15177197     1934990    15385690    12000756    11793439     5827754     6641025    12601671    14224388    11420860     9084980     6398925    14925538    14428519    -4202212
  
 ====== DUMPING at point            1
 propag    0.0000000000000000        0.0000000000000000        0.0000000000000000        0.0000000000000000     
 test props.    0.0000000000000000        0.0000000000000000     
 Var           7.3511332425311535E-002
 Var before    3.9472724370840560E-002
 iev, nphot and rad. pattern    0.0000000000000000                0               0           0           0           1
 partons...            1          -1
 x1 & x2   0.77304011902463798       0.23099813484639786     
 sv & ME   0.68106874060822464        6980.0165156560670     
 plepton   =    46.483405538311835        32.803636658723065        30.724335207109906        11.858856386318124     
 pneutrino =    46.483405538311807       -32.803636658723065       -30.724335207109906       -11.858856386318124     
 pleptonlab   =    62.827826659439367        32.803636658723065        30.724335207109906        43.900584131657268     
 pneutrinolab =    47.616381266374574       -32.803636658723065       -30.724335207109906        15.724034127949146     
 sqrt(s) =    92.966811076623642     
 sqrt_fs_cm =    92.966811076623642     
 phind channel           0
 bbb pw(0) qmod c1q   0.0000000000000000        0.0000000000000000        0.0000000000000000        0.0000000000000000     
 reduced to Born momenta
   46.483405538311828        0.0000000000000000        0.0000000000000000        46.483353071971464     
   46.483405538311814        0.0000000000000000        0.0000000000000000       -46.483353071971450     
   46.483405538311835        32.803636658723065        30.724335207109906        11.858856386318124     
   46.483405538311807       -32.803636658723065       -30.724335207109906       -11.858856386318124     
 isvec for ranlux 
    12772361     9066317     5614520    14712917     8083403    12204174    13074540     6921724    12710289     8960730    14104610     1475088    12553420    14139155     7756725     6881800     3939484     9820917    13494360    11400925    10568292    10179337     2153932     1070073    -4091101
  
 ====== DUMPING at point            1
 propag    0.0000000000000000        0.0000000000000000        0.0000000000000000        0.0000000000000000     
 test props.    0.0000000000000000        0.0000000000000000     
 Var           7.4428549212093159E-002
 Var before    5.5969472432690515E-002
 iev, nphot and rad. pattern    0.0000000000000000                0               0           0           1           0
 partons...            1          -1
 x1 & x2   0.80145996004488085       0.19567168976826393     
 sv & ME   0.67079959304114434        1775.7978407397904     
 plepton   =    43.560975636794510       -14.362879277825055        36.532112395786754        18.885441416344065     
 pneutrino =    43.560975636794510        14.362879277825055       -36.532112395786754       -18.885441416344065     
 pleptonlab   =    69.287092575513100       -14.362879277825055        36.532112395786754        57.094680107944214     
 pneutrinolab =    40.397388903932843        14.362879277825055       -36.532112395786754        9.5420296224836534     
 sqrt(s) =    87.121951273589019     
 sqrt_fs_cm =    87.121951273589019     
 phind channel           0
 bbb pw(0) qmod c1q   0.0000000000000000        0.0000000000000000        0.0000000000000000        0.0000000000000000     
 reduced to Born momenta
   43.560975636794510        0.0000000000000000        0.0000000000000000        43.560919650574469     
   43.560975636794510        0.0000000000000000        0.0000000000000000       -43.560919650574469     
   43.560975636794510       -14.362879277825055        36.532112395786754        18.885441416344065     
   43.560975636794510        14.362879277825055       -36.532112395786754       -18.885441416344065     
 isvec for ranlux 
    10852153    15812439     1484202    11751390     5706977     7529045     2847864     2080892     9153717    14761644    12859838    11647268     3782788    13754946      211197     8964795    15756767     6694737    10114126     7531661     3836725     7465056     1960640    12821145    -4091909
  
 ====== DUMPING at point            1
 propag    0.0000000000000000        0.0000000000000000        0.0000000000000000        0.0000000000000000     
 test props.    0.0000000000000000        0.0000000000000000     
 Var           7.2739585417935751E-002
 Var before    6.1353322664684157E-002
 iev, nphot and rad. pattern    0.0000000000000000                0               0           0           1           0
 partons...            1          -1
 x1 & x2   0.19673147583197287       0.87517804842348612     
 sv & ME   0.71127745990111257        16801.272742236106     
 plepton   =    45.643382169744925       -15.193788353097400        42.935411218441772       -3.0010716730039233     
 pneutrino =    45.643382169744925        15.193788353097400       -42.935411218441772        3.0010716730039233     
 pleptonlab   =    61.408472026590943       -15.193788353097400        42.935411218441772       -41.190879232346077     
 pneutrinolab =    56.501575641509561        15.193788353097400       -42.935411218441772       -33.438243752720396     
 sqrt(s) =    91.286764339489849     
 sqrt_fs_cm =    91.286764339489849     
 phind channel           0
 bbb pw(0) qmod c1q   0.0000000000000000        0.0000000000000000        0.0000000000000000        0.0000000000000000     
 reduced to Born momenta
   45.643382169744925        0.0000000000000000        0.0000000000000000        45.643328737809966     
   45.643382169744925        0.0000000000000000        0.0000000000000000       -45.643328737809966     
   45.643382169744925       -15.193788353097400        42.935411218441772       -3.0010716730039233     
   45.643382169744925        15.193788353097400       -42.935411218441772        3.0010716730039233     
 isvec for ranlux 
    10482904     1249819    12058037    14159976    14147930     6205970    15501324    12978942     7368013    14433584    16541464     1152053     4008817      771860     8681050    10975929     7328478     5633556      295591      567446    12330918     8671797    12046268    10350963    -4201606
  
