 ====== DUMPING at point            1
 propag    0.0000000000000000        0.0000000000000000        0.0000000000000000        0.0000000000000000     
 test props.    0.0000000000000000        0.0000000000000000     
 Var           3.4088297290752516     
 Var before    0.0000000000000000     
 iev, nphot and rad. pattern    0.0000000000000000                0               0           0           0           0
 partons...            1          -1
 x1 & x2   0.96585465239982848       0.83654968133222074     
 sv & ME    1.0000000000000000        29113.581615509167     
 plepton   =    44.944004096161684        3.9774011347264868       -5.0671788175515404        44.479841721264748     
 pneutrino =    44.944004096161699       -3.9774011347264868        5.0671788175515404       -44.479841721264748     
 pleptonlab   =    48.259347464583207        3.9774011347264868       -5.0671788175515404        47.827371170286369     
 pneutrinolab =    41.860869222019268       -3.9774011347264868        5.0671788175515404       -41.362122616905978     
 sqrt(s) =    89.888008192323383     
 sqrt_fs_cm =    89.888008192323383     
 phind channel           0
 bbb pw(0) qmod c1q   0.0000000000000000        0.0000000000000000        0.0000000000000000        0.0000000000000000     
 reduced to Born momenta
   45.444035983348869        0.0000000000000000        0.0000000000000000        45.443982317027491     
   45.444035983348869        0.0000000000000000        0.0000000000000000       -45.443982317027491     
   45.444035983348876       -34.152092317165511        8.0006185590294869        28.892454651641430     
   45.444035983348861        34.152092317165511       -8.0006185590294869       -28.892454651641430     
 isvec for ranlux 
     9644655    14614328     8305202     1457455     1056974    16450356    10467055     4514011      135838    16753179    11474510      425858    13826447     7299317     7668616    13721940      957152    13197359    14184585     9294164    15939178     5902395     5267822    14659295     4102414
  
 ====== DUMPING at point            1
 propag    0.0000000000000000        0.0000000000000000        0.0000000000000000        0.0000000000000000     
 test props.    0.0000000000000000        0.0000000000000000     
 Var           2.4619787997914386     
 Var before    2.0738501816197079     
 iev, nphot and rad. pattern    0.0000000000000000                0               0           0           0           0
 partons...            1          -1
 x1 & x2   0.99427728318130171       0.99976866665782238     
 sv & ME    1.0000000000000000        448.37842151166529     
 plepton   =    49.850959712284677        42.946285615871474        24.649366648503285        5.7560660326308799     
 pneutrino =    49.850959712284663       -42.946285615871474       -24.649366648503285       -5.7560660326308799     
 pleptonlab   =    49.835297112386790        42.946285615871474        24.649366648503285        5.6188032725879555     
 pneutrinolab =    49.867000379569383       -42.946285615871474       -24.649366648503285       -5.8933724464139932     
 sqrt(s) =    99.701919424569340     
 sqrt_fs_cm =    99.701919424569340     
 phind channel           0
 bbb pw(0) qmod c1q   0.0000000000000000        0.0000000000000000        0.0000000000000000        0.0000000000000000     
 reduced to Born momenta
   49.850959712284670        0.0000000000000000        0.0000000000000000        49.850910790177437     
   49.850959712284670        0.0000000000000000        0.0000000000000000       -49.850910790177437     
   49.850959712284677        42.946285615871474        24.649366648503285        5.7560660326308799     
   49.850959712284663       -42.946285615871474       -24.649366648503285       -5.7560660326308799     
 isvec for ranlux 
    13828964    12538209    14722825      978898    10903123    16188213     3834576      755982    12350293    13898296    16631971     2580472     9212313    13500588    11285027    12295266    14794390     9041223     4836823     6203403     5099258      436050     2993088    13331992     4071707
  
 ====== DUMPING at point            1
 propag    0.0000000000000000        0.0000000000000000        0.0000000000000000        0.0000000000000000     
 test props.    0.0000000000000000        0.0000000000000000     
 Var           1.6813853880702612     
 Var before    1.3675830027740283     
 iev, nphot and rad. pattern    0.0000000000000000                0               0           0           0           0
 partons...            1          -1
 x1 & x2   0.96318259554516339       0.99924355471594872     
 sv & ME    1.0000000000000000        521.57722879624862     
 plepton   =    49.052369988948634       -44.398522280580451       -18.155934783493304       -10.259487768869329     
 pneutrino =    49.052369988948634        44.398522280580451        18.155934783493304        10.259487768869329     
 pleptonlab   =    49.249210889256432       -44.398522280580451       -18.155934783493304       -11.162744329300239     
 pneutrinolab =    48.872096623799202        44.398522280580451        18.155934783493304        9.3596963707609717     
 sqrt(s) =    98.104739977897268     
 sqrt_fs_cm =    98.104739977897268     
 phind channel           0
 bbb pw(0) qmod c1q   0.0000000000000000        0.0000000000000000        0.0000000000000000        0.0000000000000000     
 reduced to Born momenta
   49.052369988948634        0.0000000000000000        0.0000000000000000        49.052320270371602     
   49.052369988948634        0.0000000000000000        0.0000000000000000       -49.052320270371602     
   49.052369988948634       -44.398522280580451       -18.155934783493304       -10.259487768869329     
   49.052369988948634        44.398522280580451        18.155934783493304        10.259487768869329     
 isvec for ranlux 
    11721521    11045222     4525189     9551634     3138826    12914592    10311113     5879490    10841622     2041022     1591996      713870     2223296     9465644     1698956     6906665      167992     7923134     5610804    11998942     7292850    14658741     2512720     2054019     4020115
  
 ====== DUMPING at point            1
 propag    0.0000000000000000        0.0000000000000000        0.0000000000000000        0.0000000000000000     
 test props.    0.0000000000000000        0.0000000000000000     
 Var           2.4311327007936585     
 Var before    1.3960331972282174     
 iev, nphot and rad. pattern    0.0000000000000000                0               0           0           0           0
 partons...            1          -1
 x1 & x2   0.99967724214925802       0.97555223158695292     
 sv & ME    1.0000000000000000        877.17345801838292     
 plepton   =    49.377053487561390        38.986649666223201       -12.425468983169029        27.635685549186455     
 pneutrino =    49.377053487561390       -38.986649666223201        12.425468983169029       -27.635685549186455     
 pleptonlab   =    49.718298098421542        38.986649666223201       -12.425468983169029        28.240872338926103     
 pneutrinolab =    49.043175588389005       -38.986649666223201        12.425468983169029       -27.034621810810854     
 sqrt(s) =    98.754106975122781     
 sqrt_fs_cm =    98.754106975122781     
 phind channel           0
 bbb pw(0) qmod c1q   0.0000000000000000        0.0000000000000000        0.0000000000000000        0.0000000000000000     
 reduced to Born momenta
   49.377053487561390        0.0000000000000000        0.0000000000000000        49.377004095913904     
   49.377053487561390        0.0000000000000000        0.0000000000000000       -49.377004095913904     
   49.377053487561390        38.986649666223201       -12.425468983169029        27.635685549186455     
   49.377053487561390       -38.986649666223201        12.425468983169029       -27.635685549186455     
 isvec for ranlux 
     5015453    15280816     4310583      768372    14533642     3155413     4422873      249048     4684845     1910008    16056781      794157     1869094     3063496    16774527    13424117     4046483    13961998    14383364     9654875    12256042     6035440    14952706     7070106    -4050721
  
 ====== DUMPING at point            1
 propag    0.0000000000000000        0.0000000000000000        0.0000000000000000        0.0000000000000000     
 test props.    0.0000000000000000        0.0000000000000000     
 Var           3.4927770975052628     
 Var before    2.1395841773653985     
 iev, nphot and rad. pattern    0.0000000000000000                0               0           0           0           0
 partons...            1          -1
 x1 & x2   0.99918788184465734       0.64860479197713217     
 sv & ME    1.0000000000000000        246.96237516122750     
 plepton   =    40.251647427463304       -18.829058791404851       -29.429820037255180        19.988401500318584     
 pneutrino =    40.251647427463318        18.829058791404851        29.429820037255180       -19.988401500318584     
 pleptonlab   =    45.547182529534830       -18.829058791404851       -29.429820037255180        29.221343403270964     
 pneutrinolab =    36.842451161554671        18.829058791404851        29.429820037255180       -11.692188909894698     
 sqrt(s) =    80.503294854926622     
 sqrt_fs_cm =    80.503294854926622     
 phind channel           0
 bbb pw(0) qmod c1q   0.0000000000000000        0.0000000000000000        0.0000000000000000        0.0000000000000000     
 reduced to Born momenta
   40.251647427463311        0.0000000000000000        0.0000000000000000        40.251586838275259     
   40.251647427463311        0.0000000000000000        0.0000000000000000       -40.251586838275259     
   40.251647427463304       -18.829058791404851       -29.429820037255180        19.988401500318584     
   40.251647427463318        18.829058791404851        29.429820037255180       -19.988401500318584     
 isvec for ranlux 
    13339185     3157215     2885755    13075980     2672839    15264749     5589110    16308282     7842139    12049687    13366755     6076284      742419    12796796     4739940     6325708    16429432     3537523     6895768     4781887    12457939      764822     9148973    10794182    -4081303
  
 ====== DUMPING at point            1
 propag    0.0000000000000000        0.0000000000000000        0.0000000000000000        0.0000000000000000     
 test props.    0.0000000000000000        0.0000000000000000     
 Var           2.3567645221701472     
 Var before    1.9540356430433332     
 iev, nphot and rad. pattern    0.0000000000000000                0               0           0           0           0
 partons...            1          -1
 x1 & x2   0.83811211625499960       0.99728595777821660     
 sv & ME    1.0000000000000000        24199.253889797183     
 plepton   =    45.712072928956516        35.104586926745682        17.913429874005953        23.159435541964275     
 pneutrino =    45.712072928956502       -35.104586926745682       -17.913429874005953       -23.159435541964275     
 pleptonlab   =    43.868867211410887        35.104586926745682        17.913429874005953        19.267676392667592     
 pneutrinolab =    47.901036490249936       -35.104586926745682       -17.913429874005953       -27.226368468828444     
 sqrt(s) =    91.424145857913018     
 sqrt_fs_cm =    91.424145857913018     
 phind channel           0
 bbb pw(0) qmod c1q   0.0000000000000000        0.0000000000000000        0.0000000000000000        0.0000000000000000     
 reduced to Born momenta
   45.712072928956509        0.0000000000000000        0.0000000000000000        45.712019577312908     
   45.712072928956509        0.0000000000000000        0.0000000000000000       -45.712019577312908     
   45.712072928956516        35.104586926745682        17.913429874005953        23.159435541964275     
   45.712072928956502       -35.104586926745682       -17.913429874005953       -23.159435541964275     
 isvec for ranlux 
     2357503    13313867    13475429      398041      676046      598883     1378089     4879090    14650659     9192766    12027607    13293528    15088918     5524941     3471822    13068680     3121771    14380553    13340567    15481040    11950101    16227926    15558269    13944932    -4050620
  
 ====== DUMPING at point            1
 propag    0.0000000000000000        0.0000000000000000        0.0000000000000000        0.0000000000000000     
 test props.    0.0000000000000000        0.0000000000000000     
 Var           1.9801818837866423     
 Var before    1.7336712366743519     
 iev, nphot and rad. pattern    0.0000000000000000                0               0           0           0           0
 partons...            1          -1
 x1 & x2   0.99794973163732137       0.84104241577249228     
 sv & ME    1.0000000000000000        14285.961303448254     
 plepton   =    45.807151546340542        2.8155800595969458       -45.593753740035403       -3.4008966345580109     
 pneutrino =    45.807151546340528       -2.8155800595969458        45.593753740035403        3.4008966345580109     
 pleptonlab   =    45.683568831926436        2.8155800595969458       -45.593753740035403       0.50933913152239141     
 pneutrinolab =    46.266038538564246       -2.8155800595969458        45.593753740035403        7.3360266617190639     
 sqrt(s) =    91.614303092681070     
 sqrt_fs_cm =    91.614303092681070     
 phind channel           0
 bbb pw(0) qmod c1q   0.0000000000000000        0.0000000000000000        0.0000000000000000        0.0000000000000000     
 reduced to Born momenta
   45.807151546340535        0.0000000000000000        0.0000000000000000        45.807098305435240     
   45.807151546340535        0.0000000000000000        0.0000000000000000       -45.807098305435240     
   45.807151546340542        2.8155800595969458       -45.593753740035403       -3.4008966345580109     
   45.807151546340528       -2.8155800595969458        45.593753740035403        3.4008966345580109     
 isvec for ranlux 
    12675073     6236269     4537278     4433730     4224941    13787964    13876073    15802303    15288718      805940    14528922    13666908     8167124    16627472     6461287     3513350     4350067    10105469     7717376     3989656     7739191    12448084    16391049     2870502     4050721
  
 ====== DUMPING at point            1
 propag    0.0000000000000000        0.0000000000000000        0.0000000000000000        0.0000000000000000     
 test props.    0.0000000000000000        0.0000000000000000     
 Var           1.3512188789806125     
 Var before   0.90783673814119259     
 iev, nphot and rad. pattern    0.0000000000000000                0               0           0           0           0
 partons...            1          -1
 x1 & x2   0.84532017279466087       0.99910611666310911     
 sv & ME    1.0000000000000000        24837.821747192145     
 plepton   =    45.950096713115371        26.815516181425782        3.7095818508327723        37.129062992066629     
 pneutrino =    45.950096713115357       -26.815516181425782       -3.7095818508327723       -37.129062992066629     
 pleptonlab   =    43.004065299959677        26.815516181425782        3.7095818508327723        33.414152137191685     
 pneutrinolab =    49.217249172928831       -26.815516181425782       -3.7095818508327723       -41.103449330614097     
 sqrt(s) =    91.900193426230729     
 sqrt_fs_cm =    91.900193426230729     
 phind channel           0
 bbb pw(0) qmod c1q   0.0000000000000000        0.0000000000000000        0.0000000000000000        0.0000000000000000     
 reduced to Born momenta
   45.950096713115364        0.0000000000000000        0.0000000000000000        45.950043637836245     
   45.950096713115364        0.0000000000000000        0.0000000000000000       -45.950043637836245     
   45.950096713115371        26.815516181425782        3.7095818508327723        37.129062992066629     
   45.950096713115357       -26.815516181425782       -3.7095818508327723       -37.129062992066629     
 isvec for ranlux 
    10671788    15112082    16580349    15196529    12173453     4126535    14349879    14774021     1833402    14749546    12999650    11317858    16659325    10501234     7001243    11690730    15931723    11335180     5068908     1086744     3192185    13920432    14783369     9387395    -4011707
  
 ====== DUMPING at point            1
 propag    0.0000000000000000        0.0000000000000000        0.0000000000000000        0.0000000000000000     
 test props.    0.0000000000000000        0.0000000000000000     
 Var           1.7052550736881449     
 Var before    1.2831939391022795     
 iev, nphot and rad. pattern    0.0000000000000000                0               0           0           0           0
 partons...            1          -1
 x1 & x2   0.99978361970231511       0.92283513222221691     
 sv & ME    1.0000000000000000        1746.1502296956855     
 plepton   =    48.026957244905496        14.823762922756391       -38.968132459820637        23.839424571836862     
 pneutrino =    48.026957244905496       -14.823762922756391        38.968132459820637       -23.839424571836862     
 pleptonlab   =    49.020353184107428        14.823762922756391       -38.968132459820637        25.782252966080172     
 pneutrinolab =    47.110584412119145       -14.823762922756391        38.968132459820637       -21.934828592075263     
 sqrt(s) =    96.053914489810992     
 sqrt_fs_cm =    96.053914489810992     
 phind channel           0
 bbb pw(0) qmod c1q   0.0000000000000000        0.0000000000000000        0.0000000000000000        0.0000000000000000     
 reduced to Born momenta
   48.026957244905489        0.0000000000000000        0.0000000000000000        48.026906464797207     
   48.026957244905503        0.0000000000000000        0.0000000000000000       -48.026906464797221     
   48.026957244905496        14.823762922756391       -38.968132459820637        23.839424571836862     
   48.026957244905496       -14.823762922756391        38.968132459820637       -23.839424571836862     
 isvec for ranlux 
     1467315    14552326     9549605    16451063     2447372     8870742    12068471    12007007     6978230    16284214     8468817    11598645    11614625     5336374     3803737    12939294     6082334     4537718    14679745    16308527    16057847    10631340     7612034     5753259    -4182212
  
 ====== DUMPING at point            1
 propag    0.0000000000000000        0.0000000000000000        0.0000000000000000        0.0000000000000000     
 test props.    0.0000000000000000        0.0000000000000000     
 Var          0.76615106706863800     
 Var before   0.66711568372002772     
 iev, nphot and rad. pattern    0.0000000000000000                0               0           0           0           0
 partons...            1          -1
 x1 & x2   0.99950730912204999       0.82483438601306669     
 sv & ME    1.0000000000000000        18788.494387750845     
 plepton   =    45.399008734642507        42.774854006694405       -12.800802146505065        8.2164566273235717     
 pneutrino =    45.399008734642493       -42.774854006694405        12.800802146505065       -8.2164566273235717     
 pleptonlab   =    46.398863872554969        42.774854006694405       -12.800802146505065        12.621201768628438     
 pneutrinolab =    44.818220884200848       -42.774854006694405        12.800802146505065       -3.8875556131792770     
 sqrt(s) =    90.798017469285000     
 sqrt_fs_cm =    90.798017469285000     
 phind channel           0
 bbb pw(0) qmod c1q   0.0000000000000000        0.0000000000000000        0.0000000000000000        0.0000000000000000     
 reduced to Born momenta
   45.399008734642500        0.0000000000000000        0.0000000000000000        45.398955015094188     
   45.399008734642500        0.0000000000000000        0.0000000000000000       -45.398955015094188     
   45.399008734642507        42.774854006694405       -12.800802146505065        8.2164566273235717     
   45.399008734642493       -42.774854006694405        12.800802146505065       -8.2164566273235717     
 isvec for ranlux 
    16299211     3254293    16131975     5266621    16545363    14473301     5355798     5599353    11050532    14547556    11682091     8225026    12673044    12120042     6959192    14507471     7976243    13182463     2472364    15582834    14772810    14376851    13178594     7905684     4032111
  
 ====== DUMPING at point            1
 propag    0.0000000000000000        0.0000000000000000        0.0000000000000000        0.0000000000000000     
 test props.    0.0000000000000000        0.0000000000000000     
 Var          0.71349744645333046     
 Var before   0.64260181408327266     
 iev, nphot and rad. pattern    0.0000000000000000                0               0           0           0           0
 partons...            1          -1
 x1 & x2   0.99964099317932087       0.82192061003377515     
 sv & ME    1.0000000000000000        18326.097214474532     
 plepton   =    45.321781047547006       -26.199666528020355        22.131475360709871       -29.628161363964939     
 pneutrino =    45.321781047546992        26.199666528020355       -22.131475360709871        29.628161363964939     
 pleptonlab   =    42.634515992903609       -26.199666528020355        22.131475360709871       -25.327180309629956     
 pneutrinolab =    48.443564167751184        26.199666528020355       -22.131475360709871        34.213199466907234     
 sqrt(s) =    90.643562095093998     
 sqrt_fs_cm =    90.643562095093998     
 phind channel           0
 bbb pw(0) qmod c1q   0.0000000000000000        0.0000000000000000        0.0000000000000000        0.0000000000000000     
 reduced to Born momenta
   45.321781047546999        0.0000000000000000        0.0000000000000000        45.321727236461214     
   45.321781047546999        0.0000000000000000        0.0000000000000000       -45.321727236461214     
   45.321781047547006       -26.199666528020355        22.131475360709871       -29.628161363964939     
   45.321781047546992        26.199666528020355       -22.131475360709871        29.628161363964939     
 isvec for ranlux 
     6094745     2129640      312319     7163611     7128610    12997705    11746228    11399925     6178787    10245010     8678563    12625467    12717353    15206338     6072599    12885293    10160756     7337110     1234035    11119771    13557463     9977633    14922285     1402607    -4160620
  
 ====== DUMPING at point            1
 propag    0.0000000000000000        0.0000000000000000        0.0000000000000000        0.0000000000000000     
 test props.    0.0000000000000000        0.0000000000000000     
 Var          0.50759067728004625     
 Var before   0.46140554005962009     
 iev, nphot and rad. pattern    0.0000000000000000                0               0           0           0           0
 partons...            1          -1
 x1 & x2   0.85040210438342456       0.99979372789860221     
 sv & ME    1.0000000000000000        9166.9339993757276     
 plepton   =    46.103868876546578       -45.790815200133828       0.55676913989668420       -5.3335553926423360     
 pneutrino =    46.103868876546592        45.790815200133828      -0.55676913989668420        5.3335553926423360     
 pleptonlab   =    46.686957431503785       -45.790815200133828       0.55676913989668420       -9.0858176270289555     
 pneutrinolab =    45.822834182597560        45.790815200133828      -0.55676913989668420        1.6162364512700722     
 sqrt(s) =    92.207737753093170     
 sqrt_fs_cm =    92.207737753093170     
 phind channel           0
 bbb pw(0) qmod c1q   0.0000000000000000        0.0000000000000000        0.0000000000000000        0.0000000000000000     
 reduced to Born momenta
   46.103868876546585        0.0000000000000000        0.0000000000000000        46.103815978291870     
   46.103868876546585        0.0000000000000000        0.0000000000000000       -46.103815978291870     
   46.103868876546578       -45.790815200133828       0.55676913989668420       -5.3335553926423360     
   46.103868876546592        45.790815200133828      -0.55676913989668420        5.3335553926423360     
 isvec for ranlux 
     3443998    11806363     1655829     6266010     7808036     5621983     2454254     1769614    16290533      562934      393798     2831460     3228448     6183375    11033027    15378232     1591986     2599213     2306826     7432529     6305965     5367712     2359324    12039450    -4201024
  
 ====== DUMPING at point            1
 propag    0.0000000000000000        0.0000000000000000        0.0000000000000000        0.0000000000000000     
 test props.    0.0000000000000000        0.0000000000000000     
 Var          0.48050852564507984     
 Var before   0.42732793445544148     
 iev, nphot and rad. pattern    0.0000000000000000                0               0           0           0           0
 partons...            1          -1
 x1 & x2   0.99989440716224287       0.81538202897315271     
 sv & ME    1.0000000000000000        15048.497010163246     
 plepton   =    45.146869505837763       -19.652098825142719       -27.447638238674500       -29.977505389397447     
 pneutrino =    45.146869505837763        19.652098825142719        27.447638238674500        29.977505389397447     
 pleptonlab   =    42.319007056386837       -19.652098825142719       -27.447638238674500       -25.520763339538419     
 pneutrinolab =    48.444814750382953        19.652098825142719        27.447638238674500        34.746382248992930     
 sqrt(s) =    90.293739011675527     
 sqrt_fs_cm =    90.293739011675527     
 phind channel           0
 bbb pw(0) qmod c1q   0.0000000000000000        0.0000000000000000        0.0000000000000000        0.0000000000000000     
 reduced to Born momenta
   45.146869505837763        0.0000000000000000        0.0000000000000000        45.146815486272601     
   45.146869505837763        0.0000000000000000        0.0000000000000000       -45.146815486272601     
   45.146869505837763       -19.652098825142719       -27.447638238674500       -29.977505389397447     
   45.146869505837763        19.652098825142719        27.447638238674500        29.977505389397447     
 isvec for ranlux 
     3688637    14053662    12588071    11536133     9988281    14201265     3023778     8336309     7700588     7389476     2663606     3417323    12053979    11535674     1089984     3050167    10818579       42031    11733593     9268692    14754184    14106291    10624018      593816     4181909
  
