 ====== DUMPING at point            1
 propag    0.0000000000000000        0.0000000000000000        0.0000000000000000        0.0000000000000000     
 test props.    0.0000000000000000        0.0000000000000000     
 Var           1.6163109819778108E-002
 Var before    0.0000000000000000     
 iev, nphot and rad. pattern    0.0000000000000000                0               0           0           0           0
 partons...            1          -1
 x1 & x2   0.98289426386283751       0.91537303008192750     
 sv & ME    1.0000000000000000        1484.2462643027559     
 plepton   =    45.055318713705972        3.9872521780174668       -5.0797289718367127        44.590007337336615     
 pneutrino =    45.055318713705987       -3.9872521780174668        5.0797289718367127       -44.590007337336615     
 pleptonlab   =    46.670915960308932        3.9872521780174668       -5.0797289718367127        46.221871516894780     
 pneutrinolab =    43.496780502067402       -3.9872521780174668        5.0797289718367127       -43.014612912301558     
 sqrt(s) =    90.110637427411959     
 sqrt_fs_cm =    90.110637427411959     
 phind channel           0
 bbb pw(0) qmod c1q   0.0000000000000000        0.0000000000000000        0.0000000000000000        0.0000000000000000     
 reduced to Born momenta
   43.322151270690284        0.0000000000000000        0.0000000000000000        43.322094975831583     
   43.322151270690284        0.0000000000000000        0.0000000000000000       -43.322094975831583     
   43.322151270690277       -32.557445135057570        7.6270495336885595        27.543393195419490     
   43.322151270690291        32.557445135057570       -7.6270495336885595       -27.543393195419490     
 isvec for ranlux 
     9644655    14614328     8305202     1457455     1056974    16450356    10467055     4514011      135838    16753179    11474510      425858    13826447     7299317     7668616    13721940      957152    13197359    14184585     9294164    15939178     5902395     5267822    14659295     4102414
  
