 ====== DUMPING at point            1
 propag    0.0000000000000000        0.0000000000000000        0.0000000000000000        0.0000000000000000     
 test props.    0.0000000000000000        0.0000000000000000     
 Var           5.1376470104968200E-003
 Var before    0.0000000000000000     
 iev, nphot and rad. pattern    0.0000000000000000                1               0           0           1           0
 partons...            1          -1
 x1 & x2   0.63600893222390187       0.72911325867911436     
 sv & ME   0.54021860825916501        6985.3414500251174     
 plepton   =    74.837703574082113        36.508614325724054        20.538264854087526       -62.015896908370237     
 pneutrino =    74.906040903951961       -36.530544029860174       -20.551334123087297        62.081122886564536     
 pleptonlab   =    79.251860119584833        36.508614325724054        20.538264854087526       -67.276644725503857     
 pneutrinolab =    70.836914580142448       -36.530544029860174       -20.551334123087297        57.105335321549433     
 sqrt(s) =    149.81378836389922     
 sqrt_fs_cm =    149.74372809622716     
 phind channel           0
 bbb pw(0) qmod c1q   0.0000000000000000        0.0000000000000000        0.0000000000000000        0.0000000000000000     
 reduced to Born momenta
   74.906894181949610        0.0000000000000000        0.0000000000000000        74.906861624020777     
   74.906894181949610        0.0000000000000000        0.0000000000000000       -74.906861624020777     
   74.906894181949610        36.536663043603831        20.554410265955720       -62.077533009545867     
   74.906894181949610       -36.536663043603831       -20.554410265955720        62.077533009545867     
 >> Photon n.           1
 cm momentum     7.0043885865145192E-002   2.1929704136119374E-002   1.3069268999773254E-002  -6.5225978194300163E-002
 lab momentum    7.4666299604489991E-002   2.1929704136119374E-002   1.3069268999773254E-002  -7.0166506118954614E-002
 c_ph_up   -0.93121587114511462     
 c_ph_up lab  -0.93973461241053935     
 c_ph_lep  0.97561435018810738     
 c_ph_lep lab   0.97839815926730267     
 isvec for ranlux 
      778671     5844720     9587749    10340955     5767304     1229801     7106317     9230034     7070010     1656684     6134444     2662197     2938873     9323532     7705191    15725022     7372296    14273049     6405628     3024976     4819489    10459877     1149857     7981361    -4010418
  
 ====== DUMPING at point            1
 propag    0.0000000000000000        0.0000000000000000        0.0000000000000000        0.0000000000000000     
 test props.    0.0000000000000000        0.0000000000000000     
 Var           4.1848898391452671E-002
 Var before    2.5938060816781167E-003
 iev, nphot and rad. pattern    0.0000000000000000                0               3           0           0           0
 partons...            1          -1
 x1 & x2   0.60239583222357518       0.42202513014700627     
 sv & ME   0.57079904373524504        200.18864905957707     
 plepton   =    55.462931511771345       -3.1546215290225512       -40.309885935181924        37.964286732259581     
 pneutrino =    55.462931511771330        3.1546215290225512        40.309885935181924       -37.964286732259581     
 pleptonlab   =    63.133642859054930       -3.1546215290225512       -40.309885935181924        48.487185480954444     
 pneutrinolab =    49.552663001709021        3.1546215290225512        40.309885935181924       -28.646408252531870     
 sqrt(s) =    110.92586302354268     
 sqrt_fs_cm =    110.92586302354268     
 phind channel           0
 bbb pw(0) qmod c1q   0.0000000000000000        0.0000000000000000        0.0000000000000000        0.0000000000000000     
 reduced to Born momenta
   55.462931511771338        0.0000000000000000        0.0000000000000000        55.462887539812044     
   55.462931511771338        0.0000000000000000        0.0000000000000000       -55.462887539812044     
   55.462931511771345       -3.1546215290225512       -40.309885935181924        37.964286732259581     
   55.462931511771330        3.1546215290225512        40.309885935181924       -37.964286732259581     
 isvec for ranlux 
     8965487     4677045     9993826    10061960    12404269    11384977    11035044     9685088    14068021     1324435      272948    14908356    11427211    15348884     8000738    12715892    12913065     1505022     4123979     3215547    11907780     4934906    11898556     4780317    -4070216
  
 ====== DUMPING at point            1
 propag    0.0000000000000000        0.0000000000000000        0.0000000000000000        0.0000000000000000     
 test props.    0.0000000000000000        0.0000000000000000     
 Var           3.4193778661608117E-002
 Var before    2.2064779165088949E-002
 iev, nphot and rad. pattern    0.0000000000000000                0               1           0           0           0
 partons...            1          -1
 x1 & x2   0.40335502527794070       0.25997960229308109     
 sv & ME   0.60226744016972666        75.706326550267875     
 plepton   =    35.620996007433078       -32.241383990375809       -13.184503334582047       -7.4502498666573977     
 pneutrino =    35.620996007433078        32.241383990375809        13.184503334582047        7.4502498666573977     
 pleptonlab   =    34.834094937405084       -32.241383990375809       -13.184503334582047       0.25502278764090125     
 pneutrinolab =    38.132714095407287        32.241383990375809        13.184503334582047        15.516273740693649     
 sqrt(s) =    71.241992014866156     
 sqrt_fs_cm =    71.241992014866156     
 phind channel           0
 bbb pw(0) qmod c1q   0.0000000000000000        0.0000000000000000        0.0000000000000000        0.0000000000000000     
 reduced to Born momenta
   35.620996007433078        0.0000000000000000        0.0000000000000000        35.620927541769085     
   35.620996007433078        0.0000000000000000        0.0000000000000000       -35.620927541769085     
   35.620996007433078       -32.241383990375809       -13.184503334582047       -7.4502498666573977     
   35.620996007433078        32.241383990375809        13.184503334582047        7.4502498666573977     
 isvec for ranlux 
    10385590    11780029     9848940    12865846    10194916      251950      259655    10200092     1895637     7824300    14407196     1250845     8871296    12535605     4697889    13876081     8196552     3057350    16170023    10256719    11159959    13491094     7524639     3976327    -4211101
  
 ====== DUMPING at point            1
 propag    0.0000000000000000        0.0000000000000000        0.0000000000000000        0.0000000000000000     
 test props.    0.0000000000000000        0.0000000000000000     
 Var           5.4228920457974984E-002
 Var before    2.6711599480535850E-002
 iev, nphot and rad. pattern    0.0000000000000000                0               0           1           0           0
 partons...            1          -1
 x1 & x2   0.29216282638594288       0.57172365028541750     
 sv & ME   0.58489098495346470        9676.6736653383177     
 plepton   =    44.957095220963943       -16.587008690821403        31.370555889462118       -27.602329845360881     
 pneutrino =    44.957095220963957        16.587008690821403       -31.370555889462118        27.602329845360881     
 pleptonlab   =    56.954071520556184       -16.587008690821403        31.370555889462118       -44.547889567901080     
 pneutrinolab =    38.073440913293489        16.587008690821403       -31.370555889462118        13.796198938958863     
 sqrt(s) =    89.914190441927900     
 sqrt_fs_cm =    89.914190441927900     
 phind channel           0
 bbb pw(0) qmod c1q   0.0000000000000000        0.0000000000000000        0.0000000000000000        0.0000000000000000     
 reduced to Born momenta
   44.957095220963950        0.0000000000000000        0.0000000000000000        44.957040973369452     
   44.957095220963950        0.0000000000000000        0.0000000000000000       -44.957040973369452     
   44.957095220963943       -16.587008690821403        31.370555889462118       -27.602329845360881     
   44.957095220963957        16.587008690821403       -31.370555889462118        27.602329845360881     
 isvec for ranlux 
     5015453    15280816     4310583      768372    14533642     3155413     4422873      249048     4684845     1910008    16056781      794157     1869094     3063496    16774527    13424117     4046483     3583590      150277    10277753     8944046     6035440    14952706     7070106    -4090317
  
 ====== DUMPING at point            1
 propag    0.0000000000000000        0.0000000000000000        0.0000000000000000        0.0000000000000000     
 test props.    0.0000000000000000        0.0000000000000000     
 Var           5.1712245521723078E-002
 Var before    4.2476867769630854E-002
 iev, nphot and rad. pattern    0.0000000000000000                1               0           0           0           1
 partons...            1          -1
 x1 & x2   0.52126607890921672       0.31455622851963583     
 sv & ME   0.57751344153695916        208.48936375514535     
 plepton   =    44.121569734034601       -32.230685243135980        29.650031430501080       -5.3628646292820310     
 pneutrino =    40.531470578136535        31.149829904421338       -25.655503741931103        3.7778523274814506     
 pleptonlab   =    44.167293064697354       -32.230685243135980        29.650031430501080        5.7268820399576184     
 pneutrinolab =    42.795189885310215        31.149829904421338       -25.655503741931103        14.244308979436921     
 sqrt(s) =    89.084379129598588     
 sqrt_fs_cm =    84.536976941331602     
 phind channel           0
 bbb pw(0) qmod c1q   0.0000000000000000        0.0000000000000000        0.0000000000000000        0.0000000000000000     
 reduced to Born momenta
   44.542189564799294        0.0000000000000000        0.0000000000000000        44.542134811893725     
   44.542189564799294        0.0000000000000000        0.0000000000000000       -44.542134811893725     
   44.542189564799287       -33.382861835236618        29.095610409573332       -4.7984870656152587     
   44.542189564799301        33.382861835236618       -29.095610409573332        4.7984870656152587     
 >> Photon n.           1
 cm momentum     4.4313388174274495        1.0808553387146402       -3.9945276885699763        1.5850123018005799     
 lab momentum    4.9779708671662029        1.0808553387146402       -3.9945276885699763        2.7668925234593589     
 c_ph_up    0.35768248989833196     
 c_ph_up lab   0.55582738374571106     
 c_ph_lep -0.82742029162197173     
 c_ph_lep lab  -0.62506649363247913     
 isvec for ranlux 
    11886819    12761813      578492     6896160    11356987     1409802     2259183    12812859     8972666     1426859    12173221      601685     9592278     8483877     4924406    12914271     3185972     4319549    15017617     9992605    14889545    15376709    16719691    11036100     4012414
  
 ====== DUMPING at point            1
 propag    0.0000000000000000        0.0000000000000000        0.0000000000000000        0.0000000000000000     
 test props.    0.0000000000000000        0.0000000000000000     
 Var           5.3528793877875798E-002
 Var before    4.4847063050947426E-002
 iev, nphot and rad. pattern    0.0000000000000000                0               0           0           0           1
 partons...            1          -1
 x1 & x2   0.25695233210973817       0.68125879702397563     
 sv & ME   0.56897659108600940        11713.052312646327     
 plepton   =    46.023011023330312       -28.898010470423646        35.764869021218999       -1.9711708978294045     
 pneutrino =    46.023011023330284        28.898010470423646       -35.764869021218999        1.9711708978294045     
 pleptonlab   =    52.601132331999196       -28.898010470423646        35.764869021218999       -25.546958599084892     
 pneutrinolab =    50.602091872709323        28.898010470423646       -35.764869021218999       -21.126752541481221     
 sqrt(s) =    92.046022046660596     
 sqrt_fs_cm =    92.046022046660596     
 phind channel           0
 bbb pw(0) qmod c1q   0.0000000000000000        0.0000000000000000        0.0000000000000000        0.0000000000000000     
 reduced to Born momenta
   46.023011023330298        0.0000000000000000        0.0000000000000000        46.022958032138504     
   46.023011023330298        0.0000000000000000        0.0000000000000000       -46.022958032138504     
   46.023011023330312       -28.898010470423646        35.764869021218999       -1.9711708978294045     
   46.023011023330284        28.898010470423646       -35.764869021218999        1.9711708978294045     
 isvec for ranlux 
      975261     4815776     7751588     6748446    16330858    13554722    14067536     1041894    13794568    13900916     1540559    16080159    10597833     4148133     7958360     3235061     1231676     8563098     7101273     8476212    10668496     5930342    14756503    10206386     4121202
  
 ====== DUMPING at point            1
 propag    0.0000000000000000        0.0000000000000000        0.0000000000000000        0.0000000000000000     
 test props.    0.0000000000000000        0.0000000000000000     
 Var           6.0647341608194287E-002
 Var before    4.9887421272931373E-002
 iev, nphot and rad. pattern    0.0000000000000000                0               0           0           0           1
 partons...            1          -1
 x1 & x2   0.80145996004488085       0.19567168976826393     
 sv & ME   0.56125670649233261        1577.9945064129138     
 plepton   =    43.560975636794510       -36.712350096643810        20.199165862273166        11.905649229998851     
 pneutrino =    43.560975636794510        36.712350096643810       -20.199165862273166       -11.905649229998851     
 pleptonlab   =    63.948479526780879       -36.712350096643810        20.199165862273166        48.307286396003249     
 pneutrinolab =    45.736001952665063        36.712350096643810       -20.199165862273166        18.329423334424618     
 sqrt(s) =    87.121951273589019     
 sqrt_fs_cm =    87.121951273589019     
 phind channel           0
 bbb pw(0) qmod c1q   0.0000000000000000        0.0000000000000000        0.0000000000000000        0.0000000000000000     
 reduced to Born momenta
   43.560975636794510        0.0000000000000000        0.0000000000000000        43.560919650574469     
   43.560975636794510        0.0000000000000000        0.0000000000000000       -43.560919650574469     
   43.560975636794510       -36.712350096643810        20.199165862273166        11.905649229998851     
   43.560975636794510        36.712350096643810       -20.199165862273166       -11.905649229998851     
 isvec for ranlux 
    10852153    15812439     1484202    11751390     5706977     7529045     2847864     2080892     9153717    14761644    12859838    11647268     3782788    13754946      211197     8964795    15756767     6694737    10114126     7531661     3836725     7465056     1960640    12821145    -4091909
  
 ====== DUMPING at point            1
 propag    0.0000000000000000        0.0000000000000000        0.0000000000000000        0.0000000000000000     
 test props.    0.0000000000000000        0.0000000000000000     
 Var           3.6965123010744436E-002
 Var before    3.3291993011659922E-002
 iev, nphot and rad. pattern    0.0000000000000000                0               1           0           0           0
 partons...            1          -1
 x1 & x2   0.20425680138176580       0.82251649367782509     
 sv & ME   0.55796558163670529        12842.121914794227     
 plepton   =    45.087199023633900       -27.990292290330405       -31.298931275328695        16.424517972513726     
 pneutrino =    45.087199023633900        27.990292290330405        31.298931275328695       -16.424517972513726     
 pleptonlab   =    44.085335513677869       -27.990292290330405       -31.298931275328695       -13.432277624669602     
 pneutrinolab =    68.859726942877145        27.990292290330405        31.298931275328695       -54.576288527896914     
 sqrt(s) =    90.174398047267800     
 sqrt_fs_cm =    90.174398047267800     
 phind channel           0
 bbb pw(0) qmod c1q   0.0000000000000000        0.0000000000000000        0.0000000000000000        0.0000000000000000     
 reduced to Born momenta
   45.087199023633900        0.0000000000000000        0.0000000000000000        45.087144932576670     
   45.087199023633900        0.0000000000000000        0.0000000000000000       -45.087144932576670     
   45.087199023633900       -27.990292290330405       -31.298931275328695        16.424517972513726     
   45.087199023633900        27.990292290330405        31.298931275328695       -16.424517972513726     
 isvec for ranlux 
     4246827     2121870     4905180     3554959    15154039     3438696    11224750     4402513     7568620     8431242     7743308     8945245    12775101    14828882    16406496     5298823     1174818    16589480    14687192     8997669    14048974     5574694    14612080     4109014     4150418
  
 ====== DUMPING at point            1
 propag    0.0000000000000000        0.0000000000000000        0.0000000000000000        0.0000000000000000     
 test props.    0.0000000000000000        0.0000000000000000     
 Var           3.9895693414650372E-002
 Var before    3.4846285031182603E-002
 iev, nphot and rad. pattern    0.0000000000000000                1               0           0           1           0
 partons...            1          -1
 x1 & x2   0.17310028220818507       0.95120614456823727     
 sv & ME   0.58504613962182528        1418036.7371013463     
 plepton   =    41.064991917663136       -3.1683840572601256        38.813666161410353       -13.030082850180163     
 pneutrino =    44.635266968684221        3.4208326765502246       -42.197667922222145        14.140389648066819     
 pleptonlab   =    69.383646407813075       -3.1683840572601256        38.813666161410353       -57.424209935612097     
 pneutrinolab =    48.279112778702661        3.4208326765502246       -42.197667922222145       -23.205953820779133     
 sqrt(s) =    89.270690149933330     
 sqrt_fs_cm =    85.625851200317811     
 phind channel           0
 bbb pw(0) qmod c1q   0.0000000000000000        0.0000000000000000        0.0000000000000000        0.0000000000000000     
 reduced to Born momenta
   44.635345074966665        0.0000000000000000        0.0000000000000000        44.635290436332447     
   44.635345074966665        0.0000000000000000        0.0000000000000000       -44.635290436332447     
   44.635345074966665       -3.4321085617826346        42.193123020805743       -14.151461650344585     
   44.635345074966665        3.4321085617826346       -42.193123020805743        14.151461650344585     
 >> Photon n.           1
 cm momentum     3.5704312635859705      -0.25244861929009893        3.3840017608117923       -1.1103067978866568     
 lab momentum    6.0109477588907163      -0.25244861929009893        3.3840017608117923       -4.9614811032144974     
 c_ph_up   -0.31097274136332698     
 c_ph_up lab  -0.82540745689829598     
 c_ph_lep  0.99995575422245853     
 c_ph_lep lab   0.99998444106064477     
 isvec for ranlux 
    16655099     8178665     3977001      159980    11138637    14431315    14167914     8246776    11522302    16392755    14056715    11247740     2959405     3736815     2305024     7714292     3100653    13997079    13663791     8635326    11184508    12449124     6822280    14865364    -4150721
  
 ====== DUMPING at point            1
 propag    0.0000000000000000        0.0000000000000000        0.0000000000000000        0.0000000000000000     
 test props.    0.0000000000000000        0.0000000000000000     
 Var           4.1000750683261644E-002
 Var before    2.8690649992231875E-002
 iev, nphot and rad. pattern    0.0000000000000000                1               0           0           0           1
 partons...            1          -1
 x1 & x2   0.17897157605396061       0.98101138482691663     
 sv & ME   0.57282420169622039        432775707818.48389     
 plepton   =    46.091594500386059       -25.231046891927203        3.6200997178782424        38.401993055914915     
 pneutrino =    46.085794992484722        25.227962660349203       -3.6195541390936827       -38.397110102715509     
 pleptonlab   =    27.046244144873128       -25.231046891927203        3.6200997178782424        9.0430807484287570     
 pneutrinolab =    100.53917845815101        25.227962660349203       -3.6195541390936827       -97.255148805555095     
 sqrt(s) =    92.183190645565247     
 sqrt_fs_cm =    92.177389310324003     
 phind channel           0
 bbb pw(0) qmod c1q   0.0000000000000000        0.0000000000000000        0.0000000000000000        0.0000000000000000     
 reduced to Born momenta
   46.091595322782624        0.0000000000000000        0.0000000000000000        46.091542410441818     
   46.091595322782624        0.0000000000000000        0.0000000000000000       -46.091542410441818     
   46.091595322782617       -25.231092596247276        3.6200547408483619        38.401968253991171     
   46.091595322782631        25.231092596247276       -3.6200547408483619       -38.401968253991171     
 >> Photon n.           1
 cm momentum     5.8011526944652878E-003   3.0842315780007013E-003  -5.4557878455978022E-004  -4.8829531994074495E-003
 lab momentum    1.2703093872403429E-002   3.0842315780007013E-003  -5.4557878455978022E-004  -1.2310907898859252E-002
 c_ph_up   -0.84172119862766825     
 c_ph_up lab  -0.96912673577921249     
 c_ph_lep -0.99971913372021082     
 c_ph_lep lab  -0.55628515179862104     
 isvec for ranlux 
     8387587      494124    16029375     9172352     3146249     4760742    10678187    15099412    14773573     5096781    12530818    12364236     9216740     4157391     4528357    13979143    11886891     6704042    11366472     4673913     1301926    13045427    13947925    11850217     4222212
  
