 ====== DUMPING at point            1
 propag    0.0000000000000000        0.0000000000000000        0.0000000000000000        0.0000000000000000     
 test props.    0.0000000000000000        0.0000000000000000     
 Var           3.6766823728775724     
 Var before    0.0000000000000000     
 iev, nphot and rad. pattern    0.0000000000000000                0               0           0           0           0
 partons...            1          -1
 x1 & x2   0.96626929500555192       0.83840047940262508     
 sv & ME    1.0000000000000000        27262.249976146079     
 plepton   =    45.003350990917646        3.9826531747926039       -5.0738698766804777        44.538576031167509     
 pneutrino =    45.003350990917660       -3.9826531747926039        5.0738698766804777       -44.538576031167509     
 pleptonlab   =    48.280450417835368        3.9826531747926039       -5.0738698766804777        47.847518713319090     
 pneutrinolab =    41.953038302573503       -3.9826531747926039        5.0738698766804777       -41.454077933172741     
 sqrt(s) =    90.006701981835306     
 sqrt_fs_cm =    90.006701981835306     
 phind channel           0
 bbb pw(0) qmod c1q   0.0000000000000000        0.0000000000000000        0.0000000000000000        0.0000000000000000     
 reduced to Born momenta
   45.444035983348869        0.0000000000000000        0.0000000000000000        45.443982317027491     
   45.444035983348869        0.0000000000000000        0.0000000000000000       -45.443982317027491     
   45.444035983348876       -34.152092317165511        8.0006185590294869        28.892454651641430     
   45.444035983348861        34.152092317165511       -8.0006185590294869       -28.892454651641430     
 isvec for ranlux 
     9644655    14614328     8305202     1457455     1056974    16450356    10467055     4514011      135838    16753179    11474510      425858    13826447     7299317     7668616    13721940      957152    13197359    14184585     9294164    15939178     5902395     5267822    14659295     4102414
  
 ====== DUMPING at point            1
 propag    0.0000000000000000        0.0000000000000000        0.0000000000000000        0.0000000000000000     
 test props.    0.0000000000000000        0.0000000000000000     
 Var           2.4874587227298672     
 Var before    2.2011223652547516     
 iev, nphot and rad. pattern    0.0000000000000000                0               0           0           0           0
 partons...            1          -1
 x1 & x2   0.99427728318130171       0.99976866665782238     
 sv & ME    1.0000000000000000        450.17412067367832     
 plepton   =    49.850959712284677        42.946285615871474        24.649366648503285        5.7560660326308799     
 pneutrino =    49.850959712284663       -42.946285615871474       -24.649366648503285       -5.7560660326308799     
 pleptonlab   =    49.835297112386790        42.946285615871474        24.649366648503285        5.6188032725879555     
 pneutrinolab =    49.867000379569383       -42.946285615871474       -24.649366648503285       -5.8933724464139932     
 sqrt(s) =    99.701919424569340     
 sqrt_fs_cm =    99.701919424569340     
 phind channel           0
 bbb pw(0) qmod c1q   0.0000000000000000        0.0000000000000000        0.0000000000000000        0.0000000000000000     
 reduced to Born momenta
   49.850959712284670        0.0000000000000000        0.0000000000000000        49.850910790177437     
   49.850959712284670        0.0000000000000000        0.0000000000000000       -49.850910790177437     
   49.850959712284677        42.946285615871474        24.649366648503285        5.7560660326308799     
   49.850959712284663       -42.946285615871474       -24.649366648503285       -5.7560660326308799     
 isvec for ranlux 
    13828964    12538209    14722825      978898    10903123    16188213     3834576      755982    12350293    13898296    16631971     2580472     9212313    13500588    11285027    12295266    14794390     9041223     4836823     6203403     5099258      436050     2993088    13331992     4071707
  
 ====== DUMPING at point            1
 propag    0.0000000000000000        0.0000000000000000        0.0000000000000000        0.0000000000000000     
 test props.    0.0000000000000000        0.0000000000000000     
 Var           2.3461439352287869     
 Var before    1.7114045218347909     
 iev, nphot and rad. pattern    0.0000000000000000                0               0           0           0           0
 partons...            1          -1
 x1 & x2   0.82300212991313582       0.99237233414369352     
 sv & ME    1.0000000000000000        11819.672070401506     
 plepton   =    45.186406824041946       -23.105689275875445        38.212151233723290       -6.9107755826760311     
 pneutrino =    45.186406824041946        23.105689275875445       -38.212151233723290        6.9107755826760311     
 pleptonlab   =    46.031945440288077       -23.105689275875445        38.212151233723290       -11.175305745434668     
 pneutrinolab =    44.736777762553380        23.105689275875445       -38.212151233723290        2.7067955339067851     
 sqrt(s) =    90.372813648083891     
 sqrt_fs_cm =    90.372813648083891     
 phind channel           0
 bbb pw(0) qmod c1q   0.0000000000000000        0.0000000000000000        0.0000000000000000        0.0000000000000000     
 reduced to Born momenta
   45.186406824041946        0.0000000000000000        0.0000000000000000        45.186352851743024     
   45.186406824041946        0.0000000000000000        0.0000000000000000       -45.186352851743024     
   45.186406824041946       -23.105689275875445        38.212151233723290       -6.9107755826760311     
   45.186406824041946        23.105689275875445       -38.212151233723290        6.9107755826760311     
 isvec for ranlux 
    15326067    15249886     2032167    12287672     2672740     1104457     9630857    11203193     9414693    13903049     1041894    12159642    14667289     9413416    16351989    16702048    13674632     3503371    11931980     1731313     7232330     5707229     4337415    14161190    -4121101
  
 ====== DUMPING at point            1
 propag    0.0000000000000000        0.0000000000000000        0.0000000000000000        0.0000000000000000     
 test props.    0.0000000000000000        0.0000000000000000     
 Var           9.4587756777637253     
 Var before    2.0088892609453324     
 iev, nphot and rad. pattern    0.0000000000000000                0               0           0           0           0
 partons...            1          -1
 x1 & x2   0.99890015941001864       0.77100967374338181     
 sv & ME    1.0000000000000000        2457.5950062903580     
 plepton   =    43.879428152863689        39.933214414143521        4.2291586579071909        17.687443425525014     
 pneutrino =    43.879428152863689       -39.933214414143521       -4.2291586579071909       -17.687443425525014     
 pleptonlab   =    46.544266226959778        39.933214414143521        4.2291586579071909        23.533171450421428     
 pneutrinolab =    41.951225430710252       -39.933214414143521       -4.2291586579071909       -12.138647167089582     
 sqrt(s) =    87.758856305727377     
 sqrt_fs_cm =    87.758856305727377     
 phind channel           0
 bbb pw(0) qmod c1q   0.0000000000000000        0.0000000000000000        0.0000000000000000        0.0000000000000000     
 reduced to Born momenta
   43.879428152863689        0.0000000000000000        0.0000000000000000        43.879372572961046     
   43.879428152863689        0.0000000000000000        0.0000000000000000       -43.879372572961046     
   43.879428152863689        39.933214414143521        4.2291586579071909        17.687443425525014     
   43.879428152863689       -39.933214414143521       -4.2291586579071909       -17.687443425525014     
 isvec for ranlux 
     4925990     5576093    15184408    11784099    11845403    13164298      418628     8394559    12727338     1012832     9828754     3599171     1962348     6110377     3755204    14196229     8714040    12307127     8788506     3545955     7555912     3534851     9276842     7912478    -4100317
  
 ====== DUMPING at point            1
 propag    0.0000000000000000        0.0000000000000000        0.0000000000000000        0.0000000000000000     
 test props.    0.0000000000000000        0.0000000000000000     
 Var           6.5296303292565980     
 Var before    2.5769260392665712     
 iev, nphot and rad. pattern    0.0000000000000000                0               0           0           0           0
 partons...            1          -1
 x1 & x2   0.82452525704456292       0.99938427506740768     
 sv & ME    1.0000000000000000        28257.311613405083     
 plepton   =    45.387706933878285       -11.974581049942630       -29.163917732493882        32.651310665803884     
 pneutrino =    45.387706933878256        11.974581049942630        29.163917732493882       -32.651310665803884     
 pleptonlab   =    42.452957201333405       -11.974581049942630       -29.163917732493882        28.430928979149815     
 pneutrinolab =    48.742519404265146        11.974581049942630        29.163917732493882       -37.173879880292056     
 sqrt(s) =    90.775413867756541     
 sqrt_fs_cm =    90.775413867756541     
 phind channel           0
 bbb pw(0) qmod c1q   0.0000000000000000        0.0000000000000000        0.0000000000000000        0.0000000000000000     
 reduced to Born momenta
   45.387706933878277        0.0000000000000000        0.0000000000000000        45.387653200953480     
   45.387706933878263        0.0000000000000000        0.0000000000000000       -45.387653200953466     
   45.387706933878285       -11.974581049942630       -29.163917732493882        32.651310665803884     
   45.387706933878256        11.974581049942630        29.163917732493882       -32.651310665803884     
 isvec for ranlux 
     6421334     2423437     5715606     3926529     7706024    16732713    16568292    10697716    10804217    12296899    13403552     1093186    11046168     8745017     6064867     7111243    12495416     9149192     9988395     7047572    10817188      356677    10759454     5582999    -4161404
  
 ====== DUMPING at point            1
 propag    0.0000000000000000        0.0000000000000000        0.0000000000000000        0.0000000000000000     
 test props.    0.0000000000000000        0.0000000000000000     
 Var           2.0846300422013773     
 Var before    1.8083347595085602     
 iev, nphot and rad. pattern    0.0000000000000000                0               0           0           0           0
 partons...            1          -1
 x1 & x2   0.84747290811139819       0.99911813515929393     
 sv & ME    1.0000000000000000        24155.543579469657     
 plepton   =    46.008845659022036        26.849801019686456        3.7143247173474450        37.176534161774534     
 pneutrino =    46.008845659022008       -26.849801019686456       -3.7143247173474450       -37.176534161774534     
 pleptonlab   =    43.101428217316681        26.849801019686456        3.7143247173474450        33.511399967449599     
 pneutrinolab =    49.228123946217920       -26.849801019686456       -3.7143247173474450       -41.093661319844387     
 sqrt(s) =    92.017691318044044     
 sqrt_fs_cm =    92.017691318044044     
 phind channel           0
 bbb pw(0) qmod c1q   0.0000000000000000        0.0000000000000000        0.0000000000000000        0.0000000000000000     
 reduced to Born momenta
   46.008845659022022        0.0000000000000000        0.0000000000000000        46.008792651515101     
   46.008845659022022        0.0000000000000000        0.0000000000000000       -46.008792651515101     
   46.008845659022036        26.849801019686456        3.7143247173474450        37.176534161774534     
   46.008845659022008       -26.849801019686456       -3.7143247173474450       -37.176534161774534     
 isvec for ranlux 
    10671788    15112082    16580349    15196529    12173453     4126535    14349879    14774021     1833402    14749546    12999650    11317858    16659325    10501234     7001243    11690730    15931723    11335180     5068908     1086744     3192185    13920432    14783369     9387395    -4011707
  
 ====== DUMPING at point            1
 propag    0.0000000000000000        0.0000000000000000        0.0000000000000000        0.0000000000000000     
 test props.    0.0000000000000000        0.0000000000000000     
 Var          0.82672856562292674     
 Var before   0.72352463407930889     
 iev, nphot and rad. pattern    0.0000000000000000                0               0           0           0           0
 partons...            1          -1
 x1 & x2   0.99951263440901428       0.82699053689380575     
 sv & ME    1.0000000000000000        18361.231947286004     
 plepton   =    45.458428540867232        42.830839530721164       -12.817556373556844        8.2272106705717825     
 pneutrino =    45.458428540867232       -42.830839530721164        12.817556373556844       -8.2272106705717825     
 pleptonlab   =    46.443169201286310        42.830839530721164       -12.817556373556844        12.577210957606887     
 pneutrinolab =    44.881989363854707       -42.830839530721164        12.817556373556844       -3.9511060818464587     
 sqrt(s) =    90.916857081734463     
 sqrt_fs_cm =    90.916857081734463     
 phind channel           0
 bbb pw(0) qmod c1q   0.0000000000000000        0.0000000000000000        0.0000000000000000        0.0000000000000000     
 reduced to Born momenta
   45.458428540867224        0.0000000000000000        0.0000000000000000        45.458374891537112     
   45.458428540867239        0.0000000000000000        0.0000000000000000       -45.458374891537126     
   45.458428540867232        42.830839530721164       -12.817556373556844        8.2272106705717825     
   45.458428540867232       -42.830839530721164        12.817556373556844       -8.2272106705717825     
 isvec for ranlux 
    16299211     3254293    16131975     5266621    16545363    14473301     5355798     5599353    11050532    14547556    11682091     8225026    12673044    12120042     6959192    14507471     7976243    13182463     2472364    15582834    14772810    14376851    13178594     7905684     4032111
  
 ====== DUMPING at point            1
 propag    0.0000000000000000        0.0000000000000000        0.0000000000000000        0.0000000000000000     
 test props.    0.0000000000000000        0.0000000000000000     
 Var          0.76740757175285124     
 Var before   0.57853829872633067     
 iev, nphot and rad. pattern    0.0000000000000000                0               0           0           0           0
 partons...            1          -1
 x1 & x2   0.99986880050776528       0.86110995569918924     
 sv & ME    1.0000000000000000        7647.9971272847770     
 plepton   =    46.394961431987511       -26.239080178983411       -18.565129519016505       -33.456358437330898     
 pneutrino =    46.394961431987511        26.239080178983411        18.565129519016505        33.456358437330898     
 pleptonlab   =    44.022922667727840       -26.239080178983411       -18.565129519016505       -30.080777812754423     
 pneutrinolab =    49.026015142619904        26.239080178983411        18.565129519016505        37.018720053183230     
 sqrt(s) =    92.789922863975022     
 sqrt_fs_cm =    92.789922863975022     
 phind channel           0
 bbb pw(0) qmod c1q   0.0000000000000000        0.0000000000000000        0.0000000000000000        0.0000000000000000     
 reduced to Born momenta
   46.394961431987511        0.0000000000000000        0.0000000000000000        46.394908865628878     
   46.394961431987511        0.0000000000000000        0.0000000000000000       -46.394908865628878     
   46.394961431987511       -26.239080178983411       -18.565129519016505       -33.456358437330898     
   46.394961431987511        26.239080178983411        18.565129519016505        33.456358437330898     
 isvec for ranlux 
     1948374     8671651     4823179    12041177      945790    14706172    15752365     3472617     5950536     1314392     5216746    14238364     5005588     6648891    15103801      817999     4819676    14947327    12782556      118696     8196223    16643681    15944295     5417153    -4030721
  
 ====== DUMPING at point            1
 propag    0.0000000000000000        0.0000000000000000        0.0000000000000000        0.0000000000000000     
 test props.    0.0000000000000000        0.0000000000000000     
 Var          0.72434293974219421     
 Var before   0.62992935232223524     
 iev, nphot and rad. pattern    0.0000000000000000                0               0           0           0           0
 partons...            1          -1
 x1 & x2   0.81891529833077703       0.99982032238215679     
 sv & ME    1.0000000000000000        15264.259833061398     
 plepton   =    45.242904349211429       -30.556095449072689       -18.058047536234437       -28.056036433300466     
 pneutrino =    45.242904349211429        30.556095449072689        18.058047536234437        28.056036433300466     
 pleptonlab   =    48.272961764276211       -30.556095449072689       -18.058047536234437       -32.718490550299869     
 pneutrinolab =    42.663819271370500        30.556095449072689        18.058047536234437        23.673239347730874     
 sqrt(s) =    90.485808698422858     
 sqrt_fs_cm =    90.485808698422858     
 phind channel           0
 bbb pw(0) qmod c1q   0.0000000000000000        0.0000000000000000        0.0000000000000000        0.0000000000000000     
 reduced to Born momenta
   45.242904349211429        0.0000000000000000        0.0000000000000000        45.242850444311024     
   45.242904349211429        0.0000000000000000        0.0000000000000000       -45.242850444311024     
   45.242904349211429       -30.556095449072689       -18.058047536234437       -28.056036433300466     
   45.242904349211429        30.556095449072689        18.058047536234437        28.056036433300466     
 isvec for ranlux 
    12039140    13414567       24956      680525     5161984    15245004     2427930     4072528    10460989    10949186    15097278     6403010    13177578     2354914     6551446    11760129     9565449    15230204    12264909     7341336     7576794     6409704     4349288     8230537    -4080317
  
 ====== DUMPING at point            1
 propag    0.0000000000000000        0.0000000000000000        0.0000000000000000        0.0000000000000000     
 test props.    0.0000000000000000        0.0000000000000000     
 Var          0.55128663325097615     
 Var before   0.49420549592092522     
 iev, nphot and rad. pattern    0.0000000000000000                0               0           0           0           0
 partons...            1          -1
 x1 & x2   0.99988260126283102       0.82560368913407101     
 sv & ME    1.0000000000000000        27762.736871303401     
 plepton   =    45.428701398553237       -31.176923526944194        13.316028459752220        30.239685390585450     
 pneutrino =    45.428701398553223        31.176923526944194       -13.316028459752220       -30.239685390585450     
 pleptonlab   =    48.537382949157781       -31.176923526944194        13.316028459752220        34.735417160527483     
 pneutrinolab =    42.736931570687346        31.176923526944194       -13.316028459752220       -26.021471554089477     
 sqrt(s) =    90.857402797106460     
 sqrt_fs_cm =    90.857402797106460     
 phind channel           0
 bbb pw(0) qmod c1q   0.0000000000000000        0.0000000000000000        0.0000000000000000        0.0000000000000000     
 reduced to Born momenta
   45.428701398553230        0.0000000000000000        0.0000000000000000        45.428647714116607     
   45.428701398553230        0.0000000000000000        0.0000000000000000       -45.428647714116607     
   45.428701398553237       -31.176923526944194        13.316028459752220        30.239685390585450     
   45.428701398553223        31.176923526944194       -13.316028459752220       -30.239685390585450     
 isvec for ranlux 
     1557697     2758898    12299107    12897799     9719336    12650748     3944842    11864134     1592213     5193147     1439382    14514151    13647109    11293445     6602871     1680709     7646021     3836307     1590689    12608638     8765967     5583163     6364299      289554    -4082414
  
