 ====== DUMPING at point            1
 propag    0.0000000000000000        0.0000000000000000        0.0000000000000000        0.0000000000000000     
 test props.    0.0000000000000000        0.0000000000000000     
 Var           2.3354876577917327     
 Var before    0.0000000000000000     
 iev, nphot and rad. pattern    0.0000000000000000                1               0           0           0           1
 partons...            1          -1
 x1 & x2   0.89488550007660450       0.93367204013375316     
 sv & ME    1.0000000000000000        754.08921690694615     
 plepton   =    45.434912640121439        37.164064336549849       -17.620001899437149       -19.305128281796346     
 pneutrino =    40.361180135981868       -32.211386568835636        17.708276674723283        16.669049487064228     
 pleptonlab   =    45.854721202567134        37.164064336549849       -17.620001899437149       -20.273434537006953     
 pneutrinolab =    40.016607102091832       -32.211386568835636        17.708276674723283        15.816484843232573     
 sqrt(s) =    91.407306630413160     
 sqrt_fs_cm =    85.612404561061865     
 phind channel           0
 bbb pw(0) qmod c1q   0.0000000000000000        0.0000000000000000        0.0000000000000000        0.0000000000000000     
 reduced to Born momenta
   45.703653315206580        0.0000000000000000        0.0000000000000000        45.703599953734425     
   45.703653315206580        0.0000000000000000        0.0000000000000000       -45.703599953734425     
   45.703653315206580        36.957407987404451       -18.861185244573981       -19.162944676837206     
   45.703653315206580       -36.957407987404451        18.861185244573981        19.162944676837206     
 >> Photon n.           1
 cm momentum     5.6112138543098489       -4.9526777677142118       -8.8274775286132423E-002   2.6360787947321191     
 lab momentum    5.5565487058589129       -4.9526777677142118       -8.8274775286132423E-002   2.5176226909169506     
 c_ph_up    0.46978761871772284     
 c_ph_up lab   0.45309108660603109     
 c_ph_lep -0.91547860736047082     
 c_ph_lep lab  -0.91661389142265060     
 isvec for ranlux 
     9644655    14614328     8305202     1457455     6611641    14048799     7267313     8683348    14048746     9318201     4464668     5476536     8218591     7359978     7668616    13721940      957152    13197359    14184585     9294164    15939178     5902395     5267822    14659295     4201404
  
 ====== DUMPING at point            1
 propag    0.0000000000000000        0.0000000000000000        0.0000000000000000        0.0000000000000000     
 test props.    0.0000000000000000        0.0000000000000000     
 Var           1.8608700024155309     
 Var before    1.2331364449163809     
 iev, nphot and rad. pattern    0.0000000000000000                0               0           0           1           0
 partons...            1          -1
 x1 & x2   0.94816201600267314       0.78736485788331900     
 sv & ME   0.69516251945892915        1385.8892574806282     
 plepton   =    43.201546586329115        31.485535616398803        29.549140899879983        1.3681311292487506     
 pneutrino =    43.201546586329115       -31.485535616398803       -29.549140899879983       -1.3681311292487506     
 pleptonlab   =    43.515477241806337        31.485535616398803        29.549140899879983        5.3939702370536295     
 pneutrinolab =    43.260866452493261       -31.485535616398803       -29.549140899879983        2.6458876689140780     
 sqrt(s) =    86.403093172658231     
 sqrt_fs_cm =    86.403093172658231     
 phind channel           0
 bbb pw(0) qmod c1q   0.0000000000000000        0.0000000000000000        0.0000000000000000        0.0000000000000000     
 reduced to Born momenta
   43.201546586329115        0.0000000000000000        0.0000000000000000        43.201490134313246     
   43.201546586329115        0.0000000000000000        0.0000000000000000       -43.201490134313246     
   43.201546586329115        31.485535616398803        29.549140899879983        1.3681311292487506     
   43.201546586329115       -31.485535616398803       -29.549140899879983       -1.3681311292487506     
 isvec for ranlux 
     6252439      346129     5312835     8261683     9079631     4152189    11690151     3251140     4683020     2530188    16021290    11618951     3342516     5282467     2561248    15711547    15779543    10985280     8292142     1596633    16558285    12472361     3784938     8334133     4140519
  
 ====== DUMPING at point            1
 propag    0.0000000000000000        0.0000000000000000        0.0000000000000000        0.0000000000000000     
 test props.    0.0000000000000000        0.0000000000000000     
 Var           1.8393554927641151     
 Var before    1.4122097603564365     
 iev, nphot and rad. pattern    0.0000000000000000                0               0           0           1           0
 partons...            1          -1
 x1 & x2   0.90514912507743694       0.91861931980663303     
 sv & ME   0.67050596332625756        19547.091231777362     
 plepton   =    45.592967484092448       -43.473125190373963       -7.4940719873667163        11.516674500231453     
 pneutrino =    45.592967484092433        43.473125190373963        7.4940719873667163       -11.516674500231453     
 pleptonlab   =    45.509147648110400       -43.473125190373963       -7.4940719873667163        11.180233771987160     
 pneutrinolab =    45.679274596093109        43.473125190373963        7.4940719873667163       -11.853743508446966     
 sqrt(s) =    91.185934968184881     
 sqrt_fs_cm =    91.185934968184881     
 phind channel           0
 bbb pw(0) qmod c1q   0.0000000000000000        0.0000000000000000        0.0000000000000000        0.0000000000000000     
 reduced to Born momenta
   45.592967484092441        0.0000000000000000        0.0000000000000000        45.592913993074738     
   45.592967484092441        0.0000000000000000        0.0000000000000000       -45.592913993074738     
   45.592967484092448       -43.473125190373963       -7.4940719873667163        11.516674500231453     
   45.592967484092433        43.473125190373963        7.4940719873667163       -11.516674500231453     
 isvec for ranlux 
     8965487     2126720     7254733    12923904     5337694    14130607     1878020     8597149     6833174     1891112    11634831     6803766      471344     6208649      964748     8738368    12913065     1505022     4123979     3215547    11907780     4934906    11898556     4780317     4221101
  
 ====== DUMPING at point            1
 propag    0.0000000000000000        0.0000000000000000        0.0000000000000000        0.0000000000000000     
 test props.    0.0000000000000000        0.0000000000000000     
 Var           1.9694077552160831     
 Var before    1.7068107454596839     
 iev, nphot and rad. pattern    0.0000000000000000                0               0           0           0           1
 partons...            1          -1
 x1 & x2   0.79955437728733625       0.96163008097023295     
 sv & ME   0.69158438386916898        2674.7954907599469     
 plepton   =    43.842774221384673       -10.186951755602905        42.592567541637919        2.0680647658802913     
 pneutrino =    43.842774221384687        10.186951755602905       -42.592567541637919       -2.0680647658802913     
 pleptonlab   =    43.838483580669227       -10.186951755602905        42.592567541637919       -1.9750147091019570     
 pneutrinolab =    44.220739332209213        10.186951755602905       -42.592567541637919       -6.1287704750428738     
 sqrt(s) =    87.685548442769360     
 sqrt_fs_cm =    87.685548442769360     
 phind channel           0
 bbb pw(0) qmod c1q   0.0000000000000000        0.0000000000000000        0.0000000000000000        0.0000000000000000     
 reduced to Born momenta
   43.842774221384680        0.0000000000000000        0.0000000000000000        43.842718595015441     
   43.842774221384680        0.0000000000000000        0.0000000000000000       -43.842718595015441     
   43.842774221384673       -10.186951755602905        42.592567541637919        2.0680647658802913     
   43.842774221384687        10.186951755602905       -42.592567541637919       -2.0680647658802913     
 isvec for ranlux 
    15326067    13686972    12635121    13902960    13679249    15597591     9630857    11203193     9414693    13903049     1041894    12159642    14667289     9413416    16351989    16702048    13674632     3503371    11931980     1731313     7232330     5707229     4337415    14161190     4071606
  
 ====== DUMPING at point            1
 propag    0.0000000000000000        0.0000000000000000        0.0000000000000000        0.0000000000000000     
 test props.    0.0000000000000000        0.0000000000000000     
 Var           2.5661582897041675     
 Var before    1.7021727615975533     
 iev, nphot and rad. pattern    0.0000000000000000                0               0           1           0           0
 partons...            1          -1
 x1 & x2   0.88077261412199626       0.97759518831967374     
 sv & ME   0.66462066723322566        8787.2774895475741     
 plepton   =    46.396095459893075        27.815132587299260       -24.134636772156814        28.220988948990822     
 pneutrino =    46.396095459893061       -27.815132587299260        24.134636772156814       -28.220988948990822     
 pleptonlab   =    44.986857373268251        27.815132587299260       -24.134636772156814        25.838805693342941     
 pneutrinolab =    47.931532748815243       -27.815132587299260        24.134636772156814       -30.679934403226817     
 sqrt(s) =    92.792190919786137     
 sqrt_fs_cm =    92.792190919786137     
 phind channel           0
 bbb pw(0) qmod c1q   0.0000000000000000        0.0000000000000000        0.0000000000000000        0.0000000000000000     
 reduced to Born momenta
   46.396095459893068        0.0000000000000000        0.0000000000000000        46.396042894819274     
   46.396095459893068        0.0000000000000000        0.0000000000000000       -46.396042894819274     
   46.396095459893075        27.815132587299260       -24.134636772156814        28.220988948990822     
   46.396095459893061       -27.815132587299260        24.134636772156814       -28.220988948990822     
 isvec for ranlux 
     4925990     5576093    15184408    11784099    11845403    13164298      418628     8394559    12727338     1012832     9828754     3599171     1962348     6110377     1170785     8157080     6470367    12307127     8788506     3545955     7555912     3534851     9276842     7912478     4132414
  
 ====== DUMPING at point            1
 propag    0.0000000000000000        0.0000000000000000        0.0000000000000000        0.0000000000000000     
 test props.    0.0000000000000000        0.0000000000000000     
 Var           11.604914707829606     
 Var before    1.6951622585615802     
 iev, nphot and rad. pattern    0.0000000000000000                0               0           0           0           1
 partons...            1          -1
 x1 & x2   0.99807670718048724       0.83213200510197927     
 sv & ME   0.66397335655932621        34531.592677382650     
 plepton   =    45.566752451532025       -4.7195058680913560        27.236301262347535        36.224686654206266     
 pneutrino =    45.566752451532011        4.7195058680913560       -27.236301262347535       -36.224686654206266     
 pleptonlab   =    49.053288500772823       -4.7195058680913560        27.236301262347535        40.523130517721370     
 pneutrinolab =    42.457147113350480        4.7195058680913560       -27.236301262347535       -32.225895413795968     
 sqrt(s) =    91.133504903064036     
 sqrt_fs_cm =    91.133504903064036     
 phind channel           0
 bbb pw(0) qmod c1q   0.0000000000000000        0.0000000000000000        0.0000000000000000        0.0000000000000000     
 reduced to Born momenta
   45.566752451532018        0.0000000000000000        0.0000000000000000        45.566698929740340     
   45.566752451532018        0.0000000000000000        0.0000000000000000       -45.566698929740340     
   45.566752451532025       -4.7195058680913560        27.236301262347535        36.224686654206266     
   45.566752451532011        4.7195058680913560       -27.236301262347535       -36.224686654206266     
 isvec for ranlux 
      128384    11388086    10466586    16512364     6221064    10759867     4294357     4958074     2428245      140484    15658108     6187047     6125357     5290921     3091457    10559473     4129276    15535479    13747368    10865395     4704666    11572707     3324263     2372157     4192111
  
 ====== DUMPING at point            1
 propag    0.0000000000000000        0.0000000000000000        0.0000000000000000        0.0000000000000000     
 test props.    0.0000000000000000        0.0000000000000000     
 Var           5.9818408921806858     
 Var before    3.7282278403815052     
 iev, nphot and rad. pattern    0.0000000000000000                1               1           0           0           0
 partons...            1          -1
 x1 & x2   0.99986333576190867       0.85901942715255508     
 sv & ME    1.0000000000000000        154.77073977905457     
 plepton   =    44.324365414019191       -37.436539503494707        10.807850314405401       -21.126620346111206     
 pneutrino =    44.928523831877982        39.518458116158612       -8.5724406924596614        19.579729791696341     
 pleptonlab   =    42.846807156763951       -37.436539503494707        10.807850314405401       -17.819472534902339     
 pneutrinolab =    46.545839027860900        39.518458116158612       -8.5724406924596614        23.050134398995439     
 sqrt(s) =    92.676967468569941     
 sqrt_fs_cm =    89.187184769255978     
 phind channel           0
 bbb pw(0) qmod c1q   0.0000000000000000        0.0000000000000000        0.0000000000000000        0.0000000000000000     
 reduced to Born momenta
   44.593592384627989        0.0000000000000000        0.0000000000000000        44.593537694835909     
   44.593592384627989        0.0000000000000000        0.0000000000000000       -44.593537694835909     
   44.593592384627989       -38.473974353052910        9.6939298034220762       -20.355793782651546     
   44.593592384627989        38.473974353052910       -9.6939298034220762        20.355793782651546     
 >> Photon n.           1
 cm momentum     3.4240782226727715       -2.0819186126639031       -2.2354096219457409        1.5468905544148670     
 lab momentum    3.5514919610982942       -2.0819186126639031       -2.2354096219457409        1.8115335663745835     
 c_ph_up    0.45176846258126452     
 c_ph_up lab   0.51007677511801808     
 c_ph_lep  0.13902176431744692     
 c_ph_lep lab   0.14128498163284886     
 isvec for ranlux 
     6248706     2443650     5424569     7840856     8854079     5077390    15263352    16554528     1529883     2696089     2519233     5653265    15789071      882553     5947087     9218297     5428618    10255587     4747224    14768239    10404210    13291405    15495887    10569314     4080721
  
 ====== DUMPING at point            1
 propag    0.0000000000000000        0.0000000000000000        0.0000000000000000        0.0000000000000000     
 test props.    0.0000000000000000        0.0000000000000000     
 Var           2.6140599023065700     
 Var before    2.1896396796050506     
 iev, nphot and rad. pattern    0.0000000000000000                0               0           1           0           0
 partons...            1          -1
 x1 & x2   0.82177114129534623       0.99917738531297895     
 sv & ME   0.76273143844912183        20457.634073440473     
 plepton   =    45.307150105837223        9.1001193599186507       -31.970696312181634       -30.786183458994838     
 pneutrino =    45.307150105837223       -9.1001193599186507        31.970696312181634        30.786183458994838     
 pleptonlab   =    48.537399284473864        9.1001193599186507       -31.970696312181634       -35.368494038599742     
 pneutrinolab =    42.510027045942373       -9.1001193599186507        31.970696312181634        26.498181837718107     
 sqrt(s) =    90.614300211674447     
 sqrt_fs_cm =    90.614300211674447     
 phind channel           0
 bbb pw(0) qmod c1q   0.0000000000000000        0.0000000000000000        0.0000000000000000        0.0000000000000000     
 reduced to Born momenta
   45.307150105837223        0.0000000000000000        0.0000000000000000        45.307096277374320     
   45.307150105837223        0.0000000000000000        0.0000000000000000       -45.307096277374320     
   45.307150105837223        9.1001193599186507       -31.970696312181634       -30.786183458994838     
   45.307150105837223       -9.1001193599186507        31.970696312181634        30.786183458994838     
 isvec for ranlux 
    14902313     9928972     4799160     2701921    12896674      994906     4989402     1593852     3619565    10431950     8726416    10407135     5333250    10378542     9914156    14939389     3289939    14228418    14454888     1597759     1973254     3860146     2875092     2125098     4191303
  
 ====== DUMPING at point            1
 propag    0.0000000000000000        0.0000000000000000        0.0000000000000000        0.0000000000000000     
 test props.    0.0000000000000000        0.0000000000000000     
 Var           1.3677816050211697     
 Var before    1.1250042846466850     
 iev, nphot and rad. pattern    0.0000000000000000                1               0           0           1           0
 partons...            1          -1
 x1 & x2   0.99949173019214721       0.81855880555686267     
 sv & ME    1.0000000000000000        2796250.8433140628     
 plepton   =    45.047037502931282        9.5550000560979438        40.034876893340510        18.306693589014593     
 pneutrino =    45.221544881919122       -9.5471495929465604       -40.210677394158786       -18.355661687031233     
 pleptonlab   =    47.102765184839633        9.5550000560979438        40.034876893340510        22.903491664584919     
 pneutrinolab =    43.611290860964871       -9.5471495929465604       -40.210677394158786       -13.924327094010614     
 sqrt(s) =    90.451244150097040     
 sqrt_fs_cm =    90.268397573292731     
 phind channel           0
 bbb pw(0) qmod c1q   0.0000000000000000        0.0000000000000000        0.0000000000000000        0.0000000000000000     
 reduced to Born momenta
   45.225622075048520        0.0000000000000000        0.0000000000000000        45.225568149549169     
   45.225622075048520        0.0000000000000000        0.0000000000000000       -45.225568149549169     
   45.225622075048520        9.5704252741663716        40.203964665238971        18.368285539251129     
   45.225622075048520       -9.5704252741663716       -40.203964665238971       -18.368285539251129     
 >> Photon n.           1
 cm momentum    0.18266176524663247       -7.8504631513825213E-003  0.17580050081827783        4.8968098016640885E-002
 lab momentum   0.18847074164601885       -7.8504631513825213E-003  0.17580050081827783        6.7481661189925185E-002
 c_ph_up    0.26808072258867899     
 c_ph_up lab   0.35804847267310913     
 c_ph_lep  0.95518365005808914     
 c_ph_lep lab   0.95846059458256760     
 isvec for ranlux 
    16299211     3254293    16131975     5266621    16545363    14473301     5355798     5599353    11050532    14547556    11682091     8225026    12673044    12120042     6959192    14507471     7976243    13182463     2472364    15582834    14772810    14376851    13178594     7905684     4032111
  
 ====== DUMPING at point            1
 propag    0.0000000000000000        0.0000000000000000        0.0000000000000000        0.0000000000000000     
 test props.    0.0000000000000000        0.0000000000000000     
 Var           2.2564578937641731     
 Var before    1.3294965664246281     
 iev, nphot and rad. pattern    0.0000000000000000                1               0           0           0           1
 partons...            1          -1
 x1 & x2   0.99986157871336367       0.81267779674787644     
 sv & ME    1.0000000000000000        226636961005.16934     
 plepton   =    45.071201976237006      -0.67577769592194603       -30.996031599887669        32.713780482477723     
 pneutrino =    45.025999295152673       0.67514640538107962        30.965035483351244       -32.680884377288820     
 pleptonlab   =    48.710048362378167      -0.67577769592194603       -30.996031599887669        37.569229395054265     
 pneutrinolab =    41.874889910973046       0.67514640538107962        30.965035483351244       -28.181660636143206     
 sqrt(s) =    90.142404274660322     
 sqrt_fs_cm =    90.097189931905191     
 phind channel           0
 bbb pw(0) qmod c1q   0.0000000000000000        0.0000000000000000        0.0000000000000000        0.0000000000000000     
 reduced to Born momenta
   45.071202137330161        0.0000000000000000        0.0000000000000000        45.071148027074649     
   45.071202137330161        0.0000000000000000        0.0000000000000000       -45.071148027074649     
   45.071202137330154      -0.67580094693759318       -30.996076997685865        32.713737210020092     
   45.071202137330168       0.67580094693759318        30.996076997685865       -32.713737210020092     
 >> Photon n.           1
 cm momentum     4.5203003270643950E-002   6.3129054086638354E-004   3.0996116536424152E-002  -3.2896105188901521E-002
 lab momentum    4.2030499710807634E-002   6.3129054086638354E-004   3.0996116536424152E-002  -2.8379660636688848E-002
 c_ph_up   -0.72774158371607889     
 c_ph_up lab  -0.67521587494691060     
 c_ph_lep -0.99999562736226766     
 c_ph_lep lab  -0.99027126992906767     
 isvec for ranlux 
    14376841     9367055    11411008     3416353     1394422    12230973     5252183    16075032     6397709     9393473    12531793     9363946    15390017     9736584    16117207    13485524     9250666     8140315     3126542     1982896     8250996    15449780     6880094     7144020    -4021707
  
 ====== DUMPING at point            1
 propag    0.0000000000000000        0.0000000000000000        0.0000000000000000        0.0000000000000000     
 test props.    0.0000000000000000        0.0000000000000000     
 Var          0.77398208362249710     
 Var before   0.62368437076325878     
 iev, nphot and rad. pattern    0.0000000000000000                1               0           0           1           0
 partons...            1          -1
 x1 & x2   0.76673313714818914       0.99988389159802493     
 sv & ME    1.0000000000000000        1565350.7431384735     
 plepton   =    41.889230797628620        41.833013476822551       -2.1453094670472441      -0.30516202927421737     
 pneutrino =    43.779038296759218       -43.721151355351751        2.2278660572980784       0.30094433173946311     
 pleptonlab   =    42.299501334967900        41.833013476822551       -2.1453094670472441       -5.8850046927817719     
 pneutrinolab =    44.125287715778022       -43.721151355351751        2.2278660572980784       -5.5251596630221060     
 sqrt(s) =    87.558215661860871     
 sqrt_fs_cm =    85.647419293289531     
 phind channel           0
 bbb pw(0) qmod c1q   0.0000000000000000        0.0000000000000000        0.0000000000000000        0.0000000000000000     
 reduced to Born momenta
   43.779107830930435        0.0000000000000000        0.0000000000000000        43.779052123665657     
   43.779107830930435        0.0000000000000000        0.0000000000000000       -43.779052123665657     
   43.779107830930435        43.720799592778043       -2.2349053857239687      -0.30983812833116836     
   43.779107830930435       -43.720799592778043        2.2349053857239687       0.30983812833116836     
 >> Photon n.           1
 cm momentum     1.8899465674730291        1.8881378785291996       -8.2556590250834436E-002   4.2176975347542568E-003
 lab momentum    1.9060623865648005        1.8881378785291996       -8.2556590250834436E-002 -0.24737336668791240     
 c_ph_up     2.2316490885737417E-003
 c_ph_up lab  -0.12978240818955611     
 c_ph_lep  0.99992627784081412     
 c_ph_lep lab   0.99992760624791821     
 isvec for ranlux 
    16575667    16622680     6248223    14956727    13110558     1205945    11242040     6890570    14658205      621134     7421034    11519576    13204167     8090949    16466493    11015029     5120304      201156    13109540    13654731     2695017     9785481     4861148      143676    -4200721
  
 ====== DUMPING at point            1
 propag    0.0000000000000000        0.0000000000000000        0.0000000000000000        0.0000000000000000     
 test props.    0.0000000000000000        0.0000000000000000     
 Var          0.89149158474246715     
 Var before   0.77124084768704215     
 iev, nphot and rad. pattern    0.0000000000000000                0               0           1           0           0
 partons...            1          -1
 x1 & x2   0.87073962597039389       0.99983677226072942     
 sv & ME   0.67157598218519687        7583.3076086379224     
 plepton   =    46.652907120289782        18.460920849693938       -22.806518625629192        36.270369292896390     
 pneutrino =    46.652907120289754       -18.460920849693938        22.806518625629192       -36.270369292896390     
 pleptonlab   =    44.255240935219291        18.460920849693938       -22.806518625629192        33.129628674390624     
 pneutrinolab =    49.273578976336886       -18.460920849693938        22.806518625629192       -39.584485988907403     
 sqrt(s) =    93.305814240579537     
 sqrt_fs_cm =    93.305814240579537     
 phind channel           0
 bbb pw(0) qmod c1q   0.0000000000000000        0.0000000000000000        0.0000000000000000        0.0000000000000000     
 reduced to Born momenta
   46.652907120289768        0.0000000000000000        0.0000000000000000        46.652854844572843     
   46.652907120289768        0.0000000000000000        0.0000000000000000       -46.652854844572843     
   46.652907120289782        18.460920849693938       -22.806518625629192        36.270369292896390     
   46.652907120289754       -18.460920849693938        22.806518625629192       -36.270369292896390     
 isvec for ranlux 
    13452352     7685781    12040999      377492     2027616    10867852     4039603    13333254    16608482     8283248     4576519     7678115     1422877    16276106    10765401     9788787     9530970    13032368     3894472      306732    14245216    14571762    11462555    11912083     4051404
  
 ====== DUMPING at point            1
 propag    0.0000000000000000        0.0000000000000000        0.0000000000000000        0.0000000000000000     
 test props.    0.0000000000000000        0.0000000000000000     
 Var          0.85515559904382910     
 Var before   0.76992900277031617     
 iev, nphot and rad. pattern    0.0000000000000000                1               0           0           1           0
 partons...            1          -1
 x1 & x2   0.81729428181829478       0.99987408753122542     
 sv & ME    1.0000000000000000        1177034.3640629719     
 plepton   =    44.857071481774547       -26.113019694509966       -2.5596741618543932       -36.382742734005539     
 pneutrino =    45.193384434189255        26.382306508908464        2.5746175807037854        36.602951800477648     
 pleptonlab   =    48.759366036654228       -26.113019694509966       -2.5596741618543932       -41.097723577154866     
 pneutrinolab =    41.726861478359233        26.382306508908464        2.5746175807037854        32.225223858428812     
 sqrt(s) =    90.398637947568417     
 sqrt_fs_cm =    90.049782786777484     
 phind channel           0
 bbb pw(0) qmod c1q   0.0000000000000000        0.0000000000000000        0.0000000000000000        0.0000000000000000     
 reduced to Born momenta
   45.199318973784209        0.0000000000000000        0.0000000000000000        45.199265016903638     
   45.199318973784209        0.0000000000000000        0.0000000000000000       -45.199265016903638     
   45.199318973784209       -26.349095376027829       -2.5770771082151640       -36.634015865664026     
   45.199318973784209        26.349095376027829        2.5770771082151640        36.634015865664026     
 >> Photon n.           1
 cm momentum    0.34818203160461547      -0.26928681439849989       -1.4943418849392017E-002 -0.22020906647210728     
 lab momentum   0.37219095246255623      -0.26928681439849989       -1.4943418849392017E-002 -0.25649056692047040     
 c_ph_up   -0.63245385023822753     
 c_ph_up lab  -0.68913702824701062     
 c_ph_lep  0.96565387266475811     
 c_ph_lep lab   0.97044087441392279     
 isvec for ranlux 
    16281071     6216508     5788901     5598226     2151985    11312847     4878172    15215368      933416    10490822     4859569     3569103     7793955     9042226    15803846    11186175     1469788    15694173    11573162    10117844     1302401    12204826     4381916     1083041    -4200822
  
 ====== DUMPING at point            1
 propag    0.0000000000000000        0.0000000000000000        0.0000000000000000        0.0000000000000000     
 test props.    0.0000000000000000        0.0000000000000000     
 Var          0.64656191390317930     
 Var before   0.56281489437485877     
 iev, nphot and rad. pattern    0.0000000000000000                0               0           0           1           0
 partons...            1          -1
 x1 & x2   0.84477626284368601       0.99987782665186853     
 sv & ME   0.67286049339375209        11546.441214138644     
 plepton   =    45.953048149693856        31.238889295028109        32.063519664731245        10.379497718049009     
 pneutrino =    45.953048149693828       -31.238889295028109       -32.063519664731245       -10.379497718049009     
 pleptonlab   =    45.240525500950945        31.238889295028109        32.063519664731245        6.5388444111398565     
 pneutrinolab =    46.992178973826775       -31.238889295028109       -32.063519664731245       -14.293922601548985     
 sqrt(s) =    91.906096299387684     
 sqrt_fs_cm =    91.906096299387684     
 phind channel           0
 bbb pw(0) qmod c1q   0.0000000000000000        0.0000000000000000        0.0000000000000000        0.0000000000000000     
 reduced to Born momenta
   45.953048149693849        0.0000000000000000        0.0000000000000000        45.952995077823616     
   45.953048149693835        0.0000000000000000        0.0000000000000000       -45.952995077823601     
   45.953048149693856        31.238889295028109        32.063519664731245        10.379497718049009     
   45.953048149693828       -31.238889295028109       -32.063519664731245       -10.379497718049009     
 isvec for ranlux 
      589876    16710617     5688859    14464672     6555815    10676443     8690630    14425228     3486349    14953393     3964495     2454096     6889208    10385107     6558022     6916769    16140560    10878330     7171221     6209201     3307280     2406960     2255942    12891023    -4131909
  
