 ====== DUMPING at point            1
 propag    0.0000000000000000        0.0000000000000000        0.0000000000000000        0.0000000000000000     
 test props.    0.0000000000000000        0.0000000000000000     
 Var           3.0340989317636482     
 Var before    0.0000000000000000     
 iev, nphot and rad. pattern    0.0000000000000000                0               0           0           0           0
 partons...            1          -1
 x1 & x2   0.96723492538439704       0.84272345699198481     
 sv & ME    1.0000000000000000        22084.377923873588     
 plepton   =    45.141764477125925        3.9949023947300133       -5.0894752897871545        44.675560797241999     
 pneutrino =    45.141764477125939       -3.9949023947300133        5.0894752897871545       -44.675560797241999     
 pleptonlab   =    48.329598819167408        3.9949023947300133       -5.0894752897871545        47.894435527119697     
 pneutrinolab =    42.168320299651683       -3.9949023947300133        5.0894752897871545       -41.668862107499088     
 sqrt(s) =    90.283528954251864     
 sqrt_fs_cm =    90.283528954251864     
 phind channel           0
 bbb pw(0) qmod c1q   0.0000000000000000        0.0000000000000000        0.0000000000000000        0.0000000000000000     
 reduced to Born momenta
   45.444035983348869        0.0000000000000000        0.0000000000000000        45.443982317027491     
   45.444035983348869        0.0000000000000000        0.0000000000000000       -45.443982317027491     
   45.444035983348876       -34.152092317165511        8.0006185590294869        28.892454651641430     
   45.444035983348861        34.152092317165511       -8.0006185590294869       -28.892454651641430     
 isvec for ranlux 
     9644655    14614328     8305202     1457455     1056974    16450356    10467055     4514011      135838    16753179    11474510      425858    13826447     7299317     7668616    13721940      957152    13197359    14184585     9294164    15939178     5902395     5267822    14659295     4102414
  
 ====== DUMPING at point            1
 propag    0.0000000000000000        0.0000000000000000        0.0000000000000000        0.0000000000000000     
 test props.    0.0000000000000000        0.0000000000000000     
 Var           2.4864301978656425     
 Var before    2.0182022314985821     
 iev, nphot and rad. pattern    0.0000000000000000                0               0           0           0           0
 partons...            1          -1
 x1 & x2   0.99427728318130171       0.99976866665782238     
 sv & ME    1.0000000000000000        455.67759610969074     
 plepton   =    49.850959712284677        42.946285615871474        24.649366648503285        5.7560660326308799     
 pneutrino =    49.850959712284663       -42.946285615871474       -24.649366648503285       -5.7560660326308799     
 pleptonlab   =    49.835297112386790        42.946285615871474        24.649366648503285        5.6188032725879555     
 pneutrinolab =    49.867000379569383       -42.946285615871474       -24.649366648503285       -5.8933724464139932     
 sqrt(s) =    99.701919424569340     
 sqrt_fs_cm =    99.701919424569340     
 phind channel           0
 bbb pw(0) qmod c1q   0.0000000000000000        0.0000000000000000        0.0000000000000000        0.0000000000000000     
 reduced to Born momenta
   49.850959712284670        0.0000000000000000        0.0000000000000000        49.850910790177437     
   49.850959712284670        0.0000000000000000        0.0000000000000000       -49.850910790177437     
   49.850959712284677        42.946285615871474        24.649366648503285        5.7560660326308799     
   49.850959712284663       -42.946285615871474       -24.649366648503285       -5.7560660326308799     
 isvec for ranlux 
    13828964    12538209    14722825      978898    10903123    16188213     3834576      755982    12350293    13898296    16631971     2580472     9212313    13500588    11285027    12295266    14794390     9041223     4836823     6203403     5099258      436050     2993088    13331992     4071707
  
 ====== DUMPING at point            1
 propag    0.0000000000000000        0.0000000000000000        0.0000000000000000        0.0000000000000000     
 test props.    0.0000000000000000        0.0000000000000000     
 Var           1.6459533883104356     
 Var before    1.2218961974903011     
 iev, nphot and rad. pattern    0.0000000000000000                0               0           0           0           0
 partons...            1          -1
 x1 & x2   0.96318259554516339       0.99924355471594872     
 sv & ME    1.0000000000000000        559.96755779990986     
 plepton   =    49.052369988948634       -44.398522280580451       -18.155934783493304       -10.259487768869329     
 pneutrino =    49.052369988948634        44.398522280580451        18.155934783493304        10.259487768869329     
 pleptonlab   =    49.249210889256432       -44.398522280580451       -18.155934783493304       -11.162744329300239     
 pneutrinolab =    48.872096623799202        44.398522280580451        18.155934783493304        9.3596963707609717     
 sqrt(s) =    98.104739977897268     
 sqrt_fs_cm =    98.104739977897268     
 phind channel           0
 bbb pw(0) qmod c1q   0.0000000000000000        0.0000000000000000        0.0000000000000000        0.0000000000000000     
 reduced to Born momenta
   49.052369988948634        0.0000000000000000        0.0000000000000000        49.052320270371602     
   49.052369988948634        0.0000000000000000        0.0000000000000000       -49.052320270371602     
   49.052369988948634       -44.398522280580451       -18.155934783493304       -10.259487768869329     
   49.052369988948634        44.398522280580451        18.155934783493304        10.259487768869329     
 isvec for ranlux 
    11721521    11045222     4525189     9551634     3138826    12914592    10311113     5879490    10841622     2041022     1591996      713870     2223296     9465644     1698956     6906665      167992     7923134     5610804    11998942     7292850    14658741     2512720     2054019     4020115
  
 ====== DUMPING at point            1
 propag    0.0000000000000000        0.0000000000000000        0.0000000000000000        0.0000000000000000     
 test props.    0.0000000000000000        0.0000000000000000     
 Var           2.4175128379774615     
 Var before    1.3615215750027667     
 iev, nphot and rad. pattern    0.0000000000000000                0               0           0           0           0
 partons...            1          -1
 x1 & x2   0.99967724214925802       0.97555223158695292     
 sv & ME    1.0000000000000000        881.65220654319774     
 plepton   =    49.377053487561390        38.986649666223201       -12.425468983169029        27.635685549186455     
 pneutrino =    49.377053487561390       -38.986649666223201        12.425468983169029       -27.635685549186455     
 pleptonlab   =    49.718298098421542        38.986649666223201       -12.425468983169029        28.240872338926103     
 pneutrinolab =    49.043175588389005       -38.986649666223201        12.425468983169029       -27.034621810810854     
 sqrt(s) =    98.754106975122781     
 sqrt_fs_cm =    98.754106975122781     
 phind channel           0
 bbb pw(0) qmod c1q   0.0000000000000000        0.0000000000000000        0.0000000000000000        0.0000000000000000     
 reduced to Born momenta
   49.377053487561390        0.0000000000000000        0.0000000000000000        49.377004095913904     
   49.377053487561390        0.0000000000000000        0.0000000000000000       -49.377004095913904     
   49.377053487561390        38.986649666223201       -12.425468983169029        27.635685549186455     
   49.377053487561390       -38.986649666223201        12.425468983169029       -27.635685549186455     
 isvec for ranlux 
     5015453    15280816     4310583      768372    14533642     3155413     4422873      249048     4684845     1910008    16056781      794157     1869094     3063496    16774527    13424117     4046483    13961998    14383364     9654875    12256042     6035440    14952706     7070106    -4050721
  
 ====== DUMPING at point            1
 propag    0.0000000000000000        0.0000000000000000        0.0000000000000000        0.0000000000000000     
 test props.    0.0000000000000000        0.0000000000000000     
 Var           3.1069028524525222     
 Var before    2.1128347036400101     
 iev, nphot and rad. pattern    0.0000000000000000                0               0           0           0           0
 partons...            1          -1
 x1 & x2   0.99918788184465734       0.64860479197713217     
 sv & ME    1.0000000000000000        204.02071621032178     
 plepton   =    40.251647427463304       -18.829058791404851       -29.429820037255180        19.988401500318584     
 pneutrino =    40.251647427463318        18.829058791404851        29.429820037255180       -19.988401500318584     
 pleptonlab   =    45.547182529534830       -18.829058791404851       -29.429820037255180        29.221343403270964     
 pneutrinolab =    36.842451161554671        18.829058791404851        29.429820037255180       -11.692188909894698     
 sqrt(s) =    80.503294854926622     
 sqrt_fs_cm =    80.503294854926622     
 phind channel           0
 bbb pw(0) qmod c1q   0.0000000000000000        0.0000000000000000        0.0000000000000000        0.0000000000000000     
 reduced to Born momenta
   40.251647427463311        0.0000000000000000        0.0000000000000000        40.251586838275259     
   40.251647427463311        0.0000000000000000        0.0000000000000000       -40.251586838275259     
   40.251647427463304       -18.829058791404851       -29.429820037255180        19.988401500318584     
   40.251647427463318        18.829058791404851        29.429820037255180       -19.988401500318584     
 isvec for ranlux 
    13339185     3157215     2885755    13075980     2672839    15264749     5589110    16308282     7842139    12049687    13366755     6076284      742419    12796796     4739940     6325708    16429432     3537523     6895768     4781887    12457939      764822     9148973    10794182    -4081303
  
 ====== DUMPING at point            1
 propag    0.0000000000000000        0.0000000000000000        0.0000000000000000        0.0000000000000000     
 test props.    0.0000000000000000        0.0000000000000000     
 Var           2.1720120604010025     
 Var before    1.9610082572018706     
 iev, nphot and rad. pattern    0.0000000000000000                0               0           0           0           0
 partons...            1          -1
 x1 & x2   0.94114352553451341       0.99903823091475108     
 sv & ME    1.0000000000000000        1352.8550735635208     
 plepton   =    48.482944495638662       -4.5304749720681103        41.755571925517707        24.218417639806560     
 pneutrino =    48.482944495638677        4.5304749720681103       -41.755571925517707       -24.218417639806560     
 pleptonlab   =    47.781548346183833       -4.5304749720681103        41.755571925517707        22.781839442143763     
 pneutrinolab =    49.227539476279375        4.5304749720681103       -41.755571925517707       -25.676574711155645     
 sqrt(s) =    96.965888991277339     
 sqrt_fs_cm =    96.965888991277339     
 phind channel           0
 bbb pw(0) qmod c1q   0.0000000000000000        0.0000000000000000        0.0000000000000000        0.0000000000000000     
 reduced to Born momenta
   48.482944495638669        0.0000000000000000        0.0000000000000000        48.482894193123208     
   48.482944495638669        0.0000000000000000        0.0000000000000000       -48.482894193123208     
   48.482944495638662       -4.5304749720681103        41.755571925517707        24.218417639806560     
   48.482944495638677        4.5304749720681103       -41.755571925517707       -24.218417639806560     
 isvec for ranlux 
     9996655     5314963     4653955      412784     6974021     7680405    11535779     2804731     6868442    11334850     5798372     6373794     4365370     1770520    15945583     3388180    11771294    11057837     5103923    12470000    14455935    13482498      760501     6155176     4041909
  
 ====== DUMPING at point            1
 propag    0.0000000000000000        0.0000000000000000        0.0000000000000000        0.0000000000000000     
 test props.    0.0000000000000000        0.0000000000000000     
 Var           2.0615734972961435     
 Var before    1.8660713377938756     
 iev, nphot and rad. pattern    0.0000000000000000                0               0           0           0           0
 partons...            1          -1
 x1 & x2   0.99797779855667279       0.89791332958753300     
 sv & ME    1.0000000000000000        3236.3305524910329     
 plepton   =    47.331215068822665        22.782724626584592        35.690521694676505        21.151049050832434     
 pneutrino =    47.331215068822665       -22.782724626584592       -35.690521694676505       -21.151049050832434     
 pleptonlab   =    48.515181308529812        22.782724626584592        35.690521694676505        23.682182616032136     
 pneutrinolab =    46.279375098680468       -22.782724626584592       -35.690521694676505       -18.678959167575151     
 sqrt(s) =    94.662430137645330     
 sqrt_fs_cm =    94.662430137645330     
 phind channel           0
 bbb pw(0) qmod c1q   0.0000000000000000        0.0000000000000000        0.0000000000000000        0.0000000000000000     
 reduced to Born momenta
   47.331215068822665        0.0000000000000000        0.0000000000000000        47.331163542274616     
   47.331215068822665        0.0000000000000000        0.0000000000000000       -47.331163542274616     
   47.331215068822665        22.782724626584592        35.690521694676505        21.151049050832434     
   47.331215068822665       -22.782724626584592       -35.690521694676505       -21.151049050832434     
 isvec for ranlux 
     5296148     8646563    10452673     7166248      952571     3765111    10544008    12173936     2054572     9165979     5001339     7374366     6185974      750604     2177072     5243092     2039795     8760032     5864455     9125444     9026986    11573976    10700607    16005715     4021505
  
 ====== DUMPING at point            1
 propag    0.0000000000000000        0.0000000000000000        0.0000000000000000        0.0000000000000000     
 test props.    0.0000000000000000        0.0000000000000000     
 Var           2.1953240574157973     
 Var before    1.8127386324229975     
 iev, nphot and rad. pattern    0.0000000000000000                0               0           0           0           0
 partons...            1          -1
 x1 & x2   0.84525348660569022       0.99741146075277898     
 sv & ME    1.0000000000000000        22116.663533083971     
 plepton   =    45.909299569416255        35.256047934979456        17.990718524497794        23.259358422829692     
 pneutrino =    45.909299569416241       -35.256047934979456       -17.990718524497794       -23.259358422829692     
 pleptonlab   =    44.139401481286022        35.256047934979456        17.990718524497794        19.535115316102178     
 pneutrinolab =    47.993845886637452       -35.256047934979456       -17.990718524497794       -27.143014023456615     
 sqrt(s) =    91.818599138832496     
 sqrt_fs_cm =    91.818599138832496     
 phind channel           0
 bbb pw(0) qmod c1q   0.0000000000000000        0.0000000000000000        0.0000000000000000        0.0000000000000000     
 reduced to Born momenta
   45.909299569416248        0.0000000000000000        0.0000000000000000        45.909246446971906     
   45.909299569416248        0.0000000000000000        0.0000000000000000       -45.909246446971906     
   45.909299569416255        35.256047934979456        17.990718524497794        23.259358422829692     
   45.909299569416241       -35.256047934979456       -17.990718524497794       -23.259358422829692     
 isvec for ranlux 
     2357503    13313867    13475429      398041      676046      598883     1378089     4879090    14650659     9192766    12027607    13293528    15088918     5524941     3471822    13068680     3121771    14380553    13340567    15481040    11950101    16227926    15558269    13944932    -4050620
  
 ====== DUMPING at point            1
 propag    0.0000000000000000        0.0000000000000000        0.0000000000000000        0.0000000000000000     
 test props.    0.0000000000000000        0.0000000000000000     
 Var           1.8745486000114722     
 Var before    1.6202677709566975     
 iev, nphot and rad. pattern    0.0000000000000000                0               0           0           0           0
 partons...            1          -1
 x1 & x2   0.99804518217885552       0.84820098282435530     
 sv & ME    1.0000000000000000        13639.087371218842     
 plepton   =    46.003883108581668        2.8276724160473137       -45.789569845585511       -3.4155028093019175     
 pneutrino =    46.003883108581654       -2.8276724160473137        45.789569845585511        3.4155028093019175     
 pleptonlab   =    45.878029079285277        2.8276724160473137       -45.789569845585511       0.31929699661727096     
 pneutrinolab =    46.434279170875271       -2.8276724160473137        45.789569845585511        7.1729129711077473     
 sqrt(s) =    92.007766217163322     
 sqrt_fs_cm =    92.007766217163322     
 phind channel           0
 bbb pw(0) qmod c1q   0.0000000000000000        0.0000000000000000        0.0000000000000000        0.0000000000000000     
 reduced to Born momenta
   46.003883108581654        0.0000000000000000        0.0000000000000000        46.003830095356676     
   46.003883108581668        0.0000000000000000        0.0000000000000000       -46.003830095356690     
   46.003883108581668        2.8276724160473137       -45.789569845585511       -3.4155028093019175     
   46.003883108581654       -2.8276724160473137        45.789569845585511        3.4155028093019175     
 isvec for ranlux 
    12675073     6236269     4537278     4433730     4224941    13787964    13876073    15802303    15288718      805940    14528922    13666908     8167124    16627472     6461287     3513350     4350067    10105469     7717376     3989656     7739191    12448084    16391049     2870502     4050721
  
 ====== DUMPING at point            1
 propag    0.0000000000000000        0.0000000000000000        0.0000000000000000        0.0000000000000000     
 test props.    0.0000000000000000        0.0000000000000000     
 Var           1.2719785042852849     
 Var before   0.86467254980426245     
 iev, nphot and rad. pattern    0.0000000000000000                0               0           0           0           0
 partons...            1          -1
 x1 & x2   0.85250210177156416       0.99914609462791815     
 sv & ME    1.0000000000000000        22660.901632010358     
 plepton   =    46.145805487800033        26.929728335024890        3.7253816336625825        37.287202414658772     
 pneutrino =    46.145805487800033       -26.929728335024890       -3.7253816336625825       -37.287202414658772     
 pleptonlab   =    43.328885698778215        26.929728335024890        3.7253816336625825        33.738589711065977     
 pneutrinolab =    49.253524121195888       -26.929728335024890       -3.7253816336625825       -41.070789353883676     
 sqrt(s) =    92.291610975600065     
 sqrt_fs_cm =    92.291610975600065     
 phind channel           0
 bbb pw(0) qmod c1q   0.0000000000000000        0.0000000000000000        0.0000000000000000        0.0000000000000000     
 reduced to Born momenta
   46.145805487800033        0.0000000000000000        0.0000000000000000        46.145752637618507     
   46.145805487800033        0.0000000000000000        0.0000000000000000       -46.145752637618507     
   46.145805487800033        26.929728335024890        3.7253816336625825        37.287202414658772     
   46.145805487800033       -26.929728335024890       -3.7253816336625825       -37.287202414658772     
 isvec for ranlux 
    10671788    15112082    16580349    15196529    12173453     4126535    14349879    14774021     1833402    14749546    12999650    11317858    16659325    10501234     7001243    11690730    15931723    11335180     5068908     1086744     3192185    13920432    14783369     9387395    -4011707
  
 ====== DUMPING at point            1
 propag    0.0000000000000000        0.0000000000000000        0.0000000000000000        0.0000000000000000     
 test props.    0.0000000000000000        0.0000000000000000     
 Var           1.6559218674029783     
 Var before    1.2080704689106037     
 iev, nphot and rad. pattern    0.0000000000000000                0               0           0           0           0
 partons...            1          -1
 x1 & x2   0.99978361970231511       0.92283513222221691     
 sv & ME    1.0000000000000000        1847.4500904464796     
 plepton   =    48.026957244905496        14.823762922756391       -38.968132459820637        23.839424571836862     
 pneutrino =    48.026957244905496       -14.823762922756391        38.968132459820637       -23.839424571836862     
 pleptonlab   =    49.020353184107428        14.823762922756391       -38.968132459820637        25.782252966080172     
 pneutrinolab =    47.110584412119145       -14.823762922756391        38.968132459820637       -21.934828592075263     
 sqrt(s) =    96.053914489810992     
 sqrt_fs_cm =    96.053914489810992     
 phind channel           0
 bbb pw(0) qmod c1q   0.0000000000000000        0.0000000000000000        0.0000000000000000        0.0000000000000000     
 reduced to Born momenta
   48.026957244905489        0.0000000000000000        0.0000000000000000        48.026906464797207     
   48.026957244905503        0.0000000000000000        0.0000000000000000       -48.026906464797221     
   48.026957244905496        14.823762922756391       -38.968132459820637        23.839424571836862     
   48.026957244905496       -14.823762922756391        38.968132459820637       -23.839424571836862     
 isvec for ranlux 
     1467315    14552326     9549605    16451063     2447372     8870742    12068471    12007007     6978230    16284214     8468817    11598645    11614625     5336374     3803737    12939294     6082334     4537718    14679745    16308527    16057847    10631340     7612034     5753259    -4182212
  
 ====== DUMPING at point            1
 propag    0.0000000000000000        0.0000000000000000        0.0000000000000000        0.0000000000000000     
 test props.    0.0000000000000000        0.0000000000000000     
 Var           1.4554555469086912     
 Var before   0.74263477745942696     
 iev, nphot and rad. pattern    0.0000000000000000                0               0           0           0           0
 partons...            1          -1
 x1 & x2   0.99979964278167066       0.84247332796301999     
 sv & ME    1.0000000000000000        25832.739880343848     
 plepton   =    45.888575167205616       -19.699426861868229        28.841949746017288        29.762807047503603     
 pneutrino =    45.888575167205644        19.699426861868229       -28.841949746017288       -29.762807047503603     
 pleptonlab   =    48.607825653156112       -19.699426861868229        28.841949746017288        33.805089368292933     
 pneutrinolab =    43.505822884078405        19.699426861868229       -28.841949746017288       -25.938773627360408     
 sqrt(s) =    91.777150334411260     
 sqrt_fs_cm =    91.777150334411260     
 phind channel           0
 bbb pw(0) qmod c1q   0.0000000000000000        0.0000000000000000        0.0000000000000000        0.0000000000000000     
 reduced to Born momenta
   45.888575167205630        0.0000000000000000        0.0000000000000000        45.888522020769869     
   45.888575167205630        0.0000000000000000        0.0000000000000000       -45.888522020769869     
   45.888575167205616       -19.699426861868229        28.841949746017288        29.762807047503603     
   45.888575167205644        19.699426861868229       -28.841949746017288       -29.762807047503603     
 isvec for ranlux 
    10133792     8012408     5802471    15848650     3998090     8366287     8259760     7239157    11187399     3051700     1592070     1617504     4202411     2209282     7734370    11322307     8269585      641457    12859162     4265691     8778025    14458014    14989513     8307982     4112111
  
 ====== DUMPING at point            1
 propag    0.0000000000000000        0.0000000000000000        0.0000000000000000        0.0000000000000000     
 test props.    0.0000000000000000        0.0000000000000000     
 Var          0.49754720369150096     
 Var before   0.44680006292576896     
 iev, nphot and rad. pattern    0.0000000000000000                0               0           0           0           0
 partons...            1          -1
 x1 & x2   0.99989464710068687       0.82254938119486209     
 sv & ME    1.0000000000000000        14994.439772456179     
 plepton   =    45.344865289046922       -19.738285398130689       -27.568013059575481       -30.108975237947924     
 pneutrino =    45.344865289046936        19.738285398130689        27.568013059575481        30.108975237947924     
 pleptonlab   =    42.617170790689002       -19.738285398130689       -27.568013059575481       -25.818923835053706     
 pneutrinolab =    48.505030624088469        19.738285398130689        27.568013059575481        34.686187130344948     
 sqrt(s) =    90.689730578093858     
 sqrt_fs_cm =    90.689730578093858     
 phind channel           0
 bbb pw(0) qmod c1q   0.0000000000000000        0.0000000000000000        0.0000000000000000        0.0000000000000000     
 reduced to Born momenta
   45.344865289046922        0.0000000000000000        0.0000000000000000        45.344811505355416     
   45.344865289046936        0.0000000000000000        0.0000000000000000       -45.344811505355430     
   45.344865289046922       -19.738285398130689       -27.568013059575481       -30.108975237947924     
   45.344865289046936        19.738285398130689        27.568013059575481        30.108975237947924     
 isvec for ranlux 
     3688637    14053662    12588071    11536133     9988281    14201265     3023778     8336309     7700588     7389476     2663606     3417323    12053979    11535674     1089984     3050167    10818579       42031    11733593     9268692    14754184    14106291    10624018      593816     4181909
  
