 ====== DUMPING at point            1
 propag    0.0000000000000000        0.0000000000000000        0.0000000000000000        0.0000000000000000     
 test props.    0.0000000000000000        0.0000000000000000     
 Var           2.4280021599863000     
 Var before    0.0000000000000000     
 iev, nphot and rad. pattern    0.0000000000000000                1               0           0           0           1
 partons...            1          -1
 x1 & x2   0.89964585688897225       0.93673641576229261     
 sv & ME    1.0000000000000000        738.96458433677583     
 plepton   =    45.630797249122480        37.323541403484789       -17.698046088154243       -19.387906428054063     
 pneutrino =    40.534242326446304       -32.349504711563881        17.784207410582912        16.740524154920529     
 pleptonlab   =    46.031777047367981        37.323541403484789       -17.698046088154243       -20.313683964536057     
 pneutrinolab =    40.204324905559183       -32.349504711563881        17.784207410582912        15.925077366034156     
 sqrt(s) =    91.800383192967800     
 sqrt_fs_cm =    85.980561450674273     
 phind channel           0
 bbb pw(0) qmod c1q   0.0000000000000000        0.0000000000000000        0.0000000000000000        0.0000000000000000     
 reduced to Born momenta
   45.900191596483893        0.0000000000000000        0.0000000000000000        45.900138463498457     
   45.900191596483907        0.0000000000000000        0.0000000000000000       -45.900138463498472     
   45.900191596483893        37.115924294342520       -18.943350648762951       -19.245104699042550     
   45.900191596483907       -37.115924294342520        18.943350648762951        19.245104699042550     
 >> Photon n.           1
 cm momentum     5.6353436173990188       -4.9740366919209107       -8.6161322428669751E-002   2.6473822731335339     
 lab momentum    5.5830116796360958       -4.9740366919209107       -8.6161322428669751E-002   2.5340786548358909     
 c_ph_up    0.46978187185601072     
 c_ph_up lab   0.45389098218778290     
 c_ph_lep -0.91563672263237816     
 c_ph_lep lab  -0.91674935714514783     
 isvec for ranlux 
     9644655    14614328     8305202     1457455     6611641    14048799     7267313     8683348    14048746     9318201     4464668     5476536     8218591     7359978     7668616    13721940      957152    13197359    14184585     9294164    15939178     5902395     5267822    14659295     4201404
  
 ====== DUMPING at point            1
 propag    0.0000000000000000        0.0000000000000000        0.0000000000000000        0.0000000000000000     
 test props.    0.0000000000000000        0.0000000000000000     
 Var           1.8141207803284112     
 Var before    1.2625453211678157     
 iev, nphot and rad. pattern    0.0000000000000000                0               0           0           1           0
 partons...            1          -1
 x1 & x2   0.94970747388547905       0.79315356134617720     
 sv & ME   0.70315797986458028        1295.3955576600383     
 plepton   =    43.395387576024397        31.626808887660015        29.681725711164262        1.3742698325091327     
 pneutrino =    43.395387576024412       -31.626808887660015       -29.681725711164262       -1.3742698325091327     
 pleptonlab   =    43.695471840939305        31.626808887660015        29.681725711164262        5.2936956940772397     
 pneutrinolab =    43.447579920643506       -31.626808887660015       -29.681725711164262        2.5339999328878551     
 sqrt(s) =    86.790775152048809     
 sqrt_fs_cm =    86.790775152048809     
 phind channel           0
 bbb pw(0) qmod c1q   0.0000000000000000        0.0000000000000000        0.0000000000000000        0.0000000000000000     
 reduced to Born momenta
   43.395387576024405        0.0000000000000000        0.0000000000000000        43.395331376171946     
   43.395387576024405        0.0000000000000000        0.0000000000000000       -43.395331376171946     
   43.395387576024397        31.626808887660015        29.681725711164262        1.3742698325091327     
   43.395387576024412       -31.626808887660015       -29.681725711164262       -1.3742698325091327     
 isvec for ranlux 
     6252439      346129     5312835     8261683     9079631     4152189    11690151     3251140     4683020     2530188    16021290    11618951     3342516     5282467     2561248    15711547    15779543    10985280     8292142     1596633    16558285    12472361     3784938     8334133     4140519
  
 ====== DUMPING at point            1
 propag    0.0000000000000000        0.0000000000000000        0.0000000000000000        0.0000000000000000     
 test props.    0.0000000000000000        0.0000000000000000     
 Var           1.7845061883518429     
 Var before    1.3767310569417057     
 iev, nphot and rad. pattern    0.0000000000000000                0               0           0           1           0
 partons...            1          -1
 x1 & x2   0.90937803084187419       0.92227306959551991     
 sv & ME   0.67835724771883954        18048.095471701548     
 plepton   =    45.790142714542412       -43.661133777808324       -7.5264816630527012        11.566480758586426     
 pneutrino =    45.790142714542412        43.661133777808324        7.5264816630527012       -11.566480758586426     
 pleptonlab   =    45.709846110646865       -43.661133777808324       -7.5264816630527012        11.244391436605499     
 pneutrinolab =    45.872708911222830        43.661133777808324        7.5264816630527012       -11.889143374287785     
 sqrt(s) =    91.580285429084825     
 sqrt_fs_cm =    91.580285429084825     
 phind channel           0
 bbb pw(0) qmod c1q   0.0000000000000000        0.0000000000000000        0.0000000000000000        0.0000000000000000     
 reduced to Born momenta
   45.790142714542412        0.0000000000000000        0.0000000000000000        45.790089453860666     
   45.790142714542412        0.0000000000000000        0.0000000000000000       -45.790089453860666     
   45.790142714542412       -43.661133777808324       -7.5264816630527012        11.566480758586426     
   45.790142714542412        43.661133777808324        7.5264816630527012       -11.566480758586426     
 isvec for ranlux 
     8965487     2126720     7254733    12923904     5337694    14130607     1878020     8597149     6833174     1891112    11634831     6803766      471344     6208649      964748     8738368    12913065     1505022     4123979     3215547    11907780     4934906    11898556     4780317     4221101
  
 ====== DUMPING at point            1
 propag    0.0000000000000000        0.0000000000000000        0.0000000000000000        0.0000000000000000     
 test props.    0.0000000000000000        0.0000000000000000     
 Var           1.9036585005374262     
 Var before    1.6554617821623498     
 iev, nphot and rad. pattern    0.0000000000000000                0               0           0           0           1
 partons...            1          -1
 x1 & x2   0.80564527482899584       0.96290462390036680     
 sv & ME   0.69959349003693283        2495.6105424705024     
 plepton   =    44.038606936309918       -10.232454122071575        42.782817055292021        2.0773022535130639     
 pneutrino =    44.038606936309918        10.232454122071575       -42.782817055292021       -2.0773022535130639     
 pleptonlab   =    44.028299276897982       -10.232454122071575        42.782817055292021       -1.8459200897498462     
 pneutrinolab =    44.399195659570125        10.232454122071575       -42.782817055292021       -6.0170473638187030     
 sqrt(s) =    88.077213872619836     
 sqrt_fs_cm =    88.077213872619836     
 phind channel           0
 bbb pw(0) qmod c1q   0.0000000000000000        0.0000000000000000        0.0000000000000000        0.0000000000000000     
 reduced to Born momenta
   44.038606936309918        0.0000000000000000        0.0000000000000000        44.038551557302654     
   44.038606936309918        0.0000000000000000        0.0000000000000000       -44.038551557302654     
   44.038606936309918       -10.232454122071575        42.782817055292021        2.0773022535130639     
   44.038606936309918        10.232454122071575       -42.782817055292021       -2.0773022535130639     
 isvec for ranlux 
    15326067    13686972    12635121    13902960    13679249    15597591     9630857    11203193     9414693    13903049     1041894    12159642    14667289     9413416    16351989    16702048    13674632     3503371    11931980     1731313     7232330     5707229     4337415    14161190     4071606
  
 ====== DUMPING at point            1
 propag    0.0000000000000000        0.0000000000000000        0.0000000000000000        0.0000000000000000     
 test props.    0.0000000000000000        0.0000000000000000     
 Var           2.4531236853439990     
 Var before    1.6456520118928697     
 iev, nphot and rad. pattern    0.0000000000000000                0               0           1           0           0
 partons...            1          -1
 x1 & x2   0.88683505507062710       0.97878845796419622     
 sv & ME   0.67174791511725995        8113.6613715014482     
 plepton   =    46.583900545713540        27.927725044658846       -24.232331005794904        28.335224266220099     
 pneutrino =    46.583900545713526       -27.927725044658846        24.232331005794904       -28.335224266220099     
 pleptonlab   =    45.242293424527709        27.927725044658846       -24.232331005794904        26.070869921717634     
 pneutrinolab =    48.038882227213435       -27.927725044658846        24.232331005794904       -30.668540066396094     
 sqrt(s) =    93.167801091427066     
 sqrt_fs_cm =    93.167801091427066     
 phind channel           0
 bbb pw(0) qmod c1q   0.0000000000000000        0.0000000000000000        0.0000000000000000        0.0000000000000000     
 reduced to Born momenta
   46.583900545713533        0.0000000000000000        0.0000000000000000        46.583848192558435     
   46.583900545713533        0.0000000000000000        0.0000000000000000       -46.583848192558435     
   46.583900545713540        27.927725044658846       -24.232331005794904        28.335224266220099     
   46.583900545713526       -27.927725044658846        24.232331005794904       -28.335224266220099     
 isvec for ranlux 
     4925990     5576093    15184408    11784099    11845403    13164298      418628     8394559    12727338     1012832     9828754     3599171     1962348     6110377     1170785     8157080     6470367    12307127     8788506     3545955     7555912     3534851     9276842     7912478     4132414
  
 ====== DUMPING at point            1
 propag    0.0000000000000000        0.0000000000000000        0.0000000000000000        0.0000000000000000     
 test props.    0.0000000000000000        0.0000000000000000     
 Var           10.999935819876775     
 Var before    1.5992615348179815     
 iev, nphot and rad. pattern    0.0000000000000000                0               0           0           0           1
 partons...            1          -1
 x1 & x2   0.99816157223185742       0.83928233922003181     
 sv & ME   0.67096754005841752        31303.617970731611     
 plepton   =    45.764051920210747       -4.7399409648633828        27.354232348262943        36.381536756315448     
 pneutrino =    45.764051920210747        4.7399409648633828       -27.354232348262943       -36.381536756315448     
 pleptonlab   =    49.093745772599220       -4.7399409648633828        27.354232348262943        40.490290719874949     
 pneutrinolab =    42.778449799995229        4.7399409648633828       -27.354232348262943       -32.546329069283672     
 sqrt(s) =    91.528103840421494     
 sqrt_fs_cm =    91.528103840421494     
 phind channel           0
 bbb pw(0) qmod c1q   0.0000000000000000        0.0000000000000000        0.0000000000000000        0.0000000000000000     
 reduced to Born momenta
   45.764051920210740        0.0000000000000000        0.0000000000000000        45.763998629164220     
   45.764051920210754        0.0000000000000000        0.0000000000000000       -45.763998629164234     
   45.764051920210747       -4.7399409648633828        27.354232348262943        36.381536756315448     
   45.764051920210747        4.7399409648633828       -27.354232348262943       -36.381536756315448     
 isvec for ranlux 
      128384    11388086    10466586    16512364     6221064    10759867     4294357     4958074     2428245      140484    15658108     6187047     6125357     5290921     3091457    10559473     4129276    15535479    13747368    10865395     4704666    11572707     3324263     2372157     4192111
  
 ====== DUMPING at point            1
 propag    0.0000000000000000        0.0000000000000000        0.0000000000000000        0.0000000000000000     
 test props.    0.0000000000000000        0.0000000000000000     
 Var           5.8694283435049996     
 Var before    3.5875206593116342     
 iev, nphot and rad. pattern    0.0000000000000000                1               1           0           0           0
 partons...            1          -1
 x1 & x2   0.99986529925752843       0.86603428899952772     
 sv & ME    1.0000000000000000        152.39031250244724     
 plepton   =    44.505482222517806       -37.589512364869286        10.852013258145124       -21.212947758002933     
 pneutrino =    45.111179272924090        39.679440049399311       -8.6080040895103416        19.658373143867440     
 pleptonlab   =    43.094983215642031       -37.589512364869286        10.852013258145124       -18.067340232623657     
 pneutrinolab =    46.641295422511007        39.679440049399311       -8.6080040895103416        22.953073388101611     
 sqrt(s) =    93.054695396728576     
 sqrt_fs_cm =    89.550689223937411     
 phind channel           0
 bbb pw(0) qmod c1q   0.0000000000000000        0.0000000000000000        0.0000000000000000        0.0000000000000000     
 reduced to Born momenta
   44.775344611968706        0.0000000000000000        0.0000000000000000        44.775290144173880     
   44.775344611968706        0.0000000000000000        0.0000000000000000       -44.775290144173880     
   44.775344611968706       -38.630943579596405        9.7338017469771358       -20.438288165344748     
   44.775344611968706        38.630943579596405       -9.7338017469771358        20.438288165344748     
 >> Photon n.           1
 cm momentum     3.4380339012866830       -2.0899276845300276       -2.2440091686347827        1.5545746141354939     
 lab momentum    3.5587007746997892       -2.0899276845300276       -2.2440091686347827        1.8058173574220815     
 c_ph_up    0.45216965823219341     
 c_ph_up lab   0.50743725638872228     
 c_ph_lep  0.13874979938874385     
 c_ph_lep lab   0.14071981604822506     
 isvec for ranlux 
     6248706     2443650     5424569     7840856     8854079     5077390    15263352    16554528     1529883     2696089     2519233     5653265    15789071      882553     5947087     9218297     5428618    10255587     4747224    14768239    10404210    13291405    15495887    10569314     4080721
  
 ====== DUMPING at point            1
 propag    0.0000000000000000        0.0000000000000000        0.0000000000000000        0.0000000000000000     
 test props.    0.0000000000000000        0.0000000000000000     
 Var           2.5910116472780627     
 Var before    2.1363132084819512     
 iev, nphot and rad. pattern    0.0000000000000000                0               0           1           0           0
 partons...            1          -1
 x1 & x2   0.82894488198344995       0.99920938741692378     
 sv & ME   0.76332617484794141        20432.101957754836     
 plepton   =    45.505205958469119        9.1398998730444294       -32.110453897108343       -30.920763031717506     
 pneutrino =    45.505205958469105       -9.1398998730444294        32.110453897108343        30.920763031717506     
 pleptonlab   =    48.596222737058604        9.1398998730444294       -32.110453897108343       -35.312358763621930     
 pneutrinolab =    42.811490732960067       -9.1398998730444294        32.110453897108343        26.799133491948240     
 sqrt(s) =    91.010411916938224     
 sqrt_fs_cm =    91.010411916938224     
 phind channel           0
 bbb pw(0) qmod c1q   0.0000000000000000        0.0000000000000000        0.0000000000000000        0.0000000000000000     
 reduced to Born momenta
   45.505205958469119        0.0000000000000000        0.0000000000000000        45.505152364288300     
   45.505205958469105        0.0000000000000000        0.0000000000000000       -45.505152364288286     
   45.505205958469119        9.1398998730444294       -32.110453897108343       -30.920763031717506     
   45.505205958469105       -9.1398998730444294        32.110453897108343        30.920763031717506     
 isvec for ranlux 
    14902313     9928972     4799160     2701921    12896674      994906     4989402     1593852     3619565    10431950     8726416    10407135     5333250    10378542     9914156    14939389     3289939    14228418    14454888     1597759     1973254     3860146     2875092     2125098     4191303
  
 ====== DUMPING at point            1
 propag    0.0000000000000000        0.0000000000000000        0.0000000000000000        0.0000000000000000     
 test props.    0.0000000000000000        0.0000000000000000     
 Var           1.3240118601537436     
 Var before    1.1084301767945364     
 iev, nphot and rad. pattern    0.0000000000000000                1               0           0           1           0
 partons...            1          -1
 x1 & x2   0.99950952899196310       0.82573250453036939     
 sv & ME    1.0000000000000000        2532763.8753807596     
 plepton   =    45.244391679452306        9.5968613997919494        40.210273411555050        18.386896915831059     
 pneutrino =    45.419683743948255       -9.5890349143496323       -40.386837085658485       -18.436114214678661     
 pleptonlab   =    47.209417055164117        9.5968613997919494        40.210273411555050        22.798071375406408     
 pneutrinolab =    43.863678122593683       -9.5890349143496323       -40.386837085658485       -14.176208744897290     
 sqrt(s) =    90.847537483219853     
 sqrt_fs_cm =    90.663889802129447     
 phind channel           0
 bbb pw(0) qmod c1q   0.0000000000000000        0.0000000000000000        0.0000000000000000        0.0000000000000000     
 reduced to Born momenta
   45.423768741609926        0.0000000000000000        0.0000000000000000        45.423715051343599     
   45.423768741609926        0.0000000000000000        0.0000000000000000       -45.423715051343599     
   45.423768741609926        9.6123834131933918        40.380098442759142        18.448776053457767     
   45.423768741609926       -9.6123834131933918       -40.380098442759142       -18.448776053457767     
 >> Photon n.           1
 cm momentum    0.18346205981929267       -7.8264854423178206E-003  0.17656367410343726        4.9217298847601454E-002
 lab momentum   0.18900649835883881       -7.8264854423178206E-003  0.17656367410343726        6.6988592570572214E-002
 c_ph_up    0.26826962967754614     
 c_ph_up lab   0.35442481159240796     
 c_ph_lep  0.95529370809757319     
 c_ph_lep lab   0.95841137778079399     
 isvec for ranlux 
    16299211     3254293    16131975     5266621    16545363    14473301     5355798     5599353    11050532    14547556    11682091     8225026    12673044    12120042     6959192    14507471     7976243    13182463     2472364    15582834    14772810    14376851    13178594     7905684     4032111
  
 ====== DUMPING at point            1
 propag    0.0000000000000000        0.0000000000000000        0.0000000000000000        0.0000000000000000     
 test props.    0.0000000000000000        0.0000000000000000     
 Var           2.0999515287985377     
 Var before    1.2869814115407168     
 iev, nphot and rad. pattern    0.0000000000000000                1               0           0           0           1
 partons...            1          -1
 x1 & x2   0.99986320457060029       0.81983899567469254     
 sv & ME    1.0000000000000000        204350353109.62051     
 plepton   =    45.269383683542458      -0.67874934225585570       -31.132324748792396        32.857626062490091     
 pneutrino =    45.223982239999494       0.67811509480662591        31.101191986101494       -32.824585647257962     
 pleptonlab   =    48.759204198022296      -0.67874934225585570       -31.132324748792396        37.520214357051358     
 pneutrinolab =    42.183565047887988       0.67811509480662591        31.101191986101494       -28.490314379097001     
 sqrt(s) =    90.538767688059494     
 sqrt_fs_cm =    90.493354534196826     
 phind channel           0
 bbb pw(0) qmod c1q   0.0000000000000000        0.0000000000000000        0.0000000000000000        0.0000000000000000     
 reduced to Born momenta
   45.269383844029740        0.0000000000000000        0.0000000000000000        45.269329970660053     
   45.269383844029754        0.0000000000000000        0.0000000000000000       -45.269329970660067     
   45.269383844029747      -0.67877260498611680       -31.132370169010663        32.857582767712053     
   45.269383844029747       0.67877260498611680        31.132370169010663       -32.857582767712053     
 >> Photon n.           1
 cm momentum     4.5401764517544511E-002   6.3424744922976710E-004   3.1132762690902281E-002  -3.3040415232131581E-002
 lab momentum    4.2340766354360834E-002   6.3424744922976710E-004   3.1132762690902281E-002  -2.8689533158970767E-002
 c_ph_up   -0.72773416591251294     
 c_ph_up lab  -0.67758653489784848     
 c_ph_lep -0.99999566119126992     
 c_ph_lep lab  -0.99109031590089558     
 isvec for ranlux 
    14376841     9367055    11411008     3416353     1394422    12230973     5252183    16075032     6397709     9393473    12531793     9363946    15390017     9736584    16117207    13485524     9250666     8140315     3126542     1982896     8250996    15449780     6880094     7144020    -4021707
  
 ====== DUMPING at point            1
 propag    0.0000000000000000        0.0000000000000000        0.0000000000000000        0.0000000000000000     
 test props.    0.0000000000000000        0.0000000000000000     
 Var          0.71823350886296200     
 Var before   0.59179298072757924     
 iev, nphot and rad. pattern    0.0000000000000000                1               0           0           1           0
 partons...            1          -1
 x1 & x2   0.76673313714818914       0.99988389159802493     
 sv & ME    1.0000000000000000        1190746.1388385212     
 plepton   =    41.889230797628620        41.833013476822551       -2.1453094670472441      -0.30516202927421737     
 pneutrino =    43.779038296759218       -43.721151355351751        2.2278660572980784       0.30094433173946311     
 pleptonlab   =    42.299501334967900        41.833013476822551       -2.1453094670472441       -5.8850046927817719     
 pneutrinolab =    44.125287715778022       -43.721151355351751        2.2278660572980784       -5.5251596630221060     
 sqrt(s) =    87.558215661860871     
 sqrt_fs_cm =    85.647419293289531     
 phind channel           0
 bbb pw(0) qmod c1q   0.0000000000000000        0.0000000000000000        0.0000000000000000        0.0000000000000000     
 reduced to Born momenta
   43.779107830930435        0.0000000000000000        0.0000000000000000        43.779052123665657     
   43.779107830930435        0.0000000000000000        0.0000000000000000       -43.779052123665657     
   43.779107830930435        43.720799592778043       -2.2349053857239687      -0.30983812833116836     
   43.779107830930435       -43.720799592778043        2.2349053857239687       0.30983812833116836     
 >> Photon n.           1
 cm momentum     1.8899465674730291        1.8881378785291996       -8.2556590250834436E-002   4.2176975347542568E-003
 lab momentum    1.9060623865648005        1.8881378785291996       -8.2556590250834436E-002 -0.24737336668791240     
 c_ph_up     2.2316490885737417E-003
 c_ph_up lab  -0.12978240818955611     
 c_ph_lep  0.99992627784081412     
 c_ph_lep lab   0.99992760624791821     
 isvec for ranlux 
    16575667    16622680     6248223    14956727    13110558     1205945    11242040     6890570    14658205      621134     7421034    11519576    13204167     8090949    16466493    11015029     5120304      201156    13109540    13654731     2695017     9785481     4861148      143676    -4200721
  
 ====== DUMPING at point            1
 propag    0.0000000000000000        0.0000000000000000        0.0000000000000000        0.0000000000000000     
 test props.    0.0000000000000000        0.0000000000000000     
 Var          0.83834280338579559     
 Var before   0.71498231936048851     
 iev, nphot and rad. pattern    0.0000000000000000                0               0           1           0           0
 partons...            1          -1
 x1 & x2   0.87073962597039389       0.99983677226072942     
 sv & ME   0.67728052974355690        8819.9261119568182     
 plepton   =    46.652907120289782        18.460920849693938       -22.806518625629192        36.270369292896390     
 pneutrino =    46.652907120289754       -18.460920849693938        22.806518625629192       -36.270369292896390     
 pleptonlab   =    44.255240935219291        18.460920849693938       -22.806518625629192        33.129628674390624     
 pneutrinolab =    49.273578976336886       -18.460920849693938        22.806518625629192       -39.584485988907403     
 sqrt(s) =    93.305814240579537     
 sqrt_fs_cm =    93.305814240579537     
 phind channel           0
 bbb pw(0) qmod c1q   0.0000000000000000        0.0000000000000000        0.0000000000000000        0.0000000000000000     
 reduced to Born momenta
   46.652907120289768        0.0000000000000000        0.0000000000000000        46.652854844572843     
   46.652907120289768        0.0000000000000000        0.0000000000000000       -46.652854844572843     
   46.652907120289782        18.460920849693938       -22.806518625629192        36.270369292896390     
   46.652907120289754       -18.460920849693938        22.806518625629192       -36.270369292896390     
 isvec for ranlux 
    13452352     7685781    12040999      377492     2027616    10867852     4039603    13333254    16608482     8283248     4576519     7678115     1422877    16276106    10765401     9788787     9530970    13032368     3894472      306732    14245216    14571762    11462555    11912083     4051404
  
 ====== DUMPING at point            1
 propag    0.0000000000000000        0.0000000000000000        0.0000000000000000        0.0000000000000000     
 test props.    0.0000000000000000        0.0000000000000000     
 Var          0.81351849951044619     
 Var before   0.72368921486809101     
 iev, nphot and rad. pattern    0.0000000000000000                1               0           0           1           0
 partons...            1          -1
 x1 & x2   0.82447547852075909       0.99987521164300097     
 sv & ME    1.0000000000000000        1171596.9745514088     
 plepton   =    45.053719571663351       -26.227496714576830       -2.5708955324128064       -36.542241253088108     
 pneutrino =    45.391538353573871        26.497887028629865        2.5859117770096005        36.763509540194768     
 pleptonlab   =    48.793059354434277       -26.227496714576830       -2.5708955324128064       -41.064100985193370     
 pneutrinolab =    42.051766486650116        26.497887028629865        2.5859117770096005        32.550191155441382     
 sqrt(s) =    90.794966467332785     
 sqrt_fs_cm =    90.444581844897016     
 phind channel           0
 bbb pw(0) qmod c1q   0.0000000000000000        0.0000000000000000        0.0000000000000000        0.0000000000000000     
 reduced to Born momenta
   45.397483233666392        0.0000000000000000        0.0000000000000000        45.397429512312925     
   45.397483233666392        0.0000000000000000        0.0000000000000000       -45.397429512312925     
   45.397483233666399       -26.464568710041096       -2.5883784347835022       -36.794662932678364     
   45.397483233666385        26.464568710041096        2.5883784347835022        36.794662932678364     
 >> Photon n.           1
 cm momentum    0.34970854209556385      -0.27039031405303526       -1.5016244596794057E-002 -0.22126828710665913     
 lab momentum   0.37270866710360806      -0.27039031405303526       -1.5016244596794057E-002 -0.25607682636009510     
 c_ph_up   -0.63272199695423459     
 c_ph_up lab  -0.68706968461484463     
 c_ph_lep  0.96574418439986964     
 c_ph_lep lab   0.97032135689575105     
 isvec for ranlux 
    16281071     6216508     5788901     5598226     2151985    11312847     4878172    15215368      933416    10490822     4859569     3569103     7793955     9042226    15803846    11186175     1469788    15694173    11573162    10117844     1302401    12204826     4381916     1083041    -4200822
  
 ====== DUMPING at point            1
 propag    0.0000000000000000        0.0000000000000000        0.0000000000000000        0.0000000000000000     
 test props.    0.0000000000000000        0.0000000000000000     
 Var          0.61074430711186434     
 Var before   0.53471052580463307     
 iev, nphot and rad. pattern    0.0000000000000000                0               0           0           1           0
 partons...            1          -1
 x1 & x2   0.85193701505512298       0.99987893683468587     
 sv & ME   0.68069937237739586        10743.683802814148     
 plepton   =    46.147423461755494        31.371026359554591        32.199144824988110        10.423401851348030     
 pneutrino =    46.147423461755466       -31.371026359554591       -32.199144824988110       -10.423401851348030     
 pleptonlab   =    45.460001073119280        31.371026359554591        32.199144824988110        6.7582772630390364     
 pneutrinolab =    47.130796521371160       -31.371026359554591       -32.199144824988110       -14.155373352017181     
 sqrt(s) =    92.294846923510960     
 sqrt_fs_cm =    92.294846923510960     
 phind channel           0
 bbb pw(0) qmod c1q   0.0000000000000000        0.0000000000000000        0.0000000000000000        0.0000000000000000     
 reduced to Born momenta
   46.147423461755487        0.0000000000000000        0.0000000000000000        46.147370613426943     
   46.147423461755473        0.0000000000000000        0.0000000000000000       -46.147370613426929     
   46.147423461755494        31.371026359554591        32.199144824988110        10.423401851348030     
   46.147423461755466       -31.371026359554591       -32.199144824988110       -10.423401851348030     
 isvec for ranlux 
      589876    16710617     5688859    14464672     6555815    10676443     8690630    14425228     3486349    14953393     3964495     2454096     6889208    10385107     6558022     6916769    16140560    10878330     7171221     6209201     3307280     2406960     2255942    12891023    -4131909
  
