 ====== DUMPING at point            1
 propag    0.0000000000000000        0.0000000000000000        0.0000000000000000        0.0000000000000000     
 test props.    0.0000000000000000        0.0000000000000000     
 Var           3.0832353219574671     
 Var before    0.0000000000000000     
 iev, nphot and rad. pattern    0.0000000000000000                0               0           0           0           0
 partons...            1          -1
 x1 & x2   0.90328218353441792       0.98784490309997985     
 sv & ME    0.0000000000000000        0.0000000000000000     
 plepton   =    0.0000000000000000        0.0000000000000000        0.0000000000000000        0.0000000000000000     
 pneutrino =    0.0000000000000000        0.0000000000000000        0.0000000000000000        0.0000000000000000     
 pleptonlab   =    49.030043121375208       -25.542207223144068       -6.8184947965666796       -41.292102679224307     
 pneutrinolab =    45.526311210344701        25.542207223144068        6.8184947965666796        37.063966700946203     
 sqrt(s) =    0.0000000000000000     
 sqrt_fs_cm =    0.0000000000000000     
 phind channel           0
 bbb pw(0) qmod c1q   0.0000000000000000        0.0000000000000000        0.0000000000000000        0.0000000000000000     
 reduced to Born momenta
   0.0000000000000000        0.0000000000000000        0.0000000000000000        0.0000000000000000     
   0.0000000000000000        0.0000000000000000        0.0000000000000000        0.0000000000000000     
   0.0000000000000000        0.0000000000000000        0.0000000000000000        0.0000000000000000     
   0.0000000000000000        0.0000000000000000        0.0000000000000000        0.0000000000000000     
 isvec for ranlux 
      778671     5844720     9587749    10340955     5767304     1229801     7106317     9230034     7070010     1656684     6134444     2662197     2938873     9323532     7705191    15725022     7372296    12845121     6405628     3024976     4819489    10459877     1149857     7981361    -4020317
  
 ====== DUMPING at point            1
 propag    0.0000000000000000        0.0000000000000000        0.0000000000000000        0.0000000000000000     
 test props.    0.0000000000000000        0.0000000000000000     
 Var           4.0640705162121469     
 Var before    3.0832353219574671     
 iev, nphot and rad. pattern    0.0000000000000000                1               0           0           0           0
 partons...            1          -1
 x1 & x2   0.98129980069340184       0.85644452443632202     
 sv & ME    0.0000000000000000        0.0000000000000000     
 plepton   =    0.0000000000000000        0.0000000000000000        0.0000000000000000        0.0000000000000000     
 pneutrino =    0.0000000000000000        0.0000000000000000        0.0000000000000000        0.0000000000000000     
 pleptonlab   =    47.380226677193981        33.461006849093316        23.108274404333940        24.315496930759025     
 pneutrinolab =    44.503568628613223       -33.463393690219227       -23.109920816849279       -18.074548391663171     
 sqrt(s) =    0.0000000000000000     
 sqrt_fs_cm =    0.0000000000000000     
 phind channel           0
 bbb pw(0) qmod c1q   0.0000000000000000        0.0000000000000000        0.0000000000000000        0.0000000000000000     
 reduced to Born momenta
   0.0000000000000000        0.0000000000000000        0.0000000000000000        0.0000000000000000     
   0.0000000000000000        0.0000000000000000        0.0000000000000000        0.0000000000000000     
   0.0000000000000000        0.0000000000000000        0.0000000000000000        0.0000000000000000     
   0.0000000000000000        0.0000000000000000        0.0000000000000000        0.0000000000000000     
 >> Photon n.           1
 cm momentum     0.0000000000000000        0.0000000000000000        0.0000000000000000        0.0000000000000000     
 lab momentum    3.4209506789752327E-003   2.3868411259118909E-003   1.6464125153399622E-003   1.8152737581336592E-003
 c_ph_up                         NaN
 c_ph_up lab   0.53063429686084684     
 c_ph_lep                       NaN
 c_ph_lep lab   0.99979101919786184     
 isvec for ranlux 
      778671     5844720     9587749     5094089     4083391     5667112    11886351     3615086    16112834     1368291    15462261     7797679    14988199    15435044     9850695     6896914     2215452    12845121     6405628     3024976     4819489    10459877     1149857     7981361     4161303
  
 ====== DUMPING at point            1
 propag    0.0000000000000000        0.0000000000000000        0.0000000000000000        0.0000000000000000     
 test props.    0.0000000000000000        0.0000000000000000     
 Var           1.1159785159268945     
 Var before   0.92150834197600429     
 iev, nphot and rad. pattern    0.0000000000000000                0               0           0           0           0
 partons...            1          -1
 x1 & x2   0.99887405837283283       0.96859242805232015     
 sv & ME    0.0000000000000000        0.0000000000000000     
 plepton   =    0.0000000000000000        0.0000000000000000        0.0000000000000000        0.0000000000000000     
 pneutrino =    0.0000000000000000        0.0000000000000000        0.0000000000000000        0.0000000000000000     
 pleptonlab   =    49.435431621004682        28.584829522810665        36.612381391712802        16.920159155373650     
 pneutrinolab =    48.937892700252974       -28.584829522810665       -36.612381391712802       -15.406077639348016     
 sqrt(s) =    0.0000000000000000     
 sqrt_fs_cm =    0.0000000000000000     
 phind channel           0
 bbb pw(0) qmod c1q   0.0000000000000000        0.0000000000000000        0.0000000000000000        0.0000000000000000     
 reduced to Born momenta
   0.0000000000000000        0.0000000000000000        0.0000000000000000        0.0000000000000000     
   0.0000000000000000        0.0000000000000000        0.0000000000000000        0.0000000000000000     
   0.0000000000000000        0.0000000000000000        0.0000000000000000        0.0000000000000000     
   0.0000000000000000        0.0000000000000000        0.0000000000000000        0.0000000000000000     
 isvec for ranlux 
    16145664      870805    14492627     7011085     9863684      407960     8205723     9664108     8899623    12633686     7677361      827336     8835237      774716    15580488    11768090     5697509    10786837     3590889     5984085    13914166     1669207     2642119    10329942    -4231606
  
 ====== DUMPING at point            1
 propag    0.0000000000000000        0.0000000000000000        0.0000000000000000        0.0000000000000000     
 test props.    0.0000000000000000        0.0000000000000000     
 Var           1.0539203383758224     
 Var before   0.79931473725952684     
 iev, nphot and rad. pattern    0.0000000000000000                0               0           0           0           0
 partons...            1          -1
 x1 & x2   0.83574430105881725       0.99546284906689442     
 sv & ME    0.0000000000000000        0.0000000000000000     
 plepton   =    0.0000000000000000        0.0000000000000000        0.0000000000000000        0.0000000000000000     
 pneutrino =    0.0000000000000000        0.0000000000000000        0.0000000000000000        0.0000000000000000     
 pleptonlab   =    44.646400336172434       -9.3040159505737794        42.727231370806606        9.0060471830508835     
 pneutrinolab =    46.913957170113143        9.3040159505737794       -42.727231370806606       -16.991974583454734     
 sqrt(s) =    0.0000000000000000     
 sqrt_fs_cm =    0.0000000000000000     
 phind channel           0
 bbb pw(0) qmod c1q   0.0000000000000000        0.0000000000000000        0.0000000000000000        0.0000000000000000     
 reduced to Born momenta
   0.0000000000000000        0.0000000000000000        0.0000000000000000        0.0000000000000000     
   0.0000000000000000        0.0000000000000000        0.0000000000000000        0.0000000000000000     
   0.0000000000000000        0.0000000000000000        0.0000000000000000        0.0000000000000000     
   0.0000000000000000        0.0000000000000000        0.0000000000000000        0.0000000000000000     
 isvec for ranlux 
    13868419     2865846     9103107     7527249     1293395     6527970    16722314    14093001     7067029    11977287     8449520     4008011     9814825    10880166       38707    11544883    16015224    10783967      233071     2651081     6975958     9351817      713181    10474158     4010519
  
 ====== DUMPING at point            1
 propag    0.0000000000000000        0.0000000000000000        0.0000000000000000        0.0000000000000000     
 test props.    0.0000000000000000        0.0000000000000000     
 Var           1.0139411531490625     
 Var before   0.67503851334632980     
 iev, nphot and rad. pattern    0.0000000000000000                2               0           0           0           0
 partons...            1          -1
 x1 & x2   0.85086900633624774       0.99811266699991630     
 sv & ME    0.0000000000000000        0.0000000000000000     
 plepton   =    0.0000000000000000        0.0000000000000000        0.0000000000000000        0.0000000000000000     
 pneutrino =    0.0000000000000000        0.0000000000000000        0.0000000000000000        0.0000000000000000     
 pleptonlab   =    47.121962268711876        6.3453597639193218       -44.226579583838522       -14.973784830271505     
 pneutrinolab =    45.324821199888916       -6.3439518650554705        44.228382006607411        7.6113568384287884     
 sqrt(s) =    0.0000000000000000     
 sqrt_fs_cm =    0.0000000000000000     
 phind channel           0
 bbb pw(0) qmod c1q   0.0000000000000000        0.0000000000000000        0.0000000000000000        0.0000000000000000     
 reduced to Born momenta
   0.0000000000000000        0.0000000000000000        0.0000000000000000        0.0000000000000000     
   0.0000000000000000        0.0000000000000000        0.0000000000000000        0.0000000000000000     
   0.0000000000000000        0.0000000000000000        0.0000000000000000        0.0000000000000000     
   0.0000000000000000        0.0000000000000000        0.0000000000000000        0.0000000000000000     
 >> Photon n.           1
 cm momentum     0.0000000000000000        0.0000000000000000        0.0000000000000000        0.0000000000000000     
 lab momentum    2.3001982074150043E-003  -1.4078988638513840E-003  -1.8024227688865772E-003   2.4495865928850880E-004
 c_ph_up                         NaN
 c_ph_up lab   0.10649458750939418     
 c_ph_lep                       NaN
 c_ph_lep lab   0.61918692330541258     
 >> Photon n.           2
 cm momentum     0.0000000000000000        0.0000000000000000        0.0000000000000000        0.0000000000000000     
 lab momentum    0.0000000000000000        0.0000000000000000        0.0000000000000000        0.0000000000000000     
 c_ph_up                         NaN
 c_ph_up lab    0.0000000000000000     
 c_ph_lep                       NaN
 c_ph_lep lab    0.0000000000000000     
 isvec for ranlux 
     8387587      494124    16029375     9172352     3146249     4760742    10678187    15099412    14773573     5096781    12530818    12364236     9216740     4157391     4528357    13979143    11886891     6704042    11366472     4673913     1301926    13045427    13947925    11850217     4222212
  
 ====== DUMPING at point            1
 propag    0.0000000000000000        0.0000000000000000        0.0000000000000000        0.0000000000000000     
 test props.    0.0000000000000000        0.0000000000000000     
 Var          0.98210371698459709     
 Var before   0.88620142869224428     
 iev, nphot and rad. pattern    0.0000000000000000                1               0           0           0           0
 partons...            1          -1
 x1 & x2   0.81887787534731515       0.99649075299541690     
 sv & ME    0.0000000000000000        0.0000000000000000     
 plepton   =    0.0000000000000000        0.0000000000000000        0.0000000000000000        0.0000000000000000     
 pneutrino =    0.0000000000000000        0.0000000000000000        0.0000000000000000        0.0000000000000000     
 pleptonlab   =    44.520133507616087       -39.004783381743344       -21.010204610292917        4.3851225092804578     
 pneutrinolab =    46.238735278348472        38.998476009376624        21.007793529635251       -13.258995301756871     
 sqrt(s) =    0.0000000000000000     
 sqrt_fs_cm =    0.0000000000000000     
 phind channel           0
 bbb pw(0) qmod c1q   0.0000000000000000        0.0000000000000000        0.0000000000000000        0.0000000000000000     
 reduced to Born momenta
   0.0000000000000000        0.0000000000000000        0.0000000000000000        0.0000000000000000     
   0.0000000000000000        0.0000000000000000        0.0000000000000000        0.0000000000000000     
   0.0000000000000000        0.0000000000000000        0.0000000000000000        0.0000000000000000     
   0.0000000000000000        0.0000000000000000        0.0000000000000000        0.0000000000000000     
 >> Photon n.           1
 cm momentum     0.0000000000000000        0.0000000000000000        0.0000000000000000        0.0000000000000000     
 lab momentum    9.5626311720353411E-003   6.3073723667171067E-003   2.4110806576670561E-003  -6.7710899286731706E-003
 c_ph_up                         NaN
 c_ph_up lab  -0.70807812273198756     
 c_ph_lep                       NaN
 c_ph_lep lab  -0.76660856135185562     
 isvec for ranlux 
     9189876    12463466    15572475    13158196    16103938    13800429    14421863    15215213     2118049    11753096    11986581     8706632     4521964    11442809    10590267     7042281     6099246     1502875     3761351     3982368    12268664    13798970    15743538     3894718    -4112313
  
 ====== DUMPING at point            1
 propag    0.0000000000000000        0.0000000000000000        0.0000000000000000        0.0000000000000000     
 test props.    0.0000000000000000        0.0000000000000000     
 Var           1.4611319992216156     
 Var before   0.94446461202110854     
 iev, nphot and rad. pattern    0.0000000000000000                3               0           0           0           0
 partons...            1          -1
 x1 & x2   0.86629388147806008       0.99880903244298957     
 sv & ME    0.0000000000000000        0.0000000000000000     
 plepton   =    0.0000000000000000        0.0000000000000000        0.0000000000000000        0.0000000000000000     
 pneutrino =    0.0000000000000000        0.0000000000000000        0.0000000000000000        0.0000000000000000     
 pleptonlab   =    42.106031322409365        21.607334777579617       -16.226022903758061        32.291577455562091     
 pneutrinolab =    49.203994931512987       -23.037431659382211        16.624382011888695       -40.173730456493246     
 sqrt(s) =    0.0000000000000000     
 sqrt_fs_cm =    0.0000000000000000     
 phind channel           0
 bbb pw(0) qmod c1q   0.0000000000000000        0.0000000000000000        0.0000000000000000        0.0000000000000000     
 reduced to Born momenta
   0.0000000000000000        0.0000000000000000        0.0000000000000000        0.0000000000000000     
   0.0000000000000000        0.0000000000000000        0.0000000000000000        0.0000000000000000     
   0.0000000000000000        0.0000000000000000        0.0000000000000000        0.0000000000000000     
   0.0000000000000000        0.0000000000000000        0.0000000000000000        0.0000000000000000     
 >> Photon n.           1
 cm momentum     0.0000000000000000        0.0000000000000000        0.0000000000000000        0.0000000000000000     
 lab momentum    8.6176130038162126E-003   4.7592559621997101E-003  -2.9239875174377288E-003   6.5622430286966030E-003
 c_ph_up                         NaN
 c_ph_up lab   0.76149196138078934     
 c_ph_lep                       NaN
 c_ph_lep lab   0.99816003304558532     
 >> Photon n.           2
 cm momentum     0.0000000000000000        0.0000000000000000        0.0000000000000000        0.0000000000000000     
 lab momentum    1.9365018291263449        1.4253376258403947      -0.39543512061319530        1.2498332096559821     
 c_ph_up                         NaN
 c_ph_up lab   0.64540770933319791     
 c_ph_lep                       NaN
 c_ph_lep lab   0.95137273182097892     
 >> Photon n.           3
 cm momentum     0.0000000000000000        0.0000000000000000        0.0000000000000000        0.0000000000000000     
 lab momentum    0.0000000000000000        0.0000000000000000        0.0000000000000000        0.0000000000000000     
 c_ph_up                         NaN
 c_ph_up lab    0.0000000000000000     
 c_ph_lep                       NaN
 c_ph_lep lab    0.0000000000000000     
 isvec for ranlux 
    10729280      951825     2599558    14934193    13941412      776467    10074664     3918254     4721782     7088598     4864446    12764569     2726288     4197403     6349129    14750973    11225272     9917066    13519579     4908360     4211252     5668702      908009     6291073     4021505
  
 ====== DUMPING at point            1
 propag    0.0000000000000000        0.0000000000000000        0.0000000000000000        0.0000000000000000     
 test props.    0.0000000000000000        0.0000000000000000     
 Var           2.9546455683528579     
 Var before    1.3773040882459395     
 iev, nphot and rad. pattern    0.0000000000000000                1               0           0           0           0
 partons...            1          -1
 x1 & x2   0.99959142110304333       0.79571859811699142     
 sv & ME    0.0000000000000000        0.0000000000000000     
 plepton   =    0.0000000000000000        0.0000000000000000        0.0000000000000000        0.0000000000000000     
 pneutrino =    0.0000000000000000        0.0000000000000000        0.0000000000000000        0.0000000000000000     
 pleptonlab   =    48.034449594834911       -26.130008465216786       -22.768841172585287        33.258077416660036     
 pneutrinolab =    41.674063015234971        26.141746545746603        22.823821836812808       -23.073764513093227     
 sqrt(s) =    0.0000000000000000     
 sqrt_fs_cm =    0.0000000000000000     
 phind channel           0
 bbb pw(0) qmod c1q   0.0000000000000000        0.0000000000000000        0.0000000000000000        0.0000000000000000     
 reduced to Born momenta
   0.0000000000000000        0.0000000000000000        0.0000000000000000        0.0000000000000000     
   0.0000000000000000        0.0000000000000000        0.0000000000000000        0.0000000000000000     
   0.0000000000000000        0.0000000000000000        0.0000000000000000        0.0000000000000000     
   0.0000000000000000        0.0000000000000000        0.0000000000000000        0.0000000000000000     
 >> Photon n.           1
 cm momentum     0.0000000000000000        0.0000000000000000        0.0000000000000000        0.0000000000000000     
 lab momentum    5.6988350931844491E-002  -1.1738080529817381E-002  -5.4980664227520744E-002   9.3282457357857177E-003
 c_ph_up                         NaN
 c_ph_up lab   0.16368688658743399     
 c_ph_lep                       NaN
 c_ph_lep lab   0.68269285309169536     
 isvec for ranlux 
    15868928    16149788     8889730     6947937     4985027     6212496     9156383    16542457    12797613     1952311    12103019     8690689    10625675    15366954    15992746    15428916     4858500     3239719     7480833      848619     5738531    16519816     8961895    15949027     4111303
  
 ====== DUMPING at point            1
 propag    0.0000000000000000        0.0000000000000000        0.0000000000000000        0.0000000000000000     
 test props.    0.0000000000000000        0.0000000000000000     
 Var           1.1219056407818730     
 Var before    1.0097666222123074     
 iev, nphot and rad. pattern    0.0000000000000000                0               0           0           0           0
 partons...            1          -1
 x1 & x2   0.81892919259827823       0.99943100955600317     
 sv & ME    0.0000000000000000        0.0000000000000000     
 plepton   =    0.0000000000000000        0.0000000000000000        0.0000000000000000        0.0000000000000000     
 pneutrino =    0.0000000000000000        0.0000000000000000        0.0000000000000000        0.0000000000000000     
 pleptonlab   =    44.796710787450927        41.893515389009551       -15.716383257066456        2.1593516042727936     
 pneutrinolab =    46.121299320263127       -41.893515389009551        15.716383257066456       -11.184442452159040     
 sqrt(s) =    0.0000000000000000     
 sqrt_fs_cm =    0.0000000000000000     
 phind channel           0
 bbb pw(0) qmod c1q   0.0000000000000000        0.0000000000000000        0.0000000000000000        0.0000000000000000     
 reduced to Born momenta
   0.0000000000000000        0.0000000000000000        0.0000000000000000        0.0000000000000000     
   0.0000000000000000        0.0000000000000000        0.0000000000000000        0.0000000000000000     
   0.0000000000000000        0.0000000000000000        0.0000000000000000        0.0000000000000000     
   0.0000000000000000        0.0000000000000000        0.0000000000000000        0.0000000000000000     
 isvec for ranlux 
     4062957     2543688    15738586      741544     6820772    14614332    15027618    15307756     7824589    11081501     2982170    10721974     8437310      860899     6724249    16331149     7868398    15404148    11082881     2511825    13263280    10761305     5833341     6100070    -4060317
  
 ====== DUMPING at point            1
 propag    0.0000000000000000        0.0000000000000000        0.0000000000000000        0.0000000000000000     
 test props.    0.0000000000000000        0.0000000000000000     
 Var          0.72443868745604167     
 Var before   0.64071462469036922     
 iev, nphot and rad. pattern    0.0000000000000000                3               0           0           0           0
 partons...            1          -1
 x1 & x2   0.82322775273932625       0.99959267189459600     
 sv & ME    0.0000000000000000        0.0000000000000000     
 plepton   =    0.0000000000000000        0.0000000000000000        0.0000000000000000        0.0000000000000000     
 pneutrino =    0.0000000000000000        0.0000000000000000        0.0000000000000000        0.0000000000000000     
 pleptonlab   =    45.293897429281614        18.849915085592070        41.149780144071869       -1.7036067631161993     
 pneutrinolab =    37.646789282350738       -15.338515116291019       -33.902540069752533       -5.7111566625672179     
 sqrt(s) =    0.0000000000000000     
 sqrt_fs_cm =    0.0000000000000000     
 phind channel           0
 bbb pw(0) qmod c1q   0.0000000000000000        0.0000000000000000        0.0000000000000000        0.0000000000000000     
 reduced to Born momenta
   0.0000000000000000        0.0000000000000000        0.0000000000000000        0.0000000000000000     
   0.0000000000000000        0.0000000000000000        0.0000000000000000        0.0000000000000000     
   0.0000000000000000        0.0000000000000000        0.0000000000000000        0.0000000000000000     
   0.0000000000000000        0.0000000000000000        0.0000000000000000        0.0000000000000000     
 >> Photon n.           1
 cm momentum     0.0000000000000000        0.0000000000000000        0.0000000000000000        0.0000000000000000     
 lab momentum    1.9589243003062081E-002   1.3188630178871535E-002  -2.1256564485163327E-003   1.4327597848238775E-002
 c_ph_up                         NaN
 c_ph_up lab   0.73140130254135727     
 c_ph_lep                       NaN
 c_ph_lep lab   0.15409689880999253     
 >> Photon n.           2
 cm momentum     0.0000000000000000        0.0000000000000000        0.0000000000000000        0.0000000000000000     
 lab momentum    8.1807452770606890       -3.5245885994799231       -7.2451144178708180       -1.4178101299283086     
 c_ph_up                         NaN
 c_ph_up lab  -0.17331063147803111     
 c_ph_lep                       NaN
 c_ph_lep lab  -0.97738643409559123     
 >> Photon n.           3
 cm momentum     0.0000000000000000        0.0000000000000000        0.0000000000000000        0.0000000000000000     
 lab momentum    0.0000000000000000        0.0000000000000000        0.0000000000000000        0.0000000000000000     
 c_ph_up                         NaN
 c_ph_up lab    0.0000000000000000     
 c_ph_lep                       NaN
 c_ph_lep lab    0.0000000000000000     
 isvec for ranlux 
    16247789     4877343    10224026     2001710     8649674    13982633     8213934    12264382    10299815      775468     4591852     1287092    10250511    13100091    14700657     4084126     4592371    13972185     5664491     8674379    10217157    13555686    12584668     1787084    -4161808
  
 ====== DUMPING at point            1
 propag    0.0000000000000000        0.0000000000000000        0.0000000000000000        0.0000000000000000     
 test props.    0.0000000000000000        0.0000000000000000     
 Var          0.70013515650585489     
 Var before   0.62674482005311205     
 iev, nphot and rad. pattern    0.0000000000000000                1               0           0           0           0
 partons...            1          -1
 x1 & x2   0.82232771972450014       0.99967879615877941     
 sv & ME    0.0000000000000000        0.0000000000000000     
 plepton   =    0.0000000000000000        0.0000000000000000        0.0000000000000000        0.0000000000000000     
 pneutrino =    0.0000000000000000        0.0000000000000000        0.0000000000000000        0.0000000000000000     
 pleptonlab   =    46.783445511455376       -40.531433934849737       -15.337085019933214       -17.625444576182982     
 pneutrinolab =    34.818266678843528        31.455912856552338        13.235595886594375        6.9025414678471080     
 sqrt(s) =    0.0000000000000000     
 sqrt_fs_cm =    0.0000000000000000     
 phind channel           0
 bbb pw(0) qmod c1q   0.0000000000000000        0.0000000000000000        0.0000000000000000        0.0000000000000000     
 reduced to Born momenta
   0.0000000000000000        0.0000000000000000        0.0000000000000000        0.0000000000000000     
   0.0000000000000000        0.0000000000000000        0.0000000000000000        0.0000000000000000     
   0.0000000000000000        0.0000000000000000        0.0000000000000000        0.0000000000000000     
   0.0000000000000000        0.0000000000000000        0.0000000000000000        0.0000000000000000     
 >> Photon n.           1
 cm momentum     0.0000000000000000        0.0000000000000000        0.0000000000000000        0.0000000000000000     
 lab momentum    9.4986136038650404        9.0755210782974007        2.1014891333388390        1.8553492866219075     
 c_ph_up                         NaN
 c_ph_up lab   0.19532843044241269     
 c_ph_lep                       NaN
 c_ph_lep lab  -0.97389426331135265     
 isvec for ranlux 
     5847078     4865500     7515594     8114539    16563286    16717030    16183020     9720894     3645386    12713032    10758333     2199278     9971620    15093464    12224264    12279284     7496629    14457915    10674733     4273025    10584922     1566074      553201     7629154     4060822
  
 ====== DUMPING at point            1
 propag    0.0000000000000000        0.0000000000000000        0.0000000000000000        0.0000000000000000     
 test props.    0.0000000000000000        0.0000000000000000     
 Var          0.58463323266665435     
 Var before   0.50539647051743164     
 iev, nphot and rad. pattern    0.0000000000000000                2               0           0           0           0
 partons...            1          -1
 x1 & x2   0.84025701838299316       0.99980584149890084     
 sv & ME    0.0000000000000000        0.0000000000000000     
 plepton   =    0.0000000000000000        0.0000000000000000        0.0000000000000000        0.0000000000000000     
 pneutrino =    0.0000000000000000        0.0000000000000000        0.0000000000000000        0.0000000000000000     
 pleptonlab   =    43.288730536033221       -32.045263124672807       -10.100333710145536        27.294457275132100     
 pneutrinolab =    48.609870130466994        31.977898524851515        10.075639725593662       -35.196644733038660     
 sqrt(s) =    0.0000000000000000     
 sqrt_fs_cm =    0.0000000000000000     
 phind channel           0
 bbb pw(0) qmod c1q   0.0000000000000000        0.0000000000000000        0.0000000000000000        0.0000000000000000     
 reduced to Born momenta
   0.0000000000000000        0.0000000000000000        0.0000000000000000        0.0000000000000000     
   0.0000000000000000        0.0000000000000000        0.0000000000000000        0.0000000000000000     
   0.0000000000000000        0.0000000000000000        0.0000000000000000        0.0000000000000000     
   0.0000000000000000        0.0000000000000000        0.0000000000000000        0.0000000000000000     
 >> Photon n.           1
 cm momentum     0.0000000000000000        0.0000000000000000        0.0000000000000000        0.0000000000000000     
 lab momentum    3.9048608524493746E-003   1.8523103191745215E-003   2.7337397533265550E-003  -2.0841189312400827E-003
 c_ph_up                         NaN
 c_ph_up lab  -0.53372425036164661     
 c_ph_lep                       NaN
 c_ph_lep lab  -0.85102806300199774     
 >> Photon n.           2
 cm momentum     0.0000000000000000        0.0000000000000000        0.0000000000000000        0.0000000000000000     
 lab momentum   0.10063746674201922        6.5512289502115198E-002   2.1960244798547367E-002  -7.3169578957582831E-002
 c_ph_up                         NaN
 c_ph_up lab  -0.72706101739574391     
 c_ph_lep                       NaN
 c_ph_lep lab  -0.99123900082512673     
 isvec for ranlux 
     5079594     3841057     9098920     6732446     4511162     1103824     3455625     2049550     7089683     2498176       90917     1157143      391610     3412081     7982299     4908761     3446547    12135971     8440645    11572854      161177     5195586     4409555    12597285     4052111
  
