 ====== DUMPING at point            1
 propag    0.0000000000000000        0.0000000000000000        0.0000000000000000        0.0000000000000000     
 test props.    0.0000000000000000        0.0000000000000000     
 Var           3.5029950414638753     
 Var before    0.0000000000000000     
 iev, nphot and rad. pattern    0.0000000000000000                0               0           0           0           0
 partons...            1          -1
 x1 & x2   0.96550875352463528       0.83500824765794868     
 sv & ME    1.0000000000000000        30347.576680405757     
 plepton   =    44.894536760585247        3.9730234089631136       -5.0616016281995435        44.430884992371134     
 pneutrino =    44.894536760585247       -3.9730234089631136        5.0616016281995435       -44.430884992371134     
 pleptonlab   =    48.241743826899594        3.9730234089631136       -5.0616016281995435        47.810563244098851     
 pneutrinolab =    41.784106232229597       -3.9730234089631136        5.0616016281995435       -41.285537950764528     
 sqrt(s) =    89.789073521170494     
 sqrt_fs_cm =    89.789073521170494     
 phind channel           0
 bbb pw(0) qmod c1q   0.0000000000000000        0.0000000000000000        0.0000000000000000        0.0000000000000000     
 reduced to Born momenta
   45.444035983348869        0.0000000000000000        0.0000000000000000        45.443982317027491     
   45.444035983348869        0.0000000000000000        0.0000000000000000       -45.443982317027491     
   45.444035983348876       -34.152092317165511        8.0006185590294869        28.892454651641430     
   45.444035983348861        34.152092317165511       -8.0006185590294869       -28.892454651641430     
 isvec for ranlux 
     9644655    14614328     8305202     1457455     1056974    16450356    10467055     4514011      135838    16753179    11474510      425858    13826447     7299317     7668616    13721940      957152    13197359    14184585     9294164    15939178     5902395     5267822    14659295     4102414
  
 ====== DUMPING at point            1
 propag    0.0000000000000000        0.0000000000000000        0.0000000000000000        0.0000000000000000     
 test props.    0.0000000000000000        0.0000000000000000     
 Var           2.4616721883480643     
 Var before    2.0931879521001813     
 iev, nphot and rad. pattern    0.0000000000000000                0               0           0           0           0
 partons...            1          -1
 x1 & x2   0.99427728318130171       0.99976866665782238     
 sv & ME    1.0000000000000000        447.13274731298020     
 plepton   =    49.850959712284677        42.946285615871474        24.649366648503285        5.7560660326308799     
 pneutrino =    49.850959712284663       -42.946285615871474       -24.649366648503285       -5.7560660326308799     
 pleptonlab   =    49.835297112386790        42.946285615871474        24.649366648503285        5.6188032725879555     
 pneutrinolab =    49.867000379569383       -42.946285615871474       -24.649366648503285       -5.8933724464139932     
 sqrt(s) =    99.701919424569340     
 sqrt_fs_cm =    99.701919424569340     
 phind channel           0
 bbb pw(0) qmod c1q   0.0000000000000000        0.0000000000000000        0.0000000000000000        0.0000000000000000     
 reduced to Born momenta
   49.850959712284670        0.0000000000000000        0.0000000000000000        49.850910790177437     
   49.850959712284670        0.0000000000000000        0.0000000000000000       -49.850910790177437     
   49.850959712284677        42.946285615871474        24.649366648503285        5.7560660326308799     
   49.850959712284663       -42.946285615871474       -24.649366648503285       -5.7560660326308799     
 isvec for ranlux 
    13828964    12538209    14722825      978898    10903123    16188213     3834576      755982    12350293    13898296    16631971     2580472     9212313    13500588    11285027    12295266    14794390     9041223     4836823     6203403     5099258      436050     2993088    13331992     4071707
  
 ====== DUMPING at point            1
 propag    0.0000000000000000        0.0000000000000000        0.0000000000000000        0.0000000000000000     
 test props.    0.0000000000000000        0.0000000000000000     
 Var           1.6800168300386664     
 Var before    1.3827338173516468     
 iev, nphot and rad. pattern    0.0000000000000000                0               0           0           0           0
 partons...            1          -1
 x1 & x2   0.96318259554516339       0.99924355471594872     
 sv & ME    1.0000000000000000        513.23148051590636     
 plepton   =    49.052369988948634       -44.398522280580451       -18.155934783493304       -10.259487768869329     
 pneutrino =    49.052369988948634        44.398522280580451        18.155934783493304        10.259487768869329     
 pleptonlab   =    49.249210889256432       -44.398522280580451       -18.155934783493304       -11.162744329300239     
 pneutrinolab =    48.872096623799202        44.398522280580451        18.155934783493304        9.3596963707609717     
 sqrt(s) =    98.104739977897268     
 sqrt_fs_cm =    98.104739977897268     
 phind channel           0
 bbb pw(0) qmod c1q   0.0000000000000000        0.0000000000000000        0.0000000000000000        0.0000000000000000     
 reduced to Born momenta
   49.052369988948634        0.0000000000000000        0.0000000000000000        49.052320270371602     
   49.052369988948634        0.0000000000000000        0.0000000000000000       -49.052320270371602     
   49.052369988948634       -44.398522280580451       -18.155934783493304       -10.259487768869329     
   49.052369988948634        44.398522280580451        18.155934783493304        10.259487768869329     
 isvec for ranlux 
    11721521    11045222     4525189     9551634     3138826    12914592    10311113     5879490    10841622     2041022     1591996      713870     2223296     9465644     1698956     6906665      167992     7923134     5610804    11998942     7292850    14658741     2512720     2054019     4020115
  
 ====== DUMPING at point            1
 propag    0.0000000000000000        0.0000000000000000        0.0000000000000000        0.0000000000000000     
 test props.    0.0000000000000000        0.0000000000000000     
 Var           2.4330561129437256     
 Var before    1.3957937626364982     
 iev, nphot and rad. pattern    0.0000000000000000                0               0           0           0           0
 partons...            1          -1
 x1 & x2   0.99967724214925802       0.97555223158695292     
 sv & ME    1.0000000000000000        877.09684717103721     
 plepton   =    49.377053487561390        38.986649666223201       -12.425468983169029        27.635685549186455     
 pneutrino =    49.377053487561390       -38.986649666223201        12.425468983169029       -27.635685549186455     
 pleptonlab   =    49.718298098421542        38.986649666223201       -12.425468983169029        28.240872338926103     
 pneutrinolab =    49.043175588389005       -38.986649666223201        12.425468983169029       -27.034621810810854     
 sqrt(s) =    98.754106975122781     
 sqrt_fs_cm =    98.754106975122781     
 phind channel           0
 bbb pw(0) qmod c1q   0.0000000000000000        0.0000000000000000        0.0000000000000000        0.0000000000000000     
 reduced to Born momenta
   49.377053487561390        0.0000000000000000        0.0000000000000000        49.377004095913904     
   49.377053487561390        0.0000000000000000        0.0000000000000000       -49.377004095913904     
   49.377053487561390        38.986649666223201       -12.425468983169029        27.635685549186455     
   49.377053487561390       -38.986649666223201        12.425468983169029       -27.635685549186455     
 isvec for ranlux 
     5015453    15280816     4310583      768372    14533642     3155413     4422873      249048     4684845     1910008    16056781      794157     1869094     3063496    16774527    13424117     4046483    13961998    14383364     9654875    12256042     6035440    14952706     7070106    -4050721
  
 ====== DUMPING at point            1
 propag    0.0000000000000000        0.0000000000000000        0.0000000000000000        0.0000000000000000     
 test props.    0.0000000000000000        0.0000000000000000     
 Var           3.6053901671411079     
 Var before    2.1453854164427932     
 iev, nphot and rad. pattern    0.0000000000000000                0               0           0           0           0
 partons...            1          -1
 x1 & x2   0.99918788184465734       0.64860479197713217     
 sv & ME    1.0000000000000000        259.24924612545431     
 plepton   =    40.251647427463304       -18.829058791404851       -29.429820037255180        19.988401500318584     
 pneutrino =    40.251647427463318        18.829058791404851        29.429820037255180       -19.988401500318584     
 pleptonlab   =    45.547182529534830       -18.829058791404851       -29.429820037255180        29.221343403270964     
 pneutrinolab =    36.842451161554671        18.829058791404851        29.429820037255180       -11.692188909894698     
 sqrt(s) =    80.503294854926622     
 sqrt_fs_cm =    80.503294854926622     
 phind channel           0
 bbb pw(0) qmod c1q   0.0000000000000000        0.0000000000000000        0.0000000000000000        0.0000000000000000     
 reduced to Born momenta
   40.251647427463311        0.0000000000000000        0.0000000000000000        40.251586838275259     
   40.251647427463311        0.0000000000000000        0.0000000000000000       -40.251586838275259     
   40.251647427463304       -18.829058791404851       -29.429820037255180        19.988401500318584     
   40.251647427463318        18.829058791404851        29.429820037255180       -19.988401500318584     
 isvec for ranlux 
    13339185     3157215     2885755    13075980     2672839    15264749     5589110    16308282     7842139    12049687    13366755     6076284      742419    12796796     4739940     6325708    16429432     3537523     6895768     4781887    12457939      764822     9148973    10794182    -4081303
  
 ====== DUMPING at point            1
 propag    0.0000000000000000        0.0000000000000000        0.0000000000000000        0.0000000000000000     
 test props.    0.0000000000000000        0.0000000000000000     
 Var           2.4064472137884727     
 Var before    1.9989541054738449     
 iev, nphot and rad. pattern    0.0000000000000000                0               0           0           0           0
 partons...            1          -1
 x1 & x2   0.83633016718818298       0.99725447743964180     
 sv & ME    1.0000000000000000        24762.765867558519     
 plepton   =    45.662731079247223        35.066694650149572        17.894093921100779        23.134436992937125     
 pneutrino =    45.662731079247195       -35.066694650149572       -17.894093921100779       -23.134436992937125     
 pleptonlab   =    43.801360174716550        35.066694650149572        17.894093921100779        19.200945771491881     
 pneutrinolab =    47.877872056674690       -35.066694650149572       -17.894093921100779       -27.247161284064827     
 sqrt(s) =    91.325462158494418     
 sqrt_fs_cm =    91.325462158494418     
 phind channel           0
 bbb pw(0) qmod c1q   0.0000000000000000        0.0000000000000000        0.0000000000000000        0.0000000000000000     
 reduced to Born momenta
   45.662731079247216        0.0000000000000000        0.0000000000000000        45.662677669953275     
   45.662731079247202        0.0000000000000000        0.0000000000000000       -45.662677669953261     
   45.662731079247223        35.066694650149572        17.894093921100779        23.134436992937125     
   45.662731079247195       -35.066694650149572       -17.894093921100779       -23.134436992937125     
 isvec for ranlux 
     2357503    13313867    13475429      398041      676046      598883     1378089     4879090    14650659     9192766    12027607    13293528    15088918     5524941     3471822    13068680     3121771    14380553    13340567    15481040    11950101    16227926    15558269    13944932    -4050620
  
 ====== DUMPING at point            1
 propag    0.0000000000000000        0.0000000000000000        0.0000000000000000        0.0000000000000000     
 test props.    0.0000000000000000        0.0000000000000000     
 Var           2.0127046782894649     
 Var before    1.7681775757263165     
 iev, nphot and rad. pattern    0.0000000000000000                0               0           0           0           0
 partons...            1          -1
 x1 & x2   0.99792578639184104       0.83925597102197613     
 sv & ME    1.0000000000000000        14462.584433697964     
 plepton   =    45.757927588182838        2.8125544461690088       -45.544758836453930       -3.3972420417896507     
 pneutrino =    45.757927588182838       -2.8125544461690088        45.544758836453930        3.3972420417896507     
 pleptonlab   =    45.635037717543767        2.8125544461690088       -45.544758836453930       0.55676189413600952     
 pneutrinolab =    46.224050153147076       -2.8125544461690088        45.544758836453930        7.3767288743572328     
 sqrt(s) =    91.515855176365676     
 sqrt_fs_cm =    91.515855176365676     
 phind channel           0
 bbb pw(0) qmod c1q   0.0000000000000000        0.0000000000000000        0.0000000000000000        0.0000000000000000     
 reduced to Born momenta
   45.757927588182838        0.0000000000000000        0.0000000000000000        45.757874290003727     
   45.757927588182838        0.0000000000000000        0.0000000000000000       -45.757874290003727     
   45.757927588182838        2.8125544461690088       -45.544758836453930       -3.3972420417896507     
   45.757927588182838       -2.8125544461690088        45.544758836453930        3.3972420417896507     
 isvec for ranlux 
    12675073     6236269     4537278     4433730     4224941    13787964    13876073    15802303    15288718      805940    14528922    13666908     8167124    16627472     6461287     3513350     4350067    10105469     7717376     3989656     7739191    12448084    16391049     2870502     4050721
  
 ====== DUMPING at point            1
 propag    0.0000000000000000        0.0000000000000000        0.0000000000000000        0.0000000000000000     
 test props.    0.0000000000000000        0.0000000000000000     
 Var           1.3734305026131435     
 Var before   0.92060846496194382     
 iev, nphot and rad. pattern    0.0000000000000000                0               0           0           0           0
 partons...            1          -1
 x1 & x2   0.84352748235847264       0.99909608499091052     
 sv & ME    1.0000000000000000        25426.750606686084     
 plepton   =    45.901116685942121        26.786932309934500        3.7056276397635841        37.089485444575978     
 pneutrino =    45.901116685942107       -26.786932309934500       -3.7056276397635841       -37.089485444575978     
 pleptonlab   =    42.922986214809448        26.786932309934500        3.7056276397635841        33.333169113117059     
 pneutrinolab =    49.208192152659713       -26.786932309934500       -3.7056276397635841       -41.111599244738954     
 sqrt(s) =    91.802233371884228     
 sqrt_fs_cm =    91.802233371884228     
 phind channel           0
 bbb pw(0) qmod c1q   0.0000000000000000        0.0000000000000000        0.0000000000000000        0.0000000000000000     
 reduced to Born momenta
   45.901116685942114        0.0000000000000000        0.0000000000000000        45.901063554027523     
   45.901116685942114        0.0000000000000000        0.0000000000000000       -45.901063554027523     
   45.901116685942121        26.786932309934500        3.7056276397635841        37.089485444575978     
   45.901116685942107       -26.786932309934500       -3.7056276397635841       -37.089485444575978     
 isvec for ranlux 
    10671788    15112082    16580349    15196529    12173453     4126535    14349879    14774021     1833402    14749546    12999650    11317858    16659325    10501234     7001243    11690730    15931723    11335180     5068908     1086744     3192185    13920432    14783369     9387395    -4011707
  
 ====== DUMPING at point            1
 propag    0.0000000000000000        0.0000000000000000        0.0000000000000000        0.0000000000000000     
 test props.    0.0000000000000000        0.0000000000000000     
 Var           1.7202327930344721     
 Var before    1.3042453796456825     
 iev, nphot and rad. pattern    0.0000000000000000                0               0           0           0           0
 partons...            1          -1
 x1 & x2   0.99978361970231511       0.92283513222221691     
 sv & ME    1.0000000000000000        1725.3490656802842     
 plepton   =    48.026957244905496        14.823762922756391       -38.968132459820637        23.839424571836862     
 pneutrino =    48.026957244905496       -14.823762922756391        38.968132459820637       -23.839424571836862     
 pleptonlab   =    49.020353184107428        14.823762922756391       -38.968132459820637        25.782252966080172     
 pneutrinolab =    47.110584412119145       -14.823762922756391        38.968132459820637       -21.934828592075263     
 sqrt(s) =    96.053914489810992     
 sqrt_fs_cm =    96.053914489810992     
 phind channel           0
 bbb pw(0) qmod c1q   0.0000000000000000        0.0000000000000000        0.0000000000000000        0.0000000000000000     
 reduced to Born momenta
   48.026957244905489        0.0000000000000000        0.0000000000000000        48.026906464797207     
   48.026957244905503        0.0000000000000000        0.0000000000000000       -48.026906464797221     
   48.026957244905496        14.823762922756391       -38.968132459820637        23.839424571836862     
   48.026957244905496       -14.823762922756391        38.968132459820637       -23.839424571836862     
 isvec for ranlux 
     1467315    14552326     9549605    16451063     2447372     8870742    12068471    12007007     6978230    16284214     8468817    11598645    11614625     5336374     3803737    12939294     6082334     4537718    14679745    16308527    16057847    10631340     7612034     5753259    -4182212
  
 ====== DUMPING at point            1
 propag    0.0000000000000000        0.0000000000000000        0.0000000000000000        0.0000000000000000     
 test props.    0.0000000000000000        0.0000000000000000     
 Var          0.77529341428973420     
 Var before   0.67458955380114627     
 iev, nphot and rad. pattern    0.0000000000000000                0               0           0           0           0
 partons...            1          -1
 x1 & x2   0.99950286510412945       0.82303934635523335     
 sv & ME    1.0000000000000000        19157.396256493186     
 plepton   =    45.349481385554064        42.728189185878556       -12.786837232951594        8.2074929619842294     
 pneutrino =    45.349481385554064       -42.728189185878556        12.786837232951594       -8.2074929619842294     
 pleptonlab   =    46.361978467923088        42.728189185878556       -12.786837232951594        12.657824704208469     
 pneutrinolab =    44.765132105045062       -42.728189185878556        12.786837232951594       -3.8346487667636602     
 sqrt(s) =    90.698962771108128     
 sqrt_fs_cm =    90.698962771108128     
 phind channel           0
 bbb pw(0) qmod c1q   0.0000000000000000        0.0000000000000000        0.0000000000000000        0.0000000000000000     
 reduced to Born momenta
   45.349481385554057        0.0000000000000000        0.0000000000000000        45.349427607337162     
   45.349481385554071        0.0000000000000000        0.0000000000000000       -45.349427607337176     
   45.349481385554064        42.728189185878556       -12.786837232951594        8.2074929619842294     
   45.349481385554064       -42.728189185878556        12.786837232951594       -8.2074929619842294     
 isvec for ranlux 
    16299211     3254293    16131975     5266621    16545363    14473301     5355798     5599353    11050532    14547556    11682091     8225026    12673044    12120042     6959192    14507471     7976243    13182463     2472364    15582834    14772810    14376851    13178594     7905684     4032111
  
 ====== DUMPING at point            1
 propag    0.0000000000000000        0.0000000000000000        0.0000000000000000        0.0000000000000000     
 test props.    0.0000000000000000        0.0000000000000000     
 Var          0.71960943478361428     
 Var before   0.64997651111299493     
 iev, nphot and rad. pattern    0.0000000000000000                0               0           0           0           0
 partons...            1          -1
 x1 & x2   0.99963810723098934       0.82012723405836219     
 sv & ME    1.0000000000000000        18341.912040975480     
 plepton   =    45.272244144251566       -26.171030023125898        22.107285430589549       -29.595777478963750     
 pneutrino =    45.272244144251538        26.171030023125898       -22.107285430589549        29.595777478963750     
 pleptonlab   =    42.560347082116905       -26.171030023125898        22.107285430589549       -25.253061170437828     
 pneutrinolab =    48.427919982350659        26.171030023125898       -22.107285430589549        34.228604829069184     
 sqrt(s) =    90.544488288503103     
 sqrt_fs_cm =    90.544488288503103     
 phind channel           0
 bbb pw(0) qmod c1q   0.0000000000000000        0.0000000000000000        0.0000000000000000        0.0000000000000000     
 reduced to Born momenta
   45.272244144251559        0.0000000000000000        0.0000000000000000        45.272190274285599     
   45.272244144251545        0.0000000000000000        0.0000000000000000       -45.272190274285585     
   45.272244144251566       -26.171030023125898        22.107285430589549       -29.595777478963750     
   45.272244144251538        26.171030023125898       -22.107285430589549        29.595777478963750     
 isvec for ranlux 
     6094745     2129640      312319     7163611     7128610    12997705    11746228    11399925     6178787    10245010     8678563    12625467    12717353    15206338     6072599    12885293    10160756     7337110     1234035    11119771    13557463     9977633    14922285     1402607    -4160620
  
 ====== DUMPING at point            1
 propag    0.0000000000000000        0.0000000000000000        0.0000000000000000        0.0000000000000000     
 test props.    0.0000000000000000        0.0000000000000000     
 Var          0.48475840002068110     
 Var before   0.43199558901475360     
 iev, nphot and rad. pattern    0.0000000000000000                0               0           0           0           0
 partons...            1          -1
 x1 & x2   0.99989434698273383       0.81359418652894322     
 sv & ME    1.0000000000000000        15063.359140842456     
 plepton   =    45.097345483085419       -19.630541265702330       -27.417529287050890       -29.944621275590741     
 pneutrino =    45.097345483085419        19.630541265702330        27.417529287050890        29.944621275590741     
 pleptonlab   =    42.244632339613801       -19.630541265702330       -27.417529287050890       -25.446389434003031     
 pneutrinolab =    48.429794335970037        19.630541265702330        27.417529287050890        34.761397456692563     
 sqrt(s) =    90.194690966170839     
 sqrt_fs_cm =    90.194690966170839     
 phind channel           0
 bbb pw(0) qmod c1q   0.0000000000000000        0.0000000000000000        0.0000000000000000        0.0000000000000000     
 reduced to Born momenta
   45.097345483085419        0.0000000000000000        0.0000000000000000        45.097291404198153     
   45.097345483085419        0.0000000000000000        0.0000000000000000       -45.097291404198153     
   45.097345483085419       -19.630541265702330       -27.417529287050890       -29.944621275590741     
   45.097345483085419        19.630541265702330        27.417529287050890        29.944621275590741     
 isvec for ranlux 
     3688637    14053662    12588071    11536133     9988281    14201265     3023778     8336309     7700588     7389476     2663606     3417323    12053979    11535674     1089984     3050167    10818579       42031    11733593     9268692    14754184    14106291    10624018      593816     4181909
  
