 ====== DUMPING at point            1
 propag    0.0000000000000000        0.0000000000000000        0.0000000000000000        0.0000000000000000     
 test props.    0.0000000000000000        0.0000000000000000     
 Var           3.6440982975456806     
 Var before    0.0000000000000000     
 iev, nphot and rad. pattern    0.0000000000000000                0               0           0           0           0
 partons...            1          -1
 x1 & x2   0.96498929015724677       0.83269765634062187     
 sv & ME    1.0000000000000000        31542.266567898732     
 plepton   =    44.820316830309764        3.9664551452873575       -5.0532337101951725        44.357431166924570     
 pneutrino =    44.820316830309778       -3.9664551452873575        5.0532337101951725       -44.357431166924570     
 pleptonlab   =    48.215308178205312        3.9664551452873575       -5.0532337101951725        47.785320357599517     
 pneutrinolab =    41.669039146688114       -3.9664551452873575        5.0532337101951725       -41.170738666768273     
 sqrt(s) =    89.640633660619542     
 sqrt_fs_cm =    89.640633660619542     
 phind channel           0
 bbb pw(0) qmod c1q   0.0000000000000000        0.0000000000000000        0.0000000000000000        0.0000000000000000     
 reduced to Born momenta
   45.444035983348869        0.0000000000000000        0.0000000000000000        45.443982317027491     
   45.444035983348869        0.0000000000000000        0.0000000000000000       -45.443982317027491     
   45.444035983348876       -34.152092317165511        8.0006185590294869        28.892454651641430     
   45.444035983348861        34.152092317165511       -8.0006185590294869       -28.892454651641430     
 isvec for ranlux 
     9644655    14614328     8305202     1457455     1056974    16450356    10467055     4514011      135838    16753179    11474510      425858    13826447     7299317     7668616    13721940      957152    13197359    14184585     9294164    15939178     5902395     5267822    14659295     4102414
  
 ====== DUMPING at point            1
 propag    0.0000000000000000        0.0000000000000000        0.0000000000000000        0.0000000000000000     
 test props.    0.0000000000000000        0.0000000000000000     
 Var           2.4654621374181387     
 Var before    2.1261366827800363     
 iev, nphot and rad. pattern    0.0000000000000000                0               0           0           0           0
 partons...            1          -1
 x1 & x2   0.99427728318130171       0.99976866665782238     
 sv & ME    1.0000000000000000        445.68429024181353     
 plepton   =    49.850959712284677        42.946285615871474        24.649366648503285        5.7560660326308799     
 pneutrino =    49.850959712284663       -42.946285615871474       -24.649366648503285       -5.7560660326308799     
 pleptonlab   =    49.835297112386790        42.946285615871474        24.649366648503285        5.6188032725879555     
 pneutrinolab =    49.867000379569383       -42.946285615871474       -24.649366648503285       -5.8933724464139932     
 sqrt(s) =    99.701919424569340     
 sqrt_fs_cm =    99.701919424569340     
 phind channel           0
 bbb pw(0) qmod c1q   0.0000000000000000        0.0000000000000000        0.0000000000000000        0.0000000000000000     
 reduced to Born momenta
   49.850959712284670        0.0000000000000000        0.0000000000000000        49.850910790177437     
   49.850959712284670        0.0000000000000000        0.0000000000000000       -49.850910790177437     
   49.850959712284677        42.946285615871474        24.649366648503285        5.7560660326308799     
   49.850959712284663       -42.946285615871474       -24.649366648503285       -5.7560660326308799     
 isvec for ranlux 
    13828964    12538209    14722825      978898    10903123    16188213     3834576      755982    12350293    13898296    16631971     2580472     9212313    13500588    11285027    12295266    14794390     9041223     4836823     6203403     5099258      436050     2993088    13331992     4071707
  
 ====== DUMPING at point            1
 propag    0.0000000000000000        0.0000000000000000        0.0000000000000000        0.0000000000000000     
 test props.    0.0000000000000000        0.0000000000000000     
 Var           1.6820029831150021     
 Var before    1.4084183732115798     
 iev, nphot and rad. pattern    0.0000000000000000                0               0           0           0           0
 partons...            1          -1
 x1 & x2   0.96318259554516339       0.99924355471594872     
 sv & ME    1.0000000000000000        501.56406740026478     
 plepton   =    49.052369988948634       -44.398522280580451       -18.155934783493304       -10.259487768869329     
 pneutrino =    49.052369988948634        44.398522280580451        18.155934783493304        10.259487768869329     
 pleptonlab   =    49.249210889256432       -44.398522280580451       -18.155934783493304       -11.162744329300239     
 pneutrinolab =    48.872096623799202        44.398522280580451        18.155934783493304        9.3596963707609717     
 sqrt(s) =    98.104739977897268     
 sqrt_fs_cm =    98.104739977897268     
 phind channel           0
 bbb pw(0) qmod c1q   0.0000000000000000        0.0000000000000000        0.0000000000000000        0.0000000000000000     
 reduced to Born momenta
   49.052369988948634        0.0000000000000000        0.0000000000000000        49.052320270371602     
   49.052369988948634        0.0000000000000000        0.0000000000000000       -49.052320270371602     
   49.052369988948634       -44.398522280580451       -18.155934783493304       -10.259487768869329     
   49.052369988948634        44.398522280580451        18.155934783493304        10.259487768869329     
 isvec for ranlux 
    11721521    11045222     4525189     9551634     3138826    12914592    10311113     5879490    10841622     2041022     1591996      713870     2223296     9465644     1698956     6906665      167992     7923134     5610804    11998942     7292850    14658741     2512720     2054019     4020115
  
 ====== DUMPING at point            1
 propag    0.0000000000000000        0.0000000000000000        0.0000000000000000        0.0000000000000000     
 test props.    0.0000000000000000        0.0000000000000000     
 Var           2.4390291537441278     
 Var before    1.3985715818666140     
 iev, nphot and rad. pattern    0.0000000000000000                0               0           0           0           0
 partons...            1          -1
 x1 & x2   0.99967724214925802       0.97555223158695292     
 sv & ME    1.0000000000000000        877.74578764137664     
 plepton   =    49.377053487561390        38.986649666223201       -12.425468983169029        27.635685549186455     
 pneutrino =    49.377053487561390       -38.986649666223201        12.425468983169029       -27.635685549186455     
 pleptonlab   =    49.718298098421542        38.986649666223201       -12.425468983169029        28.240872338926103     
 pneutrinolab =    49.043175588389005       -38.986649666223201        12.425468983169029       -27.034621810810854     
 sqrt(s) =    98.754106975122781     
 sqrt_fs_cm =    98.754106975122781     
 phind channel           0
 bbb pw(0) qmod c1q   0.0000000000000000        0.0000000000000000        0.0000000000000000        0.0000000000000000     
 reduced to Born momenta
   49.377053487561390        0.0000000000000000        0.0000000000000000        49.377004095913904     
   49.377053487561390        0.0000000000000000        0.0000000000000000       -49.377004095913904     
   49.377053487561390        38.986649666223201       -12.425468983169029        27.635685549186455     
   49.377053487561390       -38.986649666223201        12.425468983169029       -27.635685549186455     
 isvec for ranlux 
     5015453    15280816     4310583      768372    14533642     3155413     4422873      249048     4684845     1910008    16056781      794157     1869094     3063496    16774527    13424117     4046483    13961998    14383364     9654875    12256042     6035440    14952706     7070106    -4050721
  
 ====== DUMPING at point            1
 propag    0.0000000000000000        0.0000000000000000        0.0000000000000000        0.0000000000000000     
 test props.    0.0000000000000000        0.0000000000000000     
 Var           3.7892838699173850     
 Var before    2.1569778669827122     
 iev, nphot and rad. pattern    0.0000000000000000                0               0           0           0           0
 partons...            1          -1
 x1 & x2   0.99918788184465734       0.64860479197713217     
 sv & ME    1.0000000000000000        279.00770733640275     
 plepton   =    40.251647427463304       -18.829058791404851       -29.429820037255180        19.988401500318584     
 pneutrino =    40.251647427463318        18.829058791404851        29.429820037255180       -19.988401500318584     
 pleptonlab   =    45.547182529534830       -18.829058791404851       -29.429820037255180        29.221343403270964     
 pneutrinolab =    36.842451161554671        18.829058791404851        29.429820037255180       -11.692188909894698     
 sqrt(s) =    80.503294854926622     
 sqrt_fs_cm =    80.503294854926622     
 phind channel           0
 bbb pw(0) qmod c1q   0.0000000000000000        0.0000000000000000        0.0000000000000000        0.0000000000000000     
 reduced to Born momenta
   40.251647427463311        0.0000000000000000        0.0000000000000000        40.251586838275259     
   40.251647427463311        0.0000000000000000        0.0000000000000000       -40.251586838275259     
   40.251647427463304       -18.829058791404851       -29.429820037255180        19.988401500318584     
   40.251647427463318        18.829058791404851        29.429820037255180       -19.988401500318584     
 isvec for ranlux 
    13339185     3157215     2885755    13075980     2672839    15264749     5589110    16308282     7842139    12049687    13366755     6076284      742419    12796796     4739940     6325708    16429432     3537523     6895768     4781887    12457939      764822     9148973    10794182    -4081303
  
 ====== DUMPING at point            1
 propag    0.0000000000000000        0.0000000000000000        0.0000000000000000        0.0000000000000000     
 test props.    0.0000000000000000        0.0000000000000000     
 Var           2.4824816510196741     
 Var before    2.0679336895956051     
 iev, nphot and rad. pattern    0.0000000000000000                0               0           0           0           0
 partons...            1          -1
 x1 & x2   0.83365986007694060       0.99720717923264990     
 sv & ME    1.0000000000000000        25642.978347178188     
 plepton   =    45.588693705424696        35.009837343742014        17.865080351640984        23.096926706159412     
 pneutrino =    45.588693705424696       -35.009837343742014       -17.865080351640984       -23.096926706159412     
 pleptonlab   =    43.700197214376423        35.009837343742014        17.865080351640984        19.100949350177949     
 pneutrinolab =    47.843154751103114       -35.009837343742014       -17.865080351640984       -27.278315307963410     
 sqrt(s) =    91.177387410849391     
 sqrt_fs_cm =    91.177387410849391     
 phind channel           0
 bbb pw(0) qmod c1q   0.0000000000000000        0.0000000000000000        0.0000000000000000        0.0000000000000000     
 reduced to Born momenta
   45.588693705424696        0.0000000000000000        0.0000000000000000        45.588640209392395     
   45.588693705424696        0.0000000000000000        0.0000000000000000       -45.588640209392395     
   45.588693705424696        35.009837343742014        17.865080351640984        23.096926706159412     
   45.588693705424696       -35.009837343742014       -17.865080351640984       -23.096926706159412     
 isvec for ranlux 
     2357503    13313867    13475429      398041      676046      598883     1378089     4879090    14650659     9192766    12027607    13293528    15088918     5524941     3471822    13068680     3121771    14380553    13340567    15481040    11950101    16227926    15558269    13944932    -4050620
  
 ====== DUMPING at point            1
 propag    0.0000000000000000        0.0000000000000000        0.0000000000000000        0.0000000000000000     
 test props.    0.0000000000000000        0.0000000000000000     
 Var           2.0631510987048909     
 Var before    1.8216035527958374     
 iev, nphot and rad. pattern    0.0000000000000000                0               0           0           0           0
 partons...            1          -1
 x1 & x2   0.99788980724966769       0.83657878396687746     
 sv & ME    1.0000000000000000        14739.622072073857     
 plepton   =    45.684062907152565        2.8080142592205517       -45.471237870514379       -3.3917580185381562     
 pneutrino =    45.684062907152551       -2.8080142592205517        45.471237870514379        3.3917580185381562     
 pleptonlab   =    45.562306232946028        2.8080142592205517       -45.471237870514379       0.62782801498233232     
 pneutrinolab =    46.161123327881249       -2.8080142592205517        45.471237870514379        7.4377231491571756     
 sqrt(s) =    91.368125814305117     
 sqrt_fs_cm =    91.368125814305117     
 phind channel           0
 bbb pw(0) qmod c1q   0.0000000000000000        0.0000000000000000        0.0000000000000000        0.0000000000000000     
 reduced to Born momenta
   45.684062907152558        0.0000000000000000        0.0000000000000000        45.684009522797716     
   45.684062907152558        0.0000000000000000        0.0000000000000000       -45.684009522797716     
   45.684062907152565        2.8080142592205517       -45.471237870514379       -3.3917580185381562     
   45.684062907152551       -2.8080142592205517        45.471237870514379        3.3917580185381562     
 isvec for ranlux 
    12675073     6236269     4537278     4433730     4224941    13787964    13876073    15802303    15288718      805940    14528922    13666908     8167124    16627472     6461287     3513350     4350067    10105469     7717376     3989656     7739191    12448084    16391049     2870502     4050721
  
 ====== DUMPING at point            1
 propag    0.0000000000000000        0.0000000000000000        0.0000000000000000        0.0000000000000000     
 test props.    0.0000000000000000        0.0000000000000000     
 Var           1.4082261727798371     
 Var before   0.94080429446590974     
 iev, nphot and rad. pattern    0.0000000000000000                0               0           0           0           0
 partons...            1          -1
 x1 & x2   0.84084064451154017       0.99908100997785421     
 sv & ME    1.0000000000000000        26346.550822185272     
 plepton   =    45.827609591517536        26.744034878535377        3.6996933317350198        37.030089182283653     
 pneutrino =    45.827609591517522       -26.744034878535377       -3.6996933317350198       -37.030089182283653     
 pleptonlab   =    42.801466798514141        26.744034878535377        3.6996933317350198        33.211794050903656     
 pneutrinolab =    49.194615925955596       -26.744034878535377       -3.6996933317350198       -41.123812324219365     
 sqrt(s) =    91.655219183035058     
 sqrt_fs_cm =    91.655219183035058     
 phind channel           0
 bbb pw(0) qmod c1q   0.0000000000000000        0.0000000000000000        0.0000000000000000        0.0000000000000000     
 reduced to Born momenta
   45.827609591517529        0.0000000000000000        0.0000000000000000        45.827556374379704     
   45.827609591517529        0.0000000000000000        0.0000000000000000       -45.827556374379704     
   45.827609591517536        26.744034878535377        3.6996933317350198        37.030089182283653     
   45.827609591517522       -26.744034878535377       -3.6996933317350198       -37.030089182283653     
 isvec for ranlux 
    10671788    15112082    16580349    15196529    12173453     4126535    14349879    14774021     1833402    14749546    12999650    11317858    16659325    10501234     7001243    11690730    15931723    11335180     5068908     1086744     3192185    13920432    14783369     9387395    -4011707
  
 ====== DUMPING at point            1
 propag    0.0000000000000000        0.0000000000000000        0.0000000000000000        0.0000000000000000     
 test props.    0.0000000000000000        0.0000000000000000     
 Var           1.7444347687373161     
 Var before    1.3372324869337697     
 iev, nphot and rad. pattern    0.0000000000000000                0               0           0           0           0
 partons...            1          -1
 x1 & x2   0.99978361970231511       0.92283513222221691     
 sv & ME    1.0000000000000000        1697.1684107543681     
 plepton   =    48.026957244905496        14.823762922756391       -38.968132459820637        23.839424571836862     
 pneutrino =    48.026957244905496       -14.823762922756391        38.968132459820637       -23.839424571836862     
 pleptonlab   =    49.020353184107428        14.823762922756391       -38.968132459820637        25.782252966080172     
 pneutrinolab =    47.110584412119145       -14.823762922756391        38.968132459820637       -21.934828592075263     
 sqrt(s) =    96.053914489810992     
 sqrt_fs_cm =    96.053914489810992     
 phind channel           0
 bbb pw(0) qmod c1q   0.0000000000000000        0.0000000000000000        0.0000000000000000        0.0000000000000000     
 reduced to Born momenta
   48.026957244905489        0.0000000000000000        0.0000000000000000        48.026906464797207     
   48.026957244905503        0.0000000000000000        0.0000000000000000       -48.026906464797221     
   48.026957244905496        14.823762922756391       -38.968132459820637        23.839424571836862     
   48.026957244905496       -14.823762922756391        38.968132459820637       -23.839424571836862     
 isvec for ranlux 
     1467315    14552326     9549605    16451063     2447372     8870742    12068471    12007007     6978230    16284214     8468817    11598645    11614625     5336374     3803737    12939294     6082334     4537718    14679745    16308527    16057847    10631340     7612034     5753259    -4182212
  
 ====== DUMPING at point            1
 propag    0.0000000000000000        0.0000000000000000        0.0000000000000000        0.0000000000000000     
 test props.    0.0000000000000000        0.0000000000000000     
 Var          0.79090301227103943     
 Var before   0.68765814689226490     
 iev, nphot and rad. pattern    0.0000000000000000                0               0           0           0           0
 partons...            1          -1
 x1 & x2   0.99949618841095189       0.82034980423585580     
 sv & ME    1.0000000000000000        19733.751840041554     
 plepton   =    45.275172625220563        42.658175242561427       -12.765884861360592        8.1940442538137006     
 pneutrino =    45.275172625220563       -42.658175242561427        12.765884861360592       -8.1940442538137006     
 pleptonlab   =    46.306711827712775        42.658175242561427       -12.765884861360592        12.712697010657099     
 pneutrinolab =    44.685587804627630       -42.658175242561427        12.765884861360592       -3.7553778019022941     
 sqrt(s) =    90.550345250441126     
 sqrt_fs_cm =    90.550345250441126     
 phind channel           0
 bbb pw(0) qmod c1q   0.0000000000000000        0.0000000000000000        0.0000000000000000        0.0000000000000000     
 reduced to Born momenta
   45.275172625220563        0.0000000000000000        0.0000000000000000        45.275118758739019     
   45.275172625220563        0.0000000000000000        0.0000000000000000       -45.275118758739019     
   45.275172625220563        42.658175242561427       -12.765884861360592        8.1940442538137006     
   45.275172625220563       -42.658175242561427        12.765884861360592       -8.1940442538137006     
 isvec for ranlux 
    16299211     3254293    16131975     5266621    16545363    14473301     5355798     5599353    11050532    14547556    11682091     8225026    12673044    12120042     6959192    14507471     7976243    13182463     2472364    15582834    14772810    14376851    13178594     7905684     4032111
  
 ====== DUMPING at point            1
 propag    0.0000000000000000        0.0000000000000000        0.0000000000000000        0.0000000000000000     
 test props.    0.0000000000000000        0.0000000000000000     
 Var          0.73027487345566267     
 Var before   0.66255284408509263     
 iev, nphot and rad. pattern    0.0000000000000000                0               0           0           0           0
 partons...            1          -1
 x1 & x2   0.99963377138835252       0.81744021313011062     
 sv & ME    1.0000000000000000        18367.317517051219     
 plepton   =    45.197921499106315       -26.128065270269946        22.070992091962758       -29.547190347932233     
 pneutrino =    45.197921499106329        26.128065270269946       -22.070992091962758        29.547190347932233     
 pleptonlab   =    42.449219465671611       -26.128065270269946        22.070992091962758       -25.142008329930928     
 pneutrinolab =    48.404479760251533        26.128065270269946       -22.070992091962758        34.251686242843022     
 sqrt(s) =    90.395842998212643     
 sqrt_fs_cm =    90.395842998212643     
 phind channel           0
 bbb pw(0) qmod c1q   0.0000000000000000        0.0000000000000000        0.0000000000000000        0.0000000000000000     
 reduced to Born momenta
   45.197921499106322        0.0000000000000000        0.0000000000000000        45.197867540557453     
   45.197921499106322        0.0000000000000000        0.0000000000000000       -45.197867540557453     
   45.197921499106315       -26.128065270269946        22.070992091962758       -29.547190347932233     
   45.197921499106329        26.128065270269946       -22.070992091962758        29.547190347932233     
 isvec for ranlux 
     6094745     2129640      312319     7163611     7128610    12997705    11746228    11399925     6178787    10245010     8678563    12625467    12717353    15206338     6072599    12885293    10160756     7337110     1234035    11119771    13557463     9977633    14922285     1402607    -4160620
  
 ====== DUMPING at point            1
 propag    0.0000000000000000        0.0000000000000000        0.0000000000000000        0.0000000000000000     
 test props.    0.0000000000000000        0.0000000000000000     
 Var          0.49137186023873092     
 Var before   0.43922750947151779     
 iev, nphot and rad. pattern    0.0000000000000000                0               0           0           0           0
 partons...            1          -1
 x1 & x2   0.99989425656820918       0.81091547358999949     
 sv & ME    1.0000000000000000        15086.809020079476     
 plepton   =    45.023042006425150       -19.598197333651012       -27.372355254798162       -29.895283522610274     
 pneutrino =    45.023042006425150        19.598197333651012        27.372355254798162        29.895283522610274     
 pleptonlab   =    42.133197174258292       -19.598197333651012       -27.372355254798162       -25.334955486636581     
 pneutrinolab =    48.407289333652109        19.598197333651012        27.372355254798162        34.783894635547057     
 sqrt(s) =    90.046084012850301     
 sqrt_fs_cm =    90.046084012850301     
 phind channel           0
 bbb pw(0) qmod c1q   0.0000000000000000        0.0000000000000000        0.0000000000000000        0.0000000000000000     
 reduced to Born momenta
   45.023042006425150        0.0000000000000000        0.0000000000000000        45.022987838289055     
   45.023042006425150        0.0000000000000000        0.0000000000000000       -45.022987838289055     
   45.023042006425150       -19.598197333651012       -27.372355254798162       -29.895283522610274     
   45.023042006425150        19.598197333651012        27.372355254798162        29.895283522610274     
 isvec for ranlux 
     3688637    14053662    12588071    11536133     9988281    14201265     3023778     8336309     7700588     7389476     2663606     3417323    12053979    11535674     1089984     3050167    10818579       42031    11733593     9268692    14754184    14106291    10624018      593816     4181909
  
