 ====== DUMPING at point            1
 propag    0.0000000000000000        0.0000000000000000        0.0000000000000000        0.0000000000000000     
 test props.    0.0000000000000000        0.0000000000000000     
 Var           1.4747654015594975     
 Var before    0.0000000000000000     
 iev, nphot and rad. pattern    0.0000000000000000                1               0           0           0           0
 partons...            1          -1
 x1 & x2   0.92639823415055944       0.94864913131909157     
 sv & ME    0.0000000000000000        0.0000000000000000     
 plepton   =    0.0000000000000000        0.0000000000000000        0.0000000000000000        0.0000000000000000     
 pneutrino =    0.0000000000000000        0.0000000000000000        0.0000000000000000        0.0000000000000000     
 pleptonlab   =    47.236891270227275       -1.8377942728871177        33.752589513278458       -32.995423115069663     
 pneutrinolab =    46.283475424834528        1.9455508790274954       -33.558795476260322        31.814635180517747     
 sqrt(s) =    0.0000000000000000     
 sqrt_fs_cm =    0.0000000000000000     
 phind channel           0
 bbb pw(0) qmod c1q   0.0000000000000000        0.0000000000000000        0.0000000000000000        0.0000000000000000     
 reduced to Born momenta
   0.0000000000000000        0.0000000000000000        0.0000000000000000        0.0000000000000000     
   0.0000000000000000        0.0000000000000000        0.0000000000000000        0.0000000000000000     
   0.0000000000000000        0.0000000000000000        0.0000000000000000        0.0000000000000000     
   0.0000000000000000        0.0000000000000000        0.0000000000000000        0.0000000000000000     
 >> Photon n.           1
 cm momentum     0.0000000000000000        0.0000000000000000        0.0000000000000000        0.0000000000000000     
 lab momentum   0.23200157842076044      -0.10775660614037767      -0.19379403701813633        6.8243076125310873E-002
 c_ph_up                         NaN
 c_ph_up lab   0.29414918894019132     
 c_ph_lep                       NaN
 c_ph_lep lab  -0.78426139584239751     
 isvec for ranlux 
      778671     5844720     5400450     5094089     4083391     5667112    11886351     3615086    16112834     1368291    15462261     7797679    14988199    15435044     9850695     6896914     2215452    12845121     6405628     3024976     4819489    10459877     1149857     7981361     4171202
  
 ====== DUMPING at point            1
 propag    0.0000000000000000        0.0000000000000000        0.0000000000000000        0.0000000000000000     
 test props.    0.0000000000000000        0.0000000000000000     
 Var           1.9897823134292625     
 Var before    1.4747654015594975     
 iev, nphot and rad. pattern    0.0000000000000000                0               0           0           0           0
 partons...            1          -1
 x1 & x2   0.87890450007478238       0.96670618639952477     
 sv & ME    0.0000000000000000        0.0000000000000000     
 plepton   =    0.0000000000000000        0.0000000000000000        0.0000000000000000        0.0000000000000000     
 pneutrino =    0.0000000000000000        0.0000000000000000        0.0000000000000000        0.0000000000000000     
 pleptonlab   =    47.484581881500951       -34.416000950265442       -11.955678390574560       -30.452832143857769     
 pneutrinolab =    44.795952442214428        34.416000950265442        11.955678390574560        26.062747827620647     
 sqrt(s) =    0.0000000000000000     
 sqrt_fs_cm =    0.0000000000000000     
 phind channel           0
 bbb pw(0) qmod c1q   0.0000000000000000        0.0000000000000000        0.0000000000000000        0.0000000000000000     
 reduced to Born momenta
   0.0000000000000000        0.0000000000000000        0.0000000000000000        0.0000000000000000     
   0.0000000000000000        0.0000000000000000        0.0000000000000000        0.0000000000000000     
   0.0000000000000000        0.0000000000000000        0.0000000000000000        0.0000000000000000     
   0.0000000000000000        0.0000000000000000        0.0000000000000000        0.0000000000000000     
 isvec for ranlux 
     2803006     6819478    11266704    12521690      381903    12884269    10959814      755982    12350293    13898296    16631971     2580472     9212313    13500588    11285027    12295266    14794390     9041223     4836823     6203403     5099258      436050     9357205      566304     4160822
  
 ====== DUMPING at point            1
 propag    0.0000000000000000        0.0000000000000000        0.0000000000000000        0.0000000000000000     
 test props.    0.0000000000000000        0.0000000000000000     
 Var           1.5442032495180804     
 Var before    1.3969008676337016     
 iev, nphot and rad. pattern    0.0000000000000000                1               0           0           0           0
 partons...            1          -1
 x1 & x2   0.98836229720964608       0.92306949284712703     
 sv & ME    0.0000000000000000        0.0000000000000000     
 plepton   =    0.0000000000000000        0.0000000000000000        0.0000000000000000        0.0000000000000000     
 pneutrino =    0.0000000000000000        0.0000000000000000        0.0000000000000000        0.0000000000000000     
 pleptonlab   =    47.909677028100973        1.8261160929406888        47.562278279059498        5.4608583726265953     
 pneutrinolab =    37.214286166968314       -1.5819739541561408       -37.117559627224466       -2.1624192362606651     
 sqrt(s) =    0.0000000000000000     
 sqrt_fs_cm =    0.0000000000000000     
 phind channel           0
 bbb pw(0) qmod c1q   0.0000000000000000        0.0000000000000000        0.0000000000000000        0.0000000000000000     
 reduced to Born momenta
   0.0000000000000000        0.0000000000000000        0.0000000000000000        0.0000000000000000     
   0.0000000000000000        0.0000000000000000        0.0000000000000000        0.0000000000000000     
   0.0000000000000000        0.0000000000000000        0.0000000000000000        0.0000000000000000     
   0.0000000000000000        0.0000000000000000        0.0000000000000000        0.0000000000000000     
 >> Photon n.           1
 cm momentum     0.0000000000000000        0.0000000000000000        0.0000000000000000        0.0000000000000000     
 lab momentum    10.447626307769397      -0.24414213878454785       -10.444718651835036       -3.3798918239974163E-002
 c_ph_up                         NaN
 c_ph_up lab   -3.2350810839051098E-003
 c_ph_lep                       NaN
 c_ph_lep lab  -0.99373444799222288     
 isvec for ranlux 
     8965487     4677045     9993826    10061960     5337694    14130607     1878020     8597149     6833174     1891112    11634831     6803766      471344     6208649      964748     8738368    12913065     1505022     4123979     3215547    11907780     4934906    11898556     4780317    -4191404
  
 ====== DUMPING at point            1
 propag    0.0000000000000000        0.0000000000000000        0.0000000000000000        0.0000000000000000     
 test props.    0.0000000000000000        0.0000000000000000     
 Var           1.1738498442824188     
 Var before   0.81598290366311632     
 iev, nphot and rad. pattern    0.0000000000000000                1               0           0           0           0
 partons...            1          -1
 x1 & x2   0.99152654140219842       0.89938181873475309     
 sv & ME    0.0000000000000000        0.0000000000000000     
 plepton   =    0.0000000000000000        0.0000000000000000        0.0000000000000000        0.0000000000000000     
 pneutrino =    0.0000000000000000        0.0000000000000000        0.0000000000000000        0.0000000000000000     
 pleptonlab   =    48.978434486873702       -27.872640024952801        8.4691070993985935        39.373417988178602     
 pneutrinolab =    45.452232021310401        27.882067672223069       -8.5151970650721722       -34.870846753299887     
 sqrt(s) =    0.0000000000000000     
 sqrt_fs_cm =    0.0000000000000000     
 phind channel           0
 bbb pw(0) qmod c1q   0.0000000000000000        0.0000000000000000        0.0000000000000000        0.0000000000000000     
 reduced to Born momenta
   0.0000000000000000        0.0000000000000000        0.0000000000000000        0.0000000000000000     
   0.0000000000000000        0.0000000000000000        0.0000000000000000        0.0000000000000000     
   0.0000000000000000        0.0000000000000000        0.0000000000000000        0.0000000000000000     
   0.0000000000000000        0.0000000000000000        0.0000000000000000        0.0000000000000000     
 >> Photon n.           1
 cm momentum     0.0000000000000000        0.0000000000000000        0.0000000000000000        0.0000000000000000     
 lab momentum   0.11475149866345399       -9.4276472702664385E-003   4.6089965673578336E-002  0.10466489849354699     
 c_ph_up                         NaN
 c_ph_up lab   0.91210049291391626     
 c_ph_lep                       NaN
 c_ph_lep lab   0.84943842173720707     
 isvec for ranlux 
    13339185     3157215    14633879    13075980     2672839    15264749     5589110    16308282     7842139    12049687    13366755     6076284      742419    12796796     4739940     6325708    16429432     3537523     6895768     4781887    12457939      764822     9148973    10794182    -4091202
  
 ====== DUMPING at point            1
 propag    0.0000000000000000        0.0000000000000000        0.0000000000000000        0.0000000000000000     
 test props.    0.0000000000000000        0.0000000000000000     
 Var           1.6544095681986295     
 Var before   0.84378446422858999     
 iev, nphot and rad. pattern    0.0000000000000000                0               0           0           0           0
 partons...            1          -1
 x1 & x2   0.99600633002743455       0.85744294708599955     
 sv & ME    0.0000000000000000        0.0000000000000000     
 plepton   =    0.0000000000000000        0.0000000000000000        0.0000000000000000        0.0000000000000000     
 pneutrino =    0.0000000000000000        0.0000000000000000        0.0000000000000000        0.0000000000000000     
 pleptonlab   =    46.515535222682871       -46.085873757611139       -2.3253903690459277        5.8624783999824235     
 pneutrinolab =    46.156928632988809        46.085873757611139        2.3253903690459277        1.0656907470893233     
 sqrt(s) =    0.0000000000000000     
 sqrt_fs_cm =    0.0000000000000000     
 phind channel           0
 bbb pw(0) qmod c1q   0.0000000000000000        0.0000000000000000        0.0000000000000000        0.0000000000000000     
 reduced to Born momenta
   0.0000000000000000        0.0000000000000000        0.0000000000000000        0.0000000000000000     
   0.0000000000000000        0.0000000000000000        0.0000000000000000        0.0000000000000000     
   0.0000000000000000        0.0000000000000000        0.0000000000000000        0.0000000000000000     
   0.0000000000000000        0.0000000000000000        0.0000000000000000        0.0000000000000000     
 isvec for ranlux 
     7058823     7857053    15588928     5631427     5430567      119594     5760078    15564257     2051219     1131936    12760098    11749028     1485763    14415302     3559535     4657876    13605527     6572960    10909736     8469602     7459662     2020878     3242021     3035332    -4232010
  
 ====== DUMPING at point            1
 propag    0.0000000000000000        0.0000000000000000        0.0000000000000000        0.0000000000000000     
 test props.    0.0000000000000000        0.0000000000000000     
 Var           1.1720162630996489     
 Var before    1.0568166229534894     
 iev, nphot and rad. pattern    0.0000000000000000                0               0           0           0           0
 partons...            1          -1
 x1 & x2   0.99211071753167868       0.84418762898554067     
 sv & ME    0.0000000000000000        0.0000000000000000     
 plepton   =    0.0000000000000000        0.0000000000000000        0.0000000000000000        0.0000000000000000     
 pneutrino =    0.0000000000000000        0.0000000000000000        0.0000000000000000        0.0000000000000000     
 pleptonlab   =    47.165826649343352        32.776393726555078       -27.876097718917585        19.319296831707877     
 pneutrinolab =    44.649090676517616       -32.776393726555078        27.876097718917585       -11.923142404400972     
 sqrt(s) =    0.0000000000000000     
 sqrt_fs_cm =    0.0000000000000000     
 phind channel           0
 bbb pw(0) qmod c1q   0.0000000000000000        0.0000000000000000        0.0000000000000000        0.0000000000000000     
 reduced to Born momenta
   0.0000000000000000        0.0000000000000000        0.0000000000000000        0.0000000000000000     
   0.0000000000000000        0.0000000000000000        0.0000000000000000        0.0000000000000000     
   0.0000000000000000        0.0000000000000000        0.0000000000000000        0.0000000000000000     
   0.0000000000000000        0.0000000000000000        0.0000000000000000        0.0000000000000000     
 isvec for ranlux 
     5337499    12485530     6827573    10246756     4822463    15167524     6774279     5226127     4121240     5320623     1223555    16081778     5414930     6144696    10415521    11851040    11322027    14900967    12248568     1728535    10104794    14747282    13821535     2445396    -4231024
  
 ====== DUMPING at point            1
 propag    0.0000000000000000        0.0000000000000000        0.0000000000000000        0.0000000000000000     
 test props.    0.0000000000000000        0.0000000000000000     
 Var           1.1736510303015777     
 Var before    1.0487139295935175     
 iev, nphot and rad. pattern    0.0000000000000000                0               0           0           0           0
 partons...            1          -1
 x1 & x2   0.99971741196271668       0.98384833790428272     
 sv & ME    0.0000000000000000        0.0000000000000000     
 plepton   =    0.0000000000000000        0.0000000000000000        0.0000000000000000        0.0000000000000000     
 pneutrino =    0.0000000000000000        0.0000000000000000        0.0000000000000000        0.0000000000000000     
 pleptonlab   =    49.928227343736324        3.3095453316082983E-002  -25.741527774155038        42.780712646468686     
 pneutrinolab =    49.250060149613631       -3.3095453316082983E-002   25.741527774155038       -41.987258943546991     
 sqrt(s) =    0.0000000000000000     
 sqrt_fs_cm =    0.0000000000000000     
 phind channel           0
 bbb pw(0) qmod c1q   0.0000000000000000        0.0000000000000000        0.0000000000000000        0.0000000000000000     
 reduced to Born momenta
   0.0000000000000000        0.0000000000000000        0.0000000000000000        0.0000000000000000     
   0.0000000000000000        0.0000000000000000        0.0000000000000000        0.0000000000000000     
   0.0000000000000000        0.0000000000000000        0.0000000000000000        0.0000000000000000     
   0.0000000000000000        0.0000000000000000        0.0000000000000000        0.0000000000000000     
 isvec for ranlux 
    12675073     6236269     4537278     4433730     4224941    13787964    13876073    15802303    15288718      805940    14528922    13666908     8167124    16627472     6461287     3513350     4350067    10105469     7717376     9798308     6136882    12448084    16391049     2870502     4070519
  
 ====== DUMPING at point            1
 propag    0.0000000000000000        0.0000000000000000        0.0000000000000000        0.0000000000000000     
 test props.    0.0000000000000000        0.0000000000000000     
 Var           1.2650078708219619     
 Var before   0.65339758089665034     
 iev, nphot and rad. pattern    0.0000000000000000                0               0           0           0           0
 partons...            1          -1
 x1 & x2   0.80570903019622664       0.99860362873403685     
 sv & ME    0.0000000000000000        0.0000000000000000     
 plepton   =    0.0000000000000000        0.0000000000000000        0.0000000000000000        0.0000000000000000     
 pneutrino =    0.0000000000000000        0.0000000000000000        0.0000000000000000        0.0000000000000000     
 pleptonlab   =    41.259162139570627       -11.629102522643745        24.393359388239801        31.177480479376857     
 pneutrinolab =    48.956470806942548        11.629102522643745       -24.393359388239801       -40.822210406267374     
 sqrt(s) =    0.0000000000000000     
 sqrt_fs_cm =    0.0000000000000000     
 phind channel           0
 bbb pw(0) qmod c1q   0.0000000000000000        0.0000000000000000        0.0000000000000000        0.0000000000000000     
 reduced to Born momenta
   0.0000000000000000        0.0000000000000000        0.0000000000000000        0.0000000000000000     
   0.0000000000000000        0.0000000000000000        0.0000000000000000        0.0000000000000000     
   0.0000000000000000        0.0000000000000000        0.0000000000000000        0.0000000000000000     
   0.0000000000000000        0.0000000000000000        0.0000000000000000        0.0000000000000000     
 isvec for ranlux 
     6054166    11901056     8286578      459563     4270444     9281492    14149229    11372875      802184    11570635     1128323     1120310    14698113      559760     6879035    12936629     1804287      454090     5313061     7042994    13156447     4579506     5466962    14293564    -4181909
  
 ====== DUMPING at point            1
 propag    0.0000000000000000        0.0000000000000000        0.0000000000000000        0.0000000000000000     
 test props.    0.0000000000000000        0.0000000000000000     
 Var           1.0772500390245339     
 Var before   0.73265377929501219     
 iev, nphot and rad. pattern    0.0000000000000000                0               0           0           0           0
 partons...            1          -1
 x1 & x2   0.92736320907749403       0.99971805004600234     
 sv & ME    0.0000000000000000        0.0000000000000000     
 plepton   =    0.0000000000000000        0.0000000000000000        0.0000000000000000        0.0000000000000000     
 pneutrino =    0.0000000000000000        0.0000000000000000        0.0000000000000000        0.0000000000000000     
 pleptonlab   =    46.705079328983963        6.4341376951889551       -27.232116920357658        37.394744972930830     
 pneutrinolab =    49.648983627190844       -6.4341376951889551        27.232116920357658       -41.012487021356243     
 sqrt(s) =    0.0000000000000000     
 sqrt_fs_cm =    0.0000000000000000     
 phind channel           0
 bbb pw(0) qmod c1q   0.0000000000000000        0.0000000000000000        0.0000000000000000        0.0000000000000000     
 reduced to Born momenta
   0.0000000000000000        0.0000000000000000        0.0000000000000000        0.0000000000000000     
   0.0000000000000000        0.0000000000000000        0.0000000000000000        0.0000000000000000     
   0.0000000000000000        0.0000000000000000        0.0000000000000000        0.0000000000000000     
   0.0000000000000000        0.0000000000000000        0.0000000000000000        0.0000000000000000     
 isvec for ranlux 
    14536217      580635     1332241     2918073     5729988     1344436    10326336    13383668    15878276     1586995     4785312     3448040    13596138    10024554    13825068    11850769     1372684    11950247     5824408    11354060    12554399     1885602     8494298    16014373    -4100519
  
 ====== DUMPING at point            1
 propag    0.0000000000000000        0.0000000000000000        0.0000000000000000        0.0000000000000000     
 test props.    0.0000000000000000        0.0000000000000000     
 Var           1.0209638687545053     
 Var before   0.68422423488533768     
 iev, nphot and rad. pattern    0.0000000000000000                0               0           0           0           0
 partons...            1          -1
 x1 & x2   0.99980719111363414       0.90694421655089752     
 sv & ME    0.0000000000000000        0.0000000000000000     
 plepton   =    0.0000000000000000        0.0000000000000000        0.0000000000000000        0.0000000000000000     
 pneutrino =    0.0000000000000000        0.0000000000000000        0.0000000000000000        0.0000000000000000     
 pleptonlab   =    48.561505612587915       -14.644217996579858        41.439838236861831        20.651763843345439     
 pneutrinolab =    46.776064770638655        14.644217996579858       -41.439838236861831       -16.008615115208610     
 sqrt(s) =    0.0000000000000000     
 sqrt_fs_cm =    0.0000000000000000     
 phind channel           0
 bbb pw(0) qmod c1q   0.0000000000000000        0.0000000000000000        0.0000000000000000        0.0000000000000000     
 reduced to Born momenta
   0.0000000000000000        0.0000000000000000        0.0000000000000000        0.0000000000000000     
   0.0000000000000000        0.0000000000000000        0.0000000000000000        0.0000000000000000     
   0.0000000000000000        0.0000000000000000        0.0000000000000000        0.0000000000000000     
   0.0000000000000000        0.0000000000000000        0.0000000000000000        0.0000000000000000     
 isvec for ranlux 
     3223770    12993525     8417369    10799717    16092669    11276249    12113899     8395722    11585956     7627894     6497444     5787463     6531013     1558978    13292902     7540980    15620016    10815662     9005290    16071202     7650859     4880439     1368104     6552915     4020620
  
 ====== DUMPING at point            1
 propag    0.0000000000000000        0.0000000000000000        0.0000000000000000        0.0000000000000000     
 test props.    0.0000000000000000        0.0000000000000000     
 Var          0.49875023720466433     
 Var before   0.43151735622824611     
 iev, nphot and rad. pattern    0.0000000000000000                1               0           0           0           0
 partons...            1          -1
 x1 & x2   0.99975473246464541       0.84527890857240640     
 sv & ME    0.0000000000000000        0.0000000000000000     
 plepton   =    0.0000000000000000        0.0000000000000000        0.0000000000000000        0.0000000000000000     
 pneutrino =    0.0000000000000000        0.0000000000000000        0.0000000000000000        0.0000000000000000     
 pleptonlab   =    49.122482348791998       -2.6367497701674001        28.873272386486203        39.653358001072348     
 pneutrinolab =    42.823548016685152        2.6154114399760506       -28.668225850713007       -31.703904343440449     
 sqrt(s) =    0.0000000000000000     
 sqrt_fs_cm =    0.0000000000000000     
 phind channel           0
 bbb pw(0) qmod c1q   0.0000000000000000        0.0000000000000000        0.0000000000000000        0.0000000000000000     
 reduced to Born momenta
   0.0000000000000000        0.0000000000000000        0.0000000000000000        0.0000000000000000     
   0.0000000000000000        0.0000000000000000        0.0000000000000000        0.0000000000000000     
   0.0000000000000000        0.0000000000000000        0.0000000000000000        0.0000000000000000     
   0.0000000000000000        0.0000000000000000        0.0000000000000000        0.0000000000000000     
 >> Photon n.           1
 cm momentum     0.0000000000000000        0.0000000000000000        0.0000000000000000        0.0000000000000000     
 lab momentum   0.30565168637546475        2.1338330191349252E-002 -0.20504653577319754      -0.22566246301992987     
 c_ph_up                         NaN
 c_ph_up lab  -0.73829942080778987     
 c_ph_lep                       NaN
 c_ph_lep lab  -0.99404355316580284     
 isvec for ranlux 
       64727    13759902    16284096     2432295     3372969     6698670      531876    15483674    10754842     1142913      809554     7301269    12473917     9456497    14722686     7304402    12839699    13743152     2142341    16634002    15722605     7286772     7225094     8011590     4020216
  
 ====== DUMPING at point            1
 propag    0.0000000000000000        0.0000000000000000        0.0000000000000000        0.0000000000000000     
 test props.    0.0000000000000000        0.0000000000000000     
 Var          0.45836274857405890     
 Var before   0.41558610110659278     
 iev, nphot and rad. pattern    0.0000000000000000                1               0           0           0           0
 partons...            1          -1
 x1 & x2   0.99982312109937954       0.83200759616947040     
 sv & ME    0.0000000000000000        0.0000000000000000     
 plepton   =    0.0000000000000000        0.0000000000000000        0.0000000000000000        0.0000000000000000     
 pneutrino =    0.0000000000000000        0.0000000000000000        0.0000000000000000        0.0000000000000000     
 pleptonlab   =    48.911326262768931        26.632116946885052        14.949050960056134        38.204226145972960     
 pneutrinolab =    42.316656545382678       -26.409507352545983       -14.820403513453339       -29.556417553259916     
 sqrt(s) =    0.0000000000000000     
 sqrt_fs_cm =    0.0000000000000000     
 phind channel           0
 bbb pw(0) qmod c1q   0.0000000000000000        0.0000000000000000        0.0000000000000000        0.0000000000000000     
 reduced to Born momenta
   0.0000000000000000        0.0000000000000000        0.0000000000000000        0.0000000000000000     
   0.0000000000000000        0.0000000000000000        0.0000000000000000        0.0000000000000000     
   0.0000000000000000        0.0000000000000000        0.0000000000000000        0.0000000000000000     
   0.0000000000000000        0.0000000000000000        0.0000000000000000        0.0000000000000000     
 >> Photon n.           1
 cm momentum     0.0000000000000000        0.0000000000000000        0.0000000000000000        0.0000000000000000     
 lab momentum   0.36355305529088866      -0.22260959433906721      -0.12864744660279406      -0.25703234621758625     
 c_ph_up                         NaN
 c_ph_up lab  -0.70700092456086694     
 c_ph_lep                       NaN
 c_ph_lep lab  -0.99379271968810567     
 isvec for ranlux 
     3204598    15773322     5166502    13704935    15752809    15961557     8123803     7868835     8871615    12150566     4503970    13057256     5159488     5000417     7497209     1464434    12919545    13277314     4131804     4416006     1967206    10361558    10910658    10739168    -4001808
  
