 ====== DUMPING at point            1
 propag    0.0000000000000000        0.0000000000000000        0.0000000000000000        0.0000000000000000     
 test props.    0.0000000000000000        0.0000000000000000     
 Var          0.29342983475991213     
 Var before    0.0000000000000000     
 iev, nphot and rad. pattern    0.0000000000000000                0               0           0           0           0
 partons...            1          -1
 x1 & x2   0.29425329846048487       0.86406701233084571     
 sv & ME    0.0000000000000000        0.0000000000000000     
 plepton   =    0.0000000000000000        0.0000000000000000        0.0000000000000000        0.0000000000000000     
 pneutrino =    0.0000000000000000        0.0000000000000000        0.0000000000000000        0.0000000000000000     
 pleptonlab   =    77.449139824171652       -25.905401873891620       -6.9154496452462846       -72.659788093338520     
 pneutrinolab =    32.591289701004754        25.905401873891620        6.9154496452462846        18.527485275654243     
 sqrt(s) =    0.0000000000000000     
 sqrt_fs_cm =    0.0000000000000000     
 phind channel           0
 bbb pw(0) qmod c1q   0.0000000000000000        0.0000000000000000        0.0000000000000000        0.0000000000000000     
 reduced to Born momenta
   0.0000000000000000        0.0000000000000000        0.0000000000000000        0.0000000000000000     
   0.0000000000000000        0.0000000000000000        0.0000000000000000        0.0000000000000000     
   0.0000000000000000        0.0000000000000000        0.0000000000000000        0.0000000000000000     
   0.0000000000000000        0.0000000000000000        0.0000000000000000        0.0000000000000000     
 isvec for ranlux 
      778671     5844720     9587749    10340955     5767304     1229801     7106317     9230034     7070010     1656684     6134444     2662197     2938873     9323532     7705191    15725022     7372296    12845121     6405628     3024976     4819489    10459877     1149857     7981361    -4020317
  
 ====== DUMPING at point            1
 propag    0.0000000000000000        0.0000000000000000        0.0000000000000000        0.0000000000000000     
 test props.    0.0000000000000000        0.0000000000000000     
 Var          0.40322789074299259     
 Var before   0.29342983475991213     
 iev, nphot and rad. pattern    0.0000000000000000                1               0           0           0           0
 partons...            1          -1
 x1 & x2   0.85395572324432789       0.27216147844331900     
 sv & ME    0.0000000000000000        0.0000000000000000     
 plepton   =    0.0000000000000000        0.0000000000000000        0.0000000000000000        0.0000000000000000     
 pneutrino =    0.0000000000000000        0.0000000000000000        0.0000000000000000        0.0000000000000000     
 pleptonlab   =    66.235173412001672        33.432829573336520        23.088815090898123        52.309077201237415     
 pneutrinolab =    40.741147107616747       -33.435214389526983       -23.090460105532081        2.9575318754326325     
 sqrt(s) =    0.0000000000000000     
 sqrt_fs_cm =    0.0000000000000000     
 phind channel           0
 bbb pw(0) qmod c1q   0.0000000000000000        0.0000000000000000        0.0000000000000000        0.0000000000000000     
 reduced to Born momenta
   0.0000000000000000        0.0000000000000000        0.0000000000000000        0.0000000000000000     
   0.0000000000000000        0.0000000000000000        0.0000000000000000        0.0000000000000000     
   0.0000000000000000        0.0000000000000000        0.0000000000000000        0.0000000000000000     
   0.0000000000000000        0.0000000000000000        0.0000000000000000        0.0000000000000000     
 >> Photon n.           1
 cm momentum     0.0000000000000000        0.0000000000000000        0.0000000000000000        0.0000000000000000     
 lab momentum    4.8136407080084957E-003   2.3848161904666812E-003   1.6450146339572693E-003   3.8441794257748894E-003
 c_ph_up                         NaN
 c_ph_up lab   0.79860123739175104     
 c_ph_lep                       NaN
 c_ph_lep lab   0.99989382790192460     
 isvec for ranlux 
      778671     5844720     9587749     5094089     4083391     5667112    11886351     3615086    16112834     1368291    15462261     7797679    14988199    15435044     9850695     6896914     2215452    12845121     6405628     3024976     4819489    10459877     1149857     7981361     4161303
  
 ====== DUMPING at point            1
 propag    0.0000000000000000        0.0000000000000000        0.0000000000000000        0.0000000000000000     
 test props.    0.0000000000000000        0.0000000000000000     
 Var          0.42359866742804386     
 Var before   0.32386393530801055     
 iev, nphot and rad. pattern    0.0000000000000000                0               0           0           0           0
 partons...            1          -1
 x1 & x2   0.31791219005412230       0.71611091392645121     
 sv & ME    0.0000000000000000        0.0000000000000000     
 plepton   =    0.0000000000000000        0.0000000000000000        0.0000000000000000        0.0000000000000000     
 pneutrino =    0.0000000000000000        0.0000000000000000        0.0000000000000000        0.0000000000000000     
 pleptonlab   =    36.342796305960775        23.469616146296154       -23.806927403975784        14.254648546085949     
 pneutrinolab =    61.889398572193684       -23.469616146296154        23.806927403975784       -52.083527313957191     
 sqrt(s) =    0.0000000000000000     
 sqrt_fs_cm =    0.0000000000000000     
 phind channel           0
 bbb pw(0) qmod c1q   0.0000000000000000        0.0000000000000000        0.0000000000000000        0.0000000000000000     
 reduced to Born momenta
   0.0000000000000000        0.0000000000000000        0.0000000000000000        0.0000000000000000     
   0.0000000000000000        0.0000000000000000        0.0000000000000000        0.0000000000000000     
   0.0000000000000000        0.0000000000000000        0.0000000000000000        0.0000000000000000     
   0.0000000000000000        0.0000000000000000        0.0000000000000000        0.0000000000000000     
 isvec for ranlux 
     9768851    11272821    14806896    13797999     9079631     4152189    11690151     3251140     4683020     2530188    16021290    11618951     3342516     5282467     2561248    15711547    15779543    10985280     8292142     2555555    11909081     7555995      898081    10973271    -4051404
  
 ====== DUMPING at point            1
 propag    0.0000000000000000        0.0000000000000000        0.0000000000000000        0.0000000000000000     
 test props.    0.0000000000000000        0.0000000000000000     
 Var          0.56080855335023905     
 Var before   0.42359866742804386     
 iev, nphot and rad. pattern    0.0000000000000000                1               0           0           0           0
 partons...            1          -1
 x1 & x2   0.31467555101357048       0.84120038548754894     
 sv & ME    0.0000000000000000        0.0000000000000000     
 plepton   =    0.0000000000000000        0.0000000000000000        0.0000000000000000        0.0000000000000000     
 pneutrino =    0.0000000000000000        0.0000000000000000        0.0000000000000000        0.0000000000000000     
 pleptonlab   =    42.645871528680651        38.473444398185862        18.392306521281892       0.41991870186652491     
 pneutrinolab =    66.489636794247588       -39.080185140037976       -18.682796179870945       -50.443561468846042     
 sqrt(s) =    0.0000000000000000     
 sqrt_fs_cm =    0.0000000000000000     
 phind channel           0
 bbb pw(0) qmod c1q   0.0000000000000000        0.0000000000000000        0.0000000000000000        0.0000000000000000     
 reduced to Born momenta
   0.0000000000000000        0.0000000000000000        0.0000000000000000        0.0000000000000000     
   0.0000000000000000        0.0000000000000000        0.0000000000000000        0.0000000000000000     
   0.0000000000000000        0.0000000000000000        0.0000000000000000        0.0000000000000000     
   0.0000000000000000        0.0000000000000000        0.0000000000000000        0.0000000000000000     
 >> Photon n.           1
 cm momentum     0.0000000000000000        0.0000000000000000        0.0000000000000000        0.0000000000000000     
 lab momentum   0.67270564467810412       0.60674074185211280       0.29048965858905179        3.7834919515689625E-003
 c_ph_up                         NaN
 c_ph_up lab    5.6242904775674930E-003
 c_ph_lep                       NaN
 c_ph_lep lab   0.99999091421407926     
 isvec for ranlux 
     6252439      346129     5312835     8261683     9079631     4152189    11690151     3251140     4683020     2530188    16021290    11618951     3342516     3051666     3691190     1411797     6310507    14053619      787489     1596633    16558285    12472361     3784938     8334133     4202313
  
 ====== DUMPING at point            1
 propag    0.0000000000000000        0.0000000000000000        0.0000000000000000        0.0000000000000000     
 test props.    0.0000000000000000        0.0000000000000000     
 Var          0.24057552332345256     
 Var before   0.16307036957030249     
 iev, nphot and rad. pattern    0.0000000000000000                0               0           0           0           0
 partons...            1          -1
 x1 & x2   0.26004718940923166       0.88808351617272197     
 sv & ME    0.0000000000000000        0.0000000000000000     
 plepton   =    0.0000000000000000        0.0000000000000000        0.0000000000000000        0.0000000000000000     
 pneutrino =    0.0000000000000000        0.0000000000000000        0.0000000000000000        0.0000000000000000     
 pleptonlab   =    33.684062446130788       -30.225696758535094       -12.341402263389323        8.2886636327975332     
 pneutrinolab =    75.388354584154825        30.225696758535094        12.341402263389323       -67.952114675329113     
 sqrt(s) =    0.0000000000000000     
 sqrt_fs_cm =    0.0000000000000000     
 phind channel           0
 bbb pw(0) qmod c1q   0.0000000000000000        0.0000000000000000        0.0000000000000000        0.0000000000000000     
 reduced to Born momenta
   0.0000000000000000        0.0000000000000000        0.0000000000000000        0.0000000000000000     
   0.0000000000000000        0.0000000000000000        0.0000000000000000        0.0000000000000000     
   0.0000000000000000        0.0000000000000000        0.0000000000000000        0.0000000000000000     
   0.0000000000000000        0.0000000000000000        0.0000000000000000        0.0000000000000000     
 isvec for ranlux 
     9996655     5314963     4653955      412784     6974021     7680405    11535779     2804731    15012697    11334850     5798372     6373794     4365370     1770520    15945583     3388180    11771294    11057837     5103923    12470000    14455935    13482498      760501     6155176    -4051808
  
 ====== DUMPING at point            1
 propag    0.0000000000000000        0.0000000000000000        0.0000000000000000        0.0000000000000000     
 test props.    0.0000000000000000        0.0000000000000000     
 Var          0.22289036552630639     
 Var before   0.18977137235487582     
 iev, nphot and rad. pattern    0.0000000000000000                0               0           0           0           0
 partons...            1          -1
 x1 & x2   0.93302494890875609       0.28129887267123438     
 sv & ME    0.0000000000000000        0.0000000000000000     
 plepton   =    0.0000000000000000        0.0000000000000000        0.0000000000000000        0.0000000000000000     
 pneutrino =    0.0000000000000000        0.0000000000000000        0.0000000000000000        0.0000000000000000     
 pleptonlab   =    57.921708398753950       -38.413245964562769        29.882414430866657        31.406639145039865     
 pneutrinolab =    57.439054651345160        38.413245964562769       -29.882414430866657        30.507338097524720     
 sqrt(s) =    0.0000000000000000     
 sqrt_fs_cm =    0.0000000000000000     
 phind channel           0
 bbb pw(0) qmod c1q   0.0000000000000000        0.0000000000000000        0.0000000000000000        0.0000000000000000     
 reduced to Born momenta
   0.0000000000000000        0.0000000000000000        0.0000000000000000        0.0000000000000000     
   0.0000000000000000        0.0000000000000000        0.0000000000000000        0.0000000000000000     
   0.0000000000000000        0.0000000000000000        0.0000000000000000        0.0000000000000000     
   0.0000000000000000        0.0000000000000000        0.0000000000000000        0.0000000000000000     
 isvec for ranlux 
     7759903     1544540     2841520     4734049     7387144    11173111    13348457     7444395     5724839    11276100    15121255    10921353    15721670    14501877     6891559     2544500    13812199     3413910     4091270     2952887     6659519     3982257     4693573     5207654     4090519
  
 ====== DUMPING at point            1
 propag    0.0000000000000000        0.0000000000000000        0.0000000000000000        0.0000000000000000     
 test props.    0.0000000000000000        0.0000000000000000     
 Var          0.56314134884138645     
 Var before   0.16248152253873716     
 iev, nphot and rad. pattern    0.0000000000000000                0               0           0           0           0
 partons...            1          -1
 x1 & x2   0.99169100699089585       0.28797196461607721     
 sv & ME    0.0000000000000000        0.0000000000000000     
 plepton   =    0.0000000000000000        0.0000000000000000        0.0000000000000000        0.0000000000000000     
 pneutrino =    0.0000000000000000        0.0000000000000000        0.0000000000000000        0.0000000000000000     
 pleptonlab   =    69.525994764927702       -41.562329594606318        25.954405142217279        49.323365626691000     
 pneutrinolab =    52.041987537734727        41.562329594606318       -25.954405142217279        17.529943398916743     
 sqrt(s) =    0.0000000000000000     
 sqrt_fs_cm =    0.0000000000000000     
 phind channel           0
 bbb pw(0) qmod c1q   0.0000000000000000        0.0000000000000000        0.0000000000000000        0.0000000000000000     
 reduced to Born momenta
   0.0000000000000000        0.0000000000000000        0.0000000000000000        0.0000000000000000     
   0.0000000000000000        0.0000000000000000        0.0000000000000000        0.0000000000000000     
   0.0000000000000000        0.0000000000000000        0.0000000000000000        0.0000000000000000     
   0.0000000000000000        0.0000000000000000        0.0000000000000000        0.0000000000000000     
 isvec for ranlux 
     1693319     8877130    15482872    11375223     2742523    15542093     3543699    16693004    16509465     6714096    15523646     4721362    10776804     4590100     4397082    15071878    14543345     5648238    13637279     7168966     3433322    15632675     5168716    16459816    -4020923
  
 ====== DUMPING at point            1
 propag    0.0000000000000000        0.0000000000000000        0.0000000000000000        0.0000000000000000     
 test props.    0.0000000000000000        0.0000000000000000     
 Var          0.41220745856365498     
 Var before   0.31051266982641557     
 iev, nphot and rad. pattern    0.0000000000000000                2               0           0           0           0
 partons...            1          -1
 x1 & x2   0.19397397801692615       0.98497339122075567     
 sv & ME    0.0000000000000000        0.0000000000000000     
 plepton   =    0.0000000000000000        0.0000000000000000        0.0000000000000000        0.0000000000000000     
 pneutrino =    0.0000000000000000        0.0000000000000000        0.0000000000000000        0.0000000000000000     
 pleptonlab   =    81.963910733491247        27.359116958365824        12.213083621536729       -76.291485807710302     
 pneutrinolab =    25.227403430465813       -23.095102918628136       -10.029391583200432        1.5614883287469894     
 sqrt(s) =    0.0000000000000000     
 sqrt_fs_cm =    0.0000000000000000     
 phind channel           0
 bbb pw(0) qmod c1q   0.0000000000000000        0.0000000000000000        0.0000000000000000        0.0000000000000000     
 reduced to Born momenta
   0.0000000000000000        0.0000000000000000        0.0000000000000000        0.0000000000000000     
   0.0000000000000000        0.0000000000000000        0.0000000000000000        0.0000000000000000     
   0.0000000000000000        0.0000000000000000        0.0000000000000000        0.0000000000000000     
   0.0000000000000000        0.0000000000000000        0.0000000000000000        0.0000000000000000     
 >> Photon n.           1
 cm momentum     0.0000000000000000        0.0000000000000000        0.0000000000000000        0.0000000000000000     
 lab momentum    4.7959441715740159       -4.2523947202931209       -2.1784744539773269      -0.41529350229223105     
 c_ph_up                         NaN
 c_ph_up lab   -8.6592647335995337E-002
 c_ph_lep                       NaN
 c_ph_lep lab  -0.28304754858662584     
 >> Photon n.           2
 cm momentum     0.0000000000000000        0.0000000000000000        0.0000000000000000        0.0000000000000000     
 lab momentum    1.2741742048689620E-002  -1.1619319444568236E-002  -5.2175843589688112E-003   3.4672689175742691E-004
 c_ph_up                         NaN
 c_ph_up lab    2.7211890684373477E-002
 c_ph_lep                       NaN
 c_ph_lep lab  -0.39073555790375153     
 isvec for ranlux 
    14223091     3883921    15887434     1667574     9430633     1013210      544332    10638253     2845953    16446043     6256338    13358202    10368995     9481857     6617843     7769811     1325911     2322384     4753777     2799118     6910030     7404538     6241029    11914871     4192414
  
 ====== DUMPING at point            1
 propag    0.0000000000000000        0.0000000000000000        0.0000000000000000        0.0000000000000000     
 test props.    0.0000000000000000        0.0000000000000000     
 Var           1.5213065227706388     
 Var before   0.32834492429194795     
 iev, nphot and rad. pattern    0.0000000000000000                1               0           0           0           0
 partons...            1          -1
 x1 & x2   0.99785884581629147       0.22040901141227648     
 sv & ME    0.0000000000000000        0.0000000000000000     
 plepton   =    0.0000000000000000        0.0000000000000000        0.0000000000000000        0.0000000000000000     
 pneutrino =    0.0000000000000000        0.0000000000000000        0.0000000000000000        0.0000000000000000     
 pleptonlab   =    80.982353192538937       -26.106661889041280       -22.748499851302075        73.205726035852138     
 pneutrinolab =    34.677658188061670        26.118391325076878        22.803430873470230       0.60165497221107955     
 sqrt(s) =    0.0000000000000000     
 sqrt_fs_cm =    0.0000000000000000     
 phind channel           0
 bbb pw(0) qmod c1q   0.0000000000000000        0.0000000000000000        0.0000000000000000        0.0000000000000000     
 reduced to Born momenta
   0.0000000000000000        0.0000000000000000        0.0000000000000000        0.0000000000000000     
   0.0000000000000000        0.0000000000000000        0.0000000000000000        0.0000000000000000     
   0.0000000000000000        0.0000000000000000        0.0000000000000000        0.0000000000000000     
   0.0000000000000000        0.0000000000000000        0.0000000000000000        0.0000000000000000     
 >> Photon n.           1
 cm momentum     0.0000000000000000        0.0000000000000000        0.0000000000000000        0.0000000000000000     
 lab momentum    7.5435056113359433E-002  -1.1729436035597654E-002  -5.4931022168153758E-002   5.0353260318218809E-002
 c_ph_up                         NaN
 c_ph_up lab   0.66750477712313017     
 c_ph_lep                       NaN
 c_ph_lep lab   0.85808558669754065     
 isvec for ranlux 
    15868928    16149788     8889730     6947937     4985027     6212496     9156383    16542457    12797613     1952311    12103019     8690689    10625675    15366954    15992746    15428916     4858500     3239719     7480833      848619     5738531    16519816     8961895    15949027     4111303
  
 ====== DUMPING at point            1
 propag    0.0000000000000000        0.0000000000000000        0.0000000000000000        0.0000000000000000     
 test props.    0.0000000000000000        0.0000000000000000     
 Var           1.5109760774291159     
 Var before   0.69343261169425863     
 iev, nphot and rad. pattern    0.0000000000000000                0               0           0           0           0
 partons...            1          -1
 x1 & x2   0.99904615384785966       0.23265592035936375     
 sv & ME    0.0000000000000000        0.0000000000000000     
 plepton   =    0.0000000000000000        0.0000000000000000        0.0000000000000000        0.0000000000000000     
 pneutrino =    0.0000000000000000        0.0000000000000000        0.0000000000000000        0.0000000000000000     
 pleptonlab   =    81.055124560443645       -32.109048119700866        16.181663378401922        72.643546533552353     
 pneutrinolab =    35.956572489242546        32.109048119700866       -16.181663378401922       0.16352564785472623     
 sqrt(s) =    0.0000000000000000     
 sqrt_fs_cm =    0.0000000000000000     
 phind channel           0
 bbb pw(0) qmod c1q   0.0000000000000000        0.0000000000000000        0.0000000000000000        0.0000000000000000     
 reduced to Born momenta
   0.0000000000000000        0.0000000000000000        0.0000000000000000        0.0000000000000000     
   0.0000000000000000        0.0000000000000000        0.0000000000000000        0.0000000000000000     
   0.0000000000000000        0.0000000000000000        0.0000000000000000        0.0000000000000000     
   0.0000000000000000        0.0000000000000000        0.0000000000000000        0.0000000000000000     
 isvec for ranlux 
    10133792     8012408     5802471    15848650     3998090     8366287     8259760     7239157    11187399     3051700     1592070     1617504     4202411     2209282     7734370    11322307     8269585      641457    12859162     4265691     8778025    14458014    14989513     8307982     4112111
  
 ====== DUMPING at point            1
 propag    0.0000000000000000        0.0000000000000000        0.0000000000000000        0.0000000000000000     
 test props.    0.0000000000000000        0.0000000000000000     
 Var          0.67690367588675160     
 Var before   0.30270366196926363     
 iev, nphot and rad. pattern    0.0000000000000000                0               0           0           0           0
 partons...            1          -1
 x1 & x2   0.99966347702762093       0.22208704094460435     
 sv & ME    0.0000000000000000        0.0000000000000000     
 plepton   =    0.0000000000000000        0.0000000000000000        0.0000000000000000        0.0000000000000000     
 pneutrino =    0.0000000000000000        0.0000000000000000        0.0000000000000000        0.0000000000000000     
 pleptonlab   =    73.180695768384894        5.2085786654304673       -40.490940964835140        60.735142030966699     
 pneutrinolab =    42.885603438976496       -5.2085786654304673        40.490940964835140        13.134619396919863     
 sqrt(s) =    0.0000000000000000     
 sqrt_fs_cm =    0.0000000000000000     
 phind channel           0
 bbb pw(0) qmod c1q   0.0000000000000000        0.0000000000000000        0.0000000000000000        0.0000000000000000     
 reduced to Born momenta
   0.0000000000000000        0.0000000000000000        0.0000000000000000        0.0000000000000000     
   0.0000000000000000        0.0000000000000000        0.0000000000000000        0.0000000000000000     
   0.0000000000000000        0.0000000000000000        0.0000000000000000        0.0000000000000000     
   0.0000000000000000        0.0000000000000000        0.0000000000000000        0.0000000000000000     
 isvec for ranlux 
    13950172     7889850    11583015    12192548     1605403       83687     6306702     7833669     8342862     8917484     1246586     1106221     9054104    14686376     3662297     5146407     1566075     9437649     8345499    15429287     4600828      580395    11906909     5153403     4042414
  
 ====== DUMPING at point            1
 propag    0.0000000000000000        0.0000000000000000        0.0000000000000000        0.0000000000000000     
 test props.    0.0000000000000000        0.0000000000000000     
 Var          0.19235543020665999     
 Var before   0.16652925606322566     
 iev, nphot and rad. pattern    0.0000000000000000                3               0           0           0           0
 partons...            1          -1
 x1 & x2   0.99963452751690351       0.22010716100520608     
 sv & ME    0.0000000000000000        0.0000000000000000     
 plepton   =    0.0000000000000000        0.0000000000000000        0.0000000000000000        0.0000000000000000     
 pneutrino =    0.0000000000000000        0.0000000000000000        0.0000000000000000        0.0000000000000000     
 pleptonlab   =    73.877274435910365        19.331652590536901       -35.270806827354967        61.968523528106964     
 pneutrinolab =    41.995499769775833       -19.330547116715451        35.268479551582658        12.086154703205512     
 sqrt(s) =    0.0000000000000000     
 sqrt_fs_cm =    0.0000000000000000     
 phind channel           0
 bbb pw(0) qmod c1q   0.0000000000000000        0.0000000000000000        0.0000000000000000        0.0000000000000000     
 reduced to Born momenta
   0.0000000000000000        0.0000000000000000        0.0000000000000000        0.0000000000000000     
   0.0000000000000000        0.0000000000000000        0.0000000000000000        0.0000000000000000     
   0.0000000000000000        0.0000000000000000        0.0000000000000000        0.0000000000000000     
   0.0000000000000000        0.0000000000000000        0.0000000000000000        0.0000000000000000     
 >> Photon n.           1
 cm momentum     0.0000000000000000        0.0000000000000000        0.0000000000000000        0.0000000000000000     
 lab momentum    2.0392612599695200E-003  -9.3564142914656775E-004   1.7205140057197927E-003   5.6832487064976825E-004
 c_ph_up                         NaN
 c_ph_up lab   0.27869154473040042     
 c_ph_lep                       NaN
 c_ph_lep lab  -0.28909219867826874     
 >> Photon n.           2
 cm momentum     0.0000000000000000        0.0000000000000000        0.0000000000000000        0.0000000000000000     
 lab momentum    6.4694265423166164E-004  -1.6983239230278891E-004   6.0676176658871551E-004  -1.4673757185928787E-004
 c_ph_up                         NaN
 c_ph_up lab  -0.22681696886033903     
 c_ph_lep                       NaN
 c_ph_lep lab  -0.70672069000000914     
 >> Photon n.           3
 cm momentum     0.0000000000000000        0.0000000000000000        0.0000000000000000        0.0000000000000000     
 lab momentum    0.0000000000000000        0.0000000000000000        0.0000000000000000        0.0000000000000000     
 c_ph_up                         NaN
 c_ph_up lab    0.0000000000000000     
 c_ph_lep                       NaN
 c_ph_lep lab    0.0000000000000000     
 isvec for ranlux 
     8286642    15653262    14606789     1626704    10516619     1776119    11694206    12721388    13228834    16458238     2425459     3106919    14803828    10195943     8283700     1391954    11804938    10933384     2798007      197267    10900648     1601580    10147068    14495737     4160620
  
 ====== DUMPING at point            1
 propag    0.0000000000000000        0.0000000000000000        0.0000000000000000        0.0000000000000000     
 test props.    0.0000000000000000        0.0000000000000000     
 Var          0.20580961509331464     
 Var before   0.18042971585292372     
 iev, nphot and rad. pattern    0.0000000000000000                1               0           0           0           0
 partons...            1          -1
 x1 & x2   0.23342333738703519       0.99974327054732670     
 sv & ME    0.0000000000000000        0.0000000000000000     
 plepton   =    0.0000000000000000        0.0000000000000000        0.0000000000000000        0.0000000000000000     
 pneutrino =    0.0000000000000000        0.0000000000000000        0.0000000000000000        0.0000000000000000     
 pleptonlab   =    62.944532024237098       -42.681979306805097       -15.937217208209782       -43.431056839208338     
 pneutrinolab =    54.174842091912303        42.658167928431006        15.928676241789850       -29.350644527270337     
 sqrt(s) =    0.0000000000000000     
 sqrt_fs_cm =    0.0000000000000000     
 phind channel           0
 bbb pw(0) qmod c1q   0.0000000000000000        0.0000000000000000        0.0000000000000000        0.0000000000000000     
 reduced to Born momenta
   0.0000000000000000        0.0000000000000000        0.0000000000000000        0.0000000000000000     
   0.0000000000000000        0.0000000000000000        0.0000000000000000        0.0000000000000000     
   0.0000000000000000        0.0000000000000000        0.0000000000000000        0.0000000000000000     
   0.0000000000000000        0.0000000000000000        0.0000000000000000        0.0000000000000000     
 >> Photon n.           1
 cm momentum     0.0000000000000000        0.0000000000000000        0.0000000000000000        0.0000000000000000     
 lab momentum    3.1453637614983897E-002   2.3811378374094402E-002   8.5409664199330472E-003  -1.8692283749023687E-002
 c_ph_up                         NaN
 c_ph_up lab  -0.59428050827796941     
 c_ph_lep                       NaN
 c_ph_lep lab  -0.17204005583146706     
 isvec for ranlux 
    13119111     3252636    11594599    12734069     8252093    16074389     9768930    14133801     5136566     3054240     3916415     1564003       93153    11294516      927034    15493768    14679314    12628759     7971214     5796556     4672162    14120179    12984779     7581444    -4211707
  
 ====== DUMPING at point            1
 propag    0.0000000000000000        0.0000000000000000        0.0000000000000000        0.0000000000000000     
 test props.    0.0000000000000000        0.0000000000000000     
 Var          0.25801458066654637     
 Var before   0.20413122719535640     
 iev, nphot and rad. pattern    0.0000000000000000                5               0           0           0           0
 partons...            1          -1
 x1 & x2   0.23067214944196152       0.99981519559757281     
 sv & ME    0.0000000000000000        0.0000000000000000     
 plepton   =    0.0000000000000000        0.0000000000000000        0.0000000000000000        0.0000000000000000     
 pneutrino =    0.0000000000000000        0.0000000000000000        0.0000000000000000        0.0000000000000000     
 pleptonlab   =    30.454085894981862       -28.659074293863195        6.3409775013305998        8.1172439259833382     
 pneutrinolab =    84.000793485655365        27.893412306149585       -6.3089986660098889       -78.982759057149167     
 sqrt(s) =    0.0000000000000000     
 sqrt_fs_cm =    0.0000000000000000     
 phind channel           0
 bbb pw(0) qmod c1q   0.0000000000000000        0.0000000000000000        0.0000000000000000        0.0000000000000000     
 reduced to Born momenta
   0.0000000000000000        0.0000000000000000        0.0000000000000000        0.0000000000000000     
   0.0000000000000000        0.0000000000000000        0.0000000000000000        0.0000000000000000     
   0.0000000000000000        0.0000000000000000        0.0000000000000000        0.0000000000000000     
   0.0000000000000000        0.0000000000000000        0.0000000000000000        0.0000000000000000     
 >> Photon n.           1
 cm momentum     0.0000000000000000        0.0000000000000000        0.0000000000000000        0.0000000000000000     
 lab momentum    6.0697213945926760E-002  -5.6348230969635919E-002   8.0370128833025523E-003   2.1081628763067559E-002
 c_ph_up                         NaN
 c_ph_up lab   0.34732448810333399     
 c_ph_lep                       NaN
 c_ph_lep lab   0.99378313857341383     
 >> Photon n.           2
 cm momentum     0.0000000000000000        0.0000000000000000        0.0000000000000000        0.0000000000000000     
 lab momentum    3.4842257848381780E-003  -3.2405161212711209E-003   1.0809187153972737E-003   6.8592952860851378E-004
 c_ph_up                         NaN
 c_ph_up lab   0.19686712944763171     
 c_ph_lep                       NaN
 c_ph_lep lab   0.99230840473423065     
 >> Photon n.           3
 cm momentum     0.0000000000000000        0.0000000000000000        0.0000000000000000        0.0000000000000000     
 lab momentum    2.5125898858812581E-003  -2.4062711632838007E-003   4.0840358904715182E-004   5.9680275789830576E-004
 c_ph_up                         NaN
 c_ph_up lab   0.23752493841189884     
 c_ph_lep                       NaN
 c_ph_lep lab   0.99839786930047580     
 >> Photon n.           4
 cm momentum     0.0000000000000000        0.0000000000000000        0.0000000000000000        0.0000000000000000     
 lab momentum    2.3747243685019130       0.82765700596780245       -4.1505170508457756E-002  -2.2254386146668450     
 c_ph_up                         NaN
 c_ph_up lab  -0.93713554473303173     
 c_ph_lep                       NaN
 c_ph_lep lab  -0.58141196479809942     
 >> Photon n.           5
 cm momentum     0.0000000000000000        0.0000000000000000        0.0000000000000000        0.0000000000000000     
 lab momentum    0.0000000000000000        0.0000000000000000        0.0000000000000000        0.0000000000000000     
 c_ph_up                         NaN
 c_ph_up lab    0.0000000000000000     
 c_ph_lep                       NaN
 c_ph_lep lab    0.0000000000000000     
 isvec for ranlux 
     4225802     9542984     5767074    13700228     9010263     8024642     5642218    11026751     5053265    11286222     2250524     4312923     3498624     6605566     2791255     8025612    14346035     9022329    16751245    15290674     8531154     5769819    12236335     7604802     4112010
  
 ====== DUMPING at point            1
 propag    0.0000000000000000        0.0000000000000000        0.0000000000000000        0.0000000000000000     
 test props.    0.0000000000000000        0.0000000000000000     
 Var          0.14839709124890041     
 Var before   0.13185024911263499     
 iev, nphot and rad. pattern    1.0000000000000000                2               0           0           0           0
 partons...            1          -1
 x1 & x2   0.20068479112737103       0.99982833803998561     
 sv & ME    0.0000000000000000        0.0000000000000000     
 plepton   =    0.0000000000000000        0.0000000000000000        0.0000000000000000        0.0000000000000000     
 pneutrino =    0.0000000000000000        0.0000000000000000        0.0000000000000000        0.0000000000000000     
 pleptonlab   =    36.607951005727863       -25.879499519888594       -24.842524186997437       -7.2959858665458839     
 pneutrinolab =    77.435196354228736        25.883418248420544        24.846346311607093       -68.621470440872301     
 sqrt(s) =    0.0000000000000000     
 sqrt_fs_cm =    0.0000000000000000     
 phind channel           0
 bbb pw(0) qmod c1q   0.0000000000000000        0.0000000000000000        0.0000000000000000        0.0000000000000000     
 reduced to Born momenta
   0.0000000000000000        0.0000000000000000        0.0000000000000000        0.0000000000000000     
   0.0000000000000000        0.0000000000000000        0.0000000000000000        0.0000000000000000     
   0.0000000000000000        0.0000000000000000        0.0000000000000000        0.0000000000000000     
   0.0000000000000000        0.0000000000000000        0.0000000000000000        0.0000000000000000     
 >> Photon n.           1
 cm momentum     0.0000000000000000        0.0000000000000000        0.0000000000000000        0.0000000000000000     
 lab momentum    5.5999109423063836E-003  -3.9187285319504384E-003  -3.8221246096571703E-003  -1.1806492802239566E-003
 c_ph_up                         NaN
 c_ph_up lab  -0.21083358153151155     
 c_ph_lep                       NaN
 c_ph_lep lab   0.99990022033390313     
 >> Photon n.           2
 cm momentum     0.0000000000000000        0.0000000000000000        0.0000000000000000        0.0000000000000000     
 lab momentum    0.0000000000000000        0.0000000000000000        0.0000000000000000        0.0000000000000000     
 c_ph_up                         NaN
 c_ph_up lab    0.0000000000000000     
 c_ph_lep                       NaN
 c_ph_lep lab   -0.0000000000000000     
 isvec for ranlux 
    11195080    13261630    12221200     8358390    16741212     4778513     7730863     1816697    10776277     2263629     6820054     1226234     8123043     3625255     6146971     2629237    14486111     8357642     9926634     3850717     6164092     6827339     6531251    13770051    -4020923
  
 ====== DUMPING at point            1
 propag    0.0000000000000000        0.0000000000000000        0.0000000000000000        0.0000000000000000     
 test props.    0.0000000000000000        0.0000000000000000     
 Var          0.18131662740885224     
 Var before   0.15850786914954987     
 iev, nphot and rad. pattern    1.0000000000000000                0               0           0           0           0
 partons...            1          -1
 x1 & x2   0.22513565925533119       0.99988862364268327     
 sv & ME    0.0000000000000000        0.0000000000000000     
 plepton   =    0.0000000000000000        0.0000000000000000        0.0000000000000000        0.0000000000000000     
 pneutrino =    0.0000000000000000        0.0000000000000000        0.0000000000000000        0.0000000000000000     
 pleptonlab   =    65.888112345858090        20.697499696591123        38.913944205752472       -48.975000127311304     
 pneutrinolab =    50.489194529453286       -20.697499696591123       -38.913944205752472       -24.626531489487125     
 sqrt(s) =    0.0000000000000000     
 sqrt_fs_cm =    0.0000000000000000     
 phind channel           0
 bbb pw(0) qmod c1q   0.0000000000000000        0.0000000000000000        0.0000000000000000        0.0000000000000000     
 reduced to Born momenta
   0.0000000000000000        0.0000000000000000        0.0000000000000000        0.0000000000000000     
   0.0000000000000000        0.0000000000000000        0.0000000000000000        0.0000000000000000     
   0.0000000000000000        0.0000000000000000        0.0000000000000000        0.0000000000000000     
   0.0000000000000000        0.0000000000000000        0.0000000000000000        0.0000000000000000     
 isvec for ranlux 
    14123125     2781471     6844169    16586929     6424607    15768309      115560    12804912     5719879    13985205     1977554     3722285     9471077    12140594     6606065     5185593    10859461     6610477      455065    13985333    10669284     8360200    14841005     5353450    -4140115
  
