 ====== DUMPING at point            1
 propag    0.0000000000000000        0.0000000000000000        0.0000000000000000        0.0000000000000000     
 test props.    0.0000000000000000        0.0000000000000000     
 Var           3.6347655308854789     
 Var before    0.0000000000000000     
 iev, nphot and rad. pattern    0.0000000000000000                0               0           0           0           0
 partons...            1          -1
 x1 & x2   0.96640740295005401       0.83901766978163073     
 sv & ME    1.0000000000000000        26575.822944319709     
 plepton   =    45.023129813543378        3.9844035472226076       -5.0760998378535422        44.558150694623016     
 pneutrino =    45.023129813543378       -3.9844035472226076        5.0760998378535422       -44.558150694623016     
 pleptonlab   =    48.287479516546185        3.9844035472226076       -5.0760998378535422        47.854229208905068     
 pneutrinolab =    41.983774120038028       -3.9844035472226076        5.0760998378535422       -41.484742550483901     
 sqrt(s) =    90.046259627086755     
 sqrt_fs_cm =    90.046259627086755     
 phind channel           0
 bbb pw(0) qmod c1q   0.0000000000000000        0.0000000000000000        0.0000000000000000        0.0000000000000000     
 reduced to Born momenta
   45.444035983348869        0.0000000000000000        0.0000000000000000        45.443982317027491     
   45.444035983348869        0.0000000000000000        0.0000000000000000       -45.443982317027491     
   45.444035983348876       -34.152092317165511        8.0006185590294869        28.892454651641430     
   45.444035983348861        34.152092317165511       -8.0006185590294869       -28.892454651641430     
 isvec for ranlux 
     9644655    14614328     8305202     1457455     1056974    16450356    10467055     4514011      135838    16753179    11474510      425858    13826447     7299317     7668616    13721940      957152    13197359    14184585     9294164    15939178     5902395     5267822    14659295     4102414
  
 ====== DUMPING at point            1
 propag    0.0000000000000000        0.0000000000000000        0.0000000000000000        0.0000000000000000     
 test props.    0.0000000000000000        0.0000000000000000     
 Var           2.4880939444250885     
 Var before    2.1931970457039025     
 iev, nphot and rad. pattern    0.0000000000000000                0               0           0           0           0
 partons...            1          -1
 x1 & x2   0.99427728318130171       0.99976866665782238     
 sv & ME    1.0000000000000000        450.84664679640815     
 plepton   =    49.850959712284677        42.946285615871474        24.649366648503285        5.7560660326308799     
 pneutrino =    49.850959712284663       -42.946285615871474       -24.649366648503285       -5.7560660326308799     
 pleptonlab   =    49.835297112386790        42.946285615871474        24.649366648503285        5.6188032725879555     
 pneutrinolab =    49.867000379569383       -42.946285615871474       -24.649366648503285       -5.8933724464139932     
 sqrt(s) =    99.701919424569340     
 sqrt_fs_cm =    99.701919424569340     
 phind channel           0
 bbb pw(0) qmod c1q   0.0000000000000000        0.0000000000000000        0.0000000000000000        0.0000000000000000     
 reduced to Born momenta
   49.850959712284670        0.0000000000000000        0.0000000000000000        49.850910790177437     
   49.850959712284670        0.0000000000000000        0.0000000000000000       -49.850910790177437     
   49.850959712284677        42.946285615871474        24.649366648503285        5.7560660326308799     
   49.850959712284663       -42.946285615871474       -24.649366648503285       -5.7560660326308799     
 isvec for ranlux 
    13828964    12538209    14722825      978898    10903123    16188213     3834576      755982    12350293    13898296    16631971     2580472     9212313    13500588    11285027    12295266    14794390     9041223     4836823     6203403     5099258      436050     2993088    13331992     4071707
  
 ====== DUMPING at point            1
 propag    0.0000000000000000        0.0000000000000000        0.0000000000000000        0.0000000000000000     
 test props.    0.0000000000000000        0.0000000000000000     
 Var           1.6995744643976720     
 Var before    1.4432278399724772     
 iev, nphot and rad. pattern    0.0000000000000000                0               0           0           0           0
 partons...            1          -1
 x1 & x2   0.97833232557602512       0.84219194711165135     
 sv & ME    1.0000000000000000        22879.927990010001     
 plepton   =    45.385669715206987       -31.944456082394598        20.911775759311055        24.537669245440615     
 pneutrino =    45.385669715206973        31.944456082394598       -20.911775759311055       -24.537669245440615     
 pleptonlab   =    47.353207227007289       -31.944456082394598        20.911775759311055        28.010077314864397     
 pneutrinolab =    43.673006407376512        31.944456082394598       -20.911775759311055       -21.203058391645705     
 sqrt(s) =    90.771339430413960     
 sqrt_fs_cm =    90.771339430413960     
 phind channel           0
 bbb pw(0) qmod c1q   0.0000000000000000        0.0000000000000000        0.0000000000000000        0.0000000000000000     
 reduced to Born momenta
   45.385669715206980        0.0000000000000000        0.0000000000000000        45.385615979870273     
   45.385669715206980        0.0000000000000000        0.0000000000000000       -45.385615979870273     
   45.385669715206987       -31.944456082394598        20.911775759311055        24.537669245440615     
   45.385669715206973        31.944456082394598       -20.911775759311055       -24.537669245440615     
 isvec for ranlux 
     8965487     4677045     9993826    10061960    12404269    11384977    11035044     9685088    14068021     1324435      272948    14908356    11427211    15348884     8000738     8738368    12913065     1505022     4123979     3215547    11907780     4934906    11898556     4780317    -4080115
  
 ====== DUMPING at point            1
 propag    0.0000000000000000        0.0000000000000000        0.0000000000000000        0.0000000000000000     
 test props.    0.0000000000000000        0.0000000000000000     
 Var           2.2301028522618895     
 Var before    1.4919004640363707     
 iev, nphot and rad. pattern    0.0000000000000000                0               0           0           0           0
 partons...            1          -1
 x1 & x2   0.82369659537653961       0.99240482295798549     
 sv & ME    1.0000000000000000        11767.330747738775     
 plepton   =    45.206207369833351       -23.115814173861377        38.228895773496383       -6.9138038800335719     
 pneutrino =    45.206207369833351        23.115814173861377       -38.228895773496383        6.9138038800335719     
 pleptonlab   =    46.047588243317911       -23.115814173861377        38.228895773496383       -11.161535842048893     
 pneutrinolab =    44.757482673408340        23.115814173861377       -38.228895773496383        2.7261244629766015     
 sqrt(s) =    90.412414739666701     
 sqrt_fs_cm =    90.412414739666701     
 phind channel           0
 bbb pw(0) qmod c1q   0.0000000000000000        0.0000000000000000        0.0000000000000000        0.0000000000000000     
 reduced to Born momenta
   45.206207369833351        0.0000000000000000        0.0000000000000000        45.206153421174591     
   45.206207369833351        0.0000000000000000        0.0000000000000000       -45.206153421174591     
   45.206207369833351       -23.115814173861377        38.228895773496383       -6.9138038800335719     
   45.206207369833351        23.115814173861377       -38.228895773496383        6.9138038800335719     
 isvec for ranlux 
    15326067    15249886     2032167    12287672     2672740     1104457     9630857    11203193     9414693    13903049     1041894    12159642    14667289     9413416    16351989    16702048    13674632     3503371    11931980     1731313     7232330     5707229     4337415    14161190    -4121101
  
 ====== DUMPING at point            1
 propag    0.0000000000000000        0.0000000000000000        0.0000000000000000        0.0000000000000000     
 test props.    0.0000000000000000        0.0000000000000000     
 Var           9.3810552737920148     
 Var before    1.9070562193432712     
 iev, nphot and rad. pattern    0.0000000000000000                0               0           0           0           0
 partons...            1          -1
 x1 & x2   0.99890356334630004       0.77169266695765526     
 sv & ME    1.0000000000000000        2434.0579623183608     
 plepton   =    43.898933780680004        39.950965942956806        4.2310386476068240        17.695306032285025     
 pneutrino =    43.898933780680018       -39.950965942956806       -4.2310386476068240       -17.695306032285025     
 pleptonlab   =    46.554577737762280        39.950965942956806        4.2310386476068240        23.523098793250991     
 pneutrinolab =    41.975233777435484       -39.950965942956806       -4.2310386476068240       -12.162553973818756     
 sqrt(s) =    87.797867561360022     
 sqrt_fs_cm =    87.797867561360022     
 phind channel           0
 bbb pw(0) qmod c1q   0.0000000000000000        0.0000000000000000        0.0000000000000000        0.0000000000000000     
 reduced to Born momenta
   43.898933780680011        0.0000000000000000        0.0000000000000000        43.898878225473240     
   43.898933780680011        0.0000000000000000        0.0000000000000000       -43.898878225473240     
   43.898933780680004        39.950965942956806        4.2310386476068240        17.695306032285025     
   43.898933780680018       -39.950965942956806       -4.2310386476068240       -17.695306032285025     
 isvec for ranlux 
     4925990     5576093    15184408    11784099    11845403    13164298      418628     8394559    12727338     1012832     9828754     3599171     1962348     6110377     3755204    14196229     8714040    12307127     8788506     3545955     7555912     3534851     9276842     7912478    -4100317
  
 ====== DUMPING at point            1
 propag    0.0000000000000000        0.0000000000000000        0.0000000000000000        0.0000000000000000     
 test props.    0.0000000000000000        0.0000000000000000     
 Var           6.4769861171474830     
 Var before    2.5586224396197448     
 iev, nphot and rad. pattern    0.0000000000000000                0               0           0           0           0
 partons...            1          -1
 x1 & x2   0.82524313846737463       0.99938660183146777     
 sv & ME    1.0000000000000000        27974.681939292263     
 plepton   =    45.407514131409052       -11.979806786012682       -29.176644936577521        32.665559776580210     
 pneutrino =    45.407514131409052        11.979806786012682        29.176644936577521       -32.665559776580210     
 pleptonlab   =    42.483831410412620       -11.979806786012682       -29.176644936577521        28.461770627133937     
 pneutrinolab =    48.747655604529513        11.979806786012682        29.176644936577521       -37.168943795338599     
 sqrt(s) =    90.815028262818103     
 sqrt_fs_cm =    90.815028262818103     
 phind channel           0
 bbb pw(0) qmod c1q   0.0000000000000000        0.0000000000000000        0.0000000000000000        0.0000000000000000     
 reduced to Born momenta
   45.407514131409052        0.0000000000000000        0.0000000000000000        45.407460421923098     
   45.407514131409052        0.0000000000000000        0.0000000000000000       -45.407460421923098     
   45.407514131409052       -11.979806786012682       -29.176644936577521        32.665559776580210     
   45.407514131409052        11.979806786012682        29.176644936577521       -32.665559776580210     
 isvec for ranlux 
     6421334     2423437     5715606     3926529     7706024    16732713    16568292    10697716    10804217    12296899    13403552     1093186    11046168     8745017     6064867     7111243    12495416     9149192     9988395     7047572    10817188      356677    10759454     5582999    -4161404
  
 ====== DUMPING at point            1
 propag    0.0000000000000000        0.0000000000000000        0.0000000000000000        0.0000000000000000     
 test props.    0.0000000000000000        0.0000000000000000     
 Var           2.0685904885209005     
 Var before    1.7943640613618388     
 iev, nphot and rad. pattern    0.0000000000000000                0               0           0           0           0
 partons...            1          -1
 x1 & x2   0.84819084465000449       0.99912213656846594     
 sv & ME    1.0000000000000000        23933.848039908604     
 plepton   =    46.028421896816212        26.861225363275132        3.7159051283806503        37.192352435414215     
 pneutrino =    46.028421896816226       -26.861225363275132       -3.7159051283806503       -37.192352435414215     
 pleptonlab   =    43.133898686801622        26.861225363275132        3.7159051283806503        33.543832119959376     
 pneutrinolab =    49.231750374121908       -26.861225363275132       -3.7159051283806503       -41.090396715882449     
 sqrt(s) =    92.056843793632439     
 sqrt_fs_cm =    92.056843793632439     
 phind channel           0
 bbb pw(0) qmod c1q   0.0000000000000000        0.0000000000000000        0.0000000000000000        0.0000000000000000     
 reduced to Born momenta
   46.028421896816219        0.0000000000000000        0.0000000000000000        46.028368911853818     
   46.028421896816219        0.0000000000000000        0.0000000000000000       -46.028368911853818     
   46.028421896816212        26.861225363275132        3.7159051283806503        37.192352435414215     
   46.028421896816226       -26.861225363275132       -3.7159051283806503       -37.192352435414215     
 isvec for ranlux 
    10671788    15112082    16580349    15196529    12173453     4126535    14349879    14774021     1833402    14749546    12999650    11317858    16659325    10501234     7001243    11690730    15931723    11335180     5068908     1086744     3192185    13920432    14783369     9387395    -4011707
  
 ====== DUMPING at point            1
 propag    0.0000000000000000        0.0000000000000000        0.0000000000000000        0.0000000000000000     
 test props.    0.0000000000000000        0.0000000000000000     
 Var          0.82220850543795554     
 Var before   0.71969618206003405     
 iev, nphot and rad. pattern    0.0000000000000000                0               0           0           0           0
 partons...            1          -1
 x1 & x2   0.99951440767343125       0.82770976001324625     
 sv & ME    1.0000000000000000        18222.423733816446     
 plepton   =    45.478231894642676        42.849498311417769       -12.823140199978670        8.2307947637469070     
 pneutrino =    45.478231894642676       -42.849498311417769        12.823140199978670       -8.2307947637469070     
 pleptonlab   =    46.457947953916950        42.849498311417769       -12.823140199978670        12.562536936020727     
 pneutrinolab =    44.903260430416921       -42.849498311417769        12.823140199978670       -3.9723045530114760     
 sqrt(s) =    90.956463789285351     
 sqrt_fs_cm =    90.956463789285351     
 phind channel           0
 bbb pw(0) qmod c1q   0.0000000000000000        0.0000000000000000        0.0000000000000000        0.0000000000000000     
 reduced to Born momenta
   45.478231894642668        0.0000000000000000        0.0000000000000000        45.478178268674014     
   45.478231894642683        0.0000000000000000        0.0000000000000000       -45.478178268674029     
   45.478231894642676        42.849498311417769       -12.823140199978670        8.2307947637469070     
   45.478231894642676       -42.849498311417769        12.823140199978670       -8.2307947637469070     
 isvec for ranlux 
    16299211     3254293    16131975     5266621    16545363    14473301     5355798     5599353    11050532    14547556    11682091     8225026    12673044    12120042     6959192    14507471     7976243    13182463     2472364    15582834    14772810    14376851    13178594     7905684     4032111
  
 ====== DUMPING at point            1
 propag    0.0000000000000000        0.0000000000000000        0.0000000000000000        0.0000000000000000     
 test props.    0.0000000000000000        0.0000000000000000     
 Var          0.76533350728789962     
 Var before   0.57594917844691451     
 iev, nphot and rad. pattern    0.0000000000000000                0               0           0           0           0
 partons...            1          -1
 x1 & x2   0.99986897247859818       0.86181953054405791     
 sv & ME    1.0000000000000000        7659.6402607323298     
 plepton   =    46.414076756601425       -26.249891075695565       -18.572778632335599       -33.470142961520146     
 pneutrino =    46.414076756601411        26.249891075695565        18.572778632335599        33.470142961520146     
 pleptonlab   =    44.053455456935396       -26.249891075695565       -18.572778632335599       -30.111308280994677     
 pneutrinolab =    49.030969694197417        26.249891075695565        18.572778632335599        37.013780377721687     
 sqrt(s) =    92.828153513202835     
 sqrt_fs_cm =    92.828153513202835     
 phind channel           0
 bbb pw(0) qmod c1q   0.0000000000000000        0.0000000000000000        0.0000000000000000        0.0000000000000000     
 reduced to Born momenta
   46.414076756601418        0.0000000000000000        0.0000000000000000        46.414024211891906     
   46.414076756601418        0.0000000000000000        0.0000000000000000       -46.414024211891906     
   46.414076756601425       -26.249891075695565       -18.572778632335599       -33.470142961520146     
   46.414076756601411        26.249891075695565        18.572778632335599        33.470142961520146     
 isvec for ranlux 
     1948374     8671651     4823179    12041177      945790    14706172    15752365     3472617     5950536     1314392     5216746    14238364     5005588     6648891    15103801      817999     4819676    14947327    12782556      118696     8196223    16643681    15944295     5417153    -4030721
  
 ====== DUMPING at point            1
 propag    0.0000000000000000        0.0000000000000000        0.0000000000000000        0.0000000000000000     
 test props.    0.0000000000000000        0.0000000000000000     
 Var          0.72234332852573768     
 Var before   0.62767061388272749     
 iev, nphot and rad. pattern    0.0000000000000000                0               0           0           0           0
 partons...            1          -1
 x1 & x2   0.81963211203559827       0.99982067150122178     
 sv & ME    1.0000000000000000        15255.994121057392     
 plepton   =    45.262708951171845       -30.569471129000103       -18.065952298292839       -28.068317732918384     
 pneutrino =    45.262708951171831        30.569471129000103        18.065952298292839        28.068317732918384     
 pleptonlab   =    48.279783488456836       -30.569471129000103       -18.065952298292839       -32.711697180822611     
 pneutrinolab =    42.692855688384171        30.569471129000103        18.065952298292839        23.702269207541431     
 sqrt(s) =    90.525417902343676     
 sqrt_fs_cm =    90.525417902343676     
 phind channel           0
 bbb pw(0) qmod c1q   0.0000000000000000        0.0000000000000000        0.0000000000000000        0.0000000000000000     
 reduced to Born momenta
   45.262708951171838        0.0000000000000000        0.0000000000000000        45.262655069857438     
   45.262708951171838        0.0000000000000000        0.0000000000000000       -45.262655069857438     
   45.262708951171845       -30.569471129000103       -18.065952298292839       -28.068317732918384     
   45.262708951171831        30.569471129000103        18.065952298292839        28.068317732918384     
 isvec for ranlux 
    12039140    13414567       24956      680525     5161984    15245004     2427930     4072528    10460989    10949186    15097278     6403010    13177578     2354914     6551446    11760129     9565449    15230204    12264909     7341336     7576794     6409704     4349288     8230537    -4080317
  
 ====== DUMPING at point            1
 propag    0.0000000000000000        0.0000000000000000        0.0000000000000000        0.0000000000000000     
 test props.    0.0000000000000000        0.0000000000000000     
 Var          0.56588712731371016     
 Var before   0.51162910047109667     
 iev, nphot and rad. pattern    0.0000000000000000                0               0           0           0           0
 partons...            1          -1
 x1 & x2   0.99988268044067308       0.82632365354436255     
 sv & ME    1.0000000000000000        27488.711364430172     
 plepton   =    45.448506840639638       -31.190515729093239        13.321833848166859        30.252868985060292     
 pneutrino =    45.448506840639638        31.190515729093239       -13.321833848166859       -30.252868985060292     
 pleptonlab   =    48.543404227691539       -31.190515729093239        13.321833848166859        34.729402554559087     
 pneutrinolab =    42.766912471560232        31.190515729093239       -13.321833848166859       -26.051451209743568     
 sqrt(s) =    90.897013681279276     
 sqrt_fs_cm =    90.897013681279276     
 phind channel           0
 bbb pw(0) qmod c1q   0.0000000000000000        0.0000000000000000        0.0000000000000000        0.0000000000000000     
 reduced to Born momenta
   45.448506840639638        0.0000000000000000        0.0000000000000000        45.448453179597522     
   45.448506840639638        0.0000000000000000        0.0000000000000000       -45.448453179597522     
   45.448506840639638       -31.190515729093239        13.321833848166859        30.252868985060292     
   45.448506840639638        31.190515729093239       -13.321833848166859       -30.252868985060292     
 isvec for ranlux 
     1557697     2758898    12299107    12897799     9719336    12650748     3944842    11864134     1592213     5193147     1439382    14514151    13647109    11293445     6602871     1680709     7646021     3836307     1590689    12608638     8765967     5583163     6364299      289554    -4082414
  
