 ====== DUMPING at point            1
 propag    0.0000000000000000        0.0000000000000000        0.0000000000000000        0.0000000000000000     
 test props.    0.0000000000000000        0.0000000000000000     
 Var           2.4823681154514423     
 Var before    0.0000000000000000     
 iev, nphot and rad. pattern    0.0000000000000000                1               0           0           0           1
 partons...            1          -1
 x1 & x2   0.90261999448895947       0.93864780511444623     
 sv & ME    1.0000000000000000        730.74391686409501     
 plepton   =    45.753080466585146        37.423095415093456       -17.746769735889693       -19.439580807838073     
 pneutrino =    40.642277233571569       -32.435725626310173        17.831607537560132        16.785142560019441     
 pleptonlab   =    46.142285726621800        37.423095415093456       -17.746769735889693       -20.338718294913679     
 pneutrinolab =    40.321564397435104       -32.435725626310173        17.831607537560132        15.992963061490258     
 sqrt(s) =    92.045764523929932     
 sqrt_fs_cm =    86.210386467431434     
 phind channel           0
 bbb pw(0) qmod c1q   0.0000000000000000        0.0000000000000000        0.0000000000000000        0.0000000000000000     
 reduced to Born momenta
   46.022882261964966        0.0000000000000000        0.0000000000000000        46.022829270624918     
   46.022882261964966        0.0000000000000000        0.0000000000000000       -46.022829270624918     
   46.022882261964966        37.214878679493609       -18.994644959415858       -19.296393335116566     
   46.022882261964966       -37.214878679493609        18.994644959415858        19.296393335116566     
 >> Photon n.           1
 cm momentum     5.6504068237732197       -4.9873697887832869       -8.4837801670439972E-002   2.6544382478186335     
 lab momentum    5.5995398561134220       -4.9873697887832869       -8.4837801670439972E-002   2.5443647021490858     
 c_ph_up    0.46977825324903899     
 c_ph_up lab   0.45438817608757964     
 c_ph_lep -0.91573493345068369     
 c_ph_lep lab  -0.91683187523254961     
 isvec for ranlux 
     9644655    14614328     8305202     1457455     6611641    14048799     7267313     8683348    14048746     9318201     4464668     5476536     8218591     7359978     7668616    13721940      957152    13197359    14184585     9294164    15939178     5902395     5267822    14659295     4201404
  
 ====== DUMPING at point            1
 propag    0.0000000000000000        0.0000000000000000        0.0000000000000000        0.0000000000000000     
 test props.    0.0000000000000000        0.0000000000000000     
 Var           1.7880727404319050     
 Var before    1.2829723020142236     
 iev, nphot and rad. pattern    0.0000000000000000                0               0           0           1           0
 partons...            1          -1
 x1 & x2   0.95066971796418043       0.79677444809570286     
 sv & ME   0.70775757291448804        1244.4909552965905     
 plepton   =    43.516357265176957        31.714972817119904        29.764467462984435        1.3781007921548738     
 pneutrino =    43.516357265176957       -31.714972817119904       -29.764467462984435       -1.3781007921548738     
 pleptonlab   =    43.807945228418049        31.714972817119904        29.764467462984435        5.2308581799637501     
 pneutrinolab =    43.564263074576154       -31.714972817119904       -29.764467462984435        2.4639053134601312     
 sqrt(s) =    87.032714530353914     
 sqrt_fs_cm =    87.032714530353914     
 phind channel           0
 bbb pw(0) qmod c1q   0.0000000000000000        0.0000000000000000        0.0000000000000000        0.0000000000000000     
 reduced to Born momenta
   43.516357265176957        0.0000000000000000        0.0000000000000000        43.516301221552816     
   43.516357265176957        0.0000000000000000        0.0000000000000000       -43.516301221552816     
   43.516357265176957        31.714972817119904        29.764467462984435        1.3781007921548738     
   43.516357265176957       -31.714972817119904       -29.764467462984435       -1.3781007921548738     
 isvec for ranlux 
     6252439      346129     5312835     8261683     9079631     4152189    11690151     3251140     4683020     2530188    16021290    11618951     3342516     5282467     2561248    15711547    15779543    10985280     8292142     1596633    16558285    12472361     3784938     8334133     4140519
  
 ====== DUMPING at point            1
 propag    0.0000000000000000        0.0000000000000000        0.0000000000000000        0.0000000000000000     
 test props.    0.0000000000000000        0.0000000000000000     
 Var           1.7539729666245034     
 Var before    1.3572207857210068     
 iev, nphot and rad. pattern    0.0000000000000000                0               0           0           1           0
 partons...            1          -1
 x1 & x2   0.91201925063714384       0.92455378856375747     
 sv & ME   0.68292327298171807        17206.168946003247     
 plepton   =    45.913256621036226       -43.778524137484276       -7.5467178849065943        11.597579202876611     
 pneutrino =    45.913256621036211        43.778524137484276        7.5467178849065943       -11.597579202876611     
 pleptonlab   =    45.835171119817765       -43.778524137484276       -7.5467178849065943        11.284485872242739     
 pneutrinolab =    45.993480840227306        43.778524137484276        7.5467178849065943       -11.911212768573419     
 sqrt(s) =    91.826513242072437     
 sqrt_fs_cm =    91.826513242072437     
 phind channel           0
 bbb pw(0) qmod c1q   0.0000000000000000        0.0000000000000000        0.0000000000000000        0.0000000000000000     
 reduced to Born momenta
   45.913256621036219        0.0000000000000000        0.0000000000000000        45.913203503170259     
   45.913256621036219        0.0000000000000000        0.0000000000000000       -45.913203503170259     
   45.913256621036226       -43.778524137484276       -7.5467178849065943        11.597579202876611     
   45.913256621036211        43.778524137484276        7.5467178849065943       -11.597579202876611     
 isvec for ranlux 
     8965487     2126720     7254733    12923904     5337694    14130607     1878020     8597149     6833174     1891112    11634831     6803766      471344     6208649      964748     8738368    12913065     1505022     4123979     3215547    11907780     4934906    11898556     4780317     4221101
  
 ====== DUMPING at point            1
 propag    0.0000000000000000        0.0000000000000000        0.0000000000000000        0.0000000000000000     
 test props.    0.0000000000000000        0.0000000000000000     
 Var           1.8665291418616561     
 Var before    1.6269560913921179     
 iev, nphot and rad. pattern    0.0000000000000000                0               0           0           0           1
 partons...            1          -1
 x1 & x2   0.80945737137026852       0.96369827791448026     
 sv & ME   0.70421030911337101        2394.7676824458767     
 plepton   =    44.160861484880193       -10.260860362355743        42.901586117611565        2.0830690369505631     
 pneutrino =    44.160861484880193        10.260860362355743       -42.901586117611565       -2.0830690369505631     
 pleptonlab   =    44.147002538233394       -10.260860362355743        42.901586117611565       -1.7650276589088572     
 pneutrinolab =    44.510779926004062        10.260860362355743       -42.901586117611565       -5.9470176683017337     
 sqrt(s) =    88.321722969760387     
 sqrt_fs_cm =    88.321722969760387     
 phind channel           0
 bbb pw(0) qmod c1q   0.0000000000000000        0.0000000000000000        0.0000000000000000        0.0000000000000000     
 reduced to Born momenta
   44.160861484880193        0.0000000000000000        0.0000000000000000        44.160806259183886     
   44.160861484880193        0.0000000000000000        0.0000000000000000       -44.160806259183886     
   44.160861484880193       -10.260860362355743        42.901586117611565        2.0830690369505631     
   44.160861484880193        10.260860362355743       -42.901586117611565       -2.0830690369505631     
 isvec for ranlux 
    15326067    13686972    12635121    13902960    13679249    15597591     9630857    11203193     9414693    13903049     1041894    12159642    14667289     9413416    16351989    16702048    13674632     3503371    11931980     1731313     7232330     5707229     4337415    14161190     4071606
  
 ====== DUMPING at point            1
 propag    0.0000000000000000        0.0000000000000000        0.0000000000000000        0.0000000000000000     
 test props.    0.0000000000000000        0.0000000000000000     
 Var           2.3880182207906286     
 Var before    1.6136746105041375     
 iev, nphot and rad. pattern    0.0000000000000000                0               0           1           0           0
 partons...            1          -1
 x1 & x2   0.89061847178355591       0.97952975300867529     
 sv & ME   0.67586960601584745        7735.9868152308782     
 plepton   =    46.700837564521002        27.997830846237274       -24.293160414082138        28.406352996072293     
 pneutrino =    46.700837564521002       -27.997830846237274        24.293160414082138       -28.406352996072293     
 pleptonlab   =    45.401671388982606        27.997830846237274       -24.293160414082138        26.215728603699944     
 pneutrinolab =    48.105739850628943       -27.997830846237274        24.293160414082138       -30.661292664955916     
 sqrt(s) =    93.401675129042005     
 sqrt_fs_cm =    93.401675129042005     
 phind channel           0
 bbb pw(0) qmod c1q   0.0000000000000000        0.0000000000000000        0.0000000000000000        0.0000000000000000     
 reduced to Born momenta
   46.700837564520995        0.0000000000000000        0.0000000000000000        46.700785342456236     
   46.700837564521009        0.0000000000000000        0.0000000000000000       -46.700785342456250     
   46.700837564521002        27.997830846237274       -24.293160414082138        28.406352996072293     
   46.700837564521002       -27.997830846237274        24.293160414082138       -28.406352996072293     
 isvec for ranlux 
     4925990     5576093    15184408    11784099    11845403    13164298      418628     8394559    12727338     1012832     9828754     3599171     1962348     6110377     1170785     8157080     6470367    12307127     8788506     3545955     7555912     3534851     9276842     7912478     4132414
  
 ====== DUMPING at point            1
 propag    0.0000000000000000        0.0000000000000000        0.0000000000000000        0.0000000000000000     
 test props.    0.0000000000000000        0.0000000000000000     
 Var           10.651421117118455     
 Var before    1.5425758957119180     
 iev, nphot and rad. pattern    0.0000000000000000                0               0           0           0           1
 partons...            1          -1
 x1 & x2   0.99821438144643770       0.84376246690047541     
 sv & ME   0.67500372343673509        29485.786525745156     
 plepton   =    45.887248473426098       -4.7527009254285506        27.427870169628580        36.479476156352725     
 pneutrino =    45.887248473426084        4.7527009254285506       -27.427870169628580       -36.479476156352725     
 pleptonlab   =    49.119078423598971       -4.7527009254285506        27.427870169628580        40.469698211916871     
 pneutrinolab =    42.979763993746658        4.7527009254285506       -27.427870169628580       -32.747102484618758     
 sqrt(s) =    91.774496946852182     
 sqrt_fs_cm =    91.774496946852182     
 phind channel           0
 bbb pw(0) qmod c1q   0.0000000000000000        0.0000000000000000        0.0000000000000000        0.0000000000000000     
 reduced to Born momenta
   45.887248473426091        0.0000000000000000        0.0000000000000000        45.887195325453760     
   45.887248473426091        0.0000000000000000        0.0000000000000000       -45.887195325453760     
   45.887248473426098       -4.7527009254285506        27.427870169628580        36.479476156352725     
   45.887248473426084        4.7527009254285506       -27.427870169628580       -36.479476156352725     
 isvec for ranlux 
      128384    11388086    10466586    16512364     6221064    10759867     4294357     4958074     2428245      140484    15658108     6187047     6125357     5290921     3091457    10559473     4129276    15535479    13747368    10865395     4704666    11572707     3324263     2372157     4192111
  
 ====== DUMPING at point            1
 propag    0.0000000000000000        0.0000000000000000        0.0000000000000000        0.0000000000000000     
 test props.    0.0000000000000000        0.0000000000000000     
 Var           5.8119353215675940     
 Var before    3.5127830805306735     
 iev, nphot and rad. pattern    0.0000000000000000                1               1           0           0           0
 partons...            1          -1
 x1 & x2   0.99986651816685557       0.87041779440710443     
 sv & ME    1.0000000000000000        151.21987210748080     
 plepton   =    44.618288738468749       -37.684789746069313        10.879519637955212       -21.266715790168323     
 pneutrino =    45.224942385961462        39.779704683086656       -8.6301555279075401        19.707352968184360     
 pleptonlab   =    43.250066126235865       -37.684789746069313        10.879519637955212       -18.222231764364174     
 pneutrinolab =    46.700949752248775        39.779704683086656       -8.6301555279075401        22.892423527471621     
 sqrt(s) =    93.289957093156872     
 sqrt_fs_cm =    89.777092061250741     
 phind channel           0
 bbb pw(0) qmod c1q   0.0000000000000000        0.0000000000000000        0.0000000000000000        0.0000000000000000     
 reduced to Born momenta
   44.888546030625371        0.0000000000000000        0.0000000000000000        44.888491700189398     
   44.888546030625371        0.0000000000000000        0.0000000000000000       -44.888491700189398     
   44.888546030625371       -38.728709508584629        9.7586361089491991       -20.489667692397656     
   44.888546030625371        38.728709508584629       -9.7586361089491991        20.489667692397656     
 >> Photon n.           1
 cm momentum     3.4467259687266578       -2.0949149370173430       -2.2493641100476713        1.5593628219839628     
 lab momentum    3.5631997502133315       -2.0949149370173430       -2.2493641100476713        1.8022444248801046     
 c_ph_up    0.45241856652736639     
 c_ph_up lab   0.50579382331069223     
 c_ph_lep  0.13858102264573086     
 c_ph_lep lab   0.14037875494713656     
 isvec for ranlux 
     6248706     2443650     5424569     7840856     8854079     5077390    15263352    16554528     1529883     2696089     2519233     5653265    15789071      882553     5947087     9218297     5428618    10255587     4747224    14768239    10404210    13291405    15495887    10569314     4080721
  
 ====== DUMPING at point            1
 propag    0.0000000000000000        0.0000000000000000        0.0000000000000000        0.0000000000000000     
 test props.    0.0000000000000000        0.0000000000000000     
 Var           2.5854541899301235     
 Var before    2.1113789760980173     
 iev, nphot and rad. pattern    0.0000000000000000                0               0           1           0           0
 partons...            1          -1
 x1 & x2   0.83344118034229919       0.99922930506549301     
 sv & ME   0.76361412378546856        20423.511905637675     
 plepton   =    45.628906721682476        9.1647457923916171       -32.197743009550592       -31.004818086489529     
 pneutrino =    45.628906721682476       -9.1647457923916171        32.197743009550592        31.004818086489529     
 pleptonlab   =    48.633085721083113        9.1647457923916171       -32.197743009550592       -35.277168859115186     
 pneutrinolab =    43.000438549306516       -9.1647457923916171        32.197743009550592        26.987762622955493     
 sqrt(s) =    91.257813443364952     
 sqrt_fs_cm =    91.257813443364952     
 phind channel           0
 bbb pw(0) qmod c1q   0.0000000000000000        0.0000000000000000        0.0000000000000000        0.0000000000000000     
 reduced to Born momenta
   45.628906721682476        0.0000000000000000        0.0000000000000000        45.628853272796590     
   45.628906721682476        0.0000000000000000        0.0000000000000000       -45.628853272796590     
   45.628906721682476        9.1647457923916171       -32.197743009550592       -31.004818086489529     
   45.628906721682476       -9.1647457923916171        32.197743009550592        31.004818086489529     
 isvec for ranlux 
    14902313     9928972     4799160     2701921    12896674      994906     4989402     1593852     3619565    10431950     8726416    10407135     5333250    10378542     9914156    14939389     3289939    14228418    14454888     1597759     1973254     3860146     2875092     2125098     4191303
  
 ====== DUMPING at point            1
 propag    0.0000000000000000        0.0000000000000000        0.0000000000000000        0.0000000000000000     
 test props.    0.0000000000000000        0.0000000000000000     
 Var           1.3022577735626497     
 Var before    1.1020296274675707     
 iev, nphot and rad. pattern    0.0000000000000000                1               0           0           1           0
 partons...            1          -1
 x1 & x2   0.99952060686549560       0.83022901621988587     
 sv & ME    1.0000000000000000        2384946.0764376135     
 plepton   =    45.367658339494369        9.6230078336456497        40.319825400501898        18.436991604496146     
 pneutrino =    45.543440535005878       -9.6151964169997957       -40.496865726278969       -18.486364604334515     
 pleptonlab   =    47.276264283952727        9.6230078336456497        40.319825400501898        22.731990692882839     
 pneutrinolab =    44.021874722750091       -9.6151964169997957       -40.496865726278969       -14.334090645181474     
 sqrt(s) =    91.095060795272744     
 sqrt_fs_cm =    90.910912747485199     
 phind channel           0
 bbb pw(0) qmod c1q   0.0000000000000000        0.0000000000000000        0.0000000000000000        0.0000000000000000     
 reduced to Born momenta
   45.547530397636372        0.0000000000000000        0.0000000000000000        45.547476853257301     
   45.547530397636372        0.0000000000000000        0.0000000000000000       -45.547476853257301     
   45.547530397636365        9.6385903512927982        40.490110909303809        18.499050143842052     
   45.547530397636379       -9.6385903512927982       -40.490110909303809       -18.499050143842052     
 >> Photon n.           1
 cm momentum    0.18396192077249576       -7.8114166458533628E-003  0.17704032577707127        4.9372999838366870E-002
 lab momentum   0.18934214756626019       -7.8114166458533628E-003  0.17704032577707127        6.6679484579117848E-002
 c_ph_up    0.26838706418719155     
 c_ph_up lab   0.35216398163955226     
 c_ph_lep  0.95536207016956498     
 c_ph_lep lab   0.95838133691093752     
 isvec for ranlux 
    16299211     3254293    16131975     5266621    16545363    14473301     5355798     5599353    11050532    14547556    11682091     8225026    12673044    12120042     6959192    14507471     7976243    13182463     2472364    15582834    14772810    14376851    13178594     7905684     4032111
  
 ====== DUMPING at point            1
 propag    0.0000000000000000        0.0000000000000000        0.0000000000000000        0.0000000000000000     
 test props.    0.0000000000000000        0.0000000000000000     
 Var           2.0139348816778853     
 Var before    1.2658525823981139     
 iev, nphot and rad. pattern    0.0000000000000000                1               0           0           0           1
 partons...            1          -1
 x1 & x2   0.99986421648888024       0.82432787717666389     
 sv & ME    1.0000000000000000        191803448143.33572     
 plepton   =    45.393169674214683      -0.68060545800576455       -31.217454614613910        32.947473241139889     
 pneutrino =    45.347644081943770       0.67996936359563553        31.186236501468411       -32.914342688715998     
 pleptonlab   =    48.790016423058404      -0.68060545800576455       -31.217454614613910        37.489489760009995     
 pneutrinolab =    42.377053009861875       0.67996936359563553        31.186236501468411       -28.683789021819035     
 sqrt(s) =    90.786339668652062     
 sqrt_fs_cm =    90.740802335669954     
 phind channel           0
 bbb pw(0) qmod c1q   0.0000000000000000        0.0000000000000000        0.0000000000000000        0.0000000000000000     
 reduced to Born momenta
   45.393169834326031        0.0000000000000000        0.0000000000000000        45.393116107867797     
   45.393169834326031        0.0000000000000000        0.0000000000000000       -45.393116107867797     
   45.393169834326031      -0.68062872802778540       -31.217500048788342        32.947429932469426     
   45.393169834326031       0.68062872802778540        31.217500048788342       -32.947429932469426     
 >> Photon n.           1
 cm momentum     4.5525912493610779E-002   6.3609441012896250E-004   3.1218113145498442E-002  -3.3130552423890638E-002
 lab momentum    4.2535250356910685E-002   6.3609441012896250E-004   3.1218113145498442E-002  -2.8883772580141437E-002
 c_ph_up   -0.72772956343357786     
 c_ph_up lab  -0.67905495648384495     
 c_ph_lep -0.99999568211468270     
 c_ph_lep lab  -0.99158197873204723     
 isvec for ranlux 
    14376841     9367055    11411008     3416353     1394422    12230973     5252183    16075032     6397709     9393473    12531793     9363946    15390017     9736584    16117207    13485524     9250666     8140315     3126542     1982896     8250996    15449780     6880094     7144020    -4021707
  
 ====== DUMPING at point            1
 propag    0.0000000000000000        0.0000000000000000        0.0000000000000000        0.0000000000000000     
 test props.    0.0000000000000000        0.0000000000000000     
 Var          0.68722016509652584     
 Var before   0.57383798039392886     
 iev, nphot and rad. pattern    0.0000000000000000                1               0           0           1           0
 partons...            1          -1
 x1 & x2   0.76673313714818914       0.99988389159802493     
 sv & ME    1.0000000000000000        1015463.2421795104     
 plepton   =    41.889230797628620        41.833013476822551       -2.1453094670472441      -0.30516202927421737     
 pneutrino =    43.779038296759218       -43.721151355351751        2.2278660572980784       0.30094433173946311     
 pleptonlab   =    42.299501334967900        41.833013476822551       -2.1453094670472441       -5.8850046927817719     
 pneutrinolab =    44.125287715778022       -43.721151355351751        2.2278660572980784       -5.5251596630221060     
 sqrt(s) =    87.558215661860871     
 sqrt_fs_cm =    85.647419293289531     
 phind channel           0
 bbb pw(0) qmod c1q   0.0000000000000000        0.0000000000000000        0.0000000000000000        0.0000000000000000     
 reduced to Born momenta
   43.779107830930435        0.0000000000000000        0.0000000000000000        43.779052123665657     
   43.779107830930435        0.0000000000000000        0.0000000000000000       -43.779052123665657     
   43.779107830930435        43.720799592778043       -2.2349053857239687      -0.30983812833116836     
   43.779107830930435       -43.720799592778043        2.2349053857239687       0.30983812833116836     
 >> Photon n.           1
 cm momentum     1.8899465674730291        1.8881378785291996       -8.2556590250834436E-002   4.2176975347542568E-003
 lab momentum    1.9060623865648005        1.8881378785291996       -8.2556590250834436E-002 -0.24737336668791240     
 c_ph_up     2.2316490885737417E-003
 c_ph_up lab  -0.12978240818955611     
 c_ph_lep  0.99992627784081412     
 c_ph_lep lab   0.99992760624791821     
 isvec for ranlux 
    16575667    16622680     6248223    14956727    13110558     1205945    11242040     6890570    14658205      621134     7421034    11519576    13204167     8090949    16466493    11015029     5120304      201156    13109540    13654731     2695017     9785481     4861148      143676    -4200721
  
 ====== DUMPING at point            1
 propag    0.0000000000000000        0.0000000000000000        0.0000000000000000        0.0000000000000000     
 test props.    0.0000000000000000        0.0000000000000000     
 Var          0.80690267373822167     
 Var before   0.68259498300697774     
 iev, nphot and rad. pattern    0.0000000000000000                0               0           1           0           0
 partons...            1          -1
 x1 & x2   0.87073962597039389       0.99983677226072942     
 sv & ME   0.68044951292929023        9828.5590815152100     
 plepton   =    46.652907120289782        18.460920849693938       -22.806518625629192        36.270369292896390     
 pneutrino =    46.652907120289754       -18.460920849693938        22.806518625629192       -36.270369292896390     
 pleptonlab   =    44.255240935219291        18.460920849693938       -22.806518625629192        33.129628674390624     
 pneutrinolab =    49.273578976336886       -18.460920849693938        22.806518625629192       -39.584485988907403     
 sqrt(s) =    93.305814240579537     
 sqrt_fs_cm =    93.305814240579537     
 phind channel           0
 bbb pw(0) qmod c1q   0.0000000000000000        0.0000000000000000        0.0000000000000000        0.0000000000000000     
 reduced to Born momenta
   46.652907120289768        0.0000000000000000        0.0000000000000000        46.652854844572843     
   46.652907120289768        0.0000000000000000        0.0000000000000000       -46.652854844572843     
   46.652907120289782        18.460920849693938       -22.806518625629192        36.270369292896390     
   46.652907120289754       -18.460920849693938        22.806518625629192       -36.270369292896390     
 isvec for ranlux 
    13452352     7685781    12040999      377492     2027616    10867852     4039603    13333254    16608482     8283248     4576519     7678115     1422877    16276106    10765401     9788787     9530970    13032368     3894472      306732    14245216    14571762    11462555    11912083     4051404
  
 ====== DUMPING at point            1
 propag    0.0000000000000000        0.0000000000000000        0.0000000000000000        0.0000000000000000     
 test props.    0.0000000000000000        0.0000000000000000     
 Var          0.78939135091146218     
 Var before   0.69672579316113337     
 iev, nphot and rad. pattern    0.0000000000000000                1               0           0           1           0
 partons...            1          -1
 x1 & x2   0.82897679331035701       0.99987591127771203     
 sv & ME    1.0000000000000000        1168314.5185336932     
 plepton   =    45.176546078961586       -26.298999124155490       -2.5779044066238308       -36.641864115667602     
 pneutrino =    45.515305430483060        26.570078549970070        2.5929661485232911        36.863794122956520     
 pleptonlab   =    48.814178843934862       -26.298999124155490       -2.5779044066238308       -41.043025551903064     
 pneutrinolab =    42.255423630680056        26.570078549970070        2.5929661485232911        32.753887019982784     
 sqrt(s) =    91.042513510956454     
 sqrt_fs_cm =    90.691173585811839     
 phind channel           0
 bbb pw(0) qmod c1q   0.0000000000000000        0.0000000000000000        0.0000000000000000        0.0000000000000000     
 reduced to Born momenta
   45.521256755478220        0.0000000000000000        0.0000000000000000        45.521203180194739     
   45.521256755478234        0.0000000000000000        0.0000000000000000       -45.521203180194753     
   45.521256755478227       -26.536693350355588       -2.5954372547222109       -36.895003244242950     
   45.521256755478227        26.536693350355588        2.5954372547222109        36.895003244242950     
 >> Photon n.           1
 cm momentum    0.35066200151180626      -0.27107942581457906       -1.5061741899460374E-002 -0.22193000728891571     
 lab momentum   0.37303275478853870      -0.27107942581457906       -1.5061741899460374E-002 -0.25581736644746816     
 c_ph_up   -0.63288866866700888     
 c_ph_up lab  -0.68577722241169814     
 c_ph_lep  0.96580027348629205     
 c_ph_lep lab   0.97024693051142685     
 isvec for ranlux 
    16281071     6216508     5788901     5598226     2151985    11312847     4878172    15215368      933416    10490822     4859569     3569103     7793955     9042226    15803846    11186175     1469788    15694173    11573162    10117844     1302401    12204826     4381916     1083041    -4200822
  
 ====== DUMPING at point            1
 propag    0.0000000000000000        0.0000000000000000        0.0000000000000000        0.0000000000000000     
 test props.    0.0000000000000000        0.0000000000000000     
 Var          0.58735588384970483     
 Var before   0.51529353383195720     
 iev, nphot and rad. pattern    0.0000000000000000                0               0           0           1           0
 partons...            1          -1
 x1 & x2   0.85641944490968014       0.99987962703973354     
 sv & ME   0.68525524562056916        10294.824501823183     
 plepton   =    46.268681501796301        31.453458027463324        32.283752487572606        10.450790767159766     
 pneutrino =    46.268681501796287       -31.453458027463324       -32.283752487572606       -10.450790767159766     
 pleptonlab   =    45.597386529142504        31.453458027463324        32.283752487572606        6.8956361586376662     
 pneutrinolab =    47.217567068328179       -31.453458027463324       -32.283752487572606       -14.068645265140335     
 sqrt(s) =    92.537363003592588     
 sqrt_fs_cm =    92.537363003592588     
 phind channel           0
 bbb pw(0) qmod c1q   0.0000000000000000        0.0000000000000000        0.0000000000000000        0.0000000000000000     
 reduced to Born momenta
   46.268681501796294        0.0000000000000000        0.0000000000000000        46.268628791969476     
   46.268681501796294        0.0000000000000000        0.0000000000000000       -46.268628791969476     
   46.268681501796301        31.453458027463324        32.283752487572606        10.450790767159766     
   46.268681501796287       -31.453458027463324       -32.283752487572606       -10.450790767159766     
 isvec for ranlux 
      589876    16710617     5688859    14464672     6555815    10676443     8690630    14425228     3486349    14953393     3964495     2454096     6889208    10385107     6558022     6916769    16140560    10878330     7171221     6209201     3307280     2406960     2255942    12891023    -4131909
  
