 ====== DUMPING at point            1
 propag    0.0000000000000000        0.0000000000000000        0.0000000000000000        0.0000000000000000     
 test props.    0.0000000000000000        0.0000000000000000     
 Var           1.5371471993607950     
 Var before    0.0000000000000000     
 iev, nphot and rad. pattern    0.0000000000000000                0               0           1           0           0
 partons...            1          -1
 x1 & x2   0.94693539778351188       0.97588642440755047     
 sv & ME   0.57594483472722624        911.44694483790386     
 plepton   =    48.065096470513126       -21.088354795801298        38.359754645008636       -19.850764484256235     
 pneutrino =    48.065096470513112        21.088354795801298       -38.359754645008636        19.850764484256235     
 pleptonlab   =    48.369463092289365       -21.088354795801298        38.359754645008636       -20.576790608013148     
 pneutrinolab =    47.771628017263772        21.088354795801298       -38.359754645008636        19.129239276811219     
 sqrt(s) =    96.130192941026237     
 sqrt_fs_cm =    96.130192941026237     
 phind channel           0
 bbb pw(0) qmod c1q   0.0000000000000000        0.0000000000000000        0.0000000000000000        0.0000000000000000     
 reduced to Born momenta
   48.065096470513119        0.0000000000000000        0.0000000000000000        48.065045730698444     
   48.065096470513119        0.0000000000000000        0.0000000000000000       -48.065045730698444     
   48.065096470513126       -21.088354795801298        38.359754645008636       -19.850764484256235     
   48.065096470513112        21.088354795801298       -38.359754645008636        19.850764484256235     
 isvec for ranlux 
     9644655    14614328     8305202     5902523     6611641    14048799     7267313     8683348    14048746     9318201     4464668     5476536     8218591     7359978     7668616    13721940      957152    13197359    14184585     9294164    15939178     5902395     5267822    14659295     4211303
  
 ====== DUMPING at point            1
 propag    0.0000000000000000        0.0000000000000000        0.0000000000000000        0.0000000000000000     
 test props.    0.0000000000000000        0.0000000000000000     
 Var           3.0785570261268971     
 Var before    1.5371471993607950     
 iev, nphot and rad. pattern    0.0000000000000000                0               0           1           0           0
 partons...            1          -1
 x1 & x2   0.94305057698368611       0.89149469140522031     
 sv & ME   0.55694179813643152        20998.627969426918     
 plepton   =    45.845517313789422       -23.265610916508873       -29.672893636659470        26.077404510161951     
 pneutrino =    45.845517313789408        23.265610916508873        29.672893636659470       -26.077404510161951     
 pleptonlab   =    46.596769736013890       -23.265610916508873       -29.672893636659470        27.376605305419979     
 pneutrinolab =    45.130493683431418        23.265610916508873        29.672893636659470       -24.798811026496686     
 sqrt(s) =    91.691034627578830     
 sqrt_fs_cm =    91.691034627578830     
 phind channel           0
 bbb pw(0) qmod c1q   0.0000000000000000        0.0000000000000000        0.0000000000000000        0.0000000000000000     
 reduced to Born momenta
   45.845517313789408        0.0000000000000000        0.0000000000000000        45.845464117438752     
   45.845517313789422        0.0000000000000000        0.0000000000000000       -45.845464117438766     
   45.845517313789422       -23.265610916508873       -29.672893636659470        26.077404510161951     
   45.845517313789408        23.265610916508873        29.672893636659470       -26.077404510161951     
 isvec for ranlux 
      778671     5844720     9587749    10340955     5767304     1229801     7106317     9230034     7070010     1656684    15462261     7797679    14988199    15435044     9850695     6896914     2215452    12845121     6405628     3024976     4819489    10459877     1149857     7981361    -4092010
  
 ====== DUMPING at point            1
 propag    0.0000000000000000        0.0000000000000000        0.0000000000000000        0.0000000000000000     
 test props.    0.0000000000000000        0.0000000000000000     
 Var           2.5721671400488129     
 Var before    2.3223858432910194     
 iev, nphot and rad. pattern    0.0000000000000000                0               1           0           0           0
 partons...            1          -1
 x1 & x2   0.87679363170790459       0.95761431122450724     
 sv & ME   0.55552526360186116        20130.101583285559     
 plepton   =    45.815666799523925       0.81640121273106125       -40.011623278997185        22.303982878243794     
 pneutrino =    45.815666799523910      -0.81640121273106125        40.011623278997185       -22.303982878243794     
 pleptonlab   =    44.876570494713249       0.81640121273106125       -40.011623278997185        20.305144848411231     
 pneutrinolab =    46.843826651907335      -0.81640121273106125        40.011623278997185       -24.346178824241370     
 sqrt(s) =    91.631333599047835     
 sqrt_fs_cm =    91.631333599047835     
 phind channel           0
 bbb pw(0) qmod c1q   0.0000000000000000        0.0000000000000000        0.0000000000000000        0.0000000000000000     
 reduced to Born momenta
   45.815666799523918        0.0000000000000000        0.0000000000000000        45.815613568513939     
   45.815666799523918        0.0000000000000000        0.0000000000000000       -45.815613568513939     
   45.815666799523925       0.81640121273106125       -40.011623278997185        22.303982878243794     
   45.815666799523910      -0.81640121273106125        40.011623278997185       -22.303982878243794     
 isvec for ranlux 
     2803006     6819478    11266704    12521690      381903    12884269    10959814      755982    12350293    13898296    16631971     2580472     9212313    13500588    11285027    11301427    13249530     3480466    12322296     6680866     5860556      319932     9357205      566304    -4230115
  
 ====== DUMPING at point            1
 propag    0.0000000000000000        0.0000000000000000        0.0000000000000000        0.0000000000000000     
 test props.    0.0000000000000000        0.0000000000000000     
 Var           2.2386467903990042     
 Var before    1.8286294197267527     
 iev, nphot and rad. pattern    0.0000000000000000                1               0           0           1           0
 partons...            1          -1
 x1 & x2   0.86162213987822611       0.95881440568901921     
 sv & ME   0.58215866725794840        5373297665.7372799     
 plepton   =    45.439552118982093        27.907283267128136        14.829818233523966       -32.649682462332350     
 pneutrino =    45.445942796927369       -27.910932680623084       -14.833094036719181        32.653969302455366     
 pleptonlab   =    47.250093476047844        27.907283267128136        14.829818233523966       -35.125776882692591     
 pneutrinolab =    43.764981767540142       -27.910932680623084       -14.833094036719181        30.270804806235720     
 sqrt(s) =    90.892008448259205     
 sqrt_fs_cm =    90.885494682505310     
 phind channel           0
 bbb pw(0) qmod c1q   0.0000000000000000        0.0000000000000000        0.0000000000000000        0.0000000000000000     
 reduced to Born momenta
   45.446004224129602        0.0000000000000000        0.0000000000000000        45.445950560132474     
   45.446004224129602        0.0000000000000000        0.0000000000000000       -45.445950560132474     
   45.446004224129602        27.911108167021435        14.832519054123319       -32.654165976886247     
   45.446004224129602       -27.911108167021435       -14.832519054123319        32.654165976886247     
 >> Photon n.           1
 cm momentum     6.5135323497436714E-003   3.6494134949475706E-003   3.2758031952150337E-003  -4.2868401230126193E-003
 lab momentum    6.7520347742778732E-003   3.6494134949475706E-003   3.2758031952150337E-003  -4.6412140827773911E-003
 c_ph_up   -0.65814367578619926     
 c_ph_up lab  -0.68738006214930469     
 c_ph_lep  0.98113856417381162     
 c_ph_lep lab   0.98250201139142246     
 isvec for ranlux 
    13077225     6767474    12978143    11216133     7787453     7756591     1456377     6700084     7382700    12480500    14719702    13291644     7895789     6891298      102469     9060833    10785562     3405521     1113041     5184210    10069583      203884    13164889     3691341     4042414
  
 ====== DUMPING at point            1
 propag    0.0000000000000000        0.0000000000000000        0.0000000000000000        0.0000000000000000     
 test props.    0.0000000000000000        0.0000000000000000     
 Var           2.1871140502192454     
 Var before    1.7899431973948217     
 iev, nphot and rad. pattern    0.0000000000000000                0               0           1           0           0
 partons...            1          -1
 x1 & x2   0.98410210941625953       0.86889468446128815     
 sv & ME   0.55594769691172996        10339.388586837669     
 plepton   =    46.235297442509470        22.390151641884461        34.666759421793955        20.846785520811917     
 pneutrino =    46.235297442509470       -22.390151641884461       -34.666759421793955       -20.846785520811917     
 pleptonlab   =    47.623551309960909        22.390151641884461        34.666759421793955        23.767380510394698     
 pneutrinolab =    45.026288383916494       -22.390151641884461       -34.666759421793955       -18.007009262646132     
 sqrt(s) =    92.470594885018940     
 sqrt_fs_cm =    92.470594885018940     
 phind channel           0
 bbb pw(0) qmod c1q   0.0000000000000000        0.0000000000000000        0.0000000000000000        0.0000000000000000     
 reduced to Born momenta
   46.235297442509463        0.0000000000000000        0.0000000000000000        46.235244694623624     
   46.235297442509477        0.0000000000000000        0.0000000000000000       -46.235244694623638     
   46.235297442509470        22.390151641884461        34.666759421793955        20.846785520811917     
   46.235297442509470       -22.390151641884461       -34.666759421793955       -20.846785520811917     
 isvec for ranlux 
     2097233     6471148     4378437     8640871    15711293     8225040    11065883    15787977     7243899     4917269    11956633    15358016     1047827     9592925      229606     7295905     6628324     2019165    14002484    11234980     6728922     2987987     4664818    12003099    -4080923
  
 ====== DUMPING at point            1
 propag    0.0000000000000000        0.0000000000000000        0.0000000000000000        0.0000000000000000     
 test props.    0.0000000000000000        0.0000000000000000     
 Var           2.4703941850306319     
 Var before    1.9278759436351030     
 iev, nphot and rad. pattern    0.0000000000000000                2               0           0           1           1
 partons...            1          -1
 x1 & x2   0.89296998262543903       0.95260713674212050     
 sv & ME   0.56557146177220230        33271813035.582970     
 plepton   =    46.044699814289160       -29.469479255485126        4.9032637637235679        35.037280347801243     
 pneutrino =    45.922118690646990        29.356151459937163       -4.9944020598766654       -34.958577500692584     
 pleptonlab   =    44.935987233566891       -29.469479255485126        4.9032637637235679        33.566941800493318     
 pneutrinolab =    47.076338707014116        29.356151459937163       -4.9944020598766654       -36.461525227170291     
 sqrt(s) =    92.230666177008644     
 sqrt_fs_cm =    91.966669845131690     
 phind channel           0
 bbb pw(0) qmod c1q   0.0000000000000000        0.0000000000000000        0.0000000000000000        0.0000000000000000     
 reduced to Born momenta
   46.115333088504322        0.0000000000000000        0.0000000000000000        46.115280203400062     
   46.115333088504322        0.0000000000000000        0.0000000000000000       -46.115280203400062     
   46.115333088504322       -29.497209338557493        4.9630693911653525        35.098366993750972     
   46.115333088504322        29.497209338557493       -4.9630693911653525       -35.098366993750972     
 >> Photon n.           1
 cm momentum     5.4392520928272944E-002  -3.4444479099923785E-002   4.5284521832637268E-003   4.1852327453696256E-002
 lab momentum    5.3067836569441265E-002  -3.4444479099923785E-002   4.5284521832637268E-003   4.0115661013122229E-002
 c_ph_up    0.76945004091438673     
 c_ph_up lab   0.75593172072559189     
 c_ph_lep  0.99967102303881439     
 c_ph_lep lab   0.99965449074563095     
 >> Photon n.           2
 cm momentum    0.20945515114422306       0.14777227464788692        8.6609843969833761E-002 -0.12055517456235486     
 lab momentum   0.21346219122753463       0.14777227464788692        8.6609843969833761E-002 -0.12738994017021552     
 c_ph_up   -0.57556557527365382     
 c_ph_up lab  -0.59677987674373412     
 c_ph_lep -0.84547850670068647     
 c_ph_lep lab  -0.85551496763618118     
 isvec for ranlux 
     7705512     6767400    12346605     2442596     4398068    14780140    11606138    14688674    13412440     5267269    10109083     1735670     8876049    16397594    14292833    16049731     7015236     2292865    16408353     4672107     7144624     1147718    13770713    15989233    -4151606
  
 ====== DUMPING at point            1
 propag    0.0000000000000000        0.0000000000000000        0.0000000000000000        0.0000000000000000     
 test props.    0.0000000000000000        0.0000000000000000     
 Var           1.9497409490357618     
 Var before    1.4897046210164537     
 iev, nphot and rad. pattern    0.0000000000000000                2               1           0           1           0
 partons...            1          -1
 x1 & x2   0.99116466264258252       0.83355901362097973     
 sv & ME   0.58088930153351859        31226318.228755869     
 plepton   =    44.884505600017526        4.3447198463726950       -29.078552752330388       -33.914139507777733     
 pneutrino =    45.040641302967764       -5.0773186551637748        29.313063499216298        33.817352777176026     
 pleptonlab   =    42.112640118357525        4.3447198463726950       -29.078552752330388       -30.150032725244291     
 pneutrinolab =    48.141433166188932       -5.0773186551637748        29.313063499216298        37.849062962879351     
 sqrt(s) =    90.895227516538085     
 sqrt_fs_cm =    89.921804817003192     
 phind channel           0
 bbb pw(0) qmod c1q   0.0000000000000000        0.0000000000000000        0.0000000000000000        0.0000000000000000     
 reduced to Born momenta
   45.065330634198709        0.0000000000000000        0.0000000000000000        45.065276516893228     
   45.065330634198709        0.0000000000000000        0.0000000000000000       -45.065276516893228     
   45.065330634198709        4.7216425928878900       -29.263517971714343       -33.944446800947560     
   45.065330634198709       -4.7216425928878900        29.263517971714343        33.944446800947560     
 >> Photon n.           1
 cm momentum    0.76135066926063866       0.71419489278962434       -9.1268195841904667E-002  0.24748861211094744     
 lab momentum   0.78566291899997187       0.71419489278962434       -9.1268195841904667E-002  0.31442327177315788     
 c_ph_up    0.32506520595993965     
 c_ph_up lab   0.40020123664913493     
 c_ph_lep  -7.7150339386705596E-002
 c_ph_lep lab  -0.11252256688732654     
 >> Photon n.           2
 cm momentum    0.20872994429215752        1.8403916001455755E-002 -0.14324255104400482      -0.15070188150923736     
 lab momentum   0.19644760963168106        1.8403916001455755E-002 -0.14324255104400482      -0.13317105832807061     
 c_ph_up   -0.72199454668708773     
 c_ph_up lab  -0.67789604860935981     
 c_ph_lep  0.99866109418986593     
 c_ph_lep lab   0.99848375498748743     
 isvec for ranlux 
    10482904     1249819    12058037    14159976    14147930     6205970     8604369     9431829     9704793     2911077    12566670     7519744     8037451     9579103     1801853     7051106     4729559     8526420      295591      567446    12330918     8671797    12046268    10350963     4080418
  
 ====== DUMPING at point            1
 propag    0.0000000000000000        0.0000000000000000        0.0000000000000000        0.0000000000000000     
 test props.    0.0000000000000000        0.0000000000000000     
 Var           2.4035186126057333     
 Var before    1.6805770649000316     
 iev, nphot and rad. pattern    0.0000000000000000                0               0           0           1           0
 partons...            1          -1
 x1 & x2   0.78801170418191668       0.99690016282409055     
 sv & ME   0.55573712914485751        5927.5447840858360     
 plepton   =    44.316165115176709       -10.097712373767406        36.581376573730886        22.885594150287965     
 pneutrino =    44.316165115176709        10.097712373767406       -36.581376573730886       -22.885594150287965     
 pleptonlab   =    41.925961065198663       -10.097712373767406        36.581376573730886        17.821732248483695     
 pneutrinolab =    47.319632285101711        10.097712373767406       -36.581376573730886       -28.266155180592389     
 sqrt(s) =    88.632330230353418     
 sqrt_fs_cm =    88.632330230353418     
 phind channel           0
 bbb pw(0) qmod c1q   0.0000000000000000        0.0000000000000000        0.0000000000000000        0.0000000000000000     
 reduced to Born momenta
   44.316165115176709        0.0000000000000000        0.0000000000000000        44.316110083016142     
   44.316165115176709        0.0000000000000000        0.0000000000000000       -44.316110083016142     
   44.316165115176709       -10.097712373767406        36.581376573730886        22.885594150287965     
   44.316165115176709        10.097712373767406       -36.581376573730886       -22.885594150287965     
 isvec for ranlux 
     1529830    10969541     5398952    14836342    16636312     5190420     1470932    12386847    11625234     6824400      810679     8482292     6601895    16231455    13558496     6713029     1261892      214096    11394427     5414534     6660712     4299797     3825772    15586491    -4101909
  
 ====== DUMPING at point            1
 propag    0.0000000000000000        0.0000000000000000        0.0000000000000000        0.0000000000000000     
 test props.    0.0000000000000000        0.0000000000000000     
 Var           2.2622174432952633     
 Var before    1.6315835019150158     
 iev, nphot and rad. pattern    0.0000000000000000                1               1           0           0           0
 partons...            1          -1
 x1 & x2   0.99906993316453185       0.77321380600730605     
 sv & ME   0.55565634026043587        11974346289.270527     
 plepton   =    43.940377157347662        23.698410671641494        30.481184892397046        20.976851056157777     
 pneutrino =    43.943980211434010       -23.698553824363277       -30.481231610595508       -20.984167824014985     
 pleptonlab   =    46.996809210730014        23.698410671641494        30.481184892397046        26.794992283858278     
 pneutrinolab =    41.609059171971154       -23.698553824363277       -30.481231610595508       -15.510503138844939     
 sqrt(s) =    87.891675686017763     
 sqrt_fs_cm =    87.884357064075758     
 phind channel           0
 bbb pw(0) qmod c1q   0.0000000000000000        0.0000000000000000        0.0000000000000000        0.0000000000000000     
 reduced to Born momenta
   43.942178532037879        0.0000000000000000        0.0000000000000000        43.942123031504643     
   43.942178532037879        0.0000000000000000        0.0000000000000000       -43.942123031504643     
   43.942178532037879        23.698482246535146        30.481208251017435        20.980509365093766     
   43.942178532037879       -23.698482246535146       -30.481208251017435       -20.980509365093766     
 >> Photon n.           1
 cm momentum     7.3183172360942262E-003   1.4315272178306367E-004   4.6718198461803925E-005   7.3167678572093851E-003
 lab momentum    8.3185758907397978E-003   1.4315272178306367E-004   4.6718198461803925E-005   8.3172128479542945E-003
 c_ph_up    0.99978828754823590     
 c_ph_up lab   0.99983614469550963     
 c_ph_lep  0.49227201710170992     
 c_ph_lep lab   0.58237312139836783     
 isvec for ranlux 
     4582103    14909827     6058609    16033389    16400909    10270577    12793303      310030     7779432    12399011     3122562     7325754    11785470    16087410     4035484     7020979    11753393     9284947      731009     1133262     6407025    14657548    11290772     1908909    -4011606
  
 ====== DUMPING at point            1
 propag    0.0000000000000000        0.0000000000000000        0.0000000000000000        0.0000000000000000     
 test props.    0.0000000000000000        0.0000000000000000     
 Var           1.2747948559655975     
 Var before    1.1061513772932579     
 iev, nphot and rad. pattern    0.0000000000000000                0               0           1           0           0
 partons...            1          -1
 x1 & x2   0.99825562422550917       0.83636448390850548     
 sv & ME   0.56867634572243575        15256.803680971436     
 plepton   =    45.686583095153082       -14.958155956910621       -42.974433501688388       -4.0870951538422791     
 pneutrino =    45.686583095153082        14.958155956910621        42.974433501688388        4.0870951538422791     
 pleptonlab   =    45.503435521798643       -14.958155956910621       -42.974433501688388       -5.5822690012615084E-002
 pneutrinolab =    46.227569884902088        14.958155956910621        42.974433501688388        8.1503797058628003     
 sqrt(s) =    91.373166190306165     
 sqrt_fs_cm =    91.373166190306165     
 phind channel           0
 bbb pw(0) qmod c1q   0.0000000000000000        0.0000000000000000        0.0000000000000000        0.0000000000000000     
 reduced to Born momenta
   45.686583095153082        0.0000000000000000        0.0000000000000000        45.686529713743063     
   45.686583095153082        0.0000000000000000        0.0000000000000000       -45.686529713743063     
   45.686583095153082       -14.958155956910621       -42.974433501688388       -4.0870951538422791     
   45.686583095153082        14.958155956910621        42.974433501688388        4.0870951538422791     
 isvec for ranlux 
    15697820    13958964    15496225    11578598     1704967     5619974     9875627     7164025     7377212     9094670     8478077    13805758     9465217     1972369     1888418    13095976    15555016    16310036     7352882    14970220     9477691      555846    10078497      522600     4061606
  
 ====== DUMPING at point            1
 propag    0.0000000000000000        0.0000000000000000        0.0000000000000000        0.0000000000000000     
 test props.    0.0000000000000000        0.0000000000000000     
 Var           1.3443919350451132     
 Var before   0.95431565423055920     
 iev, nphot and rad. pattern    0.0000000000000000                1               0           0           1           0
 partons...            1          -1
 x1 & x2   0.96472912457459348       0.99985227665595089     
 sv & ME   0.55760075177563151        30433759219.172928     
 plepton   =    49.106043338979589        47.772614220505709        10.746174665705992        3.6999174735592470     
 pneutrino =    49.106682165864335       -47.773217153194189       -10.746376451238815       -3.7000250877207987     
 pleptonlab   =    49.047734704427420        47.772614220505709        10.746174665705992        2.8224415914774688     
 pneutrinolab =    49.180692332526966       -47.773217153194189       -10.746376451238815       -4.5786952963941472     
 sqrt(s) =    98.213370350589713     
 sqrt_fs_cm =    98.212725502726940     
 phind channel           0
 bbb pw(0) qmod c1q   0.0000000000000000        0.0000000000000000        0.0000000000000000        0.0000000000000000     
 reduced to Born momenta
   49.106685175294857        0.0000000000000000        0.0000000000000000        49.106635511709861     
   49.106685175294857        0.0000000000000000        0.0000000000000000       -49.106635511709861     
   49.106685175294857        47.773229356068924        10.746346116667842        3.6999955739525152     
   49.106685175294857       -47.773229356068924       -10.746346116667842       -3.6999955739525152     
 >> Photon n.           1
 cm momentum     6.4484574578833507E-004   6.0293268848001912E-004   2.0178553282399202E-004   1.0761416155185183E-004
 lab momentum    6.4302457280885120E-004   6.0293268848001912E-004   2.0178553282399202E-004   9.6100848805823362E-005
 c_ph_up    0.16688357216390046     
 c_ph_up lab   0.14945128517567680     
 c_ph_lep  0.99066837144949960     
 c_ph_lep lab   0.99063081357855942     
 isvec for ranlux 
     8580474     7453528     6610367     9370130     6454595    13285363    12880910       20013     9703009    16699534     1920148     6241711     6714350     8434631    10339274    15950484     7679134     4788915     9680677     9420690    13578033     7433776    11266006     2295994     4192111
  
 ====== DUMPING at point            1
 propag    0.0000000000000000        0.0000000000000000        0.0000000000000000        0.0000000000000000     
 test props.    0.0000000000000000        0.0000000000000000     
 Var           1.0907153851032028     
 Var before   0.79328172461572832     
 iev, nphot and rad. pattern    0.0000000000000000                0               0           1           0           1
 partons...            1          -1
 x1 & x2   0.99980689882116924       0.84570070213947957     
 sv & ME   0.57497693924184901        13189.572684846436     
 plepton   =    45.976553707758441        17.850966805165477       -19.163790245342202       -37.787887671902695     
 pneutrino =    45.976553707758427       -17.850966805165477        19.163790245342202        37.787887671902695     
 pleptonlab   =    42.971213211309205        17.850966805165477       -19.163790245342202       -34.067669845672370     
 pneutrinolab =    49.304166836723219       -17.850966805165477        19.163790245342202        41.772979679756844     
 sqrt(s) =    91.953107415516868     
 sqrt_fs_cm =    91.953107415516868     
 phind channel           0
 bbb pw(0) qmod c1q   0.0000000000000000        0.0000000000000000        0.0000000000000000        0.0000000000000000     
 reduced to Born momenta
   45.976553707758441        0.0000000000000000        0.0000000000000000        45.976500663021284     
   45.976553707758427        0.0000000000000000        0.0000000000000000       -45.976500663021270     
   45.976553707758441        17.850966805165477       -19.163790245342202       -37.787887671902695     
   45.976553707758427       -17.850966805165477        19.163790245342202        37.787887671902695     
 isvec for ranlux 
    16005597     8434417    14436132    13695452    14164085      961699    13764582       67402     7211444    14390456      970651      358280     3303569    11896123     6216082     9295383     9040778    13778432     3232438     8688432    14560231     5902029      962798     8581584    -4231606
  
 ====== DUMPING at point            1
 propag    0.0000000000000000        0.0000000000000000        0.0000000000000000        0.0000000000000000     
 test props.    0.0000000000000000        0.0000000000000000     
 Var           1.1492080669280365     
 Var before    1.0329669548209004     
 iev, nphot and rad. pattern    0.0000000000000000                1               0           0           0           1
 partons...            1          -1
 x1 & x2   0.99934169135095297       0.80467535187944350     
 sv & ME   0.55504206247553067        1433901956.1274958     
 plepton   =    44.837081800375699        39.351095400575169        6.6547626818734340        20.434240017795872     
 pneutrino =    44.506700256802283       -39.061773314998767       -6.6052481318237257       -20.282597631025105     
 pleptonlab   =    47.318375540329399        39.351095400575169        6.6547626818734340        25.420915099715668     
 pneutrinolab =    42.566610379299725       -39.061773314998767       -6.6052481318237257       -15.570925409118365     
 sqrt(s) =    89.674167246516788     
 sqrt_fs_cm =    89.343171187881964     
 phind channel           0
 bbb pw(0) qmod c1q   0.0000000000000000        0.0000000000000000        0.0000000000000000        0.0000000000000000     
 reduced to Born momenta
   44.837083623258394        0.0000000000000000        0.0000000000000000        44.837029230463806     
   44.837083623258394        0.0000000000000000        0.0000000000000000       -44.837029230463806     
   44.837083623258394        39.351417599576386        6.6545222565715090        20.433701832711147     
   44.837083623258394       -39.351417599576386       -6.6545222565715090       -20.433701832711147     
 >> Photon n.           1
 cm momentum    0.33038518933880573      -0.28932208557640066       -4.9514550049708214E-002 -0.15164238677076861     
 lab momentum   0.31586624189070639      -0.28932208557640066       -4.9514550049708214E-002 -0.11667271702182613     
 c_ph_up   -0.45898663639931297     
 c_ph_up lab  -0.36937380938035264     
 c_ph_lep -0.99999182293357214     
 c_ph_lep lab  -0.98222533658385347     
 isvec for ranlux 
     7388714     9617288     1398336     2389383     4357369    14684140     9486446     3033673    14925955     8440235    11812995     4941409    14160479     3700818    15230137      144881    12942425     3385948     9189929     1666383    14135389     4984438     2235879     8010321    -4160317
  
 ====== DUMPING at point            1
 propag    0.0000000000000000        0.0000000000000000        0.0000000000000000        0.0000000000000000     
 test props.    0.0000000000000000        0.0000000000000000     
 Var          0.72639002712538725     
 Var before   0.63604808658902334     
 iev, nphot and rad. pattern    0.0000000000000000                0               0           1           0           0
 partons...            1          -1
 x1 & x2   0.81905005659027208       0.99975043505934147     
 sv & ME   0.55556879899691225        25175.776316922049     
 plepton   =    45.245045320219951       -33.742758190966896        17.183336842599548        24.764130652154670     
 pneutrino =    45.245045320219951        33.742758190966896       -17.183336842599548       -24.764130652154670     
 pleptonlab   =    42.997427862585781       -33.742758190966896        17.183336842599548        20.369753158212234     
 pneutrinolab =    47.942596719894908        33.742758190966896       -17.183336842599548       -29.404772081665705     
 sqrt(s) =    90.490090640439902     
 sqrt_fs_cm =    90.490090640439902     
 phind channel           0
 bbb pw(0) qmod c1q   0.0000000000000000        0.0000000000000000        0.0000000000000000        0.0000000000000000     
 reduced to Born momenta
   45.245045320219951        0.0000000000000000        0.0000000000000000        45.244991417870303     
   45.245045320219951        0.0000000000000000        0.0000000000000000       -45.244991417870303     
   45.245045320219951       -33.742758190966896        17.183336842599548        24.764130652154670     
   45.245045320219951        33.742758190966896       -17.183336842599548       -24.764130652154670     
 isvec for ranlux 
     1457327    11843211      842130     1627129    13128769     2257102     8061877     9626046    13167356     9311311       68476    11689171     5193999    15602726    13809534     9598677    15490076    16534941     4561603     1137849      146632    16199119     3483777    15651896    -4100317
  
 ====== DUMPING at point            1
 propag    0.0000000000000000        0.0000000000000000        0.0000000000000000        0.0000000000000000     
 test props.    0.0000000000000000        0.0000000000000000     
 Var          0.75876941896553207     
 Var before   0.67315356738590604     
 iev, nphot and rad. pattern    0.0000000000000000                1               0           0           0           1
 partons...            1          -1
 x1 & x2   0.80360464919326613       0.99954677070166520     
 sv & ME   0.55515656161691918        3497981196.1128449     
 plepton   =    44.811774206014995       -6.3872468572328911       -38.284829521566273        22.395509592076262     
 pneutrino =    44.807529382163779        6.3871515667896652        38.280664882008097       -22.394162558493910     
 pleptonlab   =    42.630579988641102       -6.3872468572328911       -38.284829521566273        17.630374147074601     
 pneutrinolab =    47.522439571426141        6.3871515667896652        38.280664882008097       -27.425646577293829     
 sqrt(s) =    89.623681693064455     
 sqrt_fs_cm =    89.619303481238646     
 phind channel           0
 bbb pw(0) qmod c1q   0.0000000000000000        0.0000000000000000        0.0000000000000000        0.0000000000000000     
 reduced to Born momenta
   44.811840846532228        0.0000000000000000        0.0000000000000000        44.811786423097821     
   44.811840846532228        0.0000000000000000        0.0000000000000000       -44.811786423097821     
   44.811840846532235       -6.3875112493111237       -38.284617407001129        22.395930130337014     
   44.811840846532220        6.3875112493111237        38.284617407001129       -22.395930130337014     
 >> Photon n.           1
 cm momentum     4.3781048856849089E-003   9.5290443226051961E-005   4.1646395581733881E-003  -1.3470335823524303E-003
 lab momentum    4.5514346793299647E-003   9.5290443226051961E-005   4.1646395581733881E-003  -1.8336452007230333E-003
 c_ph_up   -0.30767503692221410     
 c_ph_up lab  -0.40287191400338229     
 c_ph_lep -0.96956299236780785     
 c_ph_lep lab  -0.99149256968893307     
 isvec for ranlux 
    14521119     3284366     3463762    11480123     3336141    13887286     8647963     5115281    11781391     9822864    14374850       23828     6429012     3846061     5815448    12970300     6645149    13960673    15889545     2643589     8059802     5945202    14697481       61957    -4221909
  
 ====== DUMPING at point            1
 propag    0.0000000000000000        0.0000000000000000        0.0000000000000000        0.0000000000000000     
 test props.    0.0000000000000000        0.0000000000000000     
 Var          0.80174837989148451     
 Var before   0.65121929956473379     
 iev, nphot and rad. pattern    0.0000000000000000                2               0           0           1           1
 partons...            1          -1
 x1 & x2   0.99950232948691586       0.86842652945352294     
 sv & ME   0.56328734316315832        267832968.11172044     
 plepton   =    42.087550344694833        17.474536132947474       -28.020864534031443        26.092574959737618     
 pneutrino =    46.441119120021547       -20.548470336733885        29.920806408611675       -28.970193166551592     
 pleptonlab   =    44.027041398597376        17.474536132947474       -28.020864534031443        29.117708500603406     
 pneutrinolab =    44.517970638611516       -20.548470336733885        29.920806408611675       -25.774876464642052     
 sqrt(s) =    93.166213788960732     
 sqrt_fs_cm =    88.408063998895656     
 phind channel           0
 bbb pw(0) qmod c1q   0.0000000000000000        0.0000000000000000        0.0000000000000000        0.0000000000000000     
 reduced to Born momenta
   46.583106894480366        0.0000000000000000        0.0000000000000000        46.583054540433309     
   46.583106894480366        0.0000000000000000        0.0000000000000000       -46.583054540433309     
   46.583106894480366        19.994861226597305       -30.505431353711622        28.975832459210199     
   46.583106894480366       -19.994861226597305        30.505431353711622       -28.975832459210199     
 >> Photon n.           1
 cm momentum     4.6283786351721652        3.0784342154871238       -1.9051695559796933        2.8836540247409137     
 lab momentum    4.8426671612381575        3.0784342154871238       -1.9051695559796933        3.2163639374953745     
 c_ph_up    0.62303762333257084     
 c_ph_up lab   0.66417200076022254     
 c_ph_lep  0.93646786315411712     
 c_ph_lep lab   0.94195407363354222     
 >> Photon n.           2
 cm momentum     9.1656890721864004E-003  -4.5000117007137795E-003   5.2276813994599517E-003  -6.0358179269405319E-003
 lab momentum    8.7637485748708558E-003  -4.5000117007137795E-003   5.2276813994599517E-003  -5.4059717870823636E-003
 c_ph_up   -0.65852309405262610     
 c_ph_up lab  -0.61685610226010246     
 c_ph_lep -0.99183331066697134     
 c_ph_lep lab  -0.99141736671432401     
 isvec for ranlux 
     9694957     1252334     7167226    16399770     5334141    13250981    11984409     2603513     3627080     4384046     3205779    13795264     8270940     7640603    12795748       19997    12743485    14635427     5286932    15315727    15130947     8180743    14720784    11532738    -4080923
  
 ====== DUMPING at point            1
 propag    0.0000000000000000        0.0000000000000000        0.0000000000000000        0.0000000000000000     
 test props.    0.0000000000000000        0.0000000000000000     
 Var          0.56911697288854490     
 Var before   0.49128795037835593     
 iev, nphot and rad. pattern    0.0000000000000000                3               0           0           1           2
 partons...            1          -1
 x1 & x2   0.99986102557113077       0.80478557544928531     
 sv & ME   0.55823906734205686        11564289413561.758     
 plepton   =    44.792341157381415        36.218308033655383       -6.0857853801412558        25.642543597581930     
 pneutrino =    41.776746749666209       -33.708057726488065        5.7468180900918648       -24.000548565426989     
 pleptonlab   =    47.844550939734923        36.218308033655383       -6.0857853801412558        30.664103939615362     
 pneutrinolab =    39.413323330601472       -33.708057726488065        5.7468180900918648       -19.599485156967955     
 sqrt(s) =    89.703608112136450     
 sqrt_fs_cm =    86.516441084594774     
 phind channel           0
 bbb pw(0) qmod c1q   0.0000000000000000        0.0000000000000000        0.0000000000000000        0.0000000000000000     
 reduced to Born momenta
   44.851804056068225        0.0000000000000000        0.0000000000000000        44.851749681125462     
   44.851804056068225        0.0000000000000000        0.0000000000000000       -44.851749681125462     
   44.851804056068225        36.228521131431641       -6.1311912010906964        25.721118064297855     
   44.851804056068225       -36.228521131431641        6.1311912010906964       -25.721118064297855     
 >> Photon n.           1
 cm momentum     1.3676338574894652E-002   1.0212036804380266E-002  -1.2256192280655483E-003   9.0141221773908983E-003
 lab momentum    1.4737083837109760E-002   1.0212036804380266E-002  -1.2256192280655483E-003   1.0554326214201484E-002
 c_ph_up    0.65910346749808602     
 c_ph_up lab   0.71617467409830526     
 c_ph_lep  0.99326315465404791     
 c_ph_lep lab   0.99414692059486442     
 >> Photon n.           2
 cm momentum     3.0735698630141148       -2.5420665477526541       0.35160427474479156       -1.6914797674245758     
 lab momentum    2.9077655509483722       -2.5420665477526541       0.35160427474479156       -1.3672500137356667     
 c_ph_up   -0.55033067176349015     
 c_ph_up lab  -0.47020641443727673     
 c_ph_lep -0.99935334890181970     
 c_ph_lep lab  -0.97853827421372064     
 >> Photon n.           3
 cm momentum     4.7274003499814615E-002   2.1604203780959112E-002  -1.1411365467335059E-002   4.0470613092244957E-002
 lab momentum    5.1953145898951815E-002   2.1604203780959112E-002  -1.1411365467335059E-002   4.5849410966330613E-002
 c_ph_up    0.85608601125571404     
 c_ph_up lab   0.88251462299332395     
 c_ph_lep  0.89240976808986783     
 c_ph_lep lab   0.90834541773319621     
 isvec for ranlux 
     8192674     9675355    12081709     9480863      986779    11942623     6473535     8765465     4090856     8723139     4116667     2833519      419117    11029292     2425882     3624875     8132952    13471903     1621808    10524330     7978715     5812058      446896     1435424     4221707
  
 ====== DUMPING at point            1
 propag    0.0000000000000000        0.0000000000000000        0.0000000000000000        0.0000000000000000     
 test props.    0.0000000000000000        0.0000000000000000     
 Var          0.34798696491246617     
 Var before   0.30166805530290358     
 iev, nphot and rad. pattern    3.0000000000000000                2               0           0           1           1
 partons...            1          -1
 x1 & x2   0.80575536083909138       0.99979714511540596     
 sv & ME   0.58436735047312405        3953869839065.4834     
 plepton   =    44.338694985548820       -29.557061030777174        16.294175198921209       -28.753933768092310     
 pneutrino =    44.858981293558209        29.908047891520393       -16.448984224929109        29.107673014016303     
 pleptonlab   =    47.705155146770032       -29.557061030777174        16.294175198921209       -33.714250128034976     
 pneutrinolab =    41.973891534711797        29.908047891520393       -16.448984224929109        24.428180369459344     
 sqrt(s) =    89.754771986137712     
 sqrt_fs_cm =    89.196149942289097     
 phind channel           0
 bbb pw(0) qmod c1q   0.0000000000000000        0.0000000000000000        0.0000000000000000        0.0000000000000000     
 reduced to Born momenta
   44.877385993068856        0.0000000000000000        0.0000000000000000        44.877331649122063     
   44.877385993068856        0.0000000000000000        0.0000000000000000       -44.877331649122063     
   44.877385993068856       -29.918250977682078        16.473885857491741       -29.111474594568094     
   44.877385993068856        29.918250977682078       -16.473885857491741        29.111474594568094     
 >> Photon n.           1
 cm momentum    0.53944006008877798      -0.36273316502183228       0.16100771674178049      -0.36537206320602433     
 lab momentum   0.58207757440246810      -0.36273316502183228       0.16100771674178049      -0.42581154137141880     
 c_ph_up   -0.67731725957818834     
 c_ph_up lab  -0.73153744465853332     
 c_ph_lep  0.99718613479901386     
 c_ph_lep lab   0.99757628375574070     
 >> Photon n.           2
 cm momentum     1.7655646941905127E-002   1.1746304278613904E-002  -6.1986907338791751E-003   1.1632817282031943E-002
 lab momentum    1.6501041840546189E-002   1.1746304278613904E-002  -6.1986907338791751E-003   9.7920861313304016E-003
 c_ph_up    0.65887233247861421     
 c_ph_up lab   0.59342229575282868     
 c_ph_lep -0.99981084062039727     
 c_ph_lep lab  -0.98874314374691608     
 isvec for ranlux 
    10876423     5508206     6552395     8586876     3831691     8121497     1468692    10309077    15186285     7188278     4503280     9877336     1366014     5981390     5726979     1082832     5970519     4651962    15890584    14102435     4569516     6677682    13119496    13736282     4202010
  
 ====== DUMPING at point            1
 propag    0.0000000000000000        0.0000000000000000        0.0000000000000000        0.0000000000000000     
 test props.    0.0000000000000000        0.0000000000000000     
 Var          0.34250672677696886     
 Var before   0.29413661459139373     
 iev, nphot and rad. pattern    5.0000000000000000                2               0           0           1           1
 partons...            1          -1
 x1 & x2   0.99985005286215844       0.84397454501042546     
 sv & ME   0.55640736244096423        99630315965.055237     
 plepton   =    44.740417206149125       0.21658685297652425       -42.458203315373382        14.104886722492695     
 pneutrino =    45.791993121093839      -0.16424623864748050        43.469562728116372       -14.396722186327109     
 pleptonlab   =    46.097856767751310       0.21658685297652425       -42.458203315373382        17.951470587508460     
 pneutrinolab =    44.735050030965631      -0.16424623864748050        43.469562728116372       -10.563317517758133     
 sqrt(s) =    91.861199286912750     
 sqrt_fs_cm =    90.526275546499107     
 phind channel           0
 bbb pw(0) qmod c1q   0.0000000000000000        0.0000000000000000        0.0000000000000000        0.0000000000000000     
 reduced to Born momenta
   45.930599643456375        0.0000000000000000        0.0000000000000000        45.930546545647324     
   45.930599643456375        0.0000000000000000        0.0000000000000000       -45.930546545647324     
   45.930599643456375       0.19337872900480110       -43.594462656376400        14.460091641652163     
   45.930599643456375      -0.19337872900480110        43.594462656376400       -14.460091641652163     
 >> Photon n.           1
 cm momentum     1.1912302019136900       -5.1355322693241195E-002  -1.1423064616979448       0.33395803979770478     
 lab momentum    1.2238439322183756       -5.1355322693241195E-002  -1.1423064616979448       0.43622534179243944     
 c_ph_up    0.28034719004035252     
 c_ph_up lab   0.35643870129888583     
 c_ph_lep  0.99819141787823862     
 c_ph_lep lab   0.99829144469771303     
 >> Photon n.           2
 cm momentum    0.13755875775609952       -9.8529163580255048E-004  0.13094704895495138       -4.2122575963291442E-002
 lab momentum   0.13447916269387872       -9.8529163580255048E-004  0.13094704895495138       -3.0603018956120831E-002
 c_ph_up   -0.30621515234949609     
 c_ph_up lab  -0.22756699508743916     
 c_ph_lep -0.99995205742404170     
 c_ph_lep lab  -0.98551005108662482     
 isvec for ranlux 
    13798336     8607402     7564242     6135960     8172408    11356951    12904116    12031075     5356482     9565784     5190119    11828940     9261313    15821424    16481898     3060787     3760646      711049     8167466     5757978    13465270     5714415     5077099     6269482     4100721
  
