 ====== DUMPING at point            1
 propag    0.0000000000000000        0.0000000000000000        0.0000000000000000        0.0000000000000000     
 test props.    0.0000000000000000        0.0000000000000000     
 Var           1.6949220006947385E-002
 Var before    0.0000000000000000     
 iev, nphot and rad. pattern    0.0000000000000000                0               0           0           0           0
 partons...            1          -1
 x1 & x2   0.98256022380605967       0.91377235916315280     
 sv & ME    1.0000000000000000        1590.0234389950829     
 plepton   =    45.008258333575355        3.9830874613759359       -5.0744231544870821        44.543432719702047     
 pneutrino =    45.008258333575370       -3.9830874613759359        5.0744231544870821       -44.543432719702047     
 pleptonlab   =    46.654738369749602        3.9830874613759359       -5.0744231544870821        46.206478902666376     
 pneutrinolab =    43.421059321287984       -3.9830874613759359        5.0744231544870821       -42.939055332128305     
 sqrt(s) =    90.016516667150725     
 sqrt_fs_cm =    90.016516667150725     
 phind channel           0
 bbb pw(0) qmod c1q   0.0000000000000000        0.0000000000000000        0.0000000000000000        0.0000000000000000     
 reduced to Born momenta
   43.322151270690284        0.0000000000000000        0.0000000000000000        43.322094975831583     
   43.322151270690284        0.0000000000000000        0.0000000000000000       -43.322094975831583     
   43.322151270690277       -32.557445135057570        7.6270495336885595        27.543393195419490     
   43.322151270690291        32.557445135057570       -7.6270495336885595       -27.543393195419490     
 isvec for ranlux 
     9644655    14614328     8305202     1457455     1056974    16450356    10467055     4514011      135838    16753179    11474510      425858    13826447     7299317     7668616    13721940      957152    13197359    14184585     9294164    15939178     5902395     5267822    14659295     4102414
  
