 ====== DUMPING at point            1
 propag    0.0000000000000000        0.0000000000000000        0.0000000000000000        0.0000000000000000     
 test props.    0.0000000000000000        0.0000000000000000     
 Var           3.6976558899140919     
 Var before    0.0000000000000000     
 iev, nphot and rad. pattern    0.0000000000000000                0               0           0           0           0
 partons...            1          -1
 x1 & x2   0.96620022106927583       0.83809193226727652     
 sv & ME    1.0000000000000000        27594.049015695186     
 plepton   =    44.993460920255380        3.9817779302253702       -5.0727548217536462        44.528788046878454     
 pneutrino =    44.993460920255380       -3.9817779302253702        5.0727548217536462       -44.528788046878454     
 pleptonlab   =    48.276934887814676        3.9817779302253702       -5.0727548217536462        47.844162460049134     
 pneutrinolab =    41.937672779012956       -3.9817779302253702        5.0727548217536462       -41.438748019949173     
 sqrt(s) =    89.986921840510760     
 sqrt_fs_cm =    89.986921840510760     
 phind channel           0
 bbb pw(0) qmod c1q   0.0000000000000000        0.0000000000000000        0.0000000000000000        0.0000000000000000     
 reduced to Born momenta
   45.444035983348869        0.0000000000000000        0.0000000000000000        45.443982317027491     
   45.444035983348869        0.0000000000000000        0.0000000000000000       -45.443982317027491     
   45.444035983348876       -34.152092317165511        8.0006185590294869        28.892454651641430     
   45.444035983348861        34.152092317165511       -8.0006185590294869       -28.892454651641430     
 isvec for ranlux 
     9644655    14614328     8305202     1457455     1056974    16450356    10467055     4514011      135838    16753179    11474510      425858    13826447     7299317     7668616    13721940      957152    13197359    14184585     9294164    15939178     5902395     5267822    14659295     4102414
  
 ====== DUMPING at point            1
 propag    0.0000000000000000        0.0000000000000000        0.0000000000000000        0.0000000000000000     
 test props.    0.0000000000000000        0.0000000000000000     
 Var           2.4872967794431271     
 Var before    2.2052342251045802     
 iev, nphot and rad. pattern    0.0000000000000000                0               0           0           0           0
 partons...            1          -1
 x1 & x2   0.99427728318130171       0.99976866665782238     
 sv & ME    1.0000000000000000        449.85180325945754     
 plepton   =    49.850959712284677        42.946285615871474        24.649366648503285        5.7560660326308799     
 pneutrino =    49.850959712284663       -42.946285615871474       -24.649366648503285       -5.7560660326308799     
 pleptonlab   =    49.835297112386790        42.946285615871474        24.649366648503285        5.6188032725879555     
 pneutrinolab =    49.867000379569383       -42.946285615871474       -24.649366648503285       -5.8933724464139932     
 sqrt(s) =    99.701919424569340     
 sqrt_fs_cm =    99.701919424569340     
 phind channel           0
 bbb pw(0) qmod c1q   0.0000000000000000        0.0000000000000000        0.0000000000000000        0.0000000000000000     
 reduced to Born momenta
   49.850959712284670        0.0000000000000000        0.0000000000000000        49.850910790177437     
   49.850959712284670        0.0000000000000000        0.0000000000000000       -49.850910790177437     
   49.850959712284677        42.946285615871474        24.649366648503285        5.7560660326308799     
   49.850959712284663       -42.946285615871474       -24.649366648503285       -5.7560660326308799     
 isvec for ranlux 
    13828964    12538209    14722825      978898    10903123    16188213     3834576      755982    12350293    13898296    16631971     2580472     9212313    13500588    11285027    12295266    14794390     9041223     4836823     6203403     5099258      436050     2993088    13331992     4071707
  
 ====== DUMPING at point            1
 propag    0.0000000000000000        0.0000000000000000        0.0000000000000000        0.0000000000000000     
 test props.    0.0000000000000000        0.0000000000000000     
 Var           2.3381216631408575     
 Var before    1.7015525935986713     
 iev, nphot and rad. pattern    0.0000000000000000                0               0           0           0           0
 partons...            1          -1
 x1 & x2   0.82265498135184156       0.99235608379467088     
 sv & ME    1.0000000000000000        11846.094748503951     
 plepton   =    45.176505940823134       -23.100626514788082        38.203778447695548       -6.9092613406516659     
 pneutrino =    45.176505940823162        23.100626514788082       -38.203778447695548        6.9092613406516659     
 pleptonlab   =    46.024125649938412       -23.100626514788082        38.203778447695548       -11.182188743422071     
 pneutrinolab =    44.726427607387215        23.100626514788082       -38.203778447695548        2.6971336212806039     
 sqrt(s) =    90.353011881646296     
 sqrt_fs_cm =    90.353011881646296     
 phind channel           0
 bbb pw(0) qmod c1q   0.0000000000000000        0.0000000000000000        0.0000000000000000        0.0000000000000000     
 reduced to Born momenta
   45.176505940823148        0.0000000000000000        0.0000000000000000        45.176451956695637     
   45.176505940823148        0.0000000000000000        0.0000000000000000       -45.176451956695637     
   45.176505940823134       -23.100626514788082        38.203778447695548       -6.9092613406516659     
   45.176505940823162        23.100626514788082       -38.203778447695548        6.9092613406516659     
 isvec for ranlux 
    15326067    15249886     2032167    12287672     2672740     1104457     9630857    11203193     9414693    13903049     1041894    12159642    14667289     9413416    16351989    16702048    13674632     3503371    11931980     1731313     7232330     5707229     4337415    14161190    -4121101
  
 ====== DUMPING at point            1
 propag    0.0000000000000000        0.0000000000000000        0.0000000000000000        0.0000000000000000     
 test props.    0.0000000000000000        0.0000000000000000     
 Var           9.4942188163724364     
 Var before    2.0026679485989729     
 iev, nphot and rad. pattern    0.0000000000000000                0               0           0           0           0
 partons...            1          -1
 x1 & x2   0.99889845667194810       0.77066824863237093     
 sv & ME    1.0000000000000000        2469.4777532822332     
 plepton   =    43.869674154390189        39.924337571679771        4.2282185488848842        17.683511644645908     
 pneutrino =    43.869674154390189       -39.924337571679771       -4.2282185488848842       -17.683511644645908     
 pleptonlab   =    46.539111511450251        39.924337571679771        4.2282185488848842        23.538206685071799     
 pneutrinolab =    41.939223753765681       -39.924337571679771       -4.2282185488848842       -12.126696283092940     
 sqrt(s) =    87.739348308780379     
 sqrt_fs_cm =    87.739348308780379     
 phind channel           0
 bbb pw(0) qmod c1q   0.0000000000000000        0.0000000000000000        0.0000000000000000        0.0000000000000000     
 reduced to Born momenta
   43.869674154390189        0.0000000000000000        0.0000000000000000        43.869618562129880     
   43.869674154390189        0.0000000000000000        0.0000000000000000       -43.869618562129880     
   43.869674154390189        39.924337571679771        4.2282185488848842        17.683511644645908     
   43.869674154390189       -39.924337571679771       -4.2282185488848842       -17.683511644645908     
 isvec for ranlux 
     4925990     5576093    15184408    11784099    11845403    13164298      418628     8394559    12727338     1012832     9828754     3599171     1962348     6110377     3755204    14196229     8714040    12307127     8788506     3545955     7555912     3534851     9276842     7912478    -4100317
  
 ====== DUMPING at point            1
 propag    0.0000000000000000        0.0000000000000000        0.0000000000000000        0.0000000000000000     
 test props.    0.0000000000000000        0.0000000000000000     
 Var           6.5558858780997928     
 Var before    2.5846101484820045     
 iev, nphot and rad. pattern    0.0000000000000000                0               0           0           0           0
 partons...            1          -1
 x1 & x2   0.82416641136620139       0.99938311123590196     
 sv & ME    1.0000000000000000        28399.973814543471     
 plepton   =    45.377802733475406       -11.971968023172858       -29.157553743855892        32.644185677590755     
 pneutrino =    45.377802733475377        11.971968023172858        29.157553743855892       -32.644185677590755     
 pleptonlab   =    42.437524178630952       -11.971968023172858       -29.157553743855892        28.415512243257204     
 pneutrinolab =    48.739951951474218        11.971968023172858        29.157553743855892       -37.176347236742231     
 sqrt(s) =    90.755605466950783     
 sqrt_fs_cm =    90.755605466950783     
 phind channel           0
 bbb pw(0) qmod c1q   0.0000000000000000        0.0000000000000000        0.0000000000000000        0.0000000000000000     
 reduced to Born momenta
   45.377802733475392        0.0000000000000000        0.0000000000000000        45.377748988822781     
   45.377802733475392        0.0000000000000000        0.0000000000000000       -45.377748988822781     
   45.377802733475406       -11.971968023172858       -29.157553743855892        32.644185677590755     
   45.377802733475377        11.971968023172858        29.157553743855892       -32.644185677590755     
 isvec for ranlux 
     6421334     2423437     5715606     3926529     7706024    16732713    16568292    10697716    10804217    12296899    13403552     1093186    11046168     8745017     6064867     7111243    12495416     9149192     9988395     7047572    10817188      356677    10759454     5582999    -4161404
  
 ====== DUMPING at point            1
 propag    0.0000000000000000        0.0000000000000000        0.0000000000000000        0.0000000000000000     
 test props.    0.0000000000000000        0.0000000000000000     
 Var           2.0925999639201094     
 Var before    1.8152280904275595     
 iev, nphot and rad. pattern    0.0000000000000000                0               0           0           0           0
 partons...            1          -1
 x1 & x2   0.84711400645715851       0.99911613356096163     
 sv & ME    1.0000000000000000        24267.452204079920     
 plepton   =    45.999056262515104        26.844088102292162        3.7135344086866753        37.168623992588678     
 pneutrino =    45.999056262515090       -26.844088102292162       -3.7135344086866753       -37.168623992588678     
 pleptonlab   =    43.085195989363967        26.844088102292162        3.7135344086866753        33.495186906514100     
 pneutrinolab =    49.226311011542037       -26.844088102292162       -3.7135344086866753       -41.095293261704256     
 sqrt(s) =    91.998112525030194     
 sqrt_fs_cm =    91.998112525030194     
 phind channel           0
 bbb pw(0) qmod c1q   0.0000000000000000        0.0000000000000000        0.0000000000000000        0.0000000000000000     
 reduced to Born momenta
   45.999056262515097        0.0000000000000000        0.0000000000000000        45.999003243727245     
   45.999056262515097        0.0000000000000000        0.0000000000000000       -45.999003243727245     
   45.999056262515104        26.844088102292162        3.7135344086866753        37.168623992588678     
   45.999056262515090       -26.844088102292162       -3.7135344086866753       -37.168623992588678     
 isvec for ranlux 
    10671788    15112082    16580349    15196529    12173453     4126535    14349879    14774021     1833402    14749546    12999650    11317858    16659325    10501234     7001243    11690730    15931723    11335180     5068908     1086744     3192185    13920432    14783369     9387395    -4011707
  
 ====== DUMPING at point            1
 propag    0.0000000000000000        0.0000000000000000        0.0000000000000000        0.0000000000000000     
 test props.    0.0000000000000000        0.0000000000000000     
 Var          0.82899413221493101     
 Var before   0.72543822388239265     
 iev, nphot and rad. pattern    0.0000000000000000                0               0           0           0           0
 partons...            1          -1
 x1 & x2   0.99951174743309856       0.82663101996400679     
 sv & ME    1.0000000000000000        18431.304577876959     
 plepton   =    45.448526248015710        42.821509559993416       -12.814764286661589        8.2254185125013723     
 pneutrino =    45.448526248015710       -42.821509559993416        12.814764286661589       -8.2254185125013723     
 pleptonlab   =    46.435781752403940        42.821509559993416       -12.814764286661589        12.584546020660330     
 pneutrinolab =    44.871356617451340       -42.821509559993416        12.814764286661589       -3.9405096472057446     
 sqrt(s) =    90.897052496031421     
 sqrt_fs_cm =    90.897052496031421     
 phind channel           0
 bbb pw(0) qmod c1q   0.0000000000000000        0.0000000000000000        0.0000000000000000        0.0000000000000000     
 reduced to Born momenta
   45.448526248015710        0.0000000000000000        0.0000000000000000        45.448472586996509     
   45.448526248015710        0.0000000000000000        0.0000000000000000       -45.448472586996509     
   45.448526248015710        42.821509559993416       -12.814764286661589        8.2254185125013723     
   45.448526248015710       -42.821509559993416        12.814764286661589       -8.2254185125013723     
 isvec for ranlux 
    16299211     3254293    16131975     5266621    16545363    14473301     5355798     5599353    11050532    14547556    11682091     8225026    12673044    12120042     6959192    14507471     7976243    13182463     2472364    15582834    14772810    14376851    13178594     7905684     4032111
  
 ====== DUMPING at point            1
 propag    0.0000000000000000        0.0000000000000000        0.0000000000000000        0.0000000000000000     
 test props.    0.0000000000000000        0.0000000000000000     
 Var          0.76859003666258496     
 Var before   0.57994382255022792     
 iev, nphot and rad. pattern    0.0000000000000000                0               0           0           0           0
 partons...            1          -1
 x1 & x2   0.99986871447364567       0.86075518655499272     
 sv & ME    1.0000000000000000        7642.2295999465641     
 plepton   =    46.385401309497780       -26.233673339233356       -18.561303977893736       -33.449464401127763     
 pneutrino =    46.385401309497780        26.233673339233356        18.561303977893736        33.449464401127763     
 pleptonlab   =    44.007657059284391       -26.233673339233356       -18.561303977893736       -30.065513365428149     
 pneutrinolab =    49.023537992147510        26.233673339233356        18.561303977893736        37.021189761360795     
 sqrt(s) =    92.770802618995560     
 sqrt_fs_cm =    92.770802618995560     
 phind channel           0
 bbb pw(0) qmod c1q   0.0000000000000000        0.0000000000000000        0.0000000000000000        0.0000000000000000     
 reduced to Born momenta
   46.385401309497780        0.0000000000000000        0.0000000000000000        46.385348732305097     
   46.385401309497780        0.0000000000000000        0.0000000000000000       -46.385348732305097     
   46.385401309497780       -26.233673339233356       -18.561303977893736       -33.449464401127763     
   46.385401309497780        26.233673339233356        18.561303977893736        33.449464401127763     
 isvec for ranlux 
     1948374     8671651     4823179    12041177      945790    14706172    15752365     3472617     5950536     1314392     5216746    14238364     5005588     6648891    15103801      817999     4819676    14947327    12782556      118696     8196223    16643681    15944295     5417153    -4030721
  
 ====== DUMPING at point            1
 propag    0.0000000000000000        0.0000000000000000        0.0000000000000000        0.0000000000000000     
 test props.    0.0000000000000000        0.0000000000000000     
 Var          0.72544533770680597     
 Var before   0.63114934528434430     
 iev, nphot and rad. pattern    0.0000000000000000                0               0           0           0           0
 partons...            1          -1
 x1 & x2   0.81855698724972104       0.99982014775474215     
 sv & ME    1.0000000000000000        15268.439468329085     
 plepton   =    45.233001446335962       -30.549407202587531       -18.054094914959109       -28.049895410231102     
 pneutrino =    45.233001446335962        30.549407202587531        18.054094914959109        28.049895410231102     
 pleptonlab   =    48.269551808953274       -30.549407202587531       -18.054094914959109       -32.721886322733553     
 pneutrinolab =    42.649304941269868        30.549407202587531        18.054094914959109        23.658728297482497     
 sqrt(s) =    90.466002892671924     
 sqrt_fs_cm =    90.466002892671924     
 phind channel           0
 bbb pw(0) qmod c1q   0.0000000000000000        0.0000000000000000        0.0000000000000000        0.0000000000000000     
 reduced to Born momenta
   45.233001446335962        0.0000000000000000        0.0000000000000000        45.232947529634096     
   45.233001446335962        0.0000000000000000        0.0000000000000000       -45.232947529634096     
   45.233001446335962       -30.549407202587531       -18.054094914959109       -28.049895410231102     
   45.233001446335962        30.549407202587531        18.054094914959109        28.049895410231102     
 isvec for ranlux 
    12039140    13414567       24956      680525     5161984    15245004     2427930     4072528    10460989    10949186    15097278     6403010    13177578     2354914     6551446    11760129     9565449    15230204    12264909     7341336     7576794     6409704     4349288     8230537    -4080317
  
 ====== DUMPING at point            1
 propag    0.0000000000000000        0.0000000000000000        0.0000000000000000        0.0000000000000000     
 test props.    0.0000000000000000        0.0000000000000000     
 Var          0.55263551713701775     
 Var before   0.49511008931075956     
 iev, nphot and rad. pattern    0.0000000000000000                0               0           0           0           0
 partons...            1          -1
 x1 & x2   0.99988256165853262       0.82524380247370022     
 sv & ME    1.0000000000000000        27901.056011408949     
 plepton   =    45.418798068922712       -31.170127008192551        13.313125587150125        30.233093188227091     
 pneutrino =    45.418798068922726        31.170127008192551       -13.313125587150125       -30.233093188227091     
 pleptonlab   =    48.534373107856972       -31.170127008192551        13.313125587150125        34.738423664223973     
 pneutrinolab =    42.721945098754652        31.170127008192551       -13.313125587150125       -26.006485704982353     
 sqrt(s) =    90.837596137845438     
 sqrt_fs_cm =    90.837596137845438     
 phind channel           0
 bbb pw(0) qmod c1q   0.0000000000000000        0.0000000000000000        0.0000000000000000        0.0000000000000000     
 reduced to Born momenta
   45.418798068922719        0.0000000000000000        0.0000000000000000        45.418744372780473     
   45.418798068922719        0.0000000000000000        0.0000000000000000       -45.418744372780473     
   45.418798068922712       -31.170127008192551        13.313125587150125        30.233093188227091     
   45.418798068922726        31.170127008192551       -13.313125587150125       -30.233093188227091     
 isvec for ranlux 
     1557697     2758898    12299107    12897799     9719336    12650748     3944842    11864134     1592213     5193147     1439382    14514151    13647109    11293445     6602871     1680709     7646021     3836307     1590689    12608638     8765967     5583163     6364299      289554    -4082414
  
