 ====== DUMPING at point            1
 propag    0.0000000000000000        0.0000000000000000        0.0000000000000000        0.0000000000000000     
 test props.    0.0000000000000000        0.0000000000000000     
 Var           1.6371083398333663     
 Var before    0.0000000000000000     
 iev, nphot and rad. pattern    0.0000000000000000                0               0           1           0           0
 partons...            1          -1
 x1 & x2   0.94693539778351188       0.97588642440755047     
 sv & ME   0.57684934711325619        956.24613890967794     
 plepton   =    48.065096470513126       -21.088354795801298        38.359754645008636       -19.850764484256235     
 pneutrino =    48.065096470513112        21.088354795801298       -38.359754645008636        19.850764484256235     
 pleptonlab   =    48.369463092289365       -21.088354795801298        38.359754645008636       -20.576790608013148     
 pneutrinolab =    47.771628017263772        21.088354795801298       -38.359754645008636        19.129239276811219     
 sqrt(s) =    96.130192941026237     
 sqrt_fs_cm =    96.130192941026237     
 phind channel           0
 bbb pw(0) qmod c1q   0.0000000000000000        0.0000000000000000        0.0000000000000000        0.0000000000000000     
 reduced to Born momenta
   48.065096470513119        0.0000000000000000        0.0000000000000000        48.065045730698444     
   48.065096470513119        0.0000000000000000        0.0000000000000000       -48.065045730698444     
   48.065096470513126       -21.088354795801298        38.359754645008636       -19.850764484256235     
   48.065096470513112        21.088354795801298       -38.359754645008636        19.850764484256235     
 isvec for ranlux 
     9644655    14614328     8305202     5902523     6611641    14048799     7267313     8683348    14048746     9318201     4464668     5476536     8218591     7359978     7668616    13721940      957152    13197359    14184585     9294164    15939178     5902395     5267822    14659295     4211303
  
 ====== DUMPING at point            1
 propag    0.0000000000000000        0.0000000000000000        0.0000000000000000        0.0000000000000000     
 test props.    0.0000000000000000        0.0000000000000000     
 Var           3.0188916998427340     
 Var before    1.6371083398333663     
 iev, nphot and rad. pattern    0.0000000000000000                0               0           1           0           0
 partons...            1          -1
 x1 & x2   0.94407264933617108       0.89338985942419846     
 sv & ME   0.55839126042494669        20296.940874446555     
 plepton   =    45.919084580288427       -23.302944915177466       -29.720509311807646        26.119250554469854     
 pneutrino =    45.919084580288398        23.302944915177466        29.720509311807646       -26.119250554469854     
 pleptonlab   =    46.657285105251376       -23.302944915177466       -29.720509311807646        27.396262048465722     
 pneutrinolab =    45.215840332767101        23.302944915177466        29.720509311807646       -24.862122552867085     
 sqrt(s) =    91.838169160576825     
 sqrt_fs_cm =    91.838169160576825     
 phind channel           0
 bbb pw(0) qmod c1q   0.0000000000000000        0.0000000000000000        0.0000000000000000        0.0000000000000000     
 reduced to Born momenta
   45.919084580288413        0.0000000000000000        0.0000000000000000        45.919031469164082     
   45.919084580288413        0.0000000000000000        0.0000000000000000       -45.919031469164082     
   45.919084580288427       -23.302944915177466       -29.720509311807646        26.119250554469854     
   45.919084580288398        23.302944915177466        29.720509311807646       -26.119250554469854     
 isvec for ranlux 
      778671     5844720     9587749    10340955     5767304     1229801     7106317     9230034     7070010     1656684    15462261     7797679    14988199    15435044     9850695     6896914     2215452    12845121     6405628     3024976     4819489    10459877     1149857     7981361    -4092010
  
 ====== DUMPING at point            1
 propag    0.0000000000000000        0.0000000000000000        0.0000000000000000        0.0000000000000000     
 test props.    0.0000000000000000        0.0000000000000000     
 Var           2.5123387855705750     
 Var before    2.2766317969377980     
 iev, nphot and rad. pattern    0.0000000000000000                0               1           0           0           0
 partons...            1          -1
 x1 & x2   0.87891570949266185       0.95837594634530154     
 sv & ME   0.55699362928418750        19471.675512500093     
 plepton   =    45.889314519907096       0.81771356747682100       -40.075941463337074        22.339836251956566     
 pneutrino =    45.889314519907067      -0.81771356747682100        40.075941463337074       -22.339836251956566     
 pleptonlab   =    44.965220576521418       0.81771356747682100       -40.075941463337074        20.374252333582731     
 pneutrinolab =    46.899362215376762      -0.81771356747682100        40.075941463337074       -24.347264176214715     
 sqrt(s) =    91.778629039814163     
 sqrt_fs_cm =    91.778629039814163     
 phind channel           0
 bbb pw(0) qmod c1q   0.0000000000000000        0.0000000000000000        0.0000000000000000        0.0000000000000000     
 reduced to Born momenta
   45.889314519907082        0.0000000000000000        0.0000000000000000        45.889261374327603     
   45.889314519907082        0.0000000000000000        0.0000000000000000       -45.889261374327603     
   45.889314519907096       0.81771356747682100       -40.075941463337074        22.339836251956566     
   45.889314519907067      -0.81771356747682100        40.075941463337074       -22.339836251956566     
 isvec for ranlux 
     2803006     6819478    11266704    12521690      381903    12884269    10959814      755982    12350293    13898296    16631971     2580472     9212313    13500588    11285027    11301427    13249530     3480466    12322296     6680866     5860556      319932     9357205      566304    -4230115
  
 ====== DUMPING at point            1
 propag    0.0000000000000000        0.0000000000000000        0.0000000000000000        0.0000000000000000     
 test props.    0.0000000000000000        0.0000000000000000     
 Var           2.2267288894256803     
 Var before    1.7944449164223066     
 iev, nphot and rad. pattern    0.0000000000000000                1               0           0           1           0
 partons...            1          -1
 x1 & x2   0.86162213987822611       0.95881440568901921     
 sv & ME   0.58219060316294047        5308609499.6838875     
 plepton   =    45.439552118982093        27.907283267128136        14.829818233523966       -32.649682462332350     
 pneutrino =    45.445942796927369       -27.910932680623084       -14.833094036719181        32.653969302455366     
 pleptonlab   =    47.250093476047844        27.907283267128136        14.829818233523966       -35.125776882692591     
 pneutrinolab =    43.764981767540142       -27.910932680623084       -14.833094036719181        30.270804806235720     
 sqrt(s) =    90.892008448259205     
 sqrt_fs_cm =    90.885494682505310     
 phind channel           0
 bbb pw(0) qmod c1q   0.0000000000000000        0.0000000000000000        0.0000000000000000        0.0000000000000000     
 reduced to Born momenta
   45.446004224129602        0.0000000000000000        0.0000000000000000        45.445950560132474     
   45.446004224129602        0.0000000000000000        0.0000000000000000       -45.445950560132474     
   45.446004224129602        27.911108167021435        14.832519054123319       -32.654165976886247     
   45.446004224129602       -27.911108167021435       -14.832519054123319        32.654165976886247     
 >> Photon n.           1
 cm momentum     6.5135323497436714E-003   3.6494134949475706E-003   3.2758031952150337E-003  -4.2868401230126193E-003
 lab momentum    6.7520347742778732E-003   3.6494134949475706E-003   3.2758031952150337E-003  -4.6412140827773911E-003
 c_ph_up   -0.65814367578619926     
 c_ph_up lab  -0.68738006214930469     
 c_ph_lep  0.98113856417381162     
 c_ph_lep lab   0.98250201139142246     
 isvec for ranlux 
    13077225     6767474    12978143    11216133     7787453     7756591     1456377     6700084     7382700    12480500    14719702    13291644     7895789     6891298      102469     9060833    10785562     3405521     1113041     5184210    10069583      203884    13164889     3691341     4042414
  
 ====== DUMPING at point            1
 propag    0.0000000000000000        0.0000000000000000        0.0000000000000000        0.0000000000000000     
 test props.    0.0000000000000000        0.0000000000000000     
 Var           2.1566390351111102     
 Var before    1.7731760907009608     
 iev, nphot and rad. pattern    0.0000000000000000                0               0           1           0           0
 partons...            1          -1
 x1 & x2   0.98441400446887917       0.87132603551960452     
 sv & ME   0.55741557029947397        10035.709326622951     
 plepton   =    46.307276745233224        22.425008904670445        34.720729058196220        20.879240052284704     
 pneutrino =    46.307276745233196       -22.425008904670445       -34.720729058196220       -20.879240052284704     
 pleptonlab   =    47.668241719031272        22.425008904670445        34.720729058196220        23.745316468417631     
 pneutrinolab =    45.118760280392898       -22.425008904670445       -34.720729058196220       -18.090918020953904     
 sqrt(s) =    92.614553490466420     
 sqrt_fs_cm =    92.614553490466420     
 phind channel           0
 bbb pw(0) qmod c1q   0.0000000000000000        0.0000000000000000        0.0000000000000000        0.0000000000000000     
 reduced to Born momenta
   46.307276745233217        0.0000000000000000        0.0000000000000000        46.307224079337956     
   46.307276745233203        0.0000000000000000        0.0000000000000000       -46.307224079337942     
   46.307276745233224        22.425008904670445        34.720729058196220        20.879240052284704     
   46.307276745233196       -22.425008904670445       -34.720729058196220       -20.879240052284704     
 isvec for ranlux 
     2097233     6471148     4378437     8640871    15711293     8225040    11065883    15787977     7243899     4917269    11956633    15358016     1047827     9592925      229606     7295905     6628324     2019165    14002484    11234980     6728922     2987987     4664818    12003099    -4080923
  
 ====== DUMPING at point            1
 propag    0.0000000000000000        0.0000000000000000        0.0000000000000000        0.0000000000000000     
 test props.    0.0000000000000000        0.0000000000000000     
 Var           2.4294544205278128     
 Var before    1.9049365469836481     
 iev, nphot and rad. pattern    0.0000000000000000                2               0           0           1           1
 partons...            1          -1
 x1 & x2   0.89493838979880069       0.95350614771620346     
 sv & ME   0.56700268112392160        32065524107.593216     
 plepton   =    46.117176416419227       -29.515865896495999        4.9109817805238523        35.092431025266585     
 pneutrino =    45.994383062748255        29.402357179452764       -5.0022339591305824       -35.013585325432715     
 pleptonlab   =    45.027884819677283       -29.515865896495999        4.9109817805238523        33.648107910759009     
 pneutrinolab =    47.127446907112699        29.402357179452764       -5.0022339591305824       -36.489233151729287     
 sqrt(s) =    92.375822405020912     
 sqrt_fs_cm =    92.111410595272517     
 phind channel           0
 bbb pw(0) qmod c1q   0.0000000000000000        0.0000000000000000        0.0000000000000000        0.0000000000000000     
 reduced to Born momenta
   46.187911202510456        0.0000000000000000        0.0000000000000000        46.187858400508148     
   46.187911202510456        0.0000000000000000        0.0000000000000000       -46.187858400508148     
   46.187911202510456       -29.543638344737552        4.9708667099188171        35.153604296957894     
   46.187911202510456        29.543638344737552       -4.9708667099188171       -35.153604296957894     
 >> Photon n.           1
 cm momentum     5.4478126004082264E-002  -3.4499071187607970E-002   4.5368539984123055E-003   4.1917743926720478E-002
 lab momentum    5.3176666572343392E-002  -3.4499071187607970E-002   4.5368539984123055E-003   4.0211800640304961E-002
 c_ph_up    0.76944173747054756     
 c_ph_up lab   0.75619257904403281     
 c_ph_lep  0.99967168444550902     
 c_ph_lep lab   0.99965551153427090     
 >> Photon n.           2
 cm momentum    0.20978479984934553       0.14800778823084335        8.6715324608317532E-002 -0.12076344376059303     
 lab momentum   0.21371848238786681       0.14800778823084335        8.6715324608317532E-002 -0.12747445554016257     
 c_ph_up   -0.57565392653480074     
 c_ph_up lab  -0.59645967029101232     
 c_ph_lep -0.84557036737470692     
 c_ph_lep lab  -0.85542642016181070     
 isvec for ranlux 
     7705512     6767400    12346605     2442596     4398068    14780140    11606138    14688674    13412440     5267269    10109083     1735670     8876049    16397594    14292833    16049731     7015236     2292865    16408353     4672107     7144624     1147718    13770713    15989233    -4151606
  
 ====== DUMPING at point            1
 propag    0.0000000000000000        0.0000000000000000        0.0000000000000000        0.0000000000000000     
 test props.    0.0000000000000000        0.0000000000000000     
 Var           1.9497864035151882     
 Var before    1.4735719991558989     
 iev, nphot and rad. pattern    0.0000000000000000                2               1           0           1           0
 partons...            1          -1
 x1 & x2   0.99131351702011672       0.83615871045605783     
 sv & ME   0.58084466386789035        31088689.529120822     
 plepton   =    44.957871133682495        4.3518215054146951       -29.126083082106259       -33.969573842787419     
 pneutrino =    45.114158303498677       -5.0855751504991797        29.360964425253073        33.872508161476880     
 pleptonlab   =    42.226273115294688        4.3518215054146951       -29.126083082106259       -30.261855716317932     
 pneutrinolab =    48.163881218739000       -5.0855751504991797        29.360964425253073        37.839384029988899     
 sqrt(s) =    91.043694567454821     
 sqrt_fs_cm =    90.068682134962486     
 phind channel           0
 bbb pw(0) qmod c1q   0.0000000000000000        0.0000000000000000        0.0000000000000000        0.0000000000000000     
 reduced to Born momenta
   45.138939743506789        0.0000000000000000        0.0000000000000000        45.138885714451753     
   45.138939743506789        0.0000000000000000        0.0000000000000000       -45.138885714451753     
   45.138939743506789        4.7293392019604559       -29.311344252941439       -33.999870092028665     
   45.138939743506789       -4.7293392019604559        29.311344252941439        33.999870092028665     
 >> Photon n.           1
 cm momentum    0.76259424927762087       0.71531805740043486       -9.1411726982629782E-002  0.24802008377996243     
 lab momentum   0.78649121518773846       0.71531805740043486       -9.1411726982629782E-002  0.31389871693654126     
 c_ph_up    0.32523204051814353     
 c_ph_up lab   0.39911280746042715     
 c_ph_lep  -7.7286616351150597E-002
 c_ph_lep lab  -0.11212588991557178     
 >> Photon n.           2
 cm momentum    0.20907088099602830        1.8435587684049900E-002 -0.14346961616418299      -0.15095440246942499     
 lab momentum   0.19696582458731146        1.8435587684049900E-002 -0.14346961616418299      -0.13368670240455954     
 c_ph_up   -0.72202499817414867     
 c_ph_up lab  -0.67873044821183481     
 c_ph_lep  0.99866345103324961     
 c_ph_lep lab   0.99848954441690352     
 isvec for ranlux 
    10482904     1249819    12058037    14159976    14147930     6205970     8604369     9431829     9704793     2911077    12566670     7519744     8037451     9579103     1801853     7051106     4729559     8526420      295591      567446    12330918     8671797    12046268    10350963     4080418
  
 ====== DUMPING at point            1
 propag    0.0000000000000000        0.0000000000000000        0.0000000000000000        0.0000000000000000     
 test props.    0.0000000000000000        0.0000000000000000     
 Var           2.3262440907354174     
 Var before    1.6801228033206328     
 iev, nphot and rad. pattern    0.0000000000000000                0               0           0           1           0
 partons...            1          -1
 x1 & x2   0.78801170418191668       0.99690016282409055     
 sv & ME   0.55727943689295334        5146.7947530726397     
 plepton   =    44.316165115176709       -10.097712373767406        36.581376573730886        22.885594150287965     
 pneutrino =    44.316165115176709        10.097712373767406       -36.581376573730886       -22.885594150287965     
 pleptonlab   =    41.925961065198663       -10.097712373767406        36.581376573730886        17.821732248483695     
 pneutrinolab =    47.319632285101711        10.097712373767406       -36.581376573730886       -28.266155180592389     
 sqrt(s) =    88.632330230353418     
 sqrt_fs_cm =    88.632330230353418     
 phind channel           0
 bbb pw(0) qmod c1q   0.0000000000000000        0.0000000000000000        0.0000000000000000        0.0000000000000000     
 reduced to Born momenta
   44.316165115176709        0.0000000000000000        0.0000000000000000        44.316110083016142     
   44.316165115176709        0.0000000000000000        0.0000000000000000       -44.316110083016142     
   44.316165115176709       -10.097712373767406        36.581376573730886        22.885594150287965     
   44.316165115176709        10.097712373767406       -36.581376573730886       -22.885594150287965     
 isvec for ranlux 
     1529830    10969541     5398952    14836342    16636312     5190420     1470932    12386847    11625234     6824400      810679     8482292     6601895    16231455    13558496     6713029     1261892      214096    11394427     5414534     6660712     4299797     3825772    15586491    -4101909
  
 ====== DUMPING at point            1
 propag    0.0000000000000000        0.0000000000000000        0.0000000000000000        0.0000000000000000     
 test props.    0.0000000000000000        0.0000000000000000     
 Var           2.1583524434499410     
 Var before    1.5857992480739140     
 iev, nphot and rad. pattern    0.0000000000000000                1               1           0           0           0
 partons...            1          -1
 x1 & x2   0.99906993316453185       0.77321380600730605     
 sv & ME   0.55721354092344444        10544752360.490114     
 plepton   =    43.940377157347662        23.698410671641494        30.481184892397046        20.976851056157777     
 pneutrino =    43.943980211434010       -23.698553824363277       -30.481231610595508       -20.984167824014985     
 pleptonlab   =    46.996809210730014        23.698410671641494        30.481184892397046        26.794992283858278     
 pneutrinolab =    41.609059171971154       -23.698553824363277       -30.481231610595508       -15.510503138844939     
 sqrt(s) =    87.891675686017763     
 sqrt_fs_cm =    87.884357064075758     
 phind channel           0
 bbb pw(0) qmod c1q   0.0000000000000000        0.0000000000000000        0.0000000000000000        0.0000000000000000     
 reduced to Born momenta
   43.942178532037879        0.0000000000000000        0.0000000000000000        43.942123031504643     
   43.942178532037879        0.0000000000000000        0.0000000000000000       -43.942123031504643     
   43.942178532037879        23.698482246535146        30.481208251017435        20.980509365093766     
   43.942178532037879       -23.698482246535146       -30.481208251017435       -20.980509365093766     
 >> Photon n.           1
 cm momentum     7.3183172360942262E-003   1.4315272178306367E-004   4.6718198461803925E-005   7.3167678572093851E-003
 lab momentum    8.3185758907397978E-003   1.4315272178306367E-004   4.6718198461803925E-005   8.3172128479542945E-003
 c_ph_up    0.99978828754823590     
 c_ph_up lab   0.99983614469550963     
 c_ph_lep  0.49227201710170992     
 c_ph_lep lab   0.58237312139836783     
 isvec for ranlux 
     4582103    14909827     6058609    16033389    16400909    10270577    12793303      310030     7779432    12399011     3122562     7325754    11785470    16087410     4035484     7020979    11753393     9284947      731009     1133262     6407025    14657548    11290772     1908909    -4011606
  
 ====== DUMPING at point            1
 propag    0.0000000000000000        0.0000000000000000        0.0000000000000000        0.0000000000000000     
 test props.    0.0000000000000000        0.0000000000000000     
 Var           1.2456229839702146     
 Var before    1.0731266438745648     
 iev, nphot and rad. pattern    0.0000000000000000                0               0           1           0           0
 partons...            1          -1
 x1 & x2   0.99828510528615411       0.83904886199988071     
 sv & ME   0.57005294575387733        14982.057655461151     
 plepton   =    45.760517412442432       -14.982362778342848       -43.043979135583569       -4.0937093102162718     
 pneutrino =    45.760517412442418        14.982362778342848        43.043979135583569        4.0937093102162718     
 pleptonlab   =    45.577219636133307       -14.982362778342848       -43.043979135583569      -0.12826465779764629     
 pneutrinolab =    46.289478728168419        14.982362778342848        43.043979135583569        8.0900768221113157     
 sqrt(s) =    91.521034824884850     
 sqrt_fs_cm =    91.521034824884850     
 phind channel           0
 bbb pw(0) qmod c1q   0.0000000000000000        0.0000000000000000        0.0000000000000000        0.0000000000000000     
 reduced to Born momenta
   45.760517412442425        0.0000000000000000        0.0000000000000000        45.760464117279739     
   45.760517412442425        0.0000000000000000        0.0000000000000000       -45.760464117279739     
   45.760517412442432       -14.982362778342848       -43.043979135583569       -4.0937093102162718     
   45.760517412442418        14.982362778342848        43.043979135583569        4.0937093102162718     
 isvec for ranlux 
    15697820    13958964    15496225    11578598     1704967     5619974     9875627     7164025     7377212     9094670     8478077    13805758     9465217     1972369     1888418    13095976    15555016    16310036     7352882    14970220     9477691      555846    10078497      522600     4061606
  
 ====== DUMPING at point            1
 propag    0.0000000000000000        0.0000000000000000        0.0000000000000000        0.0000000000000000     
 test props.    0.0000000000000000        0.0000000000000000     
 Var           1.3425583617773624     
 Var before   0.94134912252893255     
 iev, nphot and rad. pattern    0.0000000000000000                1               0           0           1           0
 partons...            1          -1
 x1 & x2   0.96472912457459348       0.99985227665595089     
 sv & ME   0.55914037863596755        30793606405.100914     
 plepton   =    49.106043338979589        47.772614220505709        10.746174665705992        3.6999174735592470     
 pneutrino =    49.106682165864335       -47.773217153194189       -10.746376451238815       -3.7000250877207987     
 pleptonlab   =    49.047734704427420        47.772614220505709        10.746174665705992        2.8224415914774688     
 pneutrinolab =    49.180692332526966       -47.773217153194189       -10.746376451238815       -4.5786952963941472     
 sqrt(s) =    98.213370350589713     
 sqrt_fs_cm =    98.212725502726940     
 phind channel           0
 bbb pw(0) qmod c1q   0.0000000000000000        0.0000000000000000        0.0000000000000000        0.0000000000000000     
 reduced to Born momenta
   49.106685175294857        0.0000000000000000        0.0000000000000000        49.106635511709861     
   49.106685175294857        0.0000000000000000        0.0000000000000000       -49.106635511709861     
   49.106685175294857        47.773229356068924        10.746346116667842        3.6999955739525152     
   49.106685175294857       -47.773229356068924       -10.746346116667842       -3.6999955739525152     
 >> Photon n.           1
 cm momentum     6.4484574578833507E-004   6.0293268848001912E-004   2.0178553282399202E-004   1.0761416155185183E-004
 lab momentum    6.4302457280885120E-004   6.0293268848001912E-004   2.0178553282399202E-004   9.6100848805823362E-005
 c_ph_up    0.16688357216390046     
 c_ph_up lab   0.14945128517567680     
 c_ph_lep  0.99066837144949960     
 c_ph_lep lab   0.99063081357855942     
 isvec for ranlux 
     8580474     7453528     6610367     9370130     6454595    13285363    12880910       20013     9703009    16699534     1920148     6241711     6714350     8434631    10339274    15950484     7679134     4788915     9680677     9420690    13578033     7433776    11266006     2295994     4192111
  
 ====== DUMPING at point            1
 propag    0.0000000000000000        0.0000000000000000        0.0000000000000000        0.0000000000000000     
 test props.    0.0000000000000000        0.0000000000000000     
 Var           1.0926880240031762     
 Var before   0.79054160200397927     
 iev, nphot and rad. pattern    0.0000000000000000                0               0           1           0           1
 partons...            1          -1
 x1 & x2   0.99980866506845079       0.84839230700164470     
 sv & ME   0.57488164680522902        13247.361413111536     
 plepton   =    46.049700865414373        17.879367245572972       -19.194279354911725       -37.848007253304885     
 pneutrino =    46.049700865414358       -17.879367245572972        19.194279354911725        37.848007253304885     
 pleptonlab   =    43.093816568215523        17.879367245572972       -19.194279354911725       -34.190257818084383     
 pneutrinolab =    49.316232035289275       -17.879367245572972        19.194279354911725        41.761075721424689     
 sqrt(s) =    92.099401730828731     
 sqrt_fs_cm =    92.099401730828731     
 phind channel           0
 bbb pw(0) qmod c1q   0.0000000000000000        0.0000000000000000        0.0000000000000000        0.0000000000000000     
 reduced to Born momenta
   46.049700865414366        0.0000000000000000        0.0000000000000000        46.049647904935654     
   46.049700865414366        0.0000000000000000        0.0000000000000000       -46.049647904935654     
   46.049700865414373        17.879367245572972       -19.194279354911725       -37.848007253304885     
   46.049700865414358       -17.879367245572972        19.194279354911725        37.848007253304885     
 isvec for ranlux 
    16005597     8434417    14436132    13695452    14164085      961699    13764582       67402     7211444    14390456      970651      358280     3303569    11896123     6216082     9295383     9040778    13778432     3232438     8688432    14560231     5902029      962798     8581584    -4231606
  
 ====== DUMPING at point            1
 propag    0.0000000000000000        0.0000000000000000        0.0000000000000000        0.0000000000000000     
 test props.    0.0000000000000000        0.0000000000000000     
 Var           1.1452916379375777     
 Var before    1.0348250693972874     
 iev, nphot and rad. pattern    0.0000000000000000                1               0           0           0           1
 partons...            1          -1
 x1 & x2   0.99935016570270940       0.80733351213068139     
 sv & ME   0.55654106457811048        1385236040.8241906     
 plepton   =    44.911268457616380        39.416207028410078        6.6657723761525673        20.468047608491098     
 pneutrino =    44.580705775094685       -39.126725401795518       -6.6162313671856374       -20.316323622704243     
 pleptonlab   =    47.354851664803910        39.416207028410078        6.6657723761525673        25.385052976642612     
 pneutrinolab =    42.663100221875126       -39.126725401795518       -6.6162313671856374       -15.666965203211863     
 sqrt(s) =    89.822540552199186     
 sqrt_fs_cm =    89.491363706095356     
 phind channel           0
 bbb pw(0) qmod c1q   0.0000000000000000        0.0000000000000000        0.0000000000000000        0.0000000000000000     
 reduced to Born momenta
   44.911270276099593        0.0000000000000000        0.0000000000000000        44.911215973153823     
   44.911270276099593        0.0000000000000000        0.0000000000000000       -44.911215973153823     
   44.911270276099600        39.416528942550016        6.6655321611328704        20.467509893766270     
   44.911270276099586       -39.416528942550016       -6.6655321611328704       -20.467509893766270     
 >> Photon n.           1
 cm momentum    0.33056631948812187      -0.28948162661456056       -4.9541008966929700E-002 -0.15172398578685506     
 lab momentum   0.31623200499049831      -0.28948162661456056       -4.9541008966929700E-002 -0.11725509482933903     
 c_ph_up   -0.45898198588954220     
 c_ph_up lab  -0.37078819657378498     
 c_ph_lep -0.99999184610251013     
 c_ph_lep lab  -0.98276745349006345     
 isvec for ranlux 
     7388714     9617288     1398336     2389383     4357369    14684140     9486446     3033673    14925955     8440235    11812995     4941409    14160479     3700818    15230137      144881    12942425     3385948     9189929     1666383    14135389     4984438     2235879     8010321    -4160317
  
 ====== DUMPING at point            1
 propag    0.0000000000000000        0.0000000000000000        0.0000000000000000        0.0000000000000000     
 test props.    0.0000000000000000        0.0000000000000000     
 Var          0.71660662551411081     
 Var before   0.62975069911543169     
 iev, nphot and rad. pattern    0.0000000000000000                0               0           1           0           0
 partons...            1          -1
 x1 & x2   0.82174060936730675       0.99975289345482665     
 sv & ME   0.55703348388733431        24264.952132269638     
 plepton   =    45.319354361141819       -33.798176538856907        17.211558368939066        24.804802703914863     
 pneutrino =    45.319354361141805        33.798176538856907       -17.211558368939066       -24.804802703914863     
 pleptonlab   =    43.101535225225682       -33.798176538856907        17.211558368939066        20.473805123639540     
 pneutrinolab =    47.973139915880985        33.798176538856907       -17.211558368939066       -29.374419328015538     
 sqrt(s) =    90.638708722283624     
 sqrt_fs_cm =    90.638708722283624     
 phind channel           0
 bbb pw(0) qmod c1q   0.0000000000000000        0.0000000000000000        0.0000000000000000        0.0000000000000000     
 reduced to Born momenta
   45.319354361141812        0.0000000000000000        0.0000000000000000        45.319300547174642     
   45.319354361141812        0.0000000000000000        0.0000000000000000       -45.319300547174642     
   45.319354361141819       -33.798176538856907        17.211558368939066        24.804802703914863     
   45.319354361141805        33.798176538856907       -17.211558368939066       -24.804802703914863     
 isvec for ranlux 
     1457327    11843211      842130     1627129    13128769     2257102     8061877     9626046    13167356     9311311       68476    11689171     5193999    15602726    13809534     9598677    15490076    16534941     4561603     1137849      146632    16199119     3483777    15651896    -4100317
  
 ====== DUMPING at point            1
 propag    0.0000000000000000        0.0000000000000000        0.0000000000000000        0.0000000000000000     
 test props.    0.0000000000000000        0.0000000000000000     
 Var          0.74549775497587112     
 Var before   0.66299673858939734     
 iev, nphot and rad. pattern    0.0000000000000000                1               0           0           0           1
 partons...            1          -1
 x1 & x2   0.80626277618747622       0.99955210712906706     
 sv & ME   0.55664135126923020        3362544945.6294699     
 plepton   =    44.885946084385346       -6.3978192635720985       -38.348198163936345        22.432578952251895     
 pneutrino =    44.881694097606839        6.3977235379913839        38.344026786369263       -22.431229228852256     
 pleptonlab   =    42.730310950464890       -6.3978192635720985       -38.348198163936345        17.729972263996505     
 pneutrinolab =    47.555877219202159        6.3977235379913839        38.344026786369263       -27.392609180835432     
 sqrt(s) =    89.772025533454666     
 sqrt_fs_cm =    89.767640074875047     
 phind channel           0
 bbb pw(0) qmod c1q   0.0000000000000000        0.0000000000000000        0.0000000000000000        0.0000000000000000     
 reduced to Born momenta
   44.886012766727333        0.0000000000000000        0.0000000000000000        44.885958433225071     
   44.886012766727333        0.0000000000000000        0.0000000000000000       -44.885958433225071     
   44.886012766727333       -6.3980839545613870       -38.347985775880154        22.432999956461874     
   44.886012766727333        6.3980839545613870        38.347985775880154       -22.432999956461874     
 >> Photon n.           1
 cm momentum     4.3853514624836382E-003   9.5725580714383341E-005   4.1713775670836600E-003  -1.3497233996398971E-003
 lab momentum    4.5559961601574564E-003   9.5725580714383341E-005   4.1713775670836600E-003  -1.8296302406217437E-003
 c_ph_up   -0.30777998324346001     
 c_ph_up lab  -0.40158730962550049     
 c_ph_lep -0.96959421078448227     
 c_ph_lep lab  -0.99146287237325803     
 isvec for ranlux 
    14521119     3284366     3463762    11480123     3336141    13887286     8647963     5115281    11781391     9822864    14374850       23828     6429012     3846061     5815448    12970300     6645149    13960673    15889545     2643589     8059802     5945202    14697481       61957    -4221909
  
 ====== DUMPING at point            1
 propag    0.0000000000000000        0.0000000000000000        0.0000000000000000        0.0000000000000000     
 test props.    0.0000000000000000        0.0000000000000000     
 Var          0.78787249533306747     
 Var before   0.64113546373021546     
 iev, nphot and rad. pattern    0.0000000000000000                2               0           0           1           1
 partons...            1          -1
 x1 & x2   0.99951073510382438       0.87101858865647563     
 sv & ME   0.56472219473835639        259040895.25102377     
 plepton   =    42.150385051001280        17.501076417104485       -28.062352604198402        26.131599392622562     
 pneutrino =    46.510677934175852       -20.579247687694309        29.965621577077545       -29.013584513346114     
 pleptonlab   =    44.049492754597978        17.501076417104485       -28.062352604198402        29.095761526487312     
 pneutrinolab =    44.623056029022898       -20.579247687694309        29.965621577077545       -25.879761470804979     
 sqrt(s) =    93.305542699087809     
 sqrt_fs_cm =    88.540277163962301     
 phind channel           0
 bbb pw(0) qmod c1q   0.0000000000000000        0.0000000000000000        0.0000000000000000        0.0000000000000000     
 reduced to Born momenta
   46.652771349543897        0.0000000000000000        0.0000000000000000        46.652719073674838     
   46.652771349543912        0.0000000000000000        0.0000000000000000       -46.652719073674852     
   46.652771349543904        20.025005574629802       -30.550861048082510        29.019199710849314     
   46.652771349543904       -20.025005574629802        30.550861048082510       -29.019199710849314     
 >> Photon n.           1
 cm momentum     4.6353003176648624        3.0826777264020846       -1.9085049442056268        2.8880297692425416     
 lab momentum    4.8451324814864245        3.0826777264020846       -1.9085049442056268        3.2140341747159358     
 c_ph_up    0.62305127420469963     
 c_ph_up lab   0.66335320798697983     
 c_ph_lep  0.93651866257844640     
 c_ph_lep lab   0.94188626302235379     
 >> Photon n.           2
 cm momentum     9.1793962458178620E-003  -4.5064558122601701E-003   5.2359713264851747E-003  -6.0446485189882349E-003
 lab momentum    8.7849229077219711E-003  -4.5064558122601701E-003   5.2359713264851747E-003  -5.4269080308210343E-003
 c_ph_up   -0.65850175296029734     
 c_ph_up lab  -0.61775249342834504     
 c_ph_lep -0.99184305284070773     
 c_ph_lep lab  -0.99155293862278604     
 isvec for ranlux 
     9694957     1252334     7167226    16399770     5334141    13250981    11984409     2603513     3627080     4384046     3205779    13795264     8270940     7640603    12795748       19997    12743485    14635427     5286932    15315727    15130947     8180743    14720784    11532738    -4080923
  
 ====== DUMPING at point            1
 propag    0.0000000000000000        0.0000000000000000        0.0000000000000000        0.0000000000000000     
 test props.    0.0000000000000000        0.0000000000000000     
 Var          0.55781029518006142     
 Var before   0.48353816854495324     
 iev, nphot and rad. pattern    0.0000000000000000                3               0           0           1           2
 partons...            1          -1
 x1 & x2   0.99986161896135195       0.80744989093237240     
 sv & ME   0.55970796113795063        11056735404614.121     
 plepton   =    44.866440433592651        36.278223752774686       -6.0958530566080329        25.684963896130103     
 pneutrino =    41.845852200434102       -33.763873427430383        5.7562608928148471       -24.040184990956654     
 pleptonlab   =    47.873015830389299        36.278223752774686       -6.0958530566080329        30.635690588937187     
 pneutrinolab =    39.511017192578279       -33.763873427430383        5.7562608928148471       -19.697096933585375     
 sqrt(s) =    89.851998039988459     
 sqrt_fs_cm =    86.659558709965268     
 phind channel           0
 bbb pw(0) qmod c1q   0.0000000000000000        0.0000000000000000        0.0000000000000000        0.0000000000000000     
 reduced to Born momenta
   44.925999019994229        0.0000000000000000        0.0000000000000000        44.925944734851399     
   44.925999019994229        0.0000000000000000        0.0000000000000000       -44.925944734851399     
   44.925999019994222        36.288481468341978       -6.1413001618972451        25.763632688274679     
   44.925999019994237       -36.288481468341978        6.1413001618972451       -25.763632688274679     
 >> Photon n.           1
 cm momentum     1.3698962312524819E-002   1.0229570899291312E-002  -1.2280955539048762E-003   9.0282461733620679E-003
 lab momentum    1.4743930734029050E-002   1.0229570899291312E-002  -1.2280955539048762E-003   1.0546618131737674E-002
 c_ph_up    0.65904598957160687     
 c_ph_up lab   0.71531929456206933     
 c_ph_lep  0.99327254236629314     
 c_ph_lep lab   0.99414193094515169     
 >> Photon n.           2
 cm momentum     3.0786542383231952       -2.5462174490499470       0.35225097665224109       -1.6943458533447340     
 lab momentum    2.9148351403675052       -2.5462174490499470       0.35225097665224109       -1.3743943564793828     
 c_ph_up   -0.55035275876500123     
 c_ph_up lab  -0.47151701221294384     
 c_ph_lep -0.99935461701700212     
 c_ph_lep lab  -0.97909890681671452     
 >> Photon n.           3
 cm momentum     4.7352205325986912E-002   2.1637552806356403E-002  -1.1430717305150434E-002   4.0538701997921631E-002
 lab momentum    5.1963400617101627E-002   2.1637552806356403E-002  -1.1430717305150434E-002   4.5840484444814387E-002
 c_ph_up    0.85611011607254484     
 c_ph_up lab   0.88216867834719559     
 c_ph_lep  0.89238413249250248     
 c_ph_lep lab   0.90809284570098947     
 isvec for ranlux 
     8192674     9675355    12081709     9480863      986779    11942623     6473535     8765465     4090856     8723139     4116667     2833519      419117    11029292     2425882     3624875     8132952    13471903     1621808    10524330     7978715     5812058      446896     1435424     4221707
  
 ====== DUMPING at point            1
 propag    0.0000000000000000        0.0000000000000000        0.0000000000000000        0.0000000000000000     
 test props.    0.0000000000000000        0.0000000000000000     
 Var          0.34405235349304880     
 Var before   0.29695829123552669     
 iev, nphot and rad. pattern    3.0000000000000000                2               0           0           1           1
 partons...            1          -1
 x1 & x2   0.80842107318470269       0.99979871871068537     
 sv & ME   0.58446640398895267        3935561478772.4658     
 plepton   =    44.412011895009812       -29.605939151390217        16.321089924416597       -28.801493494510158     
 pneutrino =    44.933160962574789        29.957504685395381       -16.476184730465810        29.155806285357052     
 pleptonlab   =    47.728362661586203       -29.605939151390217        16.321089924416597       -33.691183257756236     
 pneutrinolab =    42.083746747533510        29.957504685395381       -16.476184730465810        24.538007791406962     
 sqrt(s) =    89.903189773710622     
 sqrt_fs_cm =    89.343643997065342     
 phind channel           0
 bbb pw(0) qmod c1q   0.0000000000000000        0.0000000000000000        0.0000000000000000        0.0000000000000000     
 reduced to Born momenta
   44.951594886855311        0.0000000000000000        0.0000000000000000        44.951540632623001     
   44.951594886855311        0.0000000000000000        0.0000000000000000       -44.951540632623001     
   44.951594886855311       -29.967725509970855        16.501112509379027       -29.159619903084234     
   44.951594886855311        29.967725509970855       -16.501112509379027        29.159619903084234     
 >> Photon n.           1
 cm momentum    0.54033207394469795      -0.36333129258551333       0.16130406127414776      -0.36596464553011759     
 lab momentum   0.58233562410050022      -0.36333129258551333       0.16130406127414776      -0.42554218444371072     
 c_ph_up   -0.67729580229874242     
 c_ph_up lab  -0.73075073348126496     
 c_ph_lep  0.99719066842755166     
 c_ph_lep lab   0.99757443516063138     
 >> Photon n.           2
 cm momentum     1.7684842181325829E-002   1.1765758580349213E-002  -6.2092552249345531E-003   1.1651854683223746E-002
 lab momentum    1.6544561549156754E-002   1.1765758580349213E-002  -6.2092552249345531E-003   9.8353744938562433E-003
 c_ph_up    0.65886110623748917     
 c_ph_up lab   0.59447779650331889     
 c_ph_lep -0.99981126428124167     
 c_ph_lep lab  -0.98910982566449834     
 isvec for ranlux 
    10876423     5508206     6552395     8586876     3831691     8121497     1468692    10309077    15186285     7188278     4503280     9877336     1366014     5981390     5726979     1082832     5970519     4651962    15890584    14102435     4569516     6677682    13119496    13736282     4202010
  
 ====== DUMPING at point            1
 propag    0.0000000000000000        0.0000000000000000        0.0000000000000000        0.0000000000000000     
 test props.    0.0000000000000000        0.0000000000000000     
 Var          0.33838370196077439     
 Var before   0.29058421556287950     
 iev, nphot and rad. pattern    5.0000000000000000                2               0           0           1           1
 partons...            1          -1
 x1 & x2   0.99985005286215844       0.84397454501042546     
 sv & ME   0.55786391006216429        107920736715.28964     
 plepton   =    44.740417206149125       0.21658685297652425       -42.458203315373382        14.104886722492695     
 pneutrino =    45.791993121093839      -0.16424623864748050        43.469562728116372       -14.396722186327109     
 pleptonlab   =    46.097856767751310       0.21658685297652425       -42.458203315373382        17.951470587508460     
 pneutrinolab =    44.735050030965631      -0.16424623864748050        43.469562728116372       -10.563317517758133     
 sqrt(s) =    91.861199286912750     
 sqrt_fs_cm =    90.526275546499107     
 phind channel           0
 bbb pw(0) qmod c1q   0.0000000000000000        0.0000000000000000        0.0000000000000000        0.0000000000000000     
 reduced to Born momenta
   45.930599643456375        0.0000000000000000        0.0000000000000000        45.930546545647324     
   45.930599643456375        0.0000000000000000        0.0000000000000000       -45.930546545647324     
   45.930599643456375       0.19337872900480110       -43.594462656376400        14.460091641652163     
   45.930599643456375      -0.19337872900480110        43.594462656376400       -14.460091641652163     
 >> Photon n.           1
 cm momentum     1.1912302019136900       -5.1355322693241195E-002  -1.1423064616979448       0.33395803979770478     
 lab momentum    1.2238439322183756       -5.1355322693241195E-002  -1.1423064616979448       0.43622534179243944     
 c_ph_up    0.28034719004035252     
 c_ph_up lab   0.35643870129888583     
 c_ph_lep  0.99819141787823862     
 c_ph_lep lab   0.99829144469771303     
 >> Photon n.           2
 cm momentum    0.13755875775609952       -9.8529163580255048E-004  0.13094704895495138       -4.2122575963291442E-002
 lab momentum   0.13447916269387872       -9.8529163580255048E-004  0.13094704895495138       -3.0603018956120831E-002
 c_ph_up   -0.30621515234949609     
 c_ph_up lab  -0.22756699508743916     
 c_ph_lep -0.99995205742404170     
 c_ph_lep lab  -0.98551005108662482     
 isvec for ranlux 
    13798336     8607402     7564242     6135960     8172408    11356951    12904116    12031075     5356482     9565784     5190119    11828940     9261313    15821424    16481898     3060787     3760646      711049     8167466     5757978    13465270     5714415     5077099     6269482     4100721
  
