 ====== DUMPING at point            1
 propag    0.0000000000000000        0.0000000000000000        0.0000000000000000        0.0000000000000000     
 test props.    0.0000000000000000        0.0000000000000000     
 Var           3.6242934636413864     
 Var before    0.0000000000000000     
 iev, nphot and rad. pattern    0.0000000000000000                0               0           0           0           0
 partons...            1          -1
 x1 & x2   0.96644192160566000       0.83917198732094755     
 sv & ME    1.0000000000000000        26399.932932840602     
 plepton   =    45.028074242190755        3.9848411158148931       -5.0766572969146093        44.563044086329754     
 pneutrino =    45.028074242190755       -3.9848411158148931        5.0766572969146093       -44.563044086329754     
 pleptonlab   =    48.289236381987600        3.9848411158148931       -5.0766572969146093        47.855906413267334     
 pneutrinolab =    41.991459064342770       -3.9848411158148931        5.0766572969146093       -41.492409699031711     
 sqrt(s) =    90.056148484381509     
 sqrt_fs_cm =    90.056148484381509     
 phind channel           0
 bbb pw(0) qmod c1q   0.0000000000000000        0.0000000000000000        0.0000000000000000        0.0000000000000000     
 reduced to Born momenta
   45.444035983348869        0.0000000000000000        0.0000000000000000        45.443982317027491     
   45.444035983348869        0.0000000000000000        0.0000000000000000       -45.443982317027491     
   45.444035983348876       -34.152092317165511        8.0006185590294869        28.892454651641430     
   45.444035983348861        34.152092317165511       -8.0006185590294869       -28.892454651641430     
 isvec for ranlux 
     9644655    14614328     8305202     1457455     1056974    16450356    10467055     4514011      135838    16753179    11474510      425858    13826447     7299317     7668616    13721940      957152    13197359    14184585     9294164    15939178     5902395     5267822    14659295     4102414
  
 ====== DUMPING at point            1
 propag    0.0000000000000000        0.0000000000000000        0.0000000000000000        0.0000000000000000     
 test props.    0.0000000000000000        0.0000000000000000     
 Var           2.4883177379341546     
 Var before    2.1912780364194426     
 iev, nphot and rad. pattern    0.0000000000000000                0               0           0           0           0
 partons...            1          -1
 x1 & x2   0.99427728318130171       0.99976866665782238     
 sv & ME    1.0000000000000000        451.02061305304017     
 plepton   =    49.850959712284677        42.946285615871474        24.649366648503285        5.7560660326308799     
 pneutrino =    49.850959712284663       -42.946285615871474       -24.649366648503285       -5.7560660326308799     
 pleptonlab   =    49.835297112386790        42.946285615871474        24.649366648503285        5.6188032725879555     
 pneutrinolab =    49.867000379569383       -42.946285615871474       -24.649366648503285       -5.8933724464139932     
 sqrt(s) =    99.701919424569340     
 sqrt_fs_cm =    99.701919424569340     
 phind channel           0
 bbb pw(0) qmod c1q   0.0000000000000000        0.0000000000000000        0.0000000000000000        0.0000000000000000     
 reduced to Born momenta
   49.850959712284670        0.0000000000000000        0.0000000000000000        49.850910790177437     
   49.850959712284670        0.0000000000000000        0.0000000000000000       -49.850910790177437     
   49.850959712284677        42.946285615871474        24.649366648503285        5.7560660326308799     
   49.850959712284663       -42.946285615871474       -24.649366648503285       -5.7560660326308799     
 isvec for ranlux 
    13828964    12538209    14722825      978898    10903123    16188213     3834576      755982    12350293    13898296    16631971     2580472     9212313    13500588    11285027    12295266    14794390     9041223     4836823     6203403     5099258      436050     2993088    13331992     4071707
  
 ====== DUMPING at point            1
 propag    0.0000000000000000        0.0000000000000000        0.0000000000000000        0.0000000000000000     
 test props.    0.0000000000000000        0.0000000000000000     
 Var           1.6975742629215844     
 Var before    1.4429961524346528     
 iev, nphot and rad. pattern    0.0000000000000000                0               0           0           0           0
 partons...            1          -1
 x1 & x2   0.97835638733032537       0.84235500899959836     
 sv & ME    1.0000000000000000        22824.851379237462     
 plepton   =    45.390621373100039       -31.947941298682423        20.914057283882819        24.540346363632857     
 pneutrino =    45.390621373100039        31.947941298682423       -20.914057283882819       -24.540346363632857     
 pleptonlab   =    47.356006565721046       -31.947941298682423        20.914057283882819        28.009131526406836     
 pneutrinolab =    43.679563250775111        31.947941298682423       -20.914057283882819       -21.209062609870482     
 sqrt(s) =    90.781242746200078     
 sqrt_fs_cm =    90.781242746200078     
 phind channel           0
 bbb pw(0) qmod c1q   0.0000000000000000        0.0000000000000000        0.0000000000000000        0.0000000000000000     
 reduced to Born momenta
   45.390621373100039        0.0000000000000000        0.0000000000000000        45.390567643625324     
   45.390621373100039        0.0000000000000000        0.0000000000000000       -45.390567643625324     
   45.390621373100039       -31.947941298682423        20.914057283882819        24.540346363632857     
   45.390621373100039        31.947941298682423       -20.914057283882819       -24.540346363632857     
 isvec for ranlux 
     8965487     4677045     9993826    10061960    12404269    11384977    11035044     9685088    14068021     1324435      272948    14908356    11427211    15348884     8000738     8738368    12913065     1505022     4123979     3215547    11907780     4934906    11898556     4780317    -4080115
  
 ====== DUMPING at point            1
 propag    0.0000000000000000        0.0000000000000000        0.0000000000000000        0.0000000000000000     
 test props.    0.0000000000000000        0.0000000000000000     
 Var           2.2287751477350861     
 Var before    1.4902812597183241     
 iev, nphot and rad. pattern    0.0000000000000000                0               0           0           0           0
 partons...            1          -1
 x1 & x2   0.82387024673308207       0.99241294268366576     
 sv & ME    1.0000000000000000        11754.349431567156     
 plepton   =    45.211157249895066       -23.118345267252465        38.233081691617762       -6.9145609151601048     
 pneutrino =    45.211157249895066        23.118345267252465       -38.233081691617762        6.9145609151601048     
 pleptonlab   =    46.051499613632679       -23.118345267252465        38.233081691617762       -11.158092553798383     
 pneutrinolab =    44.762659857204717        23.118345267252465       -38.233081691617762        2.7309577562691967     
 sqrt(s) =    90.422314499790133     
 sqrt_fs_cm =    90.422314499790133     
 phind channel           0
 bbb pw(0) qmod c1q   0.0000000000000000        0.0000000000000000        0.0000000000000000        0.0000000000000000     
 reduced to Born momenta
   45.211157249895066        0.0000000000000000        0.0000000000000000        45.211103307142807     
   45.211157249895066        0.0000000000000000        0.0000000000000000       -45.211103307142807     
   45.211157249895066       -23.118345267252465        38.233081691617762       -6.9145609151601048     
   45.211157249895066        23.118345267252465       -38.233081691617762        6.9145609151601048     
 isvec for ranlux 
    15326067    15249886     2032167    12287672     2672740     1104457     9630857    11203193     9414693    13903049     1041894    12159642    14667289     9413416    16351989    16702048    13674632     3503371    11931980     1731313     7232330     5707229     4337415    14161190    -4121101
  
 ====== DUMPING at point            1
 propag    0.0000000000000000        0.0000000000000000        0.0000000000000000        0.0000000000000000     
 test props.    0.0000000000000000        0.0000000000000000     
 Var           9.3617670741620511     
 Var before    1.9058916123604142     
 iev, nphot and rad. pattern    0.0000000000000000                0               0           0           0           0
 partons...            1          -1
 x1 & x2   0.99890441400899577       0.77186344488562297     
 sv & ME    1.0000000000000000        2428.2208551912117     
 plepton   =    43.903809689719353        39.955403372014658        4.2315085970410022        17.697271483265293     
 pneutrino =    43.903809689719353       -39.955403372014658       -4.2315085970410022       -17.697271483265293     
 pleptonlab   =    46.557156046259145        39.955403372014658        4.2315085970410022        23.520580175604188     
 pneutrinolab =    41.981236898471785       -39.955403372014658       -4.2315085970410022       -12.168531719435549     
 sqrt(s) =    87.807619379438705     
 sqrt_fs_cm =    87.807619379438705     
 phind channel           0
 bbb pw(0) qmod c1q   0.0000000000000000        0.0000000000000000        0.0000000000000000        0.0000000000000000     
 reduced to Born momenta
   43.903809689719353        0.0000000000000000        0.0000000000000000        43.903754140682494     
   43.903809689719353        0.0000000000000000        0.0000000000000000       -43.903754140682494     
   43.903809689719353        39.955403372014658        4.2315085970410022        17.697271483265293     
   43.903809689719353       -39.955403372014658       -4.2315085970410022       -17.697271483265293     
 isvec for ranlux 
     4925990     5576093    15184408    11784099    11845403    13164298      418628     8394559    12727338     1012832     9828754     3599171     1962348     6110377     3755204    14196229     8714040    12307127     8788506     3545955     7555912     3534851     9276842     7912478    -4100317
  
 ====== DUMPING at point            1
 propag    0.0000000000000000        0.0000000000000000        0.0000000000000000        0.0000000000000000     
 test props.    0.0000000000000000        0.0000000000000000     
 Var           6.4639915047094343     
 Var before    2.5547115690664612     
 iev, nphot and rad. pattern    0.0000000000000000                0               0           0           0           0
 partons...            1          -1
 x1 & x2   0.82542264833996981       0.99938718333506649     
 sv & ME    1.0000000000000000        27904.580842638072     
 plepton   =    45.412465678089248       -11.981113153357725       -29.179826575218602        32.669121872477241     
 pneutrino =    45.412465678089234        11.981113153357725        29.179826575218602       -32.669121872477241     
 pleptonlab   =    42.491551659999182       -11.981113153357725       -29.179826575218602        28.469482739057906     
 pneutrinolab =    48.748939923752616        11.981113153357725        29.179826575218602       -37.167709488812733     
 sqrt(s) =    90.824931356178482     
 sqrt_fs_cm =    90.824931356178482     
 phind channel           0
 bbb pw(0) qmod c1q   0.0000000000000000        0.0000000000000000        0.0000000000000000        0.0000000000000000     
 reduced to Born momenta
   45.412465678089241        0.0000000000000000        0.0000000000000000        45.412411974459509     
   45.412465678089241        0.0000000000000000        0.0000000000000000       -45.412411974459509     
   45.412465678089248       -11.981113153357725       -29.179826575218602        32.669121872477241     
   45.412465678089234        11.981113153357725        29.179826575218602       -32.669121872477241     
 isvec for ranlux 
     6421334     2423437     5715606     3926529     7706024    16732713    16568292    10697716    10804217    12296899    13403552     1093186    11046168     8745017     6064867     7111243    12495416     9149192     9988395     7047572    10817188      356677    10759454     5582999    -4161404
  
 ====== DUMPING at point            1
 propag    0.0000000000000000        0.0000000000000000        0.0000000000000000        0.0000000000000000     
 test props.    0.0000000000000000        0.0000000000000000     
 Var           2.0646680790382792     
 Var before    1.7909711761280160     
 iev, nphot and rad. pattern    0.0000000000000000                0               0           0           0           0
 partons...            1          -1
 x1 & x2   0.84837035638405123       0.99912313654778218     
 sv & ME    1.0000000000000000        23878.862286924494     
 plepton   =    46.033315420046421        26.864081136240831        3.7163001878489066        37.196306570535725     
 pneutrino =    46.033315420046407       -26.864081136240831       -3.7163001878489066       -37.196306570535725     
 pleptonlab   =    43.142017549907983        26.864081136240831        3.7163001878489066        33.551941407381541     
 pneutrinolab =    49.232657096683688       -26.864081136240831       -3.7163001878489066       -41.089580415568086     
 sqrt(s) =    92.066630840092827     
 sqrt_fs_cm =    92.066630840092827     
 phind channel           0
 bbb pw(0) qmod c1q   0.0000000000000000        0.0000000000000000        0.0000000000000000        0.0000000000000000     
 reduced to Born momenta
   46.033315420046414        0.0000000000000000        0.0000000000000000        46.033262440716527     
   46.033315420046414        0.0000000000000000        0.0000000000000000       -46.033262440716527     
   46.033315420046421        26.864081136240831        3.7163001878489066        37.196306570535725     
   46.033315420046407       -26.864081136240831       -3.7163001878489066       -37.196306570535725     
 isvec for ranlux 
    10671788    15112082    16580349    15196529    12173453     4126535    14349879    14774021     1833402    14749546    12999650    11317858    16659325    10501234     7001243    11690730    15931723    11335180     5068908     1086744     3192185    13920432    14783369     9387395    -4011707
  
 ====== DUMPING at point            1
 propag    0.0000000000000000        0.0000000000000000        0.0000000000000000        0.0000000000000000     
 test props.    0.0000000000000000        0.0000000000000000     
 Var          0.82110190386549031     
 Var before   0.71876293808508829     
 iev, nphot and rad. pattern    0.0000000000000000                0               0           0           0           0
 partons...            1          -1
 x1 & x2   0.99951485084621861       0.82788960514052956     
 sv & ME    1.0000000000000000        18187.997705605456     
 plepton   =    45.483182474381984        42.854162762832836       -12.824536083636788        8.2316907402179496     
 pneutrino =    45.483182474381969       -42.854162762832836        12.824536083636788       -8.2316907402179496     
 pleptonlab   =    46.461643443495490        42.854162762832836       -12.824536083636788        12.558867620735951     
 pneutrinolab =    44.908579355841901       -42.854162762832836        12.824536083636788       -3.9776053354514991     
 sqrt(s) =    90.966364948763953     
 sqrt_fs_cm =    90.966364948763953     
 phind channel           0
 bbb pw(0) qmod c1q   0.0000000000000000        0.0000000000000000        0.0000000000000000        0.0000000000000000     
 reduced to Born momenta
   45.483182474381977        0.0000000000000000        0.0000000000000000        45.483128854250204     
   45.483182474381977        0.0000000000000000        0.0000000000000000       -45.483128854250204     
   45.483182474381984        42.854162762832836       -12.824536083636788        8.2316907402179496     
   45.483182474381969       -42.854162762832836        12.824536083636788       -8.2316907402179496     
 isvec for ranlux 
    16299211     3254293    16131975     5266621    16545363    14473301     5355798     5599353    11050532    14547556    11682091     8225026    12673044    12120042     6959192    14507471     7976243    13182463     2472364    15582834    14772810    14376851    13178594     7905684     4032111
  
 ====== DUMPING at point            1
 propag    0.0000000000000000        0.0000000000000000        0.0000000000000000        0.0000000000000000     
 test props.    0.0000000000000000        0.0000000000000000     
 Var          0.76475695331688054     
 Var before   0.57526419369707982     
 iev, nphot and rad. pattern    0.0000000000000000                0               0           0           0           0
 partons...            1          -1
 x1 & x2   0.99986901545096396       0.86199693159138946     
 sv & ME    1.0000000000000000        7662.5736462501563     
 plepton   =    46.418854555881573       -26.252593216281902       -18.574690497752439       -33.473588348453980     
 pneutrino =    46.418854555881559        26.252593216281902        18.574690497752439        33.473588348453980     
 pleptonlab   =    44.061088969763723       -26.252593216281902       -18.574690497752439       -30.118941213845829     
 pneutrinolab =    49.032208382353957        26.252593216281902        18.574690497752439        37.012545406824557     
 sqrt(s) =    92.837709111763132     
 sqrt_fs_cm =    92.837709111763132     
 phind channel           0
 bbb pw(0) qmod c1q   0.0000000000000000        0.0000000000000000        0.0000000000000000        0.0000000000000000     
 reduced to Born momenta
   46.418854555881566        0.0000000000000000        0.0000000000000000        46.418802016580379     
   46.418854555881566        0.0000000000000000        0.0000000000000000       -46.418802016580379     
   46.418854555881573       -26.252593216281902       -18.574690497752439       -33.473588348453980     
   46.418854555881559        26.252593216281902        18.574690497752439        33.473588348453980     
 isvec for ranlux 
     1948374     8671651     4823179    12041177      945790    14706172    15752365     3472617     5950536     1314392     5216746    14238364     5005588     6648891    15103801      817999     4819676    14947327    12782556      118696     8196223    16643681    15944295     5417153    -4030721
  
 ====== DUMPING at point            1
 propag    0.0000000000000000        0.0000000000000000        0.0000000000000000        0.0000000000000000     
 test props.    0.0000000000000000        0.0000000000000000     
 Var          0.72180610003220869     
 Var before   0.62707545701542955     
 iev, nphot and rad. pattern    0.0000000000000000                0               0           0           0           0
 partons...            1          -1
 x1 & x2   0.81981135528545723       0.99982075875268328     
 sv & ME    1.0000000000000000        15253.946930862705     
 plepton   =    45.267659848825062       -30.572814878215389       -18.067928387887779       -28.071387901028185     
 pneutrino =    45.267659848825062        30.572814878215389        18.067928387887779        28.071387901028185     
 pleptonlab   =    48.281489296550909       -30.572814878215389       -18.067928387887779       -32.709998459095395     
 pneutrinolab =    42.700116405356113        30.572814878215389        18.067928387887779        23.709528285734095     
 sqrt(s) =    90.535319697650124     
 sqrt_fs_cm =    90.535319697650124     
 phind channel           0
 bbb pw(0) qmod c1q   0.0000000000000000        0.0000000000000000        0.0000000000000000        0.0000000000000000     
 reduced to Born momenta
   45.267659848825055        0.0000000000000000        0.0000000000000000        45.267605973403626     
   45.267659848825069        0.0000000000000000        0.0000000000000000       -45.267605973403640     
   45.267659848825062       -30.572814878215389       -18.067928387887779       -28.071387901028185     
   45.267659848825062        30.572814878215389        18.067928387887779        28.071387901028185     
 isvec for ranlux 
    12039140    13414567       24956      680525     5161984    15245004     2427930     4072528    10460989    10949186    15097278     6403010    13177578     2354914     6551446    11760129     9565449    15230204    12264909     7341336     7576794     6409704     4349288     8230537    -4080317
  
 ====== DUMPING at point            1
 propag    0.0000000000000000        0.0000000000000000        0.0000000000000000        0.0000000000000000     
 test props.    0.0000000000000000        0.0000000000000000     
 Var          0.56519106255094931     
 Var before   0.51115247630719940     
 iev, nphot and rad. pattern    0.0000000000000000                0               0           0           0           0
 partons...            1          -1
 x1 & x2   0.99988270022872183       0.82650368437622690     
 sv & ME    1.0000000000000000        27420.744394311128     
 plepton   =    45.453457945548251       -31.193913604201821        13.323285120342883        30.256164713524047     
 pneutrino =    45.453457945548237        31.193913604201821       -13.323285120342883       -30.256164713524047     
 pleptonlab   =    48.544909879133385       -31.193913604201821        13.323285120342883        34.727898570707616     
 pneutrinolab =    42.774409351114066        31.193913604201821       -13.323285120342883       -26.058947778082864     
 sqrt(s) =    90.906915891096489     
 sqrt_fs_cm =    90.906915891096489     
 phind channel           0
 bbb pw(0) qmod c1q   0.0000000000000000        0.0000000000000000        0.0000000000000000        0.0000000000000000     
 reduced to Born momenta
   45.453457945548251        0.0000000000000000        0.0000000000000000        45.453404290351273     
   45.453457945548237        0.0000000000000000        0.0000000000000000       -45.453404290351259     
   45.453457945548251       -31.193913604201821        13.323285120342883        30.256164713524047     
   45.453457945548237        31.193913604201821       -13.323285120342883       -30.256164713524047     
 isvec for ranlux 
     1557697     2758898    12299107    12897799     9719336    12650748     3944842    11864134     1592213     5193147     1439382    14514151    13647109    11293445     6602871     1680709     7646021     3836307     1590689    12608638     8765967     5583163     6364299      289554    -4082414
  
