 ====== DUMPING at point            1
 propag    0.0000000000000000        0.0000000000000000        0.0000000000000000        0.0000000000000000     
 test props.    0.0000000000000000        0.0000000000000000     
 Var           2.5468132856126489     
 Var before    0.0000000000000000     
 iev, nphot and rad. pattern    0.0000000000000000                1               0           0           0           1
 partons...            1          -1
 x1 & x2   0.90618746426133523       0.94093733739348617     
 sv & ME    1.0000000000000000        722.01263138834656     
 plepton   =    45.899657898847011        37.542426599825319       -17.805177092140429       -19.501520588250738     
 pneutrino =    40.771774456832233       -32.539075266934127        17.888424217167856        16.838624898333237     
 pleptonlab   =    46.274728768027224        37.542426599825319       -17.805177092140429       -20.368633547129889     
 pneutrinolab =    40.462151150479698       -32.539075266934127        17.888424217167856        16.074432239809802     
 sqrt(s) =    92.339894942620305     
 sqrt_fs_cm =    86.485870051040891     
 phind channel           0
 bbb pw(0) qmod c1q   0.0000000000000000        0.0000000000000000        0.0000000000000000        0.0000000000000000     
 reduced to Born momenta
   46.169947471310145        0.0000000000000000        0.0000000000000000        46.169894648763687     
   46.169947471310159        0.0000000000000000        0.0000000000000000       -46.169894648763702     
   46.169947471310152        37.333491249654557       -19.056131625565435       -19.357870864151415     
   46.169947471310152       -37.333491249654557        19.056131625565435        19.357870864151415     
 >> Photon n.           1
 cm momentum     5.6684625869410645       -5.0033513328911896       -8.3247125027427274E-002   2.6628956899175029     
 lab momentum    5.6193601642341298       -5.0033513328911896       -8.3247125027427274E-002   2.5567076507125446     
 c_ph_up    0.46977388473062337     
 c_ph_up lab   0.45498198655878497     
 c_ph_lep -0.91585215927056918     
 c_ph_lep lab  -0.91692873311402501     
 isvec for ranlux 
     9644655    14614328     8305202     1457455     6611641    14048799     7267313     8683348    14048746     9318201     4464668     5476536     8218591     7359978     7668616    13721940      957152    13197359    14184585     9294164    15939178     5902395     5267822    14659295     4201404
  
 ====== DUMPING at point            1
 propag    0.0000000000000000        0.0000000000000000        0.0000000000000000        0.0000000000000000     
 test props.    0.0000000000000000        0.0000000000000000     
 Var           1.7624487001757778     
 Var before    1.3098030342772746     
 iev, nphot and rad. pattern    0.0000000000000000                0               0           0           1           0
 partons...            1          -1
 x1 & x2   0.95182052189070987       0.80112174395954694     
 sv & ME   0.71291203841155748        1188.4483175216005     
 plepton   =    43.661313437457750        31.820618335490579        29.863615666966389        1.3826913738146394     
 pneutrino =    43.661313437457764       -31.820618335490579       -29.863615666966389       -1.3826913738146394     
 pleptonlab   =    43.942867017317688        31.820618335490579        29.863615666966389        5.1552988325566185     
 pneutrinolab =    43.704246275195153       -31.820618335490579       -29.863615666966389        2.3796400640015269     
 sqrt(s) =    87.322626874915514     
 sqrt_fs_cm =    87.322626874915514     
 phind channel           0
 bbb pw(0) qmod c1q   0.0000000000000000        0.0000000000000000        0.0000000000000000        0.0000000000000000     
 reduced to Born momenta
   43.661313437457757        0.0000000000000000        0.0000000000000000        43.661257579899477     
   43.661313437457757        0.0000000000000000        0.0000000000000000       -43.661257579899477     
   43.661313437457750        31.820618335490579        29.863615666966389        1.3826913738146394     
   43.661313437457764       -31.820618335490579       -29.863615666966389       -1.3826913738146394     
 isvec for ranlux 
     6252439      346129     5312835     8261683     9079631     4152189    11690151     3251140     4683020     2530188    16021290    11618951     3342516     5282467     2561248    15711547    15779543    10985280     8292142     1596633    16558285    12472361     3784938     8334133     4140519
  
 ====== DUMPING at point            1
 propag    0.0000000000000000        0.0000000000000000        0.0000000000000000        0.0000000000000000     
 test props.    0.0000000000000000        0.0000000000000000     
 Var           1.7222385125986490     
 Var before    1.3383035593479260     
 iev, nphot and rad. pattern    0.0000000000000000                0               0           0           1           0
 partons...            1          -1
 x1 & x2   0.91518655197483845       0.92728749231421637     
 sv & ME   0.68809456703388616        16281.332289099126     
 plepton   =    46.060857644545713       -43.919263209628092       -7.5709790516265452        11.634863066786718     
 pneutrino =    46.060857644545699        43.919263209628092        7.5709790516265452       -11.634863066786718     
 pleptonlab   =    45.985434388656707       -43.919263209628092       -7.5709790516265452        11.332590504612053     
 pneutrinolab =    46.138267825796007        43.919263209628092        7.5709790516265452       -11.937637521580950     
 sqrt(s) =    92.121715289091412     
 sqrt_fs_cm =    92.121715289091412     
 phind channel           0
 bbb pw(0) qmod c1q   0.0000000000000000        0.0000000000000000        0.0000000000000000        0.0000000000000000     
 reduced to Born momenta
   46.060857644545706        0.0000000000000000        0.0000000000000000        46.060804696895005     
   46.060857644545706        0.0000000000000000        0.0000000000000000       -46.060804696895005     
   46.060857644545713       -43.919263209628092       -7.5709790516265452        11.634863066786718     
   46.060857644545699        43.919263209628092        7.5709790516265452       -11.634863066786718     
 isvec for ranlux 
     8965487     2126720     7254733    12923904     5337694    14130607     1878020     8597149     6833174     1891112    11634831     6803766      471344     6208649      964748     8738368    12913065     1505022     4123979     3215547    11907780     4934906    11898556     4780317     4221101
  
 ====== DUMPING at point            1
 propag    0.0000000000000000        0.0000000000000000        0.0000000000000000        0.0000000000000000     
 test props.    0.0000000000000000        0.0000000000000000     
 Var           1.8266185117988394     
 Var before    1.5973718497020677     
 iev, nphot and rad. pattern    0.0000000000000000                0               0           0           0           1
 partons...            1          -1
 x1 & x2   0.81403665168927541       0.96464758570718223     
 sv & ME   0.70939375267709670        2283.7079092026297     
 plepton   =    44.307406004222869       -10.294910455419551        43.043952639355581        2.0899815854174268     
 pneutrino =    44.307406004222869        10.294910455419551       -43.043952639355581       -2.0899815854174268     
 pleptonlab   =    44.289497885238013       -10.294910455419551        43.043952639355581       -1.6677587148151201     
 pneutrinolab =    44.644713984584861        10.294910455419551       -43.043952639355581       -5.8627879860802148     
 sqrt(s) =    88.614812008445739     
 sqrt_fs_cm =    88.614812008445739     
 phind channel           0
 bbb pw(0) qmod c1q   0.0000000000000000        0.0000000000000000        0.0000000000000000        0.0000000000000000     
 reduced to Born momenta
   44.307406004222869        0.0000000000000000        0.0000000000000000        44.307350961183012     
   44.307406004222869        0.0000000000000000        0.0000000000000000       -44.307350961183012     
   44.307406004222869       -10.294910455419551        43.043952639355581        2.0899815854174268     
   44.307406004222869        10.294910455419551       -43.043952639355581       -2.0899815854174268     
 isvec for ranlux 
    15326067    13686972    12635121    13902960    13679249    15597591     9630857    11203193     9414693    13903049     1041894    12159642    14667289     9413416    16351989    16702048    13674632     3503371    11931980     1731313     7232330     5707229     4337415    14161190     4071606
  
 ====== DUMPING at point            1
 propag    0.0000000000000000        0.0000000000000000        0.0000000000000000        0.0000000000000000     
 test props.    0.0000000000000000        0.0000000000000000     
 Var           2.3186687432351403     
 Var before    1.5792529907763797     
 iev, nphot and rad. pattern    0.0000000000000000                0               0           1           0           0
 partons...            1          -1
 x1 & x2   0.89515149340773692       0.98041451850619077     
 sv & ME   0.68051810127242884        7322.1140614740270     
 plepton   =    46.840674642863661        28.081665635508344       -24.365902191658687        28.491411036120613     
 pneutrino =    46.840674642863647       -28.081665635508344        24.365902191658687       -28.491411036120613     
 pleptonlab   =    45.592593452336779        28.081665635508344       -24.365902191658687        26.389321316408036     
 pneutrinolab =    48.185707143359608       -28.081665635508344        24.365902191658687       -30.652472571330733     
 sqrt(s) =    93.681349285727308     
 sqrt_fs_cm =    93.681349285727308     
 phind channel           0
 bbb pw(0) qmod c1q   0.0000000000000000        0.0000000000000000        0.0000000000000000        0.0000000000000000     
 reduced to Born momenta
   46.840674642863654        0.0000000000000000        0.0000000000000000        46.840622576701627     
   46.840674642863654        0.0000000000000000        0.0000000000000000       -46.840622576701627     
   46.840674642863661        28.081665635508344       -24.365902191658687        28.491411036120613     
   46.840674642863647       -28.081665635508344        24.365902191658687       -28.491411036120613     
 isvec for ranlux 
     4925990     5576093    15184408    11784099    11845403    13164298      418628     8394559    12727338     1012832     9828754     3599171     1962348     6110377     1170785     8157080     6470367    12307127     8788506     3545955     7555912     3534851     9276842     7912478     4132414
  
 ====== DUMPING at point            1
 propag    0.0000000000000000        0.0000000000000000        0.0000000000000000        0.0000000000000000     
 test props.    0.0000000000000000        0.0000000000000000     
 Var           10.270560078568899     
 Var before    1.4800290078706684     
 iev, nphot and rad. pattern    0.0000000000000000                0               0           0           0           1
 partons...            1          -1
 x1 & x2   0.99827751381959873       0.84914945258211383     
 sv & ME   0.67954795308080529        27483.859331199408     
 plepton   =    46.034954230045308       -4.7679994021394574        27.516157785366151        36.596900001269645     
 pneutrino =    46.034954230045280        4.7679994021394574       -27.516157785366151       -36.596900001269645     
 pleptonlab   =    49.149522411753196       -4.7679994021394574        27.516157785366151        40.444920967211608     
 pneutrinolab =    43.221825908332448        4.7679994021394574       -27.516157785366151       -32.988517905337368     
 sqrt(s) =    92.069908460090588     
 sqrt_fs_cm =    92.069908460090588     
 phind channel           0
 bbb pw(0) qmod c1q   0.0000000000000000        0.0000000000000000        0.0000000000000000        0.0000000000000000     
 reduced to Born momenta
   46.034954230045301        0.0000000000000000        0.0000000000000000        46.034901252601443     
   46.034954230045287        0.0000000000000000        0.0000000000000000       -46.034901252601429     
   46.034954230045308       -4.7679994021394574        27.516157785366151        36.596900001269645     
   46.034954230045280        4.7679994021394574       -27.516157785366151       -36.596900001269645     
 isvec for ranlux 
      128384    11388086    10466586    16512364     6221064    10759867     4294357     4958074     2428245      140484    15658108     6187047     6125357     5290921     3091457    10559473     4129276    15535479    13747368    10865395     4704666    11572707     3324263     2372157     4192111
  
 ====== DUMPING at point            1
 propag    0.0000000000000000        0.0000000000000000        0.0000000000000000        0.0000000000000000     
 test props.    0.0000000000000000        0.0000000000000000     
 Var           5.7563244179079405     
 Var before    3.4384981183812502     
 iev, nphot and rad. pattern    0.0000000000000000                1               1           0           0           0
 partons...            1          -1
 x1 & x2   0.99986797213922585       0.87567566643730255     
 sv & ME    1.0000000000000000        150.12365841270486     
 plepton   =    44.753223398665206       -37.798756751859777        10.912421673124603       -21.331030967138496     
 pneutrino =    45.361019559038184        39.899636130472238       -8.6566533885572525        19.765938391846475     
 pleptonlab   =    43.436083621409111       -37.798756751859777        10.912421673124603       -18.408021021180719     
 pneutrinolab =    46.772507932313985        39.899636130472238       -8.6566533885572525        22.819678423527360     
 sqrt(s) =    93.571365964825532     
 sqrt_fs_cm =    90.047904386241129     
 phind channel           0
 bbb pw(0) qmod c1q   0.0000000000000000        0.0000000000000000        0.0000000000000000        0.0000000000000000     
 reduced to Born momenta
   45.023952193120564        0.0000000000000000        0.0000000000000000        45.023898026079507     
   45.023952193120564        0.0000000000000000        0.0000000000000000       -45.023898026079507     
   45.023952193120564       -38.845652671182833        9.7883425679207647       -20.551124682600566     
   45.023952193120564        38.845652671182833       -9.7883425679207647        20.551124682600566     
 >> Photon n.           1
 cm momentum     3.4571230071221399       -2.1008793786124640       -2.2557682845673499        1.5650925752920206     
 lab momentum    3.5685903751033363       -2.1008793786124640       -2.2557682845673499        1.7979578827495237     
 c_ph_up    0.45271532776465251     
 c_ph_up lab   0.50382859722235840     
 c_ph_lep  0.13837975301211064     
 c_ph_lep lab   0.13998173601595332     
 isvec for ranlux 
     6248706     2443650     5424569     7840856     8854079     5077390    15263352    16554528     1529883     2696089     2519233     5653265    15789071      882553     5947087     9218297     5428618    10255587     4747224    14768239    10404210    13291405    15495887    10569314     4080721
  
 ====== DUMPING at point            1
 propag    0.0000000000000000        0.0000000000000000        0.0000000000000000        0.0000000000000000     
 test props.    0.0000000000000000        0.0000000000000000     
 Var           4.2957052128629432     
 Var before    3.8973155443071068     
 iev, nphot and rad. pattern    0.0000000000000000                0               0           0           1           0
 partons...            1          -1
 x1 & x2   0.96923343156866570       0.99983174600918079     
 sv & ME   0.69064699934139384        1075.5342525915798     
 plepton   =    49.220685544183780        8.7932227460407493       -35.512655087306570        32.927120799372432     
 pneutrino =    49.220685544183766       -8.7932227460407493        35.512655087306570       -32.927120799372432     
 pleptonlab   =    48.714896219611369        8.7932227460407493       -35.512655087306570        32.166139220996811     
 pneutrinolab =    49.738362659280931       -8.7932227460407493        35.512655087306570       -33.696054943022560     
 sqrt(s) =    98.441371088367546     
 sqrt_fs_cm =    98.441371088367546     
 phind channel           0
 bbb pw(0) qmod c1q   0.0000000000000000        0.0000000000000000        0.0000000000000000        0.0000000000000000     
 reduced to Born momenta
   49.220685544183773        0.0000000000000000        0.0000000000000000        49.220635995625059     
   49.220685544183773        0.0000000000000000        0.0000000000000000       -49.220635995625059     
   49.220685544183780        8.7932227460407493       -35.512655087306570        32.927120799372432     
   49.220685544183766       -8.7932227460407493        35.512655087306570       -32.927120799372432     
 isvec for ranlux 
     1761916     1998066      110757    12487400     6792527    15221857    13697809    16362340     1718686    13889623    15879938    13252925    15197909    11147211     8739263    10194051      365704     1375984     3629030     8446094     3487424    14965765     1118188    11110526    -4200216
  
 ====== DUMPING at point            1
 propag    0.0000000000000000        0.0000000000000000        0.0000000000000000        0.0000000000000000     
 test props.    0.0000000000000000        0.0000000000000000     
 Var           2.5862119774132726     
 Var before    2.0892940619386837     
 iev, nphot and rad. pattern    0.0000000000000000                0               0           1           0           0
 partons...            1          -1
 x1 & x2   0.83884925965764678       0.99925312036988101     
 sv & ME   0.76388936126444285        20419.752063211694     
 plepton   =    45.777252545147029        9.1945417953479662       -32.302422841117419       -31.105619535028669     
 pneutrino =    45.777252545147043       -9.1945417953479662        32.302422841117419        31.105619535028669     
 pleptonlab   =    48.677418019853214        9.1945417953479662       -32.302422841117419       -35.234837038864207     
 pneutrinolab =    43.227700981523192       -9.1945417953479662        32.302422841117419        27.214644003252495     
 sqrt(s) =    91.554505090294072     
 sqrt_fs_cm =    91.554505090294072     
 phind channel           0
 bbb pw(0) qmod c1q   0.0000000000000000        0.0000000000000000        0.0000000000000000        0.0000000000000000     
 reduced to Born momenta
   45.777252545147036        0.0000000000000000        0.0000000000000000        45.777199269467886     
   45.777252545147036        0.0000000000000000        0.0000000000000000       -45.777199269467886     
   45.777252545147029        9.1945417953479662       -32.302422841117419       -31.105619535028669     
   45.777252545147043       -9.1945417953479662        32.302422841117419        31.105619535028669     
 isvec for ranlux 
    14902313     9928972     4799160     2701921    12896674      994906     4989402     1593852     3619565    10431950     8726416    10407135     5333250    10378542     9914156    14939389     3289939    14228418    14454888     1597759     1973254     3860146     2875092     2125098     4191303
  
 ====== DUMPING at point            1
 propag    0.0000000000000000        0.0000000000000000        0.0000000000000000        0.0000000000000000     
 test props.    0.0000000000000000        0.0000000000000000     
 Var           1.2811899377615272     
 Var before    1.0978495000178823     
 iev, nphot and rad. pattern    0.0000000000000000                1               0           0           1           0
 partons...            1          -1
 x1 & x2   0.99953385274543416       0.83563761021932870     
 sv & ME    1.0000000000000000        2222649.8053235430     
 plepton   =    45.515488169062849        9.6543644291475665        40.451207654122328        18.497068588533622     
 pneutrino =    45.691858182920505       -9.6465711773270133       -40.628819589596333       -18.546628367265278     
 pleptonlab   =    47.356668216257447        9.6543644291475665        40.451207654122328        22.652503341695056     
 pneutrinolab =    44.212159218640160       -9.6465711773270133       -40.628819589596333       -14.523998841907058     
 sqrt(s) =    91.391907740319837     
 sqrt_fs_cm =    91.207159618445445     
 phind channel           0
 bbb pw(0) qmod c1q   0.0000000000000000        0.0000000000000000        0.0000000000000000        0.0000000000000000     
 reduced to Born momenta
   45.695953870159919        0.0000000000000000        0.0000000000000000        45.695900499696727     
   45.695953870159919        0.0000000000000000        0.0000000000000000       -45.695900499696727     
   45.695953870159919        9.6700195543273573        40.622045387377256        18.559342304540429     
   45.695953870159919       -9.6700195543273573       -40.622045387377256       -18.559342304540429     
 >> Photon n.           1
 cm momentum    0.18456138833648408       -7.7932518205534491E-003  0.17761193547400267        4.9559778731655360E-002
 lab momentum   0.18974571334055129       -7.7932518205534491E-003  0.17761193547400267        6.6307626517277951E-002
 c_ph_up    0.26852734029774517     
 c_ph_up lab   0.34945520164806321     
 c_ph_lep  0.95544367295747745     
 c_ph_lep lab   0.95834601598060742     
 isvec for ranlux 
    16299211     3254293    16131975     5266621    16545363    14473301     5355798     5599353    11050532    14547556    11682091     8225026    12673044    12120042     6959192    14507471     7976243    13182463     2472364    15582834    14772810    14376851    13178594     7905684     4032111
  
 ====== DUMPING at point            1
 propag    0.0000000000000000        0.0000000000000000        0.0000000000000000        0.0000000000000000     
 test props.    0.0000000000000000        0.0000000000000000     
 Var           1.9215027465967285     
 Var before    1.2453940327113104     
 iev, nphot and rad. pattern    0.0000000000000000                1               0           0           0           1
 partons...            1          -1
 x1 & x2   0.99986542644064436       0.82972750671074613     
 sv & ME    1.0000000000000000        177986948322.34210     
 plepton   =    45.541624957554575      -0.68283147881724648       -31.319549997861071        33.055226049538788     
 pneutrino =    45.495950474978201       0.68219316931465313        31.288229524683270       -33.021987396591989     
 pleptonlab   =    48.827079816490546      -0.68283147881724648       -31.319549997861071        37.452531140331338     
 pneutrinolab =    42.609797649533810       0.68219316931465313        31.288229524683270       -28.916517731795235     
 sqrt(s) =    91.083250234435141     
 sqrt_fs_cm =    91.037563974694351     
 phind channel           0
 bbb pw(0) qmod c1q   0.0000000000000000        0.0000000000000000        0.0000000000000000        0.0000000000000000     
 reduced to Born momenta
   45.541625117217571        0.0000000000000000        0.0000000000000000        45.541571565895509     
   45.541625117217571        0.0000000000000000        0.0000000000000000       -45.541571565895509     
   45.541625117217571      -0.68285475755873115       -31.319595448725003        33.055182724256689     
   45.541625117217571       0.68285475755873115        31.319595448725003       -33.055182724256689     
 >> Photon n.           1
 cm momentum     4.5674801902365475E-002   6.3830950259335169E-004   3.1320473177798742E-002  -3.3238652946803032E-002
 lab momentum    4.2769191545170171E-002   6.3830950259335169E-004   3.1320473177798742E-002  -2.9117422041196311E-002
 c_ph_up   -0.72772407459706179     
 c_ph_up lab  -0.68080365770871054     
 c_ph_lep -0.99999570700124496     
 c_ph_lep lab  -0.99215161591410628     
 isvec for ranlux 
    14376841     9367055    11411008     3416353     1394422    12230973     5252183    16075032     6397709     9393473    12531793     9363946    15390017     9736584    16117207    13485524     9250666     8140315     3126542     1982896     8250996    15449780     6880094     7144020    -4021707
  
 ====== DUMPING at point            1
 propag    0.0000000000000000        0.0000000000000000        0.0000000000000000        0.0000000000000000     
 test props.    0.0000000000000000        0.0000000000000000     
 Var          0.65549420965077820     
 Var before   0.55645717806364359     
 iev, nphot and rad. pattern    0.0000000000000000                1               0           0           1           0
 partons...            1          -1
 x1 & x2   0.76673313714818914       0.99988389159802493     
 sv & ME    1.0000000000000000        847955.20659559092     
 plepton   =    41.889230797628620        41.833013476822551       -2.1453094670472441      -0.30516202927421737     
 pneutrino =    43.779038296759218       -43.721151355351751        2.2278660572980784       0.30094433173946311     
 pleptonlab   =    42.299501334967900        41.833013476822551       -2.1453094670472441       -5.8850046927817719     
 pneutrinolab =    44.125287715778022       -43.721151355351751        2.2278660572980784       -5.5251596630221060     
 sqrt(s) =    87.558215661860871     
 sqrt_fs_cm =    85.647419293289531     
 phind channel           0
 bbb pw(0) qmod c1q   0.0000000000000000        0.0000000000000000        0.0000000000000000        0.0000000000000000     
 reduced to Born momenta
   43.779107830930435        0.0000000000000000        0.0000000000000000        43.779052123665657     
   43.779107830930435        0.0000000000000000        0.0000000000000000       -43.779052123665657     
   43.779107830930435        43.720799592778043       -2.2349053857239687      -0.30983812833116836     
   43.779107830930435       -43.720799592778043        2.2349053857239687       0.30983812833116836     
 >> Photon n.           1
 cm momentum     1.8899465674730291        1.8881378785291996       -8.2556590250834436E-002   4.2176975347542568E-003
 lab momentum    1.9060623865648005        1.8881378785291996       -8.2556590250834436E-002 -0.24737336668791240     
 c_ph_up     2.2316490885737417E-003
 c_ph_up lab  -0.12978240818955611     
 c_ph_lep  0.99992627784081412     
 c_ph_lep lab   0.99992760624791821     
 isvec for ranlux 
    16575667    16622680     6248223    14956727    13110558     1205945    11242040     6890570    14658205      621134     7421034    11519576    13204167     8090949    16466493    11015029     5120304      201156    13109540    13654731     2695017     9785481     4861148      143676    -4200721
  
 ====== DUMPING at point            1
 propag    0.0000000000000000        0.0000000000000000        0.0000000000000000        0.0000000000000000     
 test props.    0.0000000000000000        0.0000000000000000     
 Var          0.77402664866754811     
 Var before   0.65017309820550495     
 iev, nphot and rad. pattern    0.0000000000000000                0               0           1           0           0
 partons...            1          -1
 x1 & x2   0.87073962597039389       0.99983677226072942     
 sv & ME   0.68388724735727946        11345.730985311657     
 plepton   =    46.652907120289782        18.460920849693938       -22.806518625629192        36.270369292896390     
 pneutrino =    46.652907120289754       -18.460920849693938        22.806518625629192       -36.270369292896390     
 pleptonlab   =    44.255240935219291        18.460920849693938       -22.806518625629192        33.129628674390624     
 pneutrinolab =    49.273578976336886       -18.460920849693938        22.806518625629192       -39.584485988907403     
 sqrt(s) =    93.305814240579537     
 sqrt_fs_cm =    93.305814240579537     
 phind channel           0
 bbb pw(0) qmod c1q   0.0000000000000000        0.0000000000000000        0.0000000000000000        0.0000000000000000     
 reduced to Born momenta
   46.652907120289768        0.0000000000000000        0.0000000000000000        46.652854844572843     
   46.652907120289768        0.0000000000000000        0.0000000000000000       -46.652854844572843     
   46.652907120289782        18.460920849693938       -22.806518625629192        36.270369292896390     
   46.652907120289754       -18.460920849693938        22.806518625629192       -36.270369292896390     
 isvec for ranlux 
    13452352     7685781    12040999      377492     2027616    10867852     4039603    13333254    16608482     8283248     4576519     7678115     1422877    16276106    10765401     9788787     9530970    13032368     3894472      306732    14245216    14571762    11462555    11912083     4051404
  
 ====== DUMPING at point            1
 propag    0.0000000000000000        0.0000000000000000        0.0000000000000000        0.0000000000000000     
 test props.    0.0000000000000000        0.0000000000000000     
 Var          0.76443701430213107     
 Var before   0.66856608137548601     
 iev, nphot and rad. pattern    0.0000000000000000                1               0           0           1           0
 partons...            1          -1
 x1 & x2   0.83439127256412082       0.99987674782935221     
 sv & ME    1.0000000000000000        1164466.5475282255     
 plepton   =    45.323849000857678       -26.384750269515514       -2.5863099833704228       -36.761339453919504     
 pneutrino =    45.663736383139089        26.656655994709226        2.6014262995038471        36.984063178149263     
 pleptonlab   =    48.839582619870626       -26.384750269515514       -2.5863099833704228       -41.017674491332627     
 pneutrinolab =    42.500396240388419        26.656655994709226        2.6014262995038471        32.998905880143020     
 sqrt(s) =    91.339390846918164     
 sqrt_fs_cm =    90.986905249746570     
 phind channel           0
 bbb pw(0) qmod c1q   0.0000000000000000        0.0000000000000000        0.0000000000000000        0.0000000000000000     
 reduced to Born momenta
   45.669695423459082        0.0000000000000000        0.0000000000000000        45.669642022309738     
   45.669695423459082        0.0000000000000000        0.0000000000000000       -45.669642022309738     
   45.669695423459082       -26.623190654139400       -2.6039027354045854       -37.015339067985707     
   45.669695423459082        26.623190654139400        2.6039027354045854        37.015339067985707     
 >> Photon n.           1
 cm momentum    0.35180546292139603      -0.27190572519371098       -1.5116316133424347E-002 -0.22272372422976014     
 lab momentum   0.37342215941461976      -0.27190572519371098       -1.5116316133424347E-002 -0.25550515207195762     
 c_ph_up   -0.63308773655832440     
 c_ph_up lab  -0.68422600434984904     
 c_ph_lep  0.96586721853419732     
 c_ph_lep lab   0.97015790099423904     
 isvec for ranlux 
    16281071     6216508     5788901     5598226     2151985    11312847     4878172    15215368      933416    10490822     4859569     3569103     7793955     9042226    15803846    11186175     1469788    15694173    11573162    10117844     1302401    12204826     4381916     1083041    -4200822
  
 ====== DUMPING at point            1
 propag    0.0000000000000000        0.0000000000000000        0.0000000000000000        0.0000000000000000     
 test props.    0.0000000000000000        0.0000000000000000     
 Var          0.56229042348281111     
 Var before   0.49471400452366215     
 iev, nphot and rad. pattern    0.0000000000000000                0               0           0           1           0
 partons...            1          -1
 x1 & x2   0.86180449453695540       0.99988045146979987     
 sv & ME   0.69041165831288542        9804.0874593269855     
 plepton   =    46.413938291108032        31.552204133158757        32.385105249249861        10.483600351682835     
 pneutrino =    46.413938291108018       -31.552204133158757       -32.385105249249861       -10.483600351682835     
 pleptonlab   =    45.762436984936343        31.552204133158757        32.385105249249861        7.0606548877062494     
 pneutrinolab =    47.321810315401407       -31.552204133158757       -32.385105249249861       -13.964452734348470     
 sqrt(s) =    92.827876582216049     
 sqrt_fs_cm =    92.827876582216049     
 phind channel           0
 bbb pw(0) qmod c1q   0.0000000000000000        0.0000000000000000        0.0000000000000000        0.0000000000000000     
 reduced to Born momenta
   46.413938291108032        0.0000000000000000        0.0000000000000000        46.413885746241768     
   46.413938291108018        0.0000000000000000        0.0000000000000000       -46.413885746241753     
   46.413938291108032        31.552204133158757        32.385105249249861        10.483600351682835     
   46.413938291108018       -31.552204133158757       -32.385105249249861       -10.483600351682835     
 isvec for ranlux 
      589876    16710617     5688859    14464672     6555815    10676443     8690630    14425228     3486349    14953393     3964495     2454096     6889208    10385107     6558022     6916769    16140560    10878330     7171221     6209201     3307280     2406960     2255942    12891023    -4131909
  
