 ====== DUMPING at point            1
 propag    0.0000000000000000        0.0000000000000000        0.0000000000000000        0.0000000000000000     
 test props.    0.0000000000000000        0.0000000000000000     
 Var           5.0369843274084588E-004
 Var before    0.0000000000000000     
 iev, nphot and rad. pattern    0.0000000000000000                0               0           0           0           0
 partons...            1          -1
 x1 & x2   0.97561502602738892       0.95043545867682788     
 sv & ME    1.0000000000000000        20.065049443063309     
 plepton   =    91.479579746837359       -7.4374783220458625       -67.105448210310513        61.725562643599609     
 pneutrino =    91.479579746837388        7.4374783220458625        67.105448210310513       -61.725562643599609     
 pleptonlab   =    92.294415183908455       -7.4374783220458625       -67.105448210310513        62.926867450641744     
 pneutrinolab =    90.680380862992124        7.4374783220458625        67.105448210310513       -60.534808552338440     
 sqrt(s) =    182.95915949367475     
 sqrt_fs_cm =    182.95915949367475     
 phind channel           0
 bbb pw(0) qmod c1q   0.0000000000000000        0.0000000000000000        0.0000000000000000        0.0000000000000000     
 reduced to Born momenta
   91.479579746837373        0.0000000000000000        0.0000000000000000        91.479553087192002     
   91.479579746837373        0.0000000000000000        0.0000000000000000       -91.479553087192002     
   91.479579746837359       -7.4374783220458625       -67.105448210310513        61.725562643599609     
   91.479579746837388        7.4374783220458625        67.105448210310513       -61.725562643599609     
 isvec for ranlux 
     9644655    14614328     8305202     1457455     1056974    16450356    10467055     4514011      135838    16753179    11474510      425858    13826447     7299317     7668616    13721940      957152    13197359    14184585     9294164    15939178     5902395     5267822    14659295     4102414
  
 ====== DUMPING at point            1
 propag    0.0000000000000000        0.0000000000000000        0.0000000000000000        0.0000000000000000     
 test props.    0.0000000000000000        0.0000000000000000     
 Var           5.5823589501121417E-003
 Var before    3.3038239989534025E-004
 iev, nphot and rad. pattern    0.0000000000000000                0               0           0           0           0
 partons...            1          -1
 x1 & x2   0.90118512782650217       0.48233689530769214     
 sv & ME    1.0000000000000000        78.859098955180016     
 plepton   =    62.633380882689373        23.590146846584386       -43.699014956694576        38.168446401127447     
 pneutrino =    62.633380882689373       -23.590146846584386        43.699014956694576       -38.168446401127447     
 pleptonlab   =    77.841379761140345        23.590146846584386       -43.699014956694576        59.943058839183124     
 pneutrinolab =    53.593212436608106       -23.590146846584386        43.699014956694576       -20.152476749896177     
 sqrt(s) =    125.26676176537875     
 sqrt_fs_cm =    125.26676176537875     
 phind channel           0
 bbb pw(0) qmod c1q   0.0000000000000000        0.0000000000000000        0.0000000000000000        0.0000000000000000     
 reduced to Born momenta
   62.633380882689373        0.0000000000000000        0.0000000000000000        62.633341944769633     
   62.633380882689373        0.0000000000000000        0.0000000000000000       -62.633341944769633     
   62.633380882689373        23.590146846584386       -43.699014956694576        38.168446401127447     
   62.633380882689373       -23.590146846584386        43.699014956694576       -38.168446401127447     
 isvec for ranlux 
      778671     5844720     9587749     5094089     4083391     5667112    11886351     3615086    16112834     1368291    15462261     7797679    14988199    15435044     9850695     6896914     2215452    12845121     6405628     3024976     4819489    10459877     1149857     7981361     4161303
  
 ====== DUMPING at point            1
 propag    0.0000000000000000        0.0000000000000000        0.0000000000000000        0.0000000000000000     
 test props.    0.0000000000000000        0.0000000000000000     
 Var          0.16788612917373735     
 Var before    5.5823589501121417E-003
 iev, nphot and rad. pattern    0.0000000000000000                0               0           0           0           0
 partons...            1          -1
 x1 & x2   0.25205513351914094       0.93695219993314094     
 sv & ME    1.0000000000000000        9073.0793161046677     
 plepton   =    46.166834383496408       -45.339926234366636       -1.0397391722144196       -8.6357087038455003     
 pneutrino =    46.166834383496408        45.339926234366636        1.0397391722144196        8.6357087038455003     
 pleptonlab   =    62.563215740516512       -45.339926234366636       -1.0397391722144196       -43.097039708301310     
 pneutrinolab =    50.392480937450266        45.339926234366636        1.0397391722144196       -21.968181601028704     
 sqrt(s) =    92.333668766992815     
 sqrt_fs_cm =    92.333668766992815     
 phind channel           0
 bbb pw(0) qmod c1q   0.0000000000000000        0.0000000000000000        0.0000000000000000        0.0000000000000000     
 reduced to Born momenta
   46.166834383496408        0.0000000000000000        0.0000000000000000        46.166781557388056     
   46.166834383496408        0.0000000000000000        0.0000000000000000       -46.166781557388056     
   46.166834383496408       -45.339926234366636       -1.0397391722144196       -8.6357087038455003     
   46.166834383496408        45.339926234366636        1.0397391722144196        8.6357087038455003     
 isvec for ranlux 
    13828964    12538209    14722825      978898    10903123    16188213     3834576     8285240     9263745     9082322     5244502    14632793     9212313    13500588    11285027    12295266    14794390     9041223     4836823     6203403     5099258      436050     2993088    13331992    -4022212
  
 ====== DUMPING at point            1
 propag    0.0000000000000000        0.0000000000000000        0.0000000000000000        0.0000000000000000     
 test props.    0.0000000000000000        0.0000000000000000     
 Var           4.7592410389697921E-002
 Var before    4.3060077826359580E-002
 iev, nphot and rad. pattern    0.0000000000000000                0               0           0           0           0
 partons...            1          -1
 x1 & x2   0.27759185971393868       0.95850496540376628     
 sv & ME    1.0000000000000000        1275.0261037235039     
 plepton   =    49.003167371309488       -6.4676128723221176        32.404070405095595        36.186260564535871     
 pneutrino =    49.003167371309488        6.4676128723221176       -32.404070405095595       -36.186260564535871     
 pleptonlab   =    34.830720490191780       -6.4676128723221176        32.404070405095595        11.014269430596791     
 pneutrinolab =    82.598477895990200        6.4676128723221176       -32.404070405095595       -75.701014471130406     
 sqrt(s) =    98.006334742618975     
 sqrt_fs_cm =    98.006334742618975     
 phind channel           0
 bbb pw(0) qmod c1q   0.0000000000000000        0.0000000000000000        0.0000000000000000        0.0000000000000000     
 reduced to Born momenta
   49.003167371309488        0.0000000000000000        0.0000000000000000        49.003117602811464     
   49.003167371309488        0.0000000000000000        0.0000000000000000       -49.003117602811464     
   49.003167371309488       -6.4676128723221176        32.404070405095595        36.186260564535871     
   49.003167371309488        6.4676128723221176       -32.404070405095595       -36.186260564535871     
 isvec for ranlux 
    11116336    10588228    10369619    11525929     8283291     3347272    11897079     3954763    15297381     1730947    14288316    10062193    14771857     4574479     7948365     3883122    12851976    14737737     7211604    10513581     9871134     1767325     7300782     3924995    -4081808
  
 ====== DUMPING at point            1
 propag    0.0000000000000000        0.0000000000000000        0.0000000000000000        0.0000000000000000     
 test props.    0.0000000000000000        0.0000000000000000     
 Var           2.9115164748640534E-002
 Var before    2.5519631169308464E-002
 iev, nphot and rad. pattern    0.0000000000000000                0               0           0           0           0
 partons...            1          -1
 x1 & x2   0.23787481280912914       0.97883123282137530     
 sv & ME    1.0000000000000000        22234.902185724150     
 plepton   =    45.840753145198235        35.203407427484294        17.963856734569479        23.224630071153758     
 pneutrino =    45.840753145198221       -35.203407427484294       -17.963856734569479       -23.224630071153758     
 pleptonlab   =    39.962223658955985        35.203407427484294        17.963856734569479       -5.9150750452854979     
 pneutrinolab =    75.624850675941929       -35.203407427484294       -17.963856734569479       -64.475784855877890     
 sqrt(s) =    91.681506290396456     
 sqrt_fs_cm =    91.681506290396456     
 phind channel           0
 bbb pw(0) qmod c1q   0.0000000000000000        0.0000000000000000        0.0000000000000000        0.0000000000000000     
 reduced to Born momenta
   45.840753145198228        0.0000000000000000        0.0000000000000000        45.840699943318945     
   45.840753145198228        0.0000000000000000        0.0000000000000000       -45.840699943318945     
   45.840753145198235        35.203407427484294        17.963856734569479        23.224630071153758     
   45.840753145198221       -35.203407427484294       -17.963856734569479       -23.224630071153758     
 isvec for ranlux 
     2357503    13313867    13475429      398041      676046      598883     1378089     4879090    14650659     9192766    12027607    13293528    15088918     5524941     3471822    13068680     3121771    14380553    13340567    15481040    11950101    16227926    15558269    13944932    -4050620
  
