 ====== DUMPING at point            1
 propag    0.0000000000000000        0.0000000000000000        0.0000000000000000        0.0000000000000000     
 test props.    0.0000000000000000        0.0000000000000000     
 Var           2.5252783312613283     
 Var before    0.0000000000000000     
 iev, nphot and rad. pattern    0.0000000000000000                1               0           0           0           1
 partons...            1          -1
 x1 & x2   0.90499851354363559       0.94017467565521284     
 sv & ME    1.0000000000000000        724.79161790787180     
 plepton   =    45.850819417407344        37.502666528311764       -17.785715759801811       -19.480882827377528     
 pneutrino =    40.728627111139318       -32.504640068038647        17.869493395047328        16.820805049651497     
 pleptonlab   =    46.230602242833690        37.502666528311764       -17.785715759801811       -20.358677221799404     
 pneutrinolab =    40.415302050778386       -32.504640068038647        17.869493395047328        16.047275657126360     
 sqrt(s) =    92.241893082229041     
 sqrt_fs_cm =    86.394081164256633     
 phind channel           0
 bbb pw(0) qmod c1q   0.0000000000000000        0.0000000000000000        0.0000000000000000        0.0000000000000000     
 reduced to Born momenta
   46.120946541114520        0.0000000000000000        0.0000000000000000        46.120893662446996     
   46.120946541114520        0.0000000000000000        0.0000000000000000       -46.120893662446996     
   46.120946541114513        37.293970597994551       -19.035644541030649       -19.337387106336852     
   46.120946541114527       -37.293970597994551        19.035644541030649        19.337387106336852     
 >> Photon n.           1
 cm momentum     5.6624465536823783       -4.9980264602731195       -8.3777635245518053E-002   2.6600777777260305     
 lab momentum    5.6127551663303450       -4.9980264602731195       -8.3777635245518053E-002   2.5525934590941803     
 c_ph_up    0.46977534401558985     
 c_ph_up lab   0.45478439437490770     
 c_ph_lep -0.91581316045120820     
 c_ph_lep lab  -0.91689670847750482     
 isvec for ranlux 
     9644655    14614328     8305202     1457455     6611641    14048799     7267313     8683348    14048746     9318201     4464668     5476536     8218591     7359978     7668616    13721940      957152    13197359    14184585     9294164    15939178     5902395     5267822    14659295     4201404
  
 ====== DUMPING at point            1
 propag    0.0000000000000000        0.0000000000000000        0.0000000000000000        0.0000000000000000     
 test props.    0.0000000000000000        0.0000000000000000     
 Var           1.7702327889817044     
 Var before    1.3005621802899152     
 iev, nphot and rad. pattern    0.0000000000000000                0               0           0           1           0
 partons...            1          -1
 x1 & x2   0.95143740249448938       0.79967242280815531     
 sv & ME   0.71123611526292430        1206.5542104063302     
 plepton   =    43.613021358393254        31.785422582095112        29.830584490719911        1.3811620237529361     
 pneutrino =    43.613021358393254       -31.785422582095112       -29.830584490719911       -1.3811620237529361     
 pleptonlab   =    43.897900129978666        31.785422582095112        29.830584490719911        5.1805030981335634     
 pneutrinolab =    43.657591135153588       -31.785422582095112       -29.830584490719911        2.4077458861831440     
 sqrt(s) =    87.226042716786509     
 sqrt_fs_cm =    87.226042716786509     
 phind channel           0
 bbb pw(0) qmod c1q   0.0000000000000000        0.0000000000000000        0.0000000000000000        0.0000000000000000     
 reduced to Born momenta
   43.613021358393254        0.0000000000000000        0.0000000000000000        43.612965438984617     
   43.613021358393254        0.0000000000000000        0.0000000000000000       -43.612965438984617     
   43.613021358393254        31.785422582095112        29.830584490719911        1.3811620237529361     
   43.613021358393254       -31.785422582095112       -29.830584490719911       -1.3811620237529361     
 isvec for ranlux 
     6252439      346129     5312835     8261683     9079631     4152189    11690151     3251140     4683020     2530188    16021290    11618951     3342516     5282467     2561248    15711547    15779543    10985280     8292142     1596633    16558285    12472361     3784938     8334133     4140519
  
 ====== DUMPING at point            1
 propag    0.0000000000000000        0.0000000000000000        0.0000000000000000        0.0000000000000000     
 test props.    0.0000000000000000        0.0000000000000000     
 Var           1.7324143100592333     
 Var before    1.3440098821046171     
 iev, nphot and rad. pattern    0.0000000000000000                0               0           0           1           0
 partons...            1          -1
 x1 & x2   0.91413106503045405       0.92637665573824735     
 sv & ME   0.68640614221069884        16579.816522807476     
 plepton   =    46.011674576387527       -43.872366655836615       -7.5628948352622105        11.622439475364800     
 pneutrino =    46.011674576387513        43.872366655836615        7.5628948352622105       -11.622439475364800     
 pleptonlab   =    45.935362842609244       -43.872366655836615       -7.5628948352622105        11.316556963904604     
 pneutrinolab =    46.090023195825822        43.872366655836615        7.5628948352622105       -11.928836499294272     
 sqrt(s) =    92.023349152775040     
 sqrt_fs_cm =    92.023349152775040     
 phind channel           0
 bbb pw(0) qmod c1q   0.0000000000000000        0.0000000000000000        0.0000000000000000        0.0000000000000000     
 reduced to Born momenta
   46.011674576387520        0.0000000000000000        0.0000000000000000        46.011621572139639     
   46.011674576387520        0.0000000000000000        0.0000000000000000       -46.011621572139639     
   46.011674576387527       -43.872366655836615       -7.5628948352622105        11.622439475364800     
   46.011674576387513        43.872366655836615        7.5628948352622105       -11.622439475364800     
 isvec for ranlux 
     8965487     2126720     7254733    12923904     5337694    14130607     1878020     8597149     6833174     1891112    11634831     6803766      471344     6208649      964748     8738368    12913065     1505022     4123979     3215547    11907780     4934906    11898556     4780317     4221101
  
 ====== DUMPING at point            1
 propag    0.0000000000000000        0.0000000000000000        0.0000000000000000        0.0000000000000000     
 test props.    0.0000000000000000        0.0000000000000000     
 Var           1.8389214159117631     
 Var before    1.6068486077363642     
 iev, nphot and rad. pattern    0.0000000000000000                0               0           0           0           1
 partons...            1          -1
 x1 & x2   0.81250968541385504       0.96433152892238005     
 sv & ME   0.70770719496614243        2319.5926481006823     
 plepton   =    44.258578467890963       -10.283565219492862        42.996517180832129        2.0876783760527919     
 pneutrino =    44.258578467890963        10.283565219492862       -42.996517180832129       -2.0876783760527919     
 pleptonlab   =    44.241994343989383       -10.283565219492862        42.996517180832129       -1.7002048514710260     
 pneutrinolab =    44.600066372822354        10.283565219492862       -42.996517180832129       -5.8908873239552211     
 sqrt(s) =    88.517156935781927     
 sqrt_fs_cm =    88.517156935781927     
 phind channel           0
 bbb pw(0) qmod c1q   0.0000000000000000        0.0000000000000000        0.0000000000000000        0.0000000000000000     
 reduced to Born momenta
   44.258578467890963        0.0000000000000000        0.0000000000000000        44.258523364125708     
   44.258578467890963        0.0000000000000000        0.0000000000000000       -44.258523364125708     
   44.258578467890963       -10.283565219492862        42.996517180832129        2.0876783760527919     
   44.258578467890963        10.283565219492862       -42.996517180832129       -2.0876783760527919     
 isvec for ranlux 
    15326067    13686972    12635121    13902960    13679249    15597591     9630857    11203193     9414693    13903049     1041894    12159642    14667289     9413416    16351989    16702048    13674632     3503371    11931980     1731313     7232330     5707229     4337415    14161190     4071606
  
 ====== DUMPING at point            1
 propag    0.0000000000000000        0.0000000000000000        0.0000000000000000        0.0000000000000000     
 test props.    0.0000000000000000        0.0000000000000000     
 Var           2.3412582430210938     
 Var before    1.5898704951611262     
 iev, nphot and rad. pattern    0.0000000000000000                0               0           1           0           0
 partons...            1          -1
 x1 & x2   0.89364142969948801       0.98012019082208701     
 sv & ME   0.67900255591628267        7455.5436870265448     
 plepton   =    46.794123792512281        28.053757581678859       -24.341686928974664        28.463095770096341     
 pneutrino =    46.794123792512252       -28.053757581678859        24.341686928974664       -28.463095770096341     
 pleptonlab   =    45.528996517971748        28.053757581678859       -24.341686928974664        26.331489195299909     
 pneutrinolab =    48.159084508107021       -28.053757581678859        24.341686928974664       -30.655427251429856     
 sqrt(s) =    93.588247585024533     
 sqrt_fs_cm =    93.588247585024533     
 phind channel           0
 bbb pw(0) qmod c1q   0.0000000000000000        0.0000000000000000        0.0000000000000000        0.0000000000000000     
 reduced to Born momenta
   46.794123792512266        0.0000000000000000        0.0000000000000000        46.794071674554701     
   46.794123792512266        0.0000000000000000        0.0000000000000000       -46.794071674554701     
   46.794123792512281        28.053757581678859       -24.341686928974664        28.463095770096341     
   46.794123792512252       -28.053757581678859        24.341686928974664       -28.463095770096341     
 isvec for ranlux 
     4925990     5576093    15184408    11784099    11845403    13164298      418628     8394559    12727338     1012832     9828754     3599171     1962348     6110377     1170785     8157080     6470367    12307127     8788506     3545955     7555912     3534851     9276842     7912478     4132414
  
 ====== DUMPING at point            1
 propag    0.0000000000000000        0.0000000000000000        0.0000000000000000        0.0000000000000000     
 test props.    0.0000000000000000        0.0000000000000000     
 Var           10.395846014918463     
 Var before    1.5004243914508197     
 iev, nphot and rad. pattern    0.0000000000000000                0               0           0           0           1
 partons...            1          -1
 x1 & x2   0.99825649886541856       0.84735250959184572     
 sv & ME   0.67806731969579381        28130.619488319579     
 plepton   =    45.985735547286332       -4.7629016260953616        27.486738484281329        36.557771892312473     
 pneutrino =    45.985735547286346        4.7629016260953616       -27.486738484281329       -36.557771892312473     
 pleptonlab   =    49.139369158922939       -4.7629016260953616        27.486738484281329        40.453187924344171     
 pneutrinolab =    43.141081263940272        4.7629016260953616       -27.486738484281329       -32.907988460665528     
 sqrt(s) =    91.971471094572678     
 sqrt_fs_cm =    91.971471094572678     
 phind channel           0
 bbb pw(0) qmod c1q   0.0000000000000000        0.0000000000000000        0.0000000000000000        0.0000000000000000     
 reduced to Born momenta
   45.985735547286339        0.0000000000000000        0.0000000000000000        45.985682513140482     
   45.985735547286339        0.0000000000000000        0.0000000000000000       -45.985682513140482     
   45.985735547286332       -4.7629016260953616        27.486738484281329        36.557771892312473     
   45.985735547286346        4.7629016260953616       -27.486738484281329       -36.557771892312473     
 isvec for ranlux 
      128384    11388086    10466586    16512364     6221064    10759867     4294357     4958074     2428245      140484    15658108     6187047     6125357     5290921     3091457    10559473     4129276    15535479    13747368    10865395     4704666    11572707     3324263     2372157     4192111
  
 ====== DUMPING at point            1
 propag    0.0000000000000000        0.0000000000000000        0.0000000000000000        0.0000000000000000     
 test props.    0.0000000000000000        0.0000000000000000     
 Var           5.7737426152804936     
 Var before    3.4621987357978643     
 iev, nphot and rad. pattern    0.0000000000000000                1               1           0           0           0
 partons...            1          -1
 x1 & x2   0.99986748855832486       0.87392342069927398     
 sv & ME    1.0000000000000000        150.45227227543586     
 plepton   =    44.708299890386996       -37.760813960201936        10.901467668876686       -21.309618652729682     
 pneutrino =    45.315715885361683        39.859707744219811       -8.6478313683528203        19.746433948469548     
 pleptonlab   =    43.374091100685575       -37.760813960201936        10.901467668876686       -18.346104405201622     
 pneutrinolab =    46.748659781010829        39.859707744219811       -8.6478313683528203        22.843921265823631     
 sqrt(s) =    93.477677327096842     
 sqrt_fs_cm =    89.957743625999129     
 phind channel           0
 bbb pw(0) qmod c1q   0.0000000000000000        0.0000000000000000        0.0000000000000000        0.0000000000000000     
 reduced to Born momenta
   44.978871812999564        0.0000000000000000        0.0000000000000000        44.978817591669156     
   44.978871812999564        0.0000000000000000        0.0000000000000000       -44.978817591669156     
   44.978871812999564       -38.806719099812170        9.7784523893621653       -20.530664077326609     
   44.978871812999564        38.806719099812170       -9.7784523893621653        20.530664077326609     
 >> Photon n.           1
 cm momentum     3.4536615513481639       -2.0988937840178727       -2.2536363005238655        1.5631847042601346     
 lab momentum    3.5667945811835429       -2.0988937840178727       -2.2536363005238655        1.7993865323305391     
 c_ph_up    0.45261664497783033     
 c_ph_up lab   0.50448280420271974     
 c_ph_lep  0.13844668720211140     
 c_ph_lep lab   0.14011259596706480     
 isvec for ranlux 
     6248706     2443650     5424569     7840856     8854079     5077390    15263352    16554528     1529883     2696089     2519233     5653265    15789071      882553     5947087     9218297     5428618    10255587     4747224    14768239    10404210    13291405    15495887    10569314     4080721
  
 ====== DUMPING at point            1
 propag    0.0000000000000000        0.0000000000000000        0.0000000000000000        0.0000000000000000     
 test props.    0.0000000000000000        0.0000000000000000     
 Var           4.3039979380341649     
 Var before    3.9090949587882693     
 iev, nphot and rad. pattern    0.0000000000000000                0               0           0           1           0
 partons...            1          -1
 x1 & x2   0.96923343156866570       0.99983174600918079     
 sv & ME   0.68926713259356243        1071.7818112740754     
 plepton   =    49.220685544183780        8.7932227460407493       -35.512655087306570        32.927120799372432     
 pneutrino =    49.220685544183766       -8.7932227460407493        35.512655087306570       -32.927120799372432     
 pleptonlab   =    48.714896219611369        8.7932227460407493       -35.512655087306570        32.166139220996811     
 pneutrinolab =    49.738362659280931       -8.7932227460407493        35.512655087306570       -33.696054943022560     
 sqrt(s) =    98.441371088367546     
 sqrt_fs_cm =    98.441371088367546     
 phind channel           0
 bbb pw(0) qmod c1q   0.0000000000000000        0.0000000000000000        0.0000000000000000        0.0000000000000000     
 reduced to Born momenta
   49.220685544183773        0.0000000000000000        0.0000000000000000        49.220635995625059     
   49.220685544183773        0.0000000000000000        0.0000000000000000       -49.220635995625059     
   49.220685544183780        8.7932227460407493       -35.512655087306570        32.927120799372432     
   49.220685544183766       -8.7932227460407493        35.512655087306570       -32.927120799372432     
 isvec for ranlux 
     1761916     1998066      110757    12487400     6792527    15221857    13697809    16362340     1718686    13889623    15879938    13252925    15197909    11147211     8739263    10194051      365704     1375984     3629030     8446094     3487424    14965765     1118188    11110526    -4200216
  
 ====== DUMPING at point            1
 propag    0.0000000000000000        0.0000000000000000        0.0000000000000000        0.0000000000000000     
 test props.    0.0000000000000000        0.0000000000000000     
 Var           2.5850733875398269     
 Var before    2.0956867078022161     
 iev, nphot and rad. pattern    0.0000000000000000                0               0           1           0           0
 partons...            1          -1
 x1 & x2   0.83704507306862530       0.99924519240503840     
 sv & ME   0.76380539906079936        20420.261039317957     
 plepton   =    45.727816072117086        9.1846122317536842       -32.267538127013182       -31.072027298005089     
 pneutrino =    45.727816072117086       -9.1846122317536842        32.267538127013182        31.072027298005089     
 pleptonlab   =    48.662629060385903        9.1846122317536842       -32.267538127013182       -35.248960052054287     
 pneutrinolab =    43.151884213297279       -9.1846122317536842        32.267538127013182        27.138954085233625     
 sqrt(s) =    91.455632144234173     
 sqrt_fs_cm =    91.455632144234173     
 phind channel           0
 bbb pw(0) qmod c1q   0.0000000000000000        0.0000000000000000        0.0000000000000000        0.0000000000000000     
 reduced to Born momenta
   45.727816072117079        0.0000000000000000        0.0000000000000000        45.727762738841363     
   45.727816072117093        0.0000000000000000        0.0000000000000000       -45.727762738841378     
   45.727816072117086        9.1846122317536842       -32.267538127013182       -31.072027298005089     
   45.727816072117086       -9.1846122317536842        32.267538127013182        31.072027298005089     
 isvec for ranlux 
    14902313     9928972     4799160     2701921    12896674      994906     4989402     1593852     3619565    10431950     8726416    10407135     5333250    10378542     9914156    14939389     3289939    14228418    14454888     1597759     1973254     3860146     2875092     2125098     4191303
  
 ====== DUMPING at point            1
 propag    0.0000000000000000        0.0000000000000000        0.0000000000000000        0.0000000000000000     
 test props.    0.0000000000000000        0.0000000000000000     
 Var           1.2876582392605809     
 Var before    1.0988760268324798     
 iev, nphot and rad. pattern    0.0000000000000000                1               0           0           1           0
 partons...            1          -1
 x1 & x2   0.99952944324984017       0.83383321974646085     
 sv & ME    1.0000000000000000        2275025.5055948161     
 plepton   =    45.466223070529104        9.6439146724067157        40.407423800409184        18.477047605424115     
 pneutrino =    45.642397188338300       -9.6361153557790455       -40.584845246690818       -18.526545132831433     
 pleptonlab   =    47.329844552811629        9.6439146724067157        40.407423800409184        22.679021877217451     
 pneutrinolab =    44.148677499251590       -9.6361153557790455       -40.584845246690818       -14.460642392152955     
 sqrt(s) =    91.292981871357540     
 sqrt_fs_cm =    91.108433727456557     
 phind channel           0
 bbb pw(0) qmod c1q   0.0000000000000000        0.0000000000000000        0.0000000000000000        0.0000000000000000     
 reduced to Born momenta
   45.646490935678770        0.0000000000000000        0.0000000000000000        45.646437507382807     
   45.646490935678770        0.0000000000000000        0.0000000000000000       -45.646437507382807     
   45.646490935678784        9.6595455950838396        40.578077503280944        18.539249609511113     
   45.646490935678756       -9.6595455950838396       -40.578077503280944       -18.539249609511113     
 >> Photon n.           1
 cm momentum    0.18436161249013724       -7.7993166276697154E-003  0.17742144628163423        4.9497527407316687E-002
 lab momentum   0.18961109775185037       -7.7993166276697154E-003  0.17742144628163423        6.6431690104469615E-002
 c_ph_up    0.26848066003959825     
 c_ph_up lab   0.35035760507758212     
 c_ph_lep  0.95541652443771452     
 c_ph_lep lab   0.95835770151209743     
 isvec for ranlux 
    16299211     3254293    16131975     5266621    16545363    14473301     5355798     5599353    11050532    14547556    11682091     8225026    12673044    12120042     6959192    14507471     7976243    13182463     2472364    15582834    14772810    14376851    13178594     7905684     4032111
  
 ====== DUMPING at point            1
 propag    0.0000000000000000        0.0000000000000000        0.0000000000000000        0.0000000000000000     
 test props.    0.0000000000000000        0.0000000000000000     
 Var           1.9510770846425975     
 Var before    1.2516757916906092     
 iev, nphot and rad. pattern    0.0000000000000000                1               0           0           0           1
 partons...            1          -1
 x1 & x2   0.99986502365351770       0.82792608075498697     
 sv & ME    1.0000000000000000        182450659951.64990     
 plepton   =    45.492151095032092      -0.68208964029597852       -31.285525928030605        33.019316599392063     
 pneutrino =    45.446526231292097       0.68145206899610677        31.254239567130941       -32.986113971762428     
 pleptonlab   =    48.814714754657778      -0.68208964029597852       -31.285525928030605        37.464861323862685     
 pneutrinolab =    42.532149321552922       0.68145206899610677        31.254239567130941       -28.838874707197810     
 sqrt(s) =    90.984302509688405     
 sqrt_fs_cm =    90.938665880932902     
 phind channel           0
 bbb pw(0) qmod c1q   0.0000000000000000        0.0000000000000000        0.0000000000000000        0.0000000000000000     
 reduced to Born momenta
   45.492151254844195        0.0000000000000000        0.0000000000000000        45.492097645283650     
   45.492151254844210        0.0000000000000000        0.0000000000000000       -45.492097645283664     
   45.492151254844202      -0.68211291613471092       -31.285571373338428        33.019273279639954     
   45.492151254844202       0.68211291613471092        31.285571373338428       -33.019273279639954     
 >> Photon n.           1
 cm momentum     4.5625183364216414E-002   6.3757129987175273E-004   3.1286360899663350E-002  -3.3202627629631450E-002
 lab momentum    4.2691144214551238E-002   6.3757129987175273E-004   3.1286360899663350E-002  -2.9039471738328968E-002
 c_ph_up   -0.72772590007105797     
 c_ph_up lab  -0.68022238036971827     
 c_ph_lep -0.99999569873249561     
 c_ph_lep lab  -0.99196419345618148     
 isvec for ranlux 
    14376841     9367055    11411008     3416353     1394422    12230973     5252183    16075032     6397709     9393473    12531793     9363946    15390017     9736584    16117207    13485524     9250666     8140315     3126542     1982896     8250996    15449780     6880094     7144020    -4021707
  
 ====== DUMPING at point            1
 propag    0.0000000000000000        0.0000000000000000        0.0000000000000000        0.0000000000000000     
 test props.    0.0000000000000000        0.0000000000000000     
 Var          0.66557245754361616     
 Var before   0.56194051756594887     
 iev, nphot and rad. pattern    0.0000000000000000                1               0           0           1           0
 partons...            1          -1
 x1 & x2   0.76673313714818914       0.99988389159802493     
 sv & ME    1.0000000000000000        899344.88225251576     
 plepton   =    41.889230797628620        41.833013476822551       -2.1453094670472441      -0.30516202927421737     
 pneutrino =    43.779038296759218       -43.721151355351751        2.2278660572980784       0.30094433173946311     
 pleptonlab   =    42.299501334967900        41.833013476822551       -2.1453094670472441       -5.8850046927817719     
 pneutrinolab =    44.125287715778022       -43.721151355351751        2.2278660572980784       -5.5251596630221060     
 sqrt(s) =    87.558215661860871     
 sqrt_fs_cm =    85.647419293289531     
 phind channel           0
 bbb pw(0) qmod c1q   0.0000000000000000        0.0000000000000000        0.0000000000000000        0.0000000000000000     
 reduced to Born momenta
   43.779107830930435        0.0000000000000000        0.0000000000000000        43.779052123665657     
   43.779107830930435        0.0000000000000000        0.0000000000000000       -43.779052123665657     
   43.779107830930435        43.720799592778043       -2.2349053857239687      -0.30983812833116836     
   43.779107830930435       -43.720799592778043        2.2349053857239687       0.30983812833116836     
 >> Photon n.           1
 cm momentum     1.8899465674730291        1.8881378785291996       -8.2556590250834436E-002   4.2176975347542568E-003
 lab momentum    1.9060623865648005        1.8881378785291996       -8.2556590250834436E-002 -0.24737336668791240     
 c_ph_up     2.2316490885737417E-003
 c_ph_up lab  -0.12978240818955611     
 c_ph_lep  0.99992627784081412     
 c_ph_lep lab   0.99992760624791821     
 isvec for ranlux 
    16575667    16622680     6248223    14956727    13110558     1205945    11242040     6890570    14658205      621134     7421034    11519576    13204167     8090949    16466493    11015029     5120304      201156    13109540    13654731     2695017     9785481     4861148      143676    -4200721
  
 ====== DUMPING at point            1
 propag    0.0000000000000000        0.0000000000000000        0.0000000000000000        0.0000000000000000     
 test props.    0.0000000000000000        0.0000000000000000     
 Var          0.78467841847718389     
 Var before   0.66048907507099697     
 iev, nphot and rad. pattern    0.0000000000000000                0               0           1           0           0
 partons...            1          -1
 x1 & x2   0.87073962597039389       0.99983677226072942     
 sv & ME   0.68278344480788999        10798.853694660367     
 plepton   =    46.652907120289782        18.460920849693938       -22.806518625629192        36.270369292896390     
 pneutrino =    46.652907120289754       -18.460920849693938        22.806518625629192       -36.270369292896390     
 pleptonlab   =    44.255240935219291        18.460920849693938       -22.806518625629192        33.129628674390624     
 pneutrinolab =    49.273578976336886       -18.460920849693938        22.806518625629192       -39.584485988907403     
 sqrt(s) =    93.305814240579537     
 sqrt_fs_cm =    93.305814240579537     
 phind channel           0
 bbb pw(0) qmod c1q   0.0000000000000000        0.0000000000000000        0.0000000000000000        0.0000000000000000     
 reduced to Born momenta
   46.652907120289768        0.0000000000000000        0.0000000000000000        46.652854844572843     
   46.652907120289768        0.0000000000000000        0.0000000000000000       -46.652854844572843     
   46.652907120289782        18.460920849693938       -22.806518625629192        36.270369292896390     
   46.652907120289754       -18.460920849693938        22.806518625629192       -36.270369292896390     
 isvec for ranlux 
    13452352     7685781    12040999      377492     2027616    10867852     4039603    13333254    16608482     8283248     4576519     7678115     1422877    16276106    10765401     9788787     9530970    13032368     3894472      306732    14245216    14571762    11462555    11912083     4051404
  
 ====== DUMPING at point            1
 propag    0.0000000000000000        0.0000000000000000        0.0000000000000000        0.0000000000000000     
 test props.    0.0000000000000000        0.0000000000000000     
 Var          0.77248200819694168     
 Var before   0.67766620204270078     
 iev, nphot and rad. pattern    0.0000000000000000                1               0           0           1           0
 partons...            1          -1
 x1 & x2   0.83258490544286834       0.99987646934563701     
 sv & ME    1.0000000000000000        1165739.6678740433     
 plepton   =    45.274759376982921       -26.356173161923387       -2.5835087721439982       -36.721523547303960     
 pneutrino =    45.614270832557601        26.627803534108693        2.5986068998143019        36.943982744468570     
 pleptonlab   =    48.831107483155328       -26.356173161923387       -2.5835087721439982       -41.026132074849137     
 pneutrinolab =    42.418668957374983        26.627803534108693        2.5986068998143019        32.917163206343361     
 sqrt(s) =    91.240454606752493     
 sqrt_fs_cm =    90.888350811992495     
 phind channel           0
 bbb pw(0) qmod c1q   0.0000000000000000        0.0000000000000000        0.0000000000000000        0.0000000000000000     
 reduced to Born momenta
   45.620227303376247        0.0000000000000000        0.0000000000000000        45.620173844321499     
   45.620227303376247        0.0000000000000000        0.0000000000000000       -45.620173844321499     
   45.620227303376247       -26.594364892808379       -2.6010815601857797       -36.975236391207432     
   45.620227303376247        26.594364892808379        2.6010815601857797        36.975236391207432     
 >> Photon n.           1
 cm momentum    0.35142439721197477      -0.27163037218530534       -1.5098127670303609E-002 -0.22245919716461168     
 lab momentum   0.37329229889494991      -0.27163037218530534       -1.5098127670303609E-002 -0.25560932663265717     
 c_ph_up   -0.63302149460735113     
 c_ph_up lab  -0.68474310182485043     
 c_ph_lep  0.96584494743772775     
 c_ph_lep lab   0.97018754293402620     
 isvec for ranlux 
    16281071     6216508     5788901     5598226     2151985    11312847     4878172    15215368      933416    10490822     4859569     3569103     7793955     9042226    15803846    11186175     1469788    15694173    11573162    10117844     1302401    12204826     4381916     1083041    -4200822
  
 ====== DUMPING at point            1
 propag    0.0000000000000000        0.0000000000000000        0.0000000000000000        0.0000000000000000     
 test props.    0.0000000000000000        0.0000000000000000     
 Var          0.57240102426013872     
 Var before   0.50365835589033237     
 iev, nphot and rad. pattern    0.0000000000000000                0               0           0           1           0
 partons...            1          -1
 x1 & x2   0.86000879273340691       0.99988017712868671     
 sv & ME   0.68872853528644318        9962.1591144103950     
 plepton   =    46.365551436667587        31.519310569700973        32.351343376066382        10.472671068518377     
 pneutrino =    46.365551436667573       -31.519310569700973       -32.351343376066382       -10.472671068518377     
 pleptonlab   =    45.707399174229565        31.519310569700973        32.351343376066382        7.0056276346574240     
 pneutrinolab =    47.287049318875113       -31.519310569700973       -32.351343376066382       -13.999196854421413     
 sqrt(s) =    92.731102873335161     
 sqrt_fs_cm =    92.731102873335161     
 phind channel           0
 bbb pw(0) qmod c1q   0.0000000000000000        0.0000000000000000        0.0000000000000000        0.0000000000000000     
 reduced to Born momenta
   46.365551436667580        0.0000000000000000        0.0000000000000000        46.365498836965692     
   46.365551436667580        0.0000000000000000        0.0000000000000000       -46.365498836965692     
   46.365551436667587        31.519310569700973        32.351343376066382        10.472671068518377     
   46.365551436667573       -31.519310569700973       -32.351343376066382       -10.472671068518377     
 isvec for ranlux 
      589876    16710617     5688859    14464672     6555815    10676443     8690630    14425228     3486349    14953393     3964495     2454096     6889208    10385107     6558022     6916769    16140560    10878330     7171221     6209201     3307280     2406960     2255942    12891023    -4131909
  
