 ====== DUMPING at point            1
 propag    0.0000000000000000        0.0000000000000000        0.0000000000000000        0.0000000000000000     
 test props.    0.0000000000000000        0.0000000000000000     
 Var           7.2846294356081170E-002
 Var before    0.0000000000000000     
 iev, nphot and rad. pattern    0.0000000000000000                1               0           0           1           0
 partons...            1          -1
 x1 & x2   0.64379679607698814       0.73533390267033105     
 sv & ME   0.51965829061455482        18993.058663312884     
 plepton   =    65.303941552403302        31.857680791791292        17.921838388639255       -54.115519972814333     
 pneutrino =    65.363444686327895       -31.876339150967077       -17.933000659524374        54.172642793657417     
 pleptonlab   =    69.048012788669823        31.857680791791292        17.921838388639255       -58.579115644678957     
 pneutrinolab =    61.904347960920006       -31.876339150967077       -17.933000659524374        49.944405316844225     
 sqrt(s) =    130.72850699886649     
 sqrt_fs_cm =    130.66737194385763     
 phind channel           0
 bbb pw(0) qmod c1q   0.0000000000000000        0.0000000000000000        0.0000000000000000        0.0000000000000000     
 reduced to Born momenta
   65.364253499433246        0.0000000000000000        0.0000000000000000        65.364216188313392     
   65.364253499433246        0.0000000000000000        0.0000000000000000       -65.364216188313392     
   65.364253499433246        31.881917432860195        17.935805936872043       -54.169407215197168     
   65.364253499433246       -31.881917432860195       -17.935805936872043        54.169407215197168     
 >> Photon n.           1
 cm momentum     6.1120760135293030E-002   1.8658359175783155E-002   1.1162270885119598E-002  -5.7122820843080784E-002
 lab momentum    6.5055631405495917E-002   1.8658359175783155E-002   1.1162270885119598E-002  -6.1314798532837285E-002
 c_ph_up   -0.93458950308597832     
 c_ph_up lab  -0.94249793919696545     
 c_ph_lep  0.97351076299688155     
 c_ph_lep lab   0.97646244719921094     
 isvec for ranlux 
      778671     5844720     9587749    10340955     5767304     1229801     7106317     9230034     7070010     1656684     6134444     2662197     2938873     9323532     7705191    15725022     7372296    14273049     6405628     3024976     4819489    10459877     1149857     7981361    -4010418
  
 ====== DUMPING at point            1
 propag    0.0000000000000000        0.0000000000000000        0.0000000000000000        0.0000000000000000     
 test props.    0.0000000000000000        0.0000000000000000     
 Var           1.3041338415771859     
 Var before    7.2846294356081170E-002
 iev, nphot and rad. pattern    0.0000000000000000                0               0           0           1           0
 partons...            1          -1
 x1 & x2   0.28965986110149722       0.79827873699421403     
 sv & ME   0.52518412549216498        24433.360773164219     
 plepton   =    45.681993229325649       -39.499380759760925        4.4769369512233466        22.507538666919707     
 pneutrino =    45.681993229325663        39.499380759760925       -4.4769369512233466       -22.507538666919707     
 pleptonlab   =    39.773737806288906       -39.499380759760925        4.4769369512233466        1.3019256976291125     
 pneutrinolab =    63.580429012803670        39.499380759760925       -4.4769369512233466       -49.620718907437208     
 sqrt(s) =    91.363986458651311     
 sqrt_fs_cm =    91.363986458651311     
 phind channel           0
 bbb pw(0) qmod c1q   0.0000000000000000        0.0000000000000000        0.0000000000000000        0.0000000000000000     
 reduced to Born momenta
   45.681993229325656        0.0000000000000000        0.0000000000000000        45.681939842552168     
   45.681993229325656        0.0000000000000000        0.0000000000000000       -45.681939842552168     
   45.681993229325649       -39.499380759760925        4.4769369512233466        22.507538666919707     
   45.681993229325663        39.499380759760925       -4.4769369512233466       -22.507538666919707     
 isvec for ranlux 
    14683590     1952959     5400450     5094089     4083391     5667112    11886351     3615086    16112834     1368291    15462261     7797679    14988199    15435044     9850695     6896914     2215452    12845121     6405628     3024976     4819489     9932425    14962976    10164146    -4220721
  
 ====== DUMPING at point            1
 propag    0.0000000000000000        0.0000000000000000        0.0000000000000000        0.0000000000000000     
 test props.    0.0000000000000000        0.0000000000000000     
 Var           6.0128824933017446     
 Var before    1.3041338415771859     
 iev, nphot and rad. pattern    0.0000000000000000                0               0           0           1           0
 partons...            1          -1
 x1 & x2   0.97238244673961416       0.23797554874397991     
 sv & ME   0.55377386150773478        16916.514804211001     
 plepton   =    45.699171746604549       -36.366946174035270       -18.929566338873784       -20.187121608371751     
 pneutrino =    45.699171746604534        36.366946174035270        18.929566338873784        20.187121608371751     
 pleptonlab   =    42.082225183810721       -36.366946174035270       -18.929566338873784        9.4878478553612489     
 pneutrinolab =    72.901784387130760        36.366946174035270        18.929566338873784        60.280807454224046     
 sqrt(s) =    91.398343493209083     
 sqrt_fs_cm =    91.398343493209083     
 phind channel           0
 bbb pw(0) qmod c1q   0.0000000000000000        0.0000000000000000        0.0000000000000000        0.0000000000000000     
 reduced to Born momenta
   45.699171746604542        0.0000000000000000        0.0000000000000000        45.699118379899396     
   45.699171746604542        0.0000000000000000        0.0000000000000000       -45.699118379899396     
   45.699171746604549       -36.366946174035270       -18.929566338873784       -20.187121608371751     
   45.699171746604534        36.366946174035270        18.929566338873784        20.187121608371751     
 isvec for ranlux 
    13828964    12538209    11266704    12521690      381903    12884269    10959814      755982    12350293    13898296    16631971     2580472     9212313    13500588    11285027    12295266    14794390     9041223     4836823     6203403     5099258      436050     2993088    13331992    -4121202
  
 ====== DUMPING at point            1
 propag    0.0000000000000000        0.0000000000000000        0.0000000000000000        0.0000000000000000     
 test props.    0.0000000000000000        0.0000000000000000     
 Var          0.76354076480005983     
 Var before   0.69238003997138931     
 iev, nphot and rad. pattern    0.0000000000000000                1               0           0           1           0
 partons...            1          -1
 x1 & x2   0.21906167252577696       0.89400370885181202     
 sv & ME   0.55643051711477165        3777.3766499082440     
 plepton   =    41.365517061782519       -7.1056061845941185        32.447212228959131       -24.653267885120130     
 pneutrino =    42.012858787132920        7.4441118615465864       -33.018061610875606        24.888992463121241     
 pleptonlab   =    70.820721817588634       -7.1056061845941185        32.447212228959131       -62.547999603433752     
 pneutrinolab =    33.855028676470802        7.4441118615465864       -33.018061610875606      -0.73797631831570953     
 sqrt(s) =    84.082663564864873     
 sqrt_fs_cm =    83.375401276492624     
 phind channel           0
 bbb pw(0) qmod c1q   0.0000000000000000        0.0000000000000000        0.0000000000000000        0.0000000000000000     
 reduced to Born momenta
   42.041331782432437        0.0000000000000000        0.0000000000000000        42.041273772507935     
   42.041331782432437        0.0000000000000000        0.0000000000000000       -42.041273772507935     
   42.041331782432437       -7.3359084493475075        33.009187818051871       -24.980800250681792     
   42.041331782432437        7.3359084493475075       -33.009187818051871        24.980800250681792     
 >> Photon n.           1
 cm momentum    0.70428771594943662      -0.33850567695246808       0.57084938191647727      -0.23572457800111049     
 lab momentum    1.0654607368114790      -0.33850567695246808       0.57084938191647727      -0.83351752922382349     
 c_ph_up   -0.33469926091687507     
 c_ph_up lab  -0.78230712819904202     
 c_ph_lep  0.91782584956002156     
 c_ph_lep lab   0.96827314178926160     
 isvec for ranlux 
    10482904     1249819    12058037    14159976    14147930     6205970     8604369     9431829     9704793     2911077    12566670     7519744     8037451     9579103     1801853     7051106     4729559     5633556      295591      567446    12330918     8671797    12046268    10350963     4090317
  
 ====== DUMPING at point            1
 propag    0.0000000000000000        0.0000000000000000        0.0000000000000000        0.0000000000000000     
 test props.    0.0000000000000000        0.0000000000000000     
 Var          0.44423595588849146     
 Var before   0.37883276879991695     
 iev, nphot and rad. pattern    0.0000000000000000                1               0           0           1           0
 partons...            1          -1
 x1 & x2   0.23002663937976006       0.95893622917830479     
 sv & ME   0.55390083247582989        1417710.0528915927     
 plepton   =    41.048792046770913       -3.1671341421833317        38.798354322427436       -13.024942533630155     
 pneutrino =    44.617658545630313        3.4194761051456806       -42.181023919832811        14.134804372322211     
 pleptonlab   =    62.065586964521806       -3.1671341421833317        38.798354322427436       -48.340282216345642     
 pneutrinolab =    45.507079274802145        3.4194761051456806       -42.181023919832811       -16.731751392860456     
 sqrt(s) =    89.235473339942530     
 sqrt_fs_cm =    85.592072259806002     
 phind channel           0
 bbb pw(0) qmod c1q   0.0000000000000000        0.0000000000000000        0.0000000000000000        0.0000000000000000     
 reduced to Born momenta
   44.617736669971265        0.0000000000000000        0.0000000000000000        44.617682009773866     
   44.617736669971265        0.0000000000000000        0.0000000000000000       -44.617682009773866     
   44.617736669971265       -3.4307510023541470        42.176479443778192       -14.145875411151923     
   44.617736669971265        3.4307510023541470       -42.176479443778192        14.145875411151923     
 >> Photon n.           1
 cm momentum     3.5690227475413008      -0.25234196296234901        3.3826695974053766       -1.1098618386920571     
 lab momentum    5.3788062736922333      -0.25234196296234901        3.3826695974053766       -4.1743774216556631     
 c_ph_up   -0.31097079430402647     
 c_ph_up lab  -0.77607878202874914     
 c_ph_lep  0.99995572706816127     
 c_ph_lep lab   0.99998056627557264     
 isvec for ranlux 
    16655099     8178665     3977001      159980    11138637    14431315    14167914     8246776    11522302    16392755    14056715    11247740     2959405     3736815     2305024     7714292     3100653    13997079    13663791     8635326    11184508    12449124     6822280    14865364    -4150721
  
 ====== DUMPING at point            1
 propag    0.0000000000000000        0.0000000000000000        0.0000000000000000        0.0000000000000000     
 test props.    0.0000000000000000        0.0000000000000000     
 Var          0.50535039021873807     
 Var before   0.40206864783252461     
 iev, nphot and rad. pattern    0.0000000000000000                0               0           0           0           2
 partons...            1          -1
 x1 & x2   0.98054307066831869       0.25919196804261685     
 sv & ME   0.53562120145199998        1192.0445616907996     
 plepton   =    47.892522551433615        4.5078357833355502        47.518152588782961       -3.9226449938437868     
 pneutrino =    47.892522551433615       -4.5078357833355502       -47.518152588782961        3.9226449938437868     
 pleptonlab   =    56.081001214407905        4.5078357833355502        47.518152588782961        29.440993947531236     
 pneutrinolab =    61.693827463130987       -4.5078357833355502       -47.518152588782961        39.087360801910435     
 sqrt(s) =    95.785045102867230     
 sqrt_fs_cm =    95.785045102867230     
 phind channel           0
 bbb pw(0) qmod c1q   0.0000000000000000        0.0000000000000000        0.0000000000000000        0.0000000000000000     
 reduced to Born momenta
   47.892522551433615        0.0000000000000000        0.0000000000000000        47.892471628785010     
   47.892522551433615        0.0000000000000000        0.0000000000000000       -47.892471628785010     
   47.892522551433615        4.5078357833355502        47.518152588782961       -3.9226449938437868     
   47.892522551433615       -4.5078357833355502       -47.518152588782961        3.9226449938437868     
 isvec for ranlux 
    11322617    10249718    14812103     7585850     8172867    13699902    13609488    13692925     8297679    12283915     1144160    16174644     4789025    10945058     2577629     5672373    11337238      834501     8381970     7918850     8170380    13453464     9645696    10414536    -4031202
  
 ====== DUMPING at point            1
 propag    0.0000000000000000        0.0000000000000000        0.0000000000000000        0.0000000000000000     
 test props.    0.0000000000000000        0.0000000000000000     
 Var          0.93311717963979290     
 Var before   0.36528825553754990     
 iev, nphot and rad. pattern    0.0000000000000000                1               0           0           0           1
 partons...            1          -1
 x1 & x2   0.23898535717604014       0.98416111344969082     
 sv & ME   0.53854916318703594        434762333554.13599     
 plepton   =    46.072559984656962       -25.220627109103926        3.6186047361637019        38.386134056912958     
 pneutrino =    46.066762872676129        25.217544176037020       -3.6180593585391470       -38.381253107260740     
 pleptonlab   =    28.608805942978485       -25.220627109103926        3.6186047361637019        13.010698742899251     
 pneutrinolab =    87.579046433936455        25.217544176037020       -3.6180593585391470       -83.791785532913906     
 sqrt(s) =    92.145121614316778     
 sqrt_fs_cm =    92.139322674861702     
 phind channel           0
 bbb pw(0) qmod c1q   0.0000000000000000        0.0000000000000000        0.0000000000000000        0.0000000000000000     
 reduced to Born momenta
   46.072560807158389        0.0000000000000000        0.0000000000000000        46.072507872957246     
   46.072560807158389        0.0000000000000000        0.0000000000000000       -46.072507872957246     
   46.072560807158396       -25.220672806958156        3.6185597656346862        38.386109258750501     
   46.072560807158382        25.220672806958156       -3.6185597656346862       -38.386109258750501     
 >> Photon n.           1
 cm momentum     5.7987569836892112E-003   3.0829330669058532E-003  -5.4537762455504342E-004  -4.8809496522190807E-003
 lab momentum    1.1062332529501897E-002   3.0829330669058532E-003  -5.4537762455504342E-004  -1.0610055982175071E-002
 c_ph_up   -0.84172343589294285     
 c_ph_up lab  -0.95911562537822292     
 c_ph_lep -0.99971898260893988     
 c_ph_lep lab  -0.68810873614287105     
 isvec for ranlux 
     8387587      494124    16029375     9172352     3146249     4760742    10678187    15099412    14773573     5096781    12530818    12364236     9216740     4157391     4528357    13979143    11886891     6704042    11366472     4673913     1301926    13045427    13947925    11850217     4222212
  
 ====== DUMPING at point            1
 propag    0.0000000000000000        0.0000000000000000        0.0000000000000000        0.0000000000000000     
 test props.    0.0000000000000000        0.0000000000000000     
 Var          0.60063991221314927     
 Var before   0.41669686155195124     
 iev, nphot and rad. pattern    0.0000000000000000                1               0           0           1           0
 partons...            1          -1
 x1 & x2   0.23204900039168438       0.99795507642244485     
 sv & ME   0.53273561324083463        949898325355.71826     
 plepton   =    45.715479280258229        44.474101951135431        10.004193311702291        3.4444526349414315     
 pneutrino =    45.716073675026522       -44.474662449633563       -10.004382729364636       -3.4445543637065144     
 pleptonlab   =    55.683358564100523        44.474101951135431        10.004193311702291       -31.978049176096125     
 pneutrinolab =    61.166342476303392       -44.474662449633563       -10.004382729364636       -40.782680324281195     
 sqrt(s) =    91.432153277164133     
 sqrt_fs_cm =    91.431552953313968     
 phind channel           0
 bbb pw(0) qmod c1q   0.0000000000000000        0.0000000000000000        0.0000000000000000        0.0000000000000000     
 reduced to Born momenta
   45.716076638582066        0.0000000000000000        0.0000000000000000        45.716023291610881     
   45.716076638582066        0.0000000000000000        0.0000000000000000       -45.716023291610881     
   45.716076638582066        44.474674212177156        10.004353707010861        3.4445261152969557     
   45.716076638582066       -44.474674212177156       -10.004353707010861       -3.4445261152969557     
 >> Photon n.           1
 cm momentum     6.0032187937935125E-004   5.6049849813189661E-004   1.8941766234468571E-004   1.0172876508303501E-004
 lab momentum    6.8625693836981566E-004   5.6049849813189661E-004   1.8941766234468571E-004  -3.4772254491832408E-004
 c_ph_up    0.16945703393021141     
 c_ph_up lab  -0.50669439604403754     
 c_ph_lep  0.99012929363702329     
 c_ph_lep lab   0.99291091214187632     
 isvec for ranlux 
     8580474     7453528     6610367     9370130     6454595    13285363    12880910       20013     9703009    16699534     1920148     1192065     4551655     8434631    10339274    15950484     7679134     4788915     9680677     9420690    13578033     7433776    11266006     2295994    -4172313
  
 ====== DUMPING at point            1
 propag    0.0000000000000000        0.0000000000000000        0.0000000000000000        0.0000000000000000     
 test props.    0.0000000000000000        0.0000000000000000     
 Var          0.26235757149008060     
 Var before   0.23509217074165498     
 iev, nphot and rad. pattern    0.0000000000000000                3               0           0           0           3
 partons...            1          -1
 x1 & x2   0.98817551413710658       0.23438934417160340     
 sv & ME   0.53058481091940302        142503362670.87241     
 plepton   =    45.694140318411918       -43.712418675930280       -2.7360912429312760        13.026187237936755     
 pneutrino =    38.947144699381823        37.029492128749865        2.3313388310664345       -11.842739906150570     
 pleptonlab   =    68.239694619780195       -43.712418675930280       -2.7360912429312760        52.329561591130556     
 pneutrinolab =    40.194451787331836        37.029492128749865        2.3313388310664345        15.458472199227471     
 sqrt(s) =    91.440707377675665     
 sqrt_fs_cm =    84.367773765380122     
 phind channel           0
 bbb pw(0) qmod c1q   0.0000000000000000        0.0000000000000000        0.0000000000000000        0.0000000000000000     
 reduced to Born momenta
   45.720353688837832        0.0000000000000000        0.0000000000000000        45.720300346857165     
   45.720353688837832        0.0000000000000000        0.0000000000000000       -45.720300346857165     
   45.720353688837832       -43.610878968817012       -2.7373728064667451        13.451304896796069     
   45.720353688837832        43.610878968817012        2.7373728064667451       -13.451304896796069     
 >> Photon n.           1
 cm momentum     1.4691621631455515E-003   1.4608073881506056E-003   7.5279885989939152E-005   1.3715748287447942E-004
 lab momentum    1.9734720180886920E-003   1.4608073881506056E-003   7.5279885989939152E-005   1.3247514935522818E-003
 c_ph_up     9.3357619951781365E-002
 c_ph_up lab   0.67127959322945141     
 c_ph_lep -0.92764746427801092     
 c_ph_lep lab    3.9075580824179279E-002
 >> Photon n.           2
 cm momentum    0.58420374008759557       0.57012074256933376        3.6727933446609490E-002 -0.12209589562826327     
 lab momentum   0.64641136741064498       0.57012074256933376        3.6727933446609490E-002  0.30242528616938213     
 c_ph_up   -0.20899540220327276     
 c_ph_up lab   0.46785267310632050     
 c_ph_lep -0.99691605456645305     
 c_ph_lep lab  -0.20847620367024355     
 >> Photon n.           3
 cm momentum     6.2137494576311818        6.1113449972229317       0.36794919853224223       -1.0614885936407963     
 lab momentum    7.0611302927867232        6.1113449972229317       0.36794919853224223        3.5179023187018745     
 c_ph_up   -0.17082899799527146     
 c_ph_up lab   0.49820668545028512     
 c_ph_lep -0.99311235341943072     
 c_ph_lep lab  -0.17444918030394393     
 isvec for ranlux 
    12463464    12816993     5409746     8737059    13281844     3402445    15966410     7057779     5721136     7107145     5287062    13803679     6789592     8872370     6038474     3231451     5383470    11900558     8661044    16559408    15868938    13063497     1765555     7556872     4121808
  
 ====== DUMPING at point            1
 propag    0.0000000000000000        0.0000000000000000        0.0000000000000000        0.0000000000000000     
 test props.    0.0000000000000000        0.0000000000000000     
 Var          0.25888649792546703     
 Var before   0.20172449995574318     
 iev, nphot and rad. pattern    0.0000000000000000                1               0           1           0           0
 partons...            1          -1
 x1 & x2   0.22729523676412802       0.99930901512788461     
 sv & ME   0.55291710805559435        2306597499.3920326     
 plepton   =    45.195498958342633        15.414748509641685        38.889823654797240       -17.105236241728885     
 pneutrino =    45.239437388636851       -15.414568673725233       -38.889260214295817        17.222428520296514     
 pleptonlab   =    72.014148868754518        15.414748509641685        38.889823654797240       -58.617349121936094     
 pneutrinolab =    44.267525656596831       -15.414568673725233       -38.889260214295817       -14.478231130003017     
 sqrt(s) =    90.552130117983012     
 sqrt_fs_cm =    90.434860411802859     
 phind channel           0
 bbb pw(0) qmod c1q   0.0000000000000000        0.0000000000000000        0.0000000000000000        0.0000000000000000     
 reduced to Born momenta
   45.217430205901429        0.0000000000000000        0.0000000000000000        45.217376270632592     
   45.217430205901429        0.0000000000000000        0.0000000000000000       -45.217376270632592     
   45.217430205901422        15.414658613527090        38.889542002984399       -17.163818146339871     
   45.217430205901437       -15.414658613527090       -38.889542002984399        17.163818146339871     
 >> Photon n.           1
 cm momentum    0.11719377100353102       -1.7983591645169683E-004  -5.6344050142482453E-004 -0.11719227856762825     
 lab momentum   0.24572940438983762       -1.7983591645169683E-004  -5.6344050142482453E-004 -0.24572869261775038     
 c_ph_up   -0.99998726522843329     
 c_ph_up lab  -0.99999710343135773     
 c_ph_lep  0.37380795653511278     
 c_ph_lep lab   0.81257350606352352     
 isvec for ranlux 
    12039140    13414567       24956      680525     5161984    15245004     2427930     4072528    10460989    10949186    15097278     6403010    13177578     2354914     6551446    11760129     9565449    15230204    12264909     7341336     7576794     6409704     4349288     8230537    -4080317
  
 ====== DUMPING at point            1
 propag    0.0000000000000000        0.0000000000000000        0.0000000000000000        0.0000000000000000     
 test props.    0.0000000000000000        0.0000000000000000     
 Var          0.55594537243515996     
 Var before   0.18881288418427794     
 iev, nphot and rad. pattern    0.0000000000000000                0               1           0           0           1
 partons...            1          -1
 x1 & x2   0.99966347702762093       0.22208704094460435     
 sv & ME   0.54946395535048365        6127.1380292740259     
 plepton   =    44.762272502297797        5.5096950235766595       -42.831787760942028       -11.778416439712489     
 pneutrino =    44.762272502297797       -5.5096950235766595        42.831787760942028        11.778416439712489     
 pleptonlab   =    48.314375692512591        5.5096950235766595       -42.831787760942028        21.664462901594753     
 pneutrinolab =    67.751923514848798       -5.5096950235766595        42.831787760942028        52.205298526291806     
 sqrt(s) =    89.524545004595595     
 sqrt_fs_cm =    89.524545004595595     
 phind channel           0
 bbb pw(0) qmod c1q   0.0000000000000000        0.0000000000000000        0.0000000000000000        0.0000000000000000     
 reduced to Born momenta
   44.762272502297797        0.0000000000000000        0.0000000000000000        44.762218018596506     
   44.762272502297797        0.0000000000000000        0.0000000000000000       -44.762218018596506     
   44.762272502297797        5.5096950235766595       -42.831787760942028       -11.778416439712489     
   44.762272502297797       -5.5096950235766595        42.831787760942028        11.778416439712489     
 isvec for ranlux 
    13950172     7889850    11583015    12192548     1605403       83687     6306702     7833669     8342862     8917484     1246586     1106221     9054104    14686376     3662297     5146407     1566075     9437649     8345499    15429287     4600828      580395    11906909     5153403     4042414
  
 ====== DUMPING at point            1
 propag    0.0000000000000000        0.0000000000000000        0.0000000000000000        0.0000000000000000     
 test props.    0.0000000000000000        0.0000000000000000     
 Var          0.14787194746968338     
 Var before   0.10578620187677316     
 iev, nphot and rad. pattern    0.0000000000000000                2               0           0           1           1
 partons...            1          -1
 x1 & x2   0.22502764850906595       0.99918961489948188     
 sv & ME   0.55450748522571691        4155072330969.2817     
 plepton   =    44.506232176438502       -29.668752908353007        16.355678266294543       -28.862612982267159     
 pneutrino =    45.028489984936350        30.021062097050002       -16.511140367339074        29.217662825201113     
 pleptonlab   =    81.013403408920723       -29.668752908353007        16.355678266294543       -73.589518666163414     
 pneutrinolab =    34.275540346860168        30.021062097050002       -16.511140367339074       0.95894562560432917     
 sqrt(s) =    90.093922932370390     
 sqrt_fs_cm =    89.533190057622306     
 phind channel           0
 bbb pw(0) qmod c1q   0.0000000000000000        0.0000000000000000        0.0000000000000000        0.0000000000000000     
 reduced to Born momenta
   45.046961466185195        0.0000000000000000        0.0000000000000000        45.046907326811834     
   45.046961466185195        0.0000000000000000        0.0000000000000000       -45.046907326811834     
   45.046961466185188       -30.031305719462729        16.536101728893030       -29.221491920166766     
   45.046961466185202        30.031305719462729       -16.536101728893030        29.221491920166766     
 >> Photon n.           1
 cm momentum    0.54147840972486394      -0.36409994820773262       0.16168493303782072      -0.36672616260890017     
 lab momentum   0.99835038994746428      -0.36409994820773262       0.16168493303782072      -0.91541941821873962     
 c_ph_up   -0.67726830104868097     
 c_ph_up lab  -0.91693199846089235     
 c_ph_lep  0.99719647298134662     
 c_ph_lep lab   0.99916466560109884     
 >> Photon n.           2
 cm momentum     1.7722361270672202E-002   1.1790759510737173E-002  -6.2228319932883186E-003   1.1676319674944256E-002
 lab momentum    1.3345878083674606E-002   1.1790759510737173E-002  -6.2228319932883186E-003   6.0565168832792983E-004
 c_ph_up    0.65884672457652571     
 c_ph_up lab    4.5381179457108595E-002
 c_ph_lep -0.99981180631922950     
 c_ph_lep lab  -0.45890501195762540     
 isvec for ranlux 
    10876423     5508206     6552395     8586876     3831691     8121497     1468692    10309077    15186285     7188278     4503280     9877336     1366014     5981390     5726979     1082832     5970519     4651962    15890584    14102435     4569516     6677682    13119496    13736282     4202010
  
 ====== DUMPING at point            1
 propag    0.0000000000000000        0.0000000000000000        0.0000000000000000        0.0000000000000000     
 test props.    0.0000000000000000        0.0000000000000000     
 Var          0.14342308709527724     
 Var before   0.12498098916788804     
 iev, nphot and rad. pattern    1.0000000000000000                1               0           0           0           1
 partons...            1          -1
 x1 & x2   0.99969468310835796       0.22337456987381105     
 sv & ME   0.54245088748268921        14313396.774885530     
 plepton   =    44.891977170405362        1.5336346495163742        44.593976031059697       -4.9298800269179948     
 pneutrino =    44.816584086464886       -1.5293725971522605       -44.520559627061431        4.9087509042583557     
 pleptonlab   =    54.045607898048921        1.5336346495163742        44.593976031059697        30.494947710748040     
 pneutrinolab =    62.029596545307037       -1.5293725971522605       -44.520559627061431        43.165269301076378     
 sqrt(s) =    89.785076440270387     
 sqrt_fs_cm =    89.708528625790919     
 phind channel           0
 bbb pw(0) qmod c1q   0.0000000000000000        0.0000000000000000        0.0000000000000000        0.0000000000000000     
 reduced to Born momenta
   44.892538220135194        0.0000000000000000        0.0000000000000000        44.892483894530713     
   44.892538220135194        0.0000000000000000        0.0000000000000000       -44.892483894530713     
   44.892538220135201        1.5328095583040413        44.595273083283836       -4.9235086716835781     
   44.892538220135187       -1.5328095583040413       -44.595273083283836        4.9235086716835781     
 >> Photon n.           1
 cm momentum     7.6515183400141559E-002  -4.2620523641137865E-003  -7.3416403998267085E-002   2.1129122659639323E-002
 lab momentum   0.11637458995010000       -4.2620523641137865E-003  -7.3416403998267085E-002   9.0193745457557650E-002
 c_ph_up    0.27614287414228733     
 c_ph_up lab   0.77502954464743223     
 c_ph_lep -0.98536248534133508     
 c_ph_lep lab   -8.4269061874798157E-002
 isvec for ranlux 
      509286     4862733    13755904    12549642    12775709    11602958    10364388     9567213     3052866      857491    14436862    13435185     2641346     1700154     6952913     1047290    11494882    15657031     8631761     8468919     6858125    12865379     6913213     1702453     4110519
  
 ====== DUMPING at point            1
 propag    0.0000000000000000        0.0000000000000000        0.0000000000000000        0.0000000000000000     
 test props.    0.0000000000000000        0.0000000000000000     
 Var           5.3857634195527353E-002
 Var before    4.8635504121952090E-002
 iev, nphot and rad. pattern    5.0000000000000000                2               0           1           1           0
 partons...            1          -1
 x1 & x2   0.25618639829622564       0.99985002437485959     
 sv & ME   0.54078363464658297        36325010.476885065     
 plepton   =    47.998784571636925       -19.753965388792839       -26.076615450955497        35.123541033106363     
 pneutrino =    42.618353850933346        18.554196447706754        22.582182713736007       -31.017732659484423     
 pleptonlab   =    33.755585540838389       -19.753965388792839       -26.076615450955497        8.3198178799029847     
 pneutrinolab =    75.672154168470456        18.554196447706754        22.582182713736007       -69.800075722513668     
 sqrt(s) =    96.161020973020513     
 sqrt_fs_cm =    90.448646246516091     
 phind channel           0
 bbb pw(0) qmod c1q   0.0000000000000000        0.0000000000000000        0.0000000000000000        0.0000000000000000     
 reduced to Born momenta
   48.080510486510256        0.0000000000000000        0.0000000000000000        48.080459762962150     
   48.080510486510256        0.0000000000000000        0.0000000000000000       -48.080459762962150     
   48.080510486510263       -20.344830885591151       -25.810756611468761        35.094401609546971     
   48.080510486510249        20.344830885591151        25.810756611468761       -35.094401609546971     
 >> Photon n.           1
 cm momentum     5.5336369192105028        1.2027128462419601        3.5009379246552497       -4.1131560888014773     
 lab momentum    9.8884051886882478        1.2027128462419601        3.5009379246552497       -9.1693768944717196     
 c_ph_up   -0.74330068070102273     
 c_ph_up lab  -0.92728571690821748     
 c_ph_lep -0.97708030420427716     
 c_ph_lep lab  -0.57323487673480444     
 >> Photon n.           2
 cm momentum     1.0245631239739799E-002  -2.9439051558745517E-003  -6.5051874357587840E-003   7.3477151795366576E-003
 lab momentum    7.3152557559763506E-003  -2.9439051558745517E-003  -6.5051874357587840E-003   1.5902596122037635E-003
 c_ph_up    0.71715592798587413     
 c_ph_up lab   0.21738947553604915     
 c_ph_lep  0.98797867330569833     
 c_ph_lep lab   0.97605879858819999     
 isvec for ranlux 
    16419447    16632813    16679220     8549100     4488436     6398191      665060    15379843    10272473    14763850    12915184     7630175    12931793     8549716     3243398    15629144     2714857     1417773     9942628    11481106    11302101     8740541    12658321      903330    -4101808
  
