 ====== DUMPING at point            1
 propag    0.0000000000000000        0.0000000000000000        0.0000000000000000        0.0000000000000000     
 test props.    0.0000000000000000        0.0000000000000000     
 Var           1.4692996664353033     
 Var before    0.0000000000000000     
 iev, nphot and rad. pattern    0.0000000000000000                0               0           1           0           0
 partons...            1          -1
 x1 & x2   0.94693539778351188       0.97588642440755047     
 sv & ME   0.57531317532698178        883.66976578236347     
 plepton   =    48.065096470513126       -21.088354795801298        38.359754645008636       -19.850764484256235     
 pneutrino =    48.065096470513112        21.088354795801298       -38.359754645008636        19.850764484256235     
 pleptonlab   =    48.369463092289365       -21.088354795801298        38.359754645008636       -20.576790608013148     
 pneutrinolab =    47.771628017263772        21.088354795801298       -38.359754645008636        19.129239276811219     
 sqrt(s) =    96.130192941026237     
 sqrt_fs_cm =    96.130192941026237     
 phind channel           0
 bbb pw(0) qmod c1q   0.0000000000000000        0.0000000000000000        0.0000000000000000        0.0000000000000000     
 reduced to Born momenta
   48.065096470513119        0.0000000000000000        0.0000000000000000        48.065045730698444     
   48.065096470513119        0.0000000000000000        0.0000000000000000       -48.065045730698444     
   48.065096470513126       -21.088354795801298        38.359754645008636       -19.850764484256235     
   48.065096470513112        21.088354795801298       -38.359754645008636        19.850764484256235     
 isvec for ranlux 
     9644655    14614328     8305202     5902523     6611641    14048799     7267313     8683348    14048746     9318201     4464668     5476536     8218591     7359978     7668616    13721940      957152    13197359    14184585     9294164    15939178     5902395     5267822    14659295     4211303
  
 ====== DUMPING at point            1
 propag    0.0000000000000000        0.0000000000000000        0.0000000000000000        0.0000000000000000     
 test props.    0.0000000000000000        0.0000000000000000     
 Var           3.1177044063477148     
 Var before    1.4692996664353033     
 iev, nphot and rad. pattern    0.0000000000000000                0               0           1           0           0
 partons...            1          -1
 x1 & x2   0.94236857675223973       0.89023119569415199     
 sv & ME   0.55594528985147451        21485.777333576556     
 plepton   =    45.796449230992316       -23.240709790804424       -29.641134812138901        26.049493928742720     
 pneutrino =    45.796449230992330        23.240709790804424        29.641134812138901       -26.049493928742720     
 pleptonlab   =    46.556401349335857       -23.240709790804424       -29.641134812138901        27.363477088579007     
 pneutrinolab =    45.073587272983758        23.240709790804424        29.641134812138901       -24.756608035674621     
 sqrt(s) =    91.592898461984646     
 sqrt_fs_cm =    91.592898461984646     
 phind channel           0
 bbb pw(0) qmod c1q   0.0000000000000000        0.0000000000000000        0.0000000000000000        0.0000000000000000     
 reduced to Born momenta
   45.796449230992323        0.0000000000000000        0.0000000000000000        45.796395977644977     
   45.796449230992323        0.0000000000000000        0.0000000000000000       -45.796395977644977     
   45.796449230992316       -23.240709790804424       -29.641134812138901        26.049493928742720     
   45.796449230992330        23.240709790804424        29.641134812138901       -26.049493928742720     
 isvec for ranlux 
      778671     5844720     9587749    10340955     5767304     1229801     7106317     9230034     7070010     1656684    15462261     7797679    14988199    15435044     9850695     6896914     2215452    12845121     6405628     3024976     4819489    10459877     1149857     7981361    -4092010
  
 ====== DUMPING at point            1
 propag    0.0000000000000000        0.0000000000000000        0.0000000000000000        0.0000000000000000     
 test props.    0.0000000000000000        0.0000000000000000     
 Var           2.6138044278046011     
 Var before    2.3524926821700141     
 iev, nphot and rad. pattern    0.0000000000000000                0               1           0           0           0
 partons...            1          -1
 x1 & x2   0.87537923568793263       0.95710598291461135     
 sv & ME   0.55451645966084084        20587.274235348214     
 plepton   =    45.766546291918850       0.81552591704786348       -39.968725252159764        22.280069905520325     
 pneutrino =    45.766546291918836      -0.81552591704786348        39.968725252159764       -22.280069905520325     
 pleptonlab   =    44.817475095098160       0.81552591704786348       -39.968725252159764        20.259092511864015     
 pneutrinolab =    46.806785835029054      -0.81552591704786348        39.968725252159764       -24.345429873197954     
 sqrt(s) =    91.533092583837686     
 sqrt_fs_cm =    91.533092583837686     
 phind channel           0
 bbb pw(0) qmod c1q   0.0000000000000000        0.0000000000000000        0.0000000000000000        0.0000000000000000     
 reduced to Born momenta
   45.766546291918843        0.0000000000000000        0.0000000000000000        45.766493003776795     
   45.766546291918843        0.0000000000000000        0.0000000000000000       -45.766493003776795     
   45.766546291918850       0.81552591704786348       -39.968725252159764        22.280069905520325     
   45.766546291918836      -0.81552591704786348        39.968725252159764       -22.280069905520325     
 isvec for ranlux 
     2803006     6819478    11266704    12521690      381903    12884269    10959814      755982    12350293    13898296    16631971     2580472     9212313    13500588    11285027    11301427    13249530     3480466    12322296     6680866     5860556      319932     9357205      566304    -4230115
  
 ====== DUMPING at point            1
 propag    0.0000000000000000        0.0000000000000000        0.0000000000000000        0.0000000000000000     
 test props.    0.0000000000000000        0.0000000000000000     
 Var           2.2459050744680127     
 Var before    1.8528409539048813     
 iev, nphot and rad. pattern    0.0000000000000000                1               0           0           1           0
 partons...            1          -1
 x1 & x2   0.86162213987822611       0.95881440568901921     
 sv & ME   0.58207926718817016        5331335846.3467340     
 plepton   =    45.439552118982093        27.907283267128136        14.829818233523966       -32.649682462332350     
 pneutrino =    45.445942796927369       -27.910932680623084       -14.833094036719181        32.653969302455366     
 pleptonlab   =    47.250093476047844        27.907283267128136        14.829818233523966       -35.125776882692591     
 pneutrinolab =    43.764981767540142       -27.910932680623084       -14.833094036719181        30.270804806235720     
 sqrt(s) =    90.892008448259205     
 sqrt_fs_cm =    90.885494682505310     
 phind channel           0
 bbb pw(0) qmod c1q   0.0000000000000000        0.0000000000000000        0.0000000000000000        0.0000000000000000     
 reduced to Born momenta
   45.446004224129602        0.0000000000000000        0.0000000000000000        45.445950560132474     
   45.446004224129602        0.0000000000000000        0.0000000000000000       -45.445950560132474     
   45.446004224129602        27.911108167021435        14.832519054123319       -32.654165976886247     
   45.446004224129602       -27.911108167021435       -14.832519054123319        32.654165976886247     
 >> Photon n.           1
 cm momentum     6.5135323497436714E-003   3.6494134949475706E-003   3.2758031952150337E-003  -4.2868401230126193E-003
 lab momentum    6.7520347742778732E-003   3.6494134949475706E-003   3.2758031952150337E-003  -4.6412140827773911E-003
 c_ph_up   -0.65814367578619926     
 c_ph_up lab  -0.68738006214930469     
 c_ph_lep  0.98113856417381162     
 c_ph_lep lab   0.98250201139142246     
 isvec for ranlux 
    13077225     6767474    12978143    11216133     7787453     7756591     1456377     6700084     7382700    12480500    14719702    13291644     7895789     6891298      102469     9060833    10785562     3405521     1113041     5184210    10069583      203884    13164889     3691341     4042414
  
 ====== DUMPING at point            1
 propag    0.0000000000000000        0.0000000000000000        0.0000000000000000        0.0000000000000000     
 test props.    0.0000000000000000        0.0000000000000000     
 Var           2.2077883686345854     
 Var before    1.8008049132908253     
 iev, nphot and rad. pattern    0.0000000000000000                0               0           1           0           0
 partons...            1          -1
 x1 & x2   0.98389376720904875       0.86727392355070199     
 sv & ME   0.55493933840313625        10550.465799762525     
 plepton   =    46.187265773275456        22.366891448127006        34.630745572759295        20.825128665682488     
 pneutrino =    46.187265773275442       -22.366891448127006       -34.630745572759295       -20.825128665682488     
 pleptonlab   =    47.593744672397833        22.366891448127006        34.630745572759295        23.782073001999745     
 pneutrinolab =    44.964639865589703       -22.366891448127006       -34.630745572759295       -17.951080819082403     
 sqrt(s) =    92.374531546550898     
 sqrt_fs_cm =    92.374531546550898     
 phind channel           0
 bbb pw(0) qmod c1q   0.0000000000000000        0.0000000000000000        0.0000000000000000        0.0000000000000000     
 reduced to Born momenta
   46.187265773275449        0.0000000000000000        0.0000000000000000        46.187212970535271     
   46.187265773275449        0.0000000000000000        0.0000000000000000       -46.187212970535271     
   46.187265773275456        22.366891448127006        34.630745572759295        20.825128665682488     
   46.187265773275442       -22.366891448127006       -34.630745572759295       -20.825128665682488     
 isvec for ranlux 
     2097233     6471148     4378437     8640871    15711293     8225040    11065883    15787977     7243899     4917269    11956633    15358016     1047827     9592925      229606     7295905     6628324     2019165    14002484    11234980     6728922     2987987     4664818    12003099    -4080923
  
 ====== DUMPING at point            1
 propag    0.0000000000000000        0.0000000000000000        0.0000000000000000        0.0000000000000000     
 test props.    0.0000000000000000        0.0000000000000000     
 Var           2.4987954352730317     
 Var before    1.9438181757785022     
 iev, nphot and rad. pattern    0.0000000000000000                2               0           0           1           1
 partons...            1          -1
 x1 & x2   0.89165738550753826       0.95200701766908946     
 sv & ME   0.56458607422550222        34110997765.730026     
 plepton   =    45.996344717932182       -29.438530915671659        4.8981144405258563        35.000484799127221     
 pneutrino =    45.873905179860458        29.325323828230989       -4.9891767338662607       -34.921877249755568     
 pleptonlab   =    44.874703221339423       -29.438530915671659        4.8981144405258563        33.512821396689041     
 pneutrinolab =    47.042230514299774        29.325323828230989       -4.9891767338662607       -36.443021087125636     
 sqrt(s) =    92.133820519918160     
 sqrt_fs_cm =    91.870101387503297     
 phind channel           0
 bbb pw(0) qmod c1q   0.0000000000000000        0.0000000000000000        0.0000000000000000        0.0000000000000000     
 reduced to Born momenta
   46.066910259959080        0.0000000000000000        0.0000000000000000        46.066857319265040     
   46.066910259959080        0.0000000000000000        0.0000000000000000       -46.066857319265040     
   46.066910259959080       -29.466232733711067        4.9578671478443708        35.061513644375871     
   46.066910259959080        29.466232733711067       -4.9578671478443708       -35.061513644375871     
 >> Photon n.           1
 cm momentum     5.4335406742195218E-002  -3.4408056337285067E-002   4.5228470447998704E-003   4.1808682585551003E-002
 lab momentum    5.2995260630921234E-002  -3.4408056337285067E-002   4.5228470447998704E-003   4.0051556312318645E-002
 c_ph_up    0.76945559244491046     
 c_ph_up lab   0.75575732311711086     
 c_ph_lep  0.99967058044044776     
 c_ph_lep lab   0.99965380718111574     
 >> Photon n.           2
 cm momentum    0.20923521538332743       0.14761514377795479        8.6539446295604658E-002 -0.12041623195720461     
 lab momentum   0.21329116256129071       0.14761514377795479        8.6539446295604658E-002 -0.12733347395328071     
 c_ph_up   -0.57550652616767772     
 c_ph_up lab  -0.59699367017464000     
 c_ph_lep -0.84541710801066960     
 c_ph_lep lab  -0.85557375928422608     
 isvec for ranlux 
     7705512     6767400    12346605     2442596     4398068    14780140    11606138    14688674    13412440     5267269    10109083     1735670     8876049    16397594    14292833    16049731     7015236     2292865    16408353     4672107     7144624     1147718    13770713    15989233    -4151606
  
 ====== DUMPING at point            1
 propag    0.0000000000000000        0.0000000000000000        0.0000000000000000        0.0000000000000000     
 test props.    0.0000000000000000        0.0000000000000000     
 Var           1.9505460128111578     
 Var before    1.5011524844195785     
 iev, nphot and rad. pattern    0.0000000000000000                2               1           0           1           0
 partons...            1          -1
 x1 & x2   0.99106527794176369       0.83182757455146905     
 sv & ME   0.58091591254845631        31319642.780464489     
 plepton   =    44.835582614563378        4.3399841844443019       -29.046857683356738       -33.877173741288722     
 pneutrino =    44.991617230696541       -5.0718128563514080        29.281121292971655        33.780572930583517     
 pleptonlab   =    42.036957327375745        4.3399841844443019       -29.046857683356738       -30.075558409674350     
 pneutrinolab =    48.126471910320852       -5.0718128563514080        29.281121292971655        37.855498742188885     
 sqrt(s) =    90.796223840668333     
 sqrt_fs_cm =    89.823861237868286     
 phind channel           0
 bbb pw(0) qmod c1q   0.0000000000000000        0.0000000000000000        0.0000000000000000        0.0000000000000000     
 reduced to Born momenta
   45.016245181541031        0.0000000000000000        0.0000000000000000        45.016191005226290     
   45.016245181541031        0.0000000000000000        0.0000000000000000       -45.016191005226290     
   45.016245181541031        4.7165101716877258       -29.231625546155207       -33.907488351142732     
   45.016245181541031       -4.7165101716877258        29.231625546155207        33.907488351142732     
 >> Photon n.           1
 cm momentum    0.76052140113576394       0.71344587517767610       -9.1172477590785117E-002  0.24713430378525592     
 lab momentum   0.78511091373365216       0.71344587517767610       -9.1172477590785117E-002  0.31477247240762291     
 c_ph_up    0.32495377962564254     
 c_ph_up lab   0.40092739369868069     
 c_ph_lep  -7.7059325282758842E-002
 c_ph_lep lab  -0.11278598389377931     
 >> Photon n.           2
 cm momentum    0.20850259427265017        1.8382796729429923E-002 -0.14309113202413171      -0.15053349308005290     
 lab momentum   0.19610247323139268        1.8382796729429923E-002 -0.14309113202413171      -0.13282763540741832     
 c_ph_up   -0.72197419703663979     
 c_ph_up lab  -0.67733788982195697     
 c_ph_lep  0.99865951810314224     
 c_ph_lep lab   0.99847987876253330     
 isvec for ranlux 
    10482904     1249819    12058037    14159976    14147930     6205970     8604369     9431829     9704793     2911077    12566670     7519744     8037451     9579103     1801853     7051106     4729559     8526420      295591      567446    12330918     8671797    12046268    10350963     4080418
  
 ====== DUMPING at point            1
 propag    0.0000000000000000        0.0000000000000000        0.0000000000000000        0.0000000000000000     
 test props.    0.0000000000000000        0.0000000000000000     
 Var           2.4587298333479701     
 Var before    1.6816005858815011     
 iev, nphot and rad. pattern    0.0000000000000000                0               0           0           1           0
 partons...            1          -1
 x1 & x2   0.78801170418191668       0.99690016282409055     
 sv & ME   0.55467881637390259        6526.9892501380982     
 plepton   =    44.316165115176709       -10.097712373767406        36.581376573730886        22.885594150287965     
 pneutrino =    44.316165115176709        10.097712373767406       -36.581376573730886       -22.885594150287965     
 pleptonlab   =    41.925961065198663       -10.097712373767406        36.581376573730886        17.821732248483695     
 pneutrinolab =    47.319632285101711        10.097712373767406       -36.581376573730886       -28.266155180592389     
 sqrt(s) =    88.632330230353418     
 sqrt_fs_cm =    88.632330230353418     
 phind channel           0
 bbb pw(0) qmod c1q   0.0000000000000000        0.0000000000000000        0.0000000000000000        0.0000000000000000     
 reduced to Born momenta
   44.316165115176709        0.0000000000000000        0.0000000000000000        44.316110083016142     
   44.316165115176709        0.0000000000000000        0.0000000000000000       -44.316110083016142     
   44.316165115176709       -10.097712373767406        36.581376573730886        22.885594150287965     
   44.316165115176709        10.097712373767406       -36.581376573730886       -22.885594150287965     
 isvec for ranlux 
     1529830    10969541     5398952    14836342    16636312     5190420     1470932    12386847    11625234     6824400      810679     8482292     6601895    16231455    13558496     6713029     1261892      214096    11394427     5414534     6660712     4299797     3825772    15586491    -4101909
  
 ====== DUMPING at point            1
 propag    0.0000000000000000        0.0000000000000000        0.0000000000000000        0.0000000000000000     
 test props.    0.0000000000000000        0.0000000000000000     
 Var           2.3344587469360203     
 Var before    1.6627093542973010     
 iev, nphot and rad. pattern    0.0000000000000000                1               1           0           0           0
 partons...            1          -1
 x1 & x2   0.99906993316453185       0.77321380600730605     
 sv & ME   0.55458877584377653        13058412676.195810     
 plepton   =    43.940377157347662        23.698410671641494        30.481184892397046        20.976851056157777     
 pneutrino =    43.943980211434010       -23.698553824363277       -30.481231610595508       -20.984167824014985     
 pleptonlab   =    46.996809210730014        23.698410671641494        30.481184892397046        26.794992283858278     
 pneutrinolab =    41.609059171971154       -23.698553824363277       -30.481231610595508       -15.510503138844939     
 sqrt(s) =    87.891675686017763     
 sqrt_fs_cm =    87.884357064075758     
 phind channel           0
 bbb pw(0) qmod c1q   0.0000000000000000        0.0000000000000000        0.0000000000000000        0.0000000000000000     
 reduced to Born momenta
   43.942178532037879        0.0000000000000000        0.0000000000000000        43.942123031504643     
   43.942178532037879        0.0000000000000000        0.0000000000000000       -43.942123031504643     
   43.942178532037879        23.698482246535146        30.481208251017435        20.980509365093766     
   43.942178532037879       -23.698482246535146       -30.481208251017435       -20.980509365093766     
 >> Photon n.           1
 cm momentum     7.3183172360942262E-003   1.4315272178306367E-004   4.6718198461803925E-005   7.3167678572093851E-003
 lab momentum    8.3185758907397978E-003   1.4315272178306367E-004   4.6718198461803925E-005   8.3172128479542945E-003
 c_ph_up    0.99978828754823590     
 c_ph_up lab   0.99983614469550963     
 c_ph_lep  0.49227201710170992     
 c_ph_lep lab   0.58237312139836783     
 isvec for ranlux 
     4582103    14909827     6058609    16033389    16400909    10270577    12793303      310030     7779432    12399011     3122562     7325754    11785470    16087410     4035484     7020979    11753393     9284947      731009     1133262     6407025    14657548    11290772     1908909    -4011606
  
 ====== DUMPING at point            1
 propag    0.0000000000000000        0.0000000000000000        0.0000000000000000        0.0000000000000000     
 test props.    0.0000000000000000        0.0000000000000000     
 Var           1.2953667467947680     
 Var before    1.1295834733856771     
 iev, nphot and rad. pattern    0.0000000000000000                0               0           1           0           0
 partons...            1          -1
 x1 & x2   0.99823593711194947       0.83457662722268333     
 sv & ME   0.56772419282369080        15448.267276734165     
 plepton   =    45.637275925699321       -14.942012305374218       -42.928053167011832       -4.0826841395334412     
 pneutrino =    45.637275925699292        14.942012305374218        42.928053167011832        4.0826841395334412     
 pleptonlab   =    45.454292443389747       -14.942012305374218       -42.928053167011832       -7.5758815793305345E-003
 pneutrinolab =    46.186335773341888        14.942012305374218        42.928053167011832        8.1905413760426331     
 sqrt(s) =    91.274551851398613     
 sqrt_fs_cm =    91.274551851398613     
 phind channel           0
 bbb pw(0) qmod c1q   0.0000000000000000        0.0000000000000000        0.0000000000000000        0.0000000000000000     
 reduced to Born momenta
   45.637275925699306        0.0000000000000000        0.0000000000000000        45.637222486615173     
   45.637275925699306        0.0000000000000000        0.0000000000000000       -45.637222486615173     
   45.637275925699321       -14.942012305374218       -42.928053167011832       -4.0826841395334412     
   45.637275925699292        14.942012305374218        42.928053167011832        4.0826841395334412     
 isvec for ranlux 
    15697820    13958964    15496225    11578598     1704967     5619974     9875627     7164025     7377212     9094670     8478077    13805758     9465217     1972369     1888418    13095976    15555016    16310036     7352882    14970220     9477691      555846    10078497      522600     4061606
  
 ====== DUMPING at point            1
 propag    0.0000000000000000        0.0000000000000000        0.0000000000000000        0.0000000000000000     
 test props.    0.0000000000000000        0.0000000000000000     
 Var           1.3466658268993352     
 Var before   0.96369491500757998     
 iev, nphot and rad. pattern    0.0000000000000000                1               0           0           1           0
 partons...            1          -1
 x1 & x2   0.96472912457459348       0.99985227665595089     
 sv & ME   0.55654511973951593        30219164813.782524     
 plepton   =    49.106043338979589        47.772614220505709        10.746174665705992        3.6999174735592470     
 pneutrino =    49.106682165864335       -47.773217153194189       -10.746376451238815       -3.7000250877207987     
 pleptonlab   =    49.047734704427420        47.772614220505709        10.746174665705992        2.8224415914774688     
 pneutrinolab =    49.180692332526966       -47.773217153194189       -10.746376451238815       -4.5786952963941472     
 sqrt(s) =    98.213370350589713     
 sqrt_fs_cm =    98.212725502726940     
 phind channel           0
 bbb pw(0) qmod c1q   0.0000000000000000        0.0000000000000000        0.0000000000000000        0.0000000000000000     
 reduced to Born momenta
   49.106685175294857        0.0000000000000000        0.0000000000000000        49.106635511709861     
   49.106685175294857        0.0000000000000000        0.0000000000000000       -49.106635511709861     
   49.106685175294857        47.773229356068924        10.746346116667842        3.6999955739525152     
   49.106685175294857       -47.773229356068924       -10.746346116667842       -3.6999955739525152     
 >> Photon n.           1
 cm momentum     6.4484574578833507E-004   6.0293268848001912E-004   2.0178553282399202E-004   1.0761416155185183E-004
 lab momentum    6.4302457280885120E-004   6.0293268848001912E-004   2.0178553282399202E-004   9.6100848805823362E-005
 c_ph_up    0.16688357216390046     
 c_ph_up lab   0.14945128517567680     
 c_ph_lep  0.99066837144949960     
 c_ph_lep lab   0.99063081357855942     
 isvec for ranlux 
     8580474     7453528     6610367     9370130     6454595    13285363    12880910       20013     9703009    16699534     1920148     6241711     6714350     8434631    10339274    15950484     7679134     4788915     9680677     9420690    13578033     7433776    11266006     2295994     4192111
  
 ====== DUMPING at point            1
 propag    0.0000000000000000        0.0000000000000000        0.0000000000000000        0.0000000000000000     
 test props.    0.0000000000000000        0.0000000000000000     
 Var           1.0889229640908025     
 Var before   0.79507780592593824     
 iev, nphot and rad. pattern    0.0000000000000000                0               0           1           0           1
 partons...            1          -1
 x1 & x2   0.99980571905139448       0.84390759314834485     
 sv & ME   0.57503983497430333        13152.068431857751     
 plepton   =    45.927759524622275        17.832021758707082       -19.143451912943760       -37.747783777512964     
 pneutrino =    45.927759524622260       -17.832021758707082        19.143451912943760        37.747783777512964     
 pleptonlab   =    42.889536580216344        17.832021758707082       -19.143451912943760       -33.986003490084777     
 pneutrinolab =    49.296129029770626       -17.832021758707082        19.143451912943760        41.780909785237263     
 sqrt(s) =    91.855519049244535     
 sqrt_fs_cm =    91.855519049244535     
 phind channel           0
 bbb pw(0) qmod c1q   0.0000000000000000        0.0000000000000000        0.0000000000000000        0.0000000000000000     
 reduced to Born momenta
   45.927759524622267        0.0000000000000000        0.0000000000000000        45.927706423529699     
   45.927759524622267        0.0000000000000000        0.0000000000000000       -45.927706423529699     
   45.927759524622275        17.832021758707082       -19.143451912943760       -37.747783777512964     
   45.927759524622260       -17.832021758707082        19.143451912943760        37.747783777512964     
 isvec for ranlux 
    16005597     8434417    14436132    13695452    14164085      961699    13764582       67402     7211444    14390456      970651      358280     3303569    11896123     6216082     9295383     9040778    13778432     3232438     8688432    14560231     5902029      962798     8581584    -4231606
  
 ====== DUMPING at point            1
 propag    0.0000000000000000        0.0000000000000000        0.0000000000000000        0.0000000000000000     
 test props.    0.0000000000000000        0.0000000000000000     
 Var           1.1516401645179901     
 Var before    1.0312913586257546     
 iev, nphot and rad. pattern    0.0000000000000000                1               0           0           0           1
 partons...            1          -1
 x1 & x2   0.99933603256946213       0.80290521761475953     
 sv & ME   0.55401286855892473        1467620896.3959174     
 plepton   =    44.787611269199644        39.307676443266644        6.6474209967241302        20.411695819633501     
 pneutrino =    44.457347816395149       -39.018458382653961       -6.5979236851417120       -20.260106605410879     
 pleptonlab   =    47.294084634086950        39.307676443266644        6.6474209967241302        25.444796018213307     
 pneutrinolab =    42.502352545192132       -39.018458382653961       -6.5979236851417120       -15.506969938401213     
 sqrt(s) =    89.575226190083086     
 sqrt_fs_cm =    89.244347976940148     
 phind channel           0
 bbb pw(0) qmod c1q   0.0000000000000000        0.0000000000000000        0.0000000000000000        0.0000000000000000     
 reduced to Born momenta
   44.787613095041543        0.0000000000000000        0.0000000000000000        44.787558642166871     
   44.787613095041543        0.0000000000000000        0.0000000000000000       -44.787558642166871     
   44.787613095041543        39.307998835362987        6.6471804288622627        20.411157315667374     
   44.787613095041543       -39.307998835362987       -6.6471804288622627       -20.411157315667374     
 >> Photon n.           1
 cm momentum    0.33026710448829338      -0.28921806061268385       -4.9497311582418331E-002 -0.15158921422262278     
 lab momentum   0.31562532993202352      -0.28921806061268385       -4.9497311582418331E-002 -0.11628533207696326     
 c_ph_up   -0.45898974545918181     
 c_ph_up lab  -0.36842838976836151     
 c_ph_lep -0.99999180742702043     
 c_ph_lep lab  -0.98185873311725658     
 isvec for ranlux 
     7388714     9617288     1398336     2389383     4357369    14684140     9486446     3033673    14925955     8440235    11812995     4941409    14160479     3700818    15230137      144881    12942425     3385948     9189929     1666383    14135389     4984438     2235879     8010321    -4160317
  
 ====== DUMPING at point            1
 propag    0.0000000000000000        0.0000000000000000        0.0000000000000000        0.0000000000000000     
 test props.    0.0000000000000000        0.0000000000000000     
 Var          0.72803194815051986     
 Var before   0.63458183293081760     
 iev, nphot and rad. pattern    0.0000000000000000                0               0           1           0           0
 partons...            1          -1
 x1 & x2   0.81725838994042099       0.99974879350848356     
 sv & ME   0.55456221017631879        25807.978163479715     
 plepton   =    45.195494502428595       -33.705804080874572        17.164518140291893        24.737009679847624     
 pneutrino =    45.195494502428609        33.705804080874572       -17.164518140291893       -24.737009679847624     
 pleptonlab   =    42.928101653321626       -33.705804080874572        17.164518140291893        20.300463939027036     
 pneutrinolab =    47.922257519123590        33.705804080874572       -17.164518140291893       -29.424984117430167     
 sqrt(s) =    90.390989004857204     
 sqrt_fs_cm =    90.390989004857204     
 phind channel           0
 bbb pw(0) qmod c1q   0.0000000000000000        0.0000000000000000        0.0000000000000000        0.0000000000000000     
 reduced to Born momenta
   45.195494502428602        0.0000000000000000        0.0000000000000000        45.195440540982162     
   45.195494502428602        0.0000000000000000        0.0000000000000000       -45.195440540982162     
   45.195494502428595       -33.705804080874572        17.164518140291893        24.737009679847624     
   45.195494502428609        33.705804080874572       -17.164518140291893       -24.737009679847624     
 isvec for ranlux 
     1457327    11843211      842130     1627129    13128769     2257102     8061877     9626046    13167356     9311311       68476    11689171     5193999    15602726    13809534     9598677    15490076    16534941     4561603     1137849      146632    16199119     3483777    15651896    -4100317
  
 ====== DUMPING at point            1
 propag    0.0000000000000000        0.0000000000000000        0.0000000000000000        0.0000000000000000     
 test props.    0.0000000000000000        0.0000000000000000     
 Var          0.76477099239712631     
 Var before   0.67648749036395495     
 iev, nphot and rad. pattern    0.0000000000000000                1               0           0           0           1
 partons...            1          -1
 x1 & x2   0.80183453632196722       0.99954320725763890     
 sv & ME   0.55413672411100412        3592141607.0747118     
 plepton   =    44.762313354429743       -6.3801967430393409       -38.242572710475692        22.370790221911676     
 pneutrino =    44.758073307064521        6.3801017425897868        38.238412564233791       -22.369444981732187     
 pleptonlab   =    42.564166539726124       -6.3801967430393409       -38.242572710475692        17.564049405935986     
 pneutrinolab =    47.500172243073131        6.3801017425897868        38.238412564233791       -27.447646634125054     
 sqrt(s) =    89.524759934065230     
 sqrt_fs_cm =    89.520386554672157     
 phind channel           0
 bbb pw(0) qmod c1q   0.0000000000000000        0.0000000000000000        0.0000000000000000        0.0000000000000000     
 reduced to Born momenta
   44.762379967032615        0.0000000000000000        0.0000000000000000        44.762325483462121     
   44.762379967032615        0.0000000000000000        0.0000000000000000       -44.762325483462121     
   44.762379967032608       -6.3804609357044937       -38.242360778353351        22.371210449319548     
   44.762379967032622        6.3804609357044937        38.242360778353351       -22.371210449319548     
 >> Photon n.           1
 cm momentum     4.3732725709641389E-003   9.5000449553727976E-005   4.1601462419027018E-003  -1.3452401794901562E-003
 lab momentum    4.5483961810767089E-003   9.5000449553727976E-005   4.1601462419027018E-003  -1.8363185945256351E-003
 c_ph_up   -0.30760492460994315     
 c_ph_up lab  -0.40372881372240899     
 c_ph_lep -0.96954212807791840     
 c_ph_lep lab  -0.99150772204079007     
 isvec for ranlux 
    14521119     3284366     3463762    11480123     3336141    13887286     8647963     5115281    11781391     9822864    14374850       23828     6429012     3846061     5815448    12970300     6645149    13960673    15889545     2643589     8059802     5945202    14697481       61957    -4221909
  
 ====== DUMPING at point            1
 propag    0.0000000000000000        0.0000000000000000        0.0000000000000000        0.0000000000000000     
 test props.    0.0000000000000000        0.0000000000000000     
 Var          0.80972117221961459     
 Var before   0.65606364341678591     
 iev, nphot and rad. pattern    0.0000000000000000                2               0           0           1           1
 partons...            1          -1
 x1 & x2   0.99949670989774231       0.86669789562228372     
 sv & ME   0.56230018918798486        273955376.08535552     
 plepton   =    42.045594103671185        17.456814830344708       -27.993161733459623        26.066517450220132     
 pneutrino =    46.394673117776286       -20.527919599369728        29.890882301164712       -28.941219777223903     
 pleptonlab   =    44.012068225466912        17.456814830344708       -27.993161733459623        29.132344532068057     
 pneutrinolab =    44.447889538267368       -20.527919599369728        29.890882301164712       -25.704929350112607     
 sqrt(s) =    93.073180624160969     
 sqrt_fs_cm =    88.319782183136837     
 phind channel           0
 bbb pw(0) qmod c1q   0.0000000000000000        0.0000000000000000        0.0000000000000000        0.0000000000000000     
 reduced to Born momenta
   46.536590312080492        0.0000000000000000        0.0000000000000000        46.536537905701842     
   46.536590312080477        0.0000000000000000        0.0000000000000000       -46.536537905701827     
   46.536590312080484        19.974733293560384       -30.475096765517350        28.946875153743957     
   46.536590312080484       -19.974733293560384        30.475096765517350       -28.946875153743957     
 >> Photon n.           1
 cm momentum     4.6237568662410267        3.0756004777009589       -1.9029427139312927        2.8807322484348452     
 lab momentum    4.8410228851216086        3.0756004777009589       -1.9029427139312927        3.2179175414128594     
 c_ph_up    0.62302848782288867     
 c_ph_up lab   0.66471851461450460     
 c_ph_lep  0.93643387834982628     
 c_ph_lep lab   0.94199944358894061     
 >> Photon n.           2
 cm momentum     9.1565364724694297E-003  -4.4957086759395077E-003   5.2221462262016785E-003  -6.0299214310729392E-003
 lab momentum    8.7496271453955041E-003  -4.4957086759395077E-003   5.2221462262016785E-003  -5.3920095953820125E-003
 c_ph_up   -0.65853736827269227     
 c_ph_up lab  -0.61625592791340378     
 c_ph_lep -0.99182679087679682     
 c_ph_lep lab  -0.99132391173201062     
 isvec for ranlux 
     9694957     1252334     7167226    16399770     5334141    13250981    11984409     2603513     3627080     4384046     3205779    13795264     8270940     7640603    12795748       19997    12743485    14635427     5286932    15315727    15130947     8180743    14720784    11532738    -4080923
  
 ====== DUMPING at point            1
 propag    0.0000000000000000        0.0000000000000000        0.0000000000000000        0.0000000000000000     
 test props.    0.0000000000000000        0.0000000000000000     
 Var          0.57668885021028449     
 Var before   0.49633475316351411     
 iev, nphot and rad. pattern    0.0000000000000000                3               0           0           1           2
 partons...            1          -1
 x1 & x2   0.99986062933080033       0.80301135696341408     
 sv & ME   0.55722940483956218        11918258874146.590     
 plepton   =    44.742928994603361        36.178353995773200       -6.0790718776939556        25.614256159158764     
 pneutrino =    41.730664655710015       -33.670837754100681        5.7405212532159000       -23.974117493544213     
 pleptonlab   =    47.825595577164748        36.178353995773200       -6.0790718776939556        30.683024881543293     
 pneutrinolab =    39.348266991410952       -33.670837754100681        5.7405212532159000       -19.534483668996693     
 sqrt(s) =    89.604656169934557     
 sqrt_fs_cm =    86.421004910435329     
 phind channel           0
 bbb pw(0) qmod c1q   0.0000000000000000        0.0000000000000000        0.0000000000000000        0.0000000000000000     
 reduced to Born momenta
   44.802328084967279        0.0000000000000000        0.0000000000000000        44.802273649977273     
   44.802328084967279        0.0000000000000000        0.0000000000000000       -44.802273649977273     
   44.802328084967279        36.188537351502433       -6.1244501562798943        25.692767713575275     
   44.802328084967279       -36.188537351502433        6.1244501562798943       -25.692767713575275     
 >> Photon n.           1
 cm momentum     1.3661252222264279E-002   1.0200344718188686E-002  -1.2239681551859190E-003   9.0047033191289344E-003
 lab momentum    1.4732525827342757E-002   1.0200344718188686E-002  -1.2239681551859190E-003   1.0559459590269398E-002
 c_ph_up    0.65914186874125757     
 c_ph_up lab   0.71674468546809689     
 c_ph_lep  0.99325687865492795     
 c_ph_lep lab   0.99415026022584907     
 >> Photon n.           2
 cm momentum     3.0701794117954941       -2.5392985497305975       0.35117305395515636       -1.6895685786983670     
 lab momentum    2.9030579053978931       -2.5392985497305975       0.35117305395515636       -1.3624924086412729     
 c_ph_up   -0.55031591059698948     
 c_ph_up lab  -0.46933008332623311     
 c_ph_lep -0.99935250072455117     
 c_ph_lep lab  -0.97815978813937887     
 >> Photon n.           3
 cm momentum     4.7221855603420994E-002   2.1581963339887728E-002  -1.1398461321914855E-002   4.0425209764686387E-002
 lab momentum    5.1946314909777781E-002   2.1581963339887728E-002  -1.1398461321914855E-002   4.5855354873715178E-002
 c_ph_up    0.85606991186847337     
 c_ph_up lab   0.88274509853795013     
 c_ph_lep  0.89242688663241976     
 c_ph_lep lab   0.90851380028596729     
 isvec for ranlux 
     8192674     9675355    12081709     9480863      986779    11942623     6473535     8765465     4090856     8723139     4116667     2833519      419117    11029292     2425882     3624875     8132952    13471903     1621808    10524330     7978715     5812058      446896     1435424     4221707
  
 ====== DUMPING at point            1
 propag    0.0000000000000000        0.0000000000000000        0.0000000000000000        0.0000000000000000     
 test props.    0.0000000000000000        0.0000000000000000     
 Var          0.35084508932899616     
 Var before   0.30507664815107949     
 iev, nphot and rad. pattern    3.0000000000000000                2               0           0           1           1
 partons...            1          -1
 x1 & x2   0.80398021574204426       0.99979609434147565     
 sv & ME   0.58429273000506543        3966342707296.6016     
 plepton   =    44.289804698516917       -29.524467386715418        16.276227501974859       -28.722219280132904     
 pneutrino =    44.809515688244979        29.875068366308103       -16.430845973581839        29.075576060062009     
 pleptonlab   =    47.689700711475211       -29.524467386715418        16.276227501974859       -33.729610642480687     
 pneutrinolab =    41.900736976852059        29.875068366308103       -16.430845973581839        24.355044368933427     
 sqrt(s) =    89.655801799254064     
 sqrt_fs_cm =    89.097795732836559     
 phind channel           0
 bbb pw(0) qmod c1q   0.0000000000000000        0.0000000000000000        0.0000000000000000        0.0000000000000000     
 reduced to Born momenta
   44.827900899627032        0.0000000000000000        0.0000000000000000        44.827846495690402     
   44.827900899627032        0.0000000000000000        0.0000000000000000       -44.827846495690402     
   44.827900899627039       -29.885259624642430        16.455730163900643       -29.079369616893725     
   44.827900899627025        29.885259624642430       -16.455730163900643        29.079369616893725     
 >> Photon n.           1
 cm momentum    0.53884523396000394      -0.36233431106651448       0.16081011765759454      -0.36497690234358171     
 lab momentum   0.58190575494248464      -0.36233431106651448       0.16081011765759454      -0.42599091623893581     
 c_ph_up   -0.67733159605281434     
 c_ph_up lab  -0.73206170006179194     
 c_ph_lep  0.99718310337970029     
 c_ph_lep lab   0.99757752101504338     
 >> Photon n.           2
 cm momentum     1.7636178532162389E-002   1.1733331473831042E-002  -6.1916460506131164E-003   1.1620122414477331E-002
 lab momentum    1.6472060906235729E-002   1.1733331473831042E-002  -6.1916460506131164E-003   9.7632598146250530E-003
 c_ph_up    0.65887983574707998     
 c_ph_up lab   0.59271634983628763     
 c_ph_lep -0.99981055719028267     
 c_ph_lep lab  -0.98849491236637577     
 isvec for ranlux 
    10876423     5508206     6552395     8586876     3831691     8121497     1468692    10309077    15186285     7188278     4503280     9877336     1366014     5981390     5726979     1082832     5970519     4651962    15890584    14102435     4569516     6677682    13119496    13736282     4202010
  
 ====== DUMPING at point            1
 propag    0.0000000000000000        0.0000000000000000        0.0000000000000000        0.0000000000000000     
 test props.    0.0000000000000000        0.0000000000000000     
 Var          0.34562437321925504     
 Var before   0.29677547691092138     
 iev, nphot and rad. pattern    5.0000000000000000                2               0           0           1           1
 partons...            1          -1
 x1 & x2   0.99985005286215844       0.84397454501042546     
 sv & ME   0.55540807161741956        94207649253.228790     
 plepton   =    44.740417206149125       0.21658685297652425       -42.458203315373382        14.104886722492695     
 pneutrino =    45.791993121093839      -0.16424623864748050        43.469562728116372       -14.396722186327109     
 pleptonlab   =    46.097856767751310       0.21658685297652425       -42.458203315373382        17.951470587508460     
 pneutrinolab =    44.735050030965631      -0.16424623864748050        43.469562728116372       -10.563317517758133     
 sqrt(s) =    91.861199286912750     
 sqrt_fs_cm =    90.526275546499107     
 phind channel           0
 bbb pw(0) qmod c1q   0.0000000000000000        0.0000000000000000        0.0000000000000000        0.0000000000000000     
 reduced to Born momenta
   45.930599643456375        0.0000000000000000        0.0000000000000000        45.930546545647324     
   45.930599643456375        0.0000000000000000        0.0000000000000000       -45.930546545647324     
   45.930599643456375       0.19337872900480110       -43.594462656376400        14.460091641652163     
   45.930599643456375      -0.19337872900480110        43.594462656376400       -14.460091641652163     
 >> Photon n.           1
 cm momentum     1.1912302019136900       -5.1355322693241195E-002  -1.1423064616979448       0.33395803979770478     
 lab momentum    1.2238439322183756       -5.1355322693241195E-002  -1.1423064616979448       0.43622534179243944     
 c_ph_up    0.28034719004035252     
 c_ph_up lab   0.35643870129888583     
 c_ph_lep  0.99819141787823862     
 c_ph_lep lab   0.99829144469771303     
 >> Photon n.           2
 cm momentum    0.13755875775609952       -9.8529163580255048E-004  0.13094704895495138       -4.2122575963291442E-002
 lab momentum   0.13447916269387872       -9.8529163580255048E-004  0.13094704895495138       -3.0603018956120831E-002
 c_ph_up   -0.30621515234949609     
 c_ph_up lab  -0.22756699508743916     
 c_ph_lep -0.99995205742404170     
 c_ph_lep lab  -0.98551005108662482     
 isvec for ranlux 
    13798336     8607402     7564242     6135960     8172408    11356951    12904116    12031075     5356482     9565784     5190119    11828940     9261313    15821424    16481898     3060787     3760646      711049     8167466     5757978    13465270     5714415     5077099     6269482     4100721
  
