 ====== DUMPING at point            1
 propag    0.0000000000000000        0.0000000000000000        0.0000000000000000        0.0000000000000000     
 test props.    0.0000000000000000        0.0000000000000000     
 Var           7.7696028079635481E-003
 Var before    0.0000000000000000     
 iev, nphot and rad. pattern    0.0000000000000000                0               0           1           0           0
 partons...            1          -1
 x1 & x2   0.94860534284548648       0.97665474754057513     
 sv & ME   0.58382940392738725        16649.877325020068     
 plepton   =    45.720074099027883       -20.059481195164530        36.488231747024621       -18.882271316909883     
 pneutrino =    45.720074099027883        20.059481195164530       -36.488231747024621        18.882271316909883     
 pleptonlab   =    46.000055006891863       -20.059481195164530        36.488231747024621       -19.550448974432154     
 pneutrinolab =    45.449799286446044        20.059481195164530       -36.488231747024621        18.218102251415441     
 sqrt(s) =    91.440148198055766     
 sqrt_fs_cm =    91.440148198055766     
 phind channel           0
 bbb pw(0) qmod c1q   0.0000000000000000        0.0000000000000000        0.0000000000000000        0.0000000000000000     
 reduced to Born momenta
   45.720074099027890        0.0000000000000000        0.0000000000000000        45.720020756721020     
   45.720074099027876        0.0000000000000000        0.0000000000000000       -45.720020756721006     
   45.720074099027883       -20.059481195164530        36.488231747024621       -18.882271316909883     
   45.720074099027883        20.059481195164530       -36.488231747024621        18.882271316909883     
 isvec for ranlux 
     9644655    14614328     8305202     5902523     6611641    14048799     7267313     8683348    14048746     9318201     4464668     5476536     8218591     7359978     7668616    13721940      957152    13197359    14184585     9294164    15939178     5902395     5267822    14659295     4211303
  
 ====== DUMPING at point            1
 propag    0.0000000000000000        0.0000000000000000        0.0000000000000000        0.0000000000000000     
 test props.    0.0000000000000000        0.0000000000000000     
 Var           1.0952668875386170E-002
 Var before    6.4543023340488314E-003
 iev, nphot and rad. pattern    0.0000000000000000                1               0           0           1           0
 partons...            1          -1
 x1 & x2   0.86630482338375681       0.96028050662055098     
 sv & ME   0.58090959051933067        438306472.35522890     
 plepton   =    43.317799774338440        26.604174655033162        14.137351551227061       -31.125131254979735     
 pneutrino =    43.323888116187653       -26.607646923663957       -14.140491799767158        31.129210312162318     
 pleptonlab   =    44.978719833169940        26.604174655033162        14.137351551227061       -33.398012757959656     
 pneutrinolab =    41.777655577086513       -26.607646923663957       -14.140491799767158        28.938572160225092     
 sqrt(s) =    86.647897280015954     
 sqrt_fs_cm =    86.641687668020523     
 phind channel           0
 bbb pw(0) qmod c1q   0.0000000000000000        0.0000000000000000        0.0000000000000000        0.0000000000000000     
 reduced to Born momenta
   43.323948640007977        0.0000000000000000        0.0000000000000000        43.323892347484765     
   43.323948640007977        0.0000000000000000        0.0000000000000000       -43.323892347484765     
   43.323948640007977        26.607817586001719        14.139934963236374       -31.129401610311820     
   43.323948640007977       -26.607817586001719       -14.139934963236374        31.129401610311820     
 >> Photon n.           1
 cm momentum     6.2093894898573986E-003   3.4722686307928552E-003   3.1402485400965630E-003  -4.0790571825833535E-003
 lab momentum    6.4277649481478813E-003   3.4722686307928552E-003   3.1402485400965630E-003  -4.4043560131615004E-003
 c_ph_up   -0.65691759056928334     
 c_ph_up lab  -0.68520800755643485     
 c_ph_lep  0.98050585936442447     
 c_ph_lep lab   0.98186354435908385     
 isvec for ranlux 
    13077225     6767474    12978143    11216133     7787453     7756591     1456377     6700084     7382700    12480500    14719702    13291644     7895789     6891298      102469     9060833    10785562     3405521     1113041     5184210    10069583      203884    13164889     3691341     4042414
  
 ====== DUMPING at point            1
 propag    0.0000000000000000        0.0000000000000000        0.0000000000000000        0.0000000000000000     
 test props.    0.0000000000000000        0.0000000000000000     
 Var           1.1768970752470033E-002
 Var before    1.0353627082244184E-002
 iev, nphot and rad. pattern    0.0000000000000000                1               0           0           0           1
 partons...            1          -1
 x1 & x2   0.93750142791948776       0.87602018393675352     
 sv & ME   0.57979297560553611        24842092207.486408     
 plepton   =    43.046379529565336        36.402472936104537       -22.011300745617739       -6.5834816422664746     
 pneutrino =    43.038861541704456       -36.396056731997660        22.007553894911457        6.5823297576401094     
 pleptonlab   =    42.847819056448905        36.402472936104537       -22.011300745617739       -5.1270886304865257     
 pneutrinolab =    43.286895239213813       -36.396056731997660        22.007553894911457        8.0460401243704656     
 sqrt(s) =    86.092759941101676     
 sqrt_fs_cm =    86.085240742912674     
 phind channel           0
 bbb pw(0) qmod c1q   0.0000000000000000        0.0000000000000000        0.0000000000000000        0.0000000000000000     
 reduced to Born momenta
   43.046379970550838        0.0000000000000000        0.0000000000000000        43.046323315045626     
   43.046379970550838        0.0000000000000000        0.0000000000000000       -43.046323315045626     
   43.046379970550838        36.402444041923573       -22.011349684644262       -6.5834806684994600     
   43.046379970550838       -36.402444041923573        22.011349684644262        6.5834806684994600     
 >> Photon n.           1
 cm momentum     7.5188698318809722E-003  -6.4162041068802104E-003   3.7468507062821165E-003   1.1518846263652060E-003
 lab momentum    7.5622675087205268E-003  -6.4162041068802104E-003   3.7468507062821165E-003   1.4075952959344774E-003
 c_ph_up    0.15319917116812787     
 c_ph_up lab   0.18613402584757688     
 c_ph_lep -0.99988573148733240     
 c_ph_lep lab  -0.99762344523460189     
 isvec for ranlux 
     2493042    15249886     2032167    12287672     2672740     1104457     9630857    11203193     9414693    13903049     1041894    12159642    14667289     9413416    16351989    16702048    13674632     3503371    11931980     1731313     7232330     5707229     4337415    14161190    -4131024
  
 ====== DUMPING at point            1
 propag    0.0000000000000000        0.0000000000000000        0.0000000000000000        0.0000000000000000     
 test props.    0.0000000000000000        0.0000000000000000     
 Var           1.1816229604543369E-004
 Var before    1.0431789366548219E-004
 iev, nphot and rad. pattern    0.0000000000000000                4               1           0           2           1
 partons...            1          -1
 x1 & x2   0.99681807653716104       0.90581724801670771     
 sv & ME   0.66370217283693234        345.36791246466606     
 plepton   =    32.640732522172513       -21.309302838967596        13.591022689122443        20.654393495657725     
 pneutrino =    25.094602282268426        9.9716766461535364       -23.003986125175658       -1.0536542274606571     
 pleptonlab   =    33.667138550091401       -21.309302838967596        13.591022689122443        22.241015472331924     
 pneutrinolab =    25.072902001237537        9.9716766461535364       -23.003986125175658       0.14675929093388129     
 sqrt(s) =    90.271747722813842     
 sqrt_fs_cm =    52.268865080318974     
 phind channel           0
 bbb pw(0) qmod c1q   0.0000000000000000        0.0000000000000000        0.0000000000000000        0.0000000000000000     
 reduced to Born momenta
   26.138360553561999        0.0000000000000000        0.0000000000000000        26.138267249425809     
   26.138360553562006        0.0000000000000000        0.0000000000000000       -26.138267249425816     
   26.138360553561999       -15.253909660053033        18.623160990543642        10.183262912238508     
   26.138360553562006        15.253909660053033       -18.623160990543642       -10.183262912238508     
 >> Photon n.           1
 cm momentum     7.9356919771362850E-003   5.1344272442344118E-003  -5.3514304055800252E-003   2.8240142782716654E-003
 lab momentum    8.0800084808206780E-003   5.1344272442344118E-003  -5.3514304055800252E-003   3.2072397069803056E-003
 c_ph_up    0.35586238558754574     
 c_ph_up lab   0.39693519067377880     
 c_ph_lep -0.47800005264000972     
 c_ph_lep lab  -0.40734640751452289     
 >> Photon n.           2
 cm momentum     5.9522559844198524       0.77714709134986593        3.9032939264110320       -4.4260242008501427     
 lab momentum    5.7471417457792118       0.77714709134986593        3.9032939264110320       -4.1460797349456913     
 c_ph_up   -0.74358767708165585     
 c_ph_up lab  -0.72141595219756594     
 c_ph_lep -0.28271641249687862     
 c_ph_lep lab  -0.28799450584163849     
 >> Photon n.           3
 cm momentum     8.1097899919240515       -4.6443641229864099        4.6778954246846043       -4.7239676122876872     
 lab momentum    7.8928811665117005       -4.6443641229864099        4.6778954246846043       -4.3410539500801679     
 c_ph_up   -0.58250184246348458     
 c_ph_up lab  -0.54999611149583782     
 c_ph_lep  0.24545852107972604     
 c_ph_lep lab   0.24835826447235326     
 >> Photon n.           4
 cm momentum     18.466431250051858        15.199708797206371       0.83712551536315805       -10.453571469337506     
 lab momentum    17.987034444208081        15.199708797206371       0.83712551536315805       -9.5813089632253909     
 c_ph_up   -0.56608509396249207     
 c_ph_up lab  -0.53267863543290328     
 c_ph_lep -0.87669162519426658     
 c_ph_lep lab  -0.86797020337712516     
 isvec for ranlux 
    12306807    12405020     8850295    15057119     5966908    13452264    13207417       26955      735016     8266435     9187451     6041209     1355408     5741785     8716690     6989145     3699355     9743683     4158782     8169545     8638812     9960282    14457376     5233554     4090519
  
