 ====== DUMPING at point            1
 propag    0.0000000000000000        0.0000000000000000        0.0000000000000000        0.0000000000000000     
 test props.    0.0000000000000000        0.0000000000000000     
 Var           2.4056831715389064     
 Var before    0.0000000000000000     
 iev, nphot and rad. pattern    0.0000000000000000                1               0           0           0           1
 partons...            1          -1
 x1 & x2   0.89845594344558843       0.93597101740453503     
 sv & ME    1.0000000000000000        742.50961730482095     
 plepton   =    45.581851832083991        37.283693344139806       -17.678544615609333       -19.367222920301327     
 pneutrino =    40.490999729236876       -32.314993492608721        17.765234796276665        16.722664966667544     
 pleptonlab   =    45.987540140632831        37.283693344139806       -17.678544615609333       -20.303643894358022     
 pneutrinolab =    40.157410035799948       -32.314993492608721        17.765234796276665        15.897925817467991     
 sqrt(s) =    91.702165922071813     
 sqrt_fs_cm =    85.888570809654411     
 phind channel           0
 bbb pw(0) qmod c1q   0.0000000000000000        0.0000000000000000        0.0000000000000000        0.0000000000000000     
 reduced to Born momenta
   45.851082961035907        0.0000000000000000        0.0000000000000000        45.851029771142514     
   45.851082961035907        0.0000000000000000        0.0000000000000000       -45.851029771142514     
   45.851082961035907        37.076316273069700       -18.922819793921171       -19.224575617537592     
   45.851082961035907       -37.076316273069700        18.922819793921171        19.224575617537592     
 >> Photon n.           1
 cm momentum     5.6293143607509446       -4.9686998515310812       -8.6690180667332806E-002   2.6445579536337820     
 lab momentum    5.5763978660734104       -4.9686998515310812       -8.6690180667332806E-002   2.5299643789427071     
 c_ph_up    0.46978331359007647     
 c_ph_up lab   0.45369151192294094     
 c_ph_lep -0.91559730626833724     
 c_ph_lep lab  -0.91671588844523166     
 isvec for ranlux 
     9644655    14614328     8305202     1457455     6611641    14048799     7267313     8683348    14048746     9318201     4464668     5476536     8218591     7359978     7668616    13721940      957152    13197359    14184585     9294164    15939178     5902395     5267822    14659295     4201404
  
 ====== DUMPING at point            1
 propag    0.0000000000000000        0.0000000000000000        0.0000000000000000        0.0000000000000000     
 test props.    0.0000000000000000        0.0000000000000000     
 Var           1.8248806944593710     
 Var before    1.2548251807718920     
 iev, nphot and rad. pattern    0.0000000000000000                0               0           0           1           0
 partons...            1          -1
 x1 & x2   0.94932177619108371       0.79170579406072572     
 sv & ME   0.70123529300823628        1316.9247926719331     
 plepton   =    43.346959254326599        31.591513837988845        29.648601345471128        1.3727361677574250     
 pneutrino =    43.346959254326613       -31.591513837988845       -29.648601345471128       -1.3727361677574250     
 pleptonlab   =    43.650476071223508        31.591513837988845        29.648601345471128        5.3187958444064858     
 pneutrinolab =    43.400902441366952       -31.591513837988845       -29.648601345471128        2.5620032621114115     
 sqrt(s) =    86.693918508653212     
 sqrt_fs_cm =    86.693918508653212     
 phind channel           0
 bbb pw(0) qmod c1q   0.0000000000000000        0.0000000000000000        0.0000000000000000        0.0000000000000000     
 reduced to Born momenta
   43.346959254326606        0.0000000000000000        0.0000000000000000        43.346902991686164     
   43.346959254326606        0.0000000000000000        0.0000000000000000       -43.346902991686164     
   43.346959254326599        31.591513837988845        29.648601345471128        1.3727361677574250     
   43.346959254326613       -31.591513837988845       -29.648601345471128       -1.3727361677574250     
 isvec for ranlux 
     6252439      346129     5312835     8261683     9079631     4152189    11690151     3251140     4683020     2530188    16021290    11618951     3342516     5282467     2561248    15711547    15779543    10985280     8292142     1596633    16558285    12472361     3784938     8334133     4140519
  
 ====== DUMPING at point            1
 propag    0.0000000000000000        0.0000000000000000        0.0000000000000000        0.0000000000000000     
 test props.    0.0000000000000000        0.0000000000000000     
 Var           1.7970831516399552     
 Var before    1.3848439420840437     
 iev, nphot and rad. pattern    0.0000000000000000                0               0           0           1           0
 partons...            1          -1
 x1 & x2   0.90832112727927738       0.92136014786857534     
 sv & ME   0.67646015739085197        18404.525229144521     
 plepton   =    45.740870349780906       -43.614152077332385       -7.5183827687607971        11.554034610547165     
 pneutrino =    45.740870349780892        43.614152077332385        7.5183827687607971       -11.554034610547165     
 pleptonlab   =    45.659691242180052       -43.614152077332385       -7.5183827687607971        11.228352495244753     
 pneutrinolab =    45.824372515212595        43.614152077332385        7.5183827687607971       -11.880303524709650     
 sqrt(s) =    91.481740699561797     
 sqrt_fs_cm =    91.481740699561797     
 phind channel           0
 bbb pw(0) qmod c1q   0.0000000000000000        0.0000000000000000        0.0000000000000000        0.0000000000000000     
 reduced to Born momenta
   45.740870349780899        0.0000000000000000        0.0000000000000000        45.740817031726330     
   45.740870349780899        0.0000000000000000        0.0000000000000000       -45.740817031726330     
   45.740870349780906       -43.614152077332385       -7.5183827687607971        11.554034610547165     
   45.740870349780892        43.614152077332385        7.5183827687607971       -11.554034610547165     
 isvec for ranlux 
     8965487     2126720     7254733    12923904     5337694    14130607     1878020     8597149     6833174     1891112    11634831     6803766      471344     6208649      964748     8738368    12913065     1505022     4123979     3215547    11907780     4934906    11898556     4780317     4221101
  
 ====== DUMPING at point            1
 propag    0.0000000000000000        0.0000000000000000        0.0000000000000000        0.0000000000000000     
 test props.    0.0000000000000000        0.0000000000000000     
 Var           1.9186885925210624     
 Var before    1.6672296143286047     
 iev, nphot and rad. pattern    0.0000000000000000                0               0           0           0           1
 partons...            1          -1
 x1 & x2   0.80412153715445789       0.96258652413292267     
 sv & ME   0.69766575237890172        2538.2500476163023     
 plepton   =    43.989673658426142       -10.221084316356862        42.735278868260465        2.0749940562075673     
 pneutrino =    43.989673658426142        10.221084316356862       -42.735278868260465       -2.0749940562075673     
 pleptonlab   =    43.980831592746846       -10.221084316356862        42.735278868260465       -1.8782330387958326     
 pneutrinolab =    44.354571471622187        10.221084316356862       -42.735278868260465       -6.0450163101274121     
 sqrt(s) =    87.979347316852284     
 sqrt_fs_cm =    87.979347316852284     
 phind channel           0
 bbb pw(0) qmod c1q   0.0000000000000000        0.0000000000000000        0.0000000000000000        0.0000000000000000     
 reduced to Born momenta
   43.989673658426142        0.0000000000000000        0.0000000000000000        43.989618217816243     
   43.989673658426142        0.0000000000000000        0.0000000000000000       -43.989618217816243     
   43.989673658426142       -10.221084316356862        42.735278868260465        2.0749940562075673     
   43.989673658426142        10.221084316356862       -42.735278868260465       -2.0749940562075673     
 isvec for ranlux 
    15326067    13686972    12635121    13902960    13679249    15597591     9630857    11203193     9414693    13903049     1041894    12159642    14667289     9413416    16351989    16702048    13674632     3503371    11931980     1731313     7232330     5707229     4337415    14161190     4071606
  
 ====== DUMPING at point            1
 propag    0.0000000000000000        0.0000000000000000        0.0000000000000000        0.0000000000000000     
 test props.    0.0000000000000000        0.0000000000000000     
 Var           2.4785080531309505     
 Var before    1.6585772415827267     
 iev, nphot and rad. pattern    0.0000000000000000                0               0           1           0           0
 partons...            1          -1
 x1 & x2   0.88532039283282982       0.97849095712804790     
 sv & ME   0.67003045656750304        8273.7262607978373     
 plepton   =    46.537028228819445        27.899624265188940       -24.207948518909681        28.306713462455665     
 pneutrino =    46.537028228819430       -27.899624265188940        24.207948518909681       -28.306713462455665     
 pleptonlab   =    45.178480524247711        27.899624265188940       -24.207948518909681        26.012883983815801     
 pneutrinolab =    48.012086973796166       -27.899624265188940        24.207948518909681       -30.671412198576707     
 sqrt(s) =    93.074056457638875     
 sqrt_fs_cm =    93.074056457638875     
 phind channel           0
 bbb pw(0) qmod c1q   0.0000000000000000        0.0000000000000000        0.0000000000000000        0.0000000000000000     
 reduced to Born momenta
   46.537028228819437        0.0000000000000000        0.0000000000000000        46.536975822933933     
   46.537028228819437        0.0000000000000000        0.0000000000000000       -46.536975822933933     
   46.537028228819445        27.899624265188940       -24.207948518909681        28.306713462455665     
   46.537028228819430       -27.899624265188940        24.207948518909681       -28.306713462455665     
 isvec for ranlux 
     4925990     5576093    15184408    11784099    11845403    13164298      418628     8394559    12727338     1012832     9828754     3599171     1962348     6110377     1170785     8157080     6470367    12307127     8788506     3545955     7555912     3534851     9276842     7912478     4132414
  
 ====== DUMPING at point            1
 propag    0.0000000000000000        0.0000000000000000        0.0000000000000000        0.0000000000000000     
 test props.    0.0000000000000000        0.0000000000000000     
 Var           11.146417939281777     
 Var before    1.6218029644275542     
 iev, nphot and rad. pattern    0.0000000000000000                0               0           0           0           1
 partons...            1          -1
 x1 & x2   0.99814039847336244       0.83749266201657613     
 sv & ME   0.66928382619268745        32072.071620384195     
 plepton   =    45.714747603583646       -4.7348343192166924        27.324761860639718        36.342340568499232     
 pneutrino =    45.714747603583632        4.7348343192166924       -27.324761860639718       -36.342340568499232     
 pleptonlab   =    49.083622631620116       -4.7348343192166924        27.324761860639718        40.498513308277367     
 pneutrinolab =    42.698030392876817        4.7348343192166924       -27.324761860639718       -32.466126485438053     
 sqrt(s) =    91.429495207167278     
 sqrt_fs_cm =    91.429495207167278     
 phind channel           0
 bbb pw(0) qmod c1q   0.0000000000000000        0.0000000000000000        0.0000000000000000        0.0000000000000000     
 reduced to Born momenta
   45.714747603583639        0.0000000000000000        0.0000000000000000        45.714694255061531     
   45.714747603583639        0.0000000000000000        0.0000000000000000       -45.714694255061531     
   45.714747603583646       -4.7348343192166924        27.324761860639718        36.342340568499232     
   45.714747603583632        4.7348343192166924       -27.324761860639718       -36.342340568499232     
 isvec for ranlux 
      128384    11388086    10466586    16512364     6221064    10759867     4294357     4958074     2428245      140484    15658108     6187047     6125357     5290921     3091457    10559473     4129276    15535479    13747368    10865395     4704666    11572707     3324263     2372157     4192111
  
 ====== DUMPING at point            1
 propag    0.0000000000000000        0.0000000000000000        0.0000000000000000        0.0000000000000000     
 test props.    0.0000000000000000        0.0000000000000000     
 Var           5.8952360543059825     
 Var before    3.6204394174107191     
 iev, nphot and rad. pattern    0.0000000000000000                1               1           0           0           0
 partons...            1          -1
 x1 & x2   0.99986480989156679       0.86428062092406632     
 sv & ME    1.0000000000000000        152.92570708499420     
 plepton   =    44.460273044219043       -37.551328292599763        10.840989596691456       -21.191399281332664     
 pneutrino =    45.065586350968388        39.639257010767167       -8.5991267697118072        19.638743134373268     
 pleptonlab   =    43.032940769561996       -37.551328292599763        10.840989596691456       -18.005374631231277     
 pneutrinolab =    46.617431089305285        39.639257010767167       -8.5991267697118072        22.977337533043976     
 sqrt(s) =    92.960409784660868     
 sqrt_fs_cm =    89.459953968628000     
 phind channel           0
 bbb pw(0) qmod c1q   0.0000000000000000        0.0000000000000000        0.0000000000000000        0.0000000000000000     
 reduced to Born momenta
   44.729976984314000        0.0000000000000000        0.0000000000000000        44.729922461274846     
   44.729976984314000        0.0000000000000000        0.0000000000000000       -44.729922461274846     
   44.729976984314000       -38.591762061708494        9.7238490685672776       -20.417696676902438     
   44.729976984314000        38.591762061708494       -9.7238490685672776        20.417696676902438     
 >> Photon n.           1
 cm momentum     3.4345503894734386       -2.0879287181674018       -2.2418628269796490        1.5526561469593954     
 lab momentum    3.5568996819144050       -2.0879287181674018       -2.2418628269796490        1.8072465465623222     
 c_ph_up    0.45206969497903859     
 c_ph_up lab   0.50809601287085515     
 c_ph_lep  0.13881757150750962     
 c_ph_lep lab   0.14085885438875514     
 isvec for ranlux 
     6248706     2443650     5424569     7840856     8854079     5077390    15263352    16554528     1529883     2696089     2519233     5653265    15789071      882553     5947087     9218297     5428618    10255587     4747224    14768239    10404210    13291405    15495887    10569314     4080721
  
 ====== DUMPING at point            1
 propag    0.0000000000000000        0.0000000000000000        0.0000000000000000        0.0000000000000000     
 test props.    0.0000000000000000        0.0000000000000000     
 Var           2.5954678302408465     
 Var before    2.1479794484922081     
 iev, nphot and rad. pattern    0.0000000000000000                0               0           1           0           0
 partons...            1          -1
 x1 & x2   0.82714907631484824       0.99920140228224741     
 sv & ME   0.76319404736425356        20437.058360743846     
 plepton   =    45.455706928565689        9.1299577442701612       -32.075525038797025       -30.887128286027721     
 pneutrino =    45.455706928565689       -9.1299577442701612        32.075525038797025        30.887128286027721     
 pleptonlab   =    48.581498527146003        9.1299577442701612       -32.075525038797025       -35.326412222655279     
 pneutrinolab =    42.736025402708776       -9.1299577442701612        32.075525038797025        26.723795924285316     
 sqrt(s) =    90.911413857131379     
 sqrt_fs_cm =    90.911413857131379     
 phind channel           0
 bbb pw(0) qmod c1q   0.0000000000000000        0.0000000000000000        0.0000000000000000        0.0000000000000000     
 reduced to Born momenta
   45.455706928565689        0.0000000000000000        0.0000000000000000        45.455653276023376     
   45.455706928565689        0.0000000000000000        0.0000000000000000       -45.455653276023376     
   45.455706928565689        9.1299577442701612       -32.075525038797025       -30.887128286027721     
   45.455706928565689       -9.1299577442701612        32.075525038797025        30.887128286027721     
 isvec for ranlux 
    14902313     9928972     4799160     2701921    12896674      994906     4989402     1593852     3619565    10431950     8726416    10407135     5333250    10378542     9914156    14939389     3289939    14228418    14454888     1597759     1973254     3860146     2875092     2125098     4191303
  
 ====== DUMPING at point            1
 propag    0.0000000000000000        0.0000000000000000        0.0000000000000000        0.0000000000000000     
 test props.    0.0000000000000000        0.0000000000000000     
 Var           1.3339768822522953     
 Var before    1.1119288964545899     
 iev, nphot and rad. pattern    0.0000000000000000                1               0           0           1           0
 partons...            1          -1
 x1 & x2   0.99950508782543768       0.82393666607807814     
 sv & ME    1.0000000000000000        2595375.4617677899     
 plepton   =    45.195067274354322        9.5863990630317861        40.166436848315840        18.366851830308413     
 pneutrino =    45.370163220087584       -9.5785665677795571       -40.342809788107786       -18.416006837343694     
 pleptonlab   =    47.182718705240625        9.5863990630317861        40.166436848315840        22.824462417348510     
 pneutrinolab =    43.800496580349815       -9.5785665677795571       -40.342809788107786       -14.113153364891122     
 sqrt(s) =    90.748492537946191     
 sqrt_fs_cm =    90.565045075541150     
 phind channel           0
 bbb pw(0) qmod c1q   0.0000000000000000        0.0000000000000000        0.0000000000000000        0.0000000000000000     
 reduced to Born momenta
   45.374246268973096        0.0000000000000000        0.0000000000000000        45.374192520107940     
   45.374246268973096        0.0000000000000000        0.0000000000000000       -45.374192520107940     
   45.374246268973096        9.6018968759757453        40.336077619683046        18.428659186928996     
   45.374246268973096       -9.6018968759757453       -40.336077619683046       -18.428659186928996     
 >> Photon n.           1
 cm momentum    0.18326204350428851       -7.8324952522290762E-003  0.17637293979194521        4.9155007035279766E-002
 lab momentum   0.18887240958533105       -7.8324952522290762E-003  0.17637293979194521        6.7112034910586038E-002
 c_ph_up    0.26822251948821851     
 c_ph_up lab   0.35533000853819974     
 c_ph_lep  0.95526627185992186     
 c_ph_lep lab   0.95842354894939807     
 isvec for ranlux 
    16299211     3254293    16131975     5266621    16545363    14473301     5355798     5599353    11050532    14547556    11682091     8225026    12673044    12120042     6959192    14507471     7976243    13182463     2472364    15582834    14772810    14376851    13178594     7905684     4032111
  
 ====== DUMPING at point            1
 propag    0.0000000000000000        0.0000000000000000        0.0000000000000000        0.0000000000000000     
 test props.    0.0000000000000000        0.0000000000000000     
 Var           2.1368755103380059     
 Var before    1.2966603164120294     
 iev, nphot and rad. pattern    0.0000000000000000                1               0           0           0           1
 partons...            1          -1
 x1 & x2   0.99986279888701535       0.81804624900048750     
 sv & ME    1.0000000000000000        209654994882.58841     
 plepton   =    45.219852010301345      -0.67800663689855256       -31.098260920443906        32.821674650547585     
 pneutrino =    45.174500243578208       0.67737312848058351        31.067162309826482       -32.788670302793449     
 pleptonlab   =    48.746898500911946      -0.67800663689855256       -31.098260920443906        37.532484922944477     
 pneutrinolab =    42.106290799487248       0.67737312848058351        31.067162309826482       -28.413045469629367     
 sqrt(s) =    90.439704341879178     
 sqrt_fs_cm =    90.394340876996139     
 phind channel           0
 bbb pw(0) qmod c1q   0.0000000000000000        0.0000000000000000        0.0000000000000000        0.0000000000000000     
 reduced to Born momenta
   45.219852170939589        0.0000000000000000        0.0000000000000000        45.219798238559505     
   45.219852170939589        0.0000000000000000        0.0000000000000000       -45.219798238559505     
   45.219852170939589      -0.67802989670565694       -31.098306335067537        32.821631361339016     
   45.219852170939589       0.67802989670565694        31.098306335067537       -32.821631361339016     
 >> Photon n.           1
 cm momentum     4.5352087999623543E-002   6.3350841796903944E-004   3.1098610617421633E-002  -3.3004347754136132E-002
 lab momentum    4.2263093975968925E-002   6.3350841796903944E-004   3.1098610617421633E-002  -2.8611958988715432E-002
 c_ph_up   -0.72773601414801659     
 c_ph_up lab  -0.67699631751959244     
 c_ph_lep -0.99999565277469371     
 c_ph_lep lab  -0.99088930426520305     
 isvec for ranlux 
    14376841     9367055    11411008     3416353     1394422    12230973     5252183    16075032     6397709     9393473    12531793     9363946    15390017     9736584    16117207    13485524     9250666     8140315     3126542     1982896     8250996    15449780     6880094     7144020    -4021707
  
 ====== DUMPING at point            1
 propag    0.0000000000000000        0.0000000000000000        0.0000000000000000        0.0000000000000000     
 test props.    0.0000000000000000        0.0000000000000000     
 Var          0.73125955509383134     
 Var before   0.59917569379538449     
 iev, nphot and rad. pattern    0.0000000000000000                1               0           0           1           0
 partons...            1          -1
 x1 & x2   0.76673313714818914       0.99988389159802493     
 sv & ME    1.0000000000000000        1272167.0975107555     
 plepton   =    41.889230797628620        41.833013476822551       -2.1453094670472441      -0.30516202927421737     
 pneutrino =    43.779038296759218       -43.721151355351751        2.2278660572980784       0.30094433173946311     
 pleptonlab   =    42.299501334967900        41.833013476822551       -2.1453094670472441       -5.8850046927817719     
 pneutrinolab =    44.125287715778022       -43.721151355351751        2.2278660572980784       -5.5251596630221060     
 sqrt(s) =    87.558215661860871     
 sqrt_fs_cm =    85.647419293289531     
 phind channel           0
 bbb pw(0) qmod c1q   0.0000000000000000        0.0000000000000000        0.0000000000000000        0.0000000000000000     
 reduced to Born momenta
   43.779107830930435        0.0000000000000000        0.0000000000000000        43.779052123665657     
   43.779107830930435        0.0000000000000000        0.0000000000000000       -43.779052123665657     
   43.779107830930435        43.720799592778043       -2.2349053857239687      -0.30983812833116836     
   43.779107830930435       -43.720799592778043        2.2349053857239687       0.30983812833116836     
 >> Photon n.           1
 cm momentum     1.8899465674730291        1.8881378785291996       -8.2556590250834436E-002   4.2176975347542568E-003
 lab momentum    1.9060623865648005        1.8881378785291996       -8.2556590250834436E-002 -0.24737336668791240     
 c_ph_up     2.2316490885737417E-003
 c_ph_up lab  -0.12978240818955611     
 c_ph_lep  0.99992627784081412     
 c_ph_lep lab   0.99992760624791821     
 isvec for ranlux 
    16575667    16622680     6248223    14956727    13110558     1205945    11242040     6890570    14658205      621134     7421034    11519576    13204167     8090949    16466493    11015029     5120304      201156    13109540    13654731     2695017     9785481     4861148      143676    -4200721
  
 ====== DUMPING at point            1
 propag    0.0000000000000000        0.0000000000000000        0.0000000000000000        0.0000000000000000     
 test props.    0.0000000000000000        0.0000000000000000     
 Var          0.85098258574201624     
 Var before   0.72821157868780395     
 iev, nphot and rad. pattern    0.0000000000000000                0               0           1           0           0
 partons...            1          -1
 x1 & x2   0.87073962597039389       0.99983677226072942     
 sv & ME   0.67593014259487083        8471.4747656962572     
 plepton   =    46.652907120289782        18.460920849693938       -22.806518625629192        36.270369292896390     
 pneutrino =    46.652907120289754       -18.460920849693938        22.806518625629192       -36.270369292896390     
 pleptonlab   =    44.255240935219291        18.460920849693938       -22.806518625629192        33.129628674390624     
 pneutrinolab =    49.273578976336886       -18.460920849693938        22.806518625629192       -39.584485988907403     
 sqrt(s) =    93.305814240579537     
 sqrt_fs_cm =    93.305814240579537     
 phind channel           0
 bbb pw(0) qmod c1q   0.0000000000000000        0.0000000000000000        0.0000000000000000        0.0000000000000000     
 reduced to Born momenta
   46.652907120289768        0.0000000000000000        0.0000000000000000        46.652854844572843     
   46.652907120289768        0.0000000000000000        0.0000000000000000       -46.652854844572843     
   46.652907120289782        18.460920849693938       -22.806518625629192        36.270369292896390     
   46.652907120289754       -18.460920849693938        22.806518625629192       -36.270369292896390     
 isvec for ranlux 
    13452352     7685781    12040999      377492     2027616    10867852     4039603    13333254    16608482     8283248     4576519     7678115     1422877    16276106    10765401     9788787     9530970    13032368     3894472      306732    14245216    14571762    11462555    11912083     4051404
  
 ====== DUMPING at point            1
 propag    0.0000000000000000        0.0000000000000000        0.0000000000000000        0.0000000000000000     
 test props.    0.0000000000000000        0.0000000000000000     
 Var          0.82332853826810370     
 Var before   0.73463542452965203     
 iev, nphot and rad. pattern    0.0000000000000000                1               0           0           1           0
 partons...            1          -1
 x1 & x2   0.82267774420612283       0.99987493115517234     
 sv & ME    1.0000000000000000        1172933.0854425640     
 plepton   =    45.004571482369606       -26.198885570900941       -2.5680909848704294       -36.502377924684758     
 pneutrino =    45.342013908478336        26.469000113159669        2.5830890262842137        36.723381457553970     
 pleptonlab   =    48.784624625902310       -26.198885570900941       -2.5680909848704294       -41.072518059342208     
 pneutrinolab =    41.970430000510625        26.469000113159669        2.5830890262842137        32.468839135825874     
 sqrt(s) =    90.695912413459368     
 sqrt_fs_cm =    90.345910048087134     
 phind channel           0
 bbb pw(0) qmod c1q   0.0000000000000000        0.0000000000000000        0.0000000000000000        0.0000000000000000     
 reduced to Born momenta
   45.347956206729691        0.0000000000000000        0.0000000000000000        45.347902426704081     
   45.347956206729677        0.0000000000000000        0.0000000000000000       -45.347902426704067     
   45.347956206729684       -26.435708570963630       -2.5855539029490706       -36.754512536585629     
   45.347956206729684        26.435708570963630        2.5855539029490706        36.754512536585629     
 >> Photon n.           1
 cm momentum    0.34932702261142828      -0.27011454225872777       -1.4998041413784394E-002 -0.22100353286921384     
 lab momentum   0.37257914165180561      -0.27011454225872777       -1.4998041413784394E-002 -0.25618042393614815     
 c_ph_up   -0.63265512990400885     
 c_ph_up lab  -0.68758659650239340     
 c_ph_lep  0.96572167211864357     
 c_ph_lep lab   0.97035118641928597     
 isvec for ranlux 
    16281071     6216508     5788901     5598226     2151985    11312847     4878172    15215368      933416    10490822     4859569     3569103     7793955     9042226    15803846    11186175     1469788    15694173    11573162    10117844     1302401    12204826     4381916     1083041    -4200822
  
 ====== DUMPING at point            1
 propag    0.0000000000000000        0.0000000000000000        0.0000000000000000        0.0000000000000000     
 test props.    0.0000000000000000        0.0000000000000000     
 Var          0.61925107145929137     
 Var before   0.54137492668009457     
 iev, nphot and rad. pattern    0.0000000000000000                0               0           0           1           0
 partons...            1          -1
 x1 & x2   0.85014548357074093       0.99987865995830105     
 sv & ME   0.67880580781596933        10934.194020149103     
 plepton   =    46.098870020921176        31.338019549054636        32.165266715317173        10.412434940488021     
 pneutrino =    46.098870020921176       -31.338019549054636       -32.165266715317173       -10.412434940488021     
 pleptonlab   =    45.405091020965436        31.338019549054636        32.165266715317173        6.7033778653949208     
 pneutrinolab =    47.096116155486648       -31.338019549054636       -32.165266715317173       -14.190036684772927     
 sqrt(s) =    92.197740041842351     
 sqrt_fs_cm =    92.197740041842351     
 phind channel           0
 bbb pw(0) qmod c1q   0.0000000000000000        0.0000000000000000        0.0000000000000000        0.0000000000000000     
 reduced to Born momenta
   46.098870020921176        0.0000000000000000        0.0000000000000000        46.098817116930292     
   46.098870020921176        0.0000000000000000        0.0000000000000000       -46.098817116930292     
   46.098870020921176        31.338019549054636        32.165266715317173        10.412434940488021     
   46.098870020921176       -31.338019549054636       -32.165266715317173       -10.412434940488021     
 isvec for ranlux 
      589876    16710617     5688859    14464672     6555815    10676443     8690630    14425228     3486349    14953393     3964495     2454096     6889208    10385107     6558022     6916769    16140560    10878330     7171221     6209201     3307280     2406960     2255942    12891023    -4131909
  
