 ====== DUMPING at point            1
 propag    0.0000000000000000        0.0000000000000000        0.0000000000000000        0.0000000000000000     
 test props.    0.0000000000000000        0.0000000000000000     
 Var           1.7025609275510540     
 Var before    0.0000000000000000     
 iev, nphot and rad. pattern    0.0000000000000000                0               0           1           0           0
 partons...            1          -1
 x1 & x2   0.94693539778351188       0.97588642440755047     
 sv & ME   0.57742513341209745        988.37527038866915     
 plepton   =    48.065096470513126       -21.088354795801298        38.359754645008636       -19.850764484256235     
 pneutrino =    48.065096470513112        21.088354795801298       -38.359754645008636        19.850764484256235     
 pleptonlab   =    48.369463092289365       -21.088354795801298        38.359754645008636       -20.576790608013148     
 pneutrinolab =    47.771628017263772        21.088354795801298       -38.359754645008636        19.129239276811219     
 sqrt(s) =    96.130192941026237     
 sqrt_fs_cm =    96.130192941026237     
 phind channel           0
 bbb pw(0) qmod c1q   0.0000000000000000        0.0000000000000000        0.0000000000000000        0.0000000000000000     
 reduced to Born momenta
   48.065096470513119        0.0000000000000000        0.0000000000000000        48.065045730698444     
   48.065096470513119        0.0000000000000000        0.0000000000000000       -48.065045730698444     
   48.065096470513126       -21.088354795801298        38.359754645008636       -19.850764484256235     
   48.065096470513112        21.088354795801298       -38.359754645008636        19.850764484256235     
 isvec for ranlux 
     9644655    14614328     8305202     5902523     6611641    14048799     7267313     8683348    14048746     9318201     4464668     5476536     8218591     7359978     7668616    13721940      957152    13197359    14184585     9294164    15939178     5902395     5267822    14659295     4211303
  
 ====== DUMPING at point            1
 propag    0.0000000000000000        0.0000000000000000        0.0000000000000000        0.0000000000000000     
 test props.    0.0000000000000000        0.0000000000000000     
 Var           2.9804831341748925     
 Var before    1.7025609275510540     
 iev, nphot and rad. pattern    0.0000000000000000                0               0           1           0           0
 partons...            1          -1
 x1 & x2   0.94475340135403718       0.89465323137164010     
 sv & ME   0.55932877773889078        19847.653741764094     
 plepton   =    45.968105338667627       -23.327822024280692       -29.752237505623686        26.147134216732422     
 pneutrino =    45.968105338667627        23.327822024280692        29.752237505623686       -26.147134216732422     
 pleptonlab   =    46.697603202258406       -23.327822024280692       -29.752237505623686        27.409342643641619     
 pneutrinolab =    45.272728434025446        23.327822024280692        29.752237505623686       -24.904334144521766     
 sqrt(s) =    91.936210677335254     
 sqrt_fs_cm =    91.936210677335254     
 phind channel           0
 bbb pw(0) qmod c1q   0.0000000000000000        0.0000000000000000        0.0000000000000000        0.0000000000000000     
 reduced to Born momenta
   45.968105338667620        0.0000000000000000        0.0000000000000000        45.968052284181482     
   45.968105338667634        0.0000000000000000        0.0000000000000000       -45.968052284181496     
   45.968105338667627       -23.327822024280692       -29.752237505623686        26.147134216732422     
   45.968105338667627        23.327822024280692        29.752237505623686       -26.147134216732422     
 isvec for ranlux 
      778671     5844720     9587749    10340955     5767304     1229801     7106317     9230034     7070010     1656684    15462261     7797679    14988199    15435044     9850695     6896914     2215452    12845121     6405628     3024976     4819489    10459877     1149857     7981361    -4092010
  
 ====== DUMPING at point            1
 propag    0.0000000000000000        0.0000000000000000        0.0000000000000000        0.0000000000000000     
 test props.    0.0000000000000000        0.0000000000000000     
 Var           2.4751517283465900     
 Var before    2.2472815292778292     
 iev, nphot and rad. pattern    0.0000000000000000                0               1           0           0           0
 partons...            1          -1
 x1 & x2   0.88033072541054613       0.95888312425377920     
 sv & ME   0.55794403537969961        19050.143081556344     
 plepton   =    45.938390164389205       0.81858806371574644       -40.118800309606712        22.363727383958725     
 pneutrino =    45.938390164389205      -0.81858806371574644        40.118800309606712       -22.363727383958725     
 pleptonlab   =    45.024324259340325       0.81858806371574644       -40.118800309606712        20.420342470649118     
 pneutrinolab =    46.936368223875945      -0.81858806371574644        40.118800309606712       -24.347962412810773     
 sqrt(s) =    91.876780328778409     
 sqrt_fs_cm =    91.876780328778409     
 phind channel           0
 bbb pw(0) qmod c1q   0.0000000000000000        0.0000000000000000        0.0000000000000000        0.0000000000000000     
 reduced to Born momenta
   45.938390164389205        0.0000000000000000        0.0000000000000000        45.938337075584819     
   45.938390164389205        0.0000000000000000        0.0000000000000000       -45.938337075584819     
   45.938390164389205       0.81858806371574644       -40.118800309606712        22.363727383958725     
   45.938390164389205      -0.81858806371574644        40.118800309606712       -22.363727383958725     
 isvec for ranlux 
     2803006     6819478    11266704    12521690      381903    12884269    10959814      755982    12350293    13898296    16631971     2580472     9212313    13500588    11285027    11301427    13249530     3480466    12322296     6680866     5860556      319932     9357205      566304    -4230115
  
 ====== DUMPING at point            1
 propag    0.0000000000000000        0.0000000000000000        0.0000000000000000        0.0000000000000000     
 test props.    0.0000000000000000        0.0000000000000000     
 Var           2.2184111390830150     
 Var before    1.7737663739439211     
 iev, nphot and rad. pattern    0.0000000000000000                1               0           0           1           0
 partons...            1          -1
 x1 & x2   0.86162213987822611       0.95881440568901921     
 sv & ME   0.58219802625977490        5185606310.7766085     
 plepton   =    45.439552118982093        27.907283267128136        14.829818233523966       -32.649682462332350     
 pneutrino =    45.445942796927369       -27.910932680623084       -14.833094036719181        32.653969302455366     
 pleptonlab   =    47.250093476047844        27.907283267128136        14.829818233523966       -35.125776882692591     
 pneutrinolab =    43.764981767540142       -27.910932680623084       -14.833094036719181        30.270804806235720     
 sqrt(s) =    90.892008448259205     
 sqrt_fs_cm =    90.885494682505310     
 phind channel           0
 bbb pw(0) qmod c1q   0.0000000000000000        0.0000000000000000        0.0000000000000000        0.0000000000000000     
 reduced to Born momenta
   45.446004224129602        0.0000000000000000        0.0000000000000000        45.445950560132474     
   45.446004224129602        0.0000000000000000        0.0000000000000000       -45.445950560132474     
   45.446004224129602        27.911108167021435        14.832519054123319       -32.654165976886247     
   45.446004224129602       -27.911108167021435       -14.832519054123319        32.654165976886247     
 >> Photon n.           1
 cm momentum     6.5135323497436714E-003   3.6494134949475706E-003   3.2758031952150337E-003  -4.2868401230126193E-003
 lab momentum    6.7520347742778732E-003   3.6494134949475706E-003   3.2758031952150337E-003  -4.6412140827773911E-003
 c_ph_up   -0.65814367578619926     
 c_ph_up lab  -0.68738006214930469     
 c_ph_lep  0.98113856417381162     
 c_ph_lep lab   0.98250201139142246     
 isvec for ranlux 
    13077225     6767474    12978143    11216133     7787453     7756591     1456377     6700084     7382700    12480500    14719702    13291644     7895789     6891298      102469     9060833    10785562     3405521     1113041     5184210    10069583      203884    13164889     3691341     4042414
  
 ====== DUMPING at point            1
 propag    0.0000000000000000        0.0000000000000000        0.0000000000000000        0.0000000000000000     
 test props.    0.0000000000000000        0.0000000000000000     
 Var           2.1373065156666033     
 Var before    1.7619411763469082     
 iev, nphot and rad. pattern    0.0000000000000000                0               0           1           0           0
 partons...            1          -1
 x1 & x2   0.98462151683185084       0.87294702007138425     
 sv & ME   0.55836574842936526        9841.5156715877274     
 plepton   =    46.355215969093784        22.448224329790730        34.756673591774728        20.900855224705051     
 pneutrino =    46.355215969093770       -22.448224329790730       -34.756673591774728       -20.900855224705051     
 pleptonlab   =    47.698021326009986        22.448224329790730        34.756673591774728        23.730590805946150     
 pneutrinolab =    45.180405519151790       -22.448224329790730       -34.756673591774728       -18.146865967922821     
 sqrt(s) =    92.710431938187554     
 sqrt_fs_cm =    92.710431938187554     
 phind channel           0
 bbb pw(0) qmod c1q   0.0000000000000000        0.0000000000000000        0.0000000000000000        0.0000000000000000     
 reduced to Born momenta
   46.355215969093777        0.0000000000000000        0.0000000000000000        46.355163357664125     
   46.355215969093777        0.0000000000000000        0.0000000000000000       -46.355163357664125     
   46.355215969093784        22.448224329790730        34.756673591774728        20.900855224705051     
   46.355215969093770       -22.448224329790730       -34.756673591774728       -20.900855224705051     
 isvec for ranlux 
     2097233     6471148     4378437     8640871    15711293     8225040    11065883    15787977     7243899     4917269    11956633    15358016     1047827     9592925      229606     7295905     6628324     2019165    14002484    11234980     6728922     2987987     4664818    12003099    -4080923
  
 ====== DUMPING at point            1
 propag    0.0000000000000000        0.0000000000000000        0.0000000000000000        0.0000000000000000     
 test props.    0.0000000000000000        0.0000000000000000     
 Var           2.4035914869732391     
 Var before    1.8908544913205481     
 iev, nphot and rad. pattern    0.0000000000000000                2               0           0           1           1
 partons...            1          -1
 x1 & x2   0.89625029879616602       0.95410469529600206     
 sv & ME   0.56792703054542415        31294738130.124825     
 plepton   =    46.165455509616514       -29.546765592166825        4.9161230100915470        35.129168739241592     
 pneutrino =    46.042520771932850        29.433136357765438       -5.0074510272269643       -35.050227869409220     
 pleptonlab   =    45.089129217852829       -29.546765592166825        4.9161230100915470        33.702207457731262     
 pneutrinolab =    47.161482120568458        29.433136357765438       -5.0074510272269643       -36.507672487743470     
 sqrt(s) =    92.472515821830370     
 sqrt_fs_cm =    92.207827248386110     
 phind channel           0
 bbb pw(0) qmod c1q   0.0000000000000000        0.0000000000000000        0.0000000000000000        0.0000000000000000     
 reduced to Born momenta
   46.236257910915185        0.0000000000000000        0.0000000000000000        46.236205164125082     
   46.236257910915185        0.0000000000000000        0.0000000000000000       -46.236205164125082     
   46.236257910915185       -29.574566261519408        4.9760607539409971        35.190399709711826     
   46.236257910915185        29.574566261519408       -4.9760607539409971       -35.190399709711826     
 >> Photon n.           1
 cm momentum     5.4535150407303432E-002  -3.4535436910673040E-002   4.5424511300872997E-003   4.1961319868027244E-002
 lab momentum    5.3249195286396198E-002  -3.4535436910673040E-002   4.5424511300872997E-003   4.0275880297871200E-002
 c_ph_up    0.76943621782709382     
 c_ph_up lab   0.75636598978164560     
 c_ph_lep  0.99967212371922665     
 c_ph_lep lab   0.99965618902023035     
 >> Photon n.           2
 cm momentum    0.21000438987370476       0.14816467131206013        8.6785566005329745E-002 -0.12090218970039682     
 lab momentum   0.21388917090072720       0.14816467131206013        8.6785566005329745E-002 -0.12753067527745718     
 c_ph_up   -0.57571267806880888     
 c_ph_up lab  -0.59624652683631296     
 c_ph_lep -0.84563144852744598     
 c_ph_lep lab  -0.85536715190776258     
 isvec for ranlux 
     7705512     6767400    12346605     2442596     4398068    14780140    11606138    14688674    13412440     5267269    10109083     1735670     8876049    16397594    14292833    16049731     7015236     2292865    16408353     4672107     7144624     1147718    13770713    15989233    -4151606
  
 ====== DUMPING at point            1
 propag    0.0000000000000000        0.0000000000000000        0.0000000000000000        0.0000000000000000     
 test props.    0.0000000000000000        0.0000000000000000     
 Var           1.9507657026081007     
 Var before    1.4636959350383856     
 iev, nphot and rad. pattern    0.0000000000000000                2               1           0           1           0
 partons...            1          -1
 x1 & x2   0.99141260420343635       0.83789351441914139     
 sv & ME   0.58081201129892446        30998445.432392377     
 plepton   =    45.006768363533560        4.3565546741731600       -29.157761464670699       -34.006520148018694     
 pneutrino =    45.163156401508942       -5.0910779563761883        29.392889796407744        33.909268454421429     
 pleptonlab   =    42.302100141302084        4.3565546741731600       -29.157761464670699       -30.336477884118082     
 pneutrinolab =    48.178850553078043       -5.0910779563761883        29.392889796407744        37.832914658834973     
 sqrt(s) =    91.142645955417095     
 sqrt_fs_cm =    90.166573986467043     
 phind channel           0
 bbb pw(0) qmod c1q   0.0000000000000000        0.0000000000000000        0.0000000000000000        0.0000000000000000     
 reduced to Born momenta
   45.187999272120884        0.0000000000000000        0.0000000000000000        45.187945301723971     
   45.187999272120884        0.0000000000000000        0.0000000000000000       -45.187945301723971     
   45.187999272120884        4.7344688741747021       -29.343219878863614       -34.036808988885312     
   45.187999272120884       -4.7344688741747021        29.343219878863614        34.036808988885312     
 >> Photon n.           1
 cm momentum    0.76342307943193932       0.71606658509680798       -9.1507382626593900E-002  0.24837440053671209     
 lab momentum   0.78704359916236521       0.71606658509680798       -9.1507382626593900E-002  0.31354851556828589     
 c_ph_up    0.32534305973763156     
 c_ph_up lab   0.39838773341399297     
 c_ph_lep  -7.7377304422356782E-002
 c_ph_lep lab  -0.11186041404267882     
 >> Photon n.           2
 cm momentum    0.20929811094265272        1.8456697106220415E-002 -0.14362094911044909      -0.15112270693944702     
 lab momentum   0.19731163758642339        1.8456697106220415E-002 -0.14362094911044909      -0.13403080107042228     
 c_ph_up   -0.72204525047459389     
 c_ph_up lab  -0.67928482430092951     
 c_ph_lep  0.99866501740908564     
 c_ph_lep lab   0.99849338747169591     
 isvec for ranlux 
    10482904     1249819    12058037    14159976    14147930     6205970     8604369     9431829     9704793     2911077    12566670     7519744     8037451     9579103     1801853     7051106     4729559     8526420      295591      567446    12330918     8671797    12046268    10350963     4080418
  
 ====== DUMPING at point            1
 propag    0.0000000000000000        0.0000000000000000        0.0000000000000000        0.0000000000000000     
 test props.    0.0000000000000000        0.0000000000000000     
 Var           2.2784771250604283     
 Var before    1.6806248672632129     
 iev, nphot and rad. pattern    0.0000000000000000                0               0           0           1           0
 partons...            1          -1
 x1 & x2   0.78801170418191668       0.99690016282409055     
 sv & ME   0.55827891317288059        4694.3542182099154     
 plepton   =    44.316165115176709       -10.097712373767406        36.581376573730886        22.885594150287965     
 pneutrino =    44.316165115176709        10.097712373767406       -36.581376573730886       -22.885594150287965     
 pleptonlab   =    41.925961065198663       -10.097712373767406        36.581376573730886        17.821732248483695     
 pneutrinolab =    47.319632285101711        10.097712373767406       -36.581376573730886       -28.266155180592389     
 sqrt(s) =    88.632330230353418     
 sqrt_fs_cm =    88.632330230353418     
 phind channel           0
 bbb pw(0) qmod c1q   0.0000000000000000        0.0000000000000000        0.0000000000000000        0.0000000000000000     
 reduced to Born momenta
   44.316165115176709        0.0000000000000000        0.0000000000000000        44.316110083016142     
   44.316165115176709        0.0000000000000000        0.0000000000000000       -44.316110083016142     
   44.316165115176709       -10.097712373767406        36.581376573730886        22.885594150287965     
   44.316165115176709        10.097712373767406       -36.581376573730886       -22.885594150287965     
 isvec for ranlux 
     1529830    10969541     5398952    14836342    16636312     5190420     1470932    12386847    11625234     6824400      810679     8482292     6601895    16231455    13558496     6713029     1261892      214096    11394427     5414534     6660712     4299797     3825772    15586491    -4101909
  
 ====== DUMPING at point            1
 propag    0.0000000000000000        0.0000000000000000        0.0000000000000000        0.0000000000000000     
 test props.    0.0000000000000000        0.0000000000000000     
 Var           2.0944956165678241     
 Var before    1.5587622883668018     
 iev, nphot and rad. pattern    0.0000000000000000                1               1           0           0           0
 partons...            1          -1
 x1 & x2   0.99906993316453185       0.77321380600730605     
 sv & ME   0.55822369053538268        9705631465.7234592     
 plepton   =    43.940377157347662        23.698410671641494        30.481184892397046        20.976851056157777     
 pneutrino =    43.943980211434010       -23.698553824363277       -30.481231610595508       -20.984167824014985     
 pleptonlab   =    46.996809210730014        23.698410671641494        30.481184892397046        26.794992283858278     
 pneutrinolab =    41.609059171971154       -23.698553824363277       -30.481231610595508       -15.510503138844939     
 sqrt(s) =    87.891675686017763     
 sqrt_fs_cm =    87.884357064075758     
 phind channel           0
 bbb pw(0) qmod c1q   0.0000000000000000        0.0000000000000000        0.0000000000000000        0.0000000000000000     
 reduced to Born momenta
   43.942178532037879        0.0000000000000000        0.0000000000000000        43.942123031504643     
   43.942178532037879        0.0000000000000000        0.0000000000000000       -43.942123031504643     
   43.942178532037879        23.698482246535146        30.481208251017435        20.980509365093766     
   43.942178532037879       -23.698482246535146       -30.481208251017435       -20.980509365093766     
 >> Photon n.           1
 cm momentum     7.3183172360942262E-003   1.4315272178306367E-004   4.6718198461803925E-005   7.3167678572093851E-003
 lab momentum    8.3185758907397978E-003   1.4315272178306367E-004   4.6718198461803925E-005   8.3172128479542945E-003
 c_ph_up    0.99978828754823590     
 c_ph_up lab   0.99983614469550963     
 c_ph_lep  0.49227201710170992     
 c_ph_lep lab   0.58237312139836783     
 isvec for ranlux 
     4582103    14909827     6058609    16033389    16400909    10270577    12793303      310030     7779432    12399011     3122562     7325754    11785470    16087410     4035484     7020979    11753393     9284947      731009     1133262     6407025    14657548    11290772     1908909    -4011606
  
 ====== DUMPING at point            1
 propag    0.0000000000000000        0.0000000000000000        0.0000000000000000        0.0000000000000000     
 test props.    0.0000000000000000        0.0000000000000000     
 Var           1.2281673663894934     
 Var before    1.0531818846815446     
 iev, nphot and rad. pattern    0.0000000000000000                0               0           1           0           0
 partons...            1          -1
 x1 & x2   0.99830472608013732       0.84084014953690367     
 sv & ME   0.57093758903538472        14806.836257430234     
 plepton   =    45.809788669033949       -14.998494671423297       -43.090325688490168       -4.0981171117007147     
 pneutrino =    45.809788669033949        14.998494671423297        43.090325688490168        4.0981171117007147     
 pleptonlab   =    45.626454649336608       -14.998494671423297       -43.090325688490168      -0.17660642013459960     
 pneutrinolab =    46.330789131515459        14.998494671423297        43.090325688490168        8.0498352472962829     
 sqrt(s) =    91.619577338067899     
 sqrt_fs_cm =    91.619577338067899     
 phind channel           0
 bbb pw(0) qmod c1q   0.0000000000000000        0.0000000000000000        0.0000000000000000        0.0000000000000000     
 reduced to Born momenta
   45.809788669033949        0.0000000000000000        0.0000000000000000        45.809735431193566     
   45.809788669033949        0.0000000000000000        0.0000000000000000       -45.809735431193566     
   45.809788669033949       -14.998494671423297       -43.090325688490168       -4.0981171117007147     
   45.809788669033949        14.998494671423297        43.090325688490168        4.0981171117007147     
 isvec for ranlux 
    15697820    13958964    15496225    11578598     1704967     5619974     9875627     7164025     7377212     9094670     8478077    13805758     9465217     1972369     1888418    13095976    15555016    16310036     7352882    14970220     9477691      555846    10078497      522600     4061606
  
 ====== DUMPING at point            1
 propag    0.0000000000000000        0.0000000000000000        0.0000000000000000        0.0000000000000000     
 test props.    0.0000000000000000        0.0000000000000000     
 Var           1.3427090373802475     
 Var before   0.93390743611782967     
 iev, nphot and rad. pattern    0.0000000000000000                1               0           0           1           0
 partons...            1          -1
 x1 & x2   0.96472912457459348       0.99985227665595089     
 sv & ME   0.56013876740215574        31059754512.514931     
 plepton   =    49.106043338979589        47.772614220505709        10.746174665705992        3.6999174735592470     
 pneutrino =    49.106682165864335       -47.773217153194189       -10.746376451238815       -3.7000250877207987     
 pleptonlab   =    49.047734704427420        47.772614220505709        10.746174665705992        2.8224415914774688     
 pneutrinolab =    49.180692332526966       -47.773217153194189       -10.746376451238815       -4.5786952963941472     
 sqrt(s) =    98.213370350589713     
 sqrt_fs_cm =    98.212725502726940     
 phind channel           0
 bbb pw(0) qmod c1q   0.0000000000000000        0.0000000000000000        0.0000000000000000        0.0000000000000000     
 reduced to Born momenta
   49.106685175294857        0.0000000000000000        0.0000000000000000        49.106635511709861     
   49.106685175294857        0.0000000000000000        0.0000000000000000       -49.106635511709861     
   49.106685175294857        47.773229356068924        10.746346116667842        3.6999955739525152     
   49.106685175294857       -47.773229356068924       -10.746346116667842       -3.6999955739525152     
 >> Photon n.           1
 cm momentum     6.4484574578833507E-004   6.0293268848001912E-004   2.0178553282399202E-004   1.0761416155185183E-004
 lab momentum    6.4302457280885120E-004   6.0293268848001912E-004   2.0178553282399202E-004   9.6100848805823362E-005
 c_ph_up    0.16688357216390046     
 c_ph_up lab   0.14945128517567680     
 c_ph_lep  0.99066837144949960     
 c_ph_lep lab   0.99063081357855942     
 isvec for ranlux 
     8580474     7453528     6610367     9370130     6454595    13285363    12880910       20013     9703009    16699534     1920148     6241711     6714350     8434631    10339274    15950484     7679134     4788915     9680677     9420690    13578033     7433776    11266006     2295994     4192111
  
 ====== DUMPING at point            1
 propag    0.0000000000000000        0.0000000000000000        0.0000000000000000        0.0000000000000000     
 test props.    0.0000000000000000        0.0000000000000000     
 Var           1.0951541847792374     
 Var before   0.78948979506376105     
 iev, nphot and rad. pattern    0.0000000000000000                0               0           1           0           1
 partons...            1          -1
 x1 & x2   0.99980984027642827       0.85018796208013159     
 sv & ME   0.57481759772886554        13286.929031120126     
 plepton   =    46.098435184187061        17.898289048563132       -19.214592734434795       -37.888061944669566     
 pneutrino =    46.098435184187075       -17.898289048563132        19.214592734434795        37.888061944669566     
 pleptonlab   =    43.175609147765933        17.898289048563132       -19.214592734434795       -34.272040160648039     
 pneutrinolab =    49.324280970062063       -17.898289048563132        19.214592734434795        41.753134070462878     
 sqrt(s) =    92.196870368374135     
 sqrt_fs_cm =    92.196870368374135     
 phind channel           0
 bbb pw(0) qmod c1q   0.0000000000000000        0.0000000000000000        0.0000000000000000        0.0000000000000000     
 reduced to Born momenta
   46.098435184187068        0.0000000000000000        0.0000000000000000        46.098382279697148     
   46.098435184187068        0.0000000000000000        0.0000000000000000       -46.098382279697148     
   46.098435184187061        17.898289048563132       -19.214592734434795       -37.888061944669566     
   46.098435184187075       -17.898289048563132        19.214592734434795        37.888061944669566     
 isvec for ranlux 
    16005597     8434417    14436132    13695452    14164085      961699    13764582       67402     7211444    14390456      970651      358280     3303569    11896123     6216082     9295383     9040778    13778432     3232438     8688432    14560231     5902029      962798     8581584    -4231606
  
 ====== DUMPING at point            1
 propag    0.0000000000000000        0.0000000000000000        0.0000000000000000        0.0000000000000000     
 test props.    0.0000000000000000        0.0000000000000000     
 Var           1.1438475550034775     
 Var before    1.0371338972707347     
 iev, nphot and rad. pattern    0.0000000000000000                1               0           0           0           1
 partons...            1          -1
 x1 & x2   0.99935580602208940       0.80910757078933315     
 sv & ME   0.55751193693250534        1354009888.4350183     
 plepton   =    44.960712940884314        39.459603110792571        6.6731102050886095        20.490579957400083     
 pneutrino =    44.630026716431395       -39.170012687819771       -6.6235511389440180       -20.338800293128003     
 pleptonlab   =    47.379195307647208        39.459603110792571        6.6731102050886095        25.361118012386257     
 pneutrinolab =    42.727494645322302       -39.170012687819771       -6.6235511389440180       -15.731061989592753     
 sqrt(s) =    89.921429512922487     
 sqrt_fs_cm =    89.590129347849029     
 phind channel           0
 bbb pw(0) qmod c1q   0.0000000000000000        0.0000000000000000        0.0000000000000000        0.0000000000000000     
 reduced to Born momenta
   44.960714756461243        0.0000000000000000        0.0000000000000000        44.960660513233918     
   44.960714756461243        0.0000000000000000        0.0000000000000000       -44.960660513233918     
   44.960714756461243        39.459924838315658        6.6728701278083085        20.490042550768081     
   44.960714756461243       -39.459924838315658       -6.6728701278083085       -20.490042550768081     
 >> Photon n.           1
 cm momentum    0.33068985560678127      -0.28959042297279775       -4.9559066144591900E-002 -0.15177966427208206     
 lab momentum   0.31647888760161647      -0.28959042297279775       -4.9559066144591900E-002 -0.11764426115569218     
 c_ph_up   -0.45897889426811195     
 c_ph_up lab  -0.37172862318633637     
 c_ph_lep -0.99999186148805774     
 c_ph_lep lab  -0.98312368794749239     
 isvec for ranlux 
     7388714     9617288     1398336     2389383     4357369    14684140     9486446     3033673    14925955     8440235    11812995     4941409    14160479     3700818    15230137      144881    12942425     3385948     9189929     1666383    14135389     4984438     2235879     8010321    -4160317
  
 ====== DUMPING at point            1
 propag    0.0000000000000000        0.0000000000000000        0.0000000000000000        0.0000000000000000     
 test props.    0.0000000000000000        0.0000000000000000     
 Var          0.71131807144434145     
 Var before   0.62660395533471558     
 iev, nphot and rad. pattern    0.0000000000000000                0               0           1           0           0
 partons...            1          -1
 x1 & x2   0.82353632815844324       0.99975452975659918     
 sv & ME   0.55798122434081177        23681.590783244283     
 plepton   =    45.368881805030234       -33.835113216562142        17.230368193887685        24.831910882427486     
 pneutrino =    45.368881805030206        33.835113216562142       -17.230368193887685       -24.831910882427486     
 pleptonlab   =    43.171018126297696       -33.835113216562142        17.230368193887685        20.543251152024141     
 pneutrinolab =    47.993524769454432        33.835113216562142       -17.230368193887685       -29.354161231931943     
 sqrt(s) =    90.737763610060441     
 sqrt_fs_cm =    90.737763610060441     
 phind channel           0
 bbb pw(0) qmod c1q   0.0000000000000000        0.0000000000000000        0.0000000000000000        0.0000000000000000     
 reduced to Born momenta
   45.368881805030220        0.0000000000000000        0.0000000000000000        45.368828049809728     
   45.368881805030220        0.0000000000000000        0.0000000000000000       -45.368828049809728     
   45.368881805030234       -33.835113216562142        17.230368193887685        24.831910882427486     
   45.368881805030206        33.835113216562142       -17.230368193887685       -24.831910882427486     
 isvec for ranlux 
     1457327    11843211      842130     1627129    13128769     2257102     8061877     9626046    13167356     9311311       68476    11689171     5193999    15602726    13809534     9598677    15490076    16534941     4561603     1137849      146632    16199119     3483777    15651896    -4100317
  
 ====== DUMPING at point            1
 propag    0.0000000000000000        0.0000000000000000        0.0000000000000000        0.0000000000000000     
 test props.    0.0000000000000000        0.0000000000000000     
 Var          0.73746641600255836     
 Var before   0.65706636049006750     
 iev, nphot and rad. pattern    0.0000000000000000                1               0           0           0           1
 partons...            1          -1
 x1 & x2   0.80803681158214558       0.99955565889917730     
 sv & ME   0.55760264407808635        3275943088.3789721     
 plepton   =    44.935380534041570       -6.4048656146794691       -38.390432417576598        22.457285127482201     
 pneutrino =    44.931123773231320        6.4047695989126803        38.386256549362336       -22.455933611082514     
 pleptonlab   =    42.796871327418280       -6.4048656146794691       -38.390432417576598        17.796444222751582     
 pneutrinolab =    47.578193157046279        6.4047695989126803        38.386256549362336       -27.370559638215614     
 sqrt(s) =    89.870894488470626     
 sqrt_fs_cm =    89.866504200037767     
 phind channel           0
 bbb pw(0) qmod c1q   0.0000000000000000        0.0000000000000000        0.0000000000000000        0.0000000000000000     
 reduced to Born momenta
   44.935447244235313        0.0000000000000000        0.0000000000000000        44.935392970506612     
   44.935447244235313        0.0000000000000000        0.0000000000000000       -44.935392970506612     
   44.935447244235313       -6.4051305048018010       -38.390219847310313        22.457706442101909     
   44.935447244235313        6.4051305048018010        38.390219847310313       -22.457706442101909     
 >> Photon n.           1
 cm momentum     4.3901811977368763E-003   9.6015766788859087E-005   4.1758682142598001E-003  -1.3515163996877793E-003
 lab momentum    4.5590396015961435E-003   9.6015766788859087E-005   4.1758682142598001E-003  -1.8269503875542267E-003
 c_ph_up   -0.30784979908904020     
 c_ph_up lab  -0.40073141433441417     
 c_ph_lep -0.96961497101588578     
 c_ph_lep lab  -0.99143845045317902     
 isvec for ranlux 
    14521119     3284366     3463762    11480123     3336141    13887286     8647963     5115281    11781391     9822864    14374850       23828     6429012     3846061     5815448    12970300     6645149    13960673    15889545     2643589     8059802     5945202    14697481       61957    -4221909
  
 ====== DUMPING at point            1
 propag    0.0000000000000000        0.0000000000000000        0.0000000000000000        0.0000000000000000     
 test props.    0.0000000000000000        0.0000000000000000     
 Var          0.77920651221838344     
 Var before   0.63502112132289079     
 iev, nphot and rad. pattern    0.0000000000000000                2               0           0           1           1
 partons...            1          -1
 x1 & x2   0.99951632278329416       0.87274594149198903     
 sv & ME   0.56564958816600830        253429050.87021738     
 plepton   =    42.192206415915003        17.518741312540957       -28.089965909662034        26.157573216374757     
 pneutrino =    46.556974800156091       -20.599732437194458        29.995449599021697       -29.042464869901263     
 pleptonlab   =    44.064453925940192        17.518741312540957       -28.089965909662034        29.081135708877206     
 pneutrinolab =    44.693085042420144       -20.599732437194458        29.995449599021697       -25.949657296120090     
 sqrt(s) =    93.398276973620696     
 sqrt_fs_cm =    88.628275354256047     
 phind channel           0
 bbb pw(0) qmod c1q   0.0000000000000000        0.0000000000000000        0.0000000000000000        0.0000000000000000     
 reduced to Born momenta
   46.699138486810348        0.0000000000000000        0.0000000000000000        46.699086262845569     
   46.699138486810348        0.0000000000000000        0.0000000000000000       -46.699086262845569     
   46.699138486810362        20.045069143933119       -30.581097938460534        29.048064025198826     
   46.699138486810334       -20.045069143933119        30.581097938460534       -29.048064025198826     
 >> Photon n.           1
 cm momentum     4.6399072381088819        3.0855018693852019       -1.9107251784834192        2.8909421793915429     
 lab momentum    4.8467752122336698        3.0855018693852019       -1.9107251784834192        3.2124815118927410     
 c_ph_up    0.62306033957907825     
 c_ph_up lab   0.66280802620764556     
 c_ph_lep  0.93655240920010718     
 c_ph_lep lab   0.94184122062273068     
 >> Photon n.           2
 cm momentum     9.1885194407201332E-003  -4.5107447317002600E-003   5.2414891237560074E-003  -6.0505258650366649E-003
 lab momentum    8.7990331701401601E-003  -4.5107447317002600E-003   5.2414891237560074E-003  -5.4408600846017592E-003
 c_ph_up   -0.65848757289699611     
 c_ph_up lab  -0.61834749107044129     
 c_ph_lep -0.99184952241868729     
 c_ph_lep lab  -0.99164026447331777     
 isvec for ranlux 
     9694957     1252334     7167226    16399770     5334141    13250981    11984409     2603513     3627080     4384046     3205779    13795264     8270940     7640603    12795748       19997    12743485    14635427     5286932    15315727    15130947     8180743    14720784    11532738    -4080923
  
 ====== DUMPING at point            1
 propag    0.0000000000000000        0.0000000000000000        0.0000000000000000        0.0000000000000000     
 test props.    0.0000000000000000        0.0000000000000000     
 Var          0.55071903313286286     
 Var before   0.47869714426554977     
 iev, nphot and rad. pattern    0.0000000000000000                3               0           0           1           2
 partons...            1          -1
 x1 & x2   0.99986201390559060       0.80922807248414819     
 sv & ME   0.56065825889696930        10733206264502.531     
 plepton   =    44.915826782453060        36.318156917244707       -6.1025630516825844        25.713236556188114     
 pneutrino =    41.891910219459348       -33.801073995389068        5.7625543929485081       -24.066602206591554     
 pleptonlab   =    47.892013435313025        36.318156917244707       -6.1025630516825844        30.616727283159516     
 pneutrinolab =    39.576218580697045       -33.801073995389068        5.7625543929485081       -19.762243725907858     
 sqrt(s) =    89.950898286950959     
 sqrt_fs_cm =    86.754945025562719     
 phind channel           0
 bbb pw(0) qmod c1q   0.0000000000000000        0.0000000000000000        0.0000000000000000        0.0000000000000000     
 reduced to Born momenta
   44.975449143475480        0.0000000000000000        0.0000000000000000        44.975394918018779     
   44.975449143475480        0.0000000000000000        0.0000000000000000       -44.975394918018779     
   44.975449143475473        36.328444380806744       -6.1480376601381446        25.791968202640813     
   44.975449143475487       -36.328444380806744        6.1480376601381446       -25.791968202640813     
 >> Photon n.           1
 cm momentum     1.3714040783626104E-002   1.0241257481694422E-002  -1.2297462307187665E-003   9.0376592111359819E-003
 lab momentum    1.4748501864874808E-002   1.0241257481694422E-002  -1.2297462307187665E-003   1.0541474121767157E-002
 c_ph_up    0.65900775371227616     
 c_ph_up lab   0.71474880759739035     
 c_ph_lep  0.99327878332012021     
 c_ph_lep lab   0.99413861773051049     
 >> Photon n.           2
 cm momentum     3.0820429182760529       -2.5489839568386130       0.35268202043744834       -1.6962560922027941     
 lab momentum    2.9195535591033130       -2.5489839568386130       0.35268202043744834       -1.3791624866970338     
 c_ph_up   -0.55036744691134876     
 c_ph_up lab  -0.47238814386423450     
 c_ph_lep -0.99935545966328276     
 c_ph_lep lab  -0.97946794491308076     
 >> Photon n.           3
 cm momentum     4.7404325978872952E-002   2.1659777501279821E-002  -1.1443615472653369E-002   4.0584083395098988E-002
 lab momentum    5.1970242508692151E-002   2.1659777501279821E-002  -1.1443615472653369E-002   4.5834526395735480E-002
 c_ph_up    0.85612615635936695     
 c_ph_up lab   0.88193789721242000     
 c_ph_lep  0.89236707034124052     
 c_ph_lep lab   0.90792446790712267     
 isvec for ranlux 
     8192674     9675355    12081709     9480863      986779    11942623     6473535     8765465     4090856     8723139     4116667     2833519      419117    11029292     2425882     3624875     8132952    13471903     1621808    10524330     7978715     5812058      446896     1435424     4221707
  
 ====== DUMPING at point            1
 propag    0.0000000000000000        0.0000000000000000        0.0000000000000000        0.0000000000000000     
 test props.    0.0000000000000000        0.0000000000000000     
 Var          0.34114835207847383     
 Var before   0.29344781494491018     
 iev, nphot and rad. pattern    3.0000000000000000                2               0           0           1           1
 partons...            1          -1
 x1 & x2   0.81020019090044626       0.99979976605759435     
 sv & ME   0.58452442287259465        3923606055383.1338     
 plepton   =    44.460876977151102       -29.638515994736249        16.339028340906204       -28.833191644192340     
 pneutrino =    44.982601066506007        29.990467207917952       -16.494313630585076        29.187886691633789     
 pleptonlab   =    47.743851402793418       -29.638515994736249        16.339028340906204       -33.675788121221117     
 pneutrinolab =    42.157064969641638        29.990467207917952       -16.494313630585076        24.611307516461043     
 sqrt(s) =    90.002108937629018     
 sqrt_fs_cm =    89.441947501112935     
 phind channel           0
 bbb pw(0) qmod c1q   0.0000000000000000        0.0000000000000000        0.0000000000000000        0.0000000000000000     
 reduced to Born momenta
   45.001054468814509        0.0000000000000000        0.0000000000000000        45.001000274211798     
   45.001054468814509        0.0000000000000000        0.0000000000000000       -45.001000274211798     
   45.001054468814509       -30.000699855758985        16.519258828891559       -29.191708335116207     
   45.001054468814509        30.000699855758985       -16.519258828891559        29.191708335116207     
 >> Photon n.           1
 cm momentum    0.54092659341756022      -0.36372993789087849       0.16150158613485194      -0.36635959032643201     
 lab momentum   0.58250786890477935      -0.36372993789087849       0.16150158613485194      -0.42536241876053443     
 c_ph_up   -0.67728152911059814     
 c_ph_up lab  -0.73022604752154352     
 c_ph_lep  0.99719368185209412     
 c_ph_lep lab   0.99757320763339030     
 >> Photon n.           2
 cm momentum     1.7704300554349177E-002   1.1778724709175807E-002  -6.2162964559793190E-003   1.1664542884980913E-002
 lab momentum    1.6573606562166082E-002   1.1778724709175807E-002  -6.2162964559793190E-003   9.8642656632060028E-003
 c_ph_up    0.65885364119145851     
 c_ph_up lab   0.59517918602725628     
 c_ph_lep -0.99981154573391329     
 c_ph_lep lab  -0.98935051610147462     
 isvec for ranlux 
    10876423     5508206     6552395     8586876     3831691     8121497     1468692    10309077    15186285     7188278     4503280     9877336     1366014     5981390     5726979     1082832     5970519     4651962    15890584    14102435     4569516     6677682    13119496    13736282     4202010
  
 ====== DUMPING at point            1
 propag    0.0000000000000000        0.0000000000000000        0.0000000000000000        0.0000000000000000     
 test props.    0.0000000000000000        0.0000000000000000     
 Var          0.33550240033504114     
 Var before   0.28798692184992847     
 iev, nphot and rad. pattern    5.0000000000000000                2               0           0           1           1
 partons...            1          -1
 x1 & x2   0.99985005286215844       0.84397454501042546     
 sv & ME   0.55880880444464165        113341134885.51108     
 plepton   =    44.740417206149125       0.21658685297652425       -42.458203315373382        14.104886722492695     
 pneutrino =    45.791993121093839      -0.16424623864748050        43.469562728116372       -14.396722186327109     
 pleptonlab   =    46.097856767751310       0.21658685297652425       -42.458203315373382        17.951470587508460     
 pneutrinolab =    44.735050030965631      -0.16424623864748050        43.469562728116372       -10.563317517758133     
 sqrt(s) =    91.861199286912750     
 sqrt_fs_cm =    90.526275546499107     
 phind channel           0
 bbb pw(0) qmod c1q   0.0000000000000000        0.0000000000000000        0.0000000000000000        0.0000000000000000     
 reduced to Born momenta
   45.930599643456375        0.0000000000000000        0.0000000000000000        45.930546545647324     
   45.930599643456375        0.0000000000000000        0.0000000000000000       -45.930546545647324     
   45.930599643456375       0.19337872900480110       -43.594462656376400        14.460091641652163     
   45.930599643456375      -0.19337872900480110        43.594462656376400       -14.460091641652163     
 >> Photon n.           1
 cm momentum     1.1912302019136900       -5.1355322693241195E-002  -1.1423064616979448       0.33395803979770478     
 lab momentum    1.2238439322183756       -5.1355322693241195E-002  -1.1423064616979448       0.43622534179243944     
 c_ph_up    0.28034719004035252     
 c_ph_up lab   0.35643870129888583     
 c_ph_lep  0.99819141787823862     
 c_ph_lep lab   0.99829144469771303     
 >> Photon n.           2
 cm momentum    0.13755875775609952       -9.8529163580255048E-004  0.13094704895495138       -4.2122575963291442E-002
 lab momentum   0.13447916269387872       -9.8529163580255048E-004  0.13094704895495138       -3.0603018956120831E-002
 c_ph_up   -0.30621515234949609     
 c_ph_up lab  -0.22756699508743916     
 c_ph_lep -0.99995205742404170     
 c_ph_lep lab  -0.98551005108662482     
 isvec for ranlux 
    13798336     8607402     7564242     6135960     8172408    11356951    12904116    12031075     5356482     9565784     5190119    11828940     9261313    15821424    16481898     3060787     3760646      711049     8167466     5757978    13465270     5714415     5077099     6269482     4100721
  
