 ====== DUMPING at point            1
 propag    0.0000000000000000        0.0000000000000000        0.0000000000000000        0.0000000000000000     
 test props.    0.0000000000000000        0.0000000000000000     
 Var           2.8870299659721375     
 Var before    0.0000000000000000     
 iev, nphot and rad. pattern    0.0000000000000000                1               0           0           0           1
 partons...            1          -1
 x1 & x2   0.90041540916677010       0.93726705640755992     
 sv & ME    1.0000000000000000        736.17744807853580     
 plepton   =    45.663320473049957        37.350019526254016       -17.711004665514618       -19.401650137541349     
 pneutrino =    40.562976065276224       -32.372436644661533        17.796814288436856        16.752391186065616     
 pleptonlab   =    46.061650559272806        37.350019526254016       -17.711004665514618       -20.321438031784368     
 pneutrinolab =    40.235125696412027       -32.372436644661533        17.796814288436856        15.942174349343716     
 sqrt(s) =    91.865646467749158     
 sqrt_fs_cm =    86.041687263145178     
 phind channel           0
 bbb pw(0) qmod c1q   0.0000000000000000        0.0000000000000000        0.0000000000000000        0.0000000000000000     
 reduced to Born momenta
   45.932823233874579        0.0000000000000000        0.0000000000000000        45.932770138635966     
   45.932823233874579        0.0000000000000000        0.0000000000000000       -45.932770138635966     
   45.932823233874579        37.142242926210933       -18.956993089757795       -19.258745804130385     
   45.932823233874579       -37.142242926210933        18.956993089757795        19.258745804130385     
 >> Photon n.           1
 cm momentum     5.6393499294229752       -4.9775828815924861       -8.5809622922238135E-002   2.6492589514757330     
 lab momentum    5.5873470230316631       -4.9775828815924861       -8.5809622922238135E-002   2.5366813204011596     
 c_ph_up    0.46978091174186248     
 c_ph_up lab   0.45400461255488128     
 c_ph_lep -0.91566288035705512     
 c_ph_lep lab  -0.91677203907363569     
 isvec for ranlux 
     9644655    14614328     8305202     1457455     6611641    14048799     7267313     8683348    14048746     9318201     4464668     5476536     8218591     7359978     7668616    13721940      957152    13197359    14184585     9294164    15939178     5902395     5267822    14659295     4201404
  
 ====== DUMPING at point            1
 propag    0.0000000000000000        0.0000000000000000        0.0000000000000000        0.0000000000000000     
 test props.    0.0000000000000000        0.0000000000000000     
 Var           2.1304125647565391     
 Var before    1.4607344585008586     
 iev, nphot and rad. pattern    0.0000000000000000                0               0           0           1           0
 partons...            1          -1
 x1 & x2   0.95003074955529787       0.79409079110757219     
 sv & ME   0.64581654464382487        1276.6721913558845     
 plepton   =    43.428408602287213        31.650874944768617        29.704311679561645        1.3753155673598814     
 pneutrino =    43.428408602287242       -31.650874944768617       -29.704311679561645       -1.3753155673598814     
 pleptonlab   =    43.726498401085735        31.650874944768617        29.704311679561645        5.2793448080951908     
 pneutrinolab =    43.479578632057759       -31.650874944768617       -29.704311679561645        2.5176531142910905     
 sqrt(s) =    86.856817204574455     
 sqrt_fs_cm =    86.856817204574455     
 phind channel           0
 bbb pw(0) qmod c1q   0.0000000000000000        0.0000000000000000        0.0000000000000000        0.0000000000000000     
 reduced to Born momenta
   43.428408602287227        0.0000000000000000        0.0000000000000000        43.428352445166688     
   43.428408602287227        0.0000000000000000        0.0000000000000000       -43.428352445166688     
   43.428408602287213        31.650874944768617        29.704311679561645        1.3753155673598814     
   43.428408602287242       -31.650874944768617       -29.704311679561645       -1.3753155673598814     
 isvec for ranlux 
     6252439      346129     5312835     8261683     9079631     4152189    11690151     3251140     4683020     2530188    16021290    11618951     3342516     5282467     2561248    15711547    15779543    10985280     8292142     1596633    16558285    12472361     3784938     8334133     4140519
  
 ====== DUMPING at point            1
 propag    0.0000000000000000        0.0000000000000000        0.0000000000000000        0.0000000000000000     
 test props.    0.0000000000000000        0.0000000000000000     
 Var           1.9767776524551885     
 Var before    1.6477957023520380     
 iev, nphot and rad. pattern    0.0000000000000000                0               0           0           1           0
 partons...            1          -1
 x1 & x2   0.91007349246574487       0.92288739710843837     
 sv & ME   0.62098337776574652        17719.795153725656     
 plepton   =    45.822902478975990       -43.692370545931539       -7.5318663826453900        11.574755840935323     
 pneutrino =    45.822902478975990        43.692370545931539        7.5318663826453900       -11.574755840935323     
 pleptonlab   =    45.743103195828127       -43.692370545931539       -7.5318663826453900        11.254691073668072     
 pneutrinolab =    45.904941282881055        43.692370545931539        7.5318663826453900       -11.895386305802747     
 sqrt(s) =    91.645804957951981     
 sqrt_fs_cm =    91.645804957951981     
 phind channel           0
 bbb pw(0) qmod c1q   0.0000000000000000        0.0000000000000000        0.0000000000000000        0.0000000000000000     
 reduced to Born momenta
   45.822902478975990        0.0000000000000000        0.0000000000000000        45.822849256371477     
   45.822902478975990        0.0000000000000000        0.0000000000000000       -45.822849256371477     
   45.822902478975990       -43.692370545931539       -7.5318663826453900        11.574755840935323     
   45.822902478975990        43.692370545931539        7.5318663826453900       -11.574755840935323     
 isvec for ranlux 
     8965487     2126720     7254733    12923904     5337694    14130607     1878020     8597149     6833174     1891112    11634831     6803766      471344     6208649      964748     8738368    12913065     1505022     4123979     3215547    11907780     4934906    11898556     4780317     4221101
  
 ====== DUMPING at point            1
 propag    0.0000000000000000        0.0000000000000000        0.0000000000000000        0.0000000000000000     
 test props.    0.0000000000000000        0.0000000000000000     
 Var           2.1440246847629880     
 Var before    1.8286633315584455     
 iev, nphot and rad. pattern    0.0000000000000000                0               0           0           0           1
 partons...            1          -1
 x1 & x2   0.80662108019897394       0.96318758378500058     
 sv & ME   0.64225670511419708        2458.3860202746228     
 plepton   =    44.071742910477703       -10.240153373025679        42.815008320564509        2.0788652872844855     
 pneutrino =    44.071742910477703        10.240153373025679       -42.815008320564509       -2.0788652872844855     
 pleptonlab   =    44.060585445961053       -10.240153373025679        42.815008320564509       -1.8271145438284799     
 pneutrinolab =    44.429847753237659        10.240153373025679       -42.815008320564509       -6.0012106354728578     
 sqrt(s) =    88.143485820955405     
 sqrt_fs_cm =    88.143485820955405     
 phind channel           0
 bbb pw(0) qmod c1q   0.0000000000000000        0.0000000000000000        0.0000000000000000        0.0000000000000000     
 reduced to Born momenta
   44.071742910477703        0.0000000000000000        0.0000000000000000        44.071687573107994     
   44.071742910477703        0.0000000000000000        0.0000000000000000       -44.071687573107994     
   44.071742910477703       -10.240153373025679        42.815008320564509        2.0788652872844855     
   44.071742910477703        10.240153373025679       -42.815008320564509       -2.0788652872844855     
 isvec for ranlux 
    15326067    13686972    12635121    13902960    13679249    15597591     9630857    11203193     9414693    13903049     1041894    12159642    14667289     9413416    16351989    16702048    13674632     3503371    11931980     1731313     7232330     5707229     4337415    14161190     4071606
  
 ====== DUMPING at point            1
 propag    0.0000000000000000        0.0000000000000000        0.0000000000000000        0.0000000000000000     
 test props.    0.0000000000000000        0.0000000000000000     
 Var           2.9226809159895617     
 Var before    1.8914670893312555     
 iev, nphot and rad. pattern    0.0000000000000000                0               0           1           0           0
 partons...            1          -1
 x1 & x2   0.88778115811899949       0.97905456892201626     
 sv & ME   0.61419618752998995        7953.9003858459837     
 plepton   =    46.615078007531153        27.946416482019849       -24.248549193863628        28.354188434215704     
 pneutrino =    46.615078007531139       -27.946416482019849        24.248549193863628       -28.354188434215704     
 pleptonlab   =    45.282939106462230        27.946416482019849       -24.248549193863628        26.106303419564462     
 pneutrinolab =    48.058847245588574       -27.946416482019849        24.248549193863628       -30.669973959715300     
 sqrt(s) =    93.230156015062292     
 sqrt_fs_cm =    93.230156015062292     
 phind channel           0
 bbb pw(0) qmod c1q   0.0000000000000000        0.0000000000000000        0.0000000000000000        0.0000000000000000     
 reduced to Born momenta
   46.615078007531146        0.0000000000000000        0.0000000000000000        46.615025689391331     
   46.615078007531146        0.0000000000000000        0.0000000000000000       -46.615025689391331     
   46.615078007531153        27.946416482019849       -24.248549193863628        28.354188434215704     
   46.615078007531139       -27.946416482019849        24.248549193863628       -28.354188434215704     
 isvec for ranlux 
     4925990     5576093    15184408    11784099    11845403    13164298      418628     8394559    12727338     1012832     9828754     3599171     1962348     6110377     1170785     8157080     6470367    12307127     8788506     3545955     7555912     3534851     9276842     7912478     4132414
  
 ====== DUMPING at point            1
 propag    0.0000000000000000        0.0000000000000000        0.0000000000000000        0.0000000000000000     
 test props.    0.0000000000000000        0.0000000000000000     
 Var           3.2846474323013535     
 Var before    2.9226809159895617     
 iev, nphot and rad. pattern    0.0000000000000000                0               0           1           0           0
 partons...            1          -1
 x1 & x2   0.97669084073942791       0.89957013158852905     
 sv & ME   0.61818462199697821        6458.5509011215527     
 plepton   =    46.866883513982394       -5.8694769721667432       -32.114852099569767        33.625572431078261     
 pneutrino =    46.866883513982394        5.8694769721667432        32.114852099569767       -33.625572431078261     
 pleptonlab   =    48.289818756781138       -5.8694769721667432       -32.114852099569767        35.582031231609967     
 pneutrinolab =    45.523229859616677        5.8694769721667432        32.114852099569767       -31.725995774065019     
 sqrt(s) =    93.733767027964788     
 sqrt_fs_cm =    93.733767027964788     
 phind channel           0
 bbb pw(0) qmod c1q   0.0000000000000000        0.0000000000000000        0.0000000000000000        0.0000000000000000     
 reduced to Born momenta
   46.866883513982387        0.0000000000000000        0.0000000000000000        46.866831476936795     
   46.866883513982401        0.0000000000000000        0.0000000000000000       -46.866831476936810     
   46.866883513982394       -5.8694769721667432       -32.114852099569767        33.625572431078261     
   46.866883513982394        5.8694769721667432        32.114852099569767       -33.625572431078261     
 isvec for ranlux 
    10385590     6248031    15799571    16446974    11280189    13624131     7936896     9634474    14274386     2432418    13529979    12240248    15430558     8217938     5687700     9149166     7603019    13389623    11887382     3367411    11159959    13491094     7524639     3976327    -4020620
  
 ====== DUMPING at point            1
 propag    0.0000000000000000        0.0000000000000000        0.0000000000000000        0.0000000000000000     
 test props.    0.0000000000000000        0.0000000000000000     
 Var           11.020286126608481     
 Var before    2.0780166612792379     
 iev, nphot and rad. pattern    0.0000000000000000                0               0           0           0           1
 partons...            1          -1
 x1 & x2   0.99827350291707895       0.84039109312487503     
 sv & ME   0.61337397531072291        30593.722874619438     
 plepton   =    45.796838328482963       -4.7433367845344971        27.373829647255704        36.407601456086674     
 pneutrino =    45.796838328482934        4.7433367845344971       -27.373829647255704       -36.407601456086674     
 pleptonlab   =    49.104451519491860       -4.7433367845344971        27.373829647255704        40.489630795182180     
 pneutrinolab =    42.828778282605825        4.7433367845344971       -27.373829647255704       -32.595510305571977     
 sqrt(s) =    91.593676656965897     
 sqrt_fs_cm =    91.593676656965897     
 phind channel           0
 bbb pw(0) qmod c1q   0.0000000000000000        0.0000000000000000        0.0000000000000000        0.0000000000000000     
 reduced to Born momenta
   45.796838328482956        0.0000000000000000        0.0000000000000000        45.796785075588069     
   45.796838328482941        0.0000000000000000        0.0000000000000000       -45.796785075588055     
   45.796838328482963       -4.7433367845344971        27.373829647255704        36.407601456086674     
   45.796838328482934        4.7433367845344971       -27.373829647255704       -36.407601456086674     
 isvec for ranlux 
      128384    11388086    10466586    16512364     6221064    10759867     4294357     4958074     2428245      140484    15658108     6187047     6125357     5290921     3091457    10559473     4129276    15535479    13747368    10865395     4704666    11572707     3324263     2372157     4192111
  
 ====== DUMPING at point            1
 propag    0.0000000000000000        0.0000000000000000        0.0000000000000000        0.0000000000000000     
 test props.    0.0000000000000000        0.0000000000000000     
 Var           22.408730038986448     
 Var before    3.3670153303733201     
 iev, nphot and rad. pattern    0.0000000000000000                1               1           0           0           0
 partons...            1          -1
 x1 & x2   0.99996557262831720       0.86711455076065347     
 sv & ME    1.0000000000000000        151.89640369276867     
 plepton   =    44.535540385727828       -37.614899755527972        10.859342544498816       -21.227274663511235     
 pneutrino =    45.141492457770170        39.706156414624743       -8.6139064216518229        19.671424365302915     
 pleptonlab   =    43.134458184436468       -37.614899755527972        10.859342544498816       -18.104262344990747     
 pneutrinolab =    46.659468676467782        39.706156414624743       -8.6139064216518229        22.941591322643479     
 sqrt(s) =    93.117382817910141     
 sqrt_fs_cm =    89.611016128974796     
 phind channel           0
 bbb pw(0) qmod c1q   0.0000000000000000        0.0000000000000000        0.0000000000000000        0.0000000000000000     
 reduced to Born momenta
   44.805508064487398        0.0000000000000000        0.0000000000000000        44.805453633360806     
   44.805508064487398        0.0000000000000000        0.0000000000000000       -44.805453633360806     
   44.805508064487398       -38.656994103550502        9.7404190100364758       -20.451978721198582     
   44.805508064487398        38.656994103550502       -9.7404190100364758        20.451978721198582     
 >> Photon n.           1
 cm momentum     3.4403499744121455       -2.0912566590967714       -2.2454361228469937        1.5558502982083202     
 lab momentum    3.5600793085442710       -2.0912566590967714       -2.2454361228469937        1.8052221157304507     
 c_ph_up    0.45223605440727560     
 c_ph_up lab   0.50707356754605903     
 c_ph_lep  0.13870478166121092     
 c_ph_lep lab   0.14063561716591211     
 isvec for ranlux 
     6248706     2443650     5424569     7840856     8854079     5077390    15263352    16554528     1529883     2696089     2519233     5653265    15789071      882553     5947087     9218297     5428618    10255587     4747224    14768239    10404210    13291405    15495887    10569314     4080721
  
 ====== DUMPING at point            1
 propag    0.0000000000000000        0.0000000000000000        0.0000000000000000        0.0000000000000000     
 test props.    0.0000000000000000        0.0000000000000000     
 Var           7.8961043481580617     
 Var before    6.9918562426281312     
 iev, nphot and rad. pattern    0.0000000000000000                1               1           0           0           0
 partons...            1          -1
 x1 & x2   0.99996658221117540       0.81989965141055554     
 sv & ME    1.0000000000000000        571753.66746783874     
 plepton   =    45.096369463197334        6.7133412311343079        38.098845666391654        23.174994789051205     
 pneutrino =    45.215039416787953       -6.6754680636821639       -38.104161623688299       -23.407255688286437     
 pleptonlab   =    47.623114616915970        6.7133412311343079        38.098845666391654        27.773348565257102     
 pneutrinolab =    43.110553341849084       -6.6754680636821639       -38.104161623688299       -19.026813680581007     
 sqrt(s) =    90.546797413113808     
 sqrt_fs_cm =    90.311102119984994     
 phind channel           0
 bbb pw(0) qmod c1q   0.0000000000000000        0.0000000000000000        0.0000000000000000        0.0000000000000000     
 reduced to Born momenta
   45.155551059992497        0.0000000000000000        0.0000000000000000        45.155497050813089     
   45.155551059992497        0.0000000000000000        0.0000000000000000       -45.155497050813089     
   45.155551059992497        6.6944170888447987        38.101501898733837        23.291048940343718     
   45.155551059992497       -6.6944170888447987       -38.101501898733837       -23.291048940343718     
 >> Photon n.           1
 cm momentum    0.23538853312851926       -3.7873167452144058E-002   5.3159572966485699E-003  0.23226089923523088     
 lab momentum   0.25964372232149435       -3.7873167452144058E-002   5.3159572966485699E-003  0.25681165535489880     
 c_ph_up    0.98671288761725384     
 c_ph_up lab   0.98909248819392270     
 c_ph_lep  0.50219986834556185     
 c_ph_lep lab   0.57264770785020758     
 isvec for ranlux 
     7855762    10679782    12751128     4956546     6157306     5299750     9190006     9178379    11225146    12915425    15463599    10308232    14775419     8564287    11193219    12481782      881381     4959368    11788924    15972496     4836026    13197498     9498365     4462520     4120923
  
 ====== DUMPING at point            1
 propag    0.0000000000000000        0.0000000000000000        0.0000000000000000        0.0000000000000000     
 test props.    0.0000000000000000        0.0000000000000000     
 Var           6.9591686971584519     
 Var before    2.8203784843328279     
 iev, nphot and rad. pattern    0.0000000000000000                1               0           0           0           1
 partons...            1          -1
 x1 & x2   0.99996343457411607       0.82095543503000623     
 sv & ME    1.0000000000000000        199555434782.94623     
 plepton   =    45.302467113617681      -0.67924541354109136       -31.155076822450535        32.881638899913938     
 pneutrino =    45.257032489697984       0.67861067247112861        31.123921248738121       -32.848574394327478     
 pleptonlab   =    48.771181199398839      -0.67924541354109136       -31.155076822450535        37.516886407969899     
 pneutrinolab =    42.232372460918839       0.67861067247112861        31.123921248738121       -28.537749274318461     
 sqrt(s) =    90.604934548008629     
 sqrt_fs_cm =    90.559488205647057     
 phind channel           0
 bbb pw(0) qmod c1q   0.0000000000000000        0.0000000000000000        0.0000000000000000        0.0000000000000000     
 reduced to Born momenta
   45.302467274004321        0.0000000000000000        0.0000000000000000        45.302413439977258     
   45.302467274004307        0.0000000000000000        0.0000000000000000       -45.302413439977244     
   45.302467274004314      -0.67926867822206871       -31.155122246402343        32.881595601419285     
   45.302467274004314       0.67926867822206871        31.155122246402343       -32.881595601419285     
 >> Photon n.           1
 cm momentum     4.5434944692965357E-002   6.3474106996272536E-004   3.1155573712414484E-002  -3.3064505586462817E-002
 lab momentum    4.2389819888447137E-002   6.3474106996272536E-004   3.1155573712414484E-002  -2.8737156445956834E-002
 c_ph_up   -0.72773293353611490     
 c_ph_up lab  -0.67792589167827100     
 c_ph_lep -0.99999566679877283     
 c_ph_lep lab  -0.99120504377174412     
 isvec for ranlux 
    14376841     9367055    11411008     3416353     1394422    12230973     5252183    16075032     6397709     9393473    12531793     9363946    15390017     9736584    16117207    13485524     9250666     8140315     3126542     1982896     8250996    15449780     6880094     7144020    -4021707
  
 ====== DUMPING at point            1
 propag    0.0000000000000000        0.0000000000000000        0.0000000000000000        0.0000000000000000     
 test props.    0.0000000000000000        0.0000000000000000     
 Var           3.6531638939491833     
 Var before    1.5598837108852346     
 iev, nphot and rad. pattern    0.0000000000000000                1               0           0           1           0
 partons...            1          -1
 x1 & x2   0.99995658662531595       0.99999397201380025     
 sv & ME    1.0000000000000000        220.02317465705190     
 plepton   =    36.273889935742517       -5.2118631907714139        35.231155214530311        6.8837570925512805     
 pneutrino =    49.988073670068253        6.5564718589681270       -48.754964274764973       -8.8748228648043721     
 pleptonlab   =    36.273761262932560       -5.2118631907714139        35.231155214530311        6.8830790202578926     
 pneutrinolab =    49.988239577253438        6.5564718589681270       -48.754964274764973       -8.8757573012318520     
 sqrt(s) =    99.997527914484536     
 sqrt_fs_cm =    85.161379969165054     
 phind channel           0
 bbb pw(0) qmod c1q   0.0000000000000000        0.0000000000000000        0.0000000000000000        0.0000000000000000     
 reduced to Born momenta
   49.998763957242275        0.0000000000000000        0.0000000000000000        49.998715179756665     
   49.998763957242261        0.0000000000000000        0.0000000000000000       -49.998715179756651     
   49.998763957242268       -6.8461111584362424        48.673595059930719        9.1584463479775557     
   49.998763957242268        6.8461111584362424       -48.673595059930719       -9.1584463479775557     
 >> Photon n.           1
 cm momentum     13.735564308673768       -1.3446086681967127        13.523809060234662        1.9910657722530907     
 lab momentum    13.735527091769816       -1.3446086681967127        13.523809060234662        1.9908090115497461     
 c_ph_up    0.14495696918660761     
 c_ph_up lab   0.14493866877104541     
 c_ph_lep  0.99785868627996543     
 c_ph_lep lab   0.99785867288565078     
 isvec for ranlux 
     3625164     3138586     8740867    10283008     6718097    15891848     3933805     6454862    16458319     3251553     8633176    10709792    16755748     1257429     5841939     1219885     1888329     6454650    13324105    10731172    10604091     2171782    16072306    10173828     4181909
  
 ====== DUMPING at point            1
 propag    0.0000000000000000        0.0000000000000000        0.0000000000000000        0.0000000000000000     
 test props.    0.0000000000000000        0.0000000000000000     
 Var           3.8685547335061665     
 Var before    3.3511688650465028     
 iev, nphot and rad. pattern    0.0000000000000000                1               0           0           1           0
 partons...            1          -1
 x1 & x2   0.82559319070345383       0.99997537041035334     
 sv & ME    1.0000000000000000        1171893.5435006670     
 plepton   =    45.086503505544130       -26.246581603761950       -2.5727662887749774       -36.568831843584817     
 pneutrino =    45.424573335194225        26.517155860493869        2.5877946763988700        36.790276742313985     
 pleptonlab   =    48.802796039071332       -26.246581603761950       -2.5727662887749774       -41.063360374914964     
 pneutrinolab =    42.102811303534764        26.517155860493869        2.5877946763988700        32.600296313878282     
 sqrt(s) =    90.861039873091457     
 sqrt_fs_cm =    90.510400268400261     
 phind channel           0
 bbb pw(0) qmod c1q   0.0000000000000000        0.0000000000000000        0.0000000000000000        0.0000000000000000     
 reduced to Born momenta
   45.430519936545736        0.0000000000000000        0.0000000000000000        45.430466254258050     
   45.430519936545721        0.0000000000000000        0.0000000000000000       -45.430466254258036     
   45.430519936545728       -26.483819685474625       -2.5902625218990161       -36.821445014397831     
   45.430519936545728        26.483819685474625        2.5902625218990161        36.821445014397831     
 >> Photon n.           1
 cm momentum    0.34996303235309889      -0.27057425673192076       -1.5028387623892759E-002 -0.22144489872916631     
 lab momentum   0.37282071308424364      -0.27057425673192076       -1.5028387623892759E-002 -0.25604492430829107     
 c_ph_up   -0.63276654462673976     
 c_ph_up lab  -0.68677762614126647     
 c_ph_lep  0.96575917922208721     
 c_ph_lep lab   0.97030601172752229     
 isvec for ranlux 
    16281071     6216508     5788901     5598226     2151985    11312847     4878172    15215368      933416    10490822     4859569     3569103     7793955     9042226    15803846    11186175     1469788    15694173    11573162    10117844     1302401    12204826     4381916     1083041    -4200822
  
 ====== DUMPING at point            1
 propag    0.0000000000000000        0.0000000000000000        0.0000000000000000        0.0000000000000000     
 test props.    0.0000000000000000        0.0000000000000000     
 Var           2.6199688845215725     
 Var before    2.0376721957038382     
 iev, nphot and rad. pattern    0.0000000000000000                0               0           0           1           0
 partons...            1          -1
 x1 & x2   0.85304244810002561       0.99997909214205927     
 sv & ME   0.62332367358312202        10561.819057452962     
 plepton   =    46.179665785107829        31.392944811342893        32.221641870363115        10.430684521297378     
 pneutrino =    46.179665785107829       -31.392944811342893       -32.221641870363115       -10.430684521297378     
 pleptonlab   =    45.495817376327707        31.392944811342893        32.221641870363115        6.7902169552037517     
 pneutrinolab =    47.155259635776545       -31.392944811342893       -32.221641870363115       -14.137049157305439     
 sqrt(s) =    92.359331570215659     
 sqrt_fs_cm =    92.359331570215659     
 phind channel           0
 bbb pw(0) qmod c1q   0.0000000000000000        0.0000000000000000        0.0000000000000000        0.0000000000000000     
 reduced to Born momenta
   46.179665785107829        0.0000000000000000        0.0000000000000000        46.179612973677671     
   46.179665785107829        0.0000000000000000        0.0000000000000000       -46.179612973677671     
   46.179665785107829        31.392944811342893        32.221641870363115        10.430684521297378     
   46.179665785107829       -31.392944811342893       -32.221641870363115       -10.430684521297378     
 isvec for ranlux 
      589876    16710617     5688859    14464672     6555815    10676443     8690630    14425228     3486349    14953393     3964495     2454096     6889208    10385107     6558022     6916769    16140560    10878330     7171221     6209201     3307280     2406960     2255942    12891023    -4131909
  
 ====== DUMPING at point            1
 propag    0.0000000000000000        0.0000000000000000        0.0000000000000000        0.0000000000000000     
 test props.    0.0000000000000000        0.0000000000000000     
 Var           3.8123117507167730     
 Var before    2.5372687385410493     
 iev, nphot and rad. pattern    0.0000000000000000                0               0           0           1           0
 partons...            1          -1
 x1 & x2   0.99999372693005295       0.97475447166820783     
 sv & ME   0.62113323113930508        704.21171907151415     
 plepton   =    49.364672513985802       -36.836060433609390        27.822406634843627        17.489370185872410     
 pneutrino =    49.364672513985788        36.836060433609390       -27.822406634843627       -17.489370185872410     
 pleptonlab   =    49.592254851955715       -36.836060433609390        27.822406634843627        18.121780221234957     
 pneutrinolab =    49.145155077957327        36.836060433609390       -27.822406634843627       -16.859817458142700     
 sqrt(s) =    98.729345027971590     
 sqrt_fs_cm =    98.729345027971590     
 phind channel           0
 bbb pw(0) qmod c1q   0.0000000000000000        0.0000000000000000        0.0000000000000000        0.0000000000000000     
 reduced to Born momenta
   49.364672513985795        0.0000000000000000        0.0000000000000000        49.364623109950557     
   49.364672513985795        0.0000000000000000        0.0000000000000000       -49.364623109950557     
   49.364672513985802       -36.836060433609390        27.822406634843627        17.489370185872410     
   49.364672513985788        36.836060433609390       -27.822406634843627       -17.489370185872410     
 isvec for ranlux 
      967810    11456834     2073196    13672572      914731    14213416    14531555     6903009    10809960     7531742      188247     6441234     2047527     4539316     1091363    10799839      413692    16678438     8415685     9873525       76217     2082991    14756786    11021465     4222212
  
 ====== DUMPING at point            1
 propag    0.0000000000000000        0.0000000000000000        0.0000000000000000        0.0000000000000000     
 test props.    0.0000000000000000        0.0000000000000000     
 Var           2.1124646405831538     
 Var before    1.6068826383973456     
 iev, nphot and rad. pattern    0.0000000000000000                0               0           1           0           0
 partons...            1          -1
 x1 & x2   0.94606349331249207       0.99999410971316138     
 sv & ME   0.61962928706613662        1198.4079821717264     
 plepton   =    48.632754413233386        6.3904695093120081        41.652082749294365        24.277552187625734     
 pneutrino =    48.632754413233386       -6.3904695093120081       -41.652082749294365       -24.277552187625734     
 pleptonlab   =    47.978383732249327        6.3904695093120081        41.652082749294365        22.938614691475742     
 pneutrinolab =    49.324496419033316       -6.3904695093120081       -41.652082749294365       -25.635145511509208     
 sqrt(s) =    97.265508826466771     
 sqrt_fs_cm =    97.265508826466771     
 phind channel           0
 bbb pw(0) qmod c1q   0.0000000000000000        0.0000000000000000        0.0000000000000000        0.0000000000000000     
 reduced to Born momenta
   48.632754413233386        0.0000000000000000        0.0000000000000000        48.632704265671585     
   48.632754413233386        0.0000000000000000        0.0000000000000000       -48.632704265671585     
   48.632754413233386        6.3904695093120081        41.652082749294365        24.277552187625734     
   48.632754413233386       -6.3904695093120081       -41.652082749294365       -24.277552187625734     
 isvec for ranlux 
     6278223    16248912    11234475     9253621     3808085    14868497      308127     6953958     3677402    10025088    14218613    16277377    16218465     7865780     2063635    12286486     4328490    11395543     2529566    10026871    11974596      380626     6474734     9416013     4040115
  
 ====== DUMPING at point            1
 propag    0.0000000000000000        0.0000000000000000        0.0000000000000000        0.0000000000000000     
 test props.    0.0000000000000000        0.0000000000000000     
 Var           1.7747401109635783     
 Var before    1.5288707712571581     
 iev, nphot and rad. pattern    3.0000000000000000                1               0           0           0           1
 partons...            1          -1
 x1 & x2   0.99999925387220767       0.99999644112484720     
 sv & ME    1.0000000000000000        57.036872210153490     
 plepton   =    49.836544024232715        23.884122673643393       -31.356809226507266        30.495395649681303     
 pneutrino =    41.361273441696923       -18.172020892345053        27.406781118502899       -25.087642026264700     
 pleptonlab   =    49.836586912296134        23.884122673643393       -31.356809226507266        30.495465738666159     
 pneutrinolab =    41.361238159062438       -18.172020892345053        27.406781118502899       -25.087583856757952     
 sqrt(s) =    99.999784749753843     
 sqrt_fs_cm =    90.772062235489102     
 phind channel           0
 bbb pw(0) qmod c1q   0.0000000000000000        0.0000000000000000        0.0000000000000000        0.0000000000000000     
 reduced to Born momenta
   49.999892374876929        0.0000000000000000        0.0000000000000000        49.999843598492149     
   49.999892374876914        0.0000000000000000        0.0000000000000000       -49.999843598492134     
   49.999892374876929        23.019214636373686       -32.267372628727891        30.478032990519406     
   49.999892374876914       -23.019214636373686        32.267372628727891       -30.478032990519406     
 >> Photon n.           1
 cm momentum     8.8019672838242027       -5.7121017812983395        3.9500281080043673       -5.4077536234166041     
 lab momentum    8.8019596784941712       -5.7121017812983395        3.9500281080043673       -5.4077412445401842     
 c_ph_up   -0.61438010947333244     
 c_ph_up lab  -0.61437923395092564     
 c_ph_lep -0.96931955962354288     
 c_ph_lep lab  -0.96931956646326678     
 isvec for ranlux 
     1510057    14701691     1746267    11939164     5291466     2302642    12243035     1554293     3135487    16058417    15394901    13173481    15892551     9067278    15449141    15352093    13718544     4462058     3135469     3792738    13604471     2508912    16009452     6874306     4062212
  
 ====== DUMPING at point            1
 propag    0.0000000000000000        0.0000000000000000        0.0000000000000000        0.0000000000000000     
 test props.    0.0000000000000000        0.0000000000000000     
 Var           1.4582273659830605     
 Var before    1.2705688721247153     
 iev, nphot and rad. pattern    5.0000000000000000                0               0           1           0           0
 partons...            1          -1
 x1 & x2   0.99999440394931038       0.87646601863749019     
 sv & ME   0.61683366664547146        4941.8814627694865     
 plepton   =    46.809750957712389       -42.847577512228561        5.4819752213074588        18.032600201804637     
 pneutrino =    46.809750957712374        42.847577512228561       -5.4819752213074588       -18.032600201804637     
 pleptonlab   =    48.101186828871299       -42.847577512228561        5.4819752213074588        21.160010861553214     
 pneutrinolab =    45.721834300468736        42.847577512228561       -5.4819752213074588       -14.983591595962199     
 sqrt(s) =    93.619501915424763     
 sqrt_fs_cm =    93.619501915424763     
 phind channel           0
 bbb pw(0) qmod c1q   0.0000000000000000        0.0000000000000000        0.0000000000000000        0.0000000000000000     
 reduced to Born momenta
   46.809750957712389        0.0000000000000000        0.0000000000000000        46.809698857154125     
   46.809750957712374        0.0000000000000000        0.0000000000000000       -46.809698857154110     
   46.809750957712389       -42.847577512228561        5.4819752213074588        18.032600201804637     
   46.809750957712374        42.847577512228561       -5.4819752213074588       -18.032600201804637     
 isvec for ranlux 
     2265079     5094679     2614794    15937803     3393458    10586571    16202663     4326977     6849353    13694817     2264368     3234399     3024651    11928566    10069379    12924594    13331987     1147804    13900516    14441095     7339655     4291870      518061     2607821     4061505
  
 ====== DUMPING at point            1
 propag    0.0000000000000000        0.0000000000000000        0.0000000000000000        0.0000000000000000     
 test props.    0.0000000000000000        0.0000000000000000     
 Var           1.6402556808730921     
 Var before    1.4122643837876578     
 iev, nphot and rad. pattern    5.0000000000000000                0               1           0           0           0
 partons...            1          -1
 x1 & x2   0.82687504001784606       0.99999603409471338     
 sv & ME   0.70380795076505076        19465.965841583493     
 plepton   =    45.466244641210295        27.435010295681113        20.959514361926967       -29.583563103030102     
 pneutrino =    45.466244641210295       -27.435010295681113       -20.959514361926967        29.583563103030102     
 pleptonlab   =    48.487896752944351        27.435010295681113        20.959514361926967       -34.045321787593245     
 pneutrinolab =    42.855656952683631       -27.435010295681113       -20.959514361926967        25.389272083749880     
 sqrt(s) =    90.932489282420590     
 sqrt_fs_cm =    90.932489282420590     
 phind channel           0
 bbb pw(0) qmod c1q   0.0000000000000000        0.0000000000000000        0.0000000000000000        0.0000000000000000     
 reduced to Born momenta
   45.466244641210288        0.0000000000000000        0.0000000000000000        45.466191001103041     
   45.466244641210302        0.0000000000000000        0.0000000000000000       -45.466191001103056     
   45.466244641210295        27.435010295681113        20.959514361926967       -29.583563103030102     
   45.466244641210295       -27.435010295681113       -20.959514361926967        29.583563103030102     
 isvec for ranlux 
     4642938     3282099     7862600     9289802      224962     4830998     6313530    10693510     8280442      185446     9554614     9618286     4571986     6349219     2459346    14602279     7854893     2174489    11224342     4831347    11227416     3027785      778085     4799141     4001101
  
 ====== DUMPING at point            1
 propag    0.0000000000000000        0.0000000000000000        0.0000000000000000        0.0000000000000000     
 test props.    0.0000000000000000        0.0000000000000000     
 Var           1.1762475340895973     
 Var before    1.0468485779353134     
 iev, nphot and rad. pattern    11.000000000000000                1               0           0           0           1
 partons...            1          -1
 x1 & x2   0.83808370892026751       0.99999639921923700     
 sv & ME    1.0000000000000000        330170392.18227804     
 plepton   =    45.773327901756268       -10.167474043090222       -41.188596539928191        17.184538695127461     
 pneutrino =    45.651910528685839        10.138250276094281        41.078239635279715       -17.142925101436980     
 pleptonlab   =    44.432298880476552       -10.167474043090222       -41.188596539928191        13.203787591696230     
 pneutrinolab =    47.346043673694687        10.138250276094281        41.078239635279715       -21.246900895559946     
 sqrt(s) =    91.546747138528659     
 sqrt_fs_cm =    91.425157684835568     
 phind channel           0
 bbb pw(0) qmod c1q   0.0000000000000000        0.0000000000000000        0.0000000000000000        0.0000000000000000     
 reduced to Born momenta
   45.773373569264329        0.0000000000000000        0.0000000000000000        45.773320289070426     
   45.773373569264329        0.0000000000000000        0.0000000000000000       -45.773320289070426     
   45.773373569264322       -10.166355155806631       -41.188086434886600        17.186544821408159     
   45.773373569264336        10.166355155806631        41.188086434886600       -17.186544821408159     
 >> Photon n.           1
 cm momentum    0.12150870808655315        2.9223766995940849E-002  0.11035690464847973       -4.1613593690481634E-002
 lab momentum   0.12566285280398826        2.9223766995940849E-002  0.11035690464847973       -5.2521211084761980E-002
 c_ph_up   -0.34247416786654844     
 c_ph_up lab  -0.41795335624510888     
 c_ph_lep -0.99925298210001012     
 c_ph_lep lab  -0.99150764884512599     
 isvec for ranlux 
    16734948    11394195    12033590    13454350     5996510    10906036    13332991      456172     1092139       10768     7749576     7138986    12564251    13454008    16381850     5506182     7531183     5321383     8895340    13848443    16213969     2302498     5932539     2280207     4061808
  
 ====== DUMPING at point            1
 propag    0.0000000000000000        0.0000000000000000        0.0000000000000000        0.0000000000000000     
 test props.    0.0000000000000000        0.0000000000000000     
 Var           1.2639122418185806     
 Var before    1.1459559850236687     
 iev, nphot and rad. pattern    12.000000000000000                0               0           1           0           0
 partons...            1          -1
 x1 & x2   0.99999826170908745       0.99951415262764098     
 sv & ME   0.63872697953567092        907.26852149721844     
 plepton   =    49.987808893300993        19.885858839711464       -18.469230473015696        41.978685284360822     
 pneutrino =    49.987808893300993       -19.885858839711464        18.469230473015696       -41.978685284360822     
 pleptonlab   =    49.997973967917851        19.885858839711464       -18.469230473015696        41.990789241770877     
 pneutrinolab =    49.977646748918588       -19.885858839711464        18.469230473015696       -41.966583787698546     
 sqrt(s) =    99.975617786601987     
 sqrt_fs_cm =    99.975617786601987     
 phind channel           0
 bbb pw(0) qmod c1q   0.0000000000000000        0.0000000000000000        0.0000000000000000        0.0000000000000000     
 reduced to Born momenta
   49.987808893300993        0.0000000000000000        0.0000000000000000        49.987760105125552     
   49.987808893300993        0.0000000000000000        0.0000000000000000       -49.987760105125552     
   49.987808893300993        19.885858839711464       -18.469230473015696        41.978685284360822     
   49.987808893300993       -19.885858839711464        18.469230473015696       -41.978685284360822     
 isvec for ranlux 
     9043361     6160419    12317314     7354534    15611852    13426542    13802222    15241129     1168916     1466164     1515282     5973447    12996594     1578991     5027516     3396557    14521378     6214749    14570713     1406367     1513124     6573103     5116147     5972820     4082414
  
 ====== DUMPING at point            1
 propag    0.0000000000000000        0.0000000000000000        0.0000000000000000        0.0000000000000000     
 test props.    0.0000000000000000        0.0000000000000000     
 Var           1.6299865279388366     
 Var before    1.0248595209916893     
 iev, nphot and rad. pattern    14.000000000000000                0               0           0           0           1
 partons...            1          -1
 x1 & x2   0.99999976780748323       0.99996625119885718     
 sv & ME   0.67891640459237212        322.38430710667865     
 plepton   =    49.999150468137380       -37.630353682434233       -24.120394054318130       -22.406850654281996     
 pneutrino =    49.999150468137380        37.630353682434233        24.120394054318130        22.406850654281996     
 pleptonlab   =    49.998774967956450       -37.630353682434233       -24.120394054318130       -22.406012742212830     
 pneutrinolab =    49.999525982360588        37.630353682434233        24.120394054318130        22.407688572644133     
 sqrt(s) =    99.998300936274759     
 sqrt_fs_cm =    99.998300936274759     
 phind channel           0
 bbb pw(0) qmod c1q   0.0000000000000000        0.0000000000000000        0.0000000000000000        0.0000000000000000     
 reduced to Born momenta
   49.999150468137380        0.0000000000000000        0.0000000000000000        49.999101691028834     
   49.999150468137380        0.0000000000000000        0.0000000000000000       -49.999101691028834     
   49.999150468137380       -37.630353682434233       -24.120394054318130       -22.406850654281996     
   49.999150468137380        37.630353682434233        24.120394054318130        22.406850654281996     
 isvec for ranlux 
      723934     6656971     4155702    15222785    16203746     5545852    13970552     5516560    10433381    14935244    11784819    12435100    10400715    15238814     4364304     5660490    13970402     8825039     5317771    15239944    10017119     5751991     7032315     4864700    -4042010
  
 ====== DUMPING at point            1
 propag    0.0000000000000000        0.0000000000000000        0.0000000000000000        0.0000000000000000     
 test props.    0.0000000000000000        0.0000000000000000     
 Var           1.1635050695616267     
 Var before   0.98770901992988658     
 iev, nphot and rad. pattern    24.000000000000000                0               0           1           0           0
 partons...            1          -1
 x1 & x2   0.99999735512027632       0.99999969932915445     
 sv & ME   0.65539485363519767        335.29193021302746     
 plepton   =    49.999926361201432       -48.760408811124954        4.3021451306052985       -10.192916770055310     
 pneutrino =    49.999926361201418        48.760408811124954       -4.3021451306052985        10.192916770055310     
 pleptonlab   =    49.999938308416368       -48.760408811124954        4.3021451306052985       -10.192975375284268     
 pneutrinolab =    49.999914414055176        48.760408811124954       -4.3021451306052985        10.192858164840358     
 sqrt(s) =    99.999852722402849     
 sqrt_fs_cm =    99.999852722402849     
 phind channel           0
 bbb pw(0) qmod c1q   0.0000000000000000        0.0000000000000000        0.0000000000000000        0.0000000000000000     
 reduced to Born momenta
   49.999926361201425        0.0000000000000000        0.0000000000000000        49.999877584849798     
   49.999926361201425        0.0000000000000000        0.0000000000000000       -49.999877584849798     
   49.999926361201432       -48.760408811124954        4.3021451306052985       -10.192916770055310     
   49.999926361201418        48.760408811124954       -4.3021451306052985        10.192916770055310     
 isvec for ranlux 
    13287724     6240280    14526839    13498692    15161803    14587797     4592773    13769300     1913369     6058336    13287711    12005178    10897484    13673386     3182128    12348131     6469346    14699094     8756862     6529777    15346308    12549812     6160981     4345781     4021707
  
 ====== DUMPING at point            1
 propag    0.0000000000000000        0.0000000000000000        0.0000000000000000        0.0000000000000000     
 test props.    0.0000000000000000        0.0000000000000000     
 Var           2.8319447539976621     
 Var before    1.1012395944704769     
 iev, nphot and rad. pattern    25.000000000000000                0               0           1           0           0
 partons...            1          -1
 x1 & x2   0.88301828348289313       0.99999970096184654     
 sv & ME   0.61755060973499420        5414.9534449325974     
 plepton   =    46.984519243755614       -31.876437531015711        13.137155519719085        31.919300745118793     
 pneutrino =    46.984519243755599        31.876437531015711       -13.137155519719085       -31.919300745118793     
 pleptonlab   =    45.088643581067842       -31.876437531015711        13.137155519719085        29.056539564632772     
 pneutrinolab =    49.062255641169152        31.876437531015711       -13.137155519719085       -34.905610438580439     
 sqrt(s) =    93.969038487511213     
 sqrt_fs_cm =    93.969038487511213     
 phind channel           0
 bbb pw(0) qmod c1q   0.0000000000000000        0.0000000000000000        0.0000000000000000        0.0000000000000000     
 reduced to Born momenta
   46.984519243755599        0.0000000000000000        0.0000000000000000        46.984467336995955     
   46.984519243755614        0.0000000000000000        0.0000000000000000       -46.984467336995969     
   46.984519243755614       -31.876437531015711        13.137155519719085        31.919300745118793     
   46.984519243755599        31.876437531015711       -13.137155519719085       -31.919300745118793     
 isvec for ranlux 
    15178046    13118448    16168024     1561436    11084004     3554903     3363265      832988    10332726    15759272     5698422    10274091     5467390     5069475     4777207     8248681    14607832    14459719     5811481      597844     2757017     5480724     5467431     3500261    -4130317
  
 ====== DUMPING at point            1
 propag    0.0000000000000000        0.0000000000000000        0.0000000000000000        0.0000000000000000     
 test props.    0.0000000000000000        0.0000000000000000     
 Var           1.6657134720043292     
 Var before    1.0944668919813101     
 iev, nphot and rad. pattern    93.000000000000000                0               0           0           1           0
 partons...            1          -1
 x1 & x2   0.99999984698269462       0.77287423381798748     
 sv & ME   0.66741393715265351        2110.9806664932830     
 plepton   =    43.956629635211293        41.445816868410155       -12.761939844805870       -7.1799220541334661     
 pneutrino =    43.956629635211307       -41.445816868410155        12.761939844805870        7.1799220541334661     
 pleptonlab   =    43.394378614666614        41.445816868410155       -12.761939844805870       -1.5614375329585668     
 pneutrinolab =    45.249325425367473       -41.445816868410155        12.761939844805870        12.917718191193924     
 sqrt(s) =    87.913259270422600     
 sqrt_fs_cm =    87.913259270422600     
 phind channel           0
 bbb pw(0) qmod c1q   0.0000000000000000        0.0000000000000000        0.0000000000000000        0.0000000000000000     
 reduced to Born momenta
   43.956629635211300        0.0000000000000000        0.0000000000000000        43.956574152924347     
   43.956629635211300        0.0000000000000000        0.0000000000000000       -43.956574152924347     
   43.956629635211293        41.445816868410155       -12.761939844805870       -7.1799220541334661     
   43.956629635211307       -41.445816868410155        12.761939844805870        7.1799220541334661     
 isvec for ranlux 
     3407903     3420300    16179011      201945      566124    15224676    13010251    11188888     4701553     8859906    13523432     2310948     3540188    11018582     1184925     6730145    11656601      201935     4667291    13335228     5887760      118833    14980099    15571868    -4170923
  
 ====== DUMPING at point            1
 propag    0.0000000000000000        0.0000000000000000        0.0000000000000000        0.0000000000000000     
 test props.    0.0000000000000000        0.0000000000000000     
 Var           1.2560392337193187     
 Var before   0.99598262328094889     
 iev, nphot and rad. pattern    252.00000000000000                0               0           0           0           1
 partons...            1          -1
 x1 & x2   0.99999990459402699       0.83706836151604480     
 sv & ME   0.61049572617418657        23256.070273452140     
 plepton   =    45.745717877598203       -31.723386524204180       -24.556590076578889        21.983179289905880     
 pneutrino =    45.745717877598203        31.723386524204180        24.556590076578889       -21.983179289905880     
 pleptonlab   =    47.884132117714437       -31.723386524204180       -24.556590076578889        26.143442317760492     
 pneutrinolab =    43.969281187789143        31.723386524204180        24.556590076578889       -17.996865163861383     
 sqrt(s) =    91.491435755196406     
 sqrt_fs_cm =    91.491435755196406     
 phind channel           0
 bbb pw(0) qmod c1q   0.0000000000000000        0.0000000000000000        0.0000000000000000        0.0000000000000000     
 reduced to Born momenta
   45.745717877598196        0.0000000000000000        0.0000000000000000        45.745664565193579     
   45.745717877598210        0.0000000000000000        0.0000000000000000       -45.745664565193593     
   45.745717877598203       -31.723386524204180       -24.556590076578889        21.983179289905880     
   45.745717877598203        31.723386524204180        24.556590076578889       -21.983179289905880     
 isvec for ranlux 
    13109691     8048952     4753740     2027491    14835367      747375     1183069    10673415     4273591     6374871      531120     2095701     9265646     8606668    16126818        8932     1183061     4049914    14832066     3368045     6177531    10277563     1395445     1350611     4102111
  
 ====== DUMPING at point            1
 propag    0.0000000000000000        0.0000000000000000        0.0000000000000000        0.0000000000000000     
 test props.    0.0000000000000000        0.0000000000000000     
 Var           1.4871160472958140     
 Var before    1.0652221878180486     
 iev, nphot and rad. pattern    300.00000000000000                0               0           1           0           0
 partons...            1          -1
 x1 & x2   0.90242474682307050       0.99999994351454957     
 sv & ME   0.61704715752697059        2752.1247829931208     
 plepton   =    47.498018270481609        28.300698742723817       -28.989629332479279        24.793596305711365     
 pneutrino =    47.498018270481609       -28.300698742723817        28.989629332479279       -24.793596305711365     
 pleptonlab   =    46.287279904425880        28.300698742723817       -28.989629332479279        22.386892573518264     
 pneutrinolab =    48.833954612455102       -28.300698742723817        28.989629332479279       -27.265652408092219     
 sqrt(s) =    94.996036540963217     
 sqrt_fs_cm =    94.996036540963217     
 phind channel           0
 bbb pw(0) qmod c1q   0.0000000000000000        0.0000000000000000        0.0000000000000000        0.0000000000000000     
 reduced to Born momenta
   47.498018270481602        0.0000000000000000        0.0000000000000000        47.497966924884309     
   47.498018270481616        0.0000000000000000        0.0000000000000000       -47.497966924884324     
   47.498018270481609        28.300698742723817       -28.989629332479279        24.793596305711365     
   47.498018270481609       -28.300698742723817        28.989629332479279       -24.793596305711365     
 isvec for ranlux 
     3862720     5412399    10909673    16270357     9486141    10836970    12351534    10751475     3491817     3227481     2404731     5093434     5934989    14330336     9984714     5412389    11893614    15734891    10004133     2459458     8728296     3075402     6321710     1551491     4090620
  
 ====== DUMPING at point            1
 propag    0.0000000000000000        0.0000000000000000        0.0000000000000000        0.0000000000000000     
 test props.    0.0000000000000000        0.0000000000000000     
 Var           1.2916503968768314     
 Var before    1.0486144415531371     
 iev, nphot and rad. pattern    486.00000000000000                1               0           0           1           0
 partons...            1          -1
 x1 & x2   0.84074566930948014       0.99999997002885554     
 sv & ME    1.0000000000000000        3129466.2246955005     
 plepton   =    42.916765466275940        37.552461520015697        6.3191759004303147       -19.791873183785015     
 pneutrino =    45.845955664373413       -40.117717471706328       -6.7877108728257882        21.126670657145610     
 pleptonlab   =    44.797051959903769        37.552461520015697        6.3191759004303147       -23.593332751733303     
 pneutrinolab =    44.183826293376121       -40.117717471706328       -6.7877108728257882        17.224838698781468     
 sqrt(s) =    91.692183097108668     
 sqrt_fs_cm =    88.714367016309666     
 phind channel           0
 bbb pw(0) qmod c1q   0.0000000000000000        0.0000000000000000        0.0000000000000000        0.0000000000000000     
 reduced to Born momenta
   45.846091548554334        0.0000000000000000        0.0000000000000000        45.846038352869982     
   45.846091548554334        0.0000000000000000        0.0000000000000000       -45.846038352869982     
   45.846091548554334        40.116768505986293        6.7694234062234830       -21.134633613368759     
   45.846091548554334       -40.116768505986293       -6.7694234062234830        21.134633613368759     
 >> Photon n.           1
 cm momentum     2.9294619664593129        2.5652559516906308       0.46853497239547337       -1.3347974733605958     
 lab momentum    3.0564037136368811        2.5652559516906308       0.46853497239547337       -1.5942209830169358     
 c_ph_up   -0.45564594749591358     
 c_ph_up lab  -0.52160026370336321     
 c_ph_lep  0.99990392737936007     
 c_ph_lep lab   0.99991178132733216     
 isvec for ranlux 
     3143006    11274168    14117435     7797559    11573660     2833597    11313478    12976336     7621697     7748998    16687087     1749377    10826938     8835050     3826530     4786550    11758635     2087738    16222554     2685710    15078280     1749380     5015629     8323909     4110216
  
