 ====== DUMPING at point            1
 propag    0.0000000000000000        0.0000000000000000        0.0000000000000000        0.0000000000000000     
 test props.    0.0000000000000000        0.0000000000000000     
 Var           3.1739754093595716     
 Var before    0.0000000000000000     
 iev, nphot and rad. pattern    0.0000000000000000                0               0           0           0           0
 partons...            1          -1
 x1 & x2   0.96671795055844412       0.84040681271654027     
 sv & ME    1.0000000000000000        24943.745925227679     
 plepton   =    45.067625620413153        3.9883413060449295       -5.0811165126663704        44.602187210735046     
 pneutrino =    45.067625620413168       -3.9883413060449295        5.0811165126663704       -44.602187210735046     
 pleptonlab   =    48.303285395425526        3.9883413060449295       -5.0811165126663704        47.869317990876638     
 pneutrinolab =    42.052952768323721       -3.9883413060449295        5.0811165126663704       -41.553761098781436     
 sqrt(s) =    90.135251240826321     
 sqrt_fs_cm =    90.135251240826321     
 phind channel           0
 bbb pw(0) qmod c1q   0.0000000000000000        0.0000000000000000        0.0000000000000000        0.0000000000000000     
 reduced to Born momenta
   45.444035983348869        0.0000000000000000        0.0000000000000000        45.443982317027491     
   45.444035983348869        0.0000000000000000        0.0000000000000000       -45.443982317027491     
   45.444035983348876       -34.152092317165511        8.0006185590294869        28.892454651641430     
   45.444035983348861        34.152092317165511       -8.0006185590294869       -28.892454651641430     
 isvec for ranlux 
     9644655    14614328     8305202     1457455     1056974    16450356    10467055     4514011      135838    16753179    11474510      425858    13826447     7299317     7668616    13721940      957152    13197359    14184585     9294164    15939178     5902395     5267822    14659295     4102414
  
 ====== DUMPING at point            1
 propag    0.0000000000000000        0.0000000000000000        0.0000000000000000        0.0000000000000000     
 test props.    0.0000000000000000        0.0000000000000000     
 Var           2.4728670328801359     
 Var before    2.0349708862701119     
 iev, nphot and rad. pattern    0.0000000000000000                0               0           0           0           0
 partons...            1          -1
 x1 & x2   0.99427728318130171       0.99976866665782238     
 sv & ME    1.0000000000000000        452.49703566084486     
 plepton   =    49.850959712284677        42.946285615871474        24.649366648503285        5.7560660326308799     
 pneutrino =    49.850959712284663       -42.946285615871474       -24.649366648503285       -5.7560660326308799     
 pleptonlab   =    49.835297112386790        42.946285615871474        24.649366648503285        5.6188032725879555     
 pneutrinolab =    49.867000379569383       -42.946285615871474       -24.649366648503285       -5.8933724464139932     
 sqrt(s) =    99.701919424569340     
 sqrt_fs_cm =    99.701919424569340     
 phind channel           0
 bbb pw(0) qmod c1q   0.0000000000000000        0.0000000000000000        0.0000000000000000        0.0000000000000000     
 reduced to Born momenta
   49.850959712284670        0.0000000000000000        0.0000000000000000        49.850910790177437     
   49.850959712284670        0.0000000000000000        0.0000000000000000       -49.850910790177437     
   49.850959712284677        42.946285615871474        24.649366648503285        5.7560660326308799     
   49.850959712284663       -42.946285615871474       -24.649366648503285       -5.7560660326308799     
 isvec for ranlux 
    13828964    12538209    14722825      978898    10903123    16188213     3834576      755982    12350293    13898296    16631971     2580472     9212313    13500588    11285027    12295266    14794390     9041223     4836823     6203403     5099258      436050     2993088    13331992     4071707
  
 ====== DUMPING at point            1
 propag    0.0000000000000000        0.0000000000000000        0.0000000000000000        0.0000000000000000     
 test props.    0.0000000000000000        0.0000000000000000     
 Var           1.5879129540087300     
 Var before    1.4312831309326095     
 iev, nphot and rad. pattern    0.0000000000000000                0               0           0           0           0
 partons...            1          -1
 x1 & x2   0.97854879033842779       0.84365987884084614     
 sv & ME    1.0000000000000000        22390.434340819709     
 plepton   =    45.430230956290949       -31.975820438781671        20.932307784834041        24.561761319543777     
 pneutrino =    45.430230956290949        31.975820438781671       -20.932307784834041       -24.561761319543777     
 pleptonlab   =    47.378402072763642       -31.975820438781671        20.932307784834041        28.001557409271985     
 pneutrinolab =    43.732031386200056        31.975820438781671       -20.932307784834041       -21.257111834392905     
 sqrt(s) =    90.860461912581897     
 sqrt_fs_cm =    90.860461912581897     
 phind channel           0
 bbb pw(0) qmod c1q   0.0000000000000000        0.0000000000000000        0.0000000000000000        0.0000000000000000     
 reduced to Born momenta
   45.430230956290949        0.0000000000000000        0.0000000000000000        45.430177273661791     
   45.430230956290949        0.0000000000000000        0.0000000000000000       -45.430177273661791     
   45.430230956290949       -31.975820438781671        20.932307784834041        24.561761319543777     
   45.430230956290949        31.975820438781671       -20.932307784834041       -24.561761319543777     
 isvec for ranlux 
     8965487     4677045     9993826    10061960    12404269    11384977    11035044     9685088    14068021     1324435      272948    14908356    11427211    15348884     8000738     8738368    12913065     1505022     4123979     3215547    11907780     4934906    11898556     4780317    -4080115
  
 ====== DUMPING at point            1
 propag    0.0000000000000000        0.0000000000000000        0.0000000000000000        0.0000000000000000     
 test props.    0.0000000000000000        0.0000000000000000     
 Var           1.6310760105413302     
 Var before    1.2352323549572304     
 iev, nphot and rad. pattern    0.0000000000000000                0               0           0           0           0
 partons...            1          -1
 x1 & x2   0.96318259554516339       0.99924355471594872     
 sv & ME    1.0000000000000000        544.58048630557619     
 plepton   =    49.052369988948634       -44.398522280580451       -18.155934783493304       -10.259487768869329     
 pneutrino =    49.052369988948634        44.398522280580451        18.155934783493304        10.259487768869329     
 pleptonlab   =    49.249210889256432       -44.398522280580451       -18.155934783493304       -11.162744329300239     
 pneutrinolab =    48.872096623799202        44.398522280580451        18.155934783493304        9.3596963707609717     
 sqrt(s) =    98.104739977897268     
 sqrt_fs_cm =    98.104739977897268     
 phind channel           0
 bbb pw(0) qmod c1q   0.0000000000000000        0.0000000000000000        0.0000000000000000        0.0000000000000000     
 reduced to Born momenta
   49.052369988948634        0.0000000000000000        0.0000000000000000        49.052320270371602     
   49.052369988948634        0.0000000000000000        0.0000000000000000       -49.052320270371602     
   49.052369988948634       -44.398522280580451       -18.155934783493304       -10.259487768869329     
   49.052369988948634        44.398522280580451        18.155934783493304        10.259487768869329     
 isvec for ranlux 
    11721521    11045222     4525189     9551634     3138826    12914592    10311113     5879490    10841622     2041022     1591996      713870     2223296     9465644     1698956     6906665      167992     7923134     5610804    11998942     7292850    14658741     2512720     2054019     4020115
  
 ====== DUMPING at point            1
 propag    0.0000000000000000        0.0000000000000000        0.0000000000000000        0.0000000000000000     
 test props.    0.0000000000000000        0.0000000000000000     
 Var           2.4115679502429210     
 Var before    1.3504525324295928     
 iev, nphot and rad. pattern    0.0000000000000000                0               0           0           0           0
 partons...            1          -1
 x1 & x2   0.99967724214925802       0.97555223158695292     
 sv & ME    1.0000000000000000        879.17790021521535     
 plepton   =    49.377053487561390        38.986649666223201       -12.425468983169029        27.635685549186455     
 pneutrino =    49.377053487561390       -38.986649666223201        12.425468983169029       -27.635685549186455     
 pleptonlab   =    49.718298098421542        38.986649666223201       -12.425468983169029        28.240872338926103     
 pneutrinolab =    49.043175588389005       -38.986649666223201        12.425468983169029       -27.034621810810854     
 sqrt(s) =    98.754106975122781     
 sqrt_fs_cm =    98.754106975122781     
 phind channel           0
 bbb pw(0) qmod c1q   0.0000000000000000        0.0000000000000000        0.0000000000000000        0.0000000000000000     
 reduced to Born momenta
   49.377053487561390        0.0000000000000000        0.0000000000000000        49.377004095913904     
   49.377053487561390        0.0000000000000000        0.0000000000000000       -49.377004095913904     
   49.377053487561390        38.986649666223201       -12.425468983169029        27.635685549186455     
   49.377053487561390       -38.986649666223201        12.425468983169029       -27.635685549186455     
 isvec for ranlux 
     5015453    15280816     4310583      768372    14533642     3155413     4422873      249048     4684845     1910008    16056781      794157     1869094     3063496    16774527    13424117     4046483    13961998    14383364     9654875    12256042     6035440    14952706     7070106    -4050721
  
 ====== DUMPING at point            1
 propag    0.0000000000000000        0.0000000000000000        0.0000000000000000        0.0000000000000000     
 test props.    0.0000000000000000        0.0000000000000000     
 Var           3.2364216290119887     
 Var before    2.1131721486828501     
 iev, nphot and rad. pattern    0.0000000000000000                0               0           0           0           0
 partons...            1          -1
 x1 & x2   0.99918788184465734       0.64860479197713217     
 sv & ME    1.0000000000000000        219.04142066858600     
 plepton   =    40.251647427463304       -18.829058791404851       -29.429820037255180        19.988401500318584     
 pneutrino =    40.251647427463318        18.829058791404851        29.429820037255180       -19.988401500318584     
 pleptonlab   =    45.547182529534830       -18.829058791404851       -29.429820037255180        29.221343403270964     
 pneutrinolab =    36.842451161554671        18.829058791404851        29.429820037255180       -11.692188909894698     
 sqrt(s) =    80.503294854926622     
 sqrt_fs_cm =    80.503294854926622     
 phind channel           0
 bbb pw(0) qmod c1q   0.0000000000000000        0.0000000000000000        0.0000000000000000        0.0000000000000000     
 reduced to Born momenta
   40.251647427463311        0.0000000000000000        0.0000000000000000        40.251586838275259     
   40.251647427463311        0.0000000000000000        0.0000000000000000       -40.251586838275259     
   40.251647427463304       -18.829058791404851       -29.429820037255180        19.988401500318584     
   40.251647427463318        18.829058791404851        29.429820037255180       -19.988401500318584     
 isvec for ranlux 
    13339185     3157215     2885755    13075980     2672839    15264749     5589110    16308282     7842139    12049687    13366755     6076284      742419    12796796     4739940     6325708    16429432     3537523     6895768     4781887    12457939      764822     9148973    10794182    -4081303
  
 ====== DUMPING at point            1
 propag    0.0000000000000000        0.0000000000000000        0.0000000000000000        0.0000000000000000     
 test props.    0.0000000000000000        0.0000000000000000     
 Var           2.1147047801555066     
 Var before    1.9186143365869792     
 iev, nphot and rad. pattern    0.0000000000000000                0               0           0           0           0
 partons...            1          -1
 x1 & x2   0.99793031839902546       0.89552806292802889     
 sv & ME    1.0000000000000000        3306.3887534904247     
 plepton   =    47.267182192643730        22.751902458642128        35.642236896801904        21.122434335222728     
 pneutrino =    47.267182192643716       -22.751902458642128       -35.642236896801904       -21.122434335222728     
 pleptonlab   =    48.480479980676968        22.751902458642128        35.642236896801904        23.713448904999868     
 pneutrinolab =    46.192439085675751       -22.751902458642128       -35.642236896801904       -18.593336131450041     
 sqrt(s) =    94.534364385287446     
 sqrt_fs_cm =    94.534364385287446     
 phind channel           0
 bbb pw(0) qmod c1q   0.0000000000000000        0.0000000000000000        0.0000000000000000        0.0000000000000000     
 reduced to Born momenta
   47.267182192643723        0.0000000000000000        0.0000000000000000        47.267130596292560     
   47.267182192643723        0.0000000000000000        0.0000000000000000       -47.267130596292560     
   47.267182192643730        22.751902458642128        35.642236896801904        21.122434335222728     
   47.267182192643716       -22.751902458642128       -35.642236896801904       -21.122434335222728     
 isvec for ranlux 
     5296148     8646563    10452673     7166248      952571     3765111    10544008    12173936     2054572     9165979     5001339     7374366     6185974      750604     2177072     5243092     2039795     8760032     5864455     9125444     9026986    11573976    10700607    16005715     4021505
  
 ====== DUMPING at point            1
 propag    0.0000000000000000        0.0000000000000000        0.0000000000000000        0.0000000000000000     
 test props.    0.0000000000000000        0.0000000000000000     
 Var           2.2503905032842644     
 Var before    1.8595732203949376     
 iev, nphot and rad. pattern    0.0000000000000000                0               0           0           0           0
 partons...            1          -1
 x1 & x2   0.84257296808096838       0.99736447601684575     
 sv & ME    1.0000000000000000        22866.903838462160     
 plepton   =    45.835366989259342        35.199271106931938        17.961746022134498        23.221901229780030     
 pneutrino =    45.835366989259327       -35.199271106931938       -17.961746022134498       -23.221901229780030     
 pleptonlab   =    44.037857762722481        35.199271106931938        17.961746022134498        19.434730407580926     
 pneutrinolab =    47.959014442168240       -35.199271106931938       -17.961746022134498       -27.174305804374793     
 sqrt(s) =    91.670733978518669     
 sqrt_fs_cm =    91.670733978518669     
 phind channel           0
 bbb pw(0) qmod c1q   0.0000000000000000        0.0000000000000000        0.0000000000000000        0.0000000000000000     
 reduced to Born momenta
   45.835366989259335        0.0000000000000000        0.0000000000000000        45.835313781128242     
   45.835366989259335        0.0000000000000000        0.0000000000000000       -45.835313781128242     
   45.835366989259342        35.199271106931938        17.961746022134498        23.221901229780030     
   45.835366989259327       -35.199271106931938       -17.961746022134498       -23.221901229780030     
 isvec for ranlux 
     2357503    13313867    13475429      398041      676046      598883     1378089     4879090    14650659     9192766    12027607    13293528    15088918     5524941     3471822    13068680     3121771    14380553    13340567    15481040    11950101    16227926    15558269    13944932    -4050620
  
 ====== DUMPING at point            1
 propag    0.0000000000000000        0.0000000000000000        0.0000000000000000        0.0000000000000000     
 test props.    0.0000000000000000        0.0000000000000000     
 Var           1.9103850436509648     
 Var before    1.6587761817440256     
 iev, nphot and rad. pattern    0.0000000000000000                0               0           0           0           0
 partons...            1          -1
 x1 & x2   0.99800945057808521       0.84551416910420651     
 sv & ME    1.0000000000000000        13870.954115799796     
 plepton   =    45.930140740141312        2.8231397473276023       -45.716170625170065       -3.4100278672053892     
 pneutrino =    45.930140740141312       -2.8231397473276023        45.716170625170065        3.4100278672053892     
 pleptonlab   =    45.805044788809120        2.8231397473276023       -45.716170625170065       0.39062738093655280     
 pneutrinolab =    46.371136195305482       -2.8231397473276023        45.716170625170065        7.2341366927573807     
 sqrt(s) =    91.860281480282623     
 sqrt_fs_cm =    91.860281480282623     
 phind channel           0
 bbb pw(0) qmod c1q   0.0000000000000000        0.0000000000000000        0.0000000000000000        0.0000000000000000     
 reduced to Born momenta
   45.930140740141304        0.0000000000000000        0.0000000000000000        45.930087641801727     
   45.930140740141319        0.0000000000000000        0.0000000000000000       -45.930087641801741     
   45.930140740141312        2.8231397473276023       -45.716170625170065       -3.4100278672053892     
   45.930140740141312       -2.8231397473276023        45.716170625170065        3.4100278672053892     
 isvec for ranlux 
    12675073     6236269     4537278     4433730     4224941    13787964    13876073    15802303    15288718      805940    14528922    13666908     8167124    16627472     6461287     3513350     4350067    10105469     7717376     3989656     7739191    12448084    16391049     2870502     4050721
  
 ====== DUMPING at point            1
 propag    0.0000000000000000        0.0000000000000000        0.0000000000000000        0.0000000000000000     
 test props.    0.0000000000000000        0.0000000000000000     
 Var           1.2999876040402263     
 Var before   0.87940188306590072     
 iev, nphot and rad. pattern    0.0000000000000000                0               0           0           0           0
 partons...            1          -1
 x1 & x2   0.84980684342699075       0.99913113099555995     
 sv & ME    1.0000000000000000        23445.183158870266     
 plepton   =    46.072455778940636        26.886922752241855        3.7194600317089992        37.227933326985415     
 pneutrino =    46.072455778940636       -26.886922752241855       -3.7194600317089992       -37.227933326985415     
 pleptonlab   =    43.206986200679815        26.886922752241855        3.7194600317089992        33.616833504090877     
 pneutrinolab =    49.239912520447739       -26.886922752241855       -3.7194600317089992       -41.083047882519338     
 sqrt(s) =    92.144911557881272     
 sqrt_fs_cm =    92.144911557881272     
 phind channel           0
 bbb pw(0) qmod c1q   0.0000000000000000        0.0000000000000000        0.0000000000000000        0.0000000000000000     
 reduced to Born momenta
   46.072455778940636        0.0000000000000000        0.0000000000000000        46.072402844618821     
   46.072455778940636        0.0000000000000000        0.0000000000000000       -46.072402844618821     
   46.072455778940636        26.886922752241855        3.7194600317089992        37.227933326985415     
   46.072455778940636       -26.886922752241855       -3.7194600317089992       -37.227933326985415     
 isvec for ranlux 
    10671788    15112082    16580349    15196529    12173453     4126535    14349879    14774021     1833402    14749546    12999650    11317858    16659325    10501234     7001243    11690730    15931723    11335180     5068908     1086744     3192185    13920432    14783369     9387395    -4011707
  
 ====== DUMPING at point            1
 propag    0.0000000000000000        0.0000000000000000        0.0000000000000000        0.0000000000000000     
 test props.    0.0000000000000000        0.0000000000000000     
 Var           1.6725629049145563     
 Var before    1.2346227552105409     
 iev, nphot and rad. pattern    0.0000000000000000                0               0           0           0           0
 partons...            1          -1
 x1 & x2   0.99978361970231511       0.92283513222221691     
 sv & ME    1.0000000000000000        1805.8451538234306     
 plepton   =    48.026957244905496        14.823762922756391       -38.968132459820637        23.839424571836862     
 pneutrino =    48.026957244905496       -14.823762922756391        38.968132459820637       -23.839424571836862     
 pleptonlab   =    49.020353184107428        14.823762922756391       -38.968132459820637        25.782252966080172     
 pneutrinolab =    47.110584412119145       -14.823762922756391        38.968132459820637       -21.934828592075263     
 sqrt(s) =    96.053914489810992     
 sqrt_fs_cm =    96.053914489810992     
 phind channel           0
 bbb pw(0) qmod c1q   0.0000000000000000        0.0000000000000000        0.0000000000000000        0.0000000000000000     
 reduced to Born momenta
   48.026957244905489        0.0000000000000000        0.0000000000000000        48.026906464797207     
   48.026957244905503        0.0000000000000000        0.0000000000000000       -48.026906464797221     
   48.026957244905496        14.823762922756391       -38.968132459820637        23.839424571836862     
   48.026957244905496       -14.823762922756391        38.968132459820637       -23.839424571836862     
 isvec for ranlux 
     1467315    14552326     9549605    16451063     2447372     8870742    12068471    12007007     6978230    16284214     8468817    11598645    11614625     5336374     3803737    12939294     6082334     4537718    14679745    16308527    16057847    10631340     7612034     5753259    -4182212
  
 ====== DUMPING at point            1
 propag    0.0000000000000000        0.0000000000000000        0.0000000000000000        0.0000000000000000     
 test props.    0.0000000000000000        0.0000000000000000     
 Var           1.5001772500833985     
 Var before   0.76146183774467890     
 iev, nphot and rad. pattern    0.0000000000000000                0               0           0           0           0
 partons...            1          -1
 x1 & x2   0.99979775393779369       0.83976115851479205     
 sv & ME    1.0000000000000000        26752.153658714873     
 plepton   =    45.814607935878065       -19.667673428915524        28.795459514402573        29.714832489426662     
 pneutrino =    45.814607935878065        19.667673428915524       -28.795459514402573       -29.714832489426662     
 pleptonlab   =    48.583920601672446       -19.667673428915524        28.795459514402573        33.828838445711924     
 pneutrinolab =    43.394025020956832        19.667673428915524       -28.795459514402573       -25.827008674561846     
 sqrt(s) =    91.629215871756131     
 sqrt_fs_cm =    91.629215871756131     
 phind channel           0
 bbb pw(0) qmod c1q   0.0000000000000000        0.0000000000000000        0.0000000000000000        0.0000000000000000     
 reduced to Born momenta
   45.814607935878065        0.0000000000000000        0.0000000000000000        45.814554703637810     
   45.814607935878065        0.0000000000000000        0.0000000000000000       -45.814554703637810     
   45.814607935878065       -19.667673428915524        28.795459514402573        29.714832489426662     
   45.814607935878065        19.667673428915524       -28.795459514402573       -29.714832489426662     
 isvec for ranlux 
    10133792     8012408     5802471    15848650     3998090     8366287     8259760     7239157    11187399     3051700     1592070     1617504     4202411     2209282     7734370    11322307     8269585      641457    12859162     4265691     8778025    14458014    14989513     8307982     4112111
  
