 ====== DUMPING at point            1
 propag    0.0000000000000000        0.0000000000000000        0.0000000000000000        0.0000000000000000     
 test props.    0.0000000000000000        0.0000000000000000     
 Var           2.0485651203798926E-002
 Var before    0.0000000000000000     
 iev, nphot and rad. pattern    0.0000000000000000                0               0           0           0           0
 partons...            1          -1
 x1 & x2   0.98121186884176914       0.90733414917588440     
 sv & ME    1.0000000000000000        2112.4314638894662     
 plepton   =    44.818635916033450        3.9663063889062338       -5.0530441956961640        44.355767603189541     
 pneutrino =    44.818635916033450       -3.9663063889062338        5.0530441956961640       -44.355767603189541     
 pleptonlab   =    46.589443030685743        3.9663063889062338       -5.0530441956961640        46.144340890337872     
 pneutrinolab =    43.116492825152797       -3.9663063889062338        5.0530441956961640       -42.635149206208339     
 sqrt(s) =    89.637271832066901     
 sqrt_fs_cm =    89.637271832066901     
 phind channel           0
 bbb pw(0) qmod c1q   0.0000000000000000        0.0000000000000000        0.0000000000000000        0.0000000000000000     
 reduced to Born momenta
   43.322151270690284        0.0000000000000000        0.0000000000000000        43.322094975831583     
   43.322151270690284        0.0000000000000000        0.0000000000000000       -43.322094975831583     
   43.322151270690277       -32.557445135057570        7.6270495336885595        27.543393195419490     
   43.322151270690291        32.557445135057570       -7.6270495336885595       -27.543393195419490     
 isvec for ranlux 
     9644655    14614328     8305202     1457455     1056974    16450356    10467055     4514011      135838    16753179    11474510      425858    13826447     7299317     7668616    13721940      957152    13197359    14184585     9294164    15939178     5902395     5267822    14659295     4102414
  
