 ====== DUMPING at point            1
 propag    0.0000000000000000        0.0000000000000000        0.0000000000000000        0.0000000000000000     
 test props.    0.0000000000000000        0.0000000000000000     
 Var           3.6557185306128486     
 Var before    0.0000000000000000     
 iev, nphot and rad. pattern    0.0000000000000000                0               0           0           0           0
 partons...            1          -1
 x1 & x2   0.96633835563802073       0.83870905860961542     
 sv & ME    1.0000000000000000        26922.625479344337     
 plepton   =    45.013240623052468        3.9835283805502826       -5.0749848821642320        44.548363581443795     
 pneutrino =    45.013240623052468       -3.9835283805502826        5.0749848821642320       -44.548363581443795     
 pleptonlab   =    48.283965294364101        3.9835283805502826       -5.0749848821642320        47.850874296537611     
 pneutrinolab =    41.968405418017731       -3.9835283805502826        5.0749848821642320       -41.469409445117336     
 sqrt(s) =    90.026481246104936     
 sqrt_fs_cm =    90.026481246104936     
 phind channel           0
 bbb pw(0) qmod c1q   0.0000000000000000        0.0000000000000000        0.0000000000000000        0.0000000000000000     
 reduced to Born momenta
   45.444035983348869        0.0000000000000000        0.0000000000000000        45.443982317027491     
   45.444035983348869        0.0000000000000000        0.0000000000000000       -45.443982317027491     
   45.444035983348876       -34.152092317165511        8.0006185590294869        28.892454651641430     
   45.444035983348861        34.152092317165511       -8.0006185590294869       -28.892454651641430     
 isvec for ranlux 
     9644655    14614328     8305202     1457455     1056974    16450356    10467055     4514011      135838    16753179    11474510      425858    13826447     7299317     7668616    13721940      957152    13197359    14184585     9294164    15939178     5902395     5267822    14659295     4102414
  
 ====== DUMPING at point            1
 propag    0.0000000000000000        0.0000000000000000        0.0000000000000000        0.0000000000000000     
 test props.    0.0000000000000000        0.0000000000000000     
 Var           2.4877243847793569     
 Var before    2.1971098985527049     
 iev, nphot and rad. pattern    0.0000000000000000                0               0           0           0           0
 partons...            1          -1
 x1 & x2   0.99427728318130171       0.99976866665782238     
 sv & ME    1.0000000000000000        450.50572429685485     
 plepton   =    49.850959712284677        42.946285615871474        24.649366648503285        5.7560660326308799     
 pneutrino =    49.850959712284663       -42.946285615871474       -24.649366648503285       -5.7560660326308799     
 pleptonlab   =    49.835297112386790        42.946285615871474        24.649366648503285        5.6188032725879555     
 pneutrinolab =    49.867000379569383       -42.946285615871474       -24.649366648503285       -5.8933724464139932     
 sqrt(s) =    99.701919424569340     
 sqrt_fs_cm =    99.701919424569340     
 phind channel           0
 bbb pw(0) qmod c1q   0.0000000000000000        0.0000000000000000        0.0000000000000000        0.0000000000000000     
 reduced to Born momenta
   49.850959712284670        0.0000000000000000        0.0000000000000000        49.850910790177437     
   49.850959712284670        0.0000000000000000        0.0000000000000000       -49.850910790177437     
   49.850959712284677        42.946285615871474        24.649366648503285        5.7560660326308799     
   49.850959712284663       -42.946285615871474       -24.649366648503285       -5.7560660326308799     
 isvec for ranlux 
    13828964    12538209    14722825      978898    10903123    16188213     3834576      755982    12350293    13898296    16631971     2580472     9212313    13500588    11285027    12295266    14794390     9041223     4836823     6203403     5099258      436050     2993088    13331992     4071707
  
 ====== DUMPING at point            1
 propag    0.0000000000000000        0.0000000000000000        0.0000000000000000        0.0000000000000000     
 test props.    0.0000000000000000        0.0000000000000000     
 Var           1.7036332937049705     
 Var before    1.4437402334931224     
 iev, nphot and rad. pattern    0.0000000000000000                0               0           0           0           0
 partons...            1          -1
 x1 & x2   0.97828419449502790       0.84186585470463515     
 sv & ME    1.0000000000000000        22990.604927241126     
 plepton   =    45.375766096634443       -31.937485436697024        20.907212570651676        24.532314845349628     
 pneutrino =    45.375766096634443        31.937485436697024       -20.907212570651676       -24.532314845349628     
 pleptonlab   =    47.347608618145955       -31.937485436697024        20.907212570651676        28.011968239879391     
 pneutrinolab =    43.659893841837174        31.937485436697024       -20.907212570651676       -21.191051250359752     
 sqrt(s) =    90.751532193268886     
 sqrt_fs_cm =    90.751532193268886     
 phind channel           0
 bbb pw(0) qmod c1q   0.0000000000000000        0.0000000000000000        0.0000000000000000        0.0000000000000000     
 reduced to Born momenta
   45.375766096634443        0.0000000000000000        0.0000000000000000        45.375712349569561     
   45.375766096634443        0.0000000000000000        0.0000000000000000       -45.375712349569561     
   45.375766096634443       -31.937485436697024        20.907212570651676        24.532314845349628     
   45.375766096634443        31.937485436697024       -20.907212570651676       -24.532314845349628     
 isvec for ranlux 
     8965487     4677045     9993826    10061960    12404269    11384977    11035044     9685088    14068021     1324435      272948    14908356    11427211    15348884     8000738     8738368    12913065     1505022     4123979     3215547    11907780     4934906    11898556     4780317    -4080115
  
 ====== DUMPING at point            1
 propag    0.0000000000000000        0.0000000000000000        0.0000000000000000        0.0000000000000000     
 test props.    0.0000000000000000        0.0000000000000000     
 Var           2.2327989729216489     
 Var before    1.4951853744343824     
 iev, nphot and rad. pattern    0.0000000000000000                0               0           0           0           0
 partons...            1          -1
 x1 & x2   0.82334933462462578       0.99238858053242518     
 sv & ME    1.0000000000000000        11793.417858738643     
 plepton   =    45.196307301328531       -23.110751829385570        38.220523676460154       -6.9122897626152691     
 pneutrino =    45.196307301328545        23.110751829385570       -38.220523676460154        6.9122897626152691     
 pleptonlab   =    46.039766305550444       -23.110751829385570        38.220523676460154       -11.168421444229759     
 pneutrinolab =    44.747129452302119        23.110751829385570       -38.220523676460154        2.7164591488397827     
 sqrt(s) =    90.392614602657076     
 sqrt_fs_cm =    90.392614602657076     
 phind channel           0
 bbb pw(0) qmod c1q   0.0000000000000000        0.0000000000000000        0.0000000000000000        0.0000000000000000     
 reduced to Born momenta
   45.196307301328538        0.0000000000000000        0.0000000000000000        45.196253340852529     
   45.196307301328538        0.0000000000000000        0.0000000000000000       -45.196253340852529     
   45.196307301328531       -23.110751829385570        38.220523676460154       -6.9122897626152691     
   45.196307301328545        23.110751829385570       -38.220523676460154        6.9122897626152691     
 isvec for ranlux 
    15326067    15249886     2032167    12287672     2672740     1104457     9630857    11203193     9414693    13903049     1041894    12159642    14667289     9413416    16351989    16702048    13674632     3503371    11931980     1731313     7232330     5707229     4337415    14161190    -4121101
  
 ====== DUMPING at point            1
 propag    0.0000000000000000        0.0000000000000000        0.0000000000000000        0.0000000000000000     
 test props.    0.0000000000000000        0.0000000000000000     
 Var           9.4198174188311299     
 Var before    1.9094210909446776     
 iev, nphot and rad. pattern    0.0000000000000000                0               0           0           0           0
 partons...            1          -1
 x1 & x2   0.99890186163506212       0.77135114659394566     
 sv & ME    1.0000000000000000        2445.7886111098856     
 plepton   =    43.889181363606909        39.942090539704417        4.2300986910053346        17.691374888869490     
 pneutrino =    43.889181363606909       -39.942090539704417       -4.2300986910053346       -17.691374888869490     
 pleptonlab   =    46.549421636865752        39.942090539704417        4.2300986910053346        23.528135485364057     
 pneutrinolab =    41.963228774584636       -39.942090539704417       -4.2300986910053346       -12.150599733308230     
 sqrt(s) =    87.778362727213818     
 sqrt_fs_cm =    87.778362727213818     
 phind channel           0
 bbb pw(0) qmod c1q   0.0000000000000000        0.0000000000000000        0.0000000000000000        0.0000000000000000     
 reduced to Born momenta
   43.889181363606909        0.0000000000000000        0.0000000000000000        43.889125796055446     
   43.889181363606909        0.0000000000000000        0.0000000000000000       -43.889125796055446     
   43.889181363606909        39.942090539704417        4.2300986910053346        17.691374888869490     
   43.889181363606909       -39.942090539704417       -4.2300986910053346       -17.691374888869490     
 isvec for ranlux 
     4925990     5576093    15184408    11784099    11845403    13164298      418628     8394559    12727338     1012832     9828754     3599171     1962348     6110377     3755204    14196229     8714040    12307127     8788506     3545955     7555912     3534851     9276842     7912478    -4100317
  
 ====== DUMPING at point            1
 propag    0.0000000000000000        0.0000000000000000        0.0000000000000000        0.0000000000000000     
 test props.    0.0000000000000000        0.0000000000000000     
 Var           6.5031042340117402     
 Var before    2.5664945444568183     
 iev, nphot and rad. pattern    0.0000000000000000                0               0           0           0           0
 partons...            1          -1
 x1 & x2   0.82488416611483151       0.99938543859932427     
 sv & ME    1.0000000000000000        28115.549985457583     
 plepton   =    45.397610734109925       -11.977193971132074       -29.170281463992513        32.658435366129176     
 pneutrino =    45.397610734109911        11.977193971132074        29.170281463992513       -32.658435366129176     
 pleptonlab   =    42.468392946831884       -11.977193971132074       -29.170281463992513        28.446348442012457     
 pneutrinolab =    48.745087288875908        11.977193971132074        29.170281463992513       -37.171412066237096     
 sqrt(s) =    90.795221468219836     
 sqrt_fs_cm =    90.795221468219836     
 phind channel           0
 bbb pw(0) qmod c1q   0.0000000000000000        0.0000000000000000        0.0000000000000000        0.0000000000000000     
 reduced to Born momenta
   45.397610734109918        0.0000000000000000        0.0000000000000000        45.397557012907335     
   45.397610734109918        0.0000000000000000        0.0000000000000000       -45.397557012907335     
   45.397610734109925       -11.977193971132074       -29.170281463992513        32.658435366129176     
   45.397610734109911        11.977193971132074        29.170281463992513       -32.658435366129176     
 isvec for ranlux 
     6421334     2423437     5715606     3926529     7706024    16732713    16568292    10697716    10804217    12296899    13403552     1093186    11046168     8745017     6064867     7111243    12495416     9149192     9988395     7047572    10817188      356677    10759454     5582999    -4161404
  
 ====== DUMPING at point            1
 propag    0.0000000000000000        0.0000000000000000        0.0000000000000000        0.0000000000000000     
 test props.    0.0000000000000000        0.0000000000000000     
 Var           2.0764760070167059     
 Var before    1.8011859106292636     
 iev, nphot and rad. pattern    0.0000000000000000                0               0           0           0           0
 partons...            1          -1
 x1 & x2   0.84783185424717666       0.99912013616206063     
 sv & ME    1.0000000000000000        24044.343976534208     
 plepton   =    46.018634205557746        26.855513441046277        3.7151149573882227        37.184443644145524     
 pneutrino =    46.018634205557746       -26.855513441046277       -3.7151149573882227       -37.184443644145524     
 pleptonlab   =    43.117662453028878        26.855513441046277        3.7151149573882227        33.527615041828447     
 pneutrinolab =    49.229937067433006       -26.855513441046277       -3.7151149573882227       -41.092029137572645     
 sqrt(s) =    92.037268411115491     
 sqrt_fs_cm =    92.037268411115491     
 phind channel           0
 bbb pw(0) qmod c1q   0.0000000000000000        0.0000000000000000        0.0000000000000000        0.0000000000000000     
 reduced to Born momenta
   46.018634205557753        0.0000000000000000        0.0000000000000000        46.018581209325980     
   46.018634205557738        0.0000000000000000        0.0000000000000000       -46.018581209325966     
   46.018634205557746        26.855513441046277        3.7151149573882227        37.184443644145524     
   46.018634205557746       -26.855513441046277       -3.7151149573882227       -37.184443644145524     
 isvec for ranlux 
    10671788    15112082    16580349    15196529    12173453     4126535    14349879    14774021     1833402    14749546    12999650    11317858    16659325    10501234     7001243    11690730    15931723    11335180     5068908     1086744     3192185    13920432    14783369     9387395    -4011707
  
 ====== DUMPING at point            1
 propag    0.0000000000000000        0.0000000000000000        0.0000000000000000        0.0000000000000000     
 test props.    0.0000000000000000        0.0000000000000000     
 Var          0.82444900880396743     
 Var before   0.72158895267694767     
 iev, nphot and rad. pattern    0.0000000000000000                0               0           0           0           0
 partons...            1          -1
 x1 & x2   0.99951352115583991       0.82735011694744753     
 sv & ME    1.0000000000000000        18291.606158301744     
 plepton   =    45.468330424011597        42.840169115410596       -12.820348344926281        8.2290027544895814     
 pneutrino =    45.468330424011583       -42.840169115410596        12.820348344926281       -8.2290027544895814     
 pleptonlab   =    46.450557935887673        42.840169115410596       -12.820348344926281        12.569874595299495     
 pneutrinolab =    44.892623969276691       -42.840169115410596        12.820348344926281       -3.9617043848798810     
 sqrt(s) =    90.936660848023180     
 sqrt_fs_cm =    90.936660848023180     
 phind channel           0
 bbb pw(0) qmod c1q   0.0000000000000000        0.0000000000000000        0.0000000000000000        0.0000000000000000     
 reduced to Born momenta
   45.468330424011590        0.0000000000000000        0.0000000000000000        45.468276786364996     
   45.468330424011590        0.0000000000000000        0.0000000000000000       -45.468276786364996     
   45.468330424011597        42.840169115410596       -12.820348344926281        8.2290027544895814     
   45.468330424011583       -42.840169115410596        12.820348344926281       -8.2290027544895814     
 isvec for ranlux 
    16299211     3254293    16131975     5266621    16545363    14473301     5355798     5599353    11050532    14547556    11682091     8225026    12673044    12120042     6959192    14507471     7976243    13182463     2472364    15582834    14772810    14376851    13178594     7905684     4032111
  
 ====== DUMPING at point            1
 propag    0.0000000000000000        0.0000000000000000        0.0000000000000000        0.0000000000000000     
 test props.    0.0000000000000000        0.0000000000000000     
 Var          0.76622137838135929     
 Var before   0.57712564103470587     
 iev, nphot and rad. pattern    0.0000000000000000                0               0           0           0           0
 partons...            1          -1
 x1 & x2   0.99986888650943850       0.86146473715643568     
 sv & ME    1.0000000000000000        7653.8006419621961     
 plepton   =    46.404519917453932       -26.244486092889897       -18.568954405070357       -33.463251293029458     
 pneutrino =    46.404519917453932        26.244486092889897        18.568954405070357        33.463251293029458     
 pleptonlab   =    44.038188805766886       -26.244486092889897       -18.568954405070357       -30.096042790098345     
 pneutrinolab =    49.028492377526824        26.244486092889897        18.568954405070357        37.016250257748489     
 sqrt(s) =    92.809039834907864     
 sqrt_fs_cm =    92.809039834907864     
 phind channel           0
 bbb pw(0) qmod c1q   0.0000000000000000        0.0000000000000000        0.0000000000000000        0.0000000000000000     
 reduced to Born momenta
   46.404519917453925        0.0000000000000000        0.0000000000000000        46.404467361923011     
   46.404519917453939        0.0000000000000000        0.0000000000000000       -46.404467361923025     
   46.404519917453932       -26.244486092889897       -18.568954405070357       -33.463251293029458     
   46.404519917453932        26.244486092889897        18.568954405070357        33.463251293029458     
 isvec for ranlux 
     1948374     8671651     4823179    12041177      945790    14706172    15752365     3472617     5950536     1314392     5216746    14238364     5005588     6648891    15103801      817999     4819676    14947327    12782556      118696     8196223    16643681    15944295     5417153    -4030721
  
 ====== DUMPING at point            1
 propag    0.0000000000000000        0.0000000000000000        0.0000000000000000        0.0000000000000000     
 test props.    0.0000000000000000        0.0000000000000000     
 Var          0.72324347345331785     
 Var before   0.62871153647679223     
 iev, nphot and rad. pattern    0.0000000000000000                0               0           0           0           0
 partons...            1          -1
 x1 & x2   0.81927367329634115       0.99982049696432607     
 sv & ME    1.0000000000000000        15260.111500157804     
 plepton   =    45.252806851756070       -30.562783425173457       -18.061999997717948       -28.062177208107933     
 pneutrino =    45.252806851756070        30.562783425173457        18.061999997717948        28.062177208107933     
 pleptonlab   =    48.276372324461889       -30.562783425173457       -18.061999997717948       -32.715094169312437     
 pneutrinolab =    42.678336188571457        30.562783425173457        18.061999997717948        23.687752985913189     
 sqrt(s) =    90.505613703512140     
 sqrt_fs_cm =    90.505613703512140     
 phind channel           0
 bbb pw(0) qmod c1q   0.0000000000000000        0.0000000000000000        0.0000000000000000        0.0000000000000000     
 reduced to Born momenta
   45.252806851756070        0.0000000000000000        0.0000000000000000        45.252752958651492     
   45.252806851756070        0.0000000000000000        0.0000000000000000       -45.252752958651492     
   45.252806851756070       -30.562783425173457       -18.061999997717948       -28.062177208107933     
   45.252806851756070        30.562783425173457        18.061999997717948        28.062177208107933     
 isvec for ranlux 
    12039140    13414567       24956      680525     5161984    15245004     2427930     4072528    10460989    10949186    15097278     6403010    13177578     2354914     6551446    11760129     9565449    15230204    12264909     7341336     7576794     6409704     4349288     8230537    -4080317
  
 ====== DUMPING at point            1
 propag    0.0000000000000000        0.0000000000000000        0.0000000000000000        0.0000000000000000     
 test props.    0.0000000000000000        0.0000000000000000     
 Var          0.56763620080629573     
 Var before   0.51299802586355847     
 iev, nphot and rad. pattern    0.0000000000000000                0               0           0           0           0
 partons...            1          -1
 x1 & x2   0.99988264085687983       0.82596363952787732     
 sv & ME    1.0000000000000000        27625.290913330733     
 plepton   =    45.438604323386024       -31.183719767880703        13.318931213696231        30.246277323480342     
 pneutrino =    45.438604323386009        31.183719767880703       -13.318931213696231       -30.246277323480342     
 pleptonlab   =    48.540393322744627       -31.183719767880703        13.318931213696231        34.732410123663996     
 pneutrinolab =    42.751920696493222        31.183719767880703       -13.318931213696231       -26.036460057213866     
 sqrt(s) =    90.877208646772033     
 sqrt_fs_cm =    90.877208646772033     
 phind channel           0
 bbb pw(0) qmod c1q   0.0000000000000000        0.0000000000000000        0.0000000000000000        0.0000000000000000     
 reduced to Born momenta
   45.438604323386016        0.0000000000000000        0.0000000000000000        45.438550650649432     
   45.438604323386016        0.0000000000000000        0.0000000000000000       -45.438550650649432     
   45.438604323386024       -31.183719767880703        13.318931213696231        30.246277323480342     
   45.438604323386009        31.183719767880703       -13.318931213696231       -30.246277323480342     
 isvec for ranlux 
     1557697     2758898    12299107    12897799     9719336    12650748     3944842    11864134     1592213     5193147     1439382    14514151    13647109    11293445     6602871     1680709     7646021     3836307     1590689    12608638     8765967     5583163     6364299      289554    -4082414
  
