 ====== DUMPING at point            1
 propag    0.0000000000000000        0.0000000000000000        0.0000000000000000        0.0000000000000000     
 test props.    0.0000000000000000        0.0000000000000000     
 Var           2.8041551736073758     
 Var before    0.0000000000000000     
 iev, nphot and rad. pattern    0.0000000000000000                0               0           0           0           0
 partons...            1          -1
 x1 & x2   0.96809485147018526       0.84658831552387481     
 sv & ME    1.0000000000000000        17446.444666434047     
 plepton   =    45.265267854434498        4.0058321100999272       -5.1033996641030246        44.797789356355054     
 pneutrino =    45.265267854434470       -4.0058321100999272        5.1033996641030246       -44.797789356355054     
 pleptonlab   =    48.373371007834635        4.0058321100999272       -5.1033996641030246        47.936212615769655     
 pneutrinolab =    42.360787341868352       -4.0058321100999272        5.1033996641030246       -41.860885818454136     
 sqrt(s) =    90.530535708868968     
 sqrt_fs_cm =    90.530535708868968     
 phind channel           0
 bbb pw(0) qmod c1q   0.0000000000000000        0.0000000000000000        0.0000000000000000        0.0000000000000000     
 reduced to Born momenta
   45.444035983348869        0.0000000000000000        0.0000000000000000        45.443982317027491     
   45.444035983348869        0.0000000000000000        0.0000000000000000       -45.443982317027491     
   45.444035983348876       -34.152092317165511        8.0006185590294869        28.892454651641430     
   45.444035983348861        34.152092317165511       -8.0006185590294869       -28.892454651641430     
 isvec for ranlux 
     9644655    14614328     8305202     1457455     1056974    16450356    10467055     4514011      135838    16753179    11474510      425858    13826447     7299317     7668616    13721940      957152    13197359    14184585     9294164    15939178     5902395     5267822    14659295     4102414
  
 ====== DUMPING at point            1
 propag    0.0000000000000000        0.0000000000000000        0.0000000000000000        0.0000000000000000     
 test props.    0.0000000000000000        0.0000000000000000     
 Var           2.5208076914855484     
 Var before    2.0009681715939123     
 iev, nphot and rad. pattern    0.0000000000000000                0               0           0           0           0
 partons...            1          -1
 x1 & x2   0.99427728318130171       0.99976866665782238     
 sv & ME    1.0000000000000000        462.21620756978689     
 plepton   =    49.850959712284677        42.946285615871474        24.649366648503285        5.7560660326308799     
 pneutrino =    49.850959712284663       -42.946285615871474       -24.649366648503285       -5.7560660326308799     
 pleptonlab   =    49.835297112386790        42.946285615871474        24.649366648503285        5.6188032725879555     
 pneutrinolab =    49.867000379569383       -42.946285615871474       -24.649366648503285       -5.8933724464139932     
 sqrt(s) =    99.701919424569340     
 sqrt_fs_cm =    99.701919424569340     
 phind channel           0
 bbb pw(0) qmod c1q   0.0000000000000000        0.0000000000000000        0.0000000000000000        0.0000000000000000     
 reduced to Born momenta
   49.850959712284670        0.0000000000000000        0.0000000000000000        49.850910790177437     
   49.850959712284670        0.0000000000000000        0.0000000000000000       -49.850910790177437     
   49.850959712284677        42.946285615871474        24.649366648503285        5.7560660326308799     
   49.850959712284663       -42.946285615871474       -24.649366648503285       -5.7560660326308799     
 isvec for ranlux 
    13828964    12538209    14722825      978898    10903123    16188213     3834576      755982    12350293    13898296    16631971     2580472     9212313    13500588    11285027    12295266    14794390     9041223     4836823     6203403     5099258      436050     2993088    13331992     4071707
  
 ====== DUMPING at point            1
 propag    0.0000000000000000        0.0000000000000000        0.0000000000000000        0.0000000000000000     
 test props.    0.0000000000000000        0.0000000000000000     
 Var           1.6792452122773154     
 Var before    1.2047557380010583     
 iev, nphot and rad. pattern    0.0000000000000000                0               0           0           0           0
 partons...            1          -1
 x1 & x2   0.96318259554516339       0.99924355471594872     
 sv & ME    1.0000000000000000        588.55048266784559     
 plepton   =    49.052369988948634       -44.398522280580451       -18.155934783493304       -10.259487768869329     
 pneutrino =    49.052369988948634        44.398522280580451        18.155934783493304        10.259487768869329     
 pleptonlab   =    49.249210889256432       -44.398522280580451       -18.155934783493304       -11.162744329300239     
 pneutrinolab =    48.872096623799202        44.398522280580451        18.155934783493304        9.3596963707609717     
 sqrt(s) =    98.104739977897268     
 sqrt_fs_cm =    98.104739977897268     
 phind channel           0
 bbb pw(0) qmod c1q   0.0000000000000000        0.0000000000000000        0.0000000000000000        0.0000000000000000     
 reduced to Born momenta
   49.052369988948634        0.0000000000000000        0.0000000000000000        49.052320270371602     
   49.052369988948634        0.0000000000000000        0.0000000000000000       -49.052320270371602     
   49.052369988948634       -44.398522280580451       -18.155934783493304       -10.259487768869329     
   49.052369988948634        44.398522280580451        18.155934783493304        10.259487768869329     
 isvec for ranlux 
    11721521    11045222     4525189     9551634     3138826    12914592    10311113     5879490    10841622     2041022     1591996      713870     2223296     9465644     1698956     6906665      167992     7923134     5610804    11998942     7292850    14658741     2512720     2054019     4020115
  
 ====== DUMPING at point            1
 propag    0.0000000000000000        0.0000000000000000        0.0000000000000000        0.0000000000000000     
 test props.    0.0000000000000000        0.0000000000000000     
 Var           2.4346230686830799     
 Var before    1.3868967597230937     
 iev, nphot and rad. pattern    0.0000000000000000                0               0           0           0           0
 partons...            1          -1
 x1 & x2   0.99967724214925802       0.97555223158695292     
 sv & ME    1.0000000000000000        887.97731477562775     
 plepton   =    49.377053487561390        38.986649666223201       -12.425468983169029        27.635685549186455     
 pneutrino =    49.377053487561390       -38.986649666223201        12.425468983169029       -27.635685549186455     
 pleptonlab   =    49.718298098421542        38.986649666223201       -12.425468983169029        28.240872338926103     
 pneutrinolab =    49.043175588389005       -38.986649666223201        12.425468983169029       -27.034621810810854     
 sqrt(s) =    98.754106975122781     
 sqrt_fs_cm =    98.754106975122781     
 phind channel           0
 bbb pw(0) qmod c1q   0.0000000000000000        0.0000000000000000        0.0000000000000000        0.0000000000000000     
 reduced to Born momenta
   49.377053487561390        0.0000000000000000        0.0000000000000000        49.377004095913904     
   49.377053487561390        0.0000000000000000        0.0000000000000000       -49.377004095913904     
   49.377053487561390        38.986649666223201       -12.425468983169029        27.635685549186455     
   49.377053487561390       -38.986649666223201        12.425468983169029       -27.635685549186455     
 isvec for ranlux 
     5015453    15280816     4310583      768372    14533642     3155413     4422873      249048     4684845     1910008    16056781      794157     1869094     3063496    16774527    13424117     4046483    13961998    14383364     9654875    12256042     6035440    14952706     7070106    -4050721
  
 ====== DUMPING at point            1
 propag    0.0000000000000000        0.0000000000000000        0.0000000000000000        0.0000000000000000     
 test props.    0.0000000000000000        0.0000000000000000     
 Var           2.9229205780427168     
 Var before    2.1192028261218847     
 iev, nphot and rad. pattern    0.0000000000000000                0               0           0           0           0
 partons...            1          -1
 x1 & x2   0.99918788184465734       0.64860479197713217     
 sv & ME    1.0000000000000000        181.51877113259960     
 plepton   =    40.251647427463304       -18.829058791404851       -29.429820037255180        19.988401500318584     
 pneutrino =    40.251647427463318        18.829058791404851        29.429820037255180       -19.988401500318584     
 pleptonlab   =    45.547182529534830       -18.829058791404851       -29.429820037255180        29.221343403270964     
 pneutrinolab =    36.842451161554671        18.829058791404851        29.429820037255180       -11.692188909894698     
 sqrt(s) =    80.503294854926622     
 sqrt_fs_cm =    80.503294854926622     
 phind channel           0
 bbb pw(0) qmod c1q   0.0000000000000000        0.0000000000000000        0.0000000000000000        0.0000000000000000     
 reduced to Born momenta
   40.251647427463311        0.0000000000000000        0.0000000000000000        40.251586838275259     
   40.251647427463311        0.0000000000000000        0.0000000000000000       -40.251586838275259     
   40.251647427463304       -18.829058791404851       -29.429820037255180        19.988401500318584     
   40.251647427463318        18.829058791404851        29.429820037255180       -19.988401500318584     
 isvec for ranlux 
    13339185     3157215     2885755    13075980     2672839    15264749     5589110    16308282     7842139    12049687    13366755     6076284      742419    12796796     4739940     6325708    16429432     3537523     6895768     4781887    12457939      764822     9148973    10794182    -4081303
  
 ====== DUMPING at point            1
 propag    0.0000000000000000        0.0000000000000000        0.0000000000000000        0.0000000000000000     
 test props.    0.0000000000000000        0.0000000000000000     
 Var           2.0871980790834392     
 Var before    1.8575285814113489     
 iev, nphot and rad. pattern    0.0000000000000000                0               0           0           0           0
 partons...            1          -1
 x1 & x2   0.94114352553451341       0.99903823091475108     
 sv & ME    1.0000000000000000        1390.6009356489405     
 plepton   =    48.482944495638662       -4.5304749720681103        41.755571925517707        24.218417639806560     
 pneutrino =    48.482944495638677        4.5304749720681103       -41.755571925517707       -24.218417639806560     
 pleptonlab   =    47.781548346183833       -4.5304749720681103        41.755571925517707        22.781839442143763     
 pneutrinolab =    49.227539476279375        4.5304749720681103       -41.755571925517707       -25.676574711155645     
 sqrt(s) =    96.965888991277339     
 sqrt_fs_cm =    96.965888991277339     
 phind channel           0
 bbb pw(0) qmod c1q   0.0000000000000000        0.0000000000000000        0.0000000000000000        0.0000000000000000     
 reduced to Born momenta
   48.482944495638669        0.0000000000000000        0.0000000000000000        48.482894193123208     
   48.482944495638669        0.0000000000000000        0.0000000000000000       -48.482894193123208     
   48.482944495638662       -4.5304749720681103        41.755571925517707        24.218417639806560     
   48.482944495638677        4.5304749720681103       -41.755571925517707       -24.218417639806560     
 isvec for ranlux 
     9996655     5314963     4653955      412784     6974021     7680405    11535779     2804731     6868442    11334850     5798372     6373794     4365370     1770520    15945583     3388180    11771294    11057837     5103923    12470000    14455935    13482498      760501     6155176     4041909
  
 ====== DUMPING at point            1
 propag    0.0000000000000000        0.0000000000000000        0.0000000000000000        0.0000000000000000     
 test props.    0.0000000000000000        0.0000000000000000     
 Var           1.9874655070476173     
 Var before    1.7938359878667329     
 iev, nphot and rad. pattern    0.0000000000000000                0               0           0           0           0
 partons...            1          -1
 x1 & x2   0.99805638479399317       0.90187499365433954     
 sv & ME    1.0000000000000000        3128.1240332609568     
 plepton   =    47.437382297686810        22.833828127223839        35.770578431881276        21.198492570710155     
 pneutrino =    47.437382297686796       -22.833828127223839       -35.770578431881276       -21.198492570710155     
 pleptonlab   =    48.572806497816337        22.833828127223839        35.770578431881276        23.630242891004571     
 pneutrinolab =    46.423762424600305       -22.833828127223839       -35.770578431881276       -18.821173334021886     
 sqrt(s) =    94.874764595373605     
 sqrt_fs_cm =    94.874764595373605     
 phind channel           0
 bbb pw(0) qmod c1q   0.0000000000000000        0.0000000000000000        0.0000000000000000        0.0000000000000000     
 reduced to Born momenta
   47.437382297686803        0.0000000000000000        0.0000000000000000        47.437330886457865     
   47.437382297686803        0.0000000000000000        0.0000000000000000       -47.437330886457865     
   47.437382297686810        22.833828127223839        35.770578431881276        21.198492570710155     
   47.437382297686796       -22.833828127223839       -35.770578431881276       -21.198492570710155     
 isvec for ranlux 
     5296148     8646563    10452673     7166248      952571     3765111    10544008    12173936     2054572     9165979     5001339     7374366     6185974      750604     2177072     5243092     2039795     8760032     5864455     9125444     9026986    11573976    10700607    16005715     4021505
  
 ====== DUMPING at point            1
 propag    0.0000000000000000        0.0000000000000000        0.0000000000000000        0.0000000000000000     
 test props.    0.0000000000000000        0.0000000000000000     
 Var           2.1155032914830390     
 Var before    1.7472905645824837     
 iev, nphot and rad. pattern    0.0000000000000000                0               0           0           0           0
 partons...            1          -1
 x1 & x2   0.84972747895315570       0.99748955590088617     
 sv & ME    1.0000000000000000        20941.787888557537     
 plepton   =    46.032441973508298        35.350615647999241        18.038975240893862        23.321747274138577     
 pneutrino =    46.032441973508270       -35.350615647999241       -18.038975240893862       -23.321747274138577     
 pleptonlab   =    44.308881767053926        35.350615647999241        18.038975240893862        19.702669497333222     
 pneutrinolab =    48.051969975648177       -35.350615647999241       -18.038975240893862       -27.090773344719747     
 sqrt(s) =    92.064883947016568     
 sqrt_fs_cm =    92.064883947016568     
 phind channel           0
 bbb pw(0) qmod c1q   0.0000000000000000        0.0000000000000000        0.0000000000000000        0.0000000000000000     
 reduced to Born momenta
   46.032441973508284        0.0000000000000000        0.0000000000000000        46.032388993173136     
   46.032441973508284        0.0000000000000000        0.0000000000000000       -46.032388993173136     
   46.032441973508298        35.350615647999241        18.038975240893862        23.321747274138577     
   46.032441973508270       -35.350615647999241       -18.038975240893862       -23.321747274138577     
 isvec for ranlux 
     2357503    13313867    13475429      398041      676046      598883     1378089     4879090    14650659     9192766    12027607    13293528    15088918     5524941     3471822    13068680     3121771    14380553    13340567    15481040    11950101    16227926    15558269    13944932    -4050620
  
 ====== DUMPING at point            1
 propag    0.0000000000000000        0.0000000000000000        0.0000000000000000        0.0000000000000000     
 test props.    0.0000000000000000        0.0000000000000000     
 Var           1.8231556885850340     
 Var before    1.5646333298705306     
 iev, nphot and rad. pattern    0.0000000000000000                0               0           0           0           0
 partons...            1          -1
 x1 & x2   0.99810456640188394       0.85268502472815288     
 sv & ME    1.0000000000000000        13279.094152367712     
 plepton   =    46.126695548339285        2.8352212391945479       -45.911810796408034       -3.4246209187830514     
 pneutrino =    46.126695548339256       -2.8352212391945479        45.911810796408034        3.4246209187830514     
 pleptonlab   =    45.999827312976997        2.8352212391945479       -45.911810796408034       0.20024747660830267     
 pneutrinolab =    46.539652243524841       -2.8352212391945479        45.911810796408034        7.0707296070782499     
 sqrt(s) =    92.253391096678541     
 sqrt_fs_cm =    92.253391096678541     
 phind channel           0
 bbb pw(0) qmod c1q   0.0000000000000000        0.0000000000000000        0.0000000000000000        0.0000000000000000     
 reduced to Born momenta
   46.126695548339278        0.0000000000000000        0.0000000000000000        46.126642676262300     
   46.126695548339264        0.0000000000000000        0.0000000000000000       -46.126642676262286     
   46.126695548339285        2.8352212391945479       -45.911810796408034       -3.4246209187830514     
   46.126695548339256       -2.8352212391945479        45.911810796408034        3.4246209187830514     
 isvec for ranlux 
    12675073     6236269     4537278     4433730     4224941    13787964    13876073    15802303    15288718      805940    14528922    13666908     8167124    16627472     6461287     3513350     4350067    10105469     7717376     3989656     7739191    12448084    16391049     2870502     4050721
  
 ====== DUMPING at point            1
 propag    0.0000000000000000        0.0000000000000000        0.0000000000000000        0.0000000000000000     
 test props.    0.0000000000000000        0.0000000000000000     
 Var           1.2290472121465175     
 Var before   0.84303708998014693     
 iev, nphot and rad. pattern    0.0000000000000000                0               0           0           0           0
 partons...            1          -1
 x1 & x2   0.85699931036790833       0.99917095787662924     
 sv & ME    1.0000000000000000        21432.651121708688     
 plepton   =    46.267937652328804        27.001002488699271        3.7352414963299694        37.385889403325258     
 pneutrino =    46.267937652328776       -27.001002488699271       -3.7352414963299694       -37.385889403325258     
 pleptonlab   =    43.532282202954434        27.001002488699271        3.7352414963299694        33.941748123447404     
 pneutrinolab =    49.276231209272446       -27.001002488699271       -3.7352414963299694       -41.050330498883454     
 sqrt(s) =    92.535875304657580     
 sqrt_fs_cm =    92.535875304657580     
 phind channel           0
 bbb pw(0) qmod c1q   0.0000000000000000        0.0000000000000000        0.0000000000000000        0.0000000000000000     
 reduced to Born momenta
   46.267937652328797        0.0000000000000000        0.0000000000000000        46.267884941654557     
   46.267937652328783        0.0000000000000000        0.0000000000000000       -46.267884941654543     
   46.267937652328804        27.001002488699271        3.7352414963299694        37.385889403325258     
   46.267937652328776       -27.001002488699271       -3.7352414963299694       -37.385889403325258     
 isvec for ranlux 
    10671788    15112082    16580349    15196529    12173453     4126535    14349879    14774021     1833402    14749546    12999650    11317858    16659325    10501234     7001243    11690730    15931723    11335180     5068908     1086744     3192185    13920432    14783369     9387395    -4011707
  
 ====== DUMPING at point            1
 propag    0.0000000000000000        0.0000000000000000        0.0000000000000000        0.0000000000000000     
 test props.    0.0000000000000000        0.0000000000000000     
 Var           1.6324607699927121     
 Var before    1.1673845970015035     
 iev, nphot and rad. pattern    0.0000000000000000                0               0           0           0           0
 partons...            1          -1
 x1 & x2   0.99978361970231511       0.92283513222221691     
 sv & ME    1.0000000000000000        1927.7661089567703     
 plepton   =    48.026957244905496        14.823762922756391       -38.968132459820637        23.839424571836862     
 pneutrino =    48.026957244905496       -14.823762922756391        38.968132459820637       -23.839424571836862     
 pleptonlab   =    49.020353184107428        14.823762922756391       -38.968132459820637        25.782252966080172     
 pneutrinolab =    47.110584412119145       -14.823762922756391        38.968132459820637       -21.934828592075263     
 sqrt(s) =    96.053914489810992     
 sqrt_fs_cm =    96.053914489810992     
 phind channel           0
 bbb pw(0) qmod c1q   0.0000000000000000        0.0000000000000000        0.0000000000000000        0.0000000000000000     
 reduced to Born momenta
   48.026957244905489        0.0000000000000000        0.0000000000000000        48.026906464797207     
   48.026957244905503        0.0000000000000000        0.0000000000000000       -48.026906464797221     
   48.026957244905496        14.823762922756391       -38.968132459820637        23.839424571836862     
   48.026957244905496       -14.823762922756391        38.968132459820637       -23.839424571836862     
 isvec for ranlux 
     1467315    14552326     9549605    16451063     2447372     8870742    12068471    12007007     6978230    16284214     8468817    11598645    11614625     5336374     3803737    12939294     6082334     4537718    14679745    16308527    16057847    10631340     7612034     5753259    -4182212
  
 ====== DUMPING at point            1
 propag    0.0000000000000000        0.0000000000000000        0.0000000000000000        0.0000000000000000     
 test props.    0.0000000000000000        0.0000000000000000     
 Var           1.3927564007584918     
 Var before   0.72805579211113358     
 iev, nphot and rad. pattern    0.0000000000000000                0               0           0           0           0
 partons...            1          -1
 x1 & x2   0.99980278216890561       0.84700051910373952     
 sv & ME    1.0000000000000000        24392.475183814389     
 plepton   =    46.011777717732947       -19.752316551167777        28.919385590803856        29.842715241201962     
 pneutrino =    46.011777717732919        19.752316551167777       -28.919385590803856       -29.842715241201962     
 pleptonlab   =    48.647727740853320       -19.752316551167777        28.919385590803856        33.765446518143236     
 pneutrinolab =    43.692437322778929        19.752316551167777       -28.919385590803856       -26.125333364884931     
 sqrt(s) =    92.023555435465866     
 sqrt_fs_cm =    92.023555435465866     
 phind channel           0
 bbb pw(0) qmod c1q   0.0000000000000000        0.0000000000000000        0.0000000000000000        0.0000000000000000     
 reduced to Born momenta
   46.011777717732940        0.0000000000000000        0.0000000000000000        46.011724713603876     
   46.011777717732926        0.0000000000000000        0.0000000000000000       -46.011724713603861     
   46.011777717732947       -19.752316551167777        28.919385590803856        29.842715241201962     
   46.011777717732919        19.752316551167777       -28.919385590803856       -29.842715241201962     
 isvec for ranlux 
    10133792     8012408     5802471    15848650     3998090     8366287     8259760     7239157    11187399     3051700     1592070     1617504     4202411     2209282     7734370    11322307     8269585      641457    12859162     4265691     8778025    14458014    14989513     8307982     4112111
  
 ====== DUMPING at point            1
 propag    0.0000000000000000        0.0000000000000000        0.0000000000000000        0.0000000000000000     
 test props.    0.0000000000000000        0.0000000000000000     
 Var          0.48667406503261018     
 Var before   0.43488721310030992     
 iev, nphot and rad. pattern    0.0000000000000000                0               0           0           0           0
 partons...            1          -1
 x1 & x2   0.99989479642340040       0.82704166281976244     
 sv & ME    1.0000000000000000        14964.347864333165     
 plepton   =    45.468523592668951       -19.792113237453187       -27.643193175146809       -30.191084754989703     
 pneutrino =    45.468523592668937        19.792113237453187        27.643193175146809        30.191084754989703     
 pleptonlab   =    42.804050880356606       -19.792113237453187       -27.643193175146809       -26.005801905613971     
 pneutrinolab =    48.542772081801552        19.792113237453187        27.643193175146809        34.648458585795872     
 sqrt(s) =    90.937047185337889     
 sqrt_fs_cm =    90.937047185337889     
 phind channel           0
 bbb pw(0) qmod c1q   0.0000000000000000        0.0000000000000000        0.0000000000000000        0.0000000000000000     
 reduced to Born momenta
   45.468523592668944        0.0000000000000000        0.0000000000000000        45.468469955250228     
   45.468523592668944        0.0000000000000000        0.0000000000000000       -45.468469955250228     
   45.468523592668951       -19.792113237453187       -27.643193175146809       -30.191084754989703     
   45.468523592668937        19.792113237453187        27.643193175146809        30.191084754989703     
 isvec for ranlux 
     3688637    14053662    12588071    11536133     9988281    14201265     3023778     8336309     7700588     7389476     2663606     3417323    12053979    11535674     1089984     3050167    10818579       42031    11733593     9268692    14754184    14106291    10624018      593816     4181909
  
