 ====== DUMPING at point            1
 propag    0.0000000000000000        0.0000000000000000        0.0000000000000000        0.0000000000000000     
 test props.    0.0000000000000000        0.0000000000000000     
 Var           3.4559121575385272     
 Var before    0.0000000000000000     
 iev, nphot and rad. pattern    0.0000000000000000                0               0           0           0           0
 partons...            1          -1
 x1 & x2   0.96568174411805074       0.83577886155448300     
 sv & ME    1.0000000000000000        29770.404049288736     
 plepton   =    44.919271719467247        3.9752123861064512       -5.0643903684440170        44.455364634622214     
 pneutrino =    44.919271719467247       -3.9752123861064512        5.0643903684440170       -44.455364634622214     
 pleptonlab   =    48.250547666381848        3.9752123861064512       -5.0643903684440170        47.818969280983843     
 pneutrinolab =    41.822482617244837       -3.9752123861064512        5.0643903684440170       -41.323825152805448     
 sqrt(s) =    89.838543438934494     
 sqrt_fs_cm =    89.838543438934494     
 phind channel           0
 bbb pw(0) qmod c1q   0.0000000000000000        0.0000000000000000        0.0000000000000000        0.0000000000000000     
 reduced to Born momenta
   45.444035983348869        0.0000000000000000        0.0000000000000000        45.443982317027491     
   45.444035983348869        0.0000000000000000        0.0000000000000000       -45.443982317027491     
   45.444035983348876       -34.152092317165511        8.0006185590294869        28.892454651641430     
   45.444035983348861        34.152092317165511       -8.0006185590294869       -28.892454651641430     
 isvec for ranlux 
     9644655    14614328     8305202     1457455     1056974    16450356    10467055     4514011      135838    16753179    11474510      425858    13826447     7299317     7668616    13721940      957152    13197359    14184585     9294164    15939178     5902395     5267822    14659295     4102414
  
 ====== DUMPING at point            1
 propag    0.0000000000000000        0.0000000000000000        0.0000000000000000        0.0000000000000000     
 test props.    0.0000000000000000        0.0000000000000000     
 Var           2.4615394603281682     
 Var before    2.0832524503602277     
 iev, nphot and rad. pattern    0.0000000000000000                0               0           0           0           0
 partons...            1          -1
 x1 & x2   0.99427728318130171       0.99976866665782238     
 sv & ME    1.0000000000000000        447.72733273387541     
 plepton   =    49.850959712284677        42.946285615871474        24.649366648503285        5.7560660326308799     
 pneutrino =    49.850959712284663       -42.946285615871474       -24.649366648503285       -5.7560660326308799     
 pleptonlab   =    49.835297112386790        42.946285615871474        24.649366648503285        5.6188032725879555     
 pneutrinolab =    49.867000379569383       -42.946285615871474       -24.649366648503285       -5.8933724464139932     
 sqrt(s) =    99.701919424569340     
 sqrt_fs_cm =    99.701919424569340     
 phind channel           0
 bbb pw(0) qmod c1q   0.0000000000000000        0.0000000000000000        0.0000000000000000        0.0000000000000000     
 reduced to Born momenta
   49.850959712284670        0.0000000000000000        0.0000000000000000        49.850910790177437     
   49.850959712284670        0.0000000000000000        0.0000000000000000       -49.850910790177437     
   49.850959712284677        42.946285615871474        24.649366648503285        5.7560660326308799     
   49.850959712284663       -42.946285615871474       -24.649366648503285       -5.7560660326308799     
 isvec for ranlux 
    13828964    12538209    14722825      978898    10903123    16188213     3834576      755982    12350293    13898296    16631971     2580472     9212313    13500588    11285027    12295266    14794390     9041223     4836823     6203403     5099258      436050     2993088    13331992     4071707
  
 ====== DUMPING at point            1
 propag    0.0000000000000000        0.0000000000000000        0.0000000000000000        0.0000000000000000     
 test props.    0.0000000000000000        0.0000000000000000     
 Var           1.6803598099223482     
 Var before    1.3748853241452121     
 iev, nphot and rad. pattern    0.0000000000000000                0               0           0           0           0
 partons...            1          -1
 x1 & x2   0.96318259554516339       0.99924355471594872     
 sv & ME    1.0000000000000000        517.34596057124759     
 plepton   =    49.052369988948634       -44.398522280580451       -18.155934783493304       -10.259487768869329     
 pneutrino =    49.052369988948634        44.398522280580451        18.155934783493304        10.259487768869329     
 pleptonlab   =    49.249210889256432       -44.398522280580451       -18.155934783493304       -11.162744329300239     
 pneutrinolab =    48.872096623799202        44.398522280580451        18.155934783493304        9.3596963707609717     
 sqrt(s) =    98.104739977897268     
 sqrt_fs_cm =    98.104739977897268     
 phind channel           0
 bbb pw(0) qmod c1q   0.0000000000000000        0.0000000000000000        0.0000000000000000        0.0000000000000000     
 reduced to Born momenta
   49.052369988948634        0.0000000000000000        0.0000000000000000        49.052320270371602     
   49.052369988948634        0.0000000000000000        0.0000000000000000       -49.052320270371602     
   49.052369988948634       -44.398522280580451       -18.155934783493304       -10.259487768869329     
   49.052369988948634        44.398522280580451        18.155934783493304        10.259487768869329     
 isvec for ranlux 
    11721521    11045222     4525189     9551634     3138826    12914592    10311113     5879490    10841622     2041022     1591996      713870     2223296     9465644     1698956     6906665      167992     7923134     5610804    11998942     7292850    14658741     2512720     2054019     4020115
  
 ====== DUMPING at point            1
 propag    0.0000000000000000        0.0000000000000000        0.0000000000000000        0.0000000000000000     
 test props.    0.0000000000000000        0.0000000000000000     
 Var           2.4318519271316510     
 Var before    1.3956572005030254     
 iev, nphot and rad. pattern    0.0000000000000000                0               0           0           0           0
 partons...            1          -1
 x1 & x2   0.99967724214925802       0.97555223158695292     
 sv & ME    1.0000000000000000        877.08393553796998     
 plepton   =    49.377053487561390        38.986649666223201       -12.425468983169029        27.635685549186455     
 pneutrino =    49.377053487561390       -38.986649666223201        12.425468983169029       -27.635685549186455     
 pleptonlab   =    49.718298098421542        38.986649666223201       -12.425468983169029        28.240872338926103     
 pneutrinolab =    49.043175588389005       -38.986649666223201        12.425468983169029       -27.034621810810854     
 sqrt(s) =    98.754106975122781     
 sqrt_fs_cm =    98.754106975122781     
 phind channel           0
 bbb pw(0) qmod c1q   0.0000000000000000        0.0000000000000000        0.0000000000000000        0.0000000000000000     
 reduced to Born momenta
   49.377053487561390        0.0000000000000000        0.0000000000000000        49.377004095913904     
   49.377053487561390        0.0000000000000000        0.0000000000000000       -49.377004095913904     
   49.377053487561390        38.986649666223201       -12.425468983169029        27.635685549186455     
   49.377053487561390       -38.986649666223201        12.425468983169029       -27.635685549186455     
 isvec for ranlux 
     5015453    15280816     4310583      768372    14533642     3155413     4422873      249048     4684845     1910008    16056781      794157     1869094     3063496    16774527    13424117     4046483    13961998    14383364     9654875    12256042     6035440    14952706     7070106    -4050721
  
 ====== DUMPING at point            1
 propag    0.0000000000000000        0.0000000000000000        0.0000000000000000        0.0000000000000000     
 test props.    0.0000000000000000        0.0000000000000000     
 Var           3.5480882699457559     
 Var before    2.1422647020372012     
 iev, nphot and rad. pattern    0.0000000000000000                0               0           0           0           0
 partons...            1          -1
 x1 & x2   0.99918788184465734       0.64860479197713217     
 sv & ME    1.0000000000000000        253.02090966080553     
 plepton   =    40.251647427463304       -18.829058791404851       -29.429820037255180        19.988401500318584     
 pneutrino =    40.251647427463318        18.829058791404851        29.429820037255180       -19.988401500318584     
 pleptonlab   =    45.547182529534830       -18.829058791404851       -29.429820037255180        29.221343403270964     
 pneutrinolab =    36.842451161554671        18.829058791404851        29.429820037255180       -11.692188909894698     
 sqrt(s) =    80.503294854926622     
 sqrt_fs_cm =    80.503294854926622     
 phind channel           0
 bbb pw(0) qmod c1q   0.0000000000000000        0.0000000000000000        0.0000000000000000        0.0000000000000000     
 reduced to Born momenta
   40.251647427463311        0.0000000000000000        0.0000000000000000        40.251586838275259     
   40.251647427463311        0.0000000000000000        0.0000000000000000       -40.251586838275259     
   40.251647427463304       -18.829058791404851       -29.429820037255180        19.988401500318584     
   40.251647427463318        18.829058791404851        29.429820037255180       -19.988401500318584     
 isvec for ranlux 
    13339185     3157215     2885755    13075980     2672839    15264749     5589110    16308282     7842139    12049687    13366755     6076284      742419    12796796     4739940     6325708    16429432     3537523     6895768     4781887    12457939      764822     9148973    10794182    -4081303
  
 ====== DUMPING at point            1
 propag    0.0000000000000000        0.0000000000000000        0.0000000000000000        0.0000000000000000     
 test props.    0.0000000000000000        0.0000000000000000     
 Var           2.3826487984859224     
 Var before    1.9775898538404293     
 iev, nphot and rad. pattern    0.0000000000000000                0               0           0           0           0
 partons...            1          -1
 x1 & x2   0.83722096868350737       0.99727022280316369     
 sv & ME    1.0000000000000000        24478.740739960667     
 plepton   =    45.687403679090870        35.085642074789689        17.903762553957566        23.146937116084985     
 pneutrino =    45.687403679090856       -35.085642074789689       -17.903762553957566       -23.146937116084985     
 pleptonlab   =    43.835107239452377        35.085642074789689        17.903762553957566        19.234304500399183     
 pneutrinolab =    47.889452334881206       -35.085642074789689       -17.903762553957566       -27.236767206382002     
 sqrt(s) =    91.374807358181727     
 sqrt_fs_cm =    91.374807358181727     
 phind channel           0
 bbb pw(0) qmod c1q   0.0000000000000000        0.0000000000000000        0.0000000000000000        0.0000000000000000     
 reduced to Born momenta
   45.687403679090863        0.0000000000000000        0.0000000000000000        45.687350298639615     
   45.687403679090863        0.0000000000000000        0.0000000000000000       -45.687350298639615     
   45.687403679090870        35.085642074789689        17.903762553957566        23.146937116084985     
   45.687403679090856       -35.085642074789689       -17.903762553957566       -23.146937116084985     
 isvec for ranlux 
     2357503    13313867    13475429      398041      676046      598883     1378089     4879090    14650659     9192766    12027607    13293528    15088918     5524941     3471822    13068680     3121771    14380553    13340567    15481040    11950101    16227926    15558269    13944932    -4050620
  
 ====== DUMPING at point            1
 propag    0.0000000000000000        0.0000000000000000        0.0000000000000000        0.0000000000000000     
 test props.    0.0000000000000000        0.0000000000000000     
 Var           1.9969628421108987     
 Var before    1.7514624762140614     
 iev, nphot and rad. pattern    0.0000000000000000                0               0           0           0           0
 partons...            1          -1
 x1 & x2   0.99793776311264903       0.84014902966914629     
 sv & ME    1.0000000000000000        14373.486041876138     
 plepton   =    45.782541523742729        2.8140673731427479       -45.569258235656655       -3.3990694834337916     
 pneutrino =    45.782541523742715       -2.8140673731427479        45.569258235656655        3.3990694834337916     
 pleptonlab   =    45.659298972477934        2.8140673731427479       -45.569258235656655       0.53305500476770051     
 pneutrinolab =    46.245040666611843       -2.8140673731427479        45.569258235656655        7.3563816674074367     
 sqrt(s) =    91.565083047485444     
 sqrt_fs_cm =    91.565083047485444     
 phind channel           0
 bbb pw(0) qmod c1q   0.0000000000000000        0.0000000000000000        0.0000000000000000        0.0000000000000000     
 reduced to Born momenta
   45.782541523742722        0.0000000000000000        0.0000000000000000        45.782488254218187     
   45.782541523742722        0.0000000000000000        0.0000000000000000       -45.782488254218187     
   45.782541523742729        2.8140673731427479       -45.569258235656655       -3.3990694834337916     
   45.782541523742715       -2.8140673731427479        45.569258235656655        3.3990694834337916     
 isvec for ranlux 
    12675073     6236269     4537278     4433730     4224941    13787964    13876073    15802303    15288718      805940    14528922    13666908     8167124    16627472     6461287     3513350     4350067    10105469     7717376     3989656     7739191    12448084    16391049     2870502     4050721
  
 ====== DUMPING at point            1
 propag    0.0000000000000000        0.0000000000000000        0.0000000000000000        0.0000000000000000     
 test props.    0.0000000000000000        0.0000000000000000     
 Var           1.3623208133954292     
 Var before   0.91427348074067960     
 iev, nphot and rad. pattern    0.0000000000000000                0               0           0           0           0
 partons...            1          -1
 x1 & x2   0.84442368309184401       0.99910110266802477     
 sv & ME    1.0000000000000000        25129.921433619711     
 plepton   =    45.925609220130553        26.801225716678630        3.7076049487919045        37.109276255082236     
 pneutrino =    45.925609220130539       -26.801225716678630       -3.7076049487919045       -37.109276255082236     
 pleptonlab   =    42.963519235342943        26.801225716678630        3.7076049487919045        33.373654085544068     
 pneutrinolab =    49.212720052650489       -26.801225716678630       -3.7076049487919045       -41.107525064353105     
 sqrt(s) =    91.851218440261093     
 sqrt_fs_cm =    91.851218440261093     
 phind channel           0
 bbb pw(0) qmod c1q   0.0000000000000000        0.0000000000000000        0.0000000000000000        0.0000000000000000     
 reduced to Born momenta
   45.925609220130546        0.0000000000000000        0.0000000000000000        45.925556116551704     
   45.925609220130546        0.0000000000000000        0.0000000000000000       -45.925556116551704     
   45.925609220130553        26.801225716678630        3.7076049487919045        37.109276255082236     
   45.925609220130539       -26.801225716678630       -3.7076049487919045       -37.109276255082236     
 isvec for ranlux 
    10671788    15112082    16580349    15196529    12173453     4126535    14349879    14774021     1833402    14749546    12999650    11317858    16659325    10501234     7001243    11690730    15931723    11335180     5068908     1086744     3192185    13920432    14783369     9387395    -4011707
  
 ====== DUMPING at point            1
 propag    0.0000000000000000        0.0000000000000000        0.0000000000000000        0.0000000000000000     
 test props.    0.0000000000000000        0.0000000000000000     
 Var           1.7127048657318396     
 Var before    1.2937130861482049     
 iev, nphot and rad. pattern    0.0000000000000000                0               0           0           0           0
 partons...            1          -1
 x1 & x2   0.99978361970231511       0.92283513222221691     
 sv & ME    1.0000000000000000        1735.5414093068985     
 plepton   =    48.026957244905496        14.823762922756391       -38.968132459820637        23.839424571836862     
 pneutrino =    48.026957244905496       -14.823762922756391        38.968132459820637       -23.839424571836862     
 pleptonlab   =    49.020353184107428        14.823762922756391       -38.968132459820637        25.782252966080172     
 pneutrinolab =    47.110584412119145       -14.823762922756391        38.968132459820637       -21.934828592075263     
 sqrt(s) =    96.053914489810992     
 sqrt_fs_cm =    96.053914489810992     
 phind channel           0
 bbb pw(0) qmod c1q   0.0000000000000000        0.0000000000000000        0.0000000000000000        0.0000000000000000     
 reduced to Born momenta
   48.026957244905489        0.0000000000000000        0.0000000000000000        48.026906464797207     
   48.026957244905503        0.0000000000000000        0.0000000000000000       -48.026906464797221     
   48.026957244905496        14.823762922756391       -38.968132459820637        23.839424571836862     
   48.026957244905496       -14.823762922756391        38.968132459820637       -23.839424571836862     
 isvec for ranlux 
     1467315    14552326     9549605    16451063     2447372     8870742    12068471    12007007     6978230    16284214     8468817    11598645    11614625     5336374     3803737    12939294     6082334     4537718    14679745    16308527    16057847    10631340     7612034     5753259    -4182212
  
 ====== DUMPING at point            1
 propag    0.0000000000000000        0.0000000000000000        0.0000000000000000        0.0000000000000000     
 test props.    0.0000000000000000        0.0000000000000000     
 Var          0.77067442956635124     
 Var before   0.67080879402060845     
 iev, nphot and rad. pattern    0.0000000000000000                0               0           0           0           0
 partons...            1          -1
 x1 & x2   0.99950508782543768       0.82393666607807814     
 sv & ME    1.0000000000000000        18971.452240416798     
 plepton   =    45.374246268973096        42.751522735326574       -12.793820030597448        8.2119750134477165     
 pneutrino =    45.374246268973096       -42.751522735326574        12.793820030597448       -8.2119750134477165     
 pleptonlab   =    46.380417094028807        42.751522735326574       -12.793820030597448        12.639517354715363     
 pneutrinolab =    44.791670601146961       -42.751522735326574        12.793820030597448       -3.8610962673473894     
 sqrt(s) =    90.748492537946191     
 sqrt_fs_cm =    90.748492537946191     
 phind channel           0
 bbb pw(0) qmod c1q   0.0000000000000000        0.0000000000000000        0.0000000000000000        0.0000000000000000     
 reduced to Born momenta
   45.374246268973096        0.0000000000000000        0.0000000000000000        45.374192520107940     
   45.374246268973096        0.0000000000000000        0.0000000000000000       -45.374192520107940     
   45.374246268973096        42.751522735326574       -12.793820030597448        8.2119750134477165     
   45.374246268973096       -42.751522735326574        12.793820030597448       -8.2119750134477165     
 isvec for ranlux 
    16299211     3254293    16131975     5266621    16545363    14473301     5355798     5599353    11050532    14547556    11682091     8225026    12673044    12120042     6959192    14507471     7976243    13182463     2472364    15582834    14772810    14376851    13178594     7905684     4032111
  
 ====== DUMPING at point            1
 propag    0.0000000000000000        0.0000000000000000        0.0000000000000000        0.0000000000000000     
 test props.    0.0000000000000000        0.0000000000000000     
 Var          0.71651118176738349     
 Var before   0.64624621777803026     
 iev, nphot and rad. pattern    0.0000000000000000                0               0           0           0           0
 partons...            1          -1
 x1 & x2   0.99963955066729038       0.82102372020895886     
 sv & ME    1.0000000000000000        18333.896188579762     
 plepton   =    45.297013774554458       -26.185348956956446        22.119380971230250       -29.611970192013658     
 pneutrino =    45.297013774554458        26.185348956956446       -22.119380971230250        29.611970192013658     
 pleptonlab   =    42.597423196862877       -26.185348956956446        22.119380971230250       -25.290112391469538     
 pneutrinolab =    48.435740346949565        26.185348956956446       -22.119380971230250        34.220903914386113     
 sqrt(s) =    90.594027549108915     
 sqrt_fs_cm =    90.594027549108915     
 phind channel           0
 bbb pw(0) qmod c1q   0.0000000000000000        0.0000000000000000        0.0000000000000000        0.0000000000000000     
 reduced to Born momenta
   45.297013774554458        0.0000000000000000        0.0000000000000000        45.296959934046086     
   45.297013774554458        0.0000000000000000        0.0000000000000000       -45.296959934046086     
   45.297013774554458       -26.185348956956446        22.119380971230250       -29.611970192013658     
   45.297013774554458        26.185348956956446       -22.119380971230250        29.611970192013658     
 isvec for ranlux 
     6094745     2129640      312319     7163611     7128610    12997705    11746228    11399925     6178787    10245010     8678563    12625467    12717353    15206338     6072599    12885293    10160756     7337110     1234035    11119771    13557463     9977633    14922285     1402607    -4160620
  
 ====== DUMPING at point            1
 propag    0.0000000000000000        0.0000000000000000        0.0000000000000000        0.0000000000000000     
 test props.    0.0000000000000000        0.0000000000000000     
 Var          0.48268365813474806     
 Var before   0.42971998577332077     
 iev, nphot and rad. pattern    0.0000000000000000                0               0           0           0           0
 partons...            1          -1
 x1 & x2   0.99989437708218953       0.81448790542211902     
 sv & ME    1.0000000000000000        15055.854053967800     
 plepton   =    45.122108683909801       -19.641320563199599       -27.432584486030123       -29.961064122316351     
 pneutrino =    45.122108683909801        19.641320563199599        27.432584486030123        29.961064122316351     
 pleptonlab   =    42.281811281147462       -19.641320563199599       -27.432584486030123       -25.483567969841904     
 pneutrinolab =    48.437302844068000        19.641320563199599        27.432584486030123        34.753891552845438     
 sqrt(s) =    90.244217367819601     
 sqrt_fs_cm =    90.244217367819601     
 phind channel           0
 bbb pw(0) qmod c1q   0.0000000000000000        0.0000000000000000        0.0000000000000000        0.0000000000000000     
 reduced to Born momenta
   45.122108683909801        0.0000000000000000        0.0000000000000000        45.122054634701293     
   45.122108683909801        0.0000000000000000        0.0000000000000000       -45.122054634701293     
   45.122108683909801       -19.641320563199599       -27.432584486030123       -29.961064122316351     
   45.122108683909801        19.641320563199599        27.432584486030123        29.961064122316351     
 isvec for ranlux 
     3688637    14053662    12588071    11536133     9988281    14201265     3023778     8336309     7700588     7389476     2663606     3417323    12053979    11535674     1089984     3050167    10818579       42031    11733593     9268692    14754184    14106291    10624018      593816     4181909
  
