 ====== DUMPING at point            1
 propag    0.0000000000000000        0.0000000000000000        0.0000000000000000        0.0000000000000000     
 test props.    0.0000000000000000        0.0000000000000000     
 Var           3.0424622143942055     
 Var before    0.0000000000000000     
 iev, nphot and rad. pattern    0.0000000000000000                0               0           0           0           0
 partons...            1          -1
 x1 & x2   0.90180514952646407       0.98765195800942429     
 sv & ME    0.0000000000000000        0.0000000000000000     
 plepton   =    0.0000000000000000        0.0000000000000000        0.0000000000000000        0.0000000000000000     
 pneutrino =    0.0000000000000000        0.0000000000000000        0.0000000000000000        0.0000000000000000     
 pleptonlab   =    49.014895803585304       -25.518822914200690       -6.8122523529337249       -41.289608158693767     
 pneutrinolab =    45.457959573209095        25.518822914200690        6.8122523529337249        36.997267734545758     
 sqrt(s) =    0.0000000000000000     
 sqrt_fs_cm =    0.0000000000000000     
 phind channel           0
 bbb pw(0) qmod c1q   0.0000000000000000        0.0000000000000000        0.0000000000000000        0.0000000000000000     
 reduced to Born momenta
   0.0000000000000000        0.0000000000000000        0.0000000000000000        0.0000000000000000     
   0.0000000000000000        0.0000000000000000        0.0000000000000000        0.0000000000000000     
   0.0000000000000000        0.0000000000000000        0.0000000000000000        0.0000000000000000     
   0.0000000000000000        0.0000000000000000        0.0000000000000000        0.0000000000000000     
 isvec for ranlux 
      778671     5844720     9587749    10340955     5767304     1229801     7106317     9230034     7070010     1656684     6134444     2662197     2938873     9323532     7705191    15725022     7372296    12845121     6405628     3024976     4819489    10459877     1149857     7981361    -4020317
  
 ====== DUMPING at point            1
 propag    0.0000000000000000        0.0000000000000000        0.0000000000000000        0.0000000000000000     
 test props.    0.0000000000000000        0.0000000000000000     
 Var           4.0990682134837328     
 Var before    3.0424622143942055     
 iev, nphot and rad. pattern    0.0000000000000000                1               0           0           0           0
 partons...            1          -1
 x1 & x2   0.98107133013891734       0.85480134643267969     
 sv & ME    0.0000000000000000        0.0000000000000000     
 plepton   =    0.0000000000000000        0.0000000000000000        0.0000000000000000        0.0000000000000000     
 pneutrino =    0.0000000000000000        0.0000000000000000        0.0000000000000000        0.0000000000000000     
 pleptonlab   =    47.349754368968547        33.425000276111753        23.083408154117077        24.329276595134488     
 pneutrinolab =    44.440460655786055       -33.427384529657274       -23.085052780338263       -18.017593658489133     
 sqrt(s) =    0.0000000000000000     
 sqrt_fs_cm =    0.0000000000000000     
 phind channel           0
 bbb pw(0) qmod c1q   0.0000000000000000        0.0000000000000000        0.0000000000000000        0.0000000000000000     
 reduced to Born momenta
   0.0000000000000000        0.0000000000000000        0.0000000000000000        0.0000000000000000     
   0.0000000000000000        0.0000000000000000        0.0000000000000000        0.0000000000000000     
   0.0000000000000000        0.0000000000000000        0.0000000000000000        0.0000000000000000     
   0.0000000000000000        0.0000000000000000        0.0000000000000000        0.0000000000000000     
 >> Photon n.           1
 cm momentum     0.0000000000000000        0.0000000000000000        0.0000000000000000        0.0000000000000000     
 lab momentum    3.4188038252288199E-003   2.3842535455189176E-003   1.6446262211871371E-003   1.8162486665276318E-003
 c_ph_up                         NaN
 c_ph_up lab   0.53125267180431757     
 c_ph_lep                       NaN
 c_ph_lep lab   0.99979090312832275     
 isvec for ranlux 
      778671     5844720     9587749     5094089     4083391     5667112    11886351     3615086    16112834     1368291    15462261     7797679    14988199    15435044     9850695     6896914     2215452    12845121     6405628     3024976     4819489    10459877     1149857     7981361     4161303
  
 ====== DUMPING at point            1
 propag    0.0000000000000000        0.0000000000000000        0.0000000000000000        0.0000000000000000     
 test props.    0.0000000000000000        0.0000000000000000     
 Var           1.1207923576364711     
 Var before   0.92967512806177088     
 iev, nphot and rad. pattern    0.0000000000000000                0               0           0           0           0
 partons...            1          -1
 x1 & x2   0.99887405837283283       0.96859242805232015     
 sv & ME    0.0000000000000000        0.0000000000000000     
 plepton   =    0.0000000000000000        0.0000000000000000        0.0000000000000000        0.0000000000000000     
 pneutrino =    0.0000000000000000        0.0000000000000000        0.0000000000000000        0.0000000000000000     
 pleptonlab   =    49.435431621004682        28.584829522810665        36.612381391712802        16.920159155373650     
 pneutrinolab =    48.937892700252974       -28.584829522810665       -36.612381391712802       -15.406077639348016     
 sqrt(s) =    0.0000000000000000     
 sqrt_fs_cm =    0.0000000000000000     
 phind channel           0
 bbb pw(0) qmod c1q   0.0000000000000000        0.0000000000000000        0.0000000000000000        0.0000000000000000     
 reduced to Born momenta
   0.0000000000000000        0.0000000000000000        0.0000000000000000        0.0000000000000000     
   0.0000000000000000        0.0000000000000000        0.0000000000000000        0.0000000000000000     
   0.0000000000000000        0.0000000000000000        0.0000000000000000        0.0000000000000000     
   0.0000000000000000        0.0000000000000000        0.0000000000000000        0.0000000000000000     
 isvec for ranlux 
    16145664      870805    14492627     7011085     9863684      407960     8205723     9664108     8899623    12633686     7677361      827336     8835237      774716    15580488    11768090     5697509    10786837     3590889     5984085    13914166     1669207     2642119    10329942    -4231606
  
 ====== DUMPING at point            1
 propag    0.0000000000000000        0.0000000000000000        0.0000000000000000        0.0000000000000000     
 test props.    0.0000000000000000        0.0000000000000000     
 Var           1.0633829990486674     
 Var before   0.80485992860029409     
 iev, nphot and rad. pattern    0.0000000000000000                0               0           0           0           0
 partons...            1          -1
 x1 & x2   0.83397559070479532       0.99541054797358219     
 sv & ME    0.0000000000000000        0.0000000000000000     
 plepton   =    0.0000000000000000        0.0000000000000000        0.0000000000000000        0.0000000000000000     
 pneutrino =    0.0000000000000000        0.0000000000000000        0.0000000000000000        0.0000000000000000     
 pleptonlab   =    44.588690950326772       -9.2939213415355582        42.680873464901758        8.9502102401384533     
 pneutrinolab =    46.880615983592115        9.2939213415355582       -42.680873464901758       -17.021958103577795     
 sqrt(s) =    0.0000000000000000     
 sqrt_fs_cm =    0.0000000000000000     
 phind channel           0
 bbb pw(0) qmod c1q   0.0000000000000000        0.0000000000000000        0.0000000000000000        0.0000000000000000     
 reduced to Born momenta
   0.0000000000000000        0.0000000000000000        0.0000000000000000        0.0000000000000000     
   0.0000000000000000        0.0000000000000000        0.0000000000000000        0.0000000000000000     
   0.0000000000000000        0.0000000000000000        0.0000000000000000        0.0000000000000000     
   0.0000000000000000        0.0000000000000000        0.0000000000000000        0.0000000000000000     
 isvec for ranlux 
    13868419     2865846     9103107     7527249     1293395     6527970    16722314    14093001     7067029    11977287     8449520     4008011     9814825    10880166       38707    11544883    16015224    10783967      233071     2651081     6975958     9351817      713181    10474158     4010519
  
 ====== DUMPING at point            1
 propag    0.0000000000000000        0.0000000000000000        0.0000000000000000        0.0000000000000000     
 test props.    0.0000000000000000        0.0000000000000000     
 Var           1.0170525697987929     
 Var before   0.67994852781372972     
 iev, nphot and rad. pattern    0.0000000000000000                2               0           0           0           0
 partons...            1          -1
 x1 & x2   0.84908169624245655       0.99808940163333093     
 sv & ME    0.0000000000000000        0.0000000000000000     
 plepton   =    0.0000000000000000        0.0000000000000000        0.0000000000000000        0.0000000000000000     
 pneutrino =    0.0000000000000000        0.0000000000000000        0.0000000000000000        0.0000000000000000     
 pleptonlab   =    47.087473923976439        6.3386179282083877       -44.179589603017227       -15.006825850887363     
 pneutrinolab =    45.268783479482636       -6.3372113353763337        44.181389930693243        7.5561981381925882     
 sqrt(s) =    0.0000000000000000     
 sqrt_fs_cm =    0.0000000000000000     
 phind channel           0
 bbb pw(0) qmod c1q   0.0000000000000000        0.0000000000000000        0.0000000000000000        0.0000000000000000     
 reduced to Born momenta
   0.0000000000000000        0.0000000000000000        0.0000000000000000        0.0000000000000000     
   0.0000000000000000        0.0000000000000000        0.0000000000000000        0.0000000000000000     
   0.0000000000000000        0.0000000000000000        0.0000000000000000        0.0000000000000000     
   0.0000000000000000        0.0000000000000000        0.0000000000000000        0.0000000000000000     
 >> Photon n.           1
 cm momentum     0.0000000000000000        0.0000000000000000        0.0000000000000000        0.0000000000000000     
 lab momentum    2.2974903302769665E-003  -1.4065928320537101E-003  -1.8003276760175004E-003   2.4244315106167362E-004
 c_ph_up                         NaN
 c_ph_up lab   0.10552521064689167     
 c_ph_lep                       NaN
 c_ph_lep lab   0.61917066360728534     
 >> Photon n.           2
 cm momentum     0.0000000000000000        0.0000000000000000        0.0000000000000000        0.0000000000000000     
 lab momentum    0.0000000000000000        0.0000000000000000        0.0000000000000000        0.0000000000000000     
 c_ph_up                         NaN
 c_ph_up lab    0.0000000000000000     
 c_ph_lep                       NaN
 c_ph_lep lab    0.0000000000000000     
 isvec for ranlux 
     8387587      494124    16029375     9172352     3146249     4760742    10678187    15099412    14773573     5096781    12530818    12364236     9216740     4157391     4528357    13979143    11886891     6704042    11366472     4673913     1301926    13045427    13947925    11850217     4222212
  
 ====== DUMPING at point            1
 propag    0.0000000000000000        0.0000000000000000        0.0000000000000000        0.0000000000000000     
 test props.    0.0000000000000000        0.0000000000000000     
 Var          0.99032127604947362     
 Var before   0.88899188584614464     
 iev, nphot and rad. pattern    0.0000000000000000                1               0           0           0           0
 partons...            1          -1
 x1 & x2   0.81887787534731515       0.99649075299541690     
 sv & ME    0.0000000000000000        0.0000000000000000     
 plepton   =    0.0000000000000000        0.0000000000000000        0.0000000000000000        0.0000000000000000     
 pneutrino =    0.0000000000000000        0.0000000000000000        0.0000000000000000        0.0000000000000000     
 pleptonlab   =    44.520133507616087       -39.004783381743344       -21.010204610292917        4.3851225092804578     
 pneutrinolab =    46.238735278348472        38.998476009376624        21.007793529635251       -13.258995301756871     
 sqrt(s) =    0.0000000000000000     
 sqrt_fs_cm =    0.0000000000000000     
 phind channel           0
 bbb pw(0) qmod c1q   0.0000000000000000        0.0000000000000000        0.0000000000000000        0.0000000000000000     
 reduced to Born momenta
   0.0000000000000000        0.0000000000000000        0.0000000000000000        0.0000000000000000     
   0.0000000000000000        0.0000000000000000        0.0000000000000000        0.0000000000000000     
   0.0000000000000000        0.0000000000000000        0.0000000000000000        0.0000000000000000     
   0.0000000000000000        0.0000000000000000        0.0000000000000000        0.0000000000000000     
 >> Photon n.           1
 cm momentum     0.0000000000000000        0.0000000000000000        0.0000000000000000        0.0000000000000000     
 lab momentum    9.5626311720353411E-003   6.3073723667171067E-003   2.4110806576670561E-003  -6.7710899286731706E-003
 c_ph_up                         NaN
 c_ph_up lab  -0.70807812273198756     
 c_ph_lep                       NaN
 c_ph_lep lab  -0.76660856135185562     
 isvec for ranlux 
     9189876    12463466    15572475    13158196    16103938    13800429    14421863    15215213     2118049    11753096    11986581     8706632     4521964    11442809    10590267     7042281     6099246     1502875     3761351     3982368    12268664    13798970    15743538     3894718    -4112313
  
 ====== DUMPING at point            1
 propag    0.0000000000000000        0.0000000000000000        0.0000000000000000        0.0000000000000000     
 test props.    0.0000000000000000        0.0000000000000000     
 Var           1.4756414278067225     
 Var before   0.95203304537846511     
 iev, nphot and rad. pattern    0.0000000000000000                3               0           0           0           0
 partons...            1          -1
 x1 & x2   0.86629388147806008       0.99880903244298957     
 sv & ME    0.0000000000000000        0.0000000000000000     
 plepton   =    0.0000000000000000        0.0000000000000000        0.0000000000000000        0.0000000000000000     
 pneutrino =    0.0000000000000000        0.0000000000000000        0.0000000000000000        0.0000000000000000     
 pleptonlab   =    42.106031322409365        21.607334777579617       -16.226022903758061        32.291577455562091     
 pneutrinolab =    49.203994931512987       -23.037431659382211        16.624382011888695       -40.173730456493246     
 sqrt(s) =    0.0000000000000000     
 sqrt_fs_cm =    0.0000000000000000     
 phind channel           0
 bbb pw(0) qmod c1q   0.0000000000000000        0.0000000000000000        0.0000000000000000        0.0000000000000000     
 reduced to Born momenta
   0.0000000000000000        0.0000000000000000        0.0000000000000000        0.0000000000000000     
   0.0000000000000000        0.0000000000000000        0.0000000000000000        0.0000000000000000     
   0.0000000000000000        0.0000000000000000        0.0000000000000000        0.0000000000000000     
   0.0000000000000000        0.0000000000000000        0.0000000000000000        0.0000000000000000     
 >> Photon n.           1
 cm momentum     0.0000000000000000        0.0000000000000000        0.0000000000000000        0.0000000000000000     
 lab momentum    8.6176130038162126E-003   4.7592559621997101E-003  -2.9239875174377288E-003   6.5622430286966030E-003
 c_ph_up                         NaN
 c_ph_up lab   0.76149196138078934     
 c_ph_lep                       NaN
 c_ph_lep lab   0.99816003304558532     
 >> Photon n.           2
 cm momentum     0.0000000000000000        0.0000000000000000        0.0000000000000000        0.0000000000000000     
 lab momentum    1.9365018291263449        1.4253376258403947      -0.39543512061319530        1.2498332096559821     
 c_ph_up                         NaN
 c_ph_up lab   0.64540770933319791     
 c_ph_lep                       NaN
 c_ph_lep lab   0.95137273182097892     
 >> Photon n.           3
 cm momentum     0.0000000000000000        0.0000000000000000        0.0000000000000000        0.0000000000000000     
 lab momentum    0.0000000000000000        0.0000000000000000        0.0000000000000000        0.0000000000000000     
 c_ph_up                         NaN
 c_ph_up lab    0.0000000000000000     
 c_ph_lep                       NaN
 c_ph_lep lab    0.0000000000000000     
 isvec for ranlux 
    10729280      951825     2599558    14934193    13941412      776467    10074664     3918254     4721782     7088598     4864446    12764569     2726288     4197403     6349129    14750973    11225272     9917066    13519579     4908360     4211252     5668702      908009     6291073     4021505
  
 ====== DUMPING at point            1
 propag    0.0000000000000000        0.0000000000000000        0.0000000000000000        0.0000000000000000     
 test props.    0.0000000000000000        0.0000000000000000     
 Var           3.0117466619111011     
 Var before    1.3872480852780400     
 iev, nphot and rad. pattern    0.0000000000000000                1               0           0           0           0
 partons...            1          -1
 x1 & x2   0.99958844402665958       0.79396678842075685     
 sv & ME    0.0000000000000000        0.0000000000000000     
 plepton   =    0.0000000000000000        0.0000000000000000        0.0000000000000000        0.0000000000000000     
 pneutrino =    0.0000000000000000        0.0000000000000000        0.0000000000000000        0.0000000000000000     
 pleptonlab   =    48.018061401890911       -26.101188975226250       -22.743731430319212        33.274219326820209     
 pneutrinolab =    41.602764084492691        26.112916384591809        22.798650815413296       -23.002520180768435     
 sqrt(s) =    0.0000000000000000     
 sqrt_fs_cm =    0.0000000000000000     
 phind channel           0
 bbb pw(0) qmod c1q   0.0000000000000000        0.0000000000000000        0.0000000000000000        0.0000000000000000     
 reduced to Born momenta
   0.0000000000000000        0.0000000000000000        0.0000000000000000        0.0000000000000000     
   0.0000000000000000        0.0000000000000000        0.0000000000000000        0.0000000000000000     
   0.0000000000000000        0.0000000000000000        0.0000000000000000        0.0000000000000000     
   0.0000000000000000        0.0000000000000000        0.0000000000000000        0.0000000000000000     
 >> Photon n.           1
 cm momentum     0.0000000000000000        0.0000000000000000        0.0000000000000000        0.0000000000000000     
 lab momentum    5.6936135987199259E-002  -1.1727409365559107E-002  -5.4919385094083374E-002   9.3836342433631127E-003
 c_ph_up                         NaN
 c_ph_up lab   0.16480981859170774     
 c_ph_lep                       NaN
 c_ph_lep lab   0.68304098619848141     
 isvec for ranlux 
    15868928    16149788     8889730     6947937     4985027     6212496     9156383    16542457    12797613     1952311    12103019     8690689    10625675    15366954    15992746    15428916     4858500     3239719     7480833      848619     5738531    16519816     8961895    15949027     4111303
  
 ====== DUMPING at point            1
 propag    0.0000000000000000        0.0000000000000000        0.0000000000000000        0.0000000000000000     
 test props.    0.0000000000000000        0.0000000000000000     
 Var           1.1358071846367872     
 Var before    1.0221374449012768     
 iev, nphot and rad. pattern    0.0000000000000000                0               0           0           0           0
 partons...            1          -1
 x1 & x2   0.81714277746682873       0.99942588111693953     
 sv & ME    0.0000000000000000        0.0000000000000000     
 plepton   =    0.0000000000000000        0.0000000000000000        0.0000000000000000        0.0000000000000000     
 pneutrino =    0.0000000000000000        0.0000000000000000        0.0000000000000000        0.0000000000000000     
 pleptonlab   =    44.745386334663841        41.847689490832543       -15.699191637500480        2.1082458952296088     
 pneutrinolab =    46.083046594524539       -41.847689490832543        15.699191637500480       -11.222401077735149     
 sqrt(s) =    0.0000000000000000     
 sqrt_fs_cm =    0.0000000000000000     
 phind channel           0
 bbb pw(0) qmod c1q   0.0000000000000000        0.0000000000000000        0.0000000000000000        0.0000000000000000     
 reduced to Born momenta
   0.0000000000000000        0.0000000000000000        0.0000000000000000        0.0000000000000000     
   0.0000000000000000        0.0000000000000000        0.0000000000000000        0.0000000000000000     
   0.0000000000000000        0.0000000000000000        0.0000000000000000        0.0000000000000000     
   0.0000000000000000        0.0000000000000000        0.0000000000000000        0.0000000000000000     
 isvec for ranlux 
     4062957     2543688    15738586      741544     6820772    14614332    15027618    15307756     7824589    11081501     2982170    10721974     8437310      860899     6724249    16331149     7868398    15404148    11082881     2511825    13263280    10761305     5833341     6100070    -4060317
  
 ====== DUMPING at point            1
 propag    0.0000000000000000        0.0000000000000000        0.0000000000000000        0.0000000000000000     
 test props.    0.0000000000000000        0.0000000000000000     
 Var          0.73225255655990762     
 Var before   0.64754712475407361     
 iev, nphot and rad. pattern    0.0000000000000000                3               0           0           0           0
 partons...            1          -1
 x1 & x2   0.82143458233130828       0.99958922551181129     
 sv & ME    0.0000000000000000        0.0000000000000000     
 plepton   =    0.0000000000000000        0.0000000000000000        0.0000000000000000        0.0000000000000000     
 pneutrino =    0.0000000000000000        0.0000000000000000        0.0000000000000000        0.0000000000000000     
 pleptonlab   =    45.246328504947577        18.829474097647733        41.104797781836510       -1.7508809229942504     
 pneutrinolab =    37.611934778863208       -15.321774808544303       -33.865539163872135       -5.7458635534174576     
 sqrt(s) =    0.0000000000000000     
 sqrt_fs_cm =    0.0000000000000000     
 phind channel           0
 bbb pw(0) qmod c1q   0.0000000000000000        0.0000000000000000        0.0000000000000000        0.0000000000000000     
 reduced to Born momenta
   0.0000000000000000        0.0000000000000000        0.0000000000000000        0.0000000000000000     
   0.0000000000000000        0.0000000000000000        0.0000000000000000        0.0000000000000000     
   0.0000000000000000        0.0000000000000000        0.0000000000000000        0.0000000000000000     
   0.0000000000000000        0.0000000000000000        0.0000000000000000        0.0000000000000000     
 >> Photon n.           1
 cm momentum     0.0000000000000000        0.0000000000000000        0.0000000000000000        0.0000000000000000     
 lab momentum    1.9552267623441009E-002   1.3173502442274602E-002  -2.1257667966129248E-003   1.4290945320323024E-002
 c_ph_up                         NaN
 c_ph_up lab   0.73090986659725132     
 c_ph_lep                       NaN
 c_ph_lep lab   0.15333377646867055     
 >> Photon n.           2
 cm momentum     0.0000000000000000        0.0000000000000000        0.0000000000000000        0.0000000000000000     
 lab momentum    8.1733748407217419       -3.5208727915457039       -7.2371328511677602       -1.4252786279337659     
 c_ph_up                         NaN
 c_ph_up lab  -0.17438067575619817     
 c_ph_lep                       NaN
 c_ph_lep lab  -0.97692727157021919     
 >> Photon n.           3
 cm momentum     0.0000000000000000        0.0000000000000000        0.0000000000000000        0.0000000000000000     
 lab momentum    0.0000000000000000        0.0000000000000000        0.0000000000000000        0.0000000000000000     
 c_ph_up                         NaN
 c_ph_up lab    0.0000000000000000     
 c_ph_lep                       NaN
 c_ph_lep lab    0.0000000000000000     
 isvec for ranlux 
    16247789     4877343    10224026     2001710     8649674    13982633     8213934    12264382    10299815      775468     4591852     1287092    10250511    13100091    14700657     4084126     4592371    13972185     5664491     8674379    10217157    13555686    12584668     1787084    -4161808
  
 ====== DUMPING at point            1
 propag    0.0000000000000000        0.0000000000000000        0.0000000000000000        0.0000000000000000     
 test props.    0.0000000000000000        0.0000000000000000     
 Var          0.70631642155750884     
 Var before   0.63320662988282284     
 iev, nphot and rad. pattern    0.0000000000000000                1               0           0           0           0
 partons...            1          -1
 x1 & x2   0.82053491225320974       0.99967632714369004     
 sv & ME    0.0000000000000000        0.0000000000000000     
 plepton   =    0.0000000000000000        0.0000000000000000        0.0000000000000000        0.0000000000000000     
 pneutrino =    0.0000000000000000        0.0000000000000000        0.0000000000000000        0.0000000000000000     
 pleptonlab   =    46.751534643379784       -40.487136567667037       -15.320322906662504       -17.657131885058320     
 pneutrinolab =    34.772797669003545        31.421393473899961        13.221667099764943        6.8571018148587761     
 sqrt(s) =    0.0000000000000000     
 sqrt_fs_cm =    0.0000000000000000     
 phind channel           0
 bbb pw(0) qmod c1q   0.0000000000000000        0.0000000000000000        0.0000000000000000        0.0000000000000000     
 reduced to Born momenta
   0.0000000000000000        0.0000000000000000        0.0000000000000000        0.0000000000000000     
   0.0000000000000000        0.0000000000000000        0.0000000000000000        0.0000000000000000     
   0.0000000000000000        0.0000000000000000        0.0000000000000000        0.0000000000000000     
   0.0000000000000000        0.0000000000000000        0.0000000000000000        0.0000000000000000     
 >> Photon n.           1
 cm momentum     0.0000000000000000        0.0000000000000000        0.0000000000000000        0.0000000000000000     
 lab momentum    9.4862296574616334        9.0657430937670753        2.0986558068975611        1.8429593256755292     
 c_ph_up                         NaN
 c_ph_up lab   0.19427732536771372     
 c_ph_lep                       NaN
 c_ph_lep lab  -0.97349410568131189     
 isvec for ranlux 
     5847078     4865500     7515594     8114539    16563286    16717030    16183020     9720894     3645386    12713032    10758333     2199278     9971620    15093464    12224264    12279284     7496629    14457915    10674733     4273025    10584922     1566074      553201     7629154     4060822
  
 ====== DUMPING at point            1
 propag    0.0000000000000000        0.0000000000000000        0.0000000000000000        0.0000000000000000     
 test props.    0.0000000000000000        0.0000000000000000     
 Var          0.59154421087204723     
 Var before   0.50995654914600008     
 iev, nphot and rad. pattern    0.0000000000000000                2               0           0           0           0
 partons...            1          -1
 x1 & x2   0.83844991148890191       0.99980467613951440     
 sv & ME    0.0000000000000000        0.0000000000000000     
 plepton   =    0.0000000000000000        0.0000000000000000        0.0000000000000000        0.0000000000000000     
 pneutrino =    0.0000000000000000        0.0000000000000000        0.0000000000000000        0.0000000000000000     
 pleptonlab   =    43.212820878967968       -32.010765843380987       -10.089461930317462        27.218566323434604     
 pneutrinolab =    48.595397773560634        31.943474520986221        10.064793363673116       -35.211019456311945     
 sqrt(s) =    0.0000000000000000     
 sqrt_fs_cm =    0.0000000000000000     
 phind channel           0
 bbb pw(0) qmod c1q   0.0000000000000000        0.0000000000000000        0.0000000000000000        0.0000000000000000     
 reduced to Born momenta
   0.0000000000000000        0.0000000000000000        0.0000000000000000        0.0000000000000000     
   0.0000000000000000        0.0000000000000000        0.0000000000000000        0.0000000000000000     
   0.0000000000000000        0.0000000000000000        0.0000000000000000        0.0000000000000000     
   0.0000000000000000        0.0000000000000000        0.0000000000000000        0.0000000000000000     
 >> Photon n.           1
 cm momentum     0.0000000000000000        0.0000000000000000        0.0000000000000000        0.0000000000000000     
 lab momentum    3.9028789427280131E-003   1.8500857601302895E-003   2.7311023602268284E-003  -2.0858395479317949E-003
 c_ph_up                         NaN
 c_ph_up lab  -0.53443613766658260     
 c_ph_lep                       NaN
 c_ph_lep lab  -0.85116071180821962     
 >> Photon n.           2
 cm momentum     0.0000000000000000        0.0000000000000000        0.0000000000000000        0.0000000000000000     
 lab momentum   0.10060784994948614        6.5441236634634761E-002   2.1937464284119815E-002  -7.3199260105352298E-002
 c_ph_up                         NaN
 c_ph_up lab  -0.72757006677018410     
 c_ph_lep                       NaN
 c_ph_lep lab  -0.99103037351372136     
 isvec for ranlux 
     5079594     3841057     9098920     6732446     4511162     1103824     3455625     2049550     7089683     2498176       90917     1157143      391610     3412081     7982299     4908761     3446547    12135971     8440645    11572854      161177     5195586     4409555    12597285     4052111
  
