 ====== DUMPING at point            1
 propag    0.0000000000000000        0.0000000000000000        0.0000000000000000        0.0000000000000000     
 test props.    0.0000000000000000        0.0000000000000000     
 Var           1.5050702751919633E-002
 Var before    0.0000000000000000     
 iev, nphot and rad. pattern    0.0000000000000000                0               0           0           0           0
 partons...            1          -1
 x1 & x2   0.98339271846459608       0.91776575179930264     
 sv & ME    1.0000000000000000        1340.6622306755610     
 plepton   =    45.125603935349069        3.9934722304123476       -5.0876532713156397        44.659567066579591     
 pneutrino =    45.125603935349083       -3.9934722304123476        5.0876532713156397       -44.659567066579591     
 pleptonlab   =    46.695057191949942        3.9934722304123476       -5.0876532713156397        46.244839346718514     
 pneutrinolab =    43.609970145585237       -3.9934722304123476        5.0876532713156397       -43.127558430117084     
 sqrt(s) =    90.251207870698153     
 sqrt_fs_cm =    90.251207870698153     
 phind channel           0
 bbb pw(0) qmod c1q   0.0000000000000000        0.0000000000000000        0.0000000000000000        0.0000000000000000     
 reduced to Born momenta
   43.322151270690284        0.0000000000000000        0.0000000000000000        43.322094975831583     
   43.322151270690284        0.0000000000000000        0.0000000000000000       -43.322094975831583     
   43.322151270690277       -32.557445135057570        7.6270495336885595        27.543393195419490     
   43.322151270690291        32.557445135057570       -7.6270495336885595       -27.543393195419490     
 isvec for ranlux 
     9644655    14614328     8305202     1457455     1056974    16450356    10467055     4514011      135838    16753179    11474510      425858    13826447     7299317     7668616    13721940      957152    13197359    14184585     9294164    15939178     5902395     5267822    14659295     4102414
  
