 ====== DUMPING at point            1
 propag    0.0000000000000000        0.0000000000000000        0.0000000000000000        0.0000000000000000     
 test props.    0.0000000000000000        0.0000000000000000     
 Var           2.3712671575750610     
 Var before    0.0000000000000000     
 iev, nphot and rad. pattern    0.0000000000000000                1               0           0           0           1
 partons...            1          -1
 x1 & x2   0.89667084104100714       0.93482204313203476     
 sv & ME    1.0000000000000000        748.11735975971635     
 plepton   =    45.508401043082522        37.223894343723977       -17.649280240512550       -19.336183663941881     
 pneutrino =    40.426106708937482       -32.263203419923187        17.736763096241042        16.695864155634808     
 pleptonlab   =    45.921150523295289        37.223894343723977       -17.649280240512550       -20.288555852273010     
 pneutrinolab =    40.087019020449716       -32.263203419923187        17.736763096241042        15.857202471019553     
 sqrt(s) =    91.554774186760696     
 sqrt_fs_cm =    85.750523192482703     
 phind channel           0
 bbb pw(0) qmod c1q   0.0000000000000000        0.0000000000000000        0.0000000000000000        0.0000000000000000     
 reduced to Born momenta
   45.777387093380348        0.0000000000000000        0.0000000000000000        45.777333817857780     
   45.777387093380348        0.0000000000000000        0.0000000000000000       -45.777333817857780     
   45.777387093380348        37.016877522075426       -18.892010183578776       -19.193768133041008     
   45.777387093380348       -37.016877522075426        18.892010183578776        19.193768133041008     
 >> Photon n.           1
 cm momentum     5.6202664347406914       -4.9606909238007901       -8.7482855728490974E-002   2.6403195083070714     
 lab momentum    5.5664746649070915       -4.9606909238007901       -8.7482855728490974E-002   2.5237932767020683     
 c_ph_up    0.46978546995323911     
 c_ph_up lab   0.45339167581465895     
 c_ph_lep -0.91553804096615055     
 c_ph_lep lab  -0.91666518887387061     
 isvec for ranlux 
     9644655    14614328     8305202     1457455     6611641    14048799     7267313     8683348    14048746     9318201     4464668     5476536     8218591     7359978     7668616    13721940      957152    13197359    14184585     9294164    15939178     5902395     5267822    14659295     4201404
  
 ====== DUMPING at point            1
 propag    0.0000000000000000        0.0000000000000000        0.0000000000000000        0.0000000000000000     
 test props.    0.0000000000000000        0.0000000000000000     
 Var           1.8418713521151673     
 Var before    1.2437045526765980     
 iev, nphot and rad. pattern    0.0000000000000000                0               0           0           1           0
 partons...            1          -1
 x1 & x2   0.94874239102264435       0.78953485840221993     
 sv & ME   0.69825761647131057        1350.5577542974668     
 plepton   =    43.274276116309757        31.538541632925160        29.598886988686008        1.3704343831025427     
 pneutrino =    43.274276116309757       -31.538541632925160       -29.598886988686008       -1.3704343831025427     
 pleptonlab   =    43.582978102451634        31.538541632925160        29.598886988686008        5.3564071247946998     
 pneutrinolab =    43.330884368791558       -31.538541632925160       -29.598886988686008        2.6039695062265227     
 sqrt(s) =    86.548552232619514     
 sqrt_fs_cm =    86.548552232619514     
 phind channel           0
 bbb pw(0) qmod c1q   0.0000000000000000        0.0000000000000000        0.0000000000000000        0.0000000000000000     
 reduced to Born momenta
   43.274276116309757        0.0000000000000000        0.0000000000000000        43.274219759170904     
   43.274276116309757        0.0000000000000000        0.0000000000000000       -43.274219759170904     
   43.274276116309757        31.538541632925160        29.598886988686008        1.3704343831025427     
   43.274276116309757       -31.538541632925160       -29.598886988686008       -1.3704343831025427     
 isvec for ranlux 
     6252439      346129     5312835     8261683     9079631     4152189    11690151     3251140     4683020     2530188    16021290    11618951     3342516     5282467     2561248    15711547    15779543    10985280     8292142     1596633    16558285    12472361     3784938     8334133     4140519
  
 ====== DUMPING at point            1
 propag    0.0000000000000000        0.0000000000000000        0.0000000000000000        0.0000000000000000     
 test props.    0.0000000000000000        0.0000000000000000     
 Var           1.8176531278187751     
 Var before    1.3977227742375102     
 iev, nphot and rad. pattern    0.0000000000000000                0               0           0           1           0
 partons...            1          -1
 x1 & x2   0.90673535919550940       0.91999011301721823     
 sv & ME   0.67353393474260081        18961.618899807905     
 plepton   =    45.666934580256893       -43.543653569293951       -7.5062299526950467        11.535358512008699     
 pneutrino =    45.666934580256864        43.543653569293951        7.5062299526950467       -11.535358512008699     
 pleptonlab   =    45.584433827043448       -43.543653569293951       -7.5062299526950467        11.204293345642649     
 pneutrinolab =    45.751839783592928        43.543653569293951        7.5062299526950467       -11.867031036728088     
 sqrt(s) =    91.333869160513757     
 sqrt_fs_cm =    91.333869160513757     
 phind channel           0
 bbb pw(0) qmod c1q   0.0000000000000000        0.0000000000000000        0.0000000000000000        0.0000000000000000     
 reduced to Born momenta
   45.666934580256878        0.0000000000000000        0.0000000000000000        45.666881175879112     
   45.666934580256878        0.0000000000000000        0.0000000000000000       -45.666881175879112     
   45.666934580256893       -43.543653569293951       -7.5062299526950467        11.535358512008699     
   45.666934580256864        43.543653569293951        7.5062299526950467       -11.535358512008699     
 isvec for ranlux 
     8965487     2126720     7254733    12923904     5337694    14130607     1878020     8597149     6833174     1891112    11634831     6803766      471344     6208649      964748     8738368    12913065     1505022     4123979     3215547    11907780     4934906    11898556     4780317     4221101
  
 ====== DUMPING at point            1
 propag    0.0000000000000000        0.0000000000000000        0.0000000000000000        0.0000000000000000     
 test props.    0.0000000000000000        0.0000000000000000     
 Var           1.9435982131159448     
 Var before    1.6864733799387486     
 iev, nphot and rad. pattern    0.0000000000000000                0               0           0           0           1
 partons...            1          -1
 x1 & x2   0.80183717824628165       0.96210870154189776     
 sv & ME   0.69468253140994651        2604.8491497690629     
 plepton   =    43.916242052643497       -10.204022244615947        42.663940801637601        2.0715302654439665     
 pneutrino =    43.916242052643483        10.204022244615947       -42.663940801637601       -2.0715302654439665     
 pleptonlab   =    43.909646697959090       -10.204022244615947        42.663940801637601       -1.9266537711450473     
 pneutrinolab =    44.287647291449858        10.204022244615947       -42.663940801637601       -6.0869223936357590     
 sqrt(s) =    87.832484105286980     
 sqrt_fs_cm =    87.832484105286980     
 phind channel           0
 bbb pw(0) qmod c1q   0.0000000000000000        0.0000000000000000        0.0000000000000000        0.0000000000000000     
 reduced to Born momenta
   43.916242052643490        0.0000000000000000        0.0000000000000000        43.916186519332165     
   43.916242052643490        0.0000000000000000        0.0000000000000000       -43.916186519332165     
   43.916242052643497       -10.204022244615947        42.663940801637601        2.0715302654439665     
   43.916242052643483        10.204022244615947       -42.663940801637601       -2.0715302654439665     
 isvec for ranlux 
    15326067    13686972    12635121    13902960    13679249    15597591     9630857    11203193     9414693    13903049     1041894    12159642    14667289     9413416    16351989    16702048    13674632     3503371    11931980     1731313     7232330     5707229     4337415    14161190     4071606
  
 ====== DUMPING at point            1
 propag    0.0000000000000000        0.0000000000000000        0.0000000000000000        0.0000000000000000     
 test props.    0.0000000000000000        0.0000000000000000     
 Var           2.5208787375452761     
 Var before    1.6799931886004436     
 iev, nphot and rad. pattern    0.0000000000000000                0               0           1           0           0
 partons...            1          -1
 x1 & x2   0.88304716959558338       0.97804367803916925     
 sv & ME   0.66737547289295707        8524.0543020943660     
 plepton   =    46.466619783274069        27.857413161811706       -24.171322784893707        28.263886448124712     
 pneutrino =    46.466619783274041       -27.857413161811706        24.171322784893707       -28.263886448124712     
 pleptonlab   =    45.082701658944153        27.857413161811706       -24.171322784893707        25.925865693135432     
 pneutrinolab =    47.971840722793466       -27.857413161811706        24.171322784893707       -30.675691115314731     
 sqrt(s) =    92.933239566548110     
 sqrt_fs_cm =    92.933239566548110     
 phind channel           0
 bbb pw(0) qmod c1q   0.0000000000000000        0.0000000000000000        0.0000000000000000        0.0000000000000000     
 reduced to Born momenta
   46.466619783274062        0.0000000000000000        0.0000000000000000        46.466567297980561     
   46.466619783274048        0.0000000000000000        0.0000000000000000       -46.466567297980546     
   46.466619783274069        27.857413161811706       -24.171322784893707        28.263886448124712     
   46.466619783274041       -27.857413161811706        24.171322784893707       -28.263886448124712     
 isvec for ranlux 
     4925990     5576093    15184408    11784099    11845403    13164298      418628     8394559    12727338     1012832     9828754     3599171     1962348     6110377     1170785     8157080     6470367    12307127     8788506     3545955     7555912     3534851     9276842     7912478     4132414
  
 ====== DUMPING at point            1
 propag    0.0000000000000000        0.0000000000000000        0.0000000000000000        0.0000000000000000     
 test props.    0.0000000000000000        0.0000000000000000     
 Var           11.367887907787145     
 Var before    1.6577727418817931     
 iev, nphot and rad. pattern    0.0000000000000000                0               0           0           0           1
 partons...            1          -1
 x1 & x2   0.99810858459419705       0.83481074717949444     
 sv & ME   0.66667888525232422        33271.970949228431     
 plepton   =    45.640765037172343       -4.7271716482932611        27.280540533327500        36.283525544025530     
 pneutrino =    45.640765037172329        4.7271716482932611       -27.280540533327500       -36.283525544025530     
 pleptonlab   =    49.068448861305740       -4.7271716482932611        27.280540533327500        40.510831469869345     
 pneutrinolab =    42.577517727378819        4.7271716482932611       -27.280540533327500       -32.345939599134212     
 sqrt(s) =    91.281530074344673     
 sqrt_fs_cm =    91.281530074344673     
 phind channel           0
 bbb pw(0) qmod c1q   0.0000000000000000        0.0000000000000000        0.0000000000000000        0.0000000000000000     
 reduced to Born momenta
   45.640765037172336        0.0000000000000000        0.0000000000000000        45.640711602173475     
   45.640765037172336        0.0000000000000000        0.0000000000000000       -45.640711602173475     
   45.640765037172343       -4.7271716482932611        27.280540533327500        36.283525544025530     
   45.640765037172329        4.7271716482932611       -27.280540533327500       -36.283525544025530     
 isvec for ranlux 
      128384    11388086    10466586    16512364     6221064    10759867     4294357     4958074     2428245      140484    15658108     6187047     6125357     5290921     3091457    10559473     4129276    15535479    13747368    10865395     4704666    11572707     3324263     2372157     4192111
  
 ====== DUMPING at point            1
 propag    0.0000000000000000        0.0000000000000000        0.0000000000000000        0.0000000000000000     
 test props.    0.0000000000000000        0.0000000000000000     
 Var           5.9361464346339714     
 Var before    3.6715636113975298     
 iev, nphot and rad. pattern    0.0000000000000000                1               1           0           0           0
 partons...            1          -1
 x1 & x2   0.99986407394758736       0.86165000975838635     
 sv & ME    1.0000000000000000        153.80274949619900     
 plepton   =    44.392370593446742       -37.493977281062470        10.824432480133796       -21.159034296126148     
 pneutrino =    44.997107132646299        39.578903372191760       -8.5857936511199107        19.609259084689473     
 pleptonlab   =    42.939873377102394       -37.493977281062470        10.824432480133796       -17.912422814357477     
 pneutrinolab =    46.581634202641716        39.578903372191760       -8.5857936511199107        23.013735823032921     
 sqrt(s) =    92.818795999193966     
 sqrt_fs_cm =    89.323672698369606     
 phind channel           0
 bbb pw(0) qmod c1q   0.0000000000000000        0.0000000000000000        0.0000000000000000        0.0000000000000000     
 reduced to Born momenta
   44.661836349184803        0.0000000000000000        0.0000000000000000        44.661781742959661     
   44.661836349184803        0.0000000000000000        0.0000000000000000       -44.661781742959661     
   44.661836349184796       -38.532912799453420        9.7089006623838916       -20.386768785356264     
   44.661836349184810        38.532912799453420       -9.7089006623838916        20.386768785356264     
 >> Photon n.           1
 cm momentum     3.4293182731009222       -2.0849260911292871       -2.2386388290138841        1.5497752114366736     
 lab momentum    3.5541966055545755       -2.0849260911292871       -2.2386388290138841        1.8093902007846077     
 c_ph_up    0.45191932857118772     
 c_ph_up lab   0.50908556886156875     
 c_ph_lep  0.13891950493612892     
 c_ph_lep lab   0.14107022456914592     
 isvec for ranlux 
     6248706     2443650     5424569     7840856     8854079     5077390    15263352    16554528     1529883     2696089     2519233     5653265    15789071      882553     5947087     9218297     5428618    10255587     4747224    14768239    10404210    13291405    15495887    10569314     4080721
  
 ====== DUMPING at point            1
 propag    0.0000000000000000        0.0000000000000000        0.0000000000000000        0.0000000000000000     
 test props.    0.0000000000000000        0.0000000000000000     
 Var           2.6037887590814734     
 Var before    2.1674817561652251     
 iev, nphot and rad. pattern    0.0000000000000000                0               0           1           0           0
 partons...            1          -1
 x1 & x2   0.82445831878266407       0.99918940531433253     
 sv & ME   0.76297579421502637        20446.238797075741     
 plepton   =    45.381439412244973        9.1150407404848295       -32.023118363780313       -30.836663275951430     
 pneutrino =    45.381439412244987       -9.1150407404848295        32.023118363780313        30.836663275951430     
 pleptonlab   =    48.559435047260827        9.1150407404848295       -32.023118363780313       -35.347467957072865     
 pneutrinolab =    42.622951157589029       -9.1150407404848295        32.023118363780313        26.610913630489438     
 sqrt(s) =    90.762878824489960     
 sqrt_fs_cm =    90.762878824489960     
 phind channel           0
 bbb pw(0) qmod c1q   0.0000000000000000        0.0000000000000000        0.0000000000000000        0.0000000000000000     
 reduced to Born momenta
   45.381439412244980        0.0000000000000000        0.0000000000000000        45.381385671899245     
   45.381439412244980        0.0000000000000000        0.0000000000000000       -45.381385671899245     
   45.381439412244973        9.1150407404848295       -32.023118363780313       -30.836663275951430     
   45.381439412244987       -9.1150407404848295        32.023118363780313        30.836663275951430     
 isvec for ranlux 
    14902313     9928972     4799160     2701921    12896674      994906     4989402     1593852     3619565    10431950     8726416    10407135     5333250    10378542     9914156    14939389     3289939    14228418    14454888     1597759     1973254     3860146     2875092     2125098     4191303
  
 ====== DUMPING at point            1
 propag    0.0000000000000000        0.0000000000000000        0.0000000000000000        0.0000000000000000     
 test props.    0.0000000000000000        0.0000000000000000     
 Var           1.3501392174554940     
 Var before    1.1179848065752533     
 iev, nphot and rad. pattern    0.0000000000000000                1               0           0           1           0
 partons...            1          -1
 x1 & x2   0.99949841539506579       0.82124591389036172     
 sv & ME    1.0000000000000000        2693284.2404200179     
 plepton   =    45.121062701462236        9.5707017471163152        40.100666036537483        18.336776900852904     
 pneutrino =    45.295864402119513       -9.5628602563208247       -40.276752799977594       -18.385838459295421     
 pleptonlab   =    47.142715235668270        9.5707017471163152        40.100666036537483        22.864004189854310     
 pneutrinolab =    43.705829766029808       -9.5628602563208247       -40.276752799977594       -14.018676094884505     
 sqrt(s) =    90.599889049771434     
 sqrt_fs_cm =    90.416741988310221     
 phind channel           0
 bbb pw(0) qmod c1q   0.0000000000000000        0.0000000000000000        0.0000000000000000        0.0000000000000000     
 reduced to Born momenta
   45.299944524885717        0.0000000000000000        0.0000000000000000        45.299890687860639     
   45.299944524885717        0.0000000000000000        0.0000000000000000       -45.299890687860639     
   45.299944524885724        9.5861632612507268        40.270030348326017        18.398476565732395     
   45.299944524885710       -9.5861632612507268       -40.270030348326017       -18.398476565732395     
 >> Photon n.           1
 cm momentum    0.18296194618968700       -7.8414907954895766E-003  0.17608676344011098        4.9061558442517632E-002
 lab momentum   0.18867146257330802       -7.8414907954895766E-003  0.17608676344011098        6.7296980265401332E-002
 c_ph_up    0.26815170839761804     
 c_ph_up lab   0.35668870823139553     
 c_ph_lep  0.95522501964875295     
 c_ph_lep lab   0.95844197189563329     
 isvec for ranlux 
    16299211     3254293    16131975     5266621    16545363    14473301     5355798     5599353    11050532    14547556    11682091     8225026    12673044    12120042     6959192    14507471     7976243    13182463     2472364    15582834    14772810    14376851    13178594     7905684     4032111
  
 ====== DUMPING at point            1
 propag    0.0000000000000000        0.0000000000000000        0.0000000000000000        0.0000000000000000     
 test props.    0.0000000000000000        0.0000000000000000     
 Var           2.1949771785913490     
 Var before    1.3123591411668507     
 iev, nphot and rad. pattern    0.0000000000000000                1               0           0           0           1
 partons...            1          -1
 x1 & x2   0.99986218938451699       0.81536017624627311     
 sv & ME    1.0000000000000000        217938992762.06741     
 plepton   =    45.145537020525715      -0.67689231676246231       -31.047153156308440        32.767734844819877     
 pneutrino =    45.100259786564642       0.67625991714048395        31.016105785831222       -32.734784611033383     
 pleptonlab   =    48.728460799660162      -0.67689231676246231       -31.047153156308440        37.550869842026067     
 pneutrinolab =    41.990510764818509       0.67625991714048395        31.016105785831222       -28.297273455325474     
 sqrt(s) =    90.291074362782069     
 sqrt_fs_cm =    90.245785448903874     
 phind channel           0
 bbb pw(0) qmod c1q   0.0000000000000000        0.0000000000000000        0.0000000000000000        0.0000000000000000     
 reduced to Born momenta
   45.145537181391035        0.0000000000000000        0.0000000000000000        45.145483160231663     
   45.145537181391035        0.0000000000000000        0.0000000000000000       -45.145483160231663     
   45.145537181391035      -0.67691557217795140       -31.047198562527118        32.767691563978829     
   45.145537181391035       0.67691557217795140        31.047198562527118       -32.767691563978829     
 >> Photon n.           1
 cm momentum     4.5277555691712483E-002   6.3239962197837111E-004   3.1047370477217541E-002  -3.2950233786494566E-002
 lab momentum    4.2146717060816373E-002   6.3239962197837111E-004   3.1047370477217541E-002  -2.8495729788391676E-002
 c_ph_up   -0.72773879426812149     
 c_ph_up lab  -0.67610793379881151     
 c_ph_lep -0.99999564009904918     
 c_ph_lep lab  -0.99058310652545956     
 isvec for ranlux 
    14376841     9367055    11411008     3416353     1394422    12230973     5252183    16075032     6397709     9393473    12531793     9363946    15390017     9736584    16117207    13485524     9250666     8140315     3126542     1982896     8250996    15449780     6880094     7144020    -4021707
  
 ====== DUMPING at point            1
 propag    0.0000000000000000        0.0000000000000000        0.0000000000000000        0.0000000000000000     
 test props.    0.0000000000000000        0.0000000000000000     
 Var          0.75197670072747846     
 Var before   0.61099430044835401     
 iev, nphot and rad. pattern    0.0000000000000000                1               0           0           1           0
 partons...            1          -1
 x1 & x2   0.76673313714818914       0.99988389159802493     
 sv & ME    1.0000000000000000        1408735.8125329392     
 plepton   =    41.889230797628620        41.833013476822551       -2.1453094670472441      -0.30516202927421737     
 pneutrino =    43.779038296759218       -43.721151355351751        2.2278660572980784       0.30094433173946311     
 pleptonlab   =    42.299501334967900        41.833013476822551       -2.1453094670472441       -5.8850046927817719     
 pneutrinolab =    44.125287715778022       -43.721151355351751        2.2278660572980784       -5.5251596630221060     
 sqrt(s) =    87.558215661860871     
 sqrt_fs_cm =    85.647419293289531     
 phind channel           0
 bbb pw(0) qmod c1q   0.0000000000000000        0.0000000000000000        0.0000000000000000        0.0000000000000000     
 reduced to Born momenta
   43.779107830930435        0.0000000000000000        0.0000000000000000        43.779052123665657     
   43.779107830930435        0.0000000000000000        0.0000000000000000       -43.779052123665657     
   43.779107830930435        43.720799592778043       -2.2349053857239687      -0.30983812833116836     
   43.779107830930435       -43.720799592778043        2.2349053857239687       0.30983812833116836     
 >> Photon n.           1
 cm momentum     1.8899465674730291        1.8881378785291996       -8.2556590250834436E-002   4.2176975347542568E-003
 lab momentum    1.9060623865648005        1.8881378785291996       -8.2556590250834436E-002 -0.24737336668791240     
 c_ph_up     2.2316490885737417E-003
 c_ph_up lab  -0.12978240818955611     
 c_ph_lep  0.99992627784081412     
 c_ph_lep lab   0.99992760624791821     
 isvec for ranlux 
    16575667    16622680     6248223    14956727    13110558     1205945    11242040     6890570    14658205      621134     7421034    11519576    13204167     8090949    16466493    11015029     5120304      201156    13109540    13654731     2695017     9785481     4861148      143676    -4200721
  
 ====== DUMPING at point            1
 propag    0.0000000000000000        0.0000000000000000        0.0000000000000000        0.0000000000000000     
 test props.    0.0000000000000000        0.0000000000000000     
 Var          0.87060815601124597     
 Var before   0.74894235258411823     
 iev, nphot and rad. pattern    0.0000000000000000                0               0           1           0           0
 partons...            1          -1
 x1 & x2   0.87073962597039389       0.99983677226072942     
 sv & ME   0.67381131330941169        7999.9939972850243     
 plepton   =    46.652907120289782        18.460920849693938       -22.806518625629192        36.270369292896390     
 pneutrino =    46.652907120289754       -18.460920849693938        22.806518625629192       -36.270369292896390     
 pleptonlab   =    44.255240935219291        18.460920849693938       -22.806518625629192        33.129628674390624     
 pneutrinolab =    49.273578976336886       -18.460920849693938        22.806518625629192       -39.584485988907403     
 sqrt(s) =    93.305814240579537     
 sqrt_fs_cm =    93.305814240579537     
 phind channel           0
 bbb pw(0) qmod c1q   0.0000000000000000        0.0000000000000000        0.0000000000000000        0.0000000000000000     
 reduced to Born momenta
   46.652907120289768        0.0000000000000000        0.0000000000000000        46.652854844572843     
   46.652907120289768        0.0000000000000000        0.0000000000000000       -46.652854844572843     
   46.652907120289782        18.460920849693938       -22.806518625629192        36.270369292896390     
   46.652907120289754       -18.460920849693938        22.806518625629192       -36.270369292896390     
 isvec for ranlux 
    13452352     7685781    12040999      377492     2027616    10867852     4039603    13333254    16608482     8283248     4576519     7678115     1422877    16276106    10765401     9788787     9530970    13032368     3894472      306732    14245216    14571762    11462555    11912083     4051404
  
 ====== DUMPING at point            1
 propag    0.0000000000000000        0.0000000000000000        0.0000000000000000        0.0000000000000000     
 test props.    0.0000000000000000        0.0000000000000000     
 Var          0.83876526070495194     
 Var before   0.75177106866007004     
 iev, nphot and rad. pattern    0.0000000000000000                1               0           0           1           0
 partons...            1          -1
 x1 & x2   0.81998417510219768       0.99987450974743097     
 sv & ME    1.0000000000000000        1174965.2881998008     
 plepton   =    44.930831643935100       -26.155958548542817       -2.5638831532500008       -36.442568571761818     
 pneutrino =    45.267709407162990        26.425659302625128        2.5788538857128667        36.663174908041015     
 pleptonlab   =    48.771986727765636       -26.155958548542817       -2.5638831532500008       -41.085129441992379     
 pneutrinolab =    41.848562541022531        26.425659302625128        2.5788538857128667        32.346948327719112     
 sqrt(s) =    90.547295657074230     
 sqrt_fs_cm =    90.197866814972059     
 phind channel           0
 bbb pw(0) qmod c1q   0.0000000000000000        0.0000000000000000        0.0000000000000000        0.0000000000000000     
 reduced to Born momenta
   45.273647828537115        0.0000000000000000        0.0000000000000000        45.273593960241364     
   45.273647828537115        0.0000000000000000        0.0000000000000000       -45.273593960241364     
   45.273647828537115       -26.392407950202870       -2.5813160888841988       -36.694272493813955     
   45.273647828537115        26.392407950202870        2.5813160888841988        36.694272493813955     
 >> Photon n.           1
 cm momentum    0.34875460597613911      -0.26970075408230992       -1.4970732462865764E-002 -0.22060633627919832     
 lab momentum   0.37238497369326129      -0.26970075408230992       -1.4970732462865764E-002 -0.25633561798838955     
 c_ph_up   -0.63255461719777728     
 c_ph_up lab  -0.68836187305327945     
 c_ph_lep  0.96568782162499200     
 c_ph_lep lab   0.97039599321441139     
 isvec for ranlux 
    16281071     6216508     5788901     5598226     2151985    11312847     4878172    15215368      933416    10490822     4859569     3569103     7793955     9042226    15803846    11186175     1469788    15694173    11573162    10117844     1302401    12204826     4381916     1083041    -4200822
  
 ====== DUMPING at point            1
 propag    0.0000000000000000        0.0000000000000000        0.0000000000000000        0.0000000000000000     
 test props.    0.0000000000000000        0.0000000000000000     
 Var          0.63262861875270404     
 Var before   0.55190268650415486     
 iev, nphot and rad. pattern    0.0000000000000000                0               0           0           1           0
 partons...            1          -1
 x1 & x2   0.84745983576126638       0.99987824380393042     
 sv & ME   0.67588433313347585        11232.444010150954     
 plepton   =    46.025988644333921        31.288474516585079        32.114413815014785        10.395973005923009     
 pneutrino =    46.025988644333935       -31.288474516585079       -32.114413815014785       -10.395973005923009     
 pleptonlab   =    45.322776476072598        31.288474516585079        32.114413815014785        6.6210793343354659     
 pneutrinolab =    47.044127502187244       -31.288474516585079       -32.114413815014785       -14.241999736468667     
 sqrt(s) =    92.051977288667857     
 sqrt_fs_cm =    92.051977288667857     
 phind channel           0
 bbb pw(0) qmod c1q   0.0000000000000000        0.0000000000000000        0.0000000000000000        0.0000000000000000     
 reduced to Born momenta
   46.025988644333928        0.0000000000000000        0.0000000000000000        46.025935656570368     
   46.025988644333928        0.0000000000000000        0.0000000000000000       -46.025935656570368     
   46.025988644333921        31.288474516585079        32.114413815014785        10.395973005923009     
   46.025988644333935       -31.288474516585079       -32.114413815014785       -10.395973005923009     
 isvec for ranlux 
      589876    16710617     5688859    14464672     6555815    10676443     8690630    14425228     3486349    14953393     3964495     2454096     6889208    10385107     6558022     6916769    16140560    10878330     7171221     6209201     3307280     2406960     2255942    12891023    -4131909
  
