 ====== DUMPING at point            1
 propag    0.0000000000000000        0.0000000000000000        0.0000000000000000        0.0000000000000000     
 test props.    0.0000000000000000        0.0000000000000000     
 Var           1.7349893931024378     
 Var before    0.0000000000000000     
 iev, nphot and rad. pattern    0.0000000000000000                0               0           1           0           0
 partons...            1          -1
 x1 & x2   0.94693539778351188       0.97588642440755047     
 sv & ME   0.57770521140193631        1005.1676015266740     
 plepton   =    48.065096470513126       -21.088354795801298        38.359754645008636       -19.850764484256235     
 pneutrino =    48.065096470513112        21.088354795801298       -38.359754645008636        19.850764484256235     
 pleptonlab   =    48.369463092289365       -21.088354795801298        38.359754645008636       -20.576790608013148     
 pneutrinolab =    47.771628017263772        21.088354795801298       -38.359754645008636        19.129239276811219     
 sqrt(s) =    96.130192941026237     
 sqrt_fs_cm =    96.130192941026237     
 phind channel           0
 bbb pw(0) qmod c1q   0.0000000000000000        0.0000000000000000        0.0000000000000000        0.0000000000000000     
 reduced to Born momenta
   48.065096470513119        0.0000000000000000        0.0000000000000000        48.065045730698444     
   48.065096470513119        0.0000000000000000        0.0000000000000000       -48.065045730698444     
   48.065096470513126       -21.088354795801298        38.359754645008636       -19.850764484256235     
   48.065096470513112        21.088354795801298       -38.359754645008636        19.850764484256235     
 isvec for ranlux 
     9644655    14614328     8305202     5902523     6611641    14048799     7267313     8683348    14048746     9318201     4464668     5476536     8218591     7359978     7668616    13721940      957152    13197359    14184585     9294164    15939178     5902395     5267822    14659295     4211303
  
 ====== DUMPING at point            1
 propag    0.0000000000000000        0.0000000000000000        0.0000000000000000        0.0000000000000000     
 test props.    0.0000000000000000        0.0000000000000000     
 Var           2.9606957227297741     
 Var before    1.7349893931024378     
 iev, nphot and rad. pattern    0.0000000000000000                0               0           1           0           0
 partons...            1          -1
 x1 & x2   0.94509358557661338       0.89528488916323234     
 sv & ME   0.55978924557017795        19628.352405771733     
 plepton   =    45.992608265128879       -23.340256796660846       -29.768096778761052        26.161071808593338     
 pneutrino =    45.992608265128865        23.340256796660846        29.768096778761052       -26.161071808593338     
 pleptonlab   =    46.717754425014874       -23.340256796660846       -29.768096778761052        27.415875723032677     
 pneutrinolab =    45.301169311977418        23.340256796660846        29.768096778761052       -24.925440902363626     
 sqrt(s) =    91.985216530257745     
 sqrt_fs_cm =    91.985216530257745     
 phind channel           0
 bbb pw(0) qmod c1q   0.0000000000000000        0.0000000000000000        0.0000000000000000        0.0000000000000000     
 reduced to Born momenta
   45.992608265128872        0.0000000000000000        0.0000000000000000        45.992555238907968     
   45.992608265128872        0.0000000000000000        0.0000000000000000       -45.992555238907968     
   45.992608265128879       -23.340256796660846       -29.768096778761052        26.161071808593338     
   45.992608265128865        23.340256796660846        29.768096778761052       -26.161071808593338     
 isvec for ranlux 
      778671     5844720     9587749    10340955     5767304     1229801     7106317     9230034     7070010     1656684    15462261     7797679    14988199    15435044     9850695     6896914     2215452    12845121     6405628     3024976     4819489    10459877     1149857     7981361    -4092010
  
 ====== DUMPING at point            1
 propag    0.0000000000000000        0.0000000000000000        0.0000000000000000        0.0000000000000000     
 test props.    0.0000000000000000        0.0000000000000000     
 Var           2.2134398386803689     
 Var before    1.7627290190929907     
 iev, nphot and rad. pattern    0.0000000000000000                1               0           0           1           0
 partons...            1          -1
 x1 & x2   0.86162213987822611       0.95881440568901921     
 sv & ME   0.58219424366352646        5103159092.9288235     
 plepton   =    45.439552118982093        27.907283267128136        14.829818233523966       -32.649682462332350     
 pneutrino =    45.445942796927369       -27.910932680623084       -14.833094036719181        32.653969302455366     
 pleptonlab   =    47.250093476047844        27.907283267128136        14.829818233523966       -35.125776882692591     
 pneutrinolab =    43.764981767540142       -27.910932680623084       -14.833094036719181        30.270804806235720     
 sqrt(s) =    90.892008448259205     
 sqrt_fs_cm =    90.885494682505310     
 phind channel           0
 bbb pw(0) qmod c1q   0.0000000000000000        0.0000000000000000        0.0000000000000000        0.0000000000000000     
 reduced to Born momenta
   45.446004224129602        0.0000000000000000        0.0000000000000000        45.445950560132474     
   45.446004224129602        0.0000000000000000        0.0000000000000000       -45.445950560132474     
   45.446004224129602        27.911108167021435        14.832519054123319       -32.654165976886247     
   45.446004224129602       -27.911108167021435       -14.832519054123319        32.654165976886247     
 >> Photon n.           1
 cm momentum     6.5135323497436714E-003   3.6494134949475706E-003   3.2758031952150337E-003  -4.2868401230126193E-003
 lab momentum    6.7520347742778732E-003   3.6494134949475706E-003   3.2758031952150337E-003  -4.6412140827773911E-003
 c_ph_up   -0.65814367578619926     
 c_ph_up lab  -0.68738006214930469     
 c_ph_lep  0.98113856417381162     
 c_ph_lep lab   0.98250201139142246     
 isvec for ranlux 
    13077225     6767474    12978143    11216133     7787453     7756591     1456377     6700084     7382700    12480500    14719702    13291644     7895789     6891298      102469     9060833    10785562     3405521     1113041     5184210    10069583      203884    13164889     3691341     4042414
  
 ====== DUMPING at point            1
 propag    0.0000000000000000        0.0000000000000000        0.0000000000000000        0.0000000000000000     
 test props.    0.0000000000000000        0.0000000000000000     
 Var           2.1270876164562829     
 Var before    1.7558915464417524     
 iev, nphot and rad. pattern    0.0000000000000000                0               0           1           0           0
 partons...            1          -1
 x1 & x2   0.98472514623843066       0.87375752257553496     
 sv & ME   0.55883265321967124        9746.8073072878869     
 plepton   =    46.379171084526796        22.459825022116476        34.774634989107575        20.911656274589649     
 pneutrino =    46.379171084526796       -22.459825022116476       -34.774634989107575       -20.911656274589649     
 pleptonlab   =    47.712906671443413        22.459825022116476        34.774634989107575        23.723223235822058     
 pneutrinolab =    45.211226769254864       -22.459825022116476       -34.774634989107575       -18.174842052677274     
 sqrt(s) =    92.758342169053591     
 sqrt_fs_cm =    92.758342169053591     
 phind channel           0
 bbb pw(0) qmod c1q   0.0000000000000000        0.0000000000000000        0.0000000000000000        0.0000000000000000     
 reduced to Born momenta
   46.379171084526796        0.0000000000000000        0.0000000000000000        46.379118500271289     
   46.379171084526796        0.0000000000000000        0.0000000000000000       -46.379118500271289     
   46.379171084526796        22.459825022116476        34.774634989107575        20.911656274589649     
   46.379171084526796       -22.459825022116476       -34.774634989107575       -20.911656274589649     
 isvec for ranlux 
     2097233     6471148     4378437     8640871    15711293     8225040    11065883    15787977     7243899     4917269    11956633    15358016     1047827     9592925      229606     7295905     6628324     2019165    14002484    11234980     6728922     2987987     4664818    12003099    -4080923
  
 ====== DUMPING at point            1
 propag    0.0000000000000000        0.0000000000000000        0.0000000000000000        0.0000000000000000     
 test props.    0.0000000000000000        0.0000000000000000     
 Var           2.3906433536447032     
 Var before    1.8834752236482473     
 iev, nphot and rad. pattern    0.0000000000000000                2               0           0           1           1
 partons...            1          -1
 x1 & x2   0.89690613473841863       0.95440372724587808     
 sv & ME   0.56838062153562852        30918979292.401390     
 plepton   =    46.189583121795231       -29.562207801644028        4.9186923539711911        35.147528514721557     
 pneutrino =    46.066577723919330        29.448518338508741       -5.0100582649230425       -35.068540080120584     
 pleptonlab   =    45.119744764040469       -29.562207801644028        4.9186923539711911        33.729253464909227     
 pneutrinolab =    47.178488421145111        29.448518338508741       -5.0100582649230425       -36.516882258227447     
 sqrt(s) =    92.520838624822261     
 sqrt_fs_cm =    92.256011737955816     
 phind channel           0
 bbb pw(0) qmod c1q   0.0000000000000000        0.0000000000000000        0.0000000000000000        0.0000000000000000     
 reduced to Born momenta
   46.260419312411130        0.0000000000000000        0.0000000000000000        46.260366593170239     
   46.260419312411130        0.0000000000000000        0.0000000000000000       -46.260366593170239     
   46.260419312411123       -29.590022574651694        4.9786564886302322        35.208788318663501     
   46.260419312411138        29.590022574651694       -4.9786564886302322       -35.208788318663501     
 >> Photon n.           1
 cm momentum     5.4563648510830134E-002  -3.4553610813899918E-002   4.5452484323067806E-003   4.1983097018009119E-002
 lab momentum    5.3285451718197388E-002  -3.4553610813899918E-002   4.5452484323067806E-003   4.0307915614957023E-002
 c_ph_up    0.76943346282417402     
 c_ph_up lab   0.75645254596183820     
 c_ph_lep  0.99967234285585482     
 c_ph_lep lab   0.99965652685084383     
 >> Photon n.           2
 cm momentum    0.21011413059687109       0.14824307394918840        8.6820662519544275E-002 -0.12097153161897990     
 lab momentum   0.21397446231104988       0.14824307394918840        8.6820662519544275E-002 -0.12755874766971401     
 c_ph_up   -0.57574200876131520     
 c_ph_up lab  -0.59614005471496267     
 c_ph_lep -0.84566194102813119     
 c_ph_lep lab  -0.85533744769170850     
 isvec for ranlux 
     7705512     6767400    12346605     2442596     4398068    14780140    11606138    14688674    13412440     5267269    10109083     1735670     8876049    16397594    14292833    16049731     7015236     2292865    16408353     4672107     7144624     1147718    13770713    15989233    -4151606
  
 ====== DUMPING at point            1
 propag    0.0000000000000000        0.0000000000000000        0.0000000000000000        0.0000000000000000     
 test props.    0.0000000000000000        0.0000000000000000     
 Var           1.9514060608916799     
 Var before    1.4588175270822206     
 iev, nphot and rad. pattern    0.0000000000000000                2               1           0           1           0
 partons...            1          -1
 x1 & x2   0.99146210290465053       0.83876141301315243     
 sv & ME   0.58079487747650360        30953760.186955258     
 plepton   =    45.031212907454020        4.3589208644753894       -29.173598018455142       -34.024990224536687     
 pneutrino =    45.187651346354897       -5.0938288870405790        29.408849821144567        33.927645511811981     
 pleptonlab   =    42.340034935797433        4.3589208644753894       -29.173598018455142       -30.373810795287291     
 pneutrinolab =    48.186336370559374       -5.0938288870405790        29.408849821144567        37.829674973387483     
 sqrt(s) =    91.192113386043204     
 sqrt_fs_cm =    90.215511737404711     
 phind channel           0
 bbb pw(0) qmod c1q   0.0000000000000000        0.0000000000000000        0.0000000000000000        0.0000000000000000     
 reduced to Born momenta
   45.212524939504071        0.0000000000000000        0.0000000000000000        45.212470998383594     
   45.212524939504071        0.0000000000000000        0.0000000000000000       -45.212470998383594     
   45.212524939504071        4.7370332761665379       -29.359155036509264       -34.055275347536295     
   45.212524939504071       -4.7370332761665379        29.359155036509264        34.055275347536295     
 >> Photon n.           1
 cm momentum    0.76383742529412380       0.71644077231574177       -9.1555200655991695E-002  0.24855155858779251     
 lab momentum   0.78731984557841450       0.71644077231574177       -9.1555200655991695E-002  0.31337326662956322     
 c_ph_up    0.32539850805567044     
 c_ph_up lab   0.39802536210596795     
 c_ph_lep  -7.7422599363065545E-002
 c_ph_lep lab  -0.11172737127757909     
 >> Photon n.           2
 cm momentum    0.20941170694016517        1.8467250249447505E-002 -0.14369660203343310      -0.15120684586308605     
 lab momentum   0.19748464395490806        1.8467250249447505E-002 -0.14369660203343310      -0.13420295015485409     
 c_ph_up   -0.72205536200652864     
 c_ph_up lab  -0.67956144572687305     
 c_ph_lep  0.99866579914207065     
 c_ph_lep lab   0.99849530403960551     
 isvec for ranlux 
    10482904     1249819    12058037    14159976    14147930     6205970     8604369     9431829     9704793     2911077    12566670     7519744     8037451     9579103     1801853     7051106     4729559     8526420      295591      567446    12330918     8671797    12046268    10350963     4080418
  
 ====== DUMPING at point            1
 propag    0.0000000000000000        0.0000000000000000        0.0000000000000000        0.0000000000000000     
 test props.    0.0000000000000000        0.0000000000000000     
 Var           2.2556537874468710     
 Var before    1.6810189374952009     
 iev, nphot and rad. pattern    0.0000000000000000                0               0           0           1           0
 partons...            1          -1
 x1 & x2   0.78801170418191668       0.99690016282409055     
 sv & ME   0.55877037688615605        4486.1055154880196     
 plepton   =    44.316165115176709       -10.097712373767406        36.581376573730886        22.885594150287965     
 pneutrino =    44.316165115176709        10.097712373767406       -36.581376573730886       -22.885594150287965     
 pleptonlab   =    41.925961065198663       -10.097712373767406        36.581376573730886        17.821732248483695     
 pneutrinolab =    47.319632285101711        10.097712373767406       -36.581376573730886       -28.266155180592389     
 sqrt(s) =    88.632330230353418     
 sqrt_fs_cm =    88.632330230353418     
 phind channel           0
 bbb pw(0) qmod c1q   0.0000000000000000        0.0000000000000000        0.0000000000000000        0.0000000000000000     
 reduced to Born momenta
   44.316165115176709        0.0000000000000000        0.0000000000000000        44.316110083016142     
   44.316165115176709        0.0000000000000000        0.0000000000000000       -44.316110083016142     
   44.316165115176709       -10.097712373767406        36.581376573730886        22.885594150287965     
   44.316165115176709        10.097712373767406       -36.581376573730886       -22.885594150287965     
 isvec for ranlux 
     1529830    10969541     5398952    14836342    16636312     5190420     1470932    12386847    11625234     6824400      810679     8482292     6601895    16231455    13558496     6713029     1261892      214096    11394427     5414534     6660712     4299797     3825772    15586491    -4101909
  
 ====== DUMPING at point            1
 propag    0.0000000000000000        0.0000000000000000        0.0000000000000000        0.0000000000000000     
 test props.    0.0000000000000000        0.0000000000000000     
 Var           2.0637727659534901     
 Var before    1.5458110277101385     
 iev, nphot and rad. pattern    0.0000000000000000                1               1           0           0           0
 partons...            1          -1
 x1 & x2   0.99906993316453185       0.77321380600730605     
 sv & ME   0.55872072756435909        9316420002.3085213     
 plepton   =    43.940377157347662        23.698410671641494        30.481184892397046        20.976851056157777     
 pneutrino =    43.943980211434010       -23.698553824363277       -30.481231610595508       -20.984167824014985     
 pleptonlab   =    46.996809210730014        23.698410671641494        30.481184892397046        26.794992283858278     
 pneutrinolab =    41.609059171971154       -23.698553824363277       -30.481231610595508       -15.510503138844939     
 sqrt(s) =    87.891675686017763     
 sqrt_fs_cm =    87.884357064075758     
 phind channel           0
 bbb pw(0) qmod c1q   0.0000000000000000        0.0000000000000000        0.0000000000000000        0.0000000000000000     
 reduced to Born momenta
   43.942178532037879        0.0000000000000000        0.0000000000000000        43.942123031504643     
   43.942178532037879        0.0000000000000000        0.0000000000000000       -43.942123031504643     
   43.942178532037879        23.698482246535146        30.481208251017435        20.980509365093766     
   43.942178532037879       -23.698482246535146       -30.481208251017435       -20.980509365093766     
 >> Photon n.           1
 cm momentum     7.3183172360942262E-003   1.4315272178306367E-004   4.6718198461803925E-005   7.3167678572093851E-003
 lab momentum    8.3185758907397978E-003   1.4315272178306367E-004   4.6718198461803925E-005   8.3172128479542945E-003
 c_ph_up    0.99978828754823590     
 c_ph_up lab   0.99983614469550963     
 c_ph_lep  0.49227201710170992     
 c_ph_lep lab   0.58237312139836783     
 isvec for ranlux 
     4582103    14909827     6058609    16033389    16400909    10270577    12793303      310030     7779432    12399011     3122562     7325754    11785470    16087410     4035484     7020979    11753393     9284947      731009     1133262     6407025    14657548    11290772     1908909    -4011606
  
 ====== DUMPING at point            1
 propag    0.0000000000000000        0.0000000000000000        0.0000000000000000        0.0000000000000000     
 test props.    0.0000000000000000        0.0000000000000000     
 Var           1.2199463442874450     
 Var before    1.0436633982085031     
 iev, nphot and rad. pattern    0.0000000000000000                0               0           1           0           0
 partons...            1          -1
 x1 & x2   0.99831452645593743       0.84173629682640083     
 sv & ME   0.57137031086478263        14721.521017939409     
 plepton   =    45.834418632917739       -15.006558763344815       -43.113493636667144       -4.1003205056957714     
 pneutrino =    45.834418632917739        15.006558763344815        43.113493636667144        4.1003205056957714     
 pleptonlab   =    45.651085641982419       -15.006558763344815       -43.113493636667144      -0.20079124354883193     
 pneutrinolab =    46.351455522134493        15.006558763344815        43.113493636667144        8.0297027250256630     
 sqrt(s) =    91.668837265835478     
 sqrt_fs_cm =    91.668837265835478     
 phind channel           0
 bbb pw(0) qmod c1q   0.0000000000000000        0.0000000000000000        0.0000000000000000        0.0000000000000000     
 reduced to Born momenta
   45.834418632917739        0.0000000000000000        0.0000000000000000        45.834365423685718     
   45.834418632917739        0.0000000000000000        0.0000000000000000       -45.834365423685718     
   45.834418632917739       -15.006558763344815       -43.113493636667144       -4.1003205056957714     
   45.834418632917739        15.006558763344815        43.113493636667144        4.1003205056957714     
 isvec for ranlux 
    15697820    13958964    15496225    11578598     1704967     5619974     9875627     7164025     7377212     9094670     8478077    13805758     9465217     1972369     1888418    13095976    15555016    16310036     7352882    14970220     9477691      555846    10078497      522600     4061606
  
 ====== DUMPING at point            1
 propag    0.0000000000000000        0.0000000000000000        0.0000000000000000        0.0000000000000000     
 test props.    0.0000000000000000        0.0000000000000000     
 Var           1.3433035127634776     
 Var before   0.93067077801853915     
 iev, nphot and rad. pattern    0.0000000000000000                1               0           0           1           0
 partons...            1          -1
 x1 & x2   0.96472912457459348       0.99985227665595089     
 sv & ME   0.56062984280512940        31200969883.980675     
 plepton   =    49.106043338979589        47.772614220505709        10.746174665705992        3.6999174735592470     
 pneutrino =    49.106682165864335       -47.773217153194189       -10.746376451238815       -3.7000250877207987     
 pleptonlab   =    49.047734704427420        47.772614220505709        10.746174665705992        2.8224415914774688     
 pneutrinolab =    49.180692332526966       -47.773217153194189       -10.746376451238815       -4.5786952963941472     
 sqrt(s) =    98.213370350589713     
 sqrt_fs_cm =    98.212725502726940     
 phind channel           0
 bbb pw(0) qmod c1q   0.0000000000000000        0.0000000000000000        0.0000000000000000        0.0000000000000000     
 reduced to Born momenta
   49.106685175294857        0.0000000000000000        0.0000000000000000        49.106635511709861     
   49.106685175294857        0.0000000000000000        0.0000000000000000       -49.106635511709861     
   49.106685175294857        47.773229356068924        10.746346116667842        3.6999955739525152     
   49.106685175294857       -47.773229356068924       -10.746346116667842       -3.6999955739525152     
 >> Photon n.           1
 cm momentum     6.4484574578833507E-004   6.0293268848001912E-004   2.0178553282399202E-004   1.0761416155185183E-004
 lab momentum    6.4302457280885120E-004   6.0293268848001912E-004   2.0178553282399202E-004   9.6100848805823362E-005
 c_ph_up    0.16688357216390046     
 c_ph_up lab   0.14945128517567680     
 c_ph_lep  0.99066837144949960     
 c_ph_lep lab   0.99063081357855942     
 isvec for ranlux 
     8580474     7453528     6610367     9370130     6454595    13285363    12880910       20013     9703009    16699534     1920148     6241711     6714350     8434631    10339274    15950484     7679134     4788915     9680677     9420690    13578033     7433776    11266006     2295994     4192111
  
 ====== DUMPING at point            1
 propag    0.0000000000000000        0.0000000000000000        0.0000000000000000        0.0000000000000000     
 test props.    0.0000000000000000        0.0000000000000000     
 Var           1.0965609951014597     
 Var before   0.78944576832788793     
 iev, nphot and rad. pattern    0.0000000000000000                0               0           1           0           1
 partons...            1          -1
 x1 & x2   0.99981042718832691       0.85108615382549868     
 sv & ME   0.57478544358153671        13307.031007656897     
 plepton   =    46.122792929048160        17.907746294693432       -19.224745500003056       -37.908081552478926     
 pneutrino =    46.122792929048174       -17.907746294693432        19.224745500003056        37.908081552478926     
 pleptonlab   =    43.216522023267494        17.907746294693432       -19.224745500003056       -34.312947923504062     
 pneutrinolab =    49.328307027423811       -17.907746294693432        19.224745500003056        41.749161591645482     
 sqrt(s) =    92.245585858096334     
 sqrt_fs_cm =    92.245585858096334     
 phind channel           0
 bbb pw(0) qmod c1q   0.0000000000000000        0.0000000000000000        0.0000000000000000        0.0000000000000000     
 reduced to Born momenta
   46.122792929048167        0.0000000000000000        0.0000000000000000        46.122740052497484     
   46.122792929048167        0.0000000000000000        0.0000000000000000       -46.122740052497484     
   46.122792929048160        17.907746294693432       -19.224745500003056       -37.908081552478926     
   46.122792929048174       -17.907746294693432        19.224745500003056        37.908081552478926     
 isvec for ranlux 
    16005597     8434417    14436132    13695452    14164085      961699    13764582       67402     7211444    14390456      970651      358280     3303569    11896123     6216082     9295383     9040778    13778432     3232438     8688432    14560231     5902029      962798     8581584    -4231606
  
 ====== DUMPING at point            1
 propag    0.0000000000000000        0.0000000000000000        0.0000000000000000        0.0000000000000000     
 test props.    0.0000000000000000        0.0000000000000000     
 Var           1.1433160773524731     
 Var before    1.0384517882522055     
 iev, nphot and rad. pattern    0.0000000000000000                1               0           0           0           1
 partons...            1          -1
 x1 & x2   0.99935862339763448       0.80999518008893612     
 sv & ME   0.55798917759264111        1338748117.3297288     
 plepton   =    44.985431053975447        39.481297526382100        6.6767785083378230        20.501844253734873     
 pneutrino =    44.654682193061795       -39.191651947636764       -6.6272102836358799       -20.350036352391420     
 pleptonlab   =    47.391374920789445        39.481297526382100        6.6767785083378230        25.349142541223241     
 pneutrinolab =    42.759711982733393       -39.191651947636764       -6.6272102836358799       -15.763131244350379     
 sqrt(s) =    89.970865736214762     
 sqrt_fs_cm =    89.639503042646140     
 phind channel           0
 bbb pw(0) qmod c1q   0.0000000000000000        0.0000000000000000        0.0000000000000000        0.0000000000000000     
 reduced to Born momenta
   44.985432868107381        0.0000000000000000        0.0000000000000000        44.985378654685078     
   44.985432868107381        0.0000000000000000        0.0000000000000000       -44.985378654685078     
   44.985432868107388        39.481619161611746        6.6765384991718610        20.501306999458752     
   44.985432868107374       -39.481619161611746       -6.6765384991718610       -20.501306999458752     
 >> Photon n.           1
 cm momentum    0.33075248917752192      -0.28964557874533642       -4.9568224701943317E-002 -0.15180790134345298     
 lab momentum   0.31660327080570844      -0.28964557874533642       -4.9568224701943317E-002 -0.11783913143794611     
 c_ph_up   -0.45897735107285753     
 c_ph_up lab  -0.37219808607176724     
 c_ph_lep -0.99999186916275329     
 c_ph_lep lab  -0.98330025607844684     
 isvec for ranlux 
     7388714     9617288     1398336     2389383     4357369    14684140     9486446     3033673    14925955     8440235    11812995     4941409    14160479     3700818    15230137      144881    12942425     3385948     9189929     1666383    14135389     4984438     2235879     8010321    -4160317
  
 ====== DUMPING at point            1
 propag    0.0000000000000000        0.0000000000000000        0.0000000000000000        0.0000000000000000     
 test props.    0.0000000000000000        0.0000000000000000     
 Var          0.70864527932063537     
 Var before   0.62509454284656729     
 iev, nphot and rad. pattern    0.0000000000000000                0               0           1           0           0
 partons...            1          -1
 x1 & x2   0.82443478772930301       0.99975534711669434     
 sv & ME   0.55844682796322176        23396.789438975036     
 plepton   =    45.393641828492555       -33.853578797071393        17.239771701688937        24.845462947309404     
 pneutrino =    45.393641828492555        33.853578797071393       -17.239771701688937       -24.845462947309404     
 pleptonlab   =    43.205782784796320       -33.853578797071393        17.239771701688937        20.577997391866333     
 pneutrinolab =    48.003723957503553        33.853578797071393       -17.239771701688937       -29.344025361235900     
 sqrt(s) =    90.787283656985110     
 sqrt_fs_cm =    90.787283656985110     
 phind channel           0
 bbb pw(0) qmod c1q   0.0000000000000000        0.0000000000000000        0.0000000000000000        0.0000000000000000     
 reduced to Born momenta
   45.393641828492548        0.0000000000000000        0.0000000000000000        45.393588102592950     
   45.393641828492562        0.0000000000000000        0.0000000000000000       -45.393588102592965     
   45.393641828492555       -33.853578797071393        17.239771701688937        24.845462947309404     
   45.393641828492555        33.853578797071393       -17.239771701688937       -24.845462947309404     
 isvec for ranlux 
     1457327    11843211      842130     1627129    13128769     2257102     8061877     9626046    13167356     9311311       68476    11689171     5193999    15602726    13809534     9598677    15490076    16534941     4561603     1137849      146632    16199119     3483777    15651896    -4100317
  
 ====== DUMPING at point            1
 propag    0.0000000000000000        0.0000000000000000        0.0000000000000000        0.0000000000000000     
 test props.    0.0000000000000000        0.0000000000000000     
 Var          0.73346777148640996     
 Var before   0.65410637878528122     
 iev, nphot and rad. pattern    0.0000000000000000                1               0           0           0           1
 partons...            1          -1
 x1 & x2   0.80892440883721384       0.99955743302360434     
 sv & ME   0.55807506723074118        3233704637.1706719     
 plepton   =    44.960093573854252       -6.4083881937378688       -38.411545968785575        22.469636123544522     
 pneutrino =    44.955834426418058        6.4082920328506798        38.407367855668376       -22.468283710713671     
 pleptonlab   =    42.830173224252825       -6.4083881937378688       -38.411545968785575        17.829701954162623     
 pneutrinolab =    47.589358306738816        6.4082920328506798        38.407367855668376       -27.359527553976108     
 sqrt(s) =    89.920320595928800     
 sqrt_fs_cm =    89.915927892978218     
 phind channel           0
 bbb pw(0) qmod c1q   0.0000000000000000        0.0000000000000000        0.0000000000000000        0.0000000000000000     
 reduced to Born momenta
   44.960160297964400        0.0000000000000000        0.0000000000000000        44.960106054068135     
   44.960160297964400        0.0000000000000000        0.0000000000000000       -44.960106054068135     
   44.960160297964400       -6.4086531833838993       -38.411333307449901        22.470057593301348     
   44.960160297964400        6.4086531833838993        38.411333307449901       -22.470057593301348     
 >> Photon n.           1
 cm momentum     4.3925956564876793E-003   9.6160887188766206E-005   4.1781131171999752E-003  -1.3524128308512169E-003
 lab momentum    4.5605620492303097E-003   9.6160887188766206E-005   4.1781131171999752E-003  -1.8256095060380096E-003
 c_ph_up   -0.30788466242135443     
 c_ph_up lab  -0.40030362186303758     
 c_ph_lep -0.96962533550579078     
 c_ph_lep lab  -0.99142485810387815     
 isvec for ranlux 
    14521119     3284366     3463762    11480123     3336141    13887286     8647963     5115281    11781391     9822864    14374850       23828     6429012     3846061     5815448    12970300     6645149    13960673    15889545     2643589     8059802     5945202    14697481       61957    -4221909
  
 ====== DUMPING at point            1
 propag    0.0000000000000000        0.0000000000000000        0.0000000000000000        0.0000000000000000     
 test props.    0.0000000000000000        0.0000000000000000     
 Var          0.77489865041221817     
 Var before   0.63197443839011969     
 iev, nphot and rad. pattern    0.0000000000000000                2               0           0           1           1
 partons...            1          -1
 x1 & x2   0.99951911174462593       0.87360938738056770     
 sv & ME   0.56610487966499523        250695183.21373823     
 plepton   =    42.213096033965478        17.527564946650603       -28.103758588668590        26.170547057944841     
 pneutrino =    46.580099940351388       -20.609964505655391        30.010348602916505       -29.056890517891066     
 pleptonlab   =    44.071932379883911        17.527564946650603       -28.103758588668590        29.073824657866627     
 pneutrinolab =    44.728090180367637       -20.609964505655391        30.010348602916505       -25.984595961813312     
 sqrt(s) =    93.444597430048987     
 sqrt_fs_cm =    88.672230152629425     
 phind channel           0
 bbb pw(0) qmod c1q   0.0000000000000000        0.0000000000000000        0.0000000000000000        0.0000000000000000     
 reduced to Born momenta
   46.722298715024493        0.0000000000000000        0.0000000000000000        46.722246516947138     
   46.722298715024493        0.0000000000000000        0.0000000000000000       -46.722246516947138     
   46.722298715024486        20.055090873981975       -30.596201126943143        29.062481658669117     
   46.722298715024500       -20.055090873981975        30.596201126943143       -29.062481658669117     
 >> Photon n.           1
 cm momentum     4.6422083792864095        3.0869124459953259       -1.9118342595534730        2.8923969214949961     
 lab momentum    4.8475963096945858        3.0869124459953259       -1.9118342595534730        3.2117053564300311     
 c_ph_up    0.62306486162941466     
 c_ph_up lab   0.66253564679200339     
 c_ph_lep  0.93656924630782512     
 c_ph_lep lab   0.94181874930242382     
 >> Photon n.           2
 cm momentum     9.1930764457119341E-003  -4.5128869905394029E-003   5.2442453055598654E-003  -6.0534615487700186E-003
 lab momentum    8.8060863135321424E-003  -4.5128869905394029E-003   5.2442453055598654E-003  -5.4478342804376561E-003
 c_ph_up   -0.65848049720000179     
 c_ph_up lab  -0.61864420657177466     
 c_ph_lep -0.99185274959352665     
 c_ph_lep lab  -0.99168301552412674     
 isvec for ranlux 
     9694957     1252334     7167226    16399770     5334141    13250981    11984409     2603513     3627080     4384046     3205779    13795264     8270940     7640603    12795748       19997    12743485    14635427     5286932    15315727    15130947     8180743    14720784    11532738    -4080923
  
 ====== DUMPING at point            1
 propag    0.0000000000000000        0.0000000000000000        0.0000000000000000        0.0000000000000000     
 test props.    0.0000000000000000        0.0000000000000000     
 Var          0.54721768859073516     
 Var before   0.47636973631485796     
 iev, nphot and rad. pattern    0.0000000000000000                3               0           0           1           2
 partons...            1          -1
 x1 & x2   0.99986221118227681       0.81011774908898360     
 sv & ME   0.56112507140311807        10575707961323.766     
 plepton   =    44.940515865631845        36.338120191255470       -6.1059174933368308        25.727370543996038     
 pneutrino =    41.914935413338618       -33.819671203595085        5.7657006146011875       -24.079808618765817     
 pleptonlab   =    47.901518481961915        36.338120191255470       -6.1059174933368308        30.607239367782036     
 pneutrinolab =    39.608840715728128       -33.819671203595085        5.7657006146011875       -19.794838601412327     
 sqrt(s) =    90.000340217252514     
 sqrt_fs_cm =    86.802630281277303     
 phind channel           0
 bbb pw(0) qmod c1q   0.0000000000000000        0.0000000000000000        0.0000000000000000        0.0000000000000000     
 reduced to Born momenta
   45.000170108626257        0.0000000000000000        0.0000000000000000        45.000115912958492     
   45.000170108626257        0.0000000000000000        0.0000000000000000       -45.000115912958492     
   45.000170108626257        36.348422529562789       -6.1514058473876601        25.806133608639044     
   45.000170108626257       -36.348422529562789        6.1514058473876601       -25.806133608639044     
 >> Photon n.           1
 cm momentum     1.3721578770033016E-002   1.0247099895154505E-002  -1.2305715021518390E-003   9.0423648156351798E-003
 lab momentum    1.4750789375320372E-002   1.0247099895154505E-002  -1.2305715021518390E-003   1.0538900545686947E-002
 c_ph_up    0.65898866064764228     
 c_ph_up lab   0.71446349598887504     
 c_ph_lep  0.99328189854102422     
 c_ph_lep lab   0.99413696509448024     
 >> Photon n.           2
 cm momentum     3.0837369775245294       -2.5503669749454567       0.35289751383994306       -1.6972110606478115     
 lab momentum    2.9219143614399634       -2.5503669749454567       0.35289751383994306       -1.3815481075309179     
 c_ph_up   -0.55037478002104057     
 c_ph_up lab  -0.47282292929696618     
 c_ph_lep -0.99935588015804533     
 c_ph_lep lab  -0.97965105246162576     
 >> Photon n.           3
 cm momentum     4.7430381987491818E-002   2.1670887389915971E-002  -1.1450063602147818E-002   4.0606770601954285E-002
 lab momentum    5.1973665057685622E-002   2.1670887389915971E-002  -1.1450063602147818E-002   4.5831545280176210E-002
 c_ph_up    0.85613416760301375     
 c_ph_up lab   0.88182246199700820     
 c_ph_lep  0.89235854776764012     
 c_ph_lep lab   0.90784028070656264     
 isvec for ranlux 
     8192674     9675355    12081709     9480863      986779    11942623     6473535     8765465     4090856     8723139     4116667     2833519      419117    11029292     2425882     3624875     8132952    13471903     1621808    10524330     7978715     5812058      446896     1435424     4221707
  
 ====== DUMPING at point            1
 propag    0.0000000000000000        0.0000000000000000        0.0000000000000000        0.0000000000000000     
 test props.    0.0000000000000000        0.0000000000000000     
 Var          0.33977097792356903     
 Var before   0.29179744691551079     
 iev, nphot and rad. pattern    4.0000000000000000                2               0           0           1           1
 partons...            1          -1
 x1 & x2   0.81109033714251466       0.99980028921435260     
 sv & ME   0.58455116439748656        3917699127924.9360     
 plepton   =    44.485305523855033       -29.654801753878090        16.347996078672594       -28.849038129704638     
 pneutrino =    45.007317077117186        30.006945774667436       -16.503376598703053        29.203924272368692     
 pleptonlab   =    47.751600845320375       -29.654801753878090        16.347996078672594       -33.668085433377804     
 pneutrinolab =    42.193748279709865        30.006945774667436       -16.503376598703053        24.647981587091472     
 sqrt(s) =    90.051560433678929     
 sqrt_fs_cm =    89.491091217553091     
 phind channel           0
 bbb pw(0) qmod c1q   0.0000000000000000        0.0000000000000000        0.0000000000000000        0.0000000000000000     
 reduced to Born momenta
   45.025780216839465        0.0000000000000000        0.0000000000000000        45.025726051997566     
   45.025780216839465        0.0000000000000000        0.0000000000000000       -45.025726051997566     
   45.025780216839465       -30.017184333404476        16.528330503209887       -29.207749928995600     
   45.025780216839465        30.017184333404476       -16.528330503209887        29.207749928995600     
 >> Photon n.           1
 cm momentum    0.54122380455642616      -0.36392922750484968       0.16160033655323872      -0.36655702859464573     
 lab momentum   0.58259405427121358      -0.36392922750484968       0.16160033655323872      -0.42527247814286440     
 c_ph_up   -0.67727440202868938     
 c_ph_up lab  -0.72996364282304937     
 c_ph_lep  0.99719518586717004     
 c_ph_lep lab   0.99757259533250697     
 >> Photon n.           2
 cm momentum     1.7714028150282918E-002   1.1785206715502469E-002  -6.2198165227787894E-003   1.1670885930590666E-002
 lab momentum    1.6588138541904680E-002   1.1785206715502469E-002  -6.2198165227787894E-003   9.8787208372980665E-003
 c_ph_up    0.65884991440550833     
 c_ph_up lab   0.59552919770609625     
 c_ph_lep -0.99981168616427663     
 c_ph_lep lab  -0.98946973529640925     
 isvec for ranlux 
    10876423     5508206     6552395     8586876     3831691     8121497     1468692    10309077    15186285     7188278     4503280     9877336     1366014     5981390     5726979     1082832     5970519     4651962    15890584    14102435     4569516     6677682    13119496    13736282     4202010
  
 ====== DUMPING at point            1
 propag    0.0000000000000000        0.0000000000000000        0.0000000000000000        0.0000000000000000     
 test props.    0.0000000000000000        0.0000000000000000     
 Var          0.33410092426917520     
 Var before   0.28675619417448872     
 iev, nphot and rad. pattern    6.0000000000000000                2               0           0           1           1
 partons...            1          -1
 x1 & x2   0.99985005286215844       0.84397454501042546     
 sv & ME   0.55927398734265876        115949255274.94995     
 plepton   =    44.740417206149125       0.21658685297652425       -42.458203315373382        14.104886722492695     
 pneutrino =    45.791993121093839      -0.16424623864748050        43.469562728116372       -14.396722186327109     
 pleptonlab   =    46.097856767751310       0.21658685297652425       -42.458203315373382        17.951470587508460     
 pneutrinolab =    44.735050030965631      -0.16424623864748050        43.469562728116372       -10.563317517758133     
 sqrt(s) =    91.861199286912750     
 sqrt_fs_cm =    90.526275546499107     
 phind channel           0
 bbb pw(0) qmod c1q   0.0000000000000000        0.0000000000000000        0.0000000000000000        0.0000000000000000     
 reduced to Born momenta
   45.930599643456375        0.0000000000000000        0.0000000000000000        45.930546545647324     
   45.930599643456375        0.0000000000000000        0.0000000000000000       -45.930546545647324     
   45.930599643456375       0.19337872900480110       -43.594462656376400        14.460091641652163     
   45.930599643456375      -0.19337872900480110        43.594462656376400       -14.460091641652163     
 >> Photon n.           1
 cm momentum     1.1912302019136900       -5.1355322693241195E-002  -1.1423064616979448       0.33395803979770478     
 lab momentum    1.2238439322183756       -5.1355322693241195E-002  -1.1423064616979448       0.43622534179243944     
 c_ph_up    0.28034719004035252     
 c_ph_up lab   0.35643870129888583     
 c_ph_lep  0.99819141787823862     
 c_ph_lep lab   0.99829144469771303     
 >> Photon n.           2
 cm momentum    0.13755875775609952       -9.8529163580255048E-004  0.13094704895495138       -4.2122575963291442E-002
 lab momentum   0.13447916269387872       -9.8529163580255048E-004  0.13094704895495138       -3.0603018956120831E-002
 c_ph_up   -0.30621515234949609     
 c_ph_up lab  -0.22756699508743916     
 c_ph_lep -0.99995205742404170     
 c_ph_lep lab  -0.98551005108662482     
 isvec for ranlux 
    13798336     8607402     7564242     6135960     8172408    11356951    12904116    12031075     5356482     9565784     5190119    11828940     9261313    15821424    16481898     3060787     3760646      711049     8167466     5757978    13465270     5714415     5077099     6269482     4100721
  
