 ====== DUMPING at point            1
 propag    0.0000000000000000        0.0000000000000000        0.0000000000000000        0.0000000000000000     
 test props.    0.0000000000000000        0.0000000000000000     
 Var           2.5360295228471212     
 Var before    0.0000000000000000     
 iev, nphot and rad. pattern    0.0000000000000000                1               0           0           0           1
 partons...            1          -1
 x1 & x2   0.90559301643775658       0.94055607204741509     
 sv & ME    1.0000000000000000        723.38607779772337     
 plepton   =    45.875241312300339        37.522548745861613       -17.795447427823632       -19.491202842008637     
 pneutrino =    40.750203146396281       -32.521859552918656        17.878959842627896        16.829715949683486     
 pleptonlab   =    46.252668213399225        37.522548745861613       -17.795447427823632       -20.363657324393589     
 pneutrinolab =    40.438728314287417       -32.521859552918656        17.878959842627896        16.060853967059657     
 sqrt(s) =    92.290899357101651     
 sqrt_fs_cm =    86.439980613491997     
 phind channel           0
 bbb pw(0) qmod c1q   0.0000000000000000        0.0000000000000000        0.0000000000000000        0.0000000000000000     
 reduced to Born momenta
   46.145449678550825        0.0000000000000000        0.0000000000000000        46.145396827961797     
   46.145449678550825        0.0000000000000000        0.0000000000000000       -46.145396827961797     
   46.145449678550833        37.313733090478365       -19.045889172134085       -19.347630109125095     
   46.145449678550818       -37.313733090478365        19.045889172134085        19.347630109125095     
 >> Photon n.           1
 cm momentum     5.6654548984050281       -5.0006891929429598       -8.3512414804265162E-002   2.6614868923251493     
 lab momentum    5.6160578965719479       -5.0006891929429598       -8.3512414804265162E-002   2.5546505768510075     
 c_ph_up    0.46977461475766519     
 c_ph_up lab   0.45488323373773815     
 c_ph_lep -0.91583266945071040     
 c_ph_lep lab  -0.91691275339636003     
 isvec for ranlux 
     9644655    14614328     8305202     1457455     6611641    14048799     7267313     8683348    14048746     9318201     4464668     5476536     8218591     7359978     7668616    13721940      957152    13197359    14184585     9294164    15939178     5902395     5267822    14659295     4201404
  
 ====== DUMPING at point            1
 propag    0.0000000000000000        0.0000000000000000        0.0000000000000000        0.0000000000000000     
 test props.    0.0000000000000000        0.0000000000000000     
 Var           1.7663654571848166     
 Var before    1.3051442702099580     
 iev, nphot and rad. pattern    0.0000000000000000                0               0           0           1           0
 partons...            1          -1
 x1 & x2   0.95162902320869125       0.80039705909515202     
 sv & ME   0.71207922329063356        1197.4317698813190     
 plepton   =    43.637170838799470        31.803022966564978        29.847102432384567        1.3819268077532258     
 pneutrino =    43.637170838799484       -31.803022966564978       -29.847102432384567       -1.3819268077532258     
 pleptonlab   =    43.920384559371747        31.803022966564978        29.847102432384567        5.1679031270444789     
 pneutrinolab =    43.680919555820417       -31.803022966564978       -29.847102432384567        2.3936950786324784     
 sqrt(s) =    87.274341677598954     
 sqrt_fs_cm =    87.274341677598954     
 phind channel           0
 bbb pw(0) qmod c1q   0.0000000000000000        0.0000000000000000        0.0000000000000000        0.0000000000000000     
 reduced to Born momenta
   43.637170838799477        0.0000000000000000        0.0000000000000000        43.637114950337534     
   43.637170838799477        0.0000000000000000        0.0000000000000000       -43.637114950337534     
   43.637170838799470        31.803022966564978        29.847102432384567        1.3819268077532258     
   43.637170838799484       -31.803022966564978       -29.847102432384567       -1.3819268077532258     
 isvec for ranlux 
     6252439      346129     5312835     8261683     9079631     4152189    11690151     3251140     4683020     2530188    16021290    11618951     3342516     5282467     2561248    15711547    15779543    10985280     8292142     1596633    16558285    12472361     3784938     8334133     4140519
  
 ====== DUMPING at point            1
 propag    0.0000000000000000        0.0000000000000000        0.0000000000000000        0.0000000000000000     
 test props.    0.0000000000000000        0.0000000000000000     
 Var           1.7273946071969100     
 Var before    1.3411734706087250     
 iev, nphot and rad. pattern    0.0000000000000000                0               0           0           1           0
 partons...            1          -1
 x1 & x2   0.91465884484673432       0.92683212488439315     
 sv & ME   0.68725464221573407        16429.387102670898     
 plepton   =    46.036268330350246       -43.895817049446869       -7.5669373083321316        11.628651831824772     
 pneutrino =    46.036268330350218        43.895817049446869        7.5669373083321316       -11.628651831824772     
 pleptonlab   =    45.960400704032224       -43.895817049446869       -7.5669373083321316        11.324573922095222     
 pneutrinolab =    46.114147782524135        43.895817049446869        7.5669373083321316       -11.933237923978158     
 sqrt(s) =    92.072536660700464     
 sqrt_fs_cm =    92.072536660700464     
 phind channel           0
 bbb pw(0) qmod c1q   0.0000000000000000        0.0000000000000000        0.0000000000000000        0.0000000000000000     
 reduced to Born momenta
   46.036268330350232        0.0000000000000000        0.0000000000000000        46.036215354418609     
   46.036268330350232        0.0000000000000000        0.0000000000000000       -46.036215354418609     
   46.036268330350246       -43.895817049446869       -7.5669373083321316        11.628651831824772     
   46.036268330350218        43.895817049446869        7.5669373083321316       -11.628651831824772     
 isvec for ranlux 
     8965487     2126720     7254733    12923904     5337694    14130607     1878020     8597149     6833174     1891112    11634831     6803766      471344     6208649      964748     8738368    12913065     1505022     4123979     3215547    11907780     4934906    11898556     4780317     4221101
  
 ====== DUMPING at point            1
 propag    0.0000000000000000        0.0000000000000000        0.0000000000000000        0.0000000000000000     
 test props.    0.0000000000000000        0.0000000000000000     
 Var           1.8327772607959092     
 Var before    1.6021706982701902     
 iev, nphot and rad. pattern    0.0000000000000000                0               0           0           0           1
 partons...            1          -1
 x1 & x2   0.81327310390804097       0.96448960516525006     
 sv & ME   0.70855550064030337        2301.5130430393638     
 plepton   =    44.282994898713198       -10.289238456141904        43.020237496874763        2.0888301063352026     
 pneutrino =    44.282994898713198        10.289238456141904       -43.020237496874763       -2.0888301063352026     
 pleptonlab   =    44.265745562125936       -10.289238456141904        43.020237496874763       -1.6839846152933773     
 pneutrinolab =    44.622389891538610        10.289238456141904       -43.020237496874763       -5.8768404475670746     
 sqrt(s) =    88.565989797426397     
 sqrt_fs_cm =    88.565989797426397     
 phind channel           0
 bbb pw(0) qmod c1q   0.0000000000000000        0.0000000000000000        0.0000000000000000        0.0000000000000000     
 reduced to Born momenta
   44.282994898713198        0.0000000000000000        0.0000000000000000        44.282939825330693     
   44.282994898713198        0.0000000000000000        0.0000000000000000       -44.282939825330693     
   44.282994898713198       -10.289238456141904        43.020237496874763        2.0888301063352026     
   44.282994898713198        10.289238456141904       -43.020237496874763       -2.0888301063352026     
 isvec for ranlux 
    15326067    13686972    12635121    13902960    13679249    15597591     9630857    11203193     9414693    13903049     1041894    12159642    14667289     9413416    16351989    16702048    13674632     3503371    11931980     1731313     7232330     5707229     4337415    14161190     4071606
  
 ====== DUMPING at point            1
 propag    0.0000000000000000        0.0000000000000000        0.0000000000000000        0.0000000000000000     
 test props.    0.0000000000000000        0.0000000000000000     
 Var           2.3302376813721359     
 Var before    1.5845700839554377     
 iev, nphot and rad. pattern    0.0000000000000000                0               0           1           0           0
 partons...            1          -1
 x1 & x2   0.89439658569813263       0.98026742993107663     
 sv & ME   0.67976443384964902        7388.2785233582081     
 plepton   =    46.817407083301795        28.067716324185142       -24.353798651941574        28.477258187506195     
 pneutrino =    46.817407083301781       -28.067716324185142        24.353798651941574       -28.477258187506195     
 pleptonlab   =    45.560800713673345        28.067716324185142       -24.353798651941574        26.360409510198227     
 pneutrinolab =    48.172400067787130       -28.067716324185142        24.353798651941574       -30.653951721845427     
 sqrt(s) =    93.634814166603576     
 sqrt_fs_cm =    93.634814166603576     
 phind channel           0
 bbb pw(0) qmod c1q   0.0000000000000000        0.0000000000000000        0.0000000000000000        0.0000000000000000     
 reduced to Born momenta
   46.817407083301788        0.0000000000000000        0.0000000000000000        46.817354991263613     
   46.817407083301788        0.0000000000000000        0.0000000000000000       -46.817354991263613     
   46.817407083301795        28.067716324185142       -24.353798651941574        28.477258187506195     
   46.817407083301781       -28.067716324185142        24.353798651941574       -28.477258187506195     
 isvec for ranlux 
     4925990     5576093    15184408    11784099    11845403    13164298      418628     8394559    12727338     1012832     9828754     3599171     1962348     6110377     1170785     8157080     6470367    12307127     8788506     3545955     7555912     3534851     9276842     7912478     4132414
  
 ====== DUMPING at point            1
 propag    0.0000000000000000        0.0000000000000000        0.0000000000000000        0.0000000000000000     
 test props.    0.0000000000000000        0.0000000000000000     
 Var           10.329058986232630     
 Var before    1.4903341513913939     
 iev, nphot and rad. pattern    0.0000000000000000                0               0           0           0           1
 partons...            1          -1
 x1 & x2   0.99826701000659590       0.84825082329083823     
 sv & ME   0.67881175805713612        27804.749688195516     
 plepton   =    46.010347018420184       -4.7654507347081907        27.501449407854675        36.577337639941177     
 pneutrino =    46.010347018420156        4.7654507347081907       -27.501449407854675       -36.577337639941177     
 pleptonlab   =    49.144445141038084       -4.7654507347081907        27.501449407854675        40.449055419024468     
 pneutrinolab =    43.181446523833607        4.7654507347081907       -27.501449407854675       -32.948246083236583     
 sqrt(s) =    92.020694036840339     
 sqrt_fs_cm =    92.020694036840339     
 phind channel           0
 bbb pw(0) qmod c1q   0.0000000000000000        0.0000000000000000        0.0000000000000000        0.0000000000000000     
 reduced to Born momenta
   46.010347018420177        0.0000000000000000        0.0000000000000000        46.010294012642937     
   46.010347018420163        0.0000000000000000        0.0000000000000000       -46.010294012642923     
   46.010347018420184       -4.7654507347081907        27.501449407854675        36.577337639941177     
   46.010347018420156        4.7654507347081907       -27.501449407854675       -36.577337639941177     
 isvec for ranlux 
      128384    11388086    10466586    16512364     6221064    10759867     4294357     4958074     2428245      140484    15658108     6187047     6125357     5290921     3091457    10559473     4129276    15535479    13747368    10865395     4704666    11572707     3324263     2372157     4192111
  
 ====== DUMPING at point            1
 propag    0.0000000000000000        0.0000000000000000        0.0000000000000000        0.0000000000000000     
 test props.    0.0000000000000000        0.0000000000000000     
 Var           5.7643953268046193     
 Var before    3.4493502884872163     
 iev, nphot and rad. pattern    0.0000000000000000                1               1           0           0           0
 partons...            1          -1
 x1 & x2   0.99986773048478494       0.87479959777767469     
 sv & ME    1.0000000000000000        150.28339826173678     
 plepton   =    44.730768643938681       -37.779791267823086        10.906946377722644       -21.320328146144959     
 pneutrino =    45.338374806887060        39.879678175235838       -8.6522437350376631        19.756189243561696     
 pleptonlab   =    43.405089269943012       -37.779791267823086        10.906946377722644       -18.377064600024010     
 pneutrinolab =    46.760584523096057        39.879678175235838       -8.6522437350376631        22.831799058314747     
 sqrt(s) =    93.524536270380196     
 sqrt_fs_cm =    90.002838079851671     
 phind channel           0
 bbb pw(0) qmod c1q   0.0000000000000000        0.0000000000000000        0.0000000000000000        0.0000000000000000     
 reduced to Born momenta
   45.001419039925835        0.0000000000000000        0.0000000000000000        45.001364845762176     
   45.001419039925835        0.0000000000000000        0.0000000000000000       -45.001364845762176     
   45.001419039925835       -38.826191959863849        9.7833990108034552       -20.540897585226052     
   45.001419039925835        38.826191959863849       -9.7833990108034552        20.540897585226052     
 >> Photon n.           1
 cm momentum     3.4553928195544570       -2.0998869074127522       -2.2547026426849803        1.5641389025832615     
 lab momentum    3.5676926200838932       -2.0998869074127522       -2.2547026426849803        1.7986721770647778     
 c_ph_up    0.45266601635901521     
 c_ph_up lab   0.50415558978914576     
 c_ph_lep  0.13841320044909272     
 c_ph_lep lab   0.14004698141969821     
 isvec for ranlux 
     6248706     2443650     5424569     7840856     8854079     5077390    15263352    16554528     1529883     2696089     2519233     5653265    15789071      882553     5947087     9218297     5428618    10255587     4747224    14768239    10404210    13291405    15495887    10569314     4080721
  
 ====== DUMPING at point            1
 propag    0.0000000000000000        0.0000000000000000        0.0000000000000000        0.0000000000000000     
 test props.    0.0000000000000000        0.0000000000000000     
 Var           4.2994304479087200     
 Var before    3.9027770649101439     
 iev, nphot and rad. pattern    0.0000000000000000                0               0           0           1           0
 partons...            1          -1
 x1 & x2   0.96923343156866570       0.99983174600918079     
 sv & ME   0.68996129010782070        1073.5870334430190     
 plepton   =    49.220685544183780        8.7932227460407493       -35.512655087306570        32.927120799372432     
 pneutrino =    49.220685544183766       -8.7932227460407493        35.512655087306570       -32.927120799372432     
 pleptonlab   =    48.714896219611369        8.7932227460407493       -35.512655087306570        32.166139220996811     
 pneutrinolab =    49.738362659280931       -8.7932227460407493        35.512655087306570       -33.696054943022560     
 sqrt(s) =    98.441371088367546     
 sqrt_fs_cm =    98.441371088367546     
 phind channel           0
 bbb pw(0) qmod c1q   0.0000000000000000        0.0000000000000000        0.0000000000000000        0.0000000000000000     
 reduced to Born momenta
   49.220685544183773        0.0000000000000000        0.0000000000000000        49.220635995625059     
   49.220685544183773        0.0000000000000000        0.0000000000000000       -49.220635995625059     
   49.220685544183780        8.7932227460407493       -35.512655087306570        32.927120799372432     
   49.220685544183766       -8.7932227460407493        35.512655087306570       -32.927120799372432     
 isvec for ranlux 
     1761916     1998066      110757    12487400     6792527    15221857    13697809    16362340     1718686    13889623    15879938    13252925    15197909    11147211     8739263    10194051      365704     1375984     3629030     8446094     3487424    14965765     1118188    11110526    -4200216
  
 ====== DUMPING at point            1
 propag    0.0000000000000000        0.0000000000000000        0.0000000000000000        0.0000000000000000     
 test props.    0.0000000000000000        0.0000000000000000     
 Var           2.5854608094315412     
 Var before    2.0923486972101961     
 iev, nphot and rad. pattern    0.0000000000000000                0               0           1           0           0
 partons...            1          -1
 x1 & x2   0.83794698145891366       0.99924915770080636     
 sv & ME   0.76384830582487206        20419.916798505627     
 plepton   =    45.752535870177532        9.1895773272022172       -32.284981585990785       -31.088824477616075     
 pneutrino =    45.752535870177518       -9.1895773272022172        32.284981585990785        31.088824477616075     
 pleptonlab   =    48.670022113767068        9.1895773272022172       -32.284981585990785       -35.241900082185040     
 pneutrinolab =    43.189784844218913       -9.1895773272022172        32.284981585990785        27.176791270090408     
 sqrt(s) =    91.505071740355049     
 sqrt_fs_cm =    91.505071740355049     
 phind channel           0
 bbb pw(0) qmod c1q   0.0000000000000000        0.0000000000000000        0.0000000000000000        0.0000000000000000     
 reduced to Born momenta
   45.752535870177525        0.0000000000000000        0.0000000000000000        45.752482565717472     
   45.752535870177525        0.0000000000000000        0.0000000000000000       -45.752482565717472     
   45.752535870177532        9.1895773272022172       -32.284981585990785       -31.088824477616075     
   45.752535870177518       -9.1895773272022172        32.284981585990785        31.088824477616075     
 isvec for ranlux 
    14902313     9928972     4799160     2701921    12896674      994906     4989402     1593852     3619565    10431950     8726416    10407135     5333250    10378542     9914156    14939389     3289939    14228418    14454888     1597759     1973254     3860146     2875092     2125098     4191303
  
 ====== DUMPING at point            1
 propag    0.0000000000000000        0.0000000000000000        0.0000000000000000        0.0000000000000000     
 test props.    0.0000000000000000        0.0000000000000000     
 Var           1.2843412383494901     
 Var before    1.0982997475776435     
 iev, nphot and rad. pattern    0.0000000000000000                1               0           0           1           0
 partons...            1          -1
 x1 & x2   0.99953164872476241       0.83473522596813199     
 sv & ME    1.0000000000000000        2248629.1739356127     
 plepton   =    45.490857101522529        9.6491398650779026        40.429317044167092        18.487058699156545     
 pneutrino =    45.667129172951796       -9.6413435796282823       -40.606833741131560       -18.536587353319813     
 pleptonlab   =    47.343253615824885        9.6491398650779026        40.429317044167092        22.665765428223093     
 pneutrinolab =    44.180411724856853       -9.6413435796282823       -40.606833741131560       -14.492313962444356     
 sqrt(s) =    91.342447780895611     
 sqrt_fs_cm =    91.157799641993876     
 phind channel           0
 bbb pw(0) qmod c1q   0.0000000000000000        0.0000000000000000        0.0000000000000000        0.0000000000000000     
 reduced to Born momenta
   45.671223890447806        0.0000000000000000        0.0000000000000000        45.671170491085626     
   45.671223890447806        0.0000000000000000        0.0000000000000000       -45.671170491085626     
   45.671223890447806        9.6647828890296132        40.600062767944394        18.549296560970664     
   45.671223890447806       -9.6647828890296132       -40.600062767944394       -18.549296560970664     
 >> Photon n.           1
 cm momentum    0.18446150642128939       -7.7962854496201293E-003  0.17751669696446831        4.9528654163267613E-002
 lab momentum   0.18967839396299405       -7.7962854496201293E-003  0.17751669696446831        6.6369672052782908E-002
 c_ph_up    0.26850400999192597     
 c_ph_up lab   0.34990633706932128     
 c_ph_lep  0.95543010525556471     
 c_ph_lep lab   0.95835184774202908     
 isvec for ranlux 
    16299211     3254293    16131975     5266621    16545363    14473301     5355798     5599353    11050532    14547556    11682091     8225026    12673044    12120042     6959192    14507471     7976243    13182463     2472364    15582834    14772810    14376851    13178594     7905684     4032111
  
 ====== DUMPING at point            1
 propag    0.0000000000000000        0.0000000000000000        0.0000000000000000        0.0000000000000000     
 test props.    0.0000000000000000        0.0000000000000000     
 Var           1.9361299286058737     
 Var before    1.2484544385774188     
 iev, nphot and rad. pattern    0.0000000000000000                1               0           0           0           1
 partons...            1          -1
 x1 & x2   0.99986522511356157       0.82882660173539413     
 sv & ME    1.0000000000000000        180201636567.62152     
 plepton   =    45.516889472690920      -0.68246058124447384       -31.302538957683005        33.037272374327110     
 pneutrino =    45.471239798081996       0.68182264082242749        31.271235539648451       -33.004051732984209     
 pleptonlab   =    48.820895972450316      -0.68246058124447384       -31.302538957683005        37.458697551024535     
 pneutrinolab =    42.570965210411529       0.68182264082242749        31.271235539648451       -28.877687943547183     
 sqrt(s) =    91.033779264856832     
 sqrt_fs_cm =    90.988117819157708     
 phind channel           0
 bbb pw(0) qmod c1q   0.0000000000000000        0.0000000000000000        0.0000000000000000        0.0000000000000000     
 reduced to Born momenta
   45.516889632428416        0.0000000000000000        0.0000000000000000        45.516836052004642     
   45.516889632428416        0.0000000000000000        0.0000000000000000       -45.516836052004642     
   45.516889632428409      -0.68248385853505111       -31.302584405769771        33.037229051809099     
   45.516889632428423       0.68248385853505111        31.302584405769771       -33.037229051809099     
 >> Photon n.           1
 cm momentum     4.5649994083918163E-002   6.3794042204632305E-004   3.1303418034553242E-002  -3.3220641342901404E-002
 lab momentum    4.2730159585919823E-002   6.3794042204632305E-004   3.1303418034553242E-002  -2.9078438568982724E-002
 c_ph_up   -0.72772498681669184     
 c_ph_up lab  -0.68051322182668539     
 c_ph_lep -0.99999570287021144     
 c_ph_lep lab  -0.99205821099590064     
 isvec for ranlux 
    14376841     9367055    11411008     3416353     1394422    12230973     5252183    16075032     6397709     9393473    12531793     9363946    15390017     9736584    16117207    13485524     9250666     8140315     3126542     1982896     8250996    15449780     6880094     7144020    -4021707
  
 ====== DUMPING at point            1
 propag    0.0000000000000000        0.0000000000000000        0.0000000000000000        0.0000000000000000     
 test props.    0.0000000000000000        0.0000000000000000     
 Var          0.66044507440484379     
 Var before   0.55912843780361043     
 iev, nphot and rad. pattern    0.0000000000000000                1               0           0           1           0
 partons...            1          -1
 x1 & x2   0.76673313714818914       0.99988389159802493     
 sv & ME    1.0000000000000000        873138.82431142218     
 plepton   =    41.889230797628620        41.833013476822551       -2.1453094670472441      -0.30516202927421737     
 pneutrino =    43.779038296759218       -43.721151355351751        2.2278660572980784       0.30094433173946311     
 pleptonlab   =    42.299501334967900        41.833013476822551       -2.1453094670472441       -5.8850046927817719     
 pneutrinolab =    44.125287715778022       -43.721151355351751        2.2278660572980784       -5.5251596630221060     
 sqrt(s) =    87.558215661860871     
 sqrt_fs_cm =    85.647419293289531     
 phind channel           0
 bbb pw(0) qmod c1q   0.0000000000000000        0.0000000000000000        0.0000000000000000        0.0000000000000000     
 reduced to Born momenta
   43.779107830930435        0.0000000000000000        0.0000000000000000        43.779052123665657     
   43.779107830930435        0.0000000000000000        0.0000000000000000       -43.779052123665657     
   43.779107830930435        43.720799592778043       -2.2349053857239687      -0.30983812833116836     
   43.779107830930435       -43.720799592778043        2.2349053857239687       0.30983812833116836     
 >> Photon n.           1
 cm momentum     1.8899465674730291        1.8881378785291996       -8.2556590250834436E-002   4.2176975347542568E-003
 lab momentum    1.9060623865648005        1.8881378785291996       -8.2556590250834436E-002 -0.24737336668791240     
 c_ph_up     2.2316490885737417E-003
 c_ph_up lab  -0.12978240818955611     
 c_ph_lep  0.99992627784081412     
 c_ph_lep lab   0.99992760624791821     
 isvec for ranlux 
    16575667    16622680     6248223    14956727    13110558     1205945    11242040     6890570    14658205      621134     7421034    11519576    13204167     8090949    16466493    11015029     5120304      201156    13109540    13654731     2695017     9785481     4861148      143676    -4200721
  
 ====== DUMPING at point            1
 propag    0.0000000000000000        0.0000000000000000        0.0000000000000000        0.0000000000000000     
 test props.    0.0000000000000000        0.0000000000000000     
 Var          0.77929491579810029     
 Var before   0.65524551139857545     
 iev, nphot and rad. pattern    0.0000000000000000                0               0           1           0           0
 partons...            1          -1
 x1 & x2   0.87073962597039389       0.99983677226072942     
 sv & ME   0.68334045595168613        11066.893766404679     
 plepton   =    46.652907120289782        18.460920849693938       -22.806518625629192        36.270369292896390     
 pneutrino =    46.652907120289754       -18.460920849693938        22.806518625629192       -36.270369292896390     
 pleptonlab   =    44.255240935219291        18.460920849693938       -22.806518625629192        33.129628674390624     
 pneutrinolab =    49.273578976336886       -18.460920849693938        22.806518625629192       -39.584485988907403     
 sqrt(s) =    93.305814240579537     
 sqrt_fs_cm =    93.305814240579537     
 phind channel           0
 bbb pw(0) qmod c1q   0.0000000000000000        0.0000000000000000        0.0000000000000000        0.0000000000000000     
 reduced to Born momenta
   46.652907120289768        0.0000000000000000        0.0000000000000000        46.652854844572843     
   46.652907120289768        0.0000000000000000        0.0000000000000000       -46.652854844572843     
   46.652907120289782        18.460920849693938       -22.806518625629192        36.270369292896390     
   46.652907120289754       -18.460920849693938        22.806518625629192       -36.270369292896390     
 isvec for ranlux 
    13452352     7685781    12040999      377492     2027616    10867852     4039603    13333254    16608482     8283248     4576519     7678115     1422877    16276106    10765401     9788787     9530970    13032368     3894472      306732    14245216    14571762    11462555    11912083     4051404
  
 ====== DUMPING at point            1
 propag    0.0000000000000000        0.0000000000000000        0.0000000000000000        0.0000000000000000     
 test props.    0.0000000000000000        0.0000000000000000     
 Var          0.76841109949226205     
 Var before   0.67306380192477755     
 iev, nphot and rad. pattern    0.0000000000000000                1               0           0           1           0
 partons...            1          -1
 x1 & x2   0.83348789811470192       0.99987660863349870     
 sv & ME    1.0000000000000000        1165102.0180268548     
 plepton   =    45.299305650011817       -26.370462566302528       -2.5849094611338388       -36.741432685711949     
 pneutrino =    45.639005079708284        26.642230625240501        2.6000166834202116        36.964024152297100     
 pleptonlab   =    48.835344158056984       -26.370462566302528       -2.5849094611338388       -41.021904178882039     
 pneutrinolab =    42.459523957455808        26.642230625240501        2.6000166834202116        32.958025905077022     
 sqrt(s) =    91.289925671127108     
 sqrt_fs_cm =    90.937630963799066     
 phind channel           0
 bbb pw(0) qmod c1q   0.0000000000000000        0.0000000000000000        0.0000000000000000        0.0000000000000000     
 reduced to Born momenta
   45.644962835563554        0.0000000000000000        0.0000000000000000        45.644909405478927     
   45.644962835563554        0.0000000000000000        0.0000000000000000       -45.644909405478927     
   45.644962835563561       -26.608778632486484       -2.6024922316874530       -36.995288922237762     
   45.644962835563547        26.608778632486484        2.6024922316874530        36.995288922237762     
 >> Photon n.           1
 cm momentum    0.35161494140700555      -0.27176805893797118       -1.5107222286372700E-002 -0.22259146658515347     
 lab momentum   0.37335722189723597      -0.27176805893797118       -1.5107222286372700E-002 -0.25555725213481900     
 c_ph_up   -0.63305462985856653     
 c_ph_up lab  -0.68448455566545707     
 c_ph_lep  0.96585608848113957     
 c_ph_lep lab   0.97017271761684587     
 isvec for ranlux 
    16281071     6216508     5788901     5598226     2151985    11312847     4878172    15215368      933416    10490822     4859569     3569103     7793955     9042226    15803846    11186175     1469788    15694173    11573162    10117844     1302401    12204826     4381916     1083041    -4200822
  
 ====== DUMPING at point            1
 propag    0.0000000000000000        0.0000000000000000        0.0000000000000000        0.0000000000000000     
 test props.    0.0000000000000000        0.0000000000000000     
 Var          0.56888990294615949     
 Var before   0.50093051781741060     
 iev, nphot and rad. pattern    0.0000000000000000                0               0           0           1           0
 partons...            1          -1
 x1 & x2   0.86090656222925477       0.99988031435832558     
 sv & ME   0.68957442798456781        9882.4542969557715     
 plepton   =    46.389748977412367        31.535760147841401        32.368227182888091        10.478136639242063     
 pneutrino =    46.389748977412367       -31.535760147841401       -32.368227182888091       -10.478136639242063     
 pleptonlab   =    45.734915585879889        31.535760147841401        32.368227182888091        7.0331387652209987     
 pneutrinolab =    47.304428243499139       -31.535760147841401       -32.368227182888091       -13.981826371674538     
 sqrt(s) =    92.779497954824734     
 sqrt_fs_cm =    92.779497954824734     
 phind channel           0
 bbb pw(0) qmod c1q   0.0000000000000000        0.0000000000000000        0.0000000000000000        0.0000000000000000     
 reduced to Born momenta
   46.389748977412367        0.0000000000000000        0.0000000000000000        46.389696405147248     
   46.389748977412367        0.0000000000000000        0.0000000000000000       -46.389696405147248     
   46.389748977412367        31.535760147841401        32.368227182888091        10.478136639242063     
   46.389748977412367       -31.535760147841401       -32.368227182888091       -10.478136639242063     
 isvec for ranlux 
      589876    16710617     5688859    14464672     6555815    10676443     8690630    14425228     3486349    14953393     3964495     2454096     6889208    10385107     6558022     6916769    16140560    10878330     7171221     6209201     3307280     2406960     2255942    12891023    -4131909
  
