 ====== DUMPING at point            1
 propag    0.0000000000000000        0.0000000000000000        0.0000000000000000        0.0000000000000000     
 test props.    0.0000000000000000        0.0000000000000000     
 Var           1.7994138492220415     
 Var before    0.0000000000000000     
 iev, nphot and rad. pattern    0.0000000000000000                0               0           1           0           0
 partons...            1          -1
 x1 & x2   0.94693539778351188       0.97588642440755047     
 sv & ME   0.57825029734482558        1040.2968116967645     
 plepton   =    48.065096470513126       -21.088354795801298        38.359754645008636       -19.850764484256235     
 pneutrino =    48.065096470513112        21.088354795801298       -38.359754645008636        19.850764484256235     
 pleptonlab   =    48.369463092289365       -21.088354795801298        38.359754645008636       -20.576790608013148     
 pneutrinolab =    47.771628017263772        21.088354795801298       -38.359754645008636        19.129239276811219     
 sqrt(s) =    96.130192941026237     
 sqrt_fs_cm =    96.130192941026237     
 phind channel           0
 bbb pw(0) qmod c1q   0.0000000000000000        0.0000000000000000        0.0000000000000000        0.0000000000000000     
 reduced to Born momenta
   48.065096470513119        0.0000000000000000        0.0000000000000000        48.065045730698444     
   48.065096470513119        0.0000000000000000        0.0000000000000000       -48.065045730698444     
   48.065096470513126       -21.088354795801298        38.359754645008636       -19.850764484256235     
   48.065096470513112        21.088354795801298       -38.359754645008636        19.850764484256235     
 isvec for ranlux 
     9644655    14614328     8305202     5902523     6611641    14048799     7267313     8683348    14048746     9318201     4464668     5476536     8218591     7359978     7668616    13721940      957152    13197359    14184585     9294164    15939178     5902395     5267822    14659295     4211303
  
 ====== DUMPING at point            1
 propag    0.0000000000000000        0.0000000000000000        0.0000000000000000        0.0000000000000000     
 test props.    0.0000000000000000        0.0000000000000000     
 Var           2.9242485982400592     
 Var before    1.7994138492220415     
 iev, nphot and rad. pattern    0.0000000000000000                0               0           1           0           0
 partons...            1          -1
 x1 & x2   0.94577356536711543       0.89654813769092145     
 sv & ME   0.56069415203550355        19200.102275563502     
 plepton   =    46.041598818546433       -23.365118577106589       -29.799805422451165        26.188938289634947     
 pneutrino =    46.041598818546419        23.365118577106589        29.799805422451165       -26.188938289634947     
 pleptonlab   =    46.758040904470235       -23.365118577106589       -29.799805422451165        27.428927361354162     
 pneutrinolab =    45.358044248431597        23.365118577106589        29.799805422451165       -24.967655977544460     
 sqrt(s) =    92.083197637092852     
 sqrt_fs_cm =    92.083197637092852     
 phind channel           0
 bbb pw(0) qmod c1q   0.0000000000000000        0.0000000000000000        0.0000000000000000        0.0000000000000000     
 reduced to Born momenta
   46.041598818546426        0.0000000000000000        0.0000000000000000        46.041545848748122     
   46.041598818546426        0.0000000000000000        0.0000000000000000       -46.041545848748122     
   46.041598818546433       -23.365118577106589       -29.799805422451165        26.188938289634947     
   46.041598818546419        23.365118577106589        29.799805422451165       -26.188938289634947     
 isvec for ranlux 
      778671     5844720     9587749    10340955     5767304     1229801     7106317     9230034     7070010     1656684    15462261     7797679    14988199    15435044     9850695     6896914     2215452    12845121     6405628     3024976     4819489    10459877     1149857     7981361    -4092010
  
 ====== DUMPING at point            1
 propag    0.0000000000000000        0.0000000000000000        0.0000000000000000        0.0000000000000000     
 test props.    0.0000000000000000        0.0000000000000000     
 Var           2.2030448077579967     
 Var before    1.7415746312635707     
 iev, nphot and rad. pattern    0.0000000000000000                1               0           0           1           0
 partons...            1          -1
 x1 & x2   0.86162213987822611       0.95881440568901921     
 sv & ME   0.58217303229093242        4903361557.7046204     
 plepton   =    45.439552118982093        27.907283267128136        14.829818233523966       -32.649682462332350     
 pneutrino =    45.445942796927369       -27.910932680623084       -14.833094036719181        32.653969302455366     
 pleptonlab   =    47.250093476047844        27.907283267128136        14.829818233523966       -35.125776882692591     
 pneutrinolab =    43.764981767540142       -27.910932680623084       -14.833094036719181        30.270804806235720     
 sqrt(s) =    90.892008448259205     
 sqrt_fs_cm =    90.885494682505310     
 phind channel           0
 bbb pw(0) qmod c1q   0.0000000000000000        0.0000000000000000        0.0000000000000000        0.0000000000000000     
 reduced to Born momenta
   45.446004224129602        0.0000000000000000        0.0000000000000000        45.445950560132474     
   45.446004224129602        0.0000000000000000        0.0000000000000000       -45.445950560132474     
   45.446004224129602        27.911108167021435        14.832519054123319       -32.654165976886247     
   45.446004224129602       -27.911108167021435       -14.832519054123319        32.654165976886247     
 >> Photon n.           1
 cm momentum     6.5135323497436714E-003   3.6494134949475706E-003   3.2758031952150337E-003  -4.2868401230126193E-003
 lab momentum    6.7520347742778732E-003   3.6494134949475706E-003   3.2758031952150337E-003  -4.6412140827773911E-003
 c_ph_up   -0.65814367578619926     
 c_ph_up lab  -0.68738006214930469     
 c_ph_lep  0.98113856417381162     
 c_ph_lep lab   0.98250201139142246     
 isvec for ranlux 
    13077225     6767474    12978143    11216133     7787453     7756591     1456377     6700084     7382700    12480500    14719702    13291644     7895789     6891298      102469     9060833    10785562     3405521     1113041     5184210    10069583      203884    13164889     3691341     4042414
  
 ====== DUMPING at point            1
 propag    0.0000000000000000        0.0000000000000000        0.0000000000000000        0.0000000000000000     
 test props.    0.0000000000000000        0.0000000000000000     
 Var           2.1073278847942416     
 Var before    1.7436334887829736     
 iev, nphot and rad. pattern    0.0000000000000000                0               0           1           0           0
 partons...            1          -1
 x1 & x2   0.98493214894334868       0.87537852222367230     
 sv & ME   0.55975063085415133        9562.0259635674447     
 plepton   =    46.427051624904387        22.483012028525710        34.810535521884539        20.933244987217162     
 pneutrino =    46.427051624904358       -22.483012028525710       -34.810535521884539       -20.933244987217162     
 pleptonlab   =    47.742667998990953        22.483012028525710        34.810535521884539        23.708478879404950     
 pneutrinolab =    45.272865559360078       -22.483012028525710       -34.810535521884539       -18.230797543421133     
 sqrt(s) =    92.854103249808745     
 sqrt_fs_cm =    92.854103249808745     
 phind channel           0
 bbb pw(0) qmod c1q   0.0000000000000000        0.0000000000000000        0.0000000000000000        0.0000000000000000     
 reduced to Born momenta
   46.427051624904372        0.0000000000000000        0.0000000000000000        46.426999094879434     
   46.427051624904372        0.0000000000000000        0.0000000000000000       -46.426999094879434     
   46.427051624904387        22.483012028525710        34.810535521884539        20.933244987217162     
   46.427051624904358       -22.483012028525710       -34.810535521884539       -20.933244987217162     
 isvec for ranlux 
     2097233     6471148     4378437     8640871    15711293     8225040    11065883    15787977     7243899     4917269    11956633    15358016     1047827     9592925      229606     7295905     6628324     2019165    14002484    11234980     6728922     2987987     4664818    12003099    -4080923
  
 ====== DUMPING at point            1
 propag    0.0000000000000000        0.0000000000000000        0.0000000000000000        0.0000000000000000     
 test props.    0.0000000000000000        0.0000000000000000     
 Var           2.3656706170022739     
 Var before    1.8695449745210568     
 iev, nphot and rad. pattern    0.0000000000000000                2               0           0           1           1
 partons...            1          -1
 x1 & x2   0.89821755250781266       0.95500130066611422     
 sv & ME   0.56927120282520560        30186114770.764591     
 plepton   =    46.237813884972610       -29.593076564771629        4.9238284368439951        35.184229451928999     
 pneutrino =    46.114667232092863        29.479266705537380       -5.0152700836381534       -35.105145929438194     
 pleptonlab   =    45.180961762597811       -29.593076564771629        4.9238284368439951        33.783337239798378     
 pneutrinolab =    47.212478010885313        29.479266705537380       -5.0152700836381534       -36.535281807163074     
 sqrt(s) =    92.617435233658611     
 sqrt_fs_cm =    92.352331860194937     
 phind channel           0
 bbb pw(0) qmod c1q   0.0000000000000000        0.0000000000000000        0.0000000000000000        0.0000000000000000     
 reduced to Born momenta
   46.308717616829306        0.0000000000000000        0.0000000000000000        46.308664952572720     
   46.308717616829306        0.0000000000000000        0.0000000000000000       -46.308664952572720     
   46.308717616829306       -29.620919530942306        4.9838453196568624        35.245546890280252     
   46.308717616829306        29.620919530942306       -4.9838453196568624       -35.245546890280252     
 >> Photon n.           1
 cm momentum     5.4620615822089144E-002  -3.4589940257380367E-002   4.5508404401080399E-003   4.2026629142292500E-002
 lab momentum    5.3357947798358125E-002  -3.4589940257380367E-002   4.5508404401080399E-003   4.0371976388725937E-002
 c_ph_up    0.76942796249646994     
 c_ph_up lab   0.75662535863060720     
 c_ph_lep  0.99967278012681360     
 c_ph_lep lab   0.99965720068638109     
 >> Photon n.           2
 cm momentum    0.21033350077104945       0.14839979949162890        8.6890806354050346E-002 -0.12111015163309938     
 lab momentum   0.21414493741485768       0.14839979949162890        8.6890806354050346E-002 -0.12761481693910223     
 c_ph_up   -0.57580057950411445     
 c_ph_up lab  -0.59592731203295835     
 c_ph_lep -0.84572282937706189     
 c_ph_lep lab  -0.85527790060478204     
 isvec for ranlux 
     7705512     6767400    12346605     2442596     4398068    14780140    11606138    14688674    13412440     5267269    10109083     1735670     8876049    16397594    14292833    16049731     7015236     2292865    16408353     4672107     7144624     1147718    13770713    15989233    -4151606
  
 ====== DUMPING at point            1
 propag    0.0000000000000000        0.0000000000000000        0.0000000000000000        0.0000000000000000     
 test props.    0.0000000000000000        0.0000000000000000     
 Var           1.9532472706443236     
 Var before    1.4495668467543059     
 iev, nphot and rad. pattern    0.0000000000000000                2               1           0           1           0
 partons...            1          -1
 x1 & x2   0.99156101022416399       0.84049819436154438     
 sv & ME   0.58075908906870322        30865238.179963179     
 plepton   =    45.080093621349299        4.3636524344749450       -29.205265700768027       -34.061924050129541     
 pneutrino =    45.236632795394357       -5.0993297777595439        29.440764397513771        33.964393274157281     
 pleptonlab   =    42.415946692878506        4.3636524344749450       -29.205265700768027       -30.448519880944726     
 pneutrinolab =    48.201310237179079       -5.0993297777595439        29.440764397513771        37.823185645805353     
 sqrt(s) =    91.291031251307416     
 sqrt_fs_cm =    90.313370425397522     
 phind channel           0
 bbb pw(0) qmod c1q   0.0000000000000000        0.0000000000000000        0.0000000000000000        0.0000000000000000     
 reduced to Born momenta
   45.261567847757419        0.0000000000000000        0.0000000000000000        45.261513965084596     
   45.261567847757419        0.0000000000000000        0.0000000000000000       -45.261513965084596     
   45.261567847757419        4.7421611876078549       -29.391019889977951       -34.092201710117628     
   45.261567847757419       -4.7421611876078549        29.391019889977951        34.092201710117628     
 >> Photon n.           1
 cm momentum    0.76466597465780772       0.71718898998521197       -9.1650816681083755E-002  0.24890587225908711     
 lab momentum   0.78787244460716754       0.71718898998521197       -9.1650816681083755E-002  0.31302247430009894     
 c_ph_up    0.32550928184096839     
 c_ph_up lab   0.39730095454242170     
 c_ph_lep  -7.7513090829311848E-002
 c_ph_lep lab  -0.11146068037474037     
 >> Photon n.           2
 cm momentum    0.20963885990595033        1.8488353299387066E-002 -0.14384788006465929      -0.15137509628683019     
 lab momentum   0.19783085462067965        1.8488353299387066E-002 -0.14384788006465929      -0.13454744602975163     
 c_ph_up   -0.72207555581413274     
 c_ph_up lab  -0.68011355603620349     
 c_ph_lep  0.99866735969972231     
 c_ph_lep lab   0.99849912727255596     
 isvec for ranlux 
    10482904     1249819    12058037    14159976    14147930     6205970     8604369     9431829     9704793     2911077    12566670     7519744     8037451     9579103     1801853     7051106     4729559     8526420      295591      567446    12330918     8671797    12046268    10350963     4080418
  
 ====== DUMPING at point            1
 propag    0.0000000000000000        0.0000000000000000        0.0000000000000000        0.0000000000000000     
 test props.    0.0000000000000000        0.0000000000000000     
 Var           2.2122416096904143     
 Var before    1.6822839584596927     
 iev, nphot and rad. pattern    0.0000000000000000                0               0           0           1           0
 partons...            1          -1
 x1 & x2   0.78801170418191668       0.99690016282409055     
 sv & ME   0.55973731175915298        4101.9919436010523     
 plepton   =    44.316165115176709       -10.097712373767406        36.581376573730886        22.885594150287965     
 pneutrino =    44.316165115176709        10.097712373767406       -36.581376573730886       -22.885594150287965     
 pleptonlab   =    41.925961065198663       -10.097712373767406        36.581376573730886        17.821732248483695     
 pneutrinolab =    47.319632285101711        10.097712373767406       -36.581376573730886       -28.266155180592389     
 sqrt(s) =    88.632330230353418     
 sqrt_fs_cm =    88.632330230353418     
 phind channel           0
 bbb pw(0) qmod c1q   0.0000000000000000        0.0000000000000000        0.0000000000000000        0.0000000000000000     
 reduced to Born momenta
   44.316165115176709        0.0000000000000000        0.0000000000000000        44.316110083016142     
   44.316165115176709        0.0000000000000000        0.0000000000000000       -44.316110083016142     
   44.316165115176709       -10.097712373767406        36.581376573730886        22.885594150287965     
   44.316165115176709        10.097712373767406       -36.581376573730886       -22.885594150287965     
 isvec for ranlux 
     1529830    10969541     5398952    14836342    16636312     5190420     1470932    12386847    11625234     6824400      810679     8482292     6601895    16231455    13558496     6713029     1261892      214096    11394427     5414534     6660712     4299797     3825772    15586491    -4101909
  
 ====== DUMPING at point            1
 propag    0.0000000000000000        0.0000000000000000        0.0000000000000000        0.0000000000000000     
 test props.    0.0000000000000000        0.0000000000000000     
 Var           2.0047972627114947     
 Var before    1.5211683002821494     
 iev, nphot and rad. pattern    0.0000000000000000                1               1           0           0           0
 partons...            1          -1
 x1 & x2   0.99906993316453185       0.77321380600730605     
 sv & ME   0.55969929881643354        8593103634.1364136     
 plepton   =    43.940377157347662        23.698410671641494        30.481184892397046        20.976851056157777     
 pneutrino =    43.943980211434010       -23.698553824363277       -30.481231610595508       -20.984167824014985     
 pleptonlab   =    46.996809210730014        23.698410671641494        30.481184892397046        26.794992283858278     
 pneutrinolab =    41.609059171971154       -23.698553824363277       -30.481231610595508       -15.510503138844939     
 sqrt(s) =    87.891675686017763     
 sqrt_fs_cm =    87.884357064075758     
 phind channel           0
 bbb pw(0) qmod c1q   0.0000000000000000        0.0000000000000000        0.0000000000000000        0.0000000000000000     
 reduced to Born momenta
   43.942178532037879        0.0000000000000000        0.0000000000000000        43.942123031504643     
   43.942178532037879        0.0000000000000000        0.0000000000000000       -43.942123031504643     
   43.942178532037879        23.698482246535146        30.481208251017435        20.980509365093766     
   43.942178532037879       -23.698482246535146       -30.481208251017435       -20.980509365093766     
 >> Photon n.           1
 cm momentum     7.3183172360942262E-003   1.4315272178306367E-004   4.6718198461803925E-005   7.3167678572093851E-003
 lab momentum    8.3185758907397978E-003   1.4315272178306367E-004   4.6718198461803925E-005   8.3172128479542945E-003
 c_ph_up    0.99978828754823590     
 c_ph_up lab   0.99983614469550963     
 c_ph_lep  0.49227201710170992     
 c_ph_lep lab   0.58237312139836783     
 isvec for ranlux 
     4582103    14909827     6058609    16033389    16400909    10270577    12793303      310030     7779432    12399011     3122562     7325754    11785470    16087410     4035484     7020979    11753393     9284947      731009     1133262     6407025    14657548    11290772     1908909    -4011606
  
 ====== DUMPING at point            1
 propag    0.0000000000000000        0.0000000000000000        0.0000000000000000        0.0000000000000000     
 test props.    0.0000000000000000        0.0000000000000000     
 Var           1.2043511043531061     
 Var before    1.0257335211345702     
 iev, nphot and rad. pattern    0.0000000000000000                0               0           1           0           0
 partons...            1          -1
 x1 & x2   0.99833410708167392       0.84352958606714812     
 sv & ME   0.57221707723245918        14555.342948483772     
 plepton   =    45.883666922536847       -15.022683136674795       -43.159818585505874       -4.1047262525194803     
 pneutrino =    45.883666922536833        15.022683136674795        43.159818585505874        4.1047262525194803     
 pleptonlab   =    45.700374260268340       -15.022683136674795       -43.159818585505874      -0.24918843957546599     
 pneutrinolab =    46.392810397172774        15.022683136674795        43.159818585505874        7.9894144903017592     
 sqrt(s) =    91.767333845073679     
 sqrt_fs_cm =    91.767333845073679     
 phind channel           0
 bbb pw(0) qmod c1q   0.0000000000000000        0.0000000000000000        0.0000000000000000        0.0000000000000000     
 reduced to Born momenta
   45.883666922536840        0.0000000000000000        0.0000000000000000        45.883613770415920     
   45.883666922536840        0.0000000000000000        0.0000000000000000       -45.883613770415920     
   45.883666922536847       -15.022683136674795       -43.159818585505874       -4.1047262525194803     
   45.883666922536833        15.022683136674795        43.159818585505874        4.1047262525194803     
 isvec for ranlux 
    15697820    13958964    15496225    11578598     1704967     5619974     9875627     7164025     7377212     9094670     8478077    13805758     9465217     1972369     1888418    13095976    15555016    16310036     7352882    14970220     9477691      555846    10078497      522600     4061606
  
 ====== DUMPING at point            1
 propag    0.0000000000000000        0.0000000000000000        0.0000000000000000        0.0000000000000000     
 test props.    0.0000000000000000        0.0000000000000000     
 Var           1.3452871811377409     
 Var before   0.92485676554557028     
 iev, nphot and rad. pattern    0.0000000000000000                1               0           0           1           0
 partons...            1          -1
 x1 & x2   0.96472912457459348       0.99985227665595089     
 sv & ME   0.56159621501670109        31500167898.516911     
 plepton   =    49.106043338979589        47.772614220505709        10.746174665705992        3.6999174735592470     
 pneutrino =    49.106682165864335       -47.773217153194189       -10.746376451238815       -3.7000250877207987     
 pleptonlab   =    49.047734704427420        47.772614220505709        10.746174665705992        2.8224415914774688     
 pneutrinolab =    49.180692332526966       -47.773217153194189       -10.746376451238815       -4.5786952963941472     
 sqrt(s) =    98.213370350589713     
 sqrt_fs_cm =    98.212725502726940     
 phind channel           0
 bbb pw(0) qmod c1q   0.0000000000000000        0.0000000000000000        0.0000000000000000        0.0000000000000000     
 reduced to Born momenta
   49.106685175294857        0.0000000000000000        0.0000000000000000        49.106635511709861     
   49.106685175294857        0.0000000000000000        0.0000000000000000       -49.106635511709861     
   49.106685175294857        47.773229356068924        10.746346116667842        3.6999955739525152     
   49.106685175294857       -47.773229356068924       -10.746346116667842       -3.6999955739525152     
 >> Photon n.           1
 cm momentum     6.4484574578833507E-004   6.0293268848001912E-004   2.0178553282399202E-004   1.0761416155185183E-004
 lab momentum    6.4302457280885120E-004   6.0293268848001912E-004   2.0178553282399202E-004   9.6100848805823362E-005
 c_ph_up    0.16688357216390046     
 c_ph_up lab   0.14945128517567680     
 c_ph_lep  0.99066837144949960     
 c_ph_lep lab   0.99063081357855942     
 isvec for ranlux 
     8580474     7453528     6610367     9370130     6454595    13285363    12880910       20013     9703009    16699534     1920148     6241711     6714350     8434631    10339274    15950484     7679134     4788915     9680677     9420690    13578033     7433776    11266006     2295994     4192111
  
 ====== DUMPING at point            1
 propag    0.0000000000000000        0.0000000000000000        0.0000000000000000        0.0000000000000000     
 test props.    0.0000000000000000        0.0000000000000000     
 Var           1.0991528799812700     
 Var before   0.78933132276158402     
 iev, nphot and rad. pattern    0.0000000000000000                0               0           1           0           1
 partons...            1          -1
 x1 & x2   0.99981159961914601       0.85288324605194987     
 sv & ME   0.57472091718620055        13347.881401656125     
 plepton   =    46.171489106470517        17.926653288596242       -19.245042981325952       -37.948104895170147     
 pneutrino =    46.171489106470503       -17.926653288596242        19.245042981325952        37.948104895170147     
 pleptonlab   =    43.298380049468662        17.926653288596242       -19.245042981325952       -34.394795736188584     
 pneutrinolab =    49.336362234086160       -17.926653288596242        19.245042981325952        41.741213414548398     
 sqrt(s) =    92.342978212941020     
 sqrt_fs_cm =    92.342978212941020     
 phind channel           0
 bbb pw(0) qmod c1q   0.0000000000000000        0.0000000000000000        0.0000000000000000        0.0000000000000000     
 reduced to Born momenta
   46.171489106470510        0.0000000000000000        0.0000000000000000        46.171436285687768     
   46.171489106470510        0.0000000000000000        0.0000000000000000       -46.171436285687768     
   46.171489106470517        17.926653288596242       -19.245042981325952       -37.948104895170147     
   46.171489106470503       -17.926653288596242        19.245042981325952        37.948104895170147     
 isvec for ranlux 
    16005597     8434417    14436132    13695452    14164085      961699    13764582       67402     7211444    14390456      970651      358280     3303569    11896123     6216082     9295383     9040778    13778432     3232438     8688432    14560231     5902029      962798     8581584    -4231606
  
 ====== DUMPING at point            1
 propag    0.0000000000000000        0.0000000000000000        0.0000000000000000        0.0000000000000000     
 test props.    0.0000000000000000        0.0000000000000000     
 Var          0.70334362877586432     
 Var before   0.62216088067075148     
 iev, nphot and rad. pattern    0.0000000000000000                0               0           1           0           0
 partons...            1          -1
 x1 & x2   0.82623289867270644       0.99975698025130466     
 sv & ME   0.55936205719797805        22840.505148035743     
 plepton   =    45.443154263357087       -33.890504280988679        17.258575826255040        24.872562910594763     
 pneutrino =    45.443154263357073        33.890504280988679       -17.258575826255040       -24.872562910594763     
 pleptonlab   =    43.275358186972916       -33.890504280988679        17.258575826255040        20.647535992195984     
 pneutrinolab =    48.024135759227661        33.890504280988679       -17.258575826255040       -29.323740071125901     
 sqrt(s) =    90.886308526714160     
 sqrt_fs_cm =    90.886308526714160     
 phind channel           0
 bbb pw(0) qmod c1q   0.0000000000000000        0.0000000000000000        0.0000000000000000        0.0000000000000000     
 reduced to Born momenta
   45.443154263357080        0.0000000000000000        0.0000000000000000        45.443100595994423     
   45.443154263357080        0.0000000000000000        0.0000000000000000       -45.443100595994423     
   45.443154263357087       -33.890504280988679        17.258575826255040        24.872562910594763     
   45.443154263357073        33.890504280988679       -17.258575826255040       -24.872562910594763     
 isvec for ranlux 
     1457327    11843211      842130     1627129    13128769     2257102     8061877     9626046    13167356     9311311       68476    11689171     5193999    15602726    13809534     9598677    15490076    16534941     4561603     1137849      146632    16199119     3483777    15651896    -4100317
  
 ====== DUMPING at point            1
 propag    0.0000000000000000        0.0000000000000000        0.0000000000000000        0.0000000000000000     
 test props.    0.0000000000000000        0.0000000000000000     
 Var          0.72561690272187707     
 Var before   0.64827531122688564     
 iev, nphot and rad. pattern    0.0000000000000000                1               0           0           0           1
 partons...            1          -1
 x1 & x2   0.81070075259200658       0.99956097774016073     
 sv & ME   0.55900401984074899        3151282494.6314287     
 plepton   =    45.009511032019809       -6.4154321230255267       -38.453765705174007        22.494333806905288     
 pneutrino =    45.005247112135841        6.4153356718444590        38.449583103114932       -22.492979601359224     
 pleptonlab   =    42.896820064400657       -6.4154321230255267       -38.453765705174007        17.896260551091018     
 pneutrinolab =    47.611702843825668        6.4153356718444590        38.449583103114932       -27.337448882650115     
 sqrt(s) =    90.019155567887324     
 sqrt_fs_cm =    90.014758036743629     
 phind channel           0
 bbb pw(0) qmod c1q   0.0000000000000000        0.0000000000000000        0.0000000000000000        0.0000000000000000     
 reduced to Born momenta
   45.009577783943662        0.0000000000000000        0.0000000000000000        45.009523599603618     
   45.009577783943662        0.0000000000000000        0.0000000000000000       -45.009523599603618     
   45.009577783943662       -6.4156973116323863       -38.453552861771762        22.494755586799432     
   45.009577783943662        6.4156973116323863        38.453552861771762       -22.494755586799432     
 >> Photon n.           1
 cm momentum     4.3974237316730981E-003   9.6451181067400929E-005   4.1826020590730439E-003  -1.3542055460639599E-003
 lab momentum    4.5636083820140769E-003   9.6451181067400929E-005   4.1826020590730439E-003  -1.8229258486010273E-003
 c_ph_up   -0.30795429976649580     
 c_ph_up lab  -0.39944835226998765     
 c_ph_lep -0.96964603321262510     
 c_ph_lep lab  -0.99139492021798492     
 isvec for ranlux 
    14521119     3284366     3463762    11480123     3336141    13887286     8647963     5115281    11781391     9822864    14374850       23828     6429012     3846061     5815448    12970300     6645149    13960673    15889545     2643589     8059802     5945202    14697481       61957    -4221909
  
 ====== DUMPING at point            1
 propag    0.0000000000000000        0.0000000000000000        0.0000000000000000        0.0000000000000000     
 test props.    0.0000000000000000        0.0000000000000000     
 Var          0.76645695513326140     
 Var before   0.62599202944583832     
 iev, nphot and rad. pattern    0.0000000000000000                2               0           0           1           1
 partons...            1          -1
 x1 & x2   0.99952467980865123       0.87533577578813182     
 sv & ME   0.56699920559862804        245367111.59836286     
 plepton   =    42.254832222786867        17.545194198958388       -28.131315393378461        26.196468029936863     
 pneutrino =    46.626302618155862       -20.630407580013951        30.040115941324455       -29.085712118885223     
 pleptonlab   =    44.086884658894675        17.545194198958388       -28.131315393378461        29.059206630503862     
 pneutrinolab =    44.798080003685889       -20.630407580013951        30.040115941324455       -26.054453086554329     
 sqrt(s) =    93.537142944377422     
 sqrt_fs_cm =    88.760049223002568     
 phind channel           0
 bbb pw(0) qmod c1q   0.0000000000000000        0.0000000000000000        0.0000000000000000        0.0000000000000000     
 reduced to Born momenta
   46.768571472188718        0.0000000000000000        0.0000000000000000        46.768519325756124     
   46.768571472188704        0.0000000000000000        0.0000000000000000       -46.768519325756110     
   46.768571472188718        20.075113783790179       -30.626376326680031        29.091287244159659     
   46.768571472188704       -20.075113783790179        30.626376326680031       -29.091287244159659     
 >> Photon n.           1
 cm momentum     4.6468059223643010        3.0897305480681991       -1.9140503000597460        2.8953034157572022     
 lab momentum    4.8492379289786820        3.0897305480681991       -1.9140503000597460        3.2101534357442847     
 c_ph_up    0.62307388432613253     
 c_ph_up lab   0.66199132374195302     
 c_ph_lep  0.93660284758748824     
 c_ph_lep lab   0.94177390724270416     
 >> Photon n.           2
 cm momentum     9.2021810703914516E-003  -4.5171670126364976E-003   5.2497521137518550E-003  -6.0593268088441430E-003
 lab momentum    8.8201882798781498E-003  -4.5171670126364976E-003   5.2497521137518550E-003  -5.4617786678523034E-003
 c_ph_up   -0.65846637470983671     
 c_ph_up lab  -0.61923606328364655     
 c_ph_lep -0.99185918862285005     
 c_ph_lep lab  -0.99176670188301941     
 isvec for ranlux 
     9694957     1252334     7167226    16399770     5334141    13250981    11984409     2603513     3627080     4384046     3205779    13795264     8270940     7640603    12795748       19997    12743485    14635427     5286932    15315727    15130947     8180743    14720784    11532738    -4080923
  
 ====== DUMPING at point            1
 propag    0.0000000000000000        0.0000000000000000        0.0000000000000000        0.0000000000000000     
 test props.    0.0000000000000000        0.0000000000000000     
 Var          0.54563816233165618     
 Var before   0.47777837570819798     
 iev, nphot and rad. pattern    0.0000000000000000                3               0           0           1           2
 partons...            1          -1
 x1 & x2   0.99986260534360094       0.81189826429824119     
 sv & ME   0.56204258687409481        10268949336293.305     
 plepton   =    44.989885604286307        36.378039924563303       -6.1126252315646417        25.755633694798082     
 pneutrino =    41.960977941155193       -33.856859283734345        5.7719919698634135       -24.106216920700955     
 pleptonlab   =    47.920540960494648        36.378039924563303       -6.1126252315646417        30.588251115098029     
 pneutrinolab =    39.674127513702729       -33.856859283734345        5.7719919698634135       -19.860070957157234     
 sqrt(s) =    90.099207200462487     
 sqrt_fs_cm =    86.897984514950906     
 phind channel           0
 bbb pw(0) qmod c1q   0.0000000000000000        0.0000000000000000        0.0000000000000000        0.0000000000000000     
 reduced to Born momenta
   45.049603600231244        0.0000000000000000        0.0000000000000000        45.049549464033134     
   45.049603600231244        0.0000000000000000        0.0000000000000000       -45.049549464033134     
   45.049603600231244        36.388372013694415       -6.1581410647104722        25.834459577599201     
   45.049603600231244       -36.388372013694415        6.1581410647104722       -25.834459577599201     
 >> Photon n.           1
 cm momentum     1.3736652169695690E-002   1.0258782908194500E-002  -1.2322219025904897E-003   9.0517741496635926E-003
 lab momentum    1.4755368260405636E-002   1.0258782908194500E-002  -1.2322219025904897E-003   1.0533750278295891E-002
 c_ph_up    0.65895052432299583     
 c_ph_up lab   0.71389274007901382     
 c_ph_lep  0.99328811846934395     
 c_ph_lep lab   0.99413366777446344     
 >> Photon n.           2
 cm momentum     3.0871245177409881       -2.5531325258783504       0.35332844149201725       -1.6991206860527552     
 lab momentum    2.9266391263082885       -2.5531325258783504       0.35332844149201725       -1.3863224348517915     
 c_ph_up   -0.55038942429704507     
 c_ph_up lab  -0.47369093865717632     
 c_ph_lep -0.99935671949183913     
 c_ph_lep lab  -0.98001445051701463     
 >> Photon n.           3
 cm momentum     4.7482485110305360E-002   2.1693102141199780E-002  -1.1462957888198393E-002   4.0652137805965799E-002
 lab momentum    5.1980513326040333E-002   2.1693102141199780E-002  -1.1462957888198393E-002   4.5825578900691701E-002
 c_ph_up    0.85615017224831103     
 c_ph_up lab   0.88159150359399707     
 c_ph_lep  0.89234151967645836     
 c_ph_lep lab   0.90767191078338727     
 isvec for ranlux 
     8192674     9675355    12081709     9480863      986779    11942623     6473535     8765465     4090856     8723139     4116667     2833519      419117    11029292     2425882     3624875     8132952    13471903     1621808    10524330     7978715     5812058      446896     1435424     4221707
  
 ====== DUMPING at point            1
 propag    0.0000000000000000        0.0000000000000000        0.0000000000000000        0.0000000000000000     
 test props.    0.0000000000000000        0.0000000000000000     
 Var          0.33800164807433491     
 Var before   0.28960564791180443     
 iev, nphot and rad. pattern    4.0000000000000000                2               0           0           1           1
 partons...            1          -1
 x1 & x2   0.81287179487391847       0.99980133449140929     
 sv & ME   0.58460032611551804        3906019966757.5615     
 plepton   =    44.534154389521298       -29.687367787758713        16.365928525524929       -28.880725767023360     
 pneutrino =    45.056740773809899        30.039897357917432       -16.521499482384112        29.235994032120782     
 pleptonlab   =    47.767109791450721       -29.687367787758713        16.365928525524929       -33.652669901046409     
 pneutrinolab =    42.267162905526654        30.039897357917432       -16.521499482384112        24.721377752265887     
 sqrt(s) =    90.150446770128141     
 sqrt_fs_cm =    89.589362098445378     
 phind channel           0
 bbb pw(0) qmod c1q   0.0000000000000000        0.0000000000000000        0.0000000000000000        0.0000000000000000     
 reduced to Born momenta
   45.075223385064071        0.0000000000000000        0.0000000000000000        45.075169279635844     
   45.075223385064071        0.0000000000000000        0.0000000000000000       -45.075169279635844     
   45.075223385064078       -30.050147736914187        16.546470792222085       -29.239827715527529     
   45.075223385064064        30.050147736914187       -16.546470792222085        29.239827715527529     
 >> Photon n.           1
 cm momentum    0.54181812673112184      -0.36432773870727558       0.16179781238355712      -0.36695183494671402     
 lab momentum   0.58276654999624000      -0.36432773870727558       0.16179781238355712      -0.42509248230339064     
 c_ph_up   -0.67726016691356372     
 c_ph_up lab  -0.72943871316247189     
 c_ph_lep  0.99719818850417286     
 c_ph_lep lab   0.99757137365948678     
 >> Photon n.           2
 cm momentum     1.7733480065820015E-002   1.1798168548555227E-002  -6.2268555243735479E-003   1.1683569849292500E-002
 lab momentum    1.6617221292772523E-002   1.1798168548555227E-002  -6.2268555243735479E-003   9.9076502093802948E-003
 c_ph_up    0.65884247231380866     
 c_ph_up lab   0.59622785511615695     
 c_ph_lep -0.99981196643365000     
 c_ph_lep lab  -0.98970592700454052     
 isvec for ranlux 
    10876423     5508206     6552395     8586876     3831691     8121497     1468692    10309077    15186285     7188278     4503280     9877336     1366014     5981390     5726979     1082832     5970519     4651962    15890584    14102435     4569516     6677682    13119496    13736282     4202010
  
 ====== DUMPING at point            1
 propag    0.0000000000000000        0.0000000000000000        0.0000000000000000        0.0000000000000000     
 test props.    0.0000000000000000        0.0000000000000000     
 Var          0.33184204042484061     
 Var before   0.28494933819421592     
 iev, nphot and rad. pattern    6.0000000000000000                2               0           0           1           1
 partons...            1          -1
 x1 & x2   0.99985005286215844       0.84397454501042546     
 sv & ME   0.56019084027976862        120818582507.87280     
 plepton   =    44.740417206149125       0.21658685297652425       -42.458203315373382        14.104886722492695     
 pneutrino =    45.791993121093839      -0.16424623864748050        43.469562728116372       -14.396722186327109     
 pleptonlab   =    46.097856767751310       0.21658685297652425       -42.458203315373382        17.951470587508460     
 pneutrinolab =    44.735050030965631      -0.16424623864748050        43.469562728116372       -10.563317517758133     
 sqrt(s) =    91.861199286912750     
 sqrt_fs_cm =    90.526275546499107     
 phind channel           0
 bbb pw(0) qmod c1q   0.0000000000000000        0.0000000000000000        0.0000000000000000        0.0000000000000000     
 reduced to Born momenta
   45.930599643456375        0.0000000000000000        0.0000000000000000        45.930546545647324     
   45.930599643456375        0.0000000000000000        0.0000000000000000       -45.930546545647324     
   45.930599643456375       0.19337872900480110       -43.594462656376400        14.460091641652163     
   45.930599643456375      -0.19337872900480110        43.594462656376400       -14.460091641652163     
 >> Photon n.           1
 cm momentum     1.1912302019136900       -5.1355322693241195E-002  -1.1423064616979448       0.33395803979770478     
 lab momentum    1.2238439322183756       -5.1355322693241195E-002  -1.1423064616979448       0.43622534179243944     
 c_ph_up    0.28034719004035252     
 c_ph_up lab   0.35643870129888583     
 c_ph_lep  0.99819141787823862     
 c_ph_lep lab   0.99829144469771303     
 >> Photon n.           2
 cm momentum    0.13755875775609952       -9.8529163580255048E-004  0.13094704895495138       -4.2122575963291442E-002
 lab momentum   0.13447916269387872       -9.8529163580255048E-004  0.13094704895495138       -3.0603018956120831E-002
 c_ph_up   -0.30621515234949609     
 c_ph_up lab  -0.22756699508743916     
 c_ph_lep -0.99995205742404170     
 c_ph_lep lab  -0.98551005108662482     
 isvec for ranlux 
    13798336     8607402     7564242     6135960     8172408    11356951    12904116    12031075     5356482     9565784     5190119    11828940     9261313    15821424    16481898     3060787     3760646      711049     8167466     5757978    13465270     5714415     5077099     6269482     4100721
  
