 ====== DUMPING at point            1
 propag    0.0000000000000000        0.0000000000000000        0.0000000000000000        0.0000000000000000     
 test props.    0.0000000000000000        0.0000000000000000     
 Var           3.7186379207911795     
 Var before    0.0000000000000000     
 iev, nphot and rad. pattern    0.0000000000000000                0               0           0           0           0
 partons...            1          -1
 x1 & x2   0.96613113384563354       0.83778341730925665     
 sv & ME    1.0000000000000000        27917.380717709937     
 plepton   =    44.983570414154030        3.9809026471218902       -5.0716397177319292        44.518999631633093     
 pneutrino =    44.983570414154045       -3.9809026471218902        5.0716397177319292       -44.518999631633093     
 pleptonlab   =    48.273418705147094        3.9809026471218902       -5.0716397177319292        47.840805537518264     
 pneutrinolab =    41.922308852597425       -3.9809026471218902        5.0716397177319292       -41.423419710699420     
 sqrt(s) =    89.967140828308075     
 sqrt_fs_cm =    89.967140828308075     
 phind channel           0
 bbb pw(0) qmod c1q   0.0000000000000000        0.0000000000000000        0.0000000000000000        0.0000000000000000     
 reduced to Born momenta
   45.444035983348869        0.0000000000000000        0.0000000000000000        45.443982317027491     
   45.444035983348869        0.0000000000000000        0.0000000000000000       -45.443982317027491     
   45.444035983348876       -34.152092317165511        8.0006185590294869        28.892454651641430     
   45.444035983348861        34.152092317165511       -8.0006185590294869       -28.892454651641430     
 isvec for ranlux 
     9644655    14614328     8305202     1457455     1056974    16450356    10467055     4514011      135838    16753179    11474510      425858    13826447     7299317     7668616    13721940      957152    13197359    14184585     9294164    15939178     5902395     5267822    14659295     4102414
  
 ====== DUMPING at point            1
 propag    0.0000000000000000        0.0000000000000000        0.0000000000000000        0.0000000000000000     
 test props.    0.0000000000000000        0.0000000000000000     
 Var           2.4872383620683443     
 Var before    2.2094452304394356     
 iev, nphot and rad. pattern    0.0000000000000000                0               0           0           0           0
 partons...            1          -1
 x1 & x2   0.99427728318130171       0.99976866665782238     
 sv & ME    1.0000000000000000        449.53874018481088     
 plepton   =    49.850959712284677        42.946285615871474        24.649366648503285        5.7560660326308799     
 pneutrino =    49.850959712284663       -42.946285615871474       -24.649366648503285       -5.7560660326308799     
 pleptonlab   =    49.835297112386790        42.946285615871474        24.649366648503285        5.6188032725879555     
 pneutrinolab =    49.867000379569383       -42.946285615871474       -24.649366648503285       -5.8933724464139932     
 sqrt(s) =    99.701919424569340     
 sqrt_fs_cm =    99.701919424569340     
 phind channel           0
 bbb pw(0) qmod c1q   0.0000000000000000        0.0000000000000000        0.0000000000000000        0.0000000000000000     
 reduced to Born momenta
   49.850959712284670        0.0000000000000000        0.0000000000000000        49.850910790177437     
   49.850959712284670        0.0000000000000000        0.0000000000000000       -49.850910790177437     
   49.850959712284677        42.946285615871474        24.649366648503285        5.7560660326308799     
   49.850959712284663       -42.946285615871474       -24.649366648503285       -5.7560660326308799     
 isvec for ranlux 
    13828964    12538209    14722825      978898    10903123    16188213     3834576      755982    12350293    13898296    16631971     2580472     9212313    13500588    11285027    12295266    14794390     9041223     4836823     6203403     5099258      436050     2993088    13331992     4071707
  
 ====== DUMPING at point            1
 propag    0.0000000000000000        0.0000000000000000        0.0000000000000000        0.0000000000000000     
 test props.    0.0000000000000000        0.0000000000000000     
 Var           2.3366465131315044     
 Var before    1.6999941542094112     
 iev, nphot and rad. pattern    0.0000000000000000                0               0           0           0           0
 partons...            1          -1
 x1 & x2   0.82230788904953844       0.99233982948819865     
 sv & ME    1.0000000000000000        11872.687271331975     
 plepton   =    45.166604654496105       -23.095563547567519        38.195405320765055       -6.9077470369740741     
 pneutrino =    45.166604654496105        23.095563547567519       -38.195405320765055        6.9077470369740741     
 pleptonlab   =    46.016306936887304       -23.095563547567519        38.195405320765055       -11.189070435969960     
 pneutrinolab =    44.716078989999566        23.095563547567519       -38.195405320765055        2.6874734140369414     
 sqrt(s) =    90.333209308992210     
 sqrt_fs_cm =    90.333209308992210     
 phind channel           0
 bbb pw(0) qmod c1q   0.0000000000000000        0.0000000000000000        0.0000000000000000        0.0000000000000000     
 reduced to Born momenta
   45.166604654496105        0.0000000000000000        0.0000000000000000        45.166550658534348     
   45.166604654496105        0.0000000000000000        0.0000000000000000       -45.166550658534348     
   45.166604654496105       -23.095563547567519        38.195405320765055       -6.9077470369740741     
   45.166604654496105        23.095563547567519       -38.195405320765055        6.9077470369740741     
 isvec for ranlux 
    15326067    15249886     2032167    12287672     2672740     1104457     9630857    11203193     9414693    13903049     1041894    12159642    14667289     9413416    16351989    16702048    13674632     3503371    11931980     1731313     7232330     5707229     4337415    14161190    -4121101
  
 ====== DUMPING at point            1
 propag    0.0000000000000000        0.0000000000000000        0.0000000000000000        0.0000000000000000     
 test props.    0.0000000000000000        0.0000000000000000     
 Var           9.5319642316951310     
 Var before    2.0017512173634757     
 iev, nphot and rad. pattern    0.0000000000000000                0               0           0           0           0
 partons...            1          -1
 x1 & x2   0.99889675342162143       0.77032687148527290     
 sv & ME    1.0000000000000000        2481.4374632996214     
 plepton   =    43.859919374073002        39.915460017670405        4.2272783645057768        17.679579548605020     
 pneutrino =    43.859919374073002       -39.915460017670405       -4.2272783645057768       -17.679579548605020     
 pleptonlab   =    46.533957493712307        39.915460017670405        4.2272783645057768        23.543241185994191     
 pneutrinolab =    41.927223751632404       -39.915460017670405       -4.2272783645057768       -12.114747089176760     
 sqrt(s) =    87.719838748146003     
 sqrt_fs_cm =    87.719838748146003     
 phind channel           0
 bbb pw(0) qmod c1q   0.0000000000000000        0.0000000000000000        0.0000000000000000        0.0000000000000000     
 reduced to Born momenta
   43.859919374073002        0.0000000000000000        0.0000000000000000        43.859863769448538     
   43.859919374073002        0.0000000000000000        0.0000000000000000       -43.859863769448538     
   43.859919374073002        39.915460017670405        4.2272783645057768        17.679579548605020     
   43.859919374073002       -39.915460017670405       -4.2272783645057768       -17.679579548605020     
 isvec for ranlux 
     4925990     5576093    15184408    11784099    11845403    13164298      418628     8394559    12727338     1012832     9828754     3599171     1962348     6110377     3755204    14196229     8714040    12307127     8788506     3545955     7555912     3534851     9276842     7912478    -4100317
  
 ====== DUMPING at point            1
 propag    0.0000000000000000        0.0000000000000000        0.0000000000000000        0.0000000000000000     
 test props.    0.0000000000000000        0.0000000000000000     
 Var           6.5824307589847573     
 Var before    2.5925500828049342     
 iev, nphot and rad. pattern    0.0000000000000000                0               0           0           0           0
 partons...            1          -1
 x1 & x2   0.82380762918840378       0.99938194710498773     
 sv & ME    1.0000000000000000        28543.543647069127     
 plepton   =    45.367898135638008       -11.969354891544778       -29.151189499837034        32.637060403458563     
 pneutrino =    45.367898135638008        11.969354891544778        29.151189499837034       -32.637060403458563     
 pleptonlab   =    42.422093883396407       -11.969354891544778       -29.151189499837034        28.400098239003949     
 pneutrinolab =    48.737384931273169        11.969354891544778        29.151189499837034       -37.178814134833146     
 sqrt(s) =    90.735796271276016     
 sqrt_fs_cm =    90.735796271276016     
 phind channel           0
 bbb pw(0) qmod c1q   0.0000000000000000        0.0000000000000000        0.0000000000000000        0.0000000000000000     
 reduced to Born momenta
   45.367898135638008        0.0000000000000000        0.0000000000000000        45.367844379251991     
   45.367898135638008        0.0000000000000000        0.0000000000000000       -45.367844379251991     
   45.367898135638008       -11.969354891544778       -29.151189499837034        32.637060403458563     
   45.367898135638008        11.969354891544778        29.151189499837034       -32.637060403458563     
 isvec for ranlux 
     6421334     2423437     5715606     3926529     7706024    16732713    16568292    10697716    10804217    12296899    13403552     1093186    11046168     8745017     6064867     7111243    12495416     9149192     9988395     7047572    10817188      356677    10759454     5582999    -4161404
  
 ====== DUMPING at point            1
 propag    0.0000000000000000        0.0000000000000000        0.0000000000000000        0.0000000000000000     
 test props.    0.0000000000000000        0.0000000000000000     
 Var           2.0951690612089480     
 Var before    1.8172129990824000     
 iev, nphot and rad. pattern    0.0000000000000000                0               0           0           0           0
 partons...            1          -1
 x1 & x2   0.84675514949719610       0.99911413136785165     
 sv & ME    1.0000000000000000        24380.075257506040     
 plepton   =    45.989266021299656        26.838374691934614        3.7127440318307792        37.160713140840393     
 pneutrino =    45.989266021299642       -26.838374691934614       -3.7127440318307792       -37.160713140840393     
 pleptonlab   =    43.068965778790471        26.838374691934614        3.7127440318307792        33.478975868634116     
 pneutrinolab =    49.224498264461921       -26.838374691934614       -3.7127440318307792       -41.096924962166895     
 sqrt(s) =    91.978532042599298     
 sqrt_fs_cm =    91.978532042599298     
 phind channel           0
 bbb pw(0) qmod c1q   0.0000000000000000        0.0000000000000000        0.0000000000000000        0.0000000000000000     
 reduced to Born momenta
   45.989266021299656        0.0000000000000000        0.0000000000000000        45.989212991225095     
   45.989266021299642        0.0000000000000000        0.0000000000000000       -45.989212991225081     
   45.989266021299656        26.838374691934614        3.7127440318307792        37.160713140840393     
   45.989266021299642       -26.838374691934614       -3.7127440318307792       -37.160713140840393     
 isvec for ranlux 
    10671788    15112082    16580349    15196529    12173453     4126535    14349879    14774021     1833402    14749546    12999650    11317858    16659325    10501234     7001243    11690730    15931723    11335180     5068908     1086744     3192185    13920432    14783369     9387395    -4011707
  
 ====== DUMPING at point            1
 propag    0.0000000000000000        0.0000000000000000        0.0000000000000000        0.0000000000000000     
 test props.    0.0000000000000000        0.0000000000000000     
 Var          0.82720714475452395     
 Var before   0.72293310978072289     
 iev, nphot and rad. pattern    0.0000000000000000                0               0           0           0           0
 partons...            1          -1
 x1 & x2   0.99951086022823421       0.82627156626874776     
 sv & ME    1.0000000000000000        18501.827560218429     
 plepton   =    45.438623548238304        42.812179205847862       -12.811972085024728        8.2236262807817138     
 pneutrino =    45.438623548238304       -42.812179205847862        12.811972085024728       -8.2236262807817138     
 pleptonlab   =    46.428395591511297        42.812179205847862       -12.811972085024728        12.591879782197434     
 pneutrinolab =    44.860725733337816       -42.812179205847862        12.811972085024728       -3.9299150842231150     
 sqrt(s) =    90.877247096476609     
 sqrt_fs_cm =    90.877247096476609     
 phind channel           0
 bbb pw(0) qmod c1q   0.0000000000000000        0.0000000000000000        0.0000000000000000        0.0000000000000000     
 reduced to Born momenta
   45.438623548238304        0.0000000000000000        0.0000000000000000        45.438569875524429     
   45.438623548238304        0.0000000000000000        0.0000000000000000       -45.438569875524429     
   45.438623548238304        42.812179205847862       -12.811972085024728        8.2236262807817138     
   45.438623548238304       -42.812179205847862        12.811972085024728       -8.2236262807817138     
 isvec for ranlux 
    16299211     3254293    16131975     5266621    16545363    14473301     5355798     5599353    11050532    14547556    11682091     8225026    12673044    12120042     6959192    14507471     7976243    13182463     2472364    15582834    14772810    14376851    13178594     7905684     4032111
  
 ====== DUMPING at point            1
 propag    0.0000000000000000        0.0000000000000000        0.0000000000000000        0.0000000000000000     
 test props.    0.0000000000000000        0.0000000000000000     
 Var          0.76787883273036717     
 Var before   0.57913771487808385     
 iev, nphot and rad. pattern    0.0000000000000000                0               0           0           0           0
 partons...            1          -1
 x1 & x2   0.99986862840714641       0.86040043010367084     
 sv & ME    1.0000000000000000        7636.4979454233835     
 plepton   =    46.375839559211116       -26.228265578857815       -18.557477785394038       -33.442569191073396     
 pneutrino =    46.375839559211101        26.228265578857815        18.557477785394038        33.442569191073396     
 pleptonlab   =    43.992391996780192       -26.228265578857815       -18.557477785394038       -30.050249464462198     
 pneutrinolab =    49.021060928760654        26.228265578857815        18.557477785394038        37.023659379635973     
 sqrt(s) =    92.751679118422217     
 sqrt_fs_cm =    92.751679118422217     
 phind channel           0
 bbb pw(0) qmod c1q   0.0000000000000000        0.0000000000000000        0.0000000000000000        0.0000000000000000     
 reduced to Born momenta
   46.375839559211109        0.0000000000000000        0.0000000000000000        46.375786971178073     
   46.375839559211109        0.0000000000000000        0.0000000000000000       -46.375786971178073     
   46.375839559211116       -26.228265578857815       -18.557477785394038       -33.442569191073396     
   46.375839559211101        26.228265578857815        18.557477785394038        33.442569191073396     
 isvec for ranlux 
     1948374     8671651     4823179    12041177      945790    14706172    15752365     3472617     5950536     1314392     5216746    14238364     5005588     6648891    15103801      817999     4819676    14947327    12782556      118696     8196223    16643681    15944295     5417153    -4030721
  
 ====== DUMPING at point            1
 propag    0.0000000000000000        0.0000000000000000        0.0000000000000000        0.0000000000000000     
 test props.    0.0000000000000000        0.0000000000000000     
 Var          0.72548759824276809     
 Var before   0.63124726645739537     
 iev, nphot and rad. pattern    0.0000000000000000                0               0           0           0           0
 partons...            1          -1
 x1 & x2   0.81819874016299388       0.99981997308210990     
 sv & ME    1.0000000000000000        15272.650756770608     
 plepton   =    45.223098145902739       -30.542718687590867       -18.050142134998794       -28.043754140619484     
 pneutrino =    45.223098145902739        30.542718687590867        18.050142134998794        28.043754140619484     
 pleptonlab   =    48.266142459537214       -30.542718687590867       -18.050142134998794       -32.725281485571706     
 pneutrinolab =    42.634793202717965        30.542718687590867        18.050142134998794        23.644219839615907     
 sqrt(s) =    90.446196291805478     
 sqrt_fs_cm =    90.446196291805478     
 phind channel           0
 bbb pw(0) qmod c1q   0.0000000000000000        0.0000000000000000        0.0000000000000000        0.0000000000000000     
 reduced to Born momenta
   45.223098145902739        0.0000000000000000        0.0000000000000000        45.223044217393770     
   45.223098145902739        0.0000000000000000        0.0000000000000000       -45.223044217393770     
   45.223098145902739       -30.542718687590867       -18.050142134998794       -28.043754140619484     
   45.223098145902739        30.542718687590867        18.050142134998794        28.043754140619484     
 isvec for ranlux 
    12039140    13414567       24956      680525     5161984    15245004     2427930     4072528    10460989    10949186    15097278     6403010    13177578     2354914     6551446    11760129     9565449    15230204    12264909     7341336     7576794     6409704     4349288     8230537    -4080317
  
 ====== DUMPING at point            1
 propag    0.0000000000000000        0.0000000000000000        0.0000000000000000        0.0000000000000000     
 test props.    0.0000000000000000        0.0000000000000000     
 Var          0.55386495626464116     
 Var before   0.49587558158413231     
 iev, nphot and rad. pattern    0.0000000000000000                0               0           0           0           0
 partons...            1          -1
 x1 & x2   0.99988252204399108       0.82488397965653726     
 sv & ME    1.0000000000000000        28040.255171410292     
 plepton   =    45.408894337251354       -31.163330213517806        13.310222596698040        30.226500718240395     
 pneutrino =    45.408894337251326        31.163330213517806       -13.310222596698040       -30.226500718240395     
 pleptonlab   =    48.531363799760115       -31.163330213517806        13.310222596698040        34.741429633836255     
 pneutrinolab =    42.706961285266296        31.163330213517806       -13.310222596698040       -25.991502514463569     
 sqrt(s) =    90.817788674502680     
 sqrt_fs_cm =    90.817788674502680     
 phind channel           0
 bbb pw(0) qmod c1q   0.0000000000000000        0.0000000000000000        0.0000000000000000        0.0000000000000000     
 reduced to Born momenta
   45.408894337251347        0.0000000000000000        0.0000000000000000        45.408840629397901     
   45.408894337251333        0.0000000000000000        0.0000000000000000       -45.408840629397886     
   45.408894337251354       -31.163330213517806        13.310222596698040        30.226500718240395     
   45.408894337251326        31.163330213517806       -13.310222596698040       -30.226500718240395     
 isvec for ranlux 
     1557697     2758898    12299107    12897799     9719336    12650748     3944842    11864134     1592213     5193147     1439382    14514151    13647109    11293445     6602871     1680709     7646021     3836307     1590689    12608638     8765967     5583163     6364299      289554    -4082414
  
