 ====== DUMPING at point            1
 propag    0.0000000000000000        0.0000000000000000        0.0000000000000000        0.0000000000000000     
 test props.    0.0000000000000000        0.0000000000000000     
 Var           1.9276724921791912     
 Var before    0.0000000000000000     
 iev, nphot and rad. pattern    0.0000000000000000                0               0           1           0           0
 partons...            1          -1
 x1 & x2   0.94693539778351188       0.97588642440755047     
 sv & ME   0.57928317607678437        1117.2859583590925     
 plepton   =    48.065096470513126       -21.088354795801298        38.359754645008636       -19.850764484256235     
 pneutrino =    48.065096470513112        21.088354795801298       -38.359754645008636        19.850764484256235     
 pleptonlab   =    48.369463092289365       -21.088354795801298        38.359754645008636       -20.576790608013148     
 pneutrinolab =    47.771628017263772        21.088354795801298       -38.359754645008636        19.129239276811219     
 sqrt(s) =    96.130192941026237     
 sqrt_fs_cm =    96.130192941026237     
 phind channel           0
 bbb pw(0) qmod c1q   0.0000000000000000        0.0000000000000000        0.0000000000000000        0.0000000000000000     
 reduced to Born momenta
   48.065096470513119        0.0000000000000000        0.0000000000000000        48.065045730698444     
   48.065096470513119        0.0000000000000000        0.0000000000000000       -48.065045730698444     
   48.065096470513126       -21.088354795801298        38.359754645008636       -19.850764484256235     
   48.065096470513112        21.088354795801298       -38.359754645008636        19.850764484256235     
 isvec for ranlux 
     9644655    14614328     8305202     5902523     6611641    14048799     7267313     8683348    14048746     9318201     4464668     5476536     8218591     7359978     7668616    13721940      957152    13197359    14184585     9294164    15939178     5902395     5267822    14659295     4211303
  
 ====== DUMPING at point            1
 propag    0.0000000000000000        0.0000000000000000        0.0000000000000000        0.0000000000000000     
 test props.    0.0000000000000000        0.0000000000000000     
 Var           2.8539562286962541     
 Var before    1.9276724921791912     
 iev, nphot and rad. pattern    0.0000000000000000                0               0           1           0           0
 partons...            1          -1
 x1 & x2   0.94713194044171045       0.89907430383629661     
 sv & ME   0.56244279316485257        18383.250626630317     
 plepton   =    46.139516414721761       -23.414809907120869       -29.863181602662777        26.244635125539261     
 pneutrino =    46.139516414721761        23.414809907120869        29.863181602662777       -26.244635125539261     
 pleptonlab   =    46.838548151184099       -23.414809907120869       -29.863181602662777        27.454972059703529     
 pneutrinolab =    45.471764062716261        23.414809907120869        29.863181602662777       -25.052090229432835     
 sqrt(s) =    92.279032829443523     
 sqrt_fs_cm =    92.279032829443523     
 phind channel           0
 bbb pw(0) qmod c1q   0.0000000000000000        0.0000000000000000        0.0000000000000000        0.0000000000000000     
 reduced to Born momenta
   46.139516414721761        0.0000000000000000        0.0000000000000000        46.139463557336455     
   46.139516414721761        0.0000000000000000        0.0000000000000000       -46.139463557336455     
   46.139516414721761       -23.414809907120869       -29.863181602662777        26.244635125539261     
   46.139516414721761        23.414809907120869        29.863181602662777       -26.244635125539261     
 isvec for ranlux 
      778671     5844720     9587749    10340955     5767304     1229801     7106317     9230034     7070010     1656684    15462261     7797679    14988199    15435044     9850695     6896914     2215452    12845121     6405628     3024976     4819489    10459877     1149857     7981361    -4092010
  
 ====== DUMPING at point            1
 propag    0.0000000000000000        0.0000000000000000        0.0000000000000000        0.0000000000000000     
 test props.    0.0000000000000000        0.0000000000000000     
 Var           2.1800440020894309     
 Var before    1.7025202808536686     
 iev, nphot and rad. pattern    0.0000000000000000                1               0           0           1           0
 partons...            1          -1
 x1 & x2   0.86162213987822611       0.95881440568901921     
 sv & ME   0.58208415702653526        4407789018.2699432     
 plepton   =    45.439552118982093        27.907283267128136        14.829818233523966       -32.649682462332350     
 pneutrino =    45.445942796927369       -27.910932680623084       -14.833094036719181        32.653969302455366     
 pleptonlab   =    47.250093476047844        27.907283267128136        14.829818233523966       -35.125776882692591     
 pneutrinolab =    43.764981767540142       -27.910932680623084       -14.833094036719181        30.270804806235720     
 sqrt(s) =    90.892008448259205     
 sqrt_fs_cm =    90.885494682505310     
 phind channel           0
 bbb pw(0) qmod c1q   0.0000000000000000        0.0000000000000000        0.0000000000000000        0.0000000000000000     
 reduced to Born momenta
   45.446004224129602        0.0000000000000000        0.0000000000000000        45.445950560132474     
   45.446004224129602        0.0000000000000000        0.0000000000000000       -45.445950560132474     
   45.446004224129602        27.911108167021435        14.832519054123319       -32.654165976886247     
   45.446004224129602       -27.911108167021435       -14.832519054123319        32.654165976886247     
 >> Photon n.           1
 cm momentum     6.5135323497436714E-003   3.6494134949475706E-003   3.2758031952150337E-003  -4.2868401230126193E-003
 lab momentum    6.7520347742778732E-003   3.6494134949475706E-003   3.2758031952150337E-003  -4.6412140827773911E-003
 c_ph_up   -0.65814367578619926     
 c_ph_up lab  -0.68738006214930469     
 c_ph_lep  0.98113856417381162     
 c_ph_lep lab   0.98250201139142246     
 isvec for ranlux 
    13077225     6767474    12978143    11216133     7787453     7756591     1456377     6700084     7382700    12480500    14719702    13291644     7895789     6891298      102469     9060833    10785562     3405521     1113041     5184210    10069583      203884    13164889     3691341     4042414
  
 ====== DUMPING at point            1
 propag    0.0000000000000000        0.0000000000000000        0.0000000000000000        0.0000000000000000     
 test props.    0.0000000000000000        0.0000000000000000     
 Var           2.0672099894866651     
 Var before    1.7183348374967713     
 iev, nphot and rad. pattern    0.0000000000000000                0               0           1           0           0
 partons...            1          -1
 x1 & x2   0.98534511490672649       0.87862034923524057     
 sv & ME   0.56152611535349906        9210.2551827895441     
 plepton   =    46.522689866789385        22.529326554058077        34.882244483040559        20.976367025679163     
 pneutrino =    46.522689866789371       -22.529326554058077       -34.882244483040559       -20.976367025679163     
 pleptonlab   =    47.802150585471175        22.529326554058077        34.882244483040559        23.678954828087207     
 pneutrinolab =    45.396122621627221       -22.529326554058077       -34.882244483040559       -18.342716544512911     
 sqrt(s) =    93.045379733578756     
 sqrt_fs_cm =    93.045379733578756     
 phind channel           0
 bbb pw(0) qmod c1q   0.0000000000000000        0.0000000000000000        0.0000000000000000        0.0000000000000000     
 reduced to Born momenta
   46.522689866789378        0.0000000000000000        0.0000000000000000        46.522637444752277     
   46.522689866789378        0.0000000000000000        0.0000000000000000       -46.522637444752277     
   46.522689866789385        22.529326554058077        34.882244483040559        20.976367025679163     
   46.522689866789371       -22.529326554058077       -34.882244483040559       -20.976367025679163     
 isvec for ranlux 
     2097233     6471148     4378437     8640871    15711293     8225040    11065883    15787977     7243899     4917269    11956633    15358016     1047827     9592925      229606     7295905     6628324     2019165    14002484    11234980     6728922     2987987     4664818    12003099    -4080923
  
 ====== DUMPING at point            1
 propag    0.0000000000000000        0.0000000000000000        0.0000000000000000        0.0000000000000000     
 test props.    0.0000000000000000        0.0000000000000000     
 Var           2.3175897453036622     
 Var before    1.8423750771906555     
 iev, nphot and rad. pattern    0.0000000000000000                2               0           0           1           1
 partons...            1          -1
 x1 & x2   0.90083927213982318       0.95619444572492218     
 sv & ME   0.57098898656634356        28791737572.080387     
 plepton   =    46.334174099786985       -29.654749248880528        4.9340898138632872        35.257554233279613     
 pneutrino =    46.210745208679022        29.540698851577183       -5.0256827199428411       -35.178280708540534     
 pleptonlab   =    45.303334774758923       -29.654749248880528        4.9340898138632872        33.891467697890612     
 pneutrinolab =    47.280362806215813        29.540698851577183       -5.0256827199428411       -36.571999780635721     
 sqrt(s) =    92.810425519495425     
 sqrt_fs_cm =    92.544769753699157     
 phind channel           0
 bbb pw(0) qmod c1q   0.0000000000000000        0.0000000000000000        0.0000000000000000        0.0000000000000000     
 reduced to Born momenta
   46.405212759747712        0.0000000000000000        0.0000000000000000        46.405160205001472     
   46.405212759747712        0.0000000000000000        0.0000000000000000       -46.405160205001472     
   46.405212759747705       -29.682648542761772        4.9942120554346614        35.318986806223890     
   46.405212759747720        29.682648542761772       -4.9942120554346614       -35.318986806223890     
 >> Photon n.           1
 cm momentum     5.4734430766688873E-002  -3.4662523079979905E-002   4.5620136629077133E-003   4.2113601560811210E-002
 lab momentum    5.3502867367158626E-002  -3.4662523079979905E-002   4.5620136629077133E-003   4.0500053599681451E-002
 c_ph_up    0.76941700079653264     
 c_ph_up lab   0.75696977737199522     
 c_ph_lep  0.99967365064801739     
 c_ph_lep lab   0.99965854104749552     
 >> Photon n.           2
 cm momentum    0.21077178026272891       0.14871292038332409        8.7030892416646036E-002 -0.12138712629988967     
 lab momentum   0.21448544489539256       0.14871292038332409        8.7030892416646036E-002 -0.12772665010952006     
 c_ph_up   -0.57591735548553757     
 c_ph_up lab  -0.59550264667989039     
 c_ph_lep -0.84584421647961949     
 c_ph_lep lab  -0.85515826056013877     
 isvec for ranlux 
     7705512     6767400    12346605     2442596     4398068    14780140    11606138    14688674    13412440     5267269    10109083     1735670     8876049    16397594    14292833    16049731     7015236     2292865    16408353     4672107     7144624     1147718    13770713    15989233    -4151606
  
 ====== DUMPING at point            1
 propag    0.0000000000000000        0.0000000000000000        0.0000000000000000        0.0000000000000000     
 test props.    0.0000000000000000        0.0000000000000000     
 Var           1.9587478108759726     
 Var before    1.4324945561864448     
 iev, nphot and rad. pattern    0.0000000000000000                2               1           0           1           0
 partons...            1          -1
 x1 & x2   0.99175846271384782       0.84397564036638695     
 sv & ME   0.58068191807478065        30691453.508222908     
 plepton   =    45.177820187975541        4.3731121998882108       -29.268578479801178       -34.135765359875712     
 pneutrino =    45.334560563106173       -5.1103275233223000        29.504570766419459        34.037862363141940     
 pleptonlab   =    42.567936555711761        4.3731121998882108       -29.268578479801178       -30.598108803952933     
 pneutrinolab =    48.231266489511725       -5.1103275233223000        29.504570766419459        37.810167415452554     
 sqrt(s) =    91.488796235260580     
 sqrt_fs_cm =    90.509017812810058     
 phind channel           0
 bbb pw(0) qmod c1q   0.0000000000000000        0.0000000000000000        0.0000000000000000        0.0000000000000000     
 reduced to Born momenta
   45.359618588519297        0.0000000000000000        0.0000000000000000        45.359564822321055     
   45.359618588519311        0.0000000000000000        0.0000000000000000       -45.359564822321069     
   45.359618588519304        4.7524132971930353       -29.454726859573853       -34.166027985193693     
   45.359618588519304       -4.7524132971930353        29.454726859573853        34.166027985193693     
 >> Photon n.           1
 cm momentum    0.76632248080233190       0.71868477757471161       -9.1841965954250787E-002  0.24961447945799523     
 lab momentum   0.78897805176421554       0.71868477757471161       -9.1841965954250787E-002  0.31231972390116958     
 c_ph_up    0.32573033639395699     
 c_ph_up lab   0.39585350087090343     
 c_ph_lep  -7.7693678743112851E-002
 c_ph_lep lab  -0.11092490146983811     
 >> Photon n.           2
 cm momentum    0.21009300337652995        1.8530545859377696E-002 -0.14415032066403047      -0.15171148272422008     
 lab momentum   0.19852405702401302        1.8530545859377696E-002 -0.14415032066403047      -0.13523721802774663     
 c_ph_up   -0.72211582625777326     
 c_ph_up lab  -0.68121324969390806     
 c_ph_lep  0.99867046918761682     
 c_ph_lep lab   0.99850673421153258     
 isvec for ranlux 
    10482904     1249819    12058037    14159976    14147930     6205970     8604369     9431829     9704793     2911077    12566670     7519744     8037451     9579103     1801853     7051106     4729559     8526420      295591      567446    12330918     8671797    12046268    10350963     4080418
  
 ====== DUMPING at point            1
 propag    0.0000000000000000        0.0000000000000000        0.0000000000000000        0.0000000000000000     
 test props.    0.0000000000000000        0.0000000000000000     
 Var           2.1340388093692719     
 Var before    1.6864132965589822     
 iev, nphot and rad. pattern    0.0000000000000000                0               0           0           1           0
 partons...            1          -1
 x1 & x2   0.78801170418191668       0.99690016282409055     
 sv & ME   0.56161021667591782        3446.1517824117627     
 plepton   =    44.316165115176709       -10.097712373767406        36.581376573730886        22.885594150287965     
 pneutrino =    44.316165115176709        10.097712373767406       -36.581376573730886       -22.885594150287965     
 pleptonlab   =    41.925961065198663       -10.097712373767406        36.581376573730886        17.821732248483695     
 pneutrinolab =    47.319632285101711        10.097712373767406       -36.581376573730886       -28.266155180592389     
 sqrt(s) =    88.632330230353418     
 sqrt_fs_cm =    88.632330230353418     
 phind channel           0
 bbb pw(0) qmod c1q   0.0000000000000000        0.0000000000000000        0.0000000000000000        0.0000000000000000     
 reduced to Born momenta
   44.316165115176709        0.0000000000000000        0.0000000000000000        44.316110083016142     
   44.316165115176709        0.0000000000000000        0.0000000000000000       -44.316110083016142     
   44.316165115176709       -10.097712373767406        36.581376573730886        22.885594150287965     
   44.316165115176709        10.097712373767406       -36.581376573730886       -22.885594150287965     
 isvec for ranlux 
     1529830    10969541     5398952    14836342    16636312     5190420     1470932    12386847    11625234     6824400      810679     8482292     6601895    16231455    13558496     6713029     1261892      214096    11394427     5414534     6660712     4299797     3825772    15586491    -4101909
  
 ====== DUMPING at point            1
 propag    0.0000000000000000        0.0000000000000000        0.0000000000000000        0.0000000000000000     
 test props.    0.0000000000000000        0.0000000000000000     
 Var           1.8962843778896343     
 Var before    1.4765040162306799     
 iev, nphot and rad. pattern    0.0000000000000000                1               1           0           0           0
 partons...            1          -1
 x1 & x2   0.99906993316453185       0.77321380600730605     
 sv & ME   0.56159750035872669        7339816570.0536356     
 plepton   =    43.940377157347662        23.698410671641494        30.481184892397046        20.976851056157777     
 pneutrino =    43.943980211434010       -23.698553824363277       -30.481231610595508       -20.984167824014985     
 pleptonlab   =    46.996809210730014        23.698410671641494        30.481184892397046        26.794992283858278     
 pneutrinolab =    41.609059171971154       -23.698553824363277       -30.481231610595508       -15.510503138844939     
 sqrt(s) =    87.891675686017763     
 sqrt_fs_cm =    87.884357064075758     
 phind channel           0
 bbb pw(0) qmod c1q   0.0000000000000000        0.0000000000000000        0.0000000000000000        0.0000000000000000     
 reduced to Born momenta
   43.942178532037879        0.0000000000000000        0.0000000000000000        43.942123031504643     
   43.942178532037879        0.0000000000000000        0.0000000000000000       -43.942123031504643     
   43.942178532037879        23.698482246535146        30.481208251017435        20.980509365093766     
   43.942178532037879       -23.698482246535146       -30.481208251017435       -20.980509365093766     
 >> Photon n.           1
 cm momentum     7.3183172360942262E-003   1.4315272178306367E-004   4.6718198461803925E-005   7.3167678572093851E-003
 lab momentum    8.3185758907397978E-003   1.4315272178306367E-004   4.6718198461803925E-005   8.3172128479542945E-003
 c_ph_up    0.99978828754823590     
 c_ph_up lab   0.99983614469550963     
 c_ph_lep  0.49227201710170992     
 c_ph_lep lab   0.58237312139836783     
 isvec for ranlux 
     4582103    14909827     6058609    16033389    16400909    10270577    12793303      310030     7779432    12399011     3122562     7325754    11785470    16087410     4035484     7020979    11753393     9284947      731009     1133262     6407025    14657548    11290772     1908909    -4011606
  
 ====== DUMPING at point            1
 propag    0.0000000000000000        0.0000000000000000        0.0000000000000000        0.0000000000000000     
 test props.    0.0000000000000000        0.0000000000000000     
 Var           1.1775855161154165     
 Var before   0.99388080583328142     
 iev, nphot and rad. pattern    0.0000000000000000                0               0           1           0           0
 partons...            1          -1
 x1 & x2   0.99837318733054514       0.84712007043875615     
 sv & ME   0.57383868977427244        14240.062277547531     
 plepton   =    45.982115131201219       -15.054916046059382       -43.252422983060235       -4.1135334188653507     
 pneutrino =    45.982115131201191        15.054916046059382        43.252422983060235        4.1135334188653507     
 pleptonlab   =    45.799056035812001       -15.054916046059382       -43.252422983060235      -0.34609105814137076     
 pneutrinolab =    46.475606852653080        15.054916046059382        43.252422983060235        7.9087469027308233     
 sqrt(s) =    91.964230262402410     
 sqrt_fs_cm =    91.964230262402410     
 phind channel           0
 bbb pw(0) qmod c1q   0.0000000000000000        0.0000000000000000        0.0000000000000000        0.0000000000000000     
 reduced to Born momenta
   45.982115131201205        0.0000000000000000        0.0000000000000000        45.982062092879680     
   45.982115131201205        0.0000000000000000        0.0000000000000000       -45.982062092879680     
   45.982115131201219       -15.054916046059382       -43.252422983060235       -4.1135334188653507     
   45.982115131201191        15.054916046059382        43.252422983060235        4.1135334188653507     
 isvec for ranlux 
    15697820    13958964    15496225    11578598     1704967     5619974     9875627     7164025     7377212     9094670     8478077    13805758     9465217     1972369     1888418    13095976    15555016    16310036     7352882    14970220     9477691      555846    10078497      522600     4061606
  
 ====== DUMPING at point            1
 propag    0.0000000000000000        0.0000000000000000        0.0000000000000000        0.0000000000000000     
 test props.    0.0000000000000000        0.0000000000000000     
 Var           1.3527332505193486     
 Var before   0.91628485888640243     
 iev, nphot and rad. pattern    0.0000000000000000                1               0           0           1           0
 partons...            1          -1
 x1 & x2   0.96472912457459348       0.99985227665595089     
 sv & ME   0.56346827845686454        32168624586.900818     
 plepton   =    49.106043338979589        47.772614220505709        10.746174665705992        3.6999174735592470     
 pneutrino =    49.106682165864335       -47.773217153194189       -10.746376451238815       -3.7000250877207987     
 pleptonlab   =    49.047734704427420        47.772614220505709        10.746174665705992        2.8224415914774688     
 pneutrinolab =    49.180692332526966       -47.773217153194189       -10.746376451238815       -4.5786952963941472     
 sqrt(s) =    98.213370350589713     
 sqrt_fs_cm =    98.212725502726940     
 phind channel           0
 bbb pw(0) qmod c1q   0.0000000000000000        0.0000000000000000        0.0000000000000000        0.0000000000000000     
 reduced to Born momenta
   49.106685175294857        0.0000000000000000        0.0000000000000000        49.106635511709861     
   49.106685175294857        0.0000000000000000        0.0000000000000000       -49.106635511709861     
   49.106685175294857        47.773229356068924        10.746346116667842        3.6999955739525152     
   49.106685175294857       -47.773229356068924       -10.746346116667842       -3.6999955739525152     
 >> Photon n.           1
 cm momentum     6.4484574578833507E-004   6.0293268848001912E-004   2.0178553282399202E-004   1.0761416155185183E-004
 lab momentum    6.4302457280885120E-004   6.0293268848001912E-004   2.0178553282399202E-004   9.6100848805823362E-005
 c_ph_up    0.16688357216390046     
 c_ph_up lab   0.14945128517567680     
 c_ph_lep  0.99066837144949960     
 c_ph_lep lab   0.99063081357855942     
 isvec for ranlux 
     8580474     7453528     6610367     9370130     6454595    13285363    12880910       20013     9703009    16699534     1920148     6241711     6714350     8434631    10339274    15950484     7679134     4788915     9680677     9420690    13578033     7433776    11266006     2295994     4192111
  
 ====== DUMPING at point            1
 propag    0.0000000000000000        0.0000000000000000        0.0000000000000000        0.0000000000000000     
 test props.    0.0000000000000000        0.0000000000000000     
 Var           1.1063698272571316     
 Var before   0.79071866817182257     
 iev, nphot and rad. pattern    0.0000000000000000                0               0           1           0           1
 partons...            1          -1
 x1 & x2   0.99981393885681913       0.85648015011940026     
 sv & ME   0.57459120385235740        13432.229278695660     
 plepton   =    46.268801379643428        17.964436183224137       -19.285604564091390       -38.028085760839843     
 pneutrino =    46.268801379643428       -17.964436183224137        19.285604564091390        38.028085760839843     
 pleptonlab   =    43.462219949522975        17.964436183224137       -19.285604564091390       -34.558615256772214     
 pneutrinolab =    49.352484499288003       -17.964436183224137        19.285604564091390        41.725304693643153     
 sqrt(s) =    92.537602759286855     
 sqrt_fs_cm =    92.537602759286855     
 phind channel           0
 bbb pw(0) qmod c1q   0.0000000000000000        0.0000000000000000        0.0000000000000000        0.0000000000000000     
 reduced to Born momenta
   46.268801379643428        0.0000000000000000        0.0000000000000000        46.268748669953169     
   46.268801379643428        0.0000000000000000        0.0000000000000000       -46.268748669953169     
   46.268801379643428        17.964436183224137       -19.285604564091390       -38.028085760839843     
   46.268801379643428       -17.964436183224137        19.285604564091390        38.028085760839843     
 isvec for ranlux 
    16005597     8434417    14436132    13695452    14164085      961699    13764582       67402     7211444    14390456      970651      358280     3303569    11896123     6216082     9295383     9040778    13778432     3232438     8688432    14560231     5902029      962798     8581584    -4231606
  
 ====== DUMPING at point            1
 propag    0.0000000000000000        0.0000000000000000        0.0000000000000000        0.0000000000000000     
 test props.    0.0000000000000000        0.0000000000000000     
 Var          0.69386665616892029     
 Var before   0.61704267755075792     
 iev, nphot and rad. pattern    0.0000000000000000                0               0           1           0           0
 partons...            1          -1
 x1 & x2   0.82983383739172656       0.99976024015387310     
 sv & ME   0.56113156492241700        21778.871619291756     
 plepton   =    45.542147417490177       -33.964331595250464        17.296172029919397        24.926745477583786     
 pneutrino =    45.542147417490149        33.964331595250464       -17.296172029919397       -24.926745477583786     
 pleptonlab   =    43.414691383108796       -33.964331595250464        17.296172029919397        20.786795727057537     
 pneutrinolab =    48.065012494171171        33.964331595250464       -17.296172029919397       -29.283115865164866     
 sqrt(s) =    91.084294834980327     
 sqrt_fs_cm =    91.084294834980327     
 phind channel           0
 bbb pw(0) qmod c1q   0.0000000000000000        0.0000000000000000        0.0000000000000000        0.0000000000000000     
 reduced to Born momenta
   45.542147417490163        0.0000000000000000        0.0000000000000000        45.542093866782260     
   45.542147417490163        0.0000000000000000        0.0000000000000000       -45.542093866782260     
   45.542147417490177       -33.964331595250464        17.296172029919397        24.926745477583786     
   45.542147417490149        33.964331595250464       -17.296172029919397       -24.926745477583786     
 isvec for ranlux 
     1457327    11843211      842130     1627129    13128769     2257102     8061877     9626046    13167356     9311311       68476    11689171     5193999    15602726    13809534     9598677    15490076    16534941     4561603     1137849      146632    16199119     3483777    15651896    -4100317
  
 ====== DUMPING at point            1
 propag    0.0000000000000000        0.0000000000000000        0.0000000000000000        0.0000000000000000     
 test props.    0.0000000000000000        0.0000000000000000     
 Var          0.71088347780500427     
 Var before   0.63749775093975847     
 iev, nphot and rad. pattern    0.0000000000000000                1               0           0           0           1
 partons...            1          -1
 x1 & x2   0.81425797887352824       0.99956805297726703     
 sv & ME   0.56080129748813079        2994284713.7289486     
 plepton   =    45.108309980097530       -6.4295148549815968       -38.538174447339046        22.543711197696222     
 pneutrino =    45.104036518678065        6.4294178230102439        38.533982870986122       -22.542353407363702     
 pleptonlab   =    43.030283747357757       -6.4295148549815968       -38.538174447339046        18.029548099791306     
 pneutrinolab =    47.656448138480712        6.4294178230102439        38.533982870986122       -27.293234253930748     
 sqrt(s) =    90.216753575143542     
 sqrt_fs_cm =    90.212346391127781     
 phind channel           0
 bbb pw(0) qmod c1q   0.0000000000000000        0.0000000000000000        0.0000000000000000        0.0000000000000000     
 reduced to Born momenta
   45.108376787571771        0.0000000000000000        0.0000000000000000        45.108322721909573     
   45.108376787571771        0.0000000000000000        0.0000000000000000       -45.108322721909573     
   45.108376787571771       -6.4297804411584067       -38.537961240097559        22.544133597308878     
   45.108376787571771        6.4297804411584067        38.537961240097559       -22.544133597308878     
 >> Photon n.           1
 cm momentum     4.4070763679476569E-003   9.7031971352848389E-005   4.1915763529224020E-003  -1.3577903325181749E-003
 lab momentum    4.5697067013204598E-003   9.7031971352848389E-005   4.1915763529224020E-003  -1.8175510474950120E-003
 c_ph_up   -0.30809321626311820     
 c_ph_up lab  -0.39773910368685444     
 c_ph_lep -0.96968730337321873     
 c_ph_lep lab  -0.99132408575497288     
 isvec for ranlux 
    14521119     3284366     3463762    11480123     3336141    13887286     8647963     5115281    11781391     9822864    14374850       23828     6429012     3846061     5815448    12970300     6645149    13960673    15889545     2643589     8059802     5945202    14697481       61957    -4221909
  
 ====== DUMPING at point            1
 propag    0.0000000000000000        0.0000000000000000        0.0000000000000000        0.0000000000000000     
 test props.    0.0000000000000000        0.0000000000000000     
 Var          0.75043819556012981     
 Var before   0.61481052883852572     
 iev, nphot and rad. pattern    0.0000000000000000                2               0           0           1           1
 partons...            1          -1
 x1 & x2   0.99953577590716625       0.87878629281579734     
 sv & ME   0.56872577890751619        235246101.29232460     
 plepton   =    42.338127063843743        17.580378376903074       -28.186311262194224        26.248199807574082     
 pneutrino =    46.718511642298935       -20.671206858590647        30.099524125773200       -29.143232847292431     
 pleptonlab   =    44.116768574121089        17.580378376903074       -28.186311262194224        29.029988964632977     
 pneutrinolab =    44.937967855899828       -20.671206858590647        30.099524125773200       -26.194076539129405     
 sqrt(s) =    93.721840520031421     
 sqrt_fs_cm =    88.935314005015996     
 phind channel           0
 bbb pw(0) qmod c1q   0.0000000000000000        0.0000000000000000        0.0000000000000000        0.0000000000000000     
 reduced to Born momenta
   46.860920260015710        0.0000000000000000        0.0000000000000000        46.860868216348180     
   46.860920260015710        0.0000000000000000        0.0000000000000000       -46.860868216348180     
   46.860920260015710        20.115074834194463       -30.686598152387226        29.148775997848428     
   46.860920260015710       -20.115074834194463        30.686598152387226       -29.148775997848428     
 >> Photon n.           1
 cm momentum     4.6559814622768858        3.0953541902158395       -1.9184736063785930        2.9011040718678078     
 lab momentum    4.8525186332037178        3.0953541902158395       -1.9184736063785930        3.2070513784988295     
 c_ph_up    0.62309184333588363     
 c_ph_up lab   0.66090449535924356     
 c_ph_lep  0.93666975529181529     
 c_ph_lep lab   0.94168463022337734     
 >> Photon n.           2
 cm momentum     9.2203516118568984E-003  -4.5257085282654989E-003   5.2607427996168568E-003  -6.0710321494566698E-003
 lab momentum    8.8483729235520493E-003  -4.5257085282654989E-003   5.2607427996168568E-003  -5.4896494339541774E-003
 c_ph_up   -0.65843824672039997     
 c_ph_up lab  -0.62041343435493879     
 c_ph_lep -0.99187200485707594     
 c_ph_lep lab  -0.99192685703763905     
 isvec for ranlux 
     9694957     1252334     7167226    16399770     5334141    13250981    11984409     2603513     3627080     4384046     3205779    13795264     8270940     7640603    12795748       19997    12743485    14635427     5286932    15315727    15130947     8180743    14720784    11532738    -4080923
  
 ====== DUMPING at point            1
 propag    0.0000000000000000        0.0000000000000000        0.0000000000000000        0.0000000000000000     
 test props.    0.0000000000000000        0.0000000000000000     
 Var          0.53322079372141418     
 Var before   0.46969353464121155     
 iev, nphot and rad. pattern    0.0000000000000000                3               0           0           1           2
 partons...            1          -1
 x1 & x2   0.99986339209089758       0.81546388576201767     
 sv & ME   0.56381618489641949        9686823256514.9004     
 plepton   =    45.088589925125525        36.457850963387841       -6.1260359312804020        25.812139869540555     
 pneutrino =    42.053030208790211       -33.931209009837538        5.7845701441445909       -24.159014661780919     
 pleptonlab   =    47.958634850300150        36.457850963387841       -6.1260359312804020        30.550225529658832     
 pneutrinolab =    39.804869133631925       -33.931209009837538        5.7845701441445909       -19.990704000416958     
 sqrt(s) =    90.296870762260369     
 sqrt_fs_cm =    87.088625079087763     
 phind channel           0
 bbb pw(0) qmod c1q   0.0000000000000000        0.0000000000000000        0.0000000000000000        0.0000000000000000     
 reduced to Born momenta
   45.148435381130184        0.0000000000000000        0.0000000000000000        45.148381363438581     
   45.148435381130184        0.0000000000000000        0.0000000000000000       -45.148381363438581     
   45.148435381130184        36.468242558556021       -6.1716066735105386        25.891091314010374     
   45.148435381130184       -36.468242558556021        6.1716066735105386       -25.891091314010374     
 >> Photon n.           1
 cm momentum     1.3766788235033085E-002   1.0282141334799483E-002  -1.2355220840093940E-003   9.0705850450441342E-003
 lab momentum    1.4764541335049553E-002   1.0282141334799483E-002  -1.2355220840093940E-003   1.0523437441516898E-002
 c_ph_up    0.65887445133802014     
 c_ph_up lab   0.71275071827225023     
 c_ph_lep  0.99330051625919669     
 c_ph_lep lab   0.99412710500235635     
 >> Photon n.           2
 cm momentum     3.0938971858570636       -2.5586616057848008       0.35419004740880516       -1.7029386348467028     
 lab momentum    2.9361011450469539       -2.5586616057848008       0.35419004740880516       -1.3958832799863057     
 c_ph_up   -0.55041862497281369     
 c_ph_up lab  -0.47542070624545285     
 c_ph_lep -0.99935839154161255     
 c_ph_lep lab  -0.98073001163704865     
 >> Photon n.           3
 cm momentum     4.7586654252538052E-002   2.1737510899698304E-002  -1.1488738188984597E-002   4.0742842042020853E-002
 lab momentum    5.1994222331687261E-002   2.1737510899698304E-002  -1.1488738188984597E-002   4.5813629746914740E-002
 c_ph_up    0.85618210992103561     
 c_ph_up lab   0.88112924268114623     
 c_ph_lep  0.89230753202211399     
 c_ph_lep lab   0.90733519516505778     
 isvec for ranlux 
     8192674     9675355    12081709     9480863      986779    11942623     6473535     8765465     4090856     8723139     4116667     2833519      419117    11029292     2425882     3624875     8132952    13471903     1621808    10524330     7978715     5812058      446896     1435424     4221707
  
 ====== DUMPING at point            1
 propag    0.0000000000000000        0.0000000000000000        0.0000000000000000        0.0000000000000000     
 test props.    0.0000000000000000        0.0000000000000000     
 Var          0.33380262641973513     
 Var before   0.28439483847625419     
 iev, nphot and rad. pattern    4.0000000000000000                2               0           0           1           1
 partons...            1          -1
 x1 & x2   0.81643931518311963       0.99980342088110408     
 sv & ME   0.58468248484659213        3883163212881.3379     
 plepton   =    44.631817800760786       -29.752476978479212        16.401780787305356       -28.944078792718322     
 pneutrino =    45.155553443367651        30.105777372880890       -16.557732516743378        29.300111019651037     
 pleptonlab   =    47.798167439928257       -29.752476978479212        16.401780787305356       -33.621798696295194     
 pneutrinolab =    42.414181866341828        30.105777372880890       -16.557732516743378        24.868359865060746     
 sqrt(s) =    90.348149967883046     
 sqrt_fs_cm =    89.785834817490723     
 phind channel           0
 bbb pw(0) qmod c1q   0.0000000000000000        0.0000000000000000        0.0000000000000000        0.0000000000000000     
 reduced to Born momenta
   45.174074983941523        0.0000000000000000        0.0000000000000000        45.174020996908958     
   45.174074983941523        0.0000000000000000        0.0000000000000000       -45.174020996908958     
   45.174074983941523       -30.116051385922034        16.582738608507356       -29.303960758329684     
   45.174074983941523        30.116051385922034       -16.582738608507356        29.303960758329684     
 >> Photon n.           1
 cm momentum    0.54300635352415660      -0.36512447752399463       0.16219265823389814      -0.36774115556387366     
 lab momentum   0.58311203589549954      -0.36512447752399463       0.16219265823389814      -0.42473203780035979     
 c_ph_up   -0.67723177303028370     
 c_ph_up lab  -0.72838839134590716     
 c_ph_lep  0.99720417220922342     
 c_ph_lep lab   0.99756894204861390     
 >> Photon n.           2
 cm momentum     1.7772370230449763E-002   1.1824083122314756E-002  -6.2409287958747270E-003   1.1708928631159634E-002
 lab momentum    1.6675461045564083E-002   1.1824083122314756E-002  -6.2409287958747270E-003   9.9655841355907517E-003
 c_ph_up    0.65882763409342504     
 c_ph_up lab   0.59761970648732032     
 c_ph_lep -0.99981252460999603     
 c_ph_lep lab  -0.99016935363720449     
 isvec for ranlux 
    10876423     5508206     6552395     8586876     3831691     8121497     1468692    10309077    15186285     7188278     4503280     9877336     1366014     5981390     5726979     1082832     5970519     4651962    15890584    14102435     4569516     6677682    13119496    13736282     4202010
  
 ====== DUMPING at point            1
 propag    0.0000000000000000        0.0000000000000000        0.0000000000000000        0.0000000000000000     
 test props.    0.0000000000000000        0.0000000000000000     
 Var          0.32685115306628332     
 Var before   0.28100376744869660     
 iev, nphot and rad. pattern    6.0000000000000000                2               0           0           1           1
 partons...            1          -1
 x1 & x2   0.99985005286215844       0.84397454501042546     
 sv & ME   0.56197646300901438        128253920653.55086     
 plepton   =    44.740417206149125       0.21658685297652425       -42.458203315373382        14.104886722492695     
 pneutrino =    45.791993121093839      -0.16424623864748050        43.469562728116372       -14.396722186327109     
 pleptonlab   =    46.097856767751310       0.21658685297652425       -42.458203315373382        17.951470587508460     
 pneutrinolab =    44.735050030965631      -0.16424623864748050        43.469562728116372       -10.563317517758133     
 sqrt(s) =    91.861199286912750     
 sqrt_fs_cm =    90.526275546499107     
 phind channel           0
 bbb pw(0) qmod c1q   0.0000000000000000        0.0000000000000000        0.0000000000000000        0.0000000000000000     
 reduced to Born momenta
   45.930599643456375        0.0000000000000000        0.0000000000000000        45.930546545647324     
   45.930599643456375        0.0000000000000000        0.0000000000000000       -45.930546545647324     
   45.930599643456375       0.19337872900480110       -43.594462656376400        14.460091641652163     
   45.930599643456375      -0.19337872900480110        43.594462656376400       -14.460091641652163     
 >> Photon n.           1
 cm momentum     1.1912302019136900       -5.1355322693241195E-002  -1.1423064616979448       0.33395803979770478     
 lab momentum    1.2238439322183756       -5.1355322693241195E-002  -1.1423064616979448       0.43622534179243944     
 c_ph_up    0.28034719004035252     
 c_ph_up lab   0.35643870129888583     
 c_ph_lep  0.99819141787823862     
 c_ph_lep lab   0.99829144469771303     
 >> Photon n.           2
 cm momentum    0.13755875775609952       -9.8529163580255048E-004  0.13094704895495138       -4.2122575963291442E-002
 lab momentum   0.13447916269387872       -9.8529163580255048E-004  0.13094704895495138       -3.0603018956120831E-002
 c_ph_up   -0.30621515234949609     
 c_ph_up lab  -0.22756699508743916     
 c_ph_lep -0.99995205742404170     
 c_ph_lep lab  -0.98551005108662482     
 isvec for ranlux 
    13798336     8607402     7564242     6135960     8172408    11356951    12904116    12031075     5356482     9565784     5190119    11828940     9261313    15821424    16481898     3060787     3760646      711049     8167466     5757978    13465270     5714415     5077099     6269482     4100721
  
