 ====== DUMPING at point            1
 propag    0.0000000000000000        0.0000000000000000        0.0000000000000000        0.0000000000000000     
 test props.    0.0000000000000000        0.0000000000000000     
 Var           2.0247245774944806     
 Var before    0.0000000000000000     
 iev, nphot and rad. pattern    0.0000000000000000                0               0           1           0           0
 partons...            1          -1
 x1 & x2   0.94693539778351188       0.97588642440755047     
 sv & ME   0.58001088694198499        1181.6155064998929     
 plepton   =    48.065096470513126       -21.088354795801298        38.359754645008636       -19.850764484256235     
 pneutrino =    48.065096470513112        21.088354795801298       -38.359754645008636        19.850764484256235     
 pleptonlab   =    48.369463092289365       -21.088354795801298        38.359754645008636       -20.576790608013148     
 pneutrinolab =    47.771628017263772        21.088354795801298       -38.359754645008636        19.129239276811219     
 sqrt(s) =    96.130192941026237     
 sqrt_fs_cm =    96.130192941026237     
 phind channel           0
 bbb pw(0) qmod c1q   0.0000000000000000        0.0000000000000000        0.0000000000000000        0.0000000000000000     
 reduced to Born momenta
   48.065096470513119        0.0000000000000000        0.0000000000000000        48.065045730698444     
   48.065096470513119        0.0000000000000000        0.0000000000000000       -48.065045730698444     
   48.065096470513126       -21.088354795801298        38.359754645008636       -19.850764484256235     
   48.065096470513112        21.088354795801298       -38.359754645008636        19.850764484256235     
 isvec for ranlux 
     9644655    14614328     8305202     5902523     6611641    14048799     7267313     8683348    14048746     9318201     4464668     5476536     8218591     7359978     7668616    13721940      957152    13197359    14184585     9294164    15939178     5902395     5267822    14659295     4211303
  
 ====== DUMPING at point            1
 propag    0.0000000000000000        0.0000000000000000        0.0000000000000000        0.0000000000000000     
 test props.    0.0000000000000000        0.0000000000000000     
 Var           2.8070777629411849     
 Var before    2.0247245774944806     
 iev, nphot and rad. pattern    0.0000000000000000                0               0           1           0           0
 partons...            1          -1
 x1 & x2   0.94814929977896234       0.90096856462513608     
 sv & ME   0.56370388842366626        17803.436410210306     
 plepton   =    46.212896297250722       -23.452048810709886       -29.910675993818373        26.286374581936542     
 pneutrino =    46.212896297250708        23.452048810709886        29.910675993818373       -26.286374581936542     
 pleptonlab   =    46.898868894072358       -23.452048810709886       -29.910675993818373        27.474453734784579     
 pneutrinolab =    45.557024326132556        23.452048810709886        29.910675993818373       -25.115416977093272     
 sqrt(s) =    92.425792594501431     
 sqrt_fs_cm =    92.425792594501431     
 phind channel           0
 bbb pw(0) qmod c1q   0.0000000000000000        0.0000000000000000        0.0000000000000000        0.0000000000000000     
 reduced to Born momenta
   46.212896297250715        0.0000000000000000        0.0000000000000000        46.212843523795947     
   46.212896297250715        0.0000000000000000        0.0000000000000000       -46.212843523795947     
   46.212896297250722       -23.452048810709886       -29.910675993818373        26.286374581936542     
   46.212896297250708        23.452048810709886        29.910675993818373       -26.286374581936542     
 isvec for ranlux 
      778671     5844720     9587749    10340955     5767304     1229801     7106317     9230034     7070010     1656684    15462261     7797679    14988199    15435044     9850695     6896914     2215452    12845121     6405628     3024976     4819489    10459877     1149857     7981361    -4092010
  
 ====== DUMPING at point            1
 propag    0.0000000000000000        0.0000000000000000        0.0000000000000000        0.0000000000000000     
 test props.    0.0000000000000000        0.0000000000000000     
 Var           2.1608311935510263     
 Var before    1.6762807813671488     
 iev, nphot and rad. pattern    0.0000000000000000                1               0           0           1           0
 partons...            1          -1
 x1 & x2   0.86162213987822611       0.95881440568901921     
 sv & ME   0.58198614552730688        3998472179.4485116     
 plepton   =    45.439552118982093        27.907283267128136        14.829818233523966       -32.649682462332350     
 pneutrino =    45.445942796927369       -27.910932680623084       -14.833094036719181        32.653969302455366     
 pleptonlab   =    47.250093476047844        27.907283267128136        14.829818233523966       -35.125776882692591     
 pneutrinolab =    43.764981767540142       -27.910932680623084       -14.833094036719181        30.270804806235720     
 sqrt(s) =    90.892008448259205     
 sqrt_fs_cm =    90.885494682505310     
 phind channel           0
 bbb pw(0) qmod c1q   0.0000000000000000        0.0000000000000000        0.0000000000000000        0.0000000000000000     
 reduced to Born momenta
   45.446004224129602        0.0000000000000000        0.0000000000000000        45.445950560132474     
   45.446004224129602        0.0000000000000000        0.0000000000000000       -45.445950560132474     
   45.446004224129602        27.911108167021435        14.832519054123319       -32.654165976886247     
   45.446004224129602       -27.911108167021435       -14.832519054123319        32.654165976886247     
 >> Photon n.           1
 cm momentum     6.5135323497436714E-003   3.6494134949475706E-003   3.2758031952150337E-003  -4.2868401230126193E-003
 lab momentum    6.7520347742778732E-003   3.6494134949475706E-003   3.2758031952150337E-003  -4.6412140827773911E-003
 c_ph_up   -0.65814367578619926     
 c_ph_up lab  -0.68738006214930469     
 c_ph_lep  0.98113856417381162     
 c_ph_lep lab   0.98250201139142246     
 isvec for ranlux 
    13077225     6767474    12978143    11216133     7787453     7756591     1456377     6700084     7382700    12480500    14719702    13291644     7895789     6891298      102469     9060833    10785562     3405521     1113041     5184210    10069583      203884    13164889     3691341     4042414
  
 ====== DUMPING at point            1
 propag    0.0000000000000000        0.0000000000000000        0.0000000000000000        0.0000000000000000     
 test props.    0.0000000000000000        0.0000000000000000     
 Var           2.0388711768420826     
 Var before    1.6987293133014965     
 iev, nphot and rad. pattern    0.0000000000000000                0               0           1           0           0
 partons...            1          -1
 x1 & x2   0.98565391206520181       0.88105139074494143     
 sv & ME   0.56280785740955752        8961.2021490269326     
 plepton   =    46.594306251360749        22.564008066135493        34.935942003932844        21.008657921041518     
 pneutrino =    46.594306251360749       -22.564008066135493       -34.935942003932844       -21.008657921041518     
 pleptonlab   =    47.846724376149723        22.564008066135493        34.935942003932844        23.656782666393696     
 pneutrinolab =    45.488540764357431       -22.564008066135493       -34.935942003932844       -18.426656600380682     
 sqrt(s) =    93.188612502721497     
 sqrt_fs_cm =    93.188612502721497     
 phind channel           0
 bbb pw(0) qmod c1q   0.0000000000000000        0.0000000000000000        0.0000000000000000        0.0000000000000000     
 reduced to Born momenta
   46.594306251360749        0.0000000000000000        0.0000000000000000        46.594253909897468     
   46.594306251360749        0.0000000000000000        0.0000000000000000       -46.594253909897468     
   46.594306251360749        22.564008066135493        34.935942003932844        21.008657921041518     
   46.594306251360749       -22.564008066135493       -34.935942003932844       -21.008657921041518     
 isvec for ranlux 
     2097233     6471148     4378437     8640871    15711293     8225040    11065883    15787977     7243899     4917269    11956633    15358016     1047827     9592925      229606     7295905     6628324     2019165    14002484    11234980     6728922     2987987     4664818    12003099    -4080923
  
 ====== DUMPING at point            1
 propag    0.0000000000000000        0.0000000000000000        0.0000000000000000        0.0000000000000000     
 test props.    0.0000000000000000        0.0000000000000000     
 Var           2.2844631846664933     
 Var before    1.8245937795099580     
 iev, nphot and rad. pattern    0.0000000000000000                2               0           0           1           1
 partons...            1          -1
 x1 & x2   0.90280446795382563       0.95708750574455315     
 sv & ME   0.57222509406473954        27804934522.375172     
 plepton   =    46.406351514589787       -29.700944401821854        4.9417759700221104        35.312477243974264     
 pneutrino =    46.282711194739569        29.586713833559735       -5.0334821285172477       -35.233061377591703     
 pleptonlab   =    45.395055725199484       -29.700944401821854        4.9417759700221104        33.972528203012757     
 pneutrinolab =    47.331191048556647        29.586713833559735       -5.0334821285172477       -36.599465905617286     
 sqrt(s) =    92.954982459735049     
 sqrt_fs_cm =    92.688912931439248     
 phind channel           0
 bbb pw(0) qmod c1q   0.0000000000000000        0.0000000000000000        0.0000000000000000        0.0000000000000000     
 reduced to Born momenta
   46.477491229867518        0.0000000000000000        0.0000000000000000        46.477438756850752     
   46.477491229867532        0.0000000000000000        0.0000000000000000       -46.477438756850766     
   46.477491229867518       -29.728885887801116        5.0019771059431477        35.373996045579361     
   46.477491229867532        29.728885887801116       -5.0019771059431477       -35.373996045579361     
 >> Photon n.           1
 cm momentum     5.4819682415877001E-002  -3.4716890552041600E-002   4.5703836562448934E-003   4.2178746825977519E-002
 lab momentum    5.3611487077218786E-002  -3.4716890552041600E-002   4.5703836562448934E-003   4.0596066930961329E-002
 c_ph_up    0.76940881390005311     
 c_ph_up lab   0.75722702622460702     
 c_ph_lep  0.99967430000636492     
 c_ph_lep lab   0.99965953991176926     
 >> Photon n.           2
 cm momentum    0.21110006798981443       0.14894745881415988        8.7135774838892108E-002 -0.12159461320853941     
 lab momentum   0.21474042408555996       0.14894745881415988        8.7135774838892108E-002 -0.12781025386281095     
 c_ph_up   -0.57600461414539361     
 c_ph_up lab  -0.59518488150087168     
 c_ph_lep -0.84593491233667850     
 c_ph_lep lab  -0.85506806304393412     
 isvec for ranlux 
     7705512     6767400    12346605     2442596     4398068    14780140    11606138    14688674    13412440     5267269    10109083     1735670     8876049    16397594    14292833    16049731     7015236     2292865    16408353     4672107     7144624     1147718    13770713    15989233    -4151606
  
 ====== DUMPING at point            1
 propag    0.0000000000000000        0.0000000000000000        0.0000000000000000        0.0000000000000000     
 test props.    0.0000000000000000        0.0000000000000000     
 Var           1.9648211996501519     
 Var before    1.4214859575317726     
 iev, nphot and rad. pattern    0.0000000000000000                2               1           0           1           0
 partons...            1          -1
 x1 & x2   0.99190623298690783       0.84658705932674738     
 sv & ME   0.58061964970090896        30563822.529656477     
 plepton   =    45.251082984413500        4.3802039138874962       -29.316042248910435       -34.191122065584096     
 pneutrino =    45.407974021968442       -5.1185721184867994        29.552404546322368        34.092939827574973     
 pleptonlab   =    42.682071743666825        4.3802039138874962       -29.316042248910435       -30.710447166606297     
 pneutrinolab =    48.253740646018869       -5.1185721184867994        29.552404546322368        37.800369411424285     
 sqrt(s) =    91.637054782018041     
 sqrt_fs_cm =    90.655688860618937     
 phind channel           0
 bbb pw(0) qmod c1q   0.0000000000000000        0.0000000000000000        0.0000000000000000        0.0000000000000000     
 reduced to Born momenta
   45.433124322665293        0.0000000000000000        0.0000000000000000        45.433070643454869     
   45.433124322665293        0.0000000000000000        0.0000000000000000       -45.433070643454869     
   45.433124322665293        4.7600989599001302       -29.502486132298795       -34.221373320379286     
   45.433124322665293       -4.7600989599001302        29.502486132298795        34.221373320379286     
 >> Photon n.           1
 cm momentum    0.76756431436039041       0.71980602687367512       -9.1985252333975073E-002  0.25014590484140525     
 lab momentum   0.78980759639220699       0.71980602687367512       -9.1985252333975073E-002  0.31179165535373871     
 c_ph_up    0.32589569390006262     
 c_ph_up lab   0.39476912703547545     
 c_ph_lep  -7.7828772344234090E-002
 c_ph_lep lab  -0.11052099777243900     
 >> Photon n.           2
 cm momentum    0.21043346127570722        1.8562177725628379E-002 -0.14437704507795904      -0.15196366683228510     
 lab momentum   0.19904462960483624        1.8562177725628379E-002 -0.14437704507795904      -0.13575521716370836     
 c_ph_up   -0.72214592637044661     
 c_ph_up lab  -0.68203406157314317     
 c_ph_lep  0.99867279113382013     
 c_ph_lep lab   0.99851240491894178     
 isvec for ranlux 
    10482904     1249819    12058037    14159976    14147930     6205970     8604369     9431829     9704793     2911077    12566670     7519744     8037451     9579103     1801853     7051106     4729559     8526420      295591      567446    12330918     8671797    12046268    10350963     4080418
  
 ====== DUMPING at point            1
 propag    0.0000000000000000        0.0000000000000000        0.0000000000000000        0.0000000000000000     
 test props.    0.0000000000000000        0.0000000000000000     
 Var           2.0829748277549336     
 Var before    1.6911736119573137     
 iev, nphot and rad. pattern    0.0000000000000000                0               0           0           1           0
 partons...            1          -1
 x1 & x2   0.78801170418191668       0.99690016282409055     
 sv & ME   0.56296479674675370        3036.2752204423105     
 plepton   =    44.316165115176709       -10.097712373767406        36.581376573730886        22.885594150287965     
 pneutrino =    44.316165115176709        10.097712373767406       -36.581376573730886       -22.885594150287965     
 pleptonlab   =    41.925961065198663       -10.097712373767406        36.581376573730886        17.821732248483695     
 pneutrinolab =    47.319632285101711        10.097712373767406       -36.581376573730886       -28.266155180592389     
 sqrt(s) =    88.632330230353418     
 sqrt_fs_cm =    88.632330230353418     
 phind channel           0
 bbb pw(0) qmod c1q   0.0000000000000000        0.0000000000000000        0.0000000000000000        0.0000000000000000     
 reduced to Born momenta
   44.316165115176709        0.0000000000000000        0.0000000000000000        44.316110083016142     
   44.316165115176709        0.0000000000000000        0.0000000000000000       -44.316110083016142     
   44.316165115176709       -10.097712373767406        36.581376573730886        22.885594150287965     
   44.316165115176709        10.097712373767406       -36.581376573730886       -22.885594150287965     
 isvec for ranlux 
     1529830    10969541     5398952    14836342    16636312     5190420     1470932    12386847    11625234     6824400      810679     8482292     6601895    16231455    13558496     6713029     1261892      214096    11394427     5414534     6660712     4299797     3825772    15586491    -4101909
  
 ====== DUMPING at point            1
 propag    0.0000000000000000        0.0000000000000000        0.0000000000000000        0.0000000000000000     
 test props.    0.0000000000000000        0.0000000000000000     
 Var           1.8230074423982296     
 Var before    1.4470774871070822     
 iev, nphot and rad. pattern    0.0000000000000000                1               1           0           0           0
 partons...            1          -1
 x1 & x2   0.99906993316453185       0.77321380600730605     
 sv & ME   0.56297287041302735        6543029088.3821106     
 plepton   =    43.940377157347662        23.698410671641494        30.481184892397046        20.976851056157777     
 pneutrino =    43.943980211434010       -23.698553824363277       -30.481231610595508       -20.984167824014985     
 pleptonlab   =    46.996809210730014        23.698410671641494        30.481184892397046        26.794992283858278     
 pneutrinolab =    41.609059171971154       -23.698553824363277       -30.481231610595508       -15.510503138844939     
 sqrt(s) =    87.891675686017763     
 sqrt_fs_cm =    87.884357064075758     
 phind channel           0
 bbb pw(0) qmod c1q   0.0000000000000000        0.0000000000000000        0.0000000000000000        0.0000000000000000     
 reduced to Born momenta
   43.942178532037879        0.0000000000000000        0.0000000000000000        43.942123031504643     
   43.942178532037879        0.0000000000000000        0.0000000000000000       -43.942123031504643     
   43.942178532037879        23.698482246535146        30.481208251017435        20.980509365093766     
   43.942178532037879       -23.698482246535146       -30.481208251017435       -20.980509365093766     
 >> Photon n.           1
 cm momentum     7.3183172360942262E-003   1.4315272178306367E-004   4.6718198461803925E-005   7.3167678572093851E-003
 lab momentum    8.3185758907397978E-003   1.4315272178306367E-004   4.6718198461803925E-005   8.3172128479542945E-003
 c_ph_up    0.99978828754823590     
 c_ph_up lab   0.99983614469550963     
 c_ph_lep  0.49227201710170992     
 c_ph_lep lab   0.58237312139836783     
 isvec for ranlux 
     4582103    14909827     6058609    16033389    16400909    10270577    12793303      310030     7779432    12399011     3122562     7325754    11785470    16087410     4035484     7020979    11753393     9284947      731009     1133262     6407025    14657548    11290772     1908909    -4011606
  
 ====== DUMPING at point            1
 propag    0.0000000000000000        0.0000000000000000        0.0000000000000000        0.0000000000000000     
 test props.    0.0000000000000000        0.0000000000000000     
 Var           1.1605478117398991     
 Var before   0.97337931558090474     
 iev, nphot and rad. pattern    0.0000000000000000                0               0           1           0           0
 partons...            1          -1
 x1 & x2   0.99840242603622642       0.84981626494860929     
 sv & ME   0.57499494762045122        14017.765464469028     
 plepton   =    46.055906803843754       -15.079076163407981       -43.321834437211486       -4.1201348140384031     
 pneutrino =    46.055906803843726        15.079076163407981        43.321834437211486        4.1201348140384031     
 pleptonlab   =    45.873156471476371       -15.079076163407981       -43.321834437211486      -0.41886038015567850     
 pneutrinolab =    46.537778077765417        15.079076163407981        43.321834437211486        7.8481684345365323     
 sqrt(s) =    92.111813607687480     
 sqrt_fs_cm =    92.111813607687480     
 phind channel           0
 bbb pw(0) qmod c1q   0.0000000000000000        0.0000000000000000        0.0000000000000000        0.0000000000000000     
 reduced to Born momenta
   46.055906803843747        0.0000000000000000        0.0000000000000000        46.055853850501357     
   46.055906803843733        0.0000000000000000        0.0000000000000000       -46.055853850501343     
   46.055906803843754       -15.079076163407981       -43.321834437211486       -4.1201348140384031     
   46.055906803843726        15.079076163407981        43.321834437211486        4.1201348140384031     
 isvec for ranlux 
    15697820    13958964    15496225    11578598     1704967     5619974     9875627     7164025     7377212     9094670     8478077    13805758     9465217     1972369     1888418    13095976    15555016    16310036     7352882    14970220     9477691      555846    10078497      522600     4061606
  
 ====== DUMPING at point            1
 propag    0.0000000000000000        0.0000000000000000        0.0000000000000000        0.0000000000000000     
 test props.    0.0000000000000000        0.0000000000000000     
 Var           1.3612403531403565     
 Var before   0.91232197752659261     
 iev, nphot and rad. pattern    0.0000000000000000                1               0           0           1           0
 partons...            1          -1
 x1 & x2   0.96472912457459348       0.99985227665595089     
 sv & ME   0.56482180484814726        32735012268.399174     
 plepton   =    49.106043338979589        47.772614220505709        10.746174665705992        3.6999174735592470     
 pneutrino =    49.106682165864335       -47.773217153194189       -10.746376451238815       -3.7000250877207987     
 pleptonlab   =    49.047734704427420        47.772614220505709        10.746174665705992        2.8224415914774688     
 pneutrinolab =    49.180692332526966       -47.773217153194189       -10.746376451238815       -4.5786952963941472     
 sqrt(s) =    98.213370350589713     
 sqrt_fs_cm =    98.212725502726940     
 phind channel           0
 bbb pw(0) qmod c1q   0.0000000000000000        0.0000000000000000        0.0000000000000000        0.0000000000000000     
 reduced to Born momenta
   49.106685175294857        0.0000000000000000        0.0000000000000000        49.106635511709861     
   49.106685175294857        0.0000000000000000        0.0000000000000000       -49.106635511709861     
   49.106685175294857        47.773229356068924        10.746346116667842        3.6999955739525152     
   49.106685175294857       -47.773229356068924       -10.746346116667842       -3.6999955739525152     
 >> Photon n.           1
 cm momentum     6.4484574578833507E-004   6.0293268848001912E-004   2.0178553282399202E-004   1.0761416155185183E-004
 lab momentum    6.4302457280885120E-004   6.0293268848001912E-004   2.0178553282399202E-004   9.6100848805823362E-005
 c_ph_up    0.16688357216390046     
 c_ph_up lab   0.14945128517567680     
 c_ph_lep  0.99066837144949960     
 c_ph_lep lab   0.99063081357855942     
 isvec for ranlux 
     8580474     7453528     6610367     9370130     6454595    13285363    12880910       20013     9703009    16699534     1920148     6241711     6714350     8434631    10339274    15950484     7679134     4788915     9680677     9420690    13578033     7433776    11266006     2295994     4192111
  
 ====== DUMPING at point            1
 propag    0.0000000000000000        0.0000000000000000        0.0000000000000000        0.0000000000000000     
 test props.    0.0000000000000000        0.0000000000000000     
 Var           1.1126263529336111     
 Var before   0.79312754265197438     
 iev, nphot and rad. pattern    0.0000000000000000                0               0           1           0           1
 partons...            1          -1
 x1 & x2   0.99981568830183465       0.85918007125937379     
 sv & ME   0.57449355809178893        13497.881522349464     
 plepton   =    46.341712158740172        17.992744845303339       -19.315995145628694       -38.088011060935145     
 pneutrino =    46.341712158740158       -17.992744845303339        19.315995145628694        38.088011060935145     
 pleptonlab   =    43.585202020417654        17.992744845303339       -19.315995145628694       -34.681582085236684     
 pneutrinolab =    49.364585957642788       -17.992744845303339        19.315995145628694        41.713362937359733     
 sqrt(s) =    92.683424317480331     
 sqrt_fs_cm =    92.683424317480331     
 phind channel           0
 bbb pw(0) qmod c1q   0.0000000000000000        0.0000000000000000        0.0000000000000000        0.0000000000000000     
 reduced to Born momenta
   46.341712158740165        0.0000000000000000        0.0000000000000000        46.341659531979708     
   46.341712158740165        0.0000000000000000        0.0000000000000000       -46.341659531979708     
   46.341712158740172        17.992744845303339       -19.315995145628694       -38.088011060935145     
   46.341712158740158       -17.992744845303339        19.315995145628694        38.088011060935145     
 isvec for ranlux 
    16005597     8434417    14436132    13695452    14164085      961699    13764582       67402     7211444    14390456      970651      358280     3303569    11896123     6216082     9295383     9040778    13778432     3232438     8688432    14560231     5902029      962798     8581584    -4231606
  
 ====== DUMPING at point            1
 propag    0.0000000000000000        0.0000000000000000        0.0000000000000000        0.0000000000000000     
 test props.    0.0000000000000000        0.0000000000000000     
 Var          0.68789034810995375     
 Var before   0.61412306667382188     
 iev, nphot and rad. pattern    0.0000000000000000                0               0           1           0           0
 partons...            1          -1
 x1 & x2   0.83253860864120499       0.99976267948001341     
 sv & ME   0.56240852124987006        21024.732106615673     
 plepton   =    45.616363022102433       -34.019680258061626        17.324358069468651        24.967366386802894     
 pneutrino =    45.616363022102405        34.019680258061626       -17.324358069468651       -24.967366386802894     
 pleptonlab   =    43.519348550980965       -34.019680258061626        17.324358069468651        20.891397924274713     
 pneutrinolab =    48.095715855079945        34.019680258061626       -17.324358069468651       -29.252601466215133     
 sqrt(s) =    91.232726044204838     
 sqrt_fs_cm =    91.232726044204838     
 phind channel           0
 bbb pw(0) qmod c1q   0.0000000000000000        0.0000000000000000        0.0000000000000000        0.0000000000000000     
 reduced to Born momenta
   45.616363022102419        0.0000000000000000        0.0000000000000000        45.616309558519013     
   45.616363022102419        0.0000000000000000        0.0000000000000000       -45.616309558519013     
   45.616363022102433       -34.019680258061626        17.324358069468651        24.967366386802894     
   45.616363022102405        34.019680258061626       -17.324358069468651       -24.967366386802894     
 isvec for ranlux 
     1457327    11843211      842130     1627129    13128769     2257102     8061877     9626046    13167356     9311311       68476    11689171     5193999    15602726    13809534     9598677    15490076    16534941     4561603     1137849      146632    16199119     3483777    15651896    -4100317
  
 ====== DUMPING at point            1
 propag    0.0000000000000000        0.0000000000000000        0.0000000000000000        0.0000000000000000     
 test props.    0.0000000000000000        0.0000000000000000     
 Var          0.70118460049599551     
 Var before   0.63067251640908273     
 iev, nphot and rad. pattern    0.0000000000000000                1               0           0           0           1
 partons...            1          -1
 x1 & x2   0.81692980060187903       0.99957334690175237     
 sv & ME   0.56209934757748281        2883006966.3012452     
 plepton   =    45.182375951520243       -6.4400721662304328       -38.601452604695204        22.580727628538902     
 pneutrino =    45.178095337060256        6.4399746985007331        38.597254300922714       -22.579367150246060     
 pleptonlab   =    43.130527658469560       -6.4400721662304328       -38.601452604695204        18.129660220416511     
 pneutrinolab =    47.690055431439170        6.4399746985007331        38.597254300922714       -27.260024021905139     
 sqrt(s) =    90.364885601178145     
 sqrt_fs_cm =    90.360471180755951     
 phind channel           0
 bbb pw(0) qmod c1q   0.0000000000000000        0.0000000000000000        0.0000000000000000        0.0000000000000000     
 reduced to Born momenta
   45.182442800589072        0.0000000000000000        0.0000000000000000        45.182388823554952     
   45.182442800589072        0.0000000000000000        0.0000000000000000       -45.182388823554952     
   45.182442800589072       -6.4403380502704399       -38.601239124837477        22.581150492443705     
   45.182442800589072        6.4403380502704399        38.601239124837477       -22.581150492443705     
 >> Photon n.           1
 cm momentum     4.4143125976433932E-003   9.7467729699815051E-005   4.1983037724877261E-003  -1.3604782928425051E-003
 lab momentum    4.5742852728433737E-003   9.7467729699815051E-005   4.1983037724877261E-003  -1.8135135050322251E-003
 c_ph_up   -0.30819708907085658     
 c_ph_up lab  -0.39645833105309281     
 c_ph_lep -0.96971814618195606     
 c_ph_lep lab  -0.99126143234935538     
 isvec for ranlux 
    14521119     3284366     3463762    11480123     3336141    13887286     8647963     5115281    11781391     9822864    14374850       23828     6429012     3846061     5815448    12970300     6645149    13960673    15889545     2643589     8059802     5945202    14697481       61957    -4221909
  
 ====== DUMPING at point            1
 propag    0.0000000000000000        0.0000000000000000        0.0000000000000000        0.0000000000000000     
 test props.    0.0000000000000000        0.0000000000000000     
 Var          0.73891321033459056     
 Var before   0.60661812016527250     
 iev, nphot and rad. pattern    0.0000000000000000                2               0           0           1           1
 partons...            1          -1
 x1 & x2   0.99954406225330472       0.88137191384424018     
 sv & ME   0.56996953436203479        228098731.99509659     
 plepton   =    42.400436565515513        17.606698814997504       -28.227450995142352        26.286898341372279     
 pneutrino =    46.787489661615901       -20.701727227145582        30.143965099922951       -29.186261888289714     
 pleptonlab   =    44.139160948340361        17.606698814997504       -28.227450995142352        29.008094261547591     
 pneutrinolab =    45.042791692952576       -20.701727227145582        30.143965099922951       -26.298702965559649     
 sqrt(s) =    93.860005493279260     
 sqrt_fs_cm =    89.066422677309859     
 phind channel           0
 bbb pw(0) qmod c1q   0.0000000000000000        0.0000000000000000        0.0000000000000000        0.0000000000000000     
 reduced to Born momenta
   46.930002746639630        0.0000000000000000        0.0000000000000000        46.929950779582150     
   46.930002746639630        0.0000000000000000        0.0000000000000000       -46.929950779582150     
   46.930002746639630        20.144968430890597       -30.731647477429068        29.191781109579189     
   46.930002746639630       -20.144968430890597        30.731647477429068       -29.191781109579189     
 >> Photon n.           1
 cm momentum     4.6628453218704289        3.0995605099585504       -1.9217830696974116        2.9054433351588238     
 lab momentum    4.8549766714145806        3.0995605099585504       -1.9217830696974116        3.2047266588758676     
 c_ph_up    0.62310523609506085     
 c_ph_up lab   0.66009105208369945     
 c_ph_lep  0.93671967438590331     
 c_ph_lep lab   0.94161803428137814     
 >> Photon n.           2
 cm momentum     9.2339442774161673E-003  -4.5320978104724519E-003   5.2689649168117057E-003  -6.0797882413900755E-003
 lab momentum    8.8694921697088144E-003  -4.5320978104724519E-003   5.2689649168117057E-003  -5.5105344105852569E-003
 c_ph_up   -0.65841725472176171     
 c_ph_up lab  -0.62129085917736004     
 c_ph_lep -0.99188156229079638     
 c_ph_lep lab  -0.99204070987838167     
 isvec for ranlux 
     9694957     1252334     7167226    16399770     5334141    13250981    11984409     2603513     3627080     4384046     3205779    13795264     8270940     7640603    12795748       19997    12743485    14635427     5286932    15315727    15130947     8180743    14720784    11532738    -4080923
  
 ====== DUMPING at point            1
 propag    0.0000000000000000        0.0000000000000000        0.0000000000000000        0.0000000000000000     
 test props.    0.0000000000000000        0.0000000000000000     
 Var          0.52501362598476808     
 Var before   0.46456662147024980     
 iev, nphot and rad. pattern    0.0000000000000000                3               0           0           1           2
 partons...            1          -1
 x1 & x2   0.99986398076416128       0.81814205111191518     
 sv & ME   0.56509583593354873        9276043618282.7383     
 plepton   =    45.162585680298498        36.517682974556223       -6.1360895422468396        25.854500902902206     
 pneutrino =    42.122039112628073       -33.986946876078918        5.7939995861916138       -24.198595540900804     
 pleptonlab   =    47.987247358553539        36.517682974556223       -6.1360895422468396        30.521664120078253     
 pneutrinolab =    39.903069880133053       -33.986946876078918        5.7939995861916138       -20.088823584399300     
 sqrt(s) =    90.445053378021456     
 sqrt_fs_cm =    87.231542757971994     
 phind channel           0
 bbb pw(0) qmod c1q   0.0000000000000000        0.0000000000000000        0.0000000000000000        0.0000000000000000     
 reduced to Born momenta
   45.222526689010728        0.0000000000000000        0.0000000000000000        45.222472759820285     
   45.222526689010728        0.0000000000000000        0.0000000000000000       -45.222472759820285     
   45.222526689010728        36.528119201967350       -6.1817014224613036        25.933546451213019     
   45.222526689010728       -36.528119201967350        6.1817014224613036       -25.933546451213019     
 >> Photon n.           1
 cm momentum     1.3789380365569559E-002   1.0299653095131357E-002  -1.2379966187344184E-003   9.0846860902459615E-003
 lab momentum    1.4771434351066729E-002   1.0299653095131357E-002  -1.2379966187344184E-003   1.0515692239687666E-002
 c_ph_up    0.65881757188519807     
 c_ph_up lab   0.71189378023592320     
 c_ph_lep  0.99330977776605311     
 c_ph_lep lab   0.99412221087828134     
 >> Photon n.           2
 cm momentum     3.0989744579045437       -2.5628065501267221       0.35483601839862461       -1.7058008903208313     
 lab momentum    2.9432084060234969       -2.5628065501267221       0.35483601839862461       -1.4030643990786571     
 c_ph_up   -0.55044044844250040     
 c_ph_up lab  -0.47671255498155701     
 c_ph_lep -0.99935963979238862     
 c_ph_lep lab  -0.98125688893536056     
 >> Photon n.           3
 cm momentum     4.7664746824771537E-002   2.1770798554282357E-002  -1.1508065724664385E-002   4.0810842229182562E-002
 lab momentum    5.2004514742627586E-002   2.1770798554282357E-002  -1.1508065724664385E-002   4.5804653772316975E-002
 c_ph_up    0.85620600019578885     
 c_ph_up lab   0.88078225513700170     
 c_ph_lep  0.89228210162063704     
 c_ph_lep lab   0.90708268709236206     
 isvec for ranlux 
     8192674     9675355    12081709     9480863      986779    11942623     6473535     8765465     4090856     8723139     4116667     2833519      419117    11029292     2425882     3624875     8132952    13471903     1621808    10524330     7978715     5812058      446896     1435424     4221707
  
 ====== DUMPING at point            1
 propag    0.0000000000000000        0.0000000000000000        0.0000000000000000        0.0000000000000000     
 test props.    0.0000000000000000        0.0000000000000000     
 Var          0.33095089527215521     
 Var before   0.28083316997517849     
 iev, nphot and rad. pattern    4.0000000000000000                2               0           0           1           1
 partons...            1          -1
 x1 & x2   0.81911891771146361       0.99980498200671242     
 sv & ME   0.58473112713562825        3866419107875.1411     
 plepton   =    44.705033649150010       -29.801287734123640        16.428658314096289       -28.991573004354418     
 pneutrino =    45.229630862458279        30.155165993275492       -16.584895527873641        29.348177941914695     
 pleptonlab   =    47.821494880952358       -29.801287734123640        16.428658314096289       -33.598610750210042     
 pneutrinolab =    42.524609323832181        30.155165993275492       -16.584895527873641        24.978759751048592     
 sqrt(s) =    90.496363174652913     
 sqrt_fs_cm =    89.933125564748238     
 phind channel           0
 bbb pw(0) qmod c1q   0.0000000000000000        0.0000000000000000        0.0000000000000000        0.0000000000000000     
 reduced to Born momenta
   45.248181587326457        0.0000000000000000        0.0000000000000000        45.248127688712920     
   45.248181587326457        0.0000000000000000        0.0000000000000000       -45.248127688712920     
   45.248181587326449       -30.165457725772129        16.609927680390633       -29.352039723246630     
   45.248181587326464        30.165457725772129       -16.609927680390633        29.352039723246630     
 >> Photon n.           1
 cm momentum    0.54389713781781213      -0.36572176980286913       0.16248869314381970      -0.36833287691852729     
 lab momentum   0.58337157638497195      -0.36572176980286913       0.16248869314381970      -0.42446131487634786     
 c_ph_up   -0.67721054461938879     
 c_ph_up lab  -0.72760026723729543     
 c_ph_lep  0.99720864111364294     
 c_ph_lep lab   0.99756712863289665     
 >> Photon n.           2
 cm momentum     1.7801525226813192E-002   1.1843510651016402E-002  -6.2514793664680199E-003   1.1727939358248415E-002
 lab momentum    1.6719204739283351E-002   1.1843510651016402E-002  -6.2514793664680199E-003   1.0009099275357432E-002
 c_ph_up    0.65881654570718706     
 c_ph_up lab   0.59865881370781393     
 c_ph_lep -0.99981294117801001     
 c_ph_lep lab  -0.99050911998329494     
 isvec for ranlux 
    10876423     5508206     6552395     8586876     3831691     8121497     1468692    10309077    15186285     7188278     4503280     9877336     1366014     5981390     5726979     1082832     5970519     4651962    15890584    14102435     4569516     6677682    13119496    13736282     4202010
  
 ====== DUMPING at point            1
 propag    0.0000000000000000        0.0000000000000000        0.0000000000000000        0.0000000000000000     
 test props.    0.0000000000000000        0.0000000000000000     
 Var          0.32025033859727953     
 Var before   0.27502847413071124     
 iev, nphot and rad. pattern    6.0000000000000000                2               0           0           1           1
 partons...            1          -1
 x1 & x2   0.99985005286215844       0.84397454501042546     
 sv & ME   0.56328046537716536        130771985122.12222     
 plepton   =    44.740417206149125       0.21658685297652425       -42.458203315373382        14.104886722492695     
 pneutrino =    45.791993121093839      -0.16424623864748050        43.469562728116372       -14.396722186327109     
 pleptonlab   =    46.097856767751310       0.21658685297652425       -42.458203315373382        17.951470587508460     
 pneutrinolab =    44.735050030965631      -0.16424623864748050        43.469562728116372       -10.563317517758133     
 sqrt(s) =    91.861199286912750     
 sqrt_fs_cm =    90.526275546499107     
 phind channel           0
 bbb pw(0) qmod c1q   0.0000000000000000        0.0000000000000000        0.0000000000000000        0.0000000000000000     
 reduced to Born momenta
   45.930599643456375        0.0000000000000000        0.0000000000000000        45.930546545647324     
   45.930599643456375        0.0000000000000000        0.0000000000000000       -45.930546545647324     
   45.930599643456375       0.19337872900480110       -43.594462656376400        14.460091641652163     
   45.930599643456375      -0.19337872900480110        43.594462656376400       -14.460091641652163     
 >> Photon n.           1
 cm momentum     1.1912302019136900       -5.1355322693241195E-002  -1.1423064616979448       0.33395803979770478     
 lab momentum    1.2238439322183756       -5.1355322693241195E-002  -1.1423064616979448       0.43622534179243944     
 c_ph_up    0.28034719004035252     
 c_ph_up lab   0.35643870129888583     
 c_ph_lep  0.99819141787823862     
 c_ph_lep lab   0.99829144469771303     
 >> Photon n.           2
 cm momentum    0.13755875775609952       -9.8529163580255048E-004  0.13094704895495138       -4.2122575963291442E-002
 lab momentum   0.13447916269387872       -9.8529163580255048E-004  0.13094704895495138       -3.0603018956120831E-002
 c_ph_up   -0.30621515234949609     
 c_ph_up lab  -0.22756699508743916     
 c_ph_lep -0.99995205742404170     
 c_ph_lep lab  -0.98551005108662482     
 isvec for ranlux 
    13798336     8607402     7564242     6135960     8172408    11356951    12904116    12031075     5356482     9565784     5190119    11828940     9261313    15821424    16481898     3060787     3760646      711049     8167466     5757978    13465270     5714415     5077099     6269482     4100721
  
