 ====== DUMPING at point            1
 propag    0.0000000000000000        0.0000000000000000        0.0000000000000000        0.0000000000000000     
 test props.    0.0000000000000000        0.0000000000000000     
 Var           1.8635262391869094     
 Var before    0.0000000000000000     
 iev, nphot and rad. pattern    0.0000000000000000                0               0           1           0           0
 partons...            1          -1
 x1 & x2   0.94693539778351188       0.97588642440755047     
 sv & ME   0.57877600877886315        1077.6139011365387     
 plepton   =    48.065096470513126       -21.088354795801298        38.359754645008636       -19.850764484256235     
 pneutrino =    48.065096470513112        21.088354795801298       -38.359754645008636        19.850764484256235     
 pleptonlab   =    48.369463092289365       -21.088354795801298        38.359754645008636       -20.576790608013148     
 pneutrinolab =    47.771628017263772        21.088354795801298       -38.359754645008636        19.129239276811219     
 sqrt(s) =    96.130192941026237     
 sqrt_fs_cm =    96.130192941026237     
 phind channel           0
 bbb pw(0) qmod c1q   0.0000000000000000        0.0000000000000000        0.0000000000000000        0.0000000000000000     
 reduced to Born momenta
   48.065096470513119        0.0000000000000000        0.0000000000000000        48.065045730698444     
   48.065096470513119        0.0000000000000000        0.0000000000000000       -48.065045730698444     
   48.065096470513126       -21.088354795801298        38.359754645008636       -19.850764484256235     
   48.065096470513112        21.088354795801298       -38.359754645008636        19.850764484256235     
 isvec for ranlux 
     9644655    14614328     8305202     5902523     6611641    14048799     7267313     8683348    14048746     9318201     4464668     5476536     8218591     7359978     7668616    13721940      957152    13197359    14184585     9294164    15939178     5902395     5267822    14659295     4211303
  
 ====== DUMPING at point            1
 propag    0.0000000000000000        0.0000000000000000        0.0000000000000000        0.0000000000000000     
 test props.    0.0000000000000000        0.0000000000000000     
 Var           2.8888387629436330     
 Var before    1.8635262391869094     
 iev, nphot and rad. pattern    0.0000000000000000                0               0           1           0           0
 partons...            1          -1
 x1 & x2   0.94645301991365860       0.89781128204011140     
 sv & ME   0.56157839494606066        18785.231170643267     
 plepton   =    46.090568427808975       -23.389969728650062       -29.831500510069720        26.216792857205434     
 pneutrino =    46.090568427808975        23.389969728650062        29.831500510069720       -26.216792857205434     
 pleptonlab   =    46.798305660597109       -23.389969728650062       -29.831500510069720        27.441959522267204     
 pneutrinolab =    45.414909437091367        23.389969728650062        29.831500510069720       -25.009872628589846     
 sqrt(s) =    92.181136855617950     
 sqrt_fs_cm =    92.181136855617950     
 phind channel           0
 bbb pw(0) qmod c1q   0.0000000000000000        0.0000000000000000        0.0000000000000000        0.0000000000000000     
 reduced to Born momenta
   46.090568427808975        0.0000000000000000        0.0000000000000000        46.090515514289287     
   46.090568427808975        0.0000000000000000        0.0000000000000000       -46.090515514289287     
   46.090568427808975       -23.389969728650062       -29.831500510069720        26.216792857205434     
   46.090568427808975        23.389969728650062        29.831500510069720       -26.216792857205434     
 isvec for ranlux 
      778671     5844720     9587749    10340955     5767304     1229801     7106317     9230034     7070010     1656684    15462261     7797679    14988199    15435044     9850695     6896914     2215452    12845121     6405628     3024976     4819489    10459877     1149857     7981361    -4092010
  
 ====== DUMPING at point            1
 propag    0.0000000000000000        0.0000000000000000        0.0000000000000000        0.0000000000000000     
 test props.    0.0000000000000000        0.0000000000000000     
 Var           2.1921382810893744     
 Var before    1.7220161948273081     
 iev, nphot and rad. pattern    0.0000000000000000                1               0           0           1           0
 partons...            1          -1
 x1 & x2   0.86162213987822611       0.95881440568901921     
 sv & ME   0.58213554224385189        4667408799.5096722     
 plepton   =    45.439552118982093        27.907283267128136        14.829818233523966       -32.649682462332350     
 pneutrino =    45.445942796927369       -27.910932680623084       -14.833094036719181        32.653969302455366     
 pleptonlab   =    47.250093476047844        27.907283267128136        14.829818233523966       -35.125776882692591     
 pneutrinolab =    43.764981767540142       -27.910932680623084       -14.833094036719181        30.270804806235720     
 sqrt(s) =    90.892008448259205     
 sqrt_fs_cm =    90.885494682505310     
 phind channel           0
 bbb pw(0) qmod c1q   0.0000000000000000        0.0000000000000000        0.0000000000000000        0.0000000000000000     
 reduced to Born momenta
   45.446004224129602        0.0000000000000000        0.0000000000000000        45.445950560132474     
   45.446004224129602        0.0000000000000000        0.0000000000000000       -45.445950560132474     
   45.446004224129602        27.911108167021435        14.832519054123319       -32.654165976886247     
   45.446004224129602       -27.911108167021435       -14.832519054123319        32.654165976886247     
 >> Photon n.           1
 cm momentum     6.5135323497436714E-003   3.6494134949475706E-003   3.2758031952150337E-003  -4.2868401230126193E-003
 lab momentum    6.7520347742778732E-003   3.6494134949475706E-003   3.2758031952150337E-003  -4.6412140827773911E-003
 c_ph_up   -0.65814367578619926     
 c_ph_up lab  -0.68738006214930469     
 c_ph_lep  0.98113856417381162     
 c_ph_lep lab   0.98250201139142246     
 isvec for ranlux 
    13077225     6767474    12978143    11216133     7787453     7756591     1456377     6700084     7382700    12480500    14719702    13291644     7895789     6891298      102469     9060833    10785562     3405521     1113041     5184210    10069583      203884    13164889     3691341     4042414
  
 ====== DUMPING at point            1
 propag    0.0000000000000000        0.0000000000000000        0.0000000000000000        0.0000000000000000     
 test props.    0.0000000000000000        0.0000000000000000     
 Var           2.0868036007587558     
 Var before    1.7312754524717882     
 iev, nphot and rad. pattern    0.0000000000000000                0               0           1           0           0
 partons...            1          -1
 x1 & x2   0.98513880663349540       0.87699947915258891     
 sv & ME   0.56064818700125352        9383.2444571432115     
 plepton   =    46.474891616618606        22.506179398397165        34.846405651333200        20.954815416864815     
 pneutrino =    46.474891616618606       -22.506179398397165       -34.846405651333200       -20.954815416864815     
 pleptonlab   =    47.772416225481898        22.506179398397165        34.846405651333200        23.693722594795332     
 pneutrinolab =    45.334498063822323       -22.506179398397165       -34.846405651333200       -18.286756220750007     
 sqrt(s) =    92.949783233237213     
 sqrt_fs_cm =    92.949783233237213     
 phind channel           0
 bbb pw(0) qmod c1q   0.0000000000000000        0.0000000000000000        0.0000000000000000        0.0000000000000000     
 reduced to Born momenta
   46.474891616618606        0.0000000000000000        0.0000000000000000        46.474839140666710     
   46.474891616618606        0.0000000000000000        0.0000000000000000       -46.474839140666710     
   46.474891616618606        22.506179398397165        34.846405651333200        20.954815416864815     
   46.474891616618606       -22.506179398397165       -34.846405651333200       -20.954815416864815     
 isvec for ranlux 
     2097233     6471148     4378437     8640871    15711293     8225040    11065883    15787977     7243899     4917269    11956633    15358016     1047827     9592925      229606     7295905     6628324     2019165    14002484    11234980     6728922     2987987     4664818    12003099    -4080923
  
 ====== DUMPING at point            1
 propag    0.0000000000000000        0.0000000000000000        0.0000000000000000        0.0000000000000000     
 test props.    0.0000000000000000        0.0000000000000000     
 Var           2.3409852305009764     
 Var before    1.8553799077788944     
 iev, nphot and rad. pattern    0.0000000000000000                2               0           0           1           1
 partons...            1          -1
 x1 & x2   0.89952860801112855       0.95559821072012596     
 sv & ME   0.57014037750094826        29477335380.936165     
 plepton   =    46.286011216005576       -29.623923930413898        4.9289609595074868        35.220904948928094     
 pneutrino =    46.162723397714359        29.509993758945733       -5.0204782718558567       -35.141726395714009     
 pleptonlab   =    45.242158882626910       -29.623923930413898        4.9289609595074868        33.837409054094124     
 pneutrinolab =    47.246436367620895        29.509993758945733       -5.0204782718558567       -36.553654427662750     
 sqrt(s) =    92.713964876225631     
 sqrt_fs_cm =    92.448585207845653     
 phind channel           0
 bbb pw(0) qmod c1q   0.0000000000000000        0.0000000000000000        0.0000000000000000        0.0000000000000000     
 reduced to Born momenta
   46.356982438112816        0.0000000000000000        0.0000000000000000        46.356929828687967     
   46.356982438112816        0.0000000000000000        0.0000000000000000       -46.356929828687967     
   46.356982438112823       -29.651795070406937        4.9890305449846499        35.282279977346043     
   46.356982438112809        29.651795070406937       -4.9890305449846499       -35.282279977346043     
 >> Photon n.           1
 cm momentum     5.4677543640364340E-002  -3.4626244601051015E-002   4.5564288899412964E-003   4.2070130961800449E-002
 lab momentum    5.3430420213886394E-002  -3.4626244601051015E-002   4.5564288899412964E-003   4.0436022861201050E-002
 c_ph_up    0.76942247513004991     
 c_ph_up lab   0.75679776987214964     
 c_ph_lep  0.99967321605868820     
 c_ph_lep lab   0.99965787208603929     
 >> Photon n.           2
 cm momentum    0.21055271886533244       0.14855641606921541        8.6960883458428964E-002 -0.12124868417588464     
 lab momentum   0.21431526610102677       0.14855641606921541        8.6960883458428964E-002 -0.12767078474245239     
 c_ph_up   -0.57585902869976313     
 c_ph_up lab  -0.59571484134158337     
 c_ph_lep -0.84578358815353338     
 c_ph_lep lab  -0.85521817071431272     
 isvec for ranlux 
     7705512     6767400    12346605     2442596     4398068    14780140    11606138    14688674    13412440     5267269    10109083     1735670     8876049    16397594    14292833    16049731     7015236     2292865    16408353     4672107     7144624     1147718    13770713    15989233    -4151606
  
 ====== DUMPING at point            1
 propag    0.0000000000000000        0.0000000000000000        0.0000000000000000        0.0000000000000000     
 test props.    0.0000000000000000        0.0000000000000000     
 Var           1.9556192073325034     
 Var before    1.4406918094987013     
 iev, nphot and rad. pattern    0.0000000000000000                2               1           0           1           0
 partons...            1          -1
 x1 & x2   0.99165979700728391       0.84223627536675594     
 sv & ME   0.58072139134825962        30777815.131088220     
 plepton   =    45.128962848553641        4.3683828925541732       -29.236925941166351       -34.098849196262627     
 pneutrino =    45.285602668239463       -5.1048293382103731        29.472671466558744        34.001132325059864     
 pleptonlab   =    42.491914126996789        4.3683828925541732       -29.236925941166351       -30.523286109123219     
 pneutrinolab =    48.216286983479627       -5.1048293382103731        29.472671466558744        37.816683101956997     
 sqrt(s) =    91.389925804892101     
 sqrt_fs_cm =    90.411206051481770     
 phind channel           0
 bbb pw(0) qmod c1q   0.0000000000000000        0.0000000000000000        0.0000000000000000        0.0000000000000000     
 reduced to Born momenta
   45.310599198214234        0.0000000000000000        0.0000000000000000        45.310545373848811     
   45.310599198214234        0.0000000000000000        0.0000000000000000       -45.310545373848811     
   45.310599198214227        4.7472878752979764       -29.422877251485939       -34.129119356977036     
   45.310599198214241       -4.7472878752979764        29.422877251485939        34.129119356977036     
 >> Photon n.           1
 cm momentum    0.76549432875972401       0.71793699376203890       -9.1746405372466380E-002  0.24926018023835589     
 lab momentum   0.78842518154002428       0.71793699376203890       -9.1746405372466380E-002  0.31267129221528700     
 c_ph_up    0.32561989145264403     
 c_ph_up lab   0.39657699872618069     
 c_ph_lep  -7.7603450761656534E-002
 c_ph_lep lab  -0.11119318809790533     
 >> Photon n.           2
 cm momentum    0.20986595933927069        1.8509451894161050E-002 -0.14399912001992685      -0.15154330903559174     
 lab momentum   0.19817732668558066        1.8509451894161050E-002 -0.14399912001992685      -0.13489220302266472     
 c_ph_up   -0.72209571057975075     
 c_ph_up lab  -0.68066415708936623     
 c_ph_lep  0.99866891638110955     
 c_ph_lep lab   0.99850293732205631     
 isvec for ranlux 
    10482904     1249819    12058037    14159976    14147930     6205970     8604369     9431829     9704793     2911077    12566670     7519744     8037451     9579103     1801853     7051106     4729559     8526420      295591      567446    12330918     8671797    12046268    10350963     4080418
  
 ====== DUMPING at point            1
 propag    0.0000000000000000        0.0000000000000000        0.0000000000000000        0.0000000000000000     
 test props.    0.0000000000000000        0.0000000000000000     
 Var           2.1716686634201867     
 Var before    1.6840250446599452     
 iev, nphot and rad. pattern    0.0000000000000000                0               0           0           1           0
 partons...            1          -1
 x1 & x2   0.78801170418191668       0.99690016282409055     
 sv & ME   0.56068364457580133        3756.8401252537360     
 plepton   =    44.316165115176709       -10.097712373767406        36.581376573730886        22.885594150287965     
 pneutrino =    44.316165115176709        10.097712373767406       -36.581376573730886       -22.885594150287965     
 pleptonlab   =    41.925961065198663       -10.097712373767406        36.581376573730886        17.821732248483695     
 pneutrinolab =    47.319632285101711        10.097712373767406       -36.581376573730886       -28.266155180592389     
 sqrt(s) =    88.632330230353418     
 sqrt_fs_cm =    88.632330230353418     
 phind channel           0
 bbb pw(0) qmod c1q   0.0000000000000000        0.0000000000000000        0.0000000000000000        0.0000000000000000     
 reduced to Born momenta
   44.316165115176709        0.0000000000000000        0.0000000000000000        44.316110083016142     
   44.316165115176709        0.0000000000000000        0.0000000000000000       -44.316110083016142     
   44.316165115176709       -10.097712373767406        36.581376573730886        22.885594150287965     
   44.316165115176709        10.097712373767406       -36.581376573730886       -22.885594150287965     
 isvec for ranlux 
     1529830    10969541     5398952    14836342    16636312     5190420     1470932    12386847    11625234     6824400      810679     8482292     6601895    16231455    13558496     6713029     1261892      214096    11394427     5414534     6660712     4299797     3825772    15586491    -4101909
  
 ====== DUMPING at point            1
 propag    0.0000000000000000        0.0000000000000000        0.0000000000000000        0.0000000000000000     
 test props.    0.0000000000000000        0.0000000000000000     
 Var           1.9489976359720429     
 Var before    1.4980886640422664     
 iev, nphot and rad. pattern    0.0000000000000000                1               1           0           0           0
 partons...            1          -1
 x1 & x2   0.99906993316453185       0.77321380600730605     
 sv & ME   0.56065793768994054        7936612625.9786835     
 plepton   =    43.940377157347662        23.698410671641494        30.481184892397046        20.976851056157777     
 pneutrino =    43.943980211434010       -23.698553824363277       -30.481231610595508       -20.984167824014985     
 pleptonlab   =    46.996809210730014        23.698410671641494        30.481184892397046        26.794992283858278     
 pneutrinolab =    41.609059171971154       -23.698553824363277       -30.481231610595508       -15.510503138844939     
 sqrt(s) =    87.891675686017763     
 sqrt_fs_cm =    87.884357064075758     
 phind channel           0
 bbb pw(0) qmod c1q   0.0000000000000000        0.0000000000000000        0.0000000000000000        0.0000000000000000     
 reduced to Born momenta
   43.942178532037879        0.0000000000000000        0.0000000000000000        43.942123031504643     
   43.942178532037879        0.0000000000000000        0.0000000000000000       -43.942123031504643     
   43.942178532037879        23.698482246535146        30.481208251017435        20.980509365093766     
   43.942178532037879       -23.698482246535146       -30.481208251017435       -20.980509365093766     
 >> Photon n.           1
 cm momentum     7.3183172360942262E-003   1.4315272178306367E-004   4.6718198461803925E-005   7.3167678572093851E-003
 lab momentum    8.3185758907397978E-003   1.4315272178306367E-004   4.6718198461803925E-005   8.3172128479542945E-003
 c_ph_up    0.99978828754823590     
 c_ph_up lab   0.99983614469550963     
 c_ph_lep  0.49227201710170992     
 c_ph_lep lab   0.58237312139836783     
 isvec for ranlux 
     4582103    14909827     6058609    16033389    16400909    10270577    12793303      310030     7779432    12399011     3122562     7325754    11785470    16087410     4035484     7020979    11753393     9284947      731009     1133262     6407025    14657548    11290772     1908909    -4011606
  
 ====== DUMPING at point            1
 propag    0.0000000000000000        0.0000000000000000        0.0000000000000000        0.0000000000000000     
 test props.    0.0000000000000000        0.0000000000000000     
 Var           1.1905376054207977     
 Var before    1.0091875116091451     
 iev, nphot and rad. pattern    0.0000000000000000                0               0           1           0           0
 partons...            1          -1
 x1 & x2   0.99835366075581766       0.84532418438873869     
 sv & ME   0.57303961150316296        14394.924510397426     
 plepton   =    45.932899266482288       -15.038802289142998       -43.206128534930379       -4.1091305728198320     
 pneutrino =    45.932899266482259        15.038802289142998        43.206128534930379        4.1091305728198320     
 pleptonlab   =    45.749697919854860       -15.038802289142998       -43.206128534930379      -0.29762190383959553     
 pneutrinolab =    46.434194337372972        15.038802289142998        43.206128534930379        7.9490957221935457     
 sqrt(s) =    91.865798532964547     
 sqrt_fs_cm =    91.865798532964547     
 phind channel           0
 bbb pw(0) qmod c1q   0.0000000000000000        0.0000000000000000        0.0000000000000000        0.0000000000000000     
 reduced to Born momenta
   45.932899266482274        0.0000000000000000        0.0000000000000000        45.932846171331555     
   45.932899266482274        0.0000000000000000        0.0000000000000000       -45.932846171331555     
   45.932899266482288       -15.038802289142998       -43.206128534930379       -4.1091305728198320     
   45.932899266482259        15.038802289142998        43.206128534930379        4.1091305728198320     
 isvec for ranlux 
    15697820    13958964    15496225    11578598     1704967     5619974     9875627     7164025     7377212     9094670     8478077    13805758     9465217     1972369     1888418    13095976    15555016    16310036     7352882    14970220     9477691      555846    10078497      522600     4061606
  
 ====== DUMPING at point            1
 propag    0.0000000000000000        0.0000000000000000        0.0000000000000000        0.0000000000000000     
 test props.    0.0000000000000000        0.0000000000000000     
 Var           1.3485710454907758     
 Var before   0.92027191019518539     
 iev, nphot and rad. pattern    0.0000000000000000                1               0           0           1           0
 partons...            1          -1
 x1 & x2   0.96472912457459348       0.99985227665595089     
 sv & ME   0.56254213556292887        31822419167.650749     
 plepton   =    49.106043338979589        47.772614220505709        10.746174665705992        3.6999174735592470     
 pneutrino =    49.106682165864335       -47.773217153194189       -10.746376451238815       -3.7000250877207987     
 pleptonlab   =    49.047734704427420        47.772614220505709        10.746174665705992        2.8224415914774688     
 pneutrinolab =    49.180692332526966       -47.773217153194189       -10.746376451238815       -4.5786952963941472     
 sqrt(s) =    98.213370350589713     
 sqrt_fs_cm =    98.212725502726940     
 phind channel           0
 bbb pw(0) qmod c1q   0.0000000000000000        0.0000000000000000        0.0000000000000000        0.0000000000000000     
 reduced to Born momenta
   49.106685175294857        0.0000000000000000        0.0000000000000000        49.106635511709861     
   49.106685175294857        0.0000000000000000        0.0000000000000000       -49.106635511709861     
   49.106685175294857        47.773229356068924        10.746346116667842        3.6999955739525152     
   49.106685175294857       -47.773229356068924       -10.746346116667842       -3.6999955739525152     
 >> Photon n.           1
 cm momentum     6.4484574578833507E-004   6.0293268848001912E-004   2.0178553282399202E-004   1.0761416155185183E-004
 lab momentum    6.4302457280885120E-004   6.0293268848001912E-004   2.0178553282399202E-004   9.6100848805823362E-005
 c_ph_up    0.16688357216390046     
 c_ph_up lab   0.14945128517567680     
 c_ph_lep  0.99066837144949960     
 c_ph_lep lab   0.99063081357855942     
 isvec for ranlux 
     8580474     7453528     6610367     9370130     6454595    13285363    12880910       20013     9703009    16699534     1920148     6241711     6714350     8434631    10339274    15950484     7679134     4788915     9680677     9420690    13578033     7433776    11266006     2295994     4192111
  
 ====== DUMPING at point            1
 propag    0.0000000000000000        0.0000000000000000        0.0000000000000000        0.0000000000000000     
 test props.    0.0000000000000000        0.0000000000000000     
 Var           1.1025906389083449     
 Var before   0.78979035696542454     
 iev, nphot and rad. pattern    0.0000000000000000                0               0           1           0           1
 partons...            1          -1
 x1 & x2   0.99981277018042047       0.85468125608190604     
 sv & ME   0.57465615137979797        13389.608062425497     
 plepton   =    46.220158866682091        17.945550025531240       -19.265329451347220       -37.988106525359647     
 pneutrino =    46.220158866682063       -17.945550025531240        19.265329451347220        37.988106525359647     
 pleptonlab   =    43.380279871349693        17.945550025531240       -19.265329451347220       -34.476685360361557     
 pneutrinolab =    49.344421441766642       -17.945550025531240        19.265329451347220        41.733261065287280     
 sqrt(s) =    92.440317733364154     
 sqrt_fs_cm =    92.440317733364154     
 phind channel           0
 bbb pw(0) qmod c1q   0.0000000000000000        0.0000000000000000        0.0000000000000000        0.0000000000000000     
 reduced to Born momenta
   46.220158866682084        0.0000000000000000        0.0000000000000000        46.220106101519612     
   46.220158866682070        0.0000000000000000        0.0000000000000000       -46.220106101519598     
   46.220158866682091        17.945550025531240       -19.265329451347220       -37.988106525359647     
   46.220158866682063       -17.945550025531240        19.265329451347220        37.988106525359647     
 isvec for ranlux 
    16005597     8434417    14436132    13695452    14164085      961699    13764582       67402     7211444    14390456      970651      358280     3303569    11896123     6216082     9295383     9040778    13778432     3232438     8688432    14560231     5902029      962798     8581584    -4231606
  
 ====== DUMPING at point            1
 propag    0.0000000000000000        0.0000000000000000        0.0000000000000000        0.0000000000000000     
 test props.    0.0000000000000000        0.0000000000000000     
 Var          0.69852835583475592     
 Var before   0.61952614040187304     
 iev, nphot and rad. pattern    0.0000000000000000                0               0           1           0           0
 partons...            1          -1
 x1 & x2   0.82803258682869552       0.99975861126612142     
 sv & ME   0.56025669505997677        22301.415472247187     
 plepton   =    45.492656250513399       -33.927421972975566        17.277375982818167        24.899657155308400     
 pneutrino =    45.492656250513413        33.927421972975566       -17.277375982818167       -24.899657155308400     
 pleptonlab   =    43.344994577347506       -33.927421972975566        17.277375982818167        20.717135628141513     
 pneutrinolab =    48.044565327393322        33.927421972975566       -17.277375982818167       -29.303436850012805     
 sqrt(s) =    90.985312501026812     
 sqrt_fs_cm =    90.985312501026812     
 phind channel           0
 bbb pw(0) qmod c1q   0.0000000000000000        0.0000000000000000        0.0000000000000000        0.0000000000000000     
 reduced to Born momenta
   45.492656250513406        0.0000000000000000        0.0000000000000000        45.492602641547961     
   45.492656250513406        0.0000000000000000        0.0000000000000000       -45.492602641547961     
   45.492656250513399       -33.927421972975566        17.277375982818167        24.899657155308400     
   45.492656250513413        33.927421972975566       -17.277375982818167       -24.899657155308400     
 isvec for ranlux 
     1457327    11843211      842130     1627129    13128769     2257102     8061877     9626046    13167356     9311311       68476    11689171     5193999    15602726    13809534     9598677    15490076    16534941     4561603     1137849      146632    16199119     3483777    15651896    -4100317
  
 ====== DUMPING at point            1
 propag    0.0000000000000000        0.0000000000000000        0.0000000000000000        0.0000000000000000     
 test props.    0.0000000000000000        0.0000000000000000     
 Var          0.71797923533664154     
 Var before   0.64266656199117844     
 iev, nphot and rad. pattern    0.0000000000000000                1               0           0           0           1
 partons...            1          -1
 x1 & x2   0.81247861497561324       0.99956451773135269     
 sv & ME   0.55991249015580047        3071510288.3630095     
 plepton   =    45.058916646047237       -6.4224743641482025       -38.495975322144197        22.519025570896495     
 pneutrino =    45.054647954821448        6.4223776226047917        38.491788232326762       -22.517669572844444     
 pleptonlab   =    42.963523786083982       -6.4224743641482025       -38.495975322144197        17.962876146782882     
 pneutrinolab =    47.634066192655503        6.4223776226047917        38.491788232326762       -27.315351044883055     
 sqrt(s) =    90.117966851518375     
 sqrt_fs_cm =    90.113564493338757     
 phind channel           0
 bbb pw(0) qmod c1q   0.0000000000000000        0.0000000000000000        0.0000000000000000        0.0000000000000000     
 reduced to Born momenta
   45.058983425759187        0.0000000000000000        0.0000000000000000        45.058929300830499     
   45.058983425759187        0.0000000000000000        0.0000000000000000       -45.058929300830499     
   45.058983425759187       -6.4227397515991900       -38.495762296772853        22.519447660743413     
   45.058983425759187        6.4227397515991900        38.495762296772853       -22.519447660743413     
 >> Photon n.           1
 cm momentum     4.4022506496868815E-003   9.6741543410565489E-005   4.1870898174357291E-003  -1.3559980520535943E-003
 lab momentum    4.5666566088228867E-003   9.6741543410565489E-005   4.1870898174357291E-003  -1.8202396868023511E-003
 c_ph_up   -0.30802381780556776     
 c_ph_up lab  -0.39859351002779708     
 c_ph_lep -0.96966668918514332     
 c_ph_lep lab  -0.99136132426701196     
 isvec for ranlux 
    14521119     3284366     3463762    11480123     3336141    13887286     8647963     5115281    11781391     9822864    14374850       23828     6429012     3846061     5815448    12970300     6645149    13960673    15889545     2643589     8059802     5945202    14697481       61957    -4221909
  
 ====== DUMPING at point            1
 propag    0.0000000000000000        0.0000000000000000        0.0000000000000000        0.0000000000000000     
 test props.    0.0000000000000000        0.0000000000000000     
 Var          0.75818921448967569     
 Var before   0.62020247674206996     
 iev, nphot and rad. pattern    0.0000000000000000                2               0           0           1           1
 partons...            1          -1
 x1 & x2   0.99953023458751067       0.87706143490182820     
 sv & ME   0.56787256531976704        240219587.88735476     
 plepton   =    42.296509753155817        17.562798895937799       -28.158833294507037        26.222352603081703     
 pneutrino =    46.672440428372404       -20.650821952622259        30.069841486864185       -29.114493254811403     
 pleptonlab   =    44.101830263985732        17.562798895937799       -28.158833294507037        29.044594529360342     
 pneutrinolab =    44.868040200430094       -20.650821952622259        30.069841486864185       -26.124280915881659     
 sqrt(s) =    93.629558461795753     
 sqrt_fs_cm =    88.847744935614372     
 phind channel           0
 bbb pw(0) qmod c1q   0.0000000000000000        0.0000000000000000        0.0000000000000000        0.0000000000000000     
 reduced to Born momenta
   46.814779230897877        0.0000000000000000        0.0000000000000000        46.814727135935627     
   46.814779230897877        0.0000000000000000        0.0000000000000000       -46.814727135935627     
   46.814779230897884        20.095108687110365       -30.656509044619632        29.120052383136532     
   46.814779230897869       -20.095108687110365        30.656509044619632       -29.120052383136532     
 >> Photon n.           1
 cm momentum     4.6513970073615543        3.0925444975961680       -1.9162634437045640        2.8982058354784281     
 lab momentum    4.8508787260392232        3.0925444975961680       -1.9162634437045640        3.2086020880516042     
 c_ph_up    0.62308287830335052     
 c_ph_up lab   0.66144759934484088     
 c_ph_lep  0.93663635088589481     
 c_ph_lep lab   0.94172920041806085     
 >> Photon n.           2
 cm momentum     9.2112729059791922E-003  -4.5214409117084377E-003   5.2552513474163204E-003  -6.0651837487280197E-003
 lab momentum    8.8342840118826992E-003  -4.5214409117084377E-003   5.2552513474163204E-003  -5.4757172461709904E-003
 c_ph_up   -0.65845229108248515     
 c_ph_up lab  -0.61982581030967387     
 c_ph_lep -0.99186560709712801     
 c_ph_lep lab  -0.99184797803157243     
 isvec for ranlux 
     9694957     1252334     7167226    16399770     5334141    13250981    11984409     2603513     3627080     4384046     3205779    13795264     8270940     7640603    12795748       19997    12743485    14635427     5286932    15315727    15130947     8180743    14720784    11532738    -4080923
  
 ====== DUMPING at point            1
 propag    0.0000000000000000        0.0000000000000000        0.0000000000000000        0.0000000000000000     
 test props.    0.0000000000000000        0.0000000000000000     
 Var          0.53915775565238022     
 Var before   0.47349442794789059     
 iev, nphot and rad. pattern    0.0000000000000000                3               0           0           1           2
 partons...            1          -1
 x1 & x2   0.99986299898051922       0.81368031543785779     
 sv & ME   0.56293934609882990        9972798571919.2539     
 plepton   =    45.039243765793209        36.417950296497565       -6.1193313967948839        25.783890217752411     
 pneutrino =    42.007009671766745       -33.894038659213692        5.7782818310828405       -24.132619010806550     
 pleptonlab   =    47.939579809550565        36.417950296497565       -6.1193313967948839        30.569246442835887     
 pneutrinolab =    39.739470524283206       -33.894038659213692        5.7782818310828405       -19.925359628052156     
 sqrt(s) =    90.198050999182428     
 sqrt_fs_cm =    86.993316387857874     
 phind channel           0
 bbb pw(0) qmod c1q   0.0000000000000000        0.0000000000000000        0.0000000000000000        0.0000000000000000     
 reduced to Born momenta
   45.099025499591214        0.0000000000000000        0.0000000000000000        45.098971422718485     
   45.099025499591214        0.0000000000000000        0.0000000000000000       -45.098971422718485     
   45.099025499591214        36.428312138008451       -6.1648746927376399        25.862778894000932     
   45.099025499591214       -36.428312138008451        6.1648746927376399       -25.862778894000932     
 >> Photon n.           1
 cm momentum     1.3751722034618323E-002   1.0270463421791524E-002  -1.2338721014234376E-003   9.0611809195257961E-003
 lab momentum    1.4759952261898742E-002   1.0270463421791524E-002  -1.2338721014234376E-003   1.0528595894633862E-002
 c_ph_up    0.65891245450681390     
 c_ph_up lab   0.71332181214517343     
 c_ph_lep  0.99329432437724763     
 c_ph_lep lab   0.99413038107135054     
 >> Photon n.           2
 cm momentum     3.0905112635730139       -2.5558974107461654       0.35375928726781308       -1.7010298829487038     
 lab momentum    2.9313680690516324       -2.5558974107461654       0.35375928726781308       -1.3911008405821303     
 c_ph_up   -0.55040403929222448     
 c_ph_up lab  -0.47455686485395360     
 c_ph_lep -0.99935755661929238     
 c_ph_lep lab  -0.98037410042622342     
 >> Photon n.           3
 cm momentum     4.7534576014840436E-002   2.1715310040502107E-002  -1.1475849454346097E-002   4.0697495083318040E-002
 lab momentum    5.1987365771546723E-002   2.1715310040502107E-002  -1.1475849454346097E-002   4.5819607036842208E-002
 c_ph_up    0.85616615304640897     
 c_ph_up lab   0.88136042972809747     
 c_ph_lep  0.89232451439726612     
 c_ph_lep lab   0.90750354832063396     
 isvec for ranlux 
     8192674     9675355    12081709     9480863      986779    11942623     6473535     8765465     4090856     8723139     4116667     2833519      419117    11029292     2425882     3624875     8132952    13471903     1621808    10524330     7978715     5812058      446896     1435424     4221707
  
 ====== DUMPING at point            1
 propag    0.0000000000000000        0.0000000000000000        0.0000000000000000        0.0000000000000000     
 test props.    0.0000000000000000        0.0000000000000000     
 Var          0.33589864557443194     
 Var before   0.28700084586700292     
 iev, nphot and rad. pattern    4.0000000000000000                2               0           0           1           1
 partons...            1          -1
 x1 & x2   0.81465479305654942       0.99980237838217401     
 sv & ME   0.58464399695191627        3894511474602.0986     
 plepton   =    44.582991953250868       -29.719926288023018        16.383856812421630       -28.912406077611532     
 pneutrino =    45.106153035612770        30.072841317141510       -16.539618172963621        29.268056371874941     
 pleptonlab   =    47.782632037491211       -29.719926288023018        16.383856812421630       -33.637240941007008     
 pneutrinolab =    42.340640994482861        30.072841317141510       -16.539618172963621        24.794837404968252     
 sqrt(s) =    90.249310227744999     
 sqrt_fs_cm =    89.687610242900206     
 phind channel           0
 bbb pw(0) qmod c1q   0.0000000000000000        0.0000000000000000        0.0000000000000000        0.0000000000000000     
 reduced to Born momenta
   45.124655113872500        0.0000000000000000        0.0000000000000000        45.124601067714046     
   45.124655113872500        0.0000000000000000        0.0000000000000000       -45.124601067714046     
   45.124655113872500       -30.083103514273517        16.564606878598841       -29.271898082656882     
   45.124655113872500        30.083103514273517       -16.564606878598841        29.271898082656882     
 >> Photon n.           1
 cm momentum    0.54241231140049695      -0.36472615650596540       0.16199525351069199      -0.36734654504870784     
 lab momentum   0.58293921107847524      -0.36472615650596540       0.16199525351069199      -0.42491233497415415     
 c_ph_up   -0.67724595723173553     
 c_ph_up lab  -0.72891362752565370     
 c_ph_lep  0.99720118395142998     
 c_ph_lep lab   0.99757015589622455     
 >> Photon n.           2
 cm momentum     1.7752927480865634E-002   1.1811127387472578E-002  -6.2338929686995498E-003   1.1696250785297299E-002
 lab momentum    1.6646328883625338E-002   1.1811127387472578E-002  -6.2338929686995498E-003   9.9366047316733208E-003
 c_ph_up    0.65883504553847194     
 c_ph_up lab   0.59692469139233217     
 c_ph_lep -0.99981224591529383     
 c_ph_lep lab  -0.98993913027182157     
 isvec for ranlux 
    10876423     5508206     6552395     8586876     3831691     8121497     1468692    10309077    15186285     7188278     4503280     9877336     1366014     5981390     5726979     1082832     5970519     4651962    15890584    14102435     4569516     6677682    13119496    13736282     4202010
  
 ====== DUMPING at point            1
 propag    0.0000000000000000        0.0000000000000000        0.0000000000000000        0.0000000000000000     
 test props.    0.0000000000000000        0.0000000000000000     
 Var          0.32937809231699983     
 Var before   0.28294904551801070     
 iev, nphot and rad. pattern    6.0000000000000000                2               0           0           1           1
 partons...            1          -1
 x1 & x2   0.99985005286215844       0.84397454501042546     
 sv & ME   0.56109108626571602        125010850900.12839     
 plepton   =    44.740417206149125       0.21658685297652425       -42.458203315373382        14.104886722492695     
 pneutrino =    45.791993121093839      -0.16424623864748050        43.469562728116372       -14.396722186327109     
 pleptonlab   =    46.097856767751310       0.21658685297652425       -42.458203315373382        17.951470587508460     
 pneutrinolab =    44.735050030965631      -0.16424623864748050        43.469562728116372       -10.563317517758133     
 sqrt(s) =    91.861199286912750     
 sqrt_fs_cm =    90.526275546499107     
 phind channel           0
 bbb pw(0) qmod c1q   0.0000000000000000        0.0000000000000000        0.0000000000000000        0.0000000000000000     
 reduced to Born momenta
   45.930599643456375        0.0000000000000000        0.0000000000000000        45.930546545647324     
   45.930599643456375        0.0000000000000000        0.0000000000000000       -45.930546545647324     
   45.930599643456375       0.19337872900480110       -43.594462656376400        14.460091641652163     
   45.930599643456375      -0.19337872900480110        43.594462656376400       -14.460091641652163     
 >> Photon n.           1
 cm momentum     1.1912302019136900       -5.1355322693241195E-002  -1.1423064616979448       0.33395803979770478     
 lab momentum    1.2238439322183756       -5.1355322693241195E-002  -1.1423064616979448       0.43622534179243944     
 c_ph_up    0.28034719004035252     
 c_ph_up lab   0.35643870129888583     
 c_ph_lep  0.99819141787823862     
 c_ph_lep lab   0.99829144469771303     
 >> Photon n.           2
 cm momentum    0.13755875775609952       -9.8529163580255048E-004  0.13094704895495138       -4.2122575963291442E-002
 lab momentum   0.13447916269387872       -9.8529163580255048E-004  0.13094704895495138       -3.0603018956120831E-002
 c_ph_up   -0.30621515234949609     
 c_ph_up lab  -0.22756699508743916     
 c_ph_lep -0.99995205742404170     
 c_ph_lep lab  -0.98551005108662482     
 isvec for ranlux 
    13798336     8607402     7564242     6135960     8172408    11356951    12904116    12031075     5356482     9565784     5190119    11828940     9261313    15821424    16481898     3060787     3760646      711049     8167466     5757978    13465270     5714415     5077099     6269482     4100721
  
