 ====== DUMPING at point            1
 propag    0.0000000000000000        0.0000000000000000        0.0000000000000000        0.0000000000000000     
 test props.    0.0000000000000000        0.0000000000000000     
 Var           3.6661991695674976     
 Var before    0.0000000000000000     
 iev, nphot and rad. pattern    0.0000000000000000                0               0           0           0           0
 partons...            1          -1
 x1 & x2   0.96630382698579709       0.83855476500380655     
 sv & ME    1.0000000000000000        27093.375536910145     
 plepton   =    45.008295861995101        3.9830907825398163       -5.0744273856246247        44.543469860749354     
 pneutrino =    45.008295861995101       -3.9830907825398163        5.0744273856246247       -44.543469860749354     
 pleptonlab   =    48.282207937839409        3.9830907825398163       -5.0744273856246247        47.849196588734522     
 pneutrinolab =    41.960721661640783       -3.9830907825398163        5.0744273856246247       -41.461743489635005     
 sqrt(s) =    90.016591723990203     
 sqrt_fs_cm =    90.016591723990203     
 phind channel           0
 bbb pw(0) qmod c1q   0.0000000000000000        0.0000000000000000        0.0000000000000000        0.0000000000000000     
 reduced to Born momenta
   45.444035983348869        0.0000000000000000        0.0000000000000000        45.443982317027491     
   45.444035983348869        0.0000000000000000        0.0000000000000000       -45.443982317027491     
   45.444035983348876       -34.152092317165511        8.0006185590294869        28.892454651641430     
   45.444035983348861        34.152092317165511       -8.0006185590294869       -28.892454651641430     
 isvec for ranlux 
     9644655    14614328     8305202     1457455     1056974    16450356    10467055     4514011      135838    16753179    11474510      425858    13826447     7299317     7668616    13721940      957152    13197359    14184585     9294164    15939178     5902395     5267822    14659295     4102414
  
 ====== DUMPING at point            1
 propag    0.0000000000000000        0.0000000000000000        0.0000000000000000        0.0000000000000000     
 test props.    0.0000000000000000        0.0000000000000000     
 Var           2.4875785774011394     
 Var before    2.1991036933242198     
 iev, nphot and rad. pattern    0.0000000000000000                0               0           0           0           0
 partons...            1          -1
 x1 & x2   0.99427728318130171       0.99976866665782238     
 sv & ME    1.0000000000000000        450.33875968620606     
 plepton   =    49.850959712284677        42.946285615871474        24.649366648503285        5.7560660326308799     
 pneutrino =    49.850959712284663       -42.946285615871474       -24.649366648503285       -5.7560660326308799     
 pleptonlab   =    49.835297112386790        42.946285615871474        24.649366648503285        5.6188032725879555     
 pneutrinolab =    49.867000379569383       -42.946285615871474       -24.649366648503285       -5.8933724464139932     
 sqrt(s) =    99.701919424569340     
 sqrt_fs_cm =    99.701919424569340     
 phind channel           0
 bbb pw(0) qmod c1q   0.0000000000000000        0.0000000000000000        0.0000000000000000        0.0000000000000000     
 reduced to Born momenta
   49.850959712284670        0.0000000000000000        0.0000000000000000        49.850910790177437     
   49.850959712284670        0.0000000000000000        0.0000000000000000       -49.850910790177437     
   49.850959712284677        42.946285615871474        24.649366648503285        5.7560660326308799     
   49.850959712284663       -42.946285615871474       -24.649366648503285       -5.7560660326308799     
 isvec for ranlux 
    13828964    12538209    14722825      978898    10903123    16188213     3834576      755982    12350293    13898296    16631971     2580472     9212313    13500588    11285027    12295266    14794390     9041223     4836823     6203403     5099258      436050     2993088    13331992     4071707
  
 ====== DUMPING at point            1
 propag    0.0000000000000000        0.0000000000000000        0.0000000000000000        0.0000000000000000     
 test props.    0.0000000000000000        0.0000000000000000     
 Var           2.3587547152179948     
 Var before    1.7274052367494011     
 iev, nphot and rad. pattern    0.0000000000000000                0               0           0           0           0
 partons...            1          -1
 x1 & x2   0.82317572525694382       0.99238045783327489     
 sv & ME    1.0000000000000000        11806.523991917436     
 plepton   =    45.191357113604248       -23.108220578668416        38.216337498153166       -6.9115326804334343     
 pneutrino =    45.191357113604262        23.108220578668416       -38.216337498153166        6.9115326804334343     
 pleptonlab   =    46.035855738705123       -23.108220578668416        38.216337498153166       -11.171863757594767     
 pneutrinolab =    44.741953415805803        23.108220578668416       -38.216337498153166        2.7116271287782165     
 sqrt(s) =    90.382714227208510     
 sqrt_fs_cm =    90.382714227208510     
 phind channel           0
 bbb pw(0) qmod c1q   0.0000000000000000        0.0000000000000000        0.0000000000000000        0.0000000000000000     
 reduced to Born momenta
   45.191357113604255        0.0000000000000000        0.0000000000000000        45.191303147217496     
   45.191357113604255        0.0000000000000000        0.0000000000000000       -45.191303147217496     
   45.191357113604248       -23.108220578668416        38.216337498153166       -6.9115326804334343     
   45.191357113604262        23.108220578668416       -38.216337498153166        6.9115326804334343     
 isvec for ranlux 
    15326067    15249886     2032167    12287672     2672740     1104457     9630857    11203193     9414693    13903049     1041894    12159642    14667289     9413416    16351989    16702048    13674632     3503371    11931980     1731313     7232330     5707229     4337415    14161190    -4121101
  
 ====== DUMPING at point            1
 propag    0.0000000000000000        0.0000000000000000        0.0000000000000000        0.0000000000000000     
 test props.    0.0000000000000000        0.0000000000000000     
 Var           9.4437506739793378     
 Var before    2.0190005189657536     
 iev, nphot and rad. pattern    0.0000000000000000                0               0           0           0           0
 partons...            1          -1
 x1 & x2   0.99890101058671721       0.77118040421532164     
 sv & ME    1.0000000000000000        2451.6823026975221     
 plepton   =    43.884304857071548        39.937652566873517        4.2296286839824413        17.689409197038209     
 pneutrino =    43.884304857071562       -39.937652566873517       -4.2296286839824413       -17.689409197038209     
 pleptonlab   =    46.546843845325327        39.937652566873517        4.2296286839824413        23.530653558984866     
 pneutrinolab =    41.957226894776603       -39.937652566873517       -4.2296286839824413       -12.144623240415086     
 sqrt(s) =    87.768609714143111     
 sqrt_fs_cm =    87.768609714143111     
 phind channel           0
 bbb pw(0) qmod c1q   0.0000000000000000        0.0000000000000000        0.0000000000000000        0.0000000000000000     
 reduced to Born momenta
   43.884304857071555        0.0000000000000000        0.0000000000000000        43.884249283345319     
   43.884304857071555        0.0000000000000000        0.0000000000000000       -43.884249283345319     
   43.884304857071548        39.937652566873517        4.2296286839824413        17.689409197038209     
   43.884304857071562       -39.937652566873517       -4.2296286839824413       -17.689409197038209     
 isvec for ranlux 
     4925990     5576093    15184408    11784099    11845403    13164298      418628     8394559    12727338     1012832     9828754     3599171     1962348     6110377     3755204    14196229     8714040    12307127     8788506     3545955     7555912     3534851     9276842     7912478    -4100317
  
 ====== DUMPING at point            1
 propag    0.0000000000000000        0.0000000000000000        0.0000000000000000        0.0000000000000000     
 test props.    0.0000000000000000        0.0000000000000000     
 Var           6.5167138809722962     
 Var before    2.5733580615628142     
 iev, nphot and rad. pattern    0.0000000000000000                0               0           0           0           0
 partons...            1          -1
 x1 & x2   0.82470470366253779       0.99938485687082601     
 sv & ME    1.0000000000000000        28186.318666301617     
 plepton   =    45.392658884187497       -11.975887523780273       -29.167099630496129        32.654873052076240     
 pneutrino =    45.392658884187483        11.975887523780273        29.167099630496129       -32.654873052076240     
 pleptonlab   =    42.460674734026739       -11.975887523780273       -29.167099630496129        28.438638370003336     
 pneutrinolab =    48.743803292641438        11.975887523780273        29.167099630496129       -37.172646030417745     
 sqrt(s) =    90.785317768374981     
 sqrt_fs_cm =    90.785317768374981     
 phind channel           0
 bbb pw(0) qmod c1q   0.0000000000000000        0.0000000000000000        0.0000000000000000        0.0000000000000000     
 reduced to Born momenta
   45.392658884187490        0.0000000000000000        0.0000000000000000        45.392605157124500     
   45.392658884187490        0.0000000000000000        0.0000000000000000       -45.392605157124500     
   45.392658884187497       -11.975887523780273       -29.167099630496129        32.654873052076240     
   45.392658884187483        11.975887523780273        29.167099630496129       -32.654873052076240     
 isvec for ranlux 
     6421334     2423437     5715606     3926529     7706024    16732713    16568292    10697716    10804217    12296899    13403552     1093186    11046168     8745017     6064867     7111243    12495416     9149192     9988395     7047572    10817188      356677    10759454     5582999    -4161404
  
 ====== DUMPING at point            1
 propag    0.0000000000000000        0.0000000000000000        0.0000000000000000        0.0000000000000000     
 test props.    0.0000000000000000        0.0000000000000000     
 Var           2.0806851131064601     
 Var before    1.8049267620686691     
 iev, nphot and rad. pattern    0.0000000000000000                0               0           0           0           0
 partons...            1          -1
 x1 & x2   0.84765237563245932       0.99911913573517253     
 sv & ME    1.0000000000000000        24099.855486209697     
 plepton   =    46.013740038866899        26.852657292563613        3.7147198459720232        37.180488989079031     
 pneutrino =    46.013740038866885       -26.852657292563613       -3.7147198459720232       -37.180488989079031     
 pleptonlab   =    43.109545084807166        26.852657292563613        3.7147198459720232        33.519507253562452     
 pneutrinolab =    49.229030483574455       -26.852657292563613       -3.7147198459720232       -41.092845258698119     
 sqrt(s) =    92.027480077733784     
 sqrt_fs_cm =    92.027480077733784     
 phind channel           0
 bbb pw(0) qmod c1q   0.0000000000000000        0.0000000000000000        0.0000000000000000        0.0000000000000000     
 reduced to Born momenta
   46.013740038866892        0.0000000000000000        0.0000000000000000        46.013687036998263     
   46.013740038866892        0.0000000000000000        0.0000000000000000       -46.013687036998263     
   46.013740038866899        26.852657292563613        3.7147198459720232        37.180488989079031     
   46.013740038866885       -26.852657292563613       -3.7147198459720232       -37.180488989079031     
 isvec for ranlux 
    10671788    15112082    16580349    15196529    12173453     4126535    14349879    14774021     1833402    14749546    12999650    11317858    16659325    10501234     7001243    11690730    15931723    11335180     5068908     1086744     3192185    13920432    14783369     9387395    -4011707
  
 ====== DUMPING at point            1
 propag    0.0000000000000000        0.0000000000000000        0.0000000000000000        0.0000000000000000     
 test props.    0.0000000000000000        0.0000000000000000     
 Var          0.82560565053124657     
 Var before   0.72257724188161598     
 iev, nphot and rad. pattern    0.0000000000000000                0               0           0           0           0
 partons...            1          -1
 x1 & x2   0.99951307781107235       0.82717031903710314     
 sv & ME    1.0000000000000000        18326.363415682008     
 plepton   =    45.463379533827606        42.835504371485364       -12.818952373731575        8.2281067218313932     
 pneutrino =    45.463379533827577       -42.835504371485364        12.818952373731575       -8.2281067218313932     
 pleptonlab   =    46.446863408014835        42.835504371485364       -12.818952373731575        12.573542938717759     
 pneutrinolab =    44.887306434393928       -42.835504371485364        12.818952373731575       -3.9564050000192967     
 sqrt(s) =    90.926759067655183     
 sqrt_fs_cm =    90.926759067655183     
 phind channel           0
 bbb pw(0) qmod c1q   0.0000000000000000        0.0000000000000000        0.0000000000000000        0.0000000000000000     
 reduced to Born momenta
   45.463379533827592        0.0000000000000000        0.0000000000000000        45.463325890339931     
   45.463379533827592        0.0000000000000000        0.0000000000000000       -45.463325890339931     
   45.463379533827606        42.835504371485364       -12.818952373731575        8.2281067218313932     
   45.463379533827577       -42.835504371485364        12.818952373731575       -8.2281067218313932     
 isvec for ranlux 
    16299211     3254293    16131975     5266621    16545363    14473301     5355798     5599353    11050532    14547556    11682091     8225026    12673044    12120042     6959192    14507471     7976243    13182463     2472364    15582834    14772810    14376851    13178594     7905684     4032111
  
 ====== DUMPING at point            1
 propag    0.0000000000000000        0.0000000000000000        0.0000000000000000        0.0000000000000000     
 test props.    0.0000000000000000        0.0000000000000000     
 Var          0.76682152930323255     
 Var before   0.57784186185184594     
 iev, nphot and rad. pattern    0.0000000000000000                0               0           0           0           0
 partons...            1          -1
 x1 & x2   0.99986884351266192       0.86128734491253112     
 sv & ME    1.0000000000000000        7650.8943789614095     
 plepton   =    46.399740879927990       -26.241783251994754       -18.567042044158875       -33.459805013161038     
 pneutrino =    46.399740879927961        26.241783251994754        18.567042044158875        33.459805013161038     
 pleptonlab   =    44.030555671574163       -26.241783251994754       -18.567042044158875       -30.088410236200371     
 pneutrinolab =    49.027253749685492        26.241783251994754        18.567042044158875        37.017485166206910     
 sqrt(s) =    92.799481759855951     
 sqrt_fs_cm =    92.799481759855951     
 phind channel           0
 bbb pw(0) qmod c1q   0.0000000000000000        0.0000000000000000        0.0000000000000000        0.0000000000000000     
 reduced to Born momenta
   46.399740879927982        0.0000000000000000        0.0000000000000000        46.399688318983998     
   46.399740879927968        0.0000000000000000        0.0000000000000000       -46.399688318983983     
   46.399740879927990       -26.241783251994754       -18.567042044158875       -33.459805013161038     
   46.399740879927961        26.241783251994754        18.567042044158875        33.459805013161038     
 isvec for ranlux 
     1948374     8671651     4823179    12041177      945790    14706172    15752365     3472617     5950536     1314392     5216746    14238364     5005588     6648891    15103801      817999     4819676    14947327    12782556      118696     8196223    16643681    15944295     5417153    -4030721
  
 ====== DUMPING at point            1
 propag    0.0000000000000000        0.0000000000000000        0.0000000000000000        0.0000000000000000     
 test props.    0.0000000000000000        0.0000000000000000     
 Var          0.72379622236825369     
 Var before   0.62932414484810251     
 iev, nphot and rad. pattern    0.0000000000000000                0               0           0           0           0
 partons...            1          -1
 x1 & x2   0.81909447783489797       0.99982040967889885     
 sv & ME    1.0000000000000000        15262.181775651350     
 plepton   =    45.247855650699393       -30.559439471038829       -18.060023787019734       -28.059106851845016     
 pneutrino =    45.247855650699393        30.559439471038829        18.060023787019734        28.059106851845016     
 pleptonlab   =    48.274666968826828       -30.559439471038829       -18.060023787019734       -32.716792435809886     
 pneutrinolab =    42.671077406863020        30.559439471038829        18.060023787019734        23.680495843609840     
 sqrt(s) =    90.495711301398785     
 sqrt_fs_cm =    90.495711301398785     
 phind channel           0
 bbb pw(0) qmod c1q   0.0000000000000000        0.0000000000000000        0.0000000000000000        0.0000000000000000     
 reduced to Born momenta
   45.247855650699393        0.0000000000000000        0.0000000000000000        45.247801751697601     
   45.247855650699393        0.0000000000000000        0.0000000000000000       -45.247801751697601     
   45.247855650699393       -30.559439471038829       -18.060023787019734       -28.059106851845016     
   45.247855650699393        30.559439471038829        18.060023787019734        28.059106851845016     
 isvec for ranlux 
    12039140    13414567       24956      680525     5161984    15245004     2427930     4072528    10460989    10949186    15097278     6403010    13177578     2354914     6551446    11760129     9565449    15230204    12264909     7341336     7576794     6409704     4349288     8230537    -4080317
  
 ====== DUMPING at point            1
 propag    0.0000000000000000        0.0000000000000000        0.0000000000000000        0.0000000000000000     
 test props.    0.0000000000000000        0.0000000000000000     
 Var          0.56836243921797680     
 Var before   0.51350470949643545     
 iev, nphot and rad. pattern    0.0000000000000000                0               0           0           0           0
 partons...            1          -1
 x1 & x2   0.99988262106113712       0.82578365637119366     
 sv & ME    1.0000000000000000        27693.905169374317     
 plepton   =    45.433652911742598       -31.180321682258242        13.317479851607271        30.242981390831158     
 pneutrino =    45.433652911742584        31.180321682258242       -13.317479851607271       -30.242981390831158     
 pleptonlab   =    48.538888069473117       -31.180321682258242        13.317479851607271        34.733913708683950     
 pneutrinolab =    42.744425802143404        31.180321682258242       -13.317479851607271       -26.028965474186784     
 sqrt(s) =    90.867305823485182     
 sqrt_fs_cm =    90.867305823485182     
 phind channel           0
 bbb pw(0) qmod c1q   0.0000000000000000        0.0000000000000000        0.0000000000000000        0.0000000000000000     
 reduced to Born momenta
   45.433652911742584        0.0000000000000000        0.0000000000000000        45.433599233156677     
   45.433652911742598        0.0000000000000000        0.0000000000000000       -45.433599233156691     
   45.433652911742598       -31.180321682258242        13.317479851607271        30.242981390831158     
   45.433652911742584        31.180321682258242       -13.317479851607271       -30.242981390831158     
 isvec for ranlux 
     1557697     2758898    12299107    12897799     9719336    12650748     3944842    11864134     1592213     5193147     1439382    14514151    13647109    11293445     6602871     1680709     7646021     3836307     1590689    12608638     8765967     5583163     6364299      289554    -4082414
  
