 ====== DUMPING at point            1
 propag    0.0000000000000000        0.0000000000000000        0.0000000000000000        0.0000000000000000     
 test props.    0.0000000000000000        0.0000000000000000     
 Var           1.4350729925700871     
 Var before    0.0000000000000000     
 iev, nphot and rad. pattern    0.0000000000000000                0               0           1           0           0
 partons...            1          -1
 x1 & x2   0.94693539778351188       0.97588642440755047     
 sv & ME   0.57498836592548197        870.36686005384763     
 plepton   =    48.065096470513126       -21.088354795801298        38.359754645008636       -19.850764484256235     
 pneutrino =    48.065096470513112        21.088354795801298       -38.359754645008636        19.850764484256235     
 pleptonlab   =    48.369463092289365       -21.088354795801298        38.359754645008636       -20.576790608013148     
 pneutrinolab =    47.771628017263772        21.088354795801298       -38.359754645008636        19.129239276811219     
 sqrt(s) =    96.130192941026237     
 sqrt_fs_cm =    96.130192941026237     
 phind channel           0
 bbb pw(0) qmod c1q   0.0000000000000000        0.0000000000000000        0.0000000000000000        0.0000000000000000     
 reduced to Born momenta
   48.065096470513119        0.0000000000000000        0.0000000000000000        48.065045730698444     
   48.065096470513119        0.0000000000000000        0.0000000000000000       -48.065045730698444     
   48.065096470513126       -21.088354795801298        38.359754645008636       -19.850764484256235     
   48.065096470513112        21.088354795801298       -38.359754645008636        19.850764484256235     
 isvec for ranlux 
     9644655    14614328     8305202     5902523     6611641    14048799     7267313     8683348    14048746     9318201     4464668     5476536     8218591     7359978     7668616    13721940      957152    13197359    14184585     9294164    15939178     5902395     5267822    14659295     4211303
  
 ====== DUMPING at point            1
 propag    0.0000000000000000        0.0000000000000000        0.0000000000000000        0.0000000000000000     
 test props.    0.0000000000000000        0.0000000000000000     
 Var           3.1395121965172752     
 Var before    1.4350729925700871     
 iev, nphot and rad. pattern    0.0000000000000000                0               0           1           0           0
 partons...            1          -1
 x1 & x2   0.94202739372094357       0.88959943842295286     
 sv & ME   0.55543759659904834        21735.389957249634     
 plepton   =    45.771908427363755       -23.228255796194880       -29.625251023025143        26.035534791526597     
 pneutrino =    45.771908427363755        23.228255796194880        29.625251023025143       -26.035534791526597     
 pleptonlab   =    46.536209880461307       -23.228255796194880       -29.625251023025143        27.356905907579605     
 pneutrinolab =    45.045131726733501        23.228255796194880        29.625251023025143       -24.735508142680072     
 sqrt(s) =    91.543816854727510     
 sqrt_fs_cm =    91.543816854727510     
 phind channel           0
 bbb pw(0) qmod c1q   0.0000000000000000        0.0000000000000000        0.0000000000000000        0.0000000000000000     
 reduced to Born momenta
   45.771908427363748        0.0000000000000000        0.0000000000000000        45.771855145464365     
   45.771908427363762        0.0000000000000000        0.0000000000000000       -45.771855145464379     
   45.771908427363755       -23.228255796194880       -29.625251023025143        26.035534791526597     
   45.771908427363755        23.228255796194880        29.625251023025143       -26.035534791526597     
 isvec for ranlux 
      778671     5844720     9587749    10340955     5767304     1229801     7106317     9230034     7070010     1656684    15462261     7797679    14988199    15435044     9850695     6896914     2215452    12845121     6405628     3024976     4819489    10459877     1149857     7981361    -4092010
  
 ====== DUMPING at point            1
 propag    0.0000000000000000        0.0000000000000000        0.0000000000000000        0.0000000000000000     
 test props.    0.0000000000000000        0.0000000000000000     
 Var           2.6333586623573795     
 Var before    2.3693057873291368     
 iev, nphot and rad. pattern    0.0000000000000000                0               1           0           0           0
 partons...            1          -1
 x1 & x2   0.87467214063521326       0.95685164908005116     
 sv & ME   0.55400271572602722        20821.544181782272     
 plepton   =    45.741979629525829       0.81508815500744880       -39.947270641885090        22.268110299260687     
 pneutrino =    45.741979629525829      -0.81508815500744880        39.947270641885090       -22.268110299260687     
 pleptonlab   =    44.787929045413939       0.81508815500744880       -39.947270641885090        20.236072347397791     
 pneutrinolab =    46.788260440349298      -0.81508815500744880        39.947270641885090       -24.345047769639688     
 sqrt(s) =    91.483959259051659     
 sqrt_fs_cm =    91.483959259051659     
 phind channel           0
 bbb pw(0) qmod c1q   0.0000000000000000        0.0000000000000000        0.0000000000000000        0.0000000000000000     
 reduced to Born momenta
   45.741979629525829        0.0000000000000000        0.0000000000000000        45.741926312764271     
   45.741979629525829        0.0000000000000000        0.0000000000000000       -45.741926312764271     
   45.741979629525829       0.81508815500744880       -39.947270641885090        22.268110299260687     
   45.741979629525829      -0.81508815500744880        39.947270641885090       -22.268110299260687     
 isvec for ranlux 
     2803006     6819478    11266704    12521690      381903    12884269    10959814      755982    12350293    13898296    16631971     2580472     9212313    13500588    11285027    11301427    13249530     3480466    12322296     6680866     5860556      319932     9357205      566304    -4230115
  
 ====== DUMPING at point            1
 propag    0.0000000000000000        0.0000000000000000        0.0000000000000000        0.0000000000000000     
 test props.    0.0000000000000000        0.0000000000000000     
 Var           2.2487972319715555     
 Var before    1.8643950414090802     
 iev, nphot and rad. pattern    0.0000000000000000                1               0           0           1           0
 partons...            1          -1
 x1 & x2   0.86162213987822611       0.95881440568901921     
 sv & ME   0.58203941607839838        5285391048.2514019     
 plepton   =    45.439552118982093        27.907283267128136        14.829818233523966       -32.649682462332350     
 pneutrino =    45.445942796927369       -27.910932680623084       -14.833094036719181        32.653969302455366     
 pleptonlab   =    47.250093476047844        27.907283267128136        14.829818233523966       -35.125776882692591     
 pneutrinolab =    43.764981767540142       -27.910932680623084       -14.833094036719181        30.270804806235720     
 sqrt(s) =    90.892008448259205     
 sqrt_fs_cm =    90.885494682505310     
 phind channel           0
 bbb pw(0) qmod c1q   0.0000000000000000        0.0000000000000000        0.0000000000000000        0.0000000000000000     
 reduced to Born momenta
   45.446004224129602        0.0000000000000000        0.0000000000000000        45.445950560132474     
   45.446004224129602        0.0000000000000000        0.0000000000000000       -45.445950560132474     
   45.446004224129602        27.911108167021435        14.832519054123319       -32.654165976886247     
   45.446004224129602       -27.911108167021435       -14.832519054123319        32.654165976886247     
 >> Photon n.           1
 cm momentum     6.5135323497436714E-003   3.6494134949475706E-003   3.2758031952150337E-003  -4.2868401230126193E-003
 lab momentum    6.7520347742778732E-003   3.6494134949475706E-003   3.2758031952150337E-003  -4.6412140827773911E-003
 c_ph_up   -0.65814367578619926     
 c_ph_up lab  -0.68738006214930469     
 c_ph_lep  0.98113856417381162     
 c_ph_lep lab   0.98250201139142246     
 isvec for ranlux 
    13077225     6767474    12978143    11216133     7787453     7756591     1456377     6700084     7382700    12480500    14719702    13291644     7895789     6891298      102469     9060833    10785562     3405521     1113041     5184210    10069583      203884    13164889     3691341     4042414
  
 ====== DUMPING at point            1
 propag    0.0000000000000000        0.0000000000000000        0.0000000000000000        0.0000000000000000     
 test props.    0.0000000000000000        0.0000000000000000     
 Var           2.2181139066412747     
 Var before    1.8058760888875691     
 iev, nphot and rad. pattern    0.0000000000000000                0               0           1           0           0
 partons...            1          -1
 x1 & x2   0.98378947381147708       0.86646359890382174     
 sv & ME   0.55442585678100342        10658.690472130387     
 plepton   =    46.163236672767809        22.355254926956302        34.612728701485551        20.814294256655970     
 pneutrino =    46.163236672767781       -22.355254926956302       -34.612728701485551       -20.814294256655970     
 pleptonlab   =    47.578837683811500        22.355254926956302        34.612728701485551        23.789414045729853     
 pneutrinolab =    44.933815951953427       -22.355254926956302       -34.612728701485551       -17.923120300347083     
 sqrt(s) =    92.326473345535589     
 sqrt_fs_cm =    92.326473345535589     
 phind channel           0
 bbb pw(0) qmod c1q   0.0000000000000000        0.0000000000000000        0.0000000000000000        0.0000000000000000     
 reduced to Born momenta
   46.163236672767802        0.0000000000000000        0.0000000000000000        46.163183842542466     
   46.163236672767788        0.0000000000000000        0.0000000000000000       -46.163183842542452     
   46.163236672767809        22.355254926956302        34.612728701485551        20.814294256655970     
   46.163236672767781       -22.355254926956302       -34.612728701485551       -20.814294256655970     
 isvec for ranlux 
     2097233     6471148     4378437     8640871    15711293     8225040    11065883    15787977     7243899     4917269    11956633    15358016     1047827     9592925      229606     7295905     6628324     2019165    14002484    11234980     6728922     2987987     4664818    12003099    -4080923
  
 ====== DUMPING at point            1
 propag    0.0000000000000000        0.0000000000000000        0.0000000000000000        0.0000000000000000     
 test props.    0.0000000000000000        0.0000000000000000     
 Var           2.5132638582669680     
 Var before    1.9518798335664287     
 iev, nphot and rad. pattern    0.0000000000000000                2               0           0           1           1
 partons...            1          -1
 x1 & x2   0.89100099835885416       0.95170672822493396     
 sv & ME   0.56408361965129028        34541516361.885223     
 plepton   =    45.972156278118028       -29.423049774810870        4.8955386190684855        34.982078736782483     
 pneutrino =    45.849787561558891        29.309903068766094       -4.9865628871269854       -34.903518854420348     
 pleptonlab   =    44.844055950909073       -29.423049774810870        4.8955386190684855        33.485758674621756     
 pneutrinolab =    47.025165812959095        29.309903068766094       -4.9865628871269854       -36.433759464500696     
 sqrt(s) =    92.085375874416385     
 sqrt_fs_cm =    91.821795404180591     
 phind channel           0
 bbb pw(0) qmod c1q   0.0000000000000000        0.0000000000000000        0.0000000000000000        0.0000000000000000     
 reduced to Born momenta
   46.042687937208200        0.0000000000000000        0.0000000000000000        46.042634968662874     
   46.042687937208186        0.0000000000000000        0.0000000000000000       -46.042634968662860     
   46.042687937208193       -29.450737454042983        4.9552648510155040        35.043078666991988     
   46.042687937208193        29.450737454042983       -4.9552648510155040       -35.043078666991988     
 >> Photon n.           1
 cm momentum     5.4306836782727942E-002  -3.4389836783479240E-002   4.5200433342099658E-003   4.1786850271447532E-002
 lab momentum    5.2958966380470762E-002  -3.4389836783479240E-002   4.5200433342099658E-003   4.0019500925803093E-002
 c_ph_up    0.76945837296009956     
 c_ph_up lab   0.75566997736120378     
 c_ph_lep  0.99967035864389742     
 c_ph_lep lab   0.99965346448735237     
 >> Photon n.           2
 cm momentum    0.20912519795673501       0.14753654282825726        8.6504224724289688E-002 -0.12034673263358255     
 lab momentum   0.21320559894073840       0.14753654282825726        8.6504224724289688E-002 -0.12730520435086068     
 c_ph_up   -0.57547695738932692     
 c_ph_up lab  -0.59710066238103732     
 c_ph_lep -0.84538636145086865     
 c_ph_lep lab  -0.85560308225260162     
 isvec for ranlux 
     7705512     6767400    12346605     2442596     4398068    14780140    11606138    14688674    13412440     5267269    10109083     1735670     8876049    16397594    14292833    16049731     7015236     2292865    16408353     4672107     7144624     1147718    13770713    15989233    -4151606
  
 ====== DUMPING at point            1
 propag    0.0000000000000000        0.0000000000000000        0.0000000000000000        0.0000000000000000     
 test props.    0.0000000000000000        0.0000000000000000     
 Var           1.9511970567195371     
 Var before    1.5070849280295588     
 iev, nphot and rad. pattern    0.0000000000000000                2               1           0           1           0
 partons...            1          -1
 x1 & x2   0.99101554120564006       0.83096236744811436     
 sv & ME   0.58092820397645006        31366793.785977218     
 plepton   =    44.811117455184949        4.3376159985437228       -29.031007773334387       -33.858688087471563     
 pneutrino =    44.967101495442279       -5.0690595301031269        29.265147792996956        33.762180222021421     
 pleptonlab   =    41.999137902379488        4.3376159985437228       -29.031007773334387       -30.038343762021849     
 pneutrinolab =    48.118992552096380       -5.0690595301031269        29.265147792996956        37.858711555883062     
 sqrt(s) =    90.746714557504134     
 sqrt_fs_cm =    89.774882082852116     
 phind channel           0
 bbb pw(0) qmod c1q   0.0000000000000000        0.0000000000000000        0.0000000000000000        0.0000000000000000     
 reduced to Born momenta
   44.991698763910350        0.0000000000000000        0.0000000000000000        44.991644558038239     
   44.991698763910350        0.0000000000000000        0.0000000000000000       -44.991644558038239     
   44.991698763910350        4.7139435693555285       -29.215676941645228       -33.889006341840933     
   44.991698763910350       -4.7139435693555285        29.215676941645228        33.889006341840933     
 >> Photon n.           1
 cm momentum    0.76010670471108299       0.71307129585785600       -9.1124609454139499E-002  0.24695715240132232     
 lab momentum   0.78483497015449721       0.71307129585785600       -9.1124609454139499E-002  0.31494692084990916     
 c_ph_up    0.32489800559671533     
 c_ph_up lab   0.40129063156794720     
 c_ph_lep  -7.7013769500289306E-002
 c_ph_lep lab  -0.11291737962966665     
 >> Photon n.           2
 cm momentum    0.20838890216582390        1.8372235701548480E-002 -0.14301541020843009      -0.15044928695118009     
 lab momentum   0.19593000805737762        1.8372235701548480E-002 -0.14301541020843009      -0.13265602683483804     
 c_ph_up   -0.72196400762004687     
 c_ph_up lab  -0.67705824212486154     
 c_ph_lep  0.99865872860108318     
 c_ph_lep lab   0.99847793565766285     
 isvec for ranlux 
    10482904     1249819    12058037    14159976    14147930     6205970     8604369     9431829     9704793     2911077    12566670     7519744     8037451     9579103     1801853     7051106     4729559     8526420      295591      567446    12330918     8671797    12046268    10350963     4080418
  
 ====== DUMPING at point            1
 propag    0.0000000000000000        0.0000000000000000        0.0000000000000000        0.0000000000000000     
 test props.    0.0000000000000000        0.0000000000000000     
 Var           2.4874358267726455     
 Var before    1.6823267574905867     
 iev, nphot and rad. pattern    0.0000000000000000                0               0           0           1           0
 partons...            1          -1
 x1 & x2   0.78801170418191668       0.99690016282409055     
 sv & ME   0.55414026319376619        6853.5863294618430     
 plepton   =    44.316165115176709       -10.097712373767406        36.581376573730886        22.885594150287965     
 pneutrino =    44.316165115176709        10.097712373767406       -36.581376573730886       -22.885594150287965     
 pleptonlab   =    41.925961065198663       -10.097712373767406        36.581376573730886        17.821732248483695     
 pneutrinolab =    47.319632285101711        10.097712373767406       -36.581376573730886       -28.266155180592389     
 sqrt(s) =    88.632330230353418     
 sqrt_fs_cm =    88.632330230353418     
 phind channel           0
 bbb pw(0) qmod c1q   0.0000000000000000        0.0000000000000000        0.0000000000000000        0.0000000000000000     
 reduced to Born momenta
   44.316165115176709        0.0000000000000000        0.0000000000000000        44.316110083016142     
   44.316165115176709        0.0000000000000000        0.0000000000000000       -44.316110083016142     
   44.316165115176709       -10.097712373767406        36.581376573730886        22.885594150287965     
   44.316165115176709        10.097712373767406       -36.581376573730886       -22.885594150287965     
 isvec for ranlux 
     1529830    10969541     5398952    14836342    16636312     5190420     1470932    12386847    11625234     6824400      810679     8482292     6601895    16231455    13558496     6713029     1261892      214096    11394427     5414534     6660712     4299797     3825772    15586491    -4101909
  
 ====== DUMPING at point            1
 propag    0.0000000000000000        0.0000000000000000        0.0000000000000000        0.0000000000000000     
 test props.    0.0000000000000000        0.0000000000000000     
 Var           2.3718472030219484     
 Var before    1.6788631864485428     
 iev, nphot and rad. pattern    0.0000000000000000                1               1           0           0           0
 partons...            1          -1
 x1 & x2   0.99906993316453185       0.77321380600730605     
 sv & ME   0.55404577741141192        13644765810.249506     
 plepton   =    43.940377157347662        23.698410671641494        30.481184892397046        20.976851056157777     
 pneutrino =    43.943980211434010       -23.698553824363277       -30.481231610595508       -20.984167824014985     
 pleptonlab   =    46.996809210730014        23.698410671641494        30.481184892397046        26.794992283858278     
 pneutrinolab =    41.609059171971154       -23.698553824363277       -30.481231610595508       -15.510503138844939     
 sqrt(s) =    87.891675686017763     
 sqrt_fs_cm =    87.884357064075758     
 phind channel           0
 bbb pw(0) qmod c1q   0.0000000000000000        0.0000000000000000        0.0000000000000000        0.0000000000000000     
 reduced to Born momenta
   43.942178532037879        0.0000000000000000        0.0000000000000000        43.942123031504643     
   43.942178532037879        0.0000000000000000        0.0000000000000000       -43.942123031504643     
   43.942178532037879        23.698482246535146        30.481208251017435        20.980509365093766     
   43.942178532037879       -23.698482246535146       -30.481208251017435       -20.980509365093766     
 >> Photon n.           1
 cm momentum     7.3183172360942262E-003   1.4315272178306367E-004   4.6718198461803925E-005   7.3167678572093851E-003
 lab momentum    8.3185758907397978E-003   1.4315272178306367E-004   4.6718198461803925E-005   8.3172128479542945E-003
 c_ph_up    0.99978828754823590     
 c_ph_up lab   0.99983614469550963     
 c_ph_lep  0.49227201710170992     
 c_ph_lep lab   0.58237312139836783     
 isvec for ranlux 
     4582103    14909827     6058609    16033389    16400909    10270577    12793303      310030     7779432    12399011     3122562     7325754    11785470    16087410     4035484     7020979    11753393     9284947      731009     1133262     6407025    14657548    11290772     1908909    -4011606
  
 ====== DUMPING at point            1
 propag    0.0000000000000000        0.0000000000000000        0.0000000000000000        0.0000000000000000     
 test props.    0.0000000000000000        0.0000000000000000     
 Var           1.3063686801934211     
 Var before    1.1418160731593778     
 iev, nphot and rad. pattern    0.0000000000000000                0               0           1           0           0
 partons...            1          -1
 x1 & x2   0.99822608367522747       0.83368322404605910     
 sv & ME   0.56723743322760267        15546.585434136745     
 plepton   =    45.612617217312668       -14.933938802034433       -42.904858180049487       -4.0804781740073688     
 pneutrino =    45.612617217312639        14.933938802034433        42.904858180049487        4.0804781740073688     
 pleptonlab   =    45.429734982986972       -14.933938802034433       -42.904858180049487        1.6532994064941242E-002
 pneutrinolab =    46.165730403077347        14.933938802034433        42.904858180049487        8.2106099873934788     
 sqrt(s) =    91.225234434625307     
 sqrt_fs_cm =    91.225234434625307     
 phind channel           0
 bbb pw(0) qmod c1q   0.0000000000000000        0.0000000000000000        0.0000000000000000        0.0000000000000000     
 reduced to Born momenta
   45.612617217312653        0.0000000000000000        0.0000000000000000        45.612563749338698     
   45.612617217312653        0.0000000000000000        0.0000000000000000       -45.612563749338698     
   45.612617217312668       -14.933938802034433       -42.904858180049487       -4.0804781740073688     
   45.612617217312639        14.933938802034433        42.904858180049487        4.0804781740073688     
 isvec for ranlux 
    15697820    13958964    15496225    11578598     1704967     5619974     9875627     7164025     7377212     9094670     8478077    13805758     9465217     1972369     1888418    13095976    15555016    16310036     7352882    14970220     9477691      555846    10078497      522600     4061606
  
 ====== DUMPING at point            1
 propag    0.0000000000000000        0.0000000000000000        0.0000000000000000        0.0000000000000000     
 test props.    0.0000000000000000        0.0000000000000000     
 Var           1.3483246868581671     
 Var before   0.96889517697488736     
 iev, nphot and rad. pattern    0.0000000000000000                1               0           0           1           0
 partons...            1          -1
 x1 & x2   0.96472912457459348       0.99985227665595089     
 sv & ME   0.55600821905226105        30119237204.670830     
 plepton   =    49.106043338979589        47.772614220505709        10.746174665705992        3.6999174735592470     
 pneutrino =    49.106682165864335       -47.773217153194189       -10.746376451238815       -3.7000250877207987     
 pleptonlab   =    49.047734704427420        47.772614220505709        10.746174665705992        2.8224415914774688     
 pneutrinolab =    49.180692332526966       -47.773217153194189       -10.746376451238815       -4.5786952963941472     
 sqrt(s) =    98.213370350589713     
 sqrt_fs_cm =    98.212725502726940     
 phind channel           0
 bbb pw(0) qmod c1q   0.0000000000000000        0.0000000000000000        0.0000000000000000        0.0000000000000000     
 reduced to Born momenta
   49.106685175294857        0.0000000000000000        0.0000000000000000        49.106635511709861     
   49.106685175294857        0.0000000000000000        0.0000000000000000       -49.106635511709861     
   49.106685175294857        47.773229356068924        10.746346116667842        3.6999955739525152     
   49.106685175294857       -47.773229356068924       -10.746346116667842       -3.6999955739525152     
 >> Photon n.           1
 cm momentum     6.4484574578833507E-004   6.0293268848001912E-004   2.0178553282399202E-004   1.0761416155185183E-004
 lab momentum    6.4302457280885120E-004   6.0293268848001912E-004   2.0178553282399202E-004   9.6100848805823362E-005
 c_ph_up    0.16688357216390046     
 c_ph_up lab   0.14945128517567680     
 c_ph_lep  0.99066837144949960     
 c_ph_lep lab   0.99063081357855942     
 isvec for ranlux 
     8580474     7453528     6610367     9370130     6454595    13285363    12880910       20013     9703009    16699534     1920148     6241711     6714350     8434631    10339274    15950484     7679134     4788915     9680677     9420690    13578033     7433776    11266006     2295994     4192111
  
 ====== DUMPING at point            1
 propag    0.0000000000000000        0.0000000000000000        0.0000000000000000        0.0000000000000000     
 test props.    0.0000000000000000        0.0000000000000000     
 Var           1.0934871509485145     
 Var before   0.80394755693662090     
 iev, nphot and rad. pattern    0.0000000000000000                0               0           1           0           1
 partons...            1          -1
 x1 & x2   0.99980512848959135       0.84301143741435625     
 sv & ME   0.57507106202857516        13133.617988633505     
 plepton   =    45.903353867180982        17.822545909613925       -19.133279176284749       -37.727724789950209     
 pneutrino =    45.903353867180968       -17.822545909613925        19.133279176284749        37.727724789950209     
 pleptonlab   =    42.848716424376200        17.822545909613925       -19.133279176284749       -33.945188477709038     
 pneutrinolab =    49.292111870821174       -17.822545909613925        19.133279176284749        41.784873031470795     
 sqrt(s) =    91.806707734361950     
 sqrt_fs_cm =    91.806707734361950     
 phind channel           0
 bbb pw(0) qmod c1q   0.0000000000000000        0.0000000000000000        0.0000000000000000        0.0000000000000000     
 reduced to Born momenta
   45.903353867180975        0.0000000000000000        0.0000000000000000        45.903300737855858     
   45.903353867180975        0.0000000000000000        0.0000000000000000       -45.903300737855858     
   45.903353867180982        17.822545909613925       -19.133279176284749       -37.727724789950209     
   45.903353867180968       -17.822545909613925        19.133279176284749        37.727724789950209     
 isvec for ranlux 
    16005597     8434417    14436132    13695452    14164085      961699    13764582       67402     7211444    14390456      970651      358280     3303569    11896123     6216082     9295383     9040778    13778432     3232438     8688432    14560231     5902029      962798     8581584    -4231606
  
 ====== DUMPING at point            1
 propag    0.0000000000000000        0.0000000000000000        0.0000000000000000        0.0000000000000000     
 test props.    0.0000000000000000        0.0000000000000000     
 Var           1.1572931248825111     
 Var before    1.0355588510993559     
 iev, nphot and rad. pattern    0.0000000000000000                1               0           0           0           1
 partons...            1          -1
 x1 & x2   0.99933320042294316       0.80202074735684681     
 sv & ME   0.55348893783256026        1484878289.8719664     
 plepton   =    44.762872305754492        39.285963717175186        6.6437496067229764        20.400422038423038     
 pneutrino =    44.432667125819279       -38.996796992888370       -6.5942607983309145       -20.248859055300919     
 pleptonlab   =    47.281947203736337        39.285963717175186        6.6437496067229764        25.456728259173531     
 pneutrinolab =    42.470244459395552       -38.996796992888370       -6.5942607983309145       -15.475013717874358     
 sqrt(s) =    89.525748266167440     
 sqrt_fs_cm =    89.194928200066315     
 phind channel           0
 bbb pw(0) qmod c1q   0.0000000000000000        0.0000000000000000        0.0000000000000000        0.0000000000000000     
 reduced to Born momenta
   44.762874133083720        0.0000000000000000        0.0000000000000000        44.762819650114714     
   44.762874133083720        0.0000000000000000        0.0000000000000000       -44.762819650114714     
   44.762874133083720        39.286286206750091        6.6435089668884997        20.399883373466078     
   44.762874133083720       -39.286286206750091       -6.6435089668884997       -20.399883373466078     
 >> Photon n.           1
 cm momentum    0.33020883459366934      -0.28916672428681500       -4.9488808392062135E-002 -0.15156298312212044     
 lab momentum   0.31550572585759451      -0.28916672428681500       -4.9488808392062135E-002 -0.11609188799435774     
 c_ph_up   -0.45899130260588777     
 c_ph_up lab  -0.36795493228784237     
 c_ph_lep -0.99999179965551888     
 c_ph_lep lab  -0.98167386976079074     
 isvec for ranlux 
     7388714     9617288     1398336     2389383     4357369    14684140     9486446     3033673    14925955     8440235    11812995     4941409    14160479     3700818    15230137      144881    12942425     3385948     9189929     1666383    14135389     4984438     2235879     8010321    -4160317
  
 ====== DUMPING at point            1
 propag    0.0000000000000000        0.0000000000000000        0.0000000000000000        0.0000000000000000     
 test props.    0.0000000000000000        0.0000000000000000     
 Var          0.73239780856547754     
 Var before   0.63789890230015689     
 iev, nphot and rad. pattern    0.0000000000000000                0               0           1           0           0
 partons...            1          -1
 x1 & x2   0.81636317167115646       0.99974797194879916     
 sv & ME   0.55404949520632163        26131.880068776263     
 plepton   =    45.170715769509570       -33.687324546748478        17.155107526678574        24.723447374273803     
 pneutrino =    45.170715769509570        33.687324546748478       -17.155107526678574       -24.723447374273803     
 pleptonlab   =    42.893462332350062       -33.687324546748478        17.155107526678574        20.265843130632373     
 pneutrinolab =    47.912094848647733        33.687324546748478       -17.155107526678574       -29.435083144514504     
 sqrt(s) =    90.341431539019140     
 sqrt_fs_cm =    90.341431539019140     
 phind channel           0
 bbb pw(0) qmod c1q   0.0000000000000000        0.0000000000000000        0.0000000000000000        0.0000000000000000     
 reduced to Born momenta
   45.170715769509570        0.0000000000000000        0.0000000000000000        45.170661778462140     
   45.170715769509570        0.0000000000000000        0.0000000000000000       -45.170661778462140     
   45.170715769509570       -33.687324546748478        17.155107526678574        24.723447374273803     
   45.170715769509570        33.687324546748478       -17.155107526678574       -24.723447374273803     
 isvec for ranlux 
     1457327    11843211      842130     1627129    13128769     2257102     8061877     9626046    13167356     9311311       68476    11689171     5193999    15602726    13809534     9598677    15490076    16534941     4561603     1137849      146632    16199119     3483777    15651896    -4100317
  
 ====== DUMPING at point            1
 propag    0.0000000000000000        0.0000000000000000        0.0000000000000000        0.0000000000000000     
 test props.    0.0000000000000000        0.0000000000000000     
 Var          0.77043941941271132     
 Var before   0.68117926828554232     
 iev, nphot and rad. pattern    0.0000000000000000                1               0           0           0           1
 partons...            1          -1
 x1 & x2   0.80095007660462081       0.99954142379325783     
 sv & ME   0.55361743246124384        3640431471.7743745     
 plepton   =    44.737579180860671       -6.3766711517711405       -38.221441102872234        22.358428663798108     
 pneutrino =    44.733341522086057        6.3765762962881487        38.217283203669652       -22.357084320372493     
 pleptonlab   =    42.530982167278218       -6.3766711517711405       -38.221441102872234        17.530909430594541     
 pneutrinolab =    47.489045974928509        6.3765762962881487        38.217283203669652       -27.458639135717043     
 sqrt(s) =    89.475291558994172     
 sqrt_fs_cm =    89.470920596183646     
 phind channel           0
 bbb pw(0) qmod c1q   0.0000000000000000        0.0000000000000000        0.0000000000000000        0.0000000000000000     
 reduced to Born momenta
   44.737645779497086        0.0000000000000000        0.0000000000000000        44.737591265804127     
   44.737645779497086        0.0000000000000000        0.0000000000000000       -44.737591265804127     
   44.737645779497093       -6.3769352446885206       -38.221229262005480        22.358848735714261     
   44.737645779497079        6.3769352446885206        38.221229262005480       -22.358848735714261     
 >> Photon n.           1
 cm momentum     4.3708560474460889E-003   9.4855482992188290E-005   4.1578992025845616E-003  -1.3443434256130522E-003
 lab momentum    4.5468776871776077E-003   9.4855482992188290E-005   4.1578992025845616E-003  -1.8376543093429145E-003
 c_ph_up   -0.30756982408481703     
 c_ph_up lab  -0.40415740993543314     
 c_ph_lep -0.96953168033544990     
 c_ph_lep lab  -0.99151389879010621     
 isvec for ranlux 
    14521119     3284366     3463762    11480123     3336141    13887286     8647963     5115281    11781391     9822864    14374850       23828     6429012     3846061     5815448    12970300     6645149    13960673    15889545     2643589     8059802     5945202    14697481       61957    -4221909
  
 ====== DUMPING at point            1
 propag    0.0000000000000000        0.0000000000000000        0.0000000000000000        0.0000000000000000     
 test props.    0.0000000000000000        0.0000000000000000     
 Var          0.81517050954673265     
 Var before   0.66030102067030161     
 iev, nphot and rad. pattern    0.0000000000000000                2               0           0           1           1
 partons...            1          -1
 x1 & x2   0.99949389540443723       0.86583342334210345     
 sv & ME   0.56179705644759625        277097997.17542493     
 plepton   =    42.024596549997845        17.447946055806351       -27.979297435450885        26.053476638461635     
 pneutrino =    46.371428630108717       -20.517634723600267        29.875906404088589       -28.926719679024249     
 pleptonlab   =    44.004580156311050        17.447946055806351       -27.979297435450885        29.139663767689228     
 pneutrinolab =    44.412842666101312       -20.517634723600267        29.875906404088589       -25.669949588486773     
 sqrt(s) =    93.026620978489689     
 sqrt_fs_cm =    88.275600411295940     
 phind channel           0
 bbb pw(0) qmod c1q   0.0000000000000000        0.0000000000000000        0.0000000000000000        0.0000000000000000     
 reduced to Born momenta
   46.513310489244844        0.0000000000000000        0.0000000000000000        46.513258056636872     
   46.513310489244844        0.0000000000000000        0.0000000000000000       -46.513258056636872     
   46.513310489244851        19.964660055845979       -30.459915393675800        28.932383103402437     
   46.513310489244837       -19.964660055845979        30.459915393675800       -28.932383103402437     
 >> Photon n.           1
 cm momentum     4.6214438424470758        3.0741822229231972       -1.9018283447767095        2.8792700109852256     
 lab momentum    4.8402005498592713        3.0741822229231972       -1.9018283447767095        3.2186944511905553     
 c_ph_up    0.62302390965777443     
 c_ph_up lab   0.66499196015424167     
 c_ph_lep  0.93641685067114033     
 c_ph_lep lab   0.94202217698351276     
 >> Photon n.           2
 cm momentum     9.1519559360477079E-003  -4.4935551292829522E-003   5.2193761390057491E-003  -6.0269704226112771E-003
 lab momentum    8.7425650553530874E-003  -4.4935551292829522E-003   5.2193761390057491E-003  -5.3850272763239747E-003
 c_ph_up   -0.65854451930567737     
 c_ph_up lab  -0.61595507064905552     
 c_ph_lep -0.99182352352752989     
 c_ph_lep lab  -0.99127625747227444     
 isvec for ranlux 
     9694957     1252334     7167226    16399770     5334141    13250981    11984409     2603513     3627080     4384046     3205779    13795264     8270940     7640603    12795748       19997    12743485    14635427     5286932    15315727    15130947     8180743    14720784    11532738    -4080923
  
 ====== DUMPING at point            1
 propag    0.0000000000000000        0.0000000000000000        0.0000000000000000        0.0000000000000000     
 test props.    0.0000000000000000        0.0000000000000000     
 Var          0.58092798406826895     
 Var before   0.49936452604114684     
 iev, nphot and rad. pattern    0.0000000000000000                3               0           0           1           2
 partons...            1          -1
 x1 & x2   0.99986043101715172       0.80212485034071379     
 sv & ME   0.55671506773759516        12100129193334.197     
 plepton   =    44.718219248383754        36.158374013405101       -6.0757146285237775        25.600110341842370     
 pneutrino =    41.707620190781647       -33.652225013383536        5.7373723606512765       -23.960899990001806     
 pleptonlab   =    47.816124319371767        36.158374013405101       -6.0757146285237775        30.692478910860249     
 pneutrinolab =    39.315760878269103       -33.652225013383536        5.7373723606512765       -19.502005019730827     
 sqrt(s) =    89.555172859597249     
 sqrt_fs_cm =    86.373279744874097     
 phind channel           0
 bbb pw(0) qmod c1q   0.0000000000000000        0.0000000000000000        0.0000000000000000        0.0000000000000000     
 reduced to Born momenta
   44.777586429798625        0.0000000000000000        0.0000000000000000        44.777531964730770     
   44.777586429798625        0.0000000000000000        0.0000000000000000       -44.777531964730770     
   44.777586429798617        36.168542499140393       -6.1210791301496830        25.678590431659963     
   44.777586429798632       -36.168542499140393        6.1210791301496830       -25.678590431659963     
 >> Photon n.           1
 cm momentum     1.3653707926998769E-002   1.0194497898886932E-002  -1.2231425665066502E-003   8.9999930559627964E-003
 lab momentum    1.4730248812527590E-002   1.0194497898886932E-002  -1.2231425665066502E-003   1.0562024660573370E-002
 c_ph_up    0.65916109412053980     
 c_ph_up lab   0.71702961674284260     
 c_ph_lep  0.99325373539655037     
 c_ph_lep lab   0.99415193399565260     
 >> Photon n.           2
 cm momentum     3.0684839347174173       -2.5379143387694199       0.35095741884598730       -1.6886128498991197     
 lab momentum    2.9007057203589457       -2.5379143387694199       0.35095741884598730       -1.3601152066456181     
 c_ph_up   -0.55030851906826994     
 c_ph_up lab  -0.46889113814596528     
 c_ph_lep -0.99935207580482921     
 c_ph_lep lab  -0.97796912217577614     
 >> Photon n.           3
 cm momentum     4.7195777787430095E-002   2.1570840848965385E-002  -1.1392008406979317E-002   4.0402505002591106E-002
 lab momentum    5.1942901080942634E-002   2.1570840848965385E-002  -1.1392008406979317E-002   4.5858324677516410E-002
 c_ph_up    0.85606185334129026     
 c_ph_up lab   0.88286028934070071     
 c_ph_lep  0.89243545432247606     
 c_ph_lep lab   0.90859799133395069     
 isvec for ranlux 
     8192674     9675355    12081709     9480863      986779    11942623     6473535     8765465     4090856     8723139     4116667     2833519      419117    11029292     2425882     3624875     8132952    13471903     1621808    10524330     7978715     5812058      446896     1435424     4221707
  
 ====== DUMPING at point            1
 propag    0.0000000000000000        0.0000000000000000        0.0000000000000000        0.0000000000000000     
 test props.    0.0000000000000000        0.0000000000000000     
 Var          0.35238763971212805     
 Var before   0.30690679643838370     
 iev, nphot and rad. pattern    3.0000000000000000                2               0           0           1           1
 partons...            1          -1
 x1 & x2   0.80309324713123653       0.99979556844286788     
 sv & ME   0.58425268869819624        3972663897056.7139     
 plepton   =    44.265355976297386       -29.508168179265493        16.267252335584157       -28.706359716471773     
 pneutrino =    44.784779264788497        29.858576189579800       -16.421775520176702        29.059525233567484     
 pleptonlab   =    47.681978709643261       -29.508168179265493        16.267252335584157       -33.737285636666449     
 pneutrinolab =    41.864184579073729        29.858576189579800       -16.421775520176702        24.318501258820842     
 sqrt(s) =    89.606309461343358     
 sqrt_fs_cm =    89.048611428730055     
 phind channel           0
 bbb pw(0) qmod c1q   0.0000000000000000        0.0000000000000000        0.0000000000000000        0.0000000000000000     
 reduced to Born momenta
   44.803154730671679        0.0000000000000000        0.0000000000000000        44.803100296686033     
   44.803154730671679        0.0000000000000000        0.0000000000000000       -44.803100296686033     
   44.803154730671686       -29.868761533365866        16.446650986010876       -29.063314778880816     
   44.803154730671672        29.868761533365866       -16.446650986010876        29.063314778880816     
 >> Photon n.           1
 cm momentum    0.53854777735523862      -0.36213485443796606       0.16071130781290471      -0.36477929112893259     
 lab momentum   0.58181990980632292      -0.36213485443796606       0.16071130781290471      -0.42608054425108005     
 c_ph_up   -0.67733877376735641     
 c_ph_up lab  -0.73232376044490188     
 c_ph_lep  0.99718158496807396     
 c_ph_lep lab   0.99757814110172793     
 >> Photon n.           2
 cm momentum     1.7626442902232697E-002   1.1726844123660001E-002  -6.1881232203589995E-003   1.1613774033220389E-002
 lab momentum    1.6457580181890863E-002   1.1726844123660001E-002  -6.1881232203589995E-003   9.7488565151202088E-003
 c_ph_up    0.65888359311278288     
 c_ph_up lab   0.59236269289742771     
 c_ph_lep -0.99981041517789548     
 c_ph_lep lab  -0.98836966039746021     
 isvec for ranlux 
    10876423     5508206     6552395     8586876     3831691     8121497     1468692    10309077    15186285     7188278     4503280     9877336     1366014     5981390     5726979     1082832     5970519     4651962    15890584    14102435     4569516     6677682    13119496    13736282     4202010
  
 ====== DUMPING at point            1
 propag    0.0000000000000000        0.0000000000000000        0.0000000000000000        0.0000000000000000     
 test props.    0.0000000000000000        0.0000000000000000     
 Var          0.34764378251362138     
 Var before   0.29854703856205800     
 iev, nphot and rad. pattern    5.0000000000000000                2               0           0           1           1
 partons...            1          -1
 x1 & x2   0.99985005286215844       0.84397454501042546     
 sv & ME   0.55489943040468459        91567027037.205276     
 plepton   =    44.740417206149125       0.21658685297652425       -42.458203315373382        14.104886722492695     
 pneutrino =    45.791993121093839      -0.16424623864748050        43.469562728116372       -14.396722186327109     
 pleptonlab   =    46.097856767751310       0.21658685297652425       -42.458203315373382        17.951470587508460     
 pneutrinolab =    44.735050030965631      -0.16424623864748050        43.469562728116372       -10.563317517758133     
 sqrt(s) =    91.861199286912750     
 sqrt_fs_cm =    90.526275546499107     
 phind channel           0
 bbb pw(0) qmod c1q   0.0000000000000000        0.0000000000000000        0.0000000000000000        0.0000000000000000     
 reduced to Born momenta
   45.930599643456375        0.0000000000000000        0.0000000000000000        45.930546545647324     
   45.930599643456375        0.0000000000000000        0.0000000000000000       -45.930546545647324     
   45.930599643456375       0.19337872900480110       -43.594462656376400        14.460091641652163     
   45.930599643456375      -0.19337872900480110        43.594462656376400       -14.460091641652163     
 >> Photon n.           1
 cm momentum     1.1912302019136900       -5.1355322693241195E-002  -1.1423064616979448       0.33395803979770478     
 lab momentum    1.2238439322183756       -5.1355322693241195E-002  -1.1423064616979448       0.43622534179243944     
 c_ph_up    0.28034719004035252     
 c_ph_up lab   0.35643870129888583     
 c_ph_lep  0.99819141787823862     
 c_ph_lep lab   0.99829144469771303     
 >> Photon n.           2
 cm momentum    0.13755875775609952       -9.8529163580255048E-004  0.13094704895495138       -4.2122575963291442E-002
 lab momentum   0.13447916269387872       -9.8529163580255048E-004  0.13094704895495138       -3.0603018956120831E-002
 c_ph_up   -0.30621515234949609     
 c_ph_up lab  -0.22756699508743916     
 c_ph_lep -0.99995205742404170     
 c_ph_lep lab  -0.98551005108662482     
 isvec for ranlux 
    13798336     8607402     7564242     6135960     8172408    11356951    12904116    12031075     5356482     9565784     5190119    11828940     9261313    15821424    16481898     3060787     3760646      711049     8167466     5757978    13465270     5714415     5077099     6269482     4100721
  
