 ====== DUMPING at point            1
 propag    0.0000000000000000        0.0000000000000000        0.0000000000000000        0.0000000000000000     
 test props.    0.0000000000000000        0.0000000000000000     
 Var           3.6910371994410136     
 Var before    0.0000000000000000     
 iev, nphot and rad. pattern    0.0000000000000000                0               0           0           0           0
 partons...            1          -1
 x1 & x2   0.96481597256842744       0.83192788089677749     
 sv & ME    1.0000000000000000        31750.382733798986     
 plepton   =    44.795571977434754        3.9642652925255226       -5.0504438544193881        44.332941732507493     
 pneutrino =    44.795571977434754       -3.9642652925255226        5.0504438544193881       -44.332941732507493     
 pleptonlab   =    48.206488289427959        3.9642652925255226       -5.0504438544193881        47.776897838506862     
 pneutrinolab =    41.630704383832274       -3.9642652925255226        5.0504438544193881       -41.132493254924363     
 sqrt(s) =    89.591143954869509     
 sqrt_fs_cm =    89.591143954869509     
 phind channel           0
 bbb pw(0) qmod c1q   0.0000000000000000        0.0000000000000000        0.0000000000000000        0.0000000000000000     
 reduced to Born momenta
   45.444035983348869        0.0000000000000000        0.0000000000000000        45.443982317027491     
   45.444035983348869        0.0000000000000000        0.0000000000000000       -45.443982317027491     
   45.444035983348876       -34.152092317165511        8.0006185590294869        28.892454651641430     
   45.444035983348861        34.152092317165511       -8.0006185590294869       -28.892454651641430     
 isvec for ranlux 
     9644655    14614328     8305202     1457455     1056974    16450356    10467055     4514011      135838    16753179    11474510      425858    13826447     7299317     7668616    13721940      957152    13197359    14184585     9294164    15939178     5902395     5267822    14659295     4102414
  
 ====== DUMPING at point            1
 propag    0.0000000000000000        0.0000000000000000        0.0000000000000000        0.0000000000000000     
 test props.    0.0000000000000000        0.0000000000000000     
 Var           2.4678408983419704     
 Var before    2.1381447079653917     
 iev, nphot and rad. pattern    0.0000000000000000                0               0           0           0           0
 partons...            1          -1
 x1 & x2   0.99427728318130171       0.99976866665782238     
 sv & ME    1.0000000000000000        445.31214096395485     
 plepton   =    49.850959712284677        42.946285615871474        24.649366648503285        5.7560660326308799     
 pneutrino =    49.850959712284663       -42.946285615871474       -24.649366648503285       -5.7560660326308799     
 pleptonlab   =    49.835297112386790        42.946285615871474        24.649366648503285        5.6188032725879555     
 pneutrinolab =    49.867000379569383       -42.946285615871474       -24.649366648503285       -5.8933724464139932     
 sqrt(s) =    99.701919424569340     
 sqrt_fs_cm =    99.701919424569340     
 phind channel           0
 bbb pw(0) qmod c1q   0.0000000000000000        0.0000000000000000        0.0000000000000000        0.0000000000000000     
 reduced to Born momenta
   49.850959712284670        0.0000000000000000        0.0000000000000000        49.850910790177437     
   49.850959712284670        0.0000000000000000        0.0000000000000000       -49.850910790177437     
   49.850959712284677        42.946285615871474        24.649366648503285        5.7560660326308799     
   49.850959712284663       -42.946285615871474       -24.649366648503285       -5.7560660326308799     
 isvec for ranlux 
    13828964    12538209    14722825      978898    10903123    16188213     3834576      755982    12350293    13898296    16631971     2580472     9212313    13500588    11285027    12295266    14794390     9041223     4836823     6203403     5099258      436050     2993088    13331992     4071707
  
 ====== DUMPING at point            1
 propag    0.0000000000000000        0.0000000000000000        0.0000000000000000        0.0000000000000000     
 test props.    0.0000000000000000        0.0000000000000000     
 Var           1.6835543508087722     
 Var before    1.4175779745120001     
 iev, nphot and rad. pattern    0.0000000000000000                0               0           0           0           0
 partons...            1          -1
 x1 & x2   0.96318259554516339       0.99924355471594872     
 sv & ME    1.0000000000000000        497.89249428532753     
 plepton   =    49.052369988948634       -44.398522280580451       -18.155934783493304       -10.259487768869329     
 pneutrino =    49.052369988948634        44.398522280580451        18.155934783493304        10.259487768869329     
 pleptonlab   =    49.249210889256432       -44.398522280580451       -18.155934783493304       -11.162744329300239     
 pneutrinolab =    48.872096623799202        44.398522280580451        18.155934783493304        9.3596963707609717     
 sqrt(s) =    98.104739977897268     
 sqrt_fs_cm =    98.104739977897268     
 phind channel           0
 bbb pw(0) qmod c1q   0.0000000000000000        0.0000000000000000        0.0000000000000000        0.0000000000000000     
 reduced to Born momenta
   49.052369988948634        0.0000000000000000        0.0000000000000000        49.052320270371602     
   49.052369988948634        0.0000000000000000        0.0000000000000000       -49.052320270371602     
   49.052369988948634       -44.398522280580451       -18.155934783493304       -10.259487768869329     
   49.052369988948634        44.398522280580451        18.155934783493304        10.259487768869329     
 isvec for ranlux 
    11721521    11045222     4525189     9551634     3138826    12914592    10311113     5879490    10841622     2041022     1591996      713870     2223296     9465644     1698956     6906665      167992     7923134     5610804    11998942     7292850    14658741     2512720     2054019     4020115
  
 ====== DUMPING at point            1
 propag    0.0000000000000000        0.0000000000000000        0.0000000000000000        0.0000000000000000     
 test props.    0.0000000000000000        0.0000000000000000     
 Var           2.4417489879974759     
 Var before    1.4002108976908221     
 iev, nphot and rad. pattern    0.0000000000000000                0               0           0           0           0
 partons...            1          -1
 x1 & x2   0.99967724214925802       0.97555223158695292     
 sv & ME    1.0000000000000000        878.16430946137370     
 plepton   =    49.377053487561390        38.986649666223201       -12.425468983169029        27.635685549186455     
 pneutrino =    49.377053487561390       -38.986649666223201        12.425468983169029       -27.635685549186455     
 pleptonlab   =    49.718298098421542        38.986649666223201       -12.425468983169029        28.240872338926103     
 pneutrinolab =    49.043175588389005       -38.986649666223201        12.425468983169029       -27.034621810810854     
 sqrt(s) =    98.754106975122781     
 sqrt_fs_cm =    98.754106975122781     
 phind channel           0
 bbb pw(0) qmod c1q   0.0000000000000000        0.0000000000000000        0.0000000000000000        0.0000000000000000     
 reduced to Born momenta
   49.377053487561390        0.0000000000000000        0.0000000000000000        49.377004095913904     
   49.377053487561390        0.0000000000000000        0.0000000000000000       -49.377004095913904     
   49.377053487561390        38.986649666223201       -12.425468983169029        27.635685549186455     
   49.377053487561390       -38.986649666223201        12.425468983169029       -27.635685549186455     
 isvec for ranlux 
     5015453    15280816     4310583      768372    14533642     3155413     4422873      249048     4684845     1910008    16056781      794157     1869094     3063496    16774527    13424117     4046483    13961998    14383364     9654875    12256042     6035440    14952706     7070106    -4050721
  
 ====== DUMPING at point            1
 propag    0.0000000000000000        0.0000000000000000        0.0000000000000000        0.0000000000000000     
 test props.    0.0000000000000000        0.0000000000000000     
 Var           3.8546794173939478     
 Var before    2.1615421316355694     
 iev, nphot and rad. pattern    0.0000000000000000                0               0           0           0           0
 partons...            1          -1
 x1 & x2   0.99918788184465734       0.64860479197713217     
 sv & ME    1.0000000000000000        285.97088347397528     
 plepton   =    40.251647427463304       -18.829058791404851       -29.429820037255180        19.988401500318584     
 pneutrino =    40.251647427463318        18.829058791404851        29.429820037255180       -19.988401500318584     
 pleptonlab   =    45.547182529534830       -18.829058791404851       -29.429820037255180        29.221343403270964     
 pneutrinolab =    36.842451161554671        18.829058791404851        29.429820037255180       -11.692188909894698     
 sqrt(s) =    80.503294854926622     
 sqrt_fs_cm =    80.503294854926622     
 phind channel           0
 bbb pw(0) qmod c1q   0.0000000000000000        0.0000000000000000        0.0000000000000000        0.0000000000000000     
 reduced to Born momenta
   40.251647427463311        0.0000000000000000        0.0000000000000000        40.251586838275259     
   40.251647427463311        0.0000000000000000        0.0000000000000000       -40.251586838275259     
   40.251647427463304       -18.829058791404851       -29.429820037255180        19.988401500318584     
   40.251647427463318        18.829058791404851        29.429820037255180       -19.988401500318584     
 isvec for ranlux 
    13339185     3157215     2885755    13075980     2672839    15264749     5589110    16308282     7842139    12049687    13366755     6076284      742419    12796796     4739940     6325708    16429432     3537523     6895768     4781887    12457939      764822     9148973    10794182    -4081303
  
 ====== DUMPING at point            1
 propag    0.0000000000000000        0.0000000000000000        0.0000000000000000        0.0000000000000000     
 test props.    0.0000000000000000        0.0000000000000000     
 Var           2.5094264265286532     
 Var before    2.0926105837295079     
 iev, nphot and rad. pattern    0.0000000000000000                0               0           0           0           0
 partons...            1          -1
 x1 & x2   0.83277046359034002       0.99719139252643940     
 sv & ME    1.0000000000000000        25946.075339420975     
 plepton   =    45.564008225861215        34.990880027848057        17.855406671401578        23.084420057486664     
 pneutrino =    45.564008225861215       -34.990880027848057       -17.855406671401578       -23.084420057486664     
 pleptonlab   =    43.666502560974948        34.990880027848057        17.855406671401578        19.067644051947688     
 pneutrinolab =    47.831590244864003       -34.990880027848057       -17.855406671401578       -27.288690498752658     
 sqrt(s) =    91.128016451722431     
 sqrt_fs_cm =    91.128016451722431     
 phind channel           0
 bbb pw(0) qmod c1q   0.0000000000000000        0.0000000000000000        0.0000000000000000        0.0000000000000000     
 reduced to Born momenta
   45.564008225861208        0.0000000000000000        0.0000000000000000        45.563954700846018     
   45.564008225861222        0.0000000000000000        0.0000000000000000       -45.563954700846033     
   45.564008225861215        34.990880027848057        17.855406671401578        23.084420057486664     
   45.564008225861215       -34.990880027848057       -17.855406671401578       -23.084420057486664     
 isvec for ranlux 
     2357503    13313867    13475429      398041      676046      598883     1378089     4879090    14650659     9192766    12027607    13293528    15088918     5524941     3471822    13068680     3121771    14380553    13340567    15481040    11950101    16227926    15558269    13944932    -4050620
  
 ====== DUMPING at point            1
 propag    0.0000000000000000        0.0000000000000000        0.0000000000000000        0.0000000000000000     
 test props.    0.0000000000000000        0.0000000000000000     
 Var           2.0810786292691459     
 Var before    1.8405438892614367     
 iev, nphot and rad. pattern    0.0000000000000000                0               0           0           0           0
 partons...            1          -1
 x1 & x2   0.99787779793863451       0.83568705905059049     
 sv & ME    1.0000000000000000        14835.319484483927     
 plepton   =    45.659433917078324        2.8065004068844526       -45.446723486568665       -3.3899294591627949     
 pneutrino =    45.659433917078310       -2.8065004068844526        45.446723486568665        3.3899294591627949     
 pleptonlab   =    45.538080042593428        2.8065004068844526       -45.446723486568665       0.65149833131324719     
 pneutrinolab =    46.140162806867806       -2.8065004068844526        45.446723486568665        7.4580386130889531     
 sqrt(s) =    91.318867834156634     
 sqrt_fs_cm =    91.318867834156634     
 phind channel           0
 bbb pw(0) qmod c1q   0.0000000000000000        0.0000000000000000        0.0000000000000000        0.0000000000000000     
 reduced to Born momenta
   45.659433917078317        0.0000000000000000        0.0000000000000000        45.659380503927572     
   45.659433917078317        0.0000000000000000        0.0000000000000000       -45.659380503927572     
   45.659433917078324        2.8065004068844526       -45.446723486568665       -3.3899294591627949     
   45.659433917078310       -2.8065004068844526        45.446723486568665        3.3899294591627949     
 isvec for ranlux 
    12675073     6236269     4537278     4433730     4224941    13787964    13876073    15802303    15288718      805940    14528922    13666908     8167124    16627472     6461287     3513350     4350067    10105469     7717376     3989656     7739191    12448084    16391049     2870502     4050721
  
 ====== DUMPING at point            1
 propag    0.0000000000000000        0.0000000000000000        0.0000000000000000        0.0000000000000000     
 test props.    0.0000000000000000        0.0000000000000000     
 Var           1.4203290678712943     
 Var before   0.94794714415986392     
 iev, nphot and rad. pattern    0.0000000000000000                0               0           0           0           0
 partons...            1          -1
 x1 & x2   0.83994562989263788       0.99907597768168455     
 sv & ME    1.0000000000000000        26663.245444094449     
 plepton   =    45.803097640455647        26.729730140287479        3.6977144551388621        37.010282682050814     
 pneutrino =    45.803097640455633       -26.729730140287479       -3.6977144551388621       -37.010282682050814     
 pleptonlab   =    42.760987321560414        26.729730140287479        3.6977144551388621        33.171362761557560     
 pneutrinolab =    49.190093057155678       -26.729730140287479       -3.6977144551388621       -41.127880151009890     
 sqrt(s) =    91.606195280911280     
 sqrt_fs_cm =    91.606195280911280     
 phind channel           0
 bbb pw(0) qmod c1q   0.0000000000000000        0.0000000000000000        0.0000000000000000        0.0000000000000000     
 reduced to Born momenta
   45.803097640455640        0.0000000000000000        0.0000000000000000        45.803044394838132     
   45.803097640455640        0.0000000000000000        0.0000000000000000       -45.803044394838132     
   45.803097640455647        26.729730140287479        3.6977144551388621        37.010282682050814     
   45.803097640455633       -26.729730140287479       -3.6977144551388621       -37.010282682050814     
 isvec for ranlux 
    10671788    15112082    16580349    15196529    12173453     4126535    14349879    14774021     1833402    14749546    12999650    11317858    16659325    10501234     7001243    11690730    15931723    11335180     5068908     1086744     3192185    13920432    14783369     9387395    -4011707
  
 ====== DUMPING at point            1
 propag    0.0000000000000000        0.0000000000000000        0.0000000000000000        0.0000000000000000     
 test props.    0.0000000000000000        0.0000000000000000     
 Var           1.7530562054799177     
 Var before    1.3487062501426736     
 iev, nphot and rad. pattern    0.0000000000000000                0               0           0           0           0
 partons...            1          -1
 x1 & x2   0.99978361970231511       0.92283513222221691     
 sv & ME    1.0000000000000000        1688.5418186395145     
 plepton   =    48.026957244905496        14.823762922756391       -38.968132459820637        23.839424571836862     
 pneutrino =    48.026957244905496       -14.823762922756391        38.968132459820637       -23.839424571836862     
 pleptonlab   =    49.020353184107428        14.823762922756391       -38.968132459820637        25.782252966080172     
 pneutrinolab =    47.110584412119145       -14.823762922756391        38.968132459820637       -21.934828592075263     
 sqrt(s) =    96.053914489810992     
 sqrt_fs_cm =    96.053914489810992     
 phind channel           0
 bbb pw(0) qmod c1q   0.0000000000000000        0.0000000000000000        0.0000000000000000        0.0000000000000000     
 reduced to Born momenta
   48.026957244905489        0.0000000000000000        0.0000000000000000        48.026906464797207     
   48.026957244905503        0.0000000000000000        0.0000000000000000       -48.026906464797221     
   48.026957244905496        14.823762922756391       -38.968132459820637        23.839424571836862     
   48.026957244905496       -14.823762922756391        38.968132459820637       -23.839424571836862     
 isvec for ranlux 
     1467315    14552326     9549605    16451063     2447372     8870742    12068471    12007007     6978230    16284214     8468817    11598645    11614625     5336374     3803737    12939294     6082334     4537718    14679745    16308527    16057847    10631340     7612034     5753259    -4182212
  
 ====== DUMPING at point            1
 propag    0.0000000000000000        0.0000000000000000        0.0000000000000000        0.0000000000000000     
 test props.    0.0000000000000000        0.0000000000000000     
 Var          0.74686832370782252     
 Var before   0.63452532769046854     
 iev, nphot and rad. pattern    0.0000000000000000                0               0           0           0           0
 partons...            1          -1
 x1 & x2   0.99949396000942903       0.81945410097033033     
 sv & ME    1.0000000000000000        19932.254569290915     
 plepton   =    45.250398463019138        42.634832950338541       -12.758899447352062        8.1895605229843280     
 pneutrino =    45.250398463019138       -42.634832950338541        12.758899447352062       -8.1895605229843280     
 pleptonlab   =    46.288306131432009        42.634832950338541       -12.758899447352062        12.730971094727392     
 pneutrinolab =    44.659096917555964       -42.634832950338541        12.758899447352062       -3.7289781427724602     
 sqrt(s) =    90.500796926038277     
 sqrt_fs_cm =    90.500796926038277     
 phind channel           0
 bbb pw(0) qmod c1q   0.0000000000000000        0.0000000000000000        0.0000000000000000        0.0000000000000000     
 reduced to Born momenta
   45.250398463019138        0.0000000000000000        0.0000000000000000        45.250344567046170     
   45.250398463019138        0.0000000000000000        0.0000000000000000       -45.250344567046170     
   45.250398463019138        42.634832950338541       -12.758899447352062        8.1895605229843280     
   45.250398463019138       -42.634832950338541        12.758899447352062       -8.1895605229843280     
 isvec for ranlux 
    16299211     3254293    16131975     5266621    16545363    14473301     5355798     5599353    11050532    14547556    11682091     8225026    12673044    12120042     6959192    14507471     7976243    13182463     2472364    15582834    14772810    14376851    13178594     7905684     4032111
  
 ====== DUMPING at point            1
 propag    0.0000000000000000        0.0000000000000000        0.0000000000000000        0.0000000000000000     
 test props.    0.0000000000000000        0.0000000000000000     
 Var          0.69883917990382671     
 Var before   0.62791638294012198     
 iev, nphot and rad. pattern    0.0000000000000000                0               0           0           0           0
 partons...            1          -1
 x1 & x2   0.99963232426663107       0.81654535698931485     
 sv & ME    1.0000000000000000        18376.258057809759     
 plepton   =    45.173142825033622       -26.113741108207066        22.058892134911073       -29.530991722482216     
 pneutrino =    45.173142825033622        26.113741108207066       -22.058892134911073        29.530991722482216     
 pleptonlab   =    42.412210709292935       -26.113741108207066        22.058892134911073       -25.105024530398083     
 pneutrinolab =    48.396673353504347        26.113741108207066       -22.058892134911073        34.259372894263898     
 sqrt(s) =    90.346285650067244     
 sqrt_fs_cm =    90.346285650067244     
 phind channel           0
 bbb pw(0) qmod c1q   0.0000000000000000        0.0000000000000000        0.0000000000000000        0.0000000000000000     
 reduced to Born momenta
   45.173142825033622        0.0000000000000000        0.0000000000000000        45.173088836887018     
   45.173142825033622        0.0000000000000000        0.0000000000000000       -45.173088836887018     
   45.173142825033622       -26.113741108207066        22.058892134911073       -29.530991722482216     
   45.173142825033622        26.113741108207066       -22.058892134911073        29.530991722482216     
 isvec for ranlux 
     6094745     2129640      312319     7163611     7128610    12997705    11746228    11399925     6178787    10245010     8678563    12625467    12717353    15206338     6072599    12885293    10160756     7337110     1234035    11119771    13557463     9977633    14922285     1402607    -4160620
  
 ====== DUMPING at point            1
 propag    0.0000000000000000        0.0000000000000000        0.0000000000000000        0.0000000000000000     
 test props.    0.0000000000000000        0.0000000000000000     
 Var          0.51738841754657539     
 Var before   0.46924386181819272     
 iev, nphot and rad. pattern    0.0000000000000000                0               0           0           0           0
 partons...            1          -1
 x1 & x2   0.84503040317771727       0.99978956986567835     
 sv & ME    1.0000000000000000        9455.5970248705707     
 plepton   =    45.957931396998035       -45.645867900195583       0.55500673005173506       -5.3166724336940021     
 pneutrino =    45.957931396998021        45.645867900195583      -0.55500673005173506        5.3166724336940021     
 pleptonlab   =    46.568084634202734       -45.645867900195583       0.55500673005173506       -9.2044583748470785     
 pneutrinolab =    45.672914017967067        45.645867900195583      -0.55500673005173506        1.4665000404490178     
 sqrt(s) =    91.915862793996055     
 sqrt_fs_cm =    91.915862793996055     
 phind channel           0
 bbb pw(0) qmod c1q   0.0000000000000000        0.0000000000000000        0.0000000000000000        0.0000000000000000     
 reduced to Born momenta
   45.957931396998035        0.0000000000000000        0.0000000000000000        45.957878330766945     
   45.957931396998021        0.0000000000000000        0.0000000000000000       -45.957878330766931     
   45.957931396998035       -45.645867900195583       0.55500673005173506       -5.3166724336940021     
   45.957931396998021        45.645867900195583      -0.55500673005173506        5.3166724336940021     
 isvec for ranlux 
     3443998    11806363     1655829     6266010     7808036     5621983     2454254     1769614    16290533      562934      393798     2831460     3228448     6183375    11033027    15378232     1591986     2599213     2306826     7432529     6305965     5367712     2359324    12039450    -4201024
  
 ====== DUMPING at point            1
 propag    0.0000000000000000        0.0000000000000000        0.0000000000000000        0.0000000000000000     
 test props.    0.0000000000000000        0.0000000000000000     
 Var          0.48991573209173145     
 Var before   0.43753554752523471     
 iev, nphot and rad. pattern    0.0000000000000000                0               0           0           0           0
 partons...            1          -1
 x1 & x2   0.99989422639139580       0.81002338895157822     
 sv & ME    1.0000000000000000        15094.953015012514     
 plepton   =    44.998269684918853       -19.587414065836150       -27.357294510566902       -29.878834619523051     
 pneutrino =    44.998269684918853        19.587414065836150        27.357294510566902        29.878834619523051     
 pleptonlab   =    42.096086217481826       -19.587414065836150       -27.357294510566902       -25.297844936155830     
 pneutrinolab =    48.399794549666865        19.587414065836150        27.357294510566902        34.791386808146711     
 sqrt(s) =    89.996539369837706     
 sqrt_fs_cm =    89.996539369837706     
 phind channel           0
 bbb pw(0) qmod c1q   0.0000000000000000        0.0000000000000000        0.0000000000000000        0.0000000000000000     
 reduced to Born momenta
   44.998269684918853        0.0000000000000000        0.0000000000000000        44.998215486962231     
   44.998269684918853        0.0000000000000000        0.0000000000000000       -44.998215486962231     
   44.998269684918853       -19.587414065836150       -27.357294510566902       -29.878834619523051     
   44.998269684918853        19.587414065836150        27.357294510566902        29.878834619523051     
 isvec for ranlux 
     3688637    14053662    12588071    11536133     9988281    14201265     3023778     8336309     7700588     7389476     2663606     3417323    12053979    11535674     1089984     3050167    10818579       42031    11733593     9268692    14754184    14106291    10624018      593816     4181909
  
