 ====== DUMPING at point            1
 propag    0.0000000000000000        0.0000000000000000        0.0000000000000000        0.0000000000000000     
 test props.    0.0000000000000000        0.0000000000000000     
 Var           6.8167222618736615E-003
 Var before    0.0000000000000000     
 iev, nphot and rad. pattern    0.0000000000000000                1               0           0           1           0
 partons...            1          -1
 x1 & x2   0.64379679607698814       0.73533390267033105     
 sv & ME   0.54772980225669732        18900.236251794038     
 plepton   =    65.303941552403302        31.857680791791292        17.921838388639255       -54.115519972814333     
 pneutrino =    65.363444686327895       -31.876339150967077       -17.933000659524374        54.172642793657417     
 pleptonlab   =    69.048012788669823        31.857680791791292        17.921838388639255       -58.579115644678957     
 pneutrinolab =    61.904347960920006       -31.876339150967077       -17.933000659524374        49.944405316844225     
 sqrt(s) =    130.72850699886649     
 sqrt_fs_cm =    130.66737194385763     
 phind channel           0
 bbb pw(0) qmod c1q   0.0000000000000000        0.0000000000000000        0.0000000000000000        0.0000000000000000     
 reduced to Born momenta
   65.364253499433246        0.0000000000000000        0.0000000000000000        65.364216188313392     
   65.364253499433246        0.0000000000000000        0.0000000000000000       -65.364216188313392     
   65.364253499433246        31.881917432860195        17.935805936872043       -54.169407215197168     
   65.364253499433246       -31.881917432860195       -17.935805936872043        54.169407215197168     
 >> Photon n.           1
 cm momentum     6.1120760135293030E-002   1.8658359175783155E-002   1.1162270885119598E-002  -5.7122820843080784E-002
 lab momentum    6.5055631405495917E-002   1.8658359175783155E-002   1.1162270885119598E-002  -6.1314798532837285E-002
 c_ph_up   -0.93458950308597832     
 c_ph_up lab  -0.94249793919696545     
 c_ph_lep  0.97351076299688155     
 c_ph_lep lab   0.97646244719921094     
 isvec for ranlux 
      778671     5844720     9587749    10340955     5767304     1229801     7106317     9230034     7070010     1656684     6134444     2662197     2938873     9323532     7705191    15725022     7372296    14273049     6405628     3024976     4819489    10459877     1149857     7981361    -4010418
  
 ====== DUMPING at point            1
 propag    0.0000000000000000        0.0000000000000000        0.0000000000000000        0.0000000000000000     
 test props.    0.0000000000000000        0.0000000000000000     
 Var           9.4513985657521032E-002
 Var before    3.4386998393863698E-003
 iev, nphot and rad. pattern    0.0000000000000000                0               3           0           0           0
 partons...            1          -1
 x1 & x2   0.61420020645247120       0.43619906594803315     
 sv & ME   0.56950748462565526        1106.3876565313415     
 plepton   =    49.172348389576705       -2.7968242573809041       -35.737937422466693        33.658376153873185     
 pneutrino =    49.172348389576676        2.7968242573809041        35.737937422466693       -33.658376153873185     
 pleptonlab   =    55.681433459340717       -2.7968242573809041       -35.737937422466693        42.607375784677238     
 pneutrinolab =    44.106497418707214        2.7968242573809041        35.737937422466693       -25.697267436755624     
 sqrt(s) =    98.344696779153381     
 sqrt_fs_cm =    98.344696779153381     
 phind channel           0
 bbb pw(0) qmod c1q   0.0000000000000000        0.0000000000000000        0.0000000000000000        0.0000000000000000     
 reduced to Born momenta
   49.172348389576690        0.0000000000000000        0.0000000000000000        49.172298792310954     
   49.172348389576690        0.0000000000000000        0.0000000000000000       -49.172298792310954     
   49.172348389576705       -2.7968242573809041       -35.737937422466693        33.658376153873185     
   49.172348389576676        2.7968242573809041        35.737937422466693       -33.658376153873185     
 isvec for ranlux 
     8965487     4677045     9993826    10061960    12404269    11384977    11035044     9685088    14068021     1324435      272948    14908356    11427211    15348884     8000738    12715892    12913065     1505022     4123979     3215547    11907780     4934906    11898556     4780317    -4070216
  
 ====== DUMPING at point            1
 propag    0.0000000000000000        0.0000000000000000        0.0000000000000000        0.0000000000000000     
 test props.    0.0000000000000000        0.0000000000000000     
 Var           5.4006014828416812E-002
 Var before    3.8260148641907417E-002
 iev, nphot and rad. pattern    0.0000000000000000                0               0           1           0           0
 partons...            1          -1
 x1 & x2   0.35741422213493923       0.62655985055019303     
 sv & ME   0.58489058944289118        9664.9813995857912     
 plepton   =    44.956324910835008       -16.586724481814670        31.370018372740677       -27.601856895060131     
 pneutrino =    44.956324910835008        16.586724481814670       -31.370018372740677        27.601856895060131     
 pleptonlab   =    54.588023454452866       -16.586724481814670        31.370018372740677       -41.480641981901755     
 pneutrinolab =    38.889513450634716        16.586724481814670       -31.370018372740677        15.911807282452637     
 sqrt(s) =    89.912649821670016     
 sqrt_fs_cm =    89.912649821670016     
 phind channel           0
 bbb pw(0) qmod c1q   0.0000000000000000        0.0000000000000000        0.0000000000000000        0.0000000000000000     
 reduced to Born momenta
   44.956324910835008        0.0000000000000000        0.0000000000000000        44.956270662310999     
   44.956324910835008        0.0000000000000000        0.0000000000000000       -44.956270662310999     
   44.956324910835008       -16.586724481814670        31.370018372740677       -27.601856895060131     
   44.956324910835008        16.586724481814670       -31.370018372740677        27.601856895060131     
 isvec for ranlux 
     5015453    15280816     4310583      768372    14533642     3155413     4422873      249048     4684845     1910008    16056781      794157     1869094     3063496    16774527    13424117     4046483     3583590      150277    10277753     8944046     6035440    14952706     7070106    -4090317
  
 ====== DUMPING at point            1
 propag    0.0000000000000000        0.0000000000000000        0.0000000000000000        0.0000000000000000     
 test props.    0.0000000000000000        0.0000000000000000     
 Var           4.8169981307230610E-002
 Var before    4.1607031536907667E-002
 iev, nphot and rad. pattern    0.0000000000000000                1               0           0           0           1
 partons...            1          -1
 x1 & x2   0.57933986611957511       0.37944020653872251     
 sv & ME   0.57751540671008905        208.20309521174346     
 plepton   =    44.120593815843577       -32.229966515662568        29.649381176011396       -5.3627501573387297     
 pneutrino =    40.530580101008049        31.149145537454398       -25.654940086227842        3.7777693274346817     
 pleptonlab   =    43.968764753408671       -32.229966515662568        29.649381176011396        3.9223162197831964     
 pneutrinolab =    42.246646496372740        31.149145537454398       -25.654940086227842        12.502909979543162     
 sqrt(s) =    89.082415033948436     
 sqrt_fs_cm =    84.535113104929437     
 phind channel           0
 bbb pw(0) qmod c1q   0.0000000000000000        0.0000000000000000        0.0000000000000000        0.0000000000000000     
 reduced to Born momenta
   44.541207516974218        0.0000000000000000        0.0000000000000000        44.541152762861451     
   44.541207516974218        0.0000000000000000        0.0000000000000000       -44.541152762861451     
   44.541207516974218       -33.382122956035523        29.094971851856364       -4.7983834013659461     
   44.541207516974218        33.382122956035523       -29.094971851856364        4.7983834013659461     
 >> Photon n.           1
 cm momentum     4.4312411170968113        1.0808209782081672       -3.9944410897835523        1.5849808299040480     
 lab momentum    4.8686956527568794        1.0808209782081672       -3.9944410897835523        2.5652414608546428     
 c_ph_up    0.35768327383242682     
 c_ph_up lab   0.52688474363807991     
 c_ph_lep -0.82741898939253955     
 c_ph_lep lab  -0.66896762076985006     
 isvec for ranlux 
    11886819    12761813      578492     6896160    11356987     1409802     2259183    12812859     8972666     1426859    12173221      601685     9592278     8483877     4924406    12914271     3185972     4319549    15017617     9992605    14889545    15376709    16719691    11036100     4012414
  
 ====== DUMPING at point            1
 propag    0.0000000000000000        0.0000000000000000        0.0000000000000000        0.0000000000000000     
 test props.    0.0000000000000000        0.0000000000000000     
 Var           4.6010230091876055E-002
 Var before    4.1634591461504493E-002
 iev, nphot and rad. pattern    0.0000000000000000                0               0           0           0           1
 partons...            1          -1
 x1 & x2   0.27420381576712943       0.69387568610421624     
 sv & ME   0.57911569155028175        348.29796781184348     
 plepton   =    41.438229103090848       -26.019193767034583        32.201976605556517       -1.7748030644204729     
 pneutrino =    41.438229103090848        26.019193767034583       -32.201976605556517        1.7748030644204729     
 pleptonlab   =    46.837569069375434       -26.019193767034583        32.201976605556517       -21.903903100720324     
 pneutrinolab =    45.129983608402434        26.019193767034583       -32.201976605556517       -17.964924581302935     
 sqrt(s) =    82.876458206181695     
 sqrt_fs_cm =    82.876458206181695     
 phind channel           0
 bbb pw(0) qmod c1q   0.0000000000000000        0.0000000000000000        0.0000000000000000        0.0000000000000000     
 reduced to Born momenta
   41.438229103090848        0.0000000000000000        0.0000000000000000        41.438170248873746     
   41.438229103090848        0.0000000000000000        0.0000000000000000       -41.438170248873746     
   41.438229103090848       -26.019193767034583        32.201976605556517       -1.7748030644204729     
   41.438229103090848        26.019193767034583       -32.201976605556517        1.7748030644204729     
 isvec for ranlux 
      975261     4815776     7751588     6748446    16330858    13554722    14067536     1041894    13794568    13900916     1540559    16080159    10597833     4148133     7958360     3235061     1231676     8563098     7101273     8476212    10668496     5930342    14756503    10206386     4121202
  
 ====== DUMPING at point            1
 propag    0.0000000000000000        0.0000000000000000        0.0000000000000000        0.0000000000000000     
 test props.    0.0000000000000000        0.0000000000000000     
 Var           5.0129022050098733E-002
 Var before    4.2446640667959071E-002
 iev, nphot and rad. pattern    0.0000000000000000                0               0           0           0           1
 partons...            1          -1
 x1 & x2   0.83001314881427735       0.25329800186471341     
 sv & ME   0.56125880984041576        1575.6465529349412     
 plepton   =    43.559408465310469       -36.711029306972847        20.198439162686711        11.905220903877323     
 pneutrino =    43.559408465310469        36.711029306972847       -20.198439162686711       -11.905220903877323     
 pleptonlab   =    58.944324812018962       -36.711029306972847        20.198439162686711        41.457757373827519     
 pneutrinolab =    43.970234502485162        36.711029306972847       -20.198439162686711        13.330181586381062     
 sqrt(s) =    87.118816930620937     
 sqrt_fs_cm =    87.118816930620937     
 phind channel           0
 bbb pw(0) qmod c1q   0.0000000000000000        0.0000000000000000        0.0000000000000000        0.0000000000000000     
 reduced to Born momenta
   43.559408465310469        0.0000000000000000        0.0000000000000000        43.559352477076160     
   43.559408465310469        0.0000000000000000        0.0000000000000000       -43.559352477076160     
   43.559408465310469       -36.711029306972847        20.198439162686711        11.905220903877323     
   43.559408465310469        36.711029306972847       -20.198439162686711       -11.905220903877323     
 isvec for ranlux 
    10852153    15812439     1484202    11751390     5706977     7529045     2847864     2080892     9153717    14761644    12859838    11647268     3782788    13754946      211197     8964795    15756767     6694737    10114126     7531661     3836725     7465056     1960640    12821145    -4091909
  
 ====== DUMPING at point            1
 propag    0.0000000000000000        0.0000000000000000        0.0000000000000000        0.0000000000000000     
 test props.    0.0000000000000000        0.0000000000000000     
 Var           3.3311891788860792E-002
 Var before    2.4646691969961367E-002
 iev, nphot and rad. pattern    0.0000000000000000                1               0           0           0           1
 partons...            1          -1
 x1 & x2   0.23916207098384257       0.98416917740875698     
 sv & ME   0.57281535085175017        433961469156.12653     
 plepton   =    46.089779459935585       -25.230053311236073        3.6199571635670309        38.400480817564763     
 pneutrino =    46.083980180497804        25.226969203478035       -3.6194116039639752       -38.395598055413949     
 pleptonlab   =    28.624257228743961       -25.230053311236073        3.6199571635670309        13.026022349587777     
 pneutrinolab =    87.581148789035083        25.226969203478035       -3.6194116039639752       -83.791087497200408     
 sqrt(s) =    92.179560564684323     
 sqrt_fs_cm =    92.173759457893780     
 phind channel           0
 bbb pw(0) qmod c1q   0.0000000000000000        0.0000000000000000        0.0000000000000000        0.0000000000000000     
 reduced to Born momenta
   46.089780282342161        0.0000000000000000        0.0000000000000000        46.089727367917639     
   46.089780282342161        0.0000000000000000        0.0000000000000000       -46.089727367917639     
   46.089780282342154       -25.230099014939658        3.6199121871569644        38.400456015999616     
   46.089780282342169        25.230099014939658       -3.6199121871569644       -38.400456015999616     
 >> Photon n.           1
 cm momentum     5.8009242509352256E-003   3.0841077580383005E-003  -5.4555960305553491E-004  -4.8827621508128229E-003
 lab momentum    1.1062579517892808E-002   3.0841077580383005E-003  -5.4555960305553491E-004  -1.0609962754224132E-002
 c_ph_up   -0.84172141189839245     
 c_ph_up lab  -0.95908578438359637     
 c_ph_lep -0.99971911931715018     
 c_ph_lep lab  -0.68842132144869739     
 isvec for ranlux 
     8387587      494124    16029375     9172352     3146249     4760742    10678187    15099412    14773573     5096781    12530818    12364236     9216740     4157391     4528357    13979143    11886891     6704042    11366472     4673913     1301926    13045427    13947925    11850217     4222212
  
