 ====== DUMPING at point            1
 propag    0.0000000000000000        0.0000000000000000        0.0000000000000000        0.0000000000000000     
 test props.    0.0000000000000000        0.0000000000000000     
 Var           1.5412867040849570E-002
 Var before    0.0000000000000000     
 iev, nphot and rad. pattern    0.0000000000000000                0               0           0           0           0
 partons...            1          -1
 x1 & x2   0.98322692948908730       0.91696935959981085     
 sv & ME    1.0000000000000000        1386.6351929888792     
 plepton   =    45.102218446188829        3.9914026777519034       -5.0850166769547522        44.636422965280211     
 pneutrino =    45.102218446188829       -3.9914026777519034        5.0850166769547522       -44.636422965280211     
 pleptonlab   =    46.687027537280599        3.9914026777519034       -5.0850166769547522        46.237200246494766     
 pneutrinolab =    43.572296194442060       -3.9914026777519034        5.0850166769547522       -43.089965676754133     
 sqrt(s) =    90.204436892377657     
 sqrt_fs_cm =    90.204436892377657     
 phind channel           0
 bbb pw(0) qmod c1q   0.0000000000000000        0.0000000000000000        0.0000000000000000        0.0000000000000000     
 reduced to Born momenta
   43.322151270690284        0.0000000000000000        0.0000000000000000        43.322094975831583     
   43.322151270690284        0.0000000000000000        0.0000000000000000       -43.322094975831583     
   43.322151270690277       -32.557445135057570        7.6270495336885595        27.543393195419490     
   43.322151270690291        32.557445135057570       -7.6270495336885595       -27.543393195419490     
 isvec for ranlux 
     9644655    14614328     8305202     1457455     1056974    16450356    10467055     4514011      135838    16753179    11474510      425858    13826447     7299317     7668616    13721940      957152    13197359    14184585     9294164    15939178     5902395     5267822    14659295     4102414
  
