 ====== DUMPING at point            1
 propag    0.0000000000000000        0.0000000000000000        0.0000000000000000        0.0000000000000000     
 test props.    0.0000000000000000        0.0000000000000000     
 Var           5.1960893615425565     
 Var before    0.0000000000000000     
 iev, nphot and rad. pattern    0.0000000000000000                1               0           0           0           1
 partons...            1          -1
 x1 & x2   0.95698224199154502       0.97317149353070276     
 sv & ME    1.0000000000000000        831.76306790991043     
 plepton   =    45.570345957575562        37.274326012009652       -17.673960360324479       -19.362360716962058     
 pneutrino =    40.480834428037980       -32.306880729739845        17.760774788037921        16.718466698286608     
 pleptonlab   =    45.734357386853546        37.274326012009652       -17.673960360324479       -19.745278611077577     
 pneutrinolab =    40.342026608484055       -32.306880729739845        17.760774788037921        16.379508039960442     
 sqrt(s) =    91.679077413739734     
 sqrt_fs_cm =    85.866946031626227     
 phind channel           0
 bbb pw(0) qmod c1q   0.0000000000000000        0.0000000000000000        0.0000000000000000        0.0000000000000000     
 reduced to Born momenta
   45.839538706869867        0.0000000000000000        0.0000000000000000        45.839485503581088     
   45.839538706869867        0.0000000000000000        0.0000000000000000       -45.839485503581088     
   45.839538706869860        37.067005370524647       -18.917993519232397       -19.219749718321768     
   45.839538706869874       -37.067005370524647        18.917993519232397        19.219749718321768     
 >> Photon n.           1
 cm momentum     5.6278970281261893       -4.9674452822698063       -8.6814427713443165E-002   2.6438940186754496     
 lab momentum    5.6059184419691688       -4.9674452822698063       -8.6814427713443165E-002   2.5967811230071485     
 c_ph_up    0.46978365195067101     
 c_ph_up lab   0.46322135255592256     
 c_ph_lep -0.91558803159676094     
 c_ph_lep lab  -0.91620170901611286     
 isvec for ranlux 
     9644655    14614328     8305202     1457455     6611641    14048799     7267313     8683348    14048746     9318201     4464668     5476536     8218591     7359978     7668616    13721940      957152    13197359    14184585     9294164    15939178     5902395     5267822    14659295     4201404
  
 ====== DUMPING at point            1
 propag    0.0000000000000000        0.0000000000000000        0.0000000000000000        0.0000000000000000     
 test props.    0.0000000000000000        0.0000000000000000     
 Var           3.6972127089495870     
 Var before    2.6400511133521900     
 iev, nphot and rad. pattern    0.0000000000000000                1               0           0           1           0
 partons...            1          -1
 x1 & x2   0.96612081654677506       0.96816134627902140     
 sv & ME    1.0000000000000000        2728095.1482103569     
 plepton   =    45.597258180957674        41.167614349602836       -10.510960238395249        16.548293977286367     
 pneutrino =    45.937651090615198       -41.494610707368501        10.565843466156100       -16.637814102948035     
 pleptonlab   =    45.579826273327058        41.167614349602836       -10.510960238395249        16.500201303149517     
 pneutrinolab =    45.955228369123290       -41.494610707368501        10.565843466156100       -16.686284333530690     
 sqrt(s) =    91.878351609644255     
 sqrt_fs_cm =    91.534264965178465     
 phind channel           0
 bbb pw(0) qmod c1q   0.0000000000000000        0.0000000000000000        0.0000000000000000        0.0000000000000000     
 reduced to Born momenta
   45.939175804822121        0.0000000000000000        0.0000000000000000        45.939122716925652     
   45.939175804822135        0.0000000000000000        0.0000000000000000       -45.939122716925667     
   45.939175804822128        41.486176079443133       -10.577965775326476        16.655345817374936     
   45.939175804822128       -41.486176079443133        10.577965775326476       -16.655345817374936     
 >> Photon n.           1
 cm momentum    0.34344233807138480       0.32699635776566238       -5.4883227760850334E-002   8.9520125661668448E-002
 lab momentum   0.34334809177495174       0.32699635776566238       -5.4883227760850334E-002   8.9157868099468518E-002
 c_ph_up    0.26065547469881717     
 c_ph_up lab   0.25967194877525995     
 c_ph_lep  0.99105706883568945     
 c_ph_lep lab   0.99105119320057766     
 isvec for ranlux 
     6252439      346129     5312835     8261683     9079631     4152189    11690151     3251140     4683020     2530188    16021290      853410      442422     3051666     3691190     1411797     6310507    14053619      787489     1596633    16558285    12472361     3784938     8334133     4222111
  
 ====== DUMPING at point            1
 propag    0.0000000000000000        0.0000000000000000        0.0000000000000000        0.0000000000000000     
 test props.    0.0000000000000000        0.0000000000000000     
 Var           4.6706789428732991     
 Var before    3.2743117735944200     
 iev, nphot and rad. pattern    0.0000000000000000                0               1           0           0           0
 partons...            1          -1
 x1 & x2   0.96411080427673768       0.98303832641759936     
 sv & ME   0.61971298972014954        10063.205006209340     
 plepton   =    46.242606950851901       -39.125804036912371        20.807401397730338        13.213290258613478     
 pneutrino =    46.242606950851886        39.125804036912371       -20.807401397730338       -13.213290258613478     
 pleptonlab   =    46.116344239661657       -39.125804036912371        20.807401397730338        12.764385918577050     
 pneutrinolab =    46.373239468319355        39.125804036912371       -20.807401397730338       -13.663443220267981     
 sqrt(s) =    92.485213901703787     
 sqrt_fs_cm =    92.485213901703787     
 phind channel           0
 bbb pw(0) qmod c1q   0.0000000000000000        0.0000000000000000        0.0000000000000000        0.0000000000000000     
 reduced to Born momenta
   46.242606950851894        0.0000000000000000        0.0000000000000000        46.242554211303855     
   46.242606950851894        0.0000000000000000        0.0000000000000000       -46.242554211303855     
   46.242606950851901       -39.125804036912371        20.807401397730338        13.213290258613478     
   46.242606950851886        39.125804036912371       -20.807401397730338       -13.213290258613478     
 isvec for ranlux 
     8965487     4677045     9993826    10061960    12404269    11384977    11035044     9685088    14068021     1891112    11634831     6803766      471344     6208649      964748     8738368    12913065     1505022     4123979     3215547    11907780     4934906    11898556     4780317     4141909
  
 ====== DUMPING at point            1
 propag    0.0000000000000000        0.0000000000000000        0.0000000000000000        0.0000000000000000     
 test props.    0.0000000000000000        0.0000000000000000     
 Var           5.7082792037263355     
 Var before    3.8391587026126377     
 iev, nphot and rad. pattern    0.0000000000000000                1               0           0           1           0
 partons...            1          -1
 x1 & x2   0.99220650350305784       0.99895337669145357     
 sv & ME    1.0000000000000000        6991738.0258277329     
 plepton   =    47.206293986735481        36.177890736135346       -30.070358501516520        3.9187740104726139     
 pneutrino =    47.289390293269776       -36.240899476363268        30.122626430891984       -3.9369852256250470     
 pleptonlab   =    47.193286481658845        36.177890736135346       -30.070358501516520        3.7588411409610396     
 pneutrinolab =    47.303001979353589       -36.240899476363268        30.122626430891984       -4.0972447591426793     
 sqrt(s) =    94.579551354257532     
 sqrt_fs_cm =    94.495647063027661     
 phind channel           0
 bbb pw(0) qmod c1q   0.0000000000000000        0.0000000000000000        0.0000000000000000        0.0000000000000000     
 reduced to Born momenta
   47.289775677128766        0.0000000000000000        0.0000000000000000        47.289724105428647     
   47.289775677128766        0.0000000000000000        0.0000000000000000       -47.289724105428647     
   47.289775677128766        36.241532340109337       -30.123204286147285        3.9313632594226346     
   47.289775677128766       -36.241532340109337        30.123204286147285       -3.9313632594226346     
 >> Photon n.           1
 cm momentum     8.3867074252273049E-002   6.3008740227919163E-002  -5.2267929375465767E-002   1.8211215152433059E-002
 lab momentum    8.3805848226824436E-002   6.3008740227919163E-002  -5.2267929375465767E-002   1.7927141732843526E-002
 c_ph_up    0.21714379945642948     
 c_ph_up lab   0.21391277711697257     
 c_ph_lep  0.99079587972895877     
 c_ph_lep lab   0.99078661561282610     
 isvec for ranlux 
     2568165     8128834      101363      595162     5398735     4805118     1268154    13108615    10509164     4237853    15177197     1934990    16317064     2427763      815592     4755618     9574675     6008144    14746900     5306855     8960390     6709689    12360841     6586550     4021606
  
 ====== DUMPING at point            1
 propag    0.0000000000000000        0.0000000000000000        0.0000000000000000        0.0000000000000000     
 test props.    0.0000000000000000        0.0000000000000000     
 Var           5.8789042969344285     
 Var before    4.1373391643079538     
 iev, nphot and rad. pattern    0.0000000000000000                1               0           0           1           0
 partons...            1          -1
 x1 & x2   0.99413985732666443       0.95023555361647638     
 sv & ME    1.0000000000000000        81656758.837468371     
 plepton   =    46.069496894962825        20.520533905774453        25.999101001623220        32.020959008013435     
 pneutrino =    46.166932677904995       -20.563937128369943       -26.047061863098527       -32.094385292058661     
 pleptonlab   =    46.804468671144349        20.520533905774453        25.999101001623220        33.069647098601152     
 pneutrinolab =    45.453825493057835       -20.563937128369943       -26.047061863098527       -31.059847815825716     
 sqrt(s) =    92.334284072783859     
 sqrt_fs_cm =    92.236377665471295     
 phind channel           0
 bbb pw(0) qmod c1q   0.0000000000000000        0.0000000000000000        0.0000000000000000        0.0000000000000000     
 reduced to Born momenta
   46.167142036391937        0.0000000000000000        0.0000000000000000        46.167089210635616     
   46.167142036391922        0.0000000000000000        0.0000000000000000       -46.167089210635602     
   46.167142036391937        20.564029181359913        26.050691691187403        32.091681264087690     
   46.167142036391922       -20.564029181359913       -26.050691691187403       -32.091681264087690     
 >> Photon n.           1
 cm momentum     9.7854499916037646E-002   4.3403222595490266E-002   4.7960861475305171E-002   7.3426284045229467E-002
 lab momentum    9.9537855597019026E-002   4.3403222595490266E-002   4.7960861475305171E-002   7.5655143458498039E-002
 c_ph_up    0.75036185467435446     
 c_ph_up lab   0.76006402794921946     
 c_ph_lep  0.99571457418328668     
 c_ph_lep lab   0.99585320763738538     
 isvec for ranlux 
     2097233     6471148     4378437     8640871    15711293     8225040    11065883    15787977     7243899     4917269    11956633    15358016     1047827     9592925      229606     7295905     6628324     2019165    14002484    11234980     6728922     2987987     4664818    12003099    -4080923
  
 ====== DUMPING at point            1
 propag    0.0000000000000000        0.0000000000000000        0.0000000000000000        0.0000000000000000     
 test props.    0.0000000000000000        0.0000000000000000     
 Var           3.9204023444530822     
 Var before    3.5613558823360338     
 iev, nphot and rad. pattern    0.0000000000000000                0               0           1           0           0
 partons...            1          -1
 x1 & x2   0.91066195426688090       0.99274601983211763     
 sv & ME   0.62910674181476578        12728.641323297699     
 plepton   =    45.163884009686406       -44.630552465961074       0.84876206789767261        6.8672152058992006     
 pneutrino =    45.163884009686406        44.630552465961074      -0.84876206789767261       -6.8672152058992006     
 pleptonlab   =    44.909516420023728       -44.630552465961074       0.84876206789767261        4.9241132119506030     
 pneutrinolab =    45.502362349678698        44.630552465961074      -0.84876206789767261       -8.8231063262993512     
 sqrt(s) =    90.327768019372812     
 sqrt_fs_cm =    90.327768019372812     
 phind channel           0
 bbb pw(0) qmod c1q   0.0000000000000000        0.0000000000000000        0.0000000000000000        0.0000000000000000     
 reduced to Born momenta
   45.163884009686406        0.0000000000000000        0.0000000000000000        45.163830010471955     
   45.163884009686406        0.0000000000000000        0.0000000000000000       -45.163830010471955     
   45.163884009686406       -44.630552465961074       0.84876206789767261        6.8672152058992006     
   45.163884009686406        44.630552465961074      -0.84876206789767261       -6.8672152058992006     
 isvec for ranlux 
    16145664      870805    14492627     7011085     9863684      407960    14269002     1122728    11468481    10127615     6236805      841870    10584098     9555226      565175     5879931     8795117    13001464     6272794    11201091    13914166     1669207     2642119    10329942     4090620
  
 ====== DUMPING at point            1
 propag    0.0000000000000000        0.0000000000000000        0.0000000000000000        0.0000000000000000     
 test props.    0.0000000000000000        0.0000000000000000     
 Var           5.7910958097227887     
 Var before    3.9204023444530822     
 iev, nphot and rad. pattern    0.0000000000000000                0               0           1           0           0
 partons...            1          -1
 x1 & x2   0.99890402559981661       0.96949330513997767     
 sv & ME   0.68686615375964877        3807.9940812299888     
 plepton   =    46.744217976130386       -4.7205585624983453       -42.169927125962211       -19.606741788415089     
 pneutrino =    46.744217976130386        4.7205585624983453        42.169927125962211        19.606741788415089     
 pleptonlab   =    46.456450645793979       -4.7205585624983453       -42.169927125962211       -18.910426117956302     
 pneutrinolab =    47.042422564346239        4.7205585624983453        42.169927125962211        20.307435339798655     
 sqrt(s) =    93.488435952260772     
 sqrt_fs_cm =    93.488435952260772     
 phind channel           0
 bbb pw(0) qmod c1q   0.0000000000000000        0.0000000000000000        0.0000000000000000        0.0000000000000000     
 reduced to Born momenta
   46.744217976130386        0.0000000000000000        0.0000000000000000        46.744165802529743     
   46.744217976130386        0.0000000000000000        0.0000000000000000       -46.744165802529743     
   46.744217976130386       -4.7205585624983453       -42.169927125962211       -19.606741788415089     
   46.744217976130386        4.7205585624983453        42.169927125962211        19.606741788415089     
 isvec for ranlux 
    16145664      870805    14492627     7011085     9863684      407960     8205723     9664108     8899623    12633686     7677361      827336     8835237      774716    15580488    11768090     5697509    10786837     3590889     5984085    13914166     1669207     2642119    10329942    -4231606
  
 ====== DUMPING at point            1
 propag    0.0000000000000000        0.0000000000000000        0.0000000000000000        0.0000000000000000     
 test props.    0.0000000000000000        0.0000000000000000     
 Var           8.3140687401625861     
 Var before    4.8408878702109579     
 iev, nphot and rad. pattern    0.0000000000000000                0               0           0           0           1
 partons...            1          -1
 x1 & x2   0.99836658949254820       0.91147910940992471     
 sv & ME   0.64016529814787315        14717.389465067874     
 plepton   =    45.311870315470337       -44.984241618805427       -5.0976121209355920        1.8938807882119850     
 pneutrino =    45.311870315470337        44.984241618805427        5.0976121209355920       -1.8938807882119850     
 pleptonlab   =    45.445085818023294       -44.984241618805427       -5.0976121209355920        3.9594214175127842     
 pneutrinolab =    45.272584879844167        44.984241618805427        5.0976121209355920       0.16773388641182585     
 sqrt(s) =    90.623740630940674     
 sqrt_fs_cm =    90.623740630940674     
 phind channel           0
 bbb pw(0) qmod c1q   0.0000000000000000        0.0000000000000000        0.0000000000000000        0.0000000000000000     
 reduced to Born momenta
   45.311870315470344        0.0000000000000000        0.0000000000000000        45.311816492614838     
   45.311870315470330        0.0000000000000000        0.0000000000000000       -45.311816492614824     
   45.311870315470337       -44.984241618805427       -5.0976121209355920        1.8938807882119850     
   45.311870315470337        44.984241618805427        5.0976121209355920       -1.8938807882119850     
 isvec for ranlux 
     4509380     3981865       19155     3328497    16647181     7132430     3558099    10290584    15996084     8757513     7090572    14935046    14103510     5765238    11418536    15871654     6469770     5794982     5950276    14330159    10270488     4186897    14377079    12860942    -4080115
  
 ====== DUMPING at point            1
 propag    0.0000000000000000        0.0000000000000000        0.0000000000000000        0.0000000000000000     
 test props.    0.0000000000000000        0.0000000000000000     
 Var           7.9071973965040074     
 Var before    6.8756199333220742     
 iev, nphot and rad. pattern    0.0000000000000000                0               0           0           1           0
 partons...            1          -1
 x1 & x2   0.99927140484203403       0.96535590745903854     
 sv & ME   0.69808478982108979        5572.8021704690264     
 plepton   =    46.652945507807509       -24.844764910814717       -11.596005592562962       -37.745946427220332     
 pneutrino =    46.652945507807523        24.844764910814717        11.596005592562962        37.745946427220332     
 pleptonlab   =    46.008190663148874       -24.844764910814717       -11.596005592562962       -36.946079023744730     
 pneutrinolab =    47.311606671152070        24.844764910814717        11.596005592562962        38.557065149437015     
 sqrt(s) =    93.305891015615032     
 sqrt_fs_cm =    93.305891015615032     
 phind channel           0
 bbb pw(0) qmod c1q   0.0000000000000000        0.0000000000000000        0.0000000000000000        0.0000000000000000     
 reduced to Born momenta
   46.652945507807516        0.0000000000000000        0.0000000000000000        46.652893232133607     
   46.652945507807516        0.0000000000000000        0.0000000000000000       -46.652893232133607     
   46.652945507807509       -24.844764910814717       -11.596005592562962       -37.745946427220332     
   46.652945507807523        24.844764910814717        11.596005592562962        37.745946427220332     
 isvec for ranlux 
     5296148     8646563    10452673     7166248      952571     3765111    10544008    12173936     2054572     9165979     5001339     7374366     6185974      750604     2177072     5243092     2039795     8760032     5864455     9125444     9026986    11573976    10700607    16005715     4021505
  
 ====== DUMPING at point            1
 propag    0.0000000000000000        0.0000000000000000        0.0000000000000000        0.0000000000000000     
 test props.    0.0000000000000000        0.0000000000000000     
 Var           27.352277995450869     
 Var before    7.3711490833330551     
 iev, nphot and rad. pattern    0.0000000000000000                1               0           0           0           1
 partons...            1          -1
 x1 & x2   0.99980103091729466       0.95617892297215146     
 sv & ME    1.0000000000000000        340901704.04065901     
 plepton   =    46.442923967453027       -6.5881597295080168       -29.988759499314472        34.845436975677607     
 pneutrino =    46.371704833340466        6.5760173866848781        29.945207647861391       -34.790291457753909     
 pleptonlab   =    47.231791537997879       -6.5881597295080168       -29.988759499314472        35.890129886476942     
 pneutrinolab =    45.607157900474967        6.5760173866848781        29.945207647861391       -33.764511285132933     
 sqrt(s) =    92.885939588205346     
 sqrt_fs_cm =    92.814601406247945     
 phind channel           0
 bbb pw(0) qmod c1q   0.0000000000000000        0.0000000000000000        0.0000000000000000        0.0000000000000000     
 reduced to Born momenta
   46.442969794102673        0.0000000000000000        0.0000000000000000        46.442917282082242     
   46.442969794102673        0.0000000000000000        0.0000000000000000       -46.442917282082242     
   46.442969794102659       -6.5871453088583394       -29.990008239369761        34.844615108894281     
   46.442969794102687        6.5871453088583394        29.990008239369761       -34.844615108894281     
 >> Photon n.           1
 cm momentum     7.1310787411855731E-002   1.2142342823138617E-002   4.3551851453082602E-002  -5.5145517923697873E-002
 lab momentum    7.0098371275846921E-002   1.2142342823138617E-002   4.3551851453082602E-002  -5.3568473949707429E-002
 c_ph_up   -0.77331242474164152     
 c_ph_up lab  -0.76418999435675861     
 c_ph_lep -0.99871929116730940     
 c_ph_lep lab  -0.99932881731550005     
 isvec for ranlux 
    12407685    10518733     3715713     1523850      815066    15945883     7269863      651166     9900375     2828179       54203     8423680     6092905    13529549     5097138     8094755     5503437    13047201     9863314    11753978    11302249     3302706    10486907     9359417    -4002111
  
 ====== DUMPING at point            1
 propag    0.0000000000000000        0.0000000000000000        0.0000000000000000        0.0000000000000000     
 test props.    0.0000000000000000        0.0000000000000000     
 Var           12.739785065726279     
 Var before    10.436524094026556     
 iev, nphot and rad. pattern    0.0000000000000000                0               0           0           1           0
 partons...            1          -1
 x1 & x2   0.97011082351198552       0.99983372857342945     
 sv & ME   0.61619004880987327        6823.1512807528561     
 plepton   =    46.780857287617906        8.3573479807227571       -33.752314123697047        31.294943216075584     
 pneutrino =    46.780857287617906       -8.3573479807227571        33.752314123697047       -31.294943216075584     
 pleptonlab   =    46.313945189273156        8.3573479807227571       -33.752314123697047        30.592587032284793     
 pneutrinolab =    47.258421034784050       -8.3573479807227571        33.752314123697047       -32.004425022703373     
 sqrt(s) =    93.561714575235811     
 sqrt_fs_cm =    93.561714575235811     
 phind channel           0
 bbb pw(0) qmod c1q   0.0000000000000000        0.0000000000000000        0.0000000000000000        0.0000000000000000     
 reduced to Born momenta
   46.780857287617913        0.0000000000000000        0.0000000000000000        46.780805154880291     
   46.780857287617899        0.0000000000000000        0.0000000000000000       -46.780805154880277     
   46.780857287617906        8.3573479807227571       -33.752314123697047        31.294943216075584     
   46.780857287617906       -8.3573479807227571        33.752314123697047       -31.294943216075584     
 isvec for ranlux 
     1761916     1998066      110757    12487400     6792527    15221857    13697809    16362340     1718686    13889623    15879938    13252925    15197909    11147211     8739263    10194051      365704     1375984     3629030     8446094     3487424    14965765     1118188    11110526    -4200216
  
 ====== DUMPING at point            1
 propag    0.0000000000000000        0.0000000000000000        0.0000000000000000        0.0000000000000000     
 test props.    0.0000000000000000        0.0000000000000000     
 Var           4.5398962434143018     
 Var before    4.1218206636714818     
 iev, nphot and rad. pattern    0.0000000000000000                1               0           0           1           0
 partons...            1          -1
 x1 & x2   0.96574979717288445       0.99985368592281310     
 sv & ME    1.0000000000000000        2481312751.1712103     
 plepton   =    46.518314237852188        35.525980500430897        26.675748714430227        13.793169898455954     
 pneutrino =    46.676054580307252       -35.646793185307558       -26.765623965800298       -13.840174016884372     
 pleptonlab   =    46.285965406297159        35.525980500430897        26.675748714430227        12.988016396241866     
 pneutrinolab =    46.923249590622241       -35.646793185307558       -26.765623965800298       -14.652225011159576     
 sqrt(s) =    93.352111180209633     
 sqrt_fs_cm =    93.194235319371245     
 phind channel           0
 bbb pw(0) qmod c1q   0.0000000000000000        0.0000000000000000        0.0000000000000000        0.0000000000000000     
 reduced to Born momenta
   46.676055590104816        0.0000000000000000        0.0000000000000000        46.676003340313478     
   46.676055590104816        0.0000000000000000        0.0000000000000000       -46.676003340313478     
   46.676055590104816        35.646621126389711        26.765914704029580        13.840058312280593     
   46.676055590104816       -35.646621126389711       -26.765914704029580       -13.840058312280593     
 >> Photon n.           1
 cm momentum    0.15774236205019107       0.12081268487666233        8.9875251370068937E-002   4.7004118428418312E-002
 lab momentum   0.15695045012621667       0.12081268487666233        8.9875251370068937E-002   4.4273899296100434E-002
 c_ph_up    0.29798031307190875     
 c_ph_up lab   0.28208838687940163     
 c_ph_lep  0.99998973290392235     
 c_ph_lep lab   0.99998962923368040     
 isvec for ranlux 
     8580474     7453528     6610367     9370130     6454595    13285363    12880910       20013     9703009    16699534     1920148     6241711     6714350     8434631    10339274    15950484     7679134     4788915     9680677     9420690    13578033     7433776    11266006     2295994     4192111
  
 ====== DUMPING at point            1
 propag    0.0000000000000000        0.0000000000000000        0.0000000000000000        0.0000000000000000     
 test props.    0.0000000000000000        0.0000000000000000     
 Var           3.2095226822495451     
 Var before    2.6568435390376770     
 iev, nphot and rad. pattern    0.0000000000000000                1               0           0           0           1
 partons...            1          -1
 x1 & x2   0.99988206794459233       0.90768302276509183     
 sv & ME    1.0000000000000000        186528995148.20621     
 plepton   =    45.251721353703651      -0.67848450349419875       -31.120178044847052        32.844806271575237     
 pneutrino =    45.206337624247780       0.67785051957431164        31.089057460328515       -32.811778717520284     
 pleptonlab   =    46.894028392468250      -0.67848450349419875       -31.120178044847052        35.072965549233039     
 pneutrinolab =    43.671474462274389       0.67785051957431164        31.089057460328515       -30.662640834069094     
 sqrt(s) =    90.503443028489471     
 sqrt_fs_cm =    90.458047593049969     
 phind channel           0
 bbb pw(0) qmod c1q   0.0000000000000000        0.0000000000000000        0.0000000000000000        0.0000000000000000     
 reduced to Born momenta
   45.251721514244736        0.0000000000000000        0.0000000000000000        45.251667619847559     
   45.251721514244736        0.0000000000000000        0.0000000000000000       -45.251667619847559     
   45.251721514244728      -0.67850776518245859       -31.120223463071028        32.844762978782512     
   45.251721514244743       0.67850776518245859        31.120223463071028       -32.844762978782512     
 >> Photon n.           1
 cm momentum     4.5384050538037013E-002   6.3398391988709127E-004   3.1120584518537046E-002  -3.3027554054955610E-002
 lab momentum    4.3838953967341950E-002   6.3398391988709127E-004   3.1120584518537046E-002  -3.0870069137671916E-002
 c_ph_up   -0.72773482453433180     
 c_ph_up lab  -0.70416983855656612     
 c_ph_lep -0.99999565819294745     
 c_ph_lep lab  -0.99797313756266559     
 isvec for ranlux 
    14376841     9367055    11411008     3416353     1394422    12230973     5252183    16075032     6397709     9393473    12531793     9363946    15390017     9736584    16117207    13485524     9250666     8140315     3126542     1982896     8250996    15449780     6880094     7144020    -4021707
  
