 ====== DUMPING at point            1
 propag    0.0000000000000000        0.0000000000000000        0.0000000000000000        0.0000000000000000     
 test props.    0.0000000000000000        0.0000000000000000     
 Var           1.9598689945717667     
 Var before    0.0000000000000000     
 iev, nphot and rad. pattern    0.0000000000000000                0               0           1           0           0
 partons...            1          -1
 x1 & x2   0.94693539778351188       0.97588642440755047     
 sv & ME   0.57953005548458059        1138.0617048096062     
 plepton   =    48.065096470513126       -21.088354795801298        38.359754645008636       -19.850764484256235     
 pneutrino =    48.065096470513112        21.088354795801298       -38.359754645008636        19.850764484256235     
 pleptonlab   =    48.369463092289365       -21.088354795801298        38.359754645008636       -20.576790608013148     
 pneutrinolab =    47.771628017263772        21.088354795801298       -38.359754645008636        19.129239276811219     
 sqrt(s) =    96.130192941026237     
 sqrt_fs_cm =    96.130192941026237     
 phind channel           0
 bbb pw(0) qmod c1q   0.0000000000000000        0.0000000000000000        0.0000000000000000        0.0000000000000000     
 reduced to Born momenta
   48.065096470513119        0.0000000000000000        0.0000000000000000        48.065045730698444     
   48.065096470513119        0.0000000000000000        0.0000000000000000       -48.065045730698444     
   48.065096470513126       -21.088354795801298        38.359754645008636       -19.850764484256235     
   48.065096470513112        21.088354795801298       -38.359754645008636        19.850764484256235     
 isvec for ranlux 
     9644655    14614328     8305202     5902523     6611641    14048799     7267313     8683348    14048746     9318201     4464668     5476536     8218591     7359978     7668616    13721940      957152    13197359    14184585     9294164    15939178     5902395     5267822    14659295     4211303
  
 ====== DUMPING at point            1
 propag    0.0000000000000000        0.0000000000000000        0.0000000000000000        0.0000000000000000     
 test props.    0.0000000000000000        0.0000000000000000     
 Var           2.8391432952590505     
 Var before    1.9598689945717667     
 iev, nphot and rad. pattern    0.0000000000000000                0               0           1           0           0
 partons...            1          -1
 x1 & x2   0.94747119759948795       0.89970576282345271     
 sv & ME   0.56286779691894795        18186.947881928303     
 plepton   =    46.163982079904507       -23.427225769862936       -29.879016758501784        26.258551522414862     
 pneutrino =    46.163982079904493        23.427225769862936        29.879016758501784       -26.258551522414862     
 pleptonlab   =    46.858660870971569       -23.427225769862936       -29.879016758501784        27.461470922044477     
 pneutrinolab =    45.500187150175442        23.427225769862936        29.879016758501784       -25.073199183242721     
 sqrt(s) =    92.327964159809000     
 sqrt_fs_cm =    92.327964159809000     
 phind channel           0
 bbb pw(0) qmod c1q   0.0000000000000000        0.0000000000000000        0.0000000000000000        0.0000000000000000     
 reduced to Born momenta
   46.163982079904507        0.0000000000000000        0.0000000000000000        46.163929250532220     
   46.163982079904493        0.0000000000000000        0.0000000000000000       -46.163929250532206     
   46.163982079904507       -23.427225769862936       -29.879016758501784        26.258551522414862     
   46.163982079904493        23.427225769862936        29.879016758501784       -26.258551522414862     
 isvec for ranlux 
      778671     5844720     9587749    10340955     5767304     1229801     7106317     9230034     7070010     1656684    15462261     7797679    14988199    15435044     9850695     6896914     2215452    12845121     6405628     3024976     4819489    10459877     1149857     7981361    -4092010
  
 ====== DUMPING at point            1
 propag    0.0000000000000000        0.0000000000000000        0.0000000000000000        0.0000000000000000     
 test props.    0.0000000000000000        0.0000000000000000     
 Var           2.1739588794437648     
 Var before    1.6937285054842286     
 iev, nphot and rad. pattern    0.0000000000000000                1               0           0           1           0
 partons...            1          -1
 x1 & x2   0.86162213987822611       0.95881440568901921     
 sv & ME   0.58205399469764640        4272738713.3273721     
 plepton   =    45.439552118982093        27.907283267128136        14.829818233523966       -32.649682462332350     
 pneutrino =    45.445942796927369       -27.910932680623084       -14.833094036719181        32.653969302455366     
 pleptonlab   =    47.250093476047844        27.907283267128136        14.829818233523966       -35.125776882692591     
 pneutrinolab =    43.764981767540142       -27.910932680623084       -14.833094036719181        30.270804806235720     
 sqrt(s) =    90.892008448259205     
 sqrt_fs_cm =    90.885494682505310     
 phind channel           0
 bbb pw(0) qmod c1q   0.0000000000000000        0.0000000000000000        0.0000000000000000        0.0000000000000000     
 reduced to Born momenta
   45.446004224129602        0.0000000000000000        0.0000000000000000        45.445950560132474     
   45.446004224129602        0.0000000000000000        0.0000000000000000       -45.445950560132474     
   45.446004224129602        27.911108167021435        14.832519054123319       -32.654165976886247     
   45.446004224129602       -27.911108167021435       -14.832519054123319        32.654165976886247     
 >> Photon n.           1
 cm momentum     6.5135323497436714E-003   3.6494134949475706E-003   3.2758031952150337E-003  -4.2868401230126193E-003
 lab momentum    6.7520347742778732E-003   3.6494134949475706E-003   3.2758031952150337E-003  -4.6412140827773911E-003
 c_ph_up   -0.65814367578619926     
 c_ph_up lab  -0.68738006214930469     
 c_ph_lep  0.98113856417381162     
 c_ph_lep lab   0.98250201139142246     
 isvec for ranlux 
    13077225     6767474    12978143    11216133     7787453     7756591     1456377     6700084     7382700    12480500    14719702    13291644     7895789     6891298      102469     9060833    10785562     3405521     1113041     5184210    10069583      203884    13164889     3691341     4042414
  
 ====== DUMPING at point            1
 propag    0.0000000000000000        0.0000000000000000        0.0000000000000000        0.0000000000000000     
 test props.    0.0000000000000000        0.0000000000000000     
 Var           2.0577068479657972     
 Var before    1.7119394964000731     
 iev, nphot and rad. pattern    0.0000000000000000                0               0           1           0           0
 partons...            1          -1
 x1 & x2   0.98544813658516672       0.87943073745192712     
 sv & ME   0.56195795765020862        9125.8705148697809     
 plepton   =    46.546572953272310        22.540892364863083        34.900151873178331        20.987135598446454     
 pneutrino =    46.546572953272310       -22.540892364863083       -34.900151873178331       -20.987135598446454     
 pleptonlab   =    47.817012318051304        22.540892364863083        34.900151873178331        23.671566782913786     
 pneutrinolab =    45.426931383803385       -22.540892364863083       -34.900151873178331       -18.370696826251802     
 sqrt(s) =    93.093145906544621     
 sqrt_fs_cm =    93.093145906544621     
 phind channel           0
 bbb pw(0) qmod c1q   0.0000000000000000        0.0000000000000000        0.0000000000000000        0.0000000000000000     
 reduced to Born momenta
   46.546572953272303        0.0000000000000000        0.0000000000000000        46.546520558133032     
   46.546572953272317        0.0000000000000000        0.0000000000000000       -46.546520558133047     
   46.546572953272310        22.540892364863083        34.900151873178331        20.987135598446454     
   46.546572953272310       -22.540892364863083       -34.900151873178331       -20.987135598446454     
 isvec for ranlux 
     2097233     6471148     4378437     8640871    15711293     8225040    11065883    15787977     7243899     4917269    11956633    15358016     1047827     9592925      229606     7295905     6628324     2019165    14002484    11234980     6728922     2987987     4664818    12003099    -4080923
  
 ====== DUMPING at point            1
 propag    0.0000000000000000        0.0000000000000000        0.0000000000000000        0.0000000000000000     
 test props.    0.0000000000000000        0.0000000000000000     
 Var           2.3063279263345726     
 Var before    1.8362821852487397     
 iev, nphot and rad. pattern    0.0000000000000000                2               0           0           1           1
 partons...            1          -1
 x1 & x2   0.90149444802584622       0.95649230629942161     
 sv & ME   0.57140583225183661        28457361161.616047     
 plepton   =    46.358242295548052       -29.670153430233341        4.9366528304535109        35.275868795810830     
 pneutrino =    46.234742903725923        29.556042953231639       -5.0282835059682505       -35.196547808165825     
 pleptonlab   =    45.333914323978732       -29.670153430233341        4.9366528304535109        33.918491689642742     
 pneutrinolab =    47.297313834372410        29.556042953231639       -5.0282835059682505       -36.581162121862448     
 sqrt(s) =    92.858629308662842     
 sqrt_fs_cm =    92.592835570103546     
 phind channel           0
 bbb pw(0) qmod c1q   0.0000000000000000        0.0000000000000000        0.0000000000000000        0.0000000000000000     
 reduced to Born momenta
   46.429314654331421        0.0000000000000000        0.0000000000000000        46.429262126866874     
   46.429314654331421        0.0000000000000000        0.0000000000000000       -46.429262126866874     
   46.429314654331414       -29.698066793391355        4.9968013822585293        35.337330123553066     
   46.429314654331428        29.698066793391355       -4.9968013822585293       -35.337330123553066     
 >> Photon n.           1
 cm momentum     5.4762858682476434E-002  -3.4680652372693639E-002   4.5648046321017108E-003   4.2135324856372079E-002
 lab momentum    5.3539080953777268E-002  -3.4680652372693639E-002   4.5648046321017108E-003   4.0532062605426813E-002
 c_ph_up    0.76941426854064066     
 c_ph_up lab   0.75705562896045964     
 c_ph_lep  0.99967386743805753     
 c_ph_lep lab   0.99965887461304037     
 >> Photon n.           2
 cm momentum    0.21088125070639249       0.14879112937439509        8.7065870882638091E-002 -0.12145631250137714     
 lab momentum   0.21457047695847764       0.14879112937439509        8.7065870882638091E-002 -0.12775454406450049     
 c_ph_up   -0.57594647269272570     
 c_ph_up lab  -0.59539665416888998     
 c_ph_lep -0.84587448143657695     
 c_ph_lep lab  -0.85512823869479293     
 isvec for ranlux 
     7705512     6767400    12346605     2442596     4398068    14780140    11606138    14688674    13412440     5267269    10109083     1735670     8876049    16397594    14292833    16049731     7015236     2292865    16408353     4672107     7144624     1147718    13770713    15989233    -4151606
  
 ====== DUMPING at point            1
 propag    0.0000000000000000        0.0000000000000000        0.0000000000000000        0.0000000000000000     
 test props.    0.0000000000000000        0.0000000000000000     
 Var           1.9606009381347405     
 Var before    1.4286728099499266     
 iev, nphot and rad. pattern    0.0000000000000000                2               1           0           1           0
 partons...            1          -1
 x1 & x2   0.99180774998510191       0.84484579927550452     
 sv & ME   0.58066155493188187        30648659.384529982     
 plepton   =    45.202244269406592        4.3754764094070477       -29.284401776501987       -34.154219974737565     
 pneutrino =    45.359034888205450       -5.1130760854750301        29.520517417796313        34.056223904415759     
 pleptonlab   =    42.605968171307275        4.3754764094070477       -29.284401776501987       -30.635541106794740     
 pneutrinolab =    48.238757238332639       -5.1130760854750301        29.520517417796313        37.806904667494933     
 sqrt(s) =    91.538222140469998     
 sqrt_fs_cm =    90.557914483246236     
 phind channel           0
 bbb pw(0) qmod c1q   0.0000000000000000        0.0000000000000000        0.0000000000000000        0.0000000000000000     
 reduced to Born momenta
   45.384123667839887        0.0000000000000000        0.0000000000000000        45.384069930672645     
   45.384123667839901        0.0000000000000000        0.0000000000000000       -45.384069930672659     
   45.384123667839894        4.7549755198012669       -29.470648671106307       -34.184478818853265     
   45.384123667839894       -4.7549755198012669        29.470648671106307        34.184478818853265     
 >> Photon n.           1
 cm momentum    0.76673647884203266       0.71905858501872688       -9.1889735451557444E-002  0.24979162479272202     
 lab momentum   0.78925453536006285       0.71905858501872688       -9.1889735451557444E-002  0.31214379605550063     
 c_ph_up    0.32578549695453513     
 c_ph_up lab   0.39549192569808761     
 c_ph_lep  -7.7738743119113204E-002
 c_ph_lep lab  -0.11079046250316535     
 >> Photon n.           2
 cm momentum    0.21020650401592350        1.8541091049255835E-002 -0.14422590584276851      -0.15179555447091508     
 lab momentum   0.19869751803033620        1.8541091049255835E-002 -0.14422590584276851      -0.13540982127582871     
 c_ph_up   -0.72212586942322354     
 c_ph_up lab  -0.68148723053075566     
 c_ph_lep  0.99867124413811015     
 c_ph_lep lab   0.99850862772827131     
 isvec for ranlux 
    10482904     1249819    12058037    14159976    14147930     6205970     8604369     9431829     9704793     2911077    12566670     7519744     8037451     9579103     1801853     7051106     4729559     8526420      295591      567446    12330918     8671797    12046268    10350963     4080418
  
 ====== DUMPING at point            1
 propag    0.0000000000000000        0.0000000000000000        0.0000000000000000        0.0000000000000000     
 test props.    0.0000000000000000        0.0000000000000000     
 Var           2.1163133108014720     
 Var before    1.6878533562168849     
 iev, nphot and rad. pattern    0.0000000000000000                0               0           0           1           0
 partons...            1          -1
 x1 & x2   0.78801170418191668       0.99690016282409055     
 sv & ME   0.56206634788173437        3302.4828382932701     
 plepton   =    44.316165115176709       -10.097712373767406        36.581376573730886        22.885594150287965     
 pneutrino =    44.316165115176709        10.097712373767406       -36.581376573730886       -22.885594150287965     
 pleptonlab   =    41.925961065198663       -10.097712373767406        36.581376573730886        17.821732248483695     
 pneutrinolab =    47.319632285101711        10.097712373767406       -36.581376573730886       -28.266155180592389     
 sqrt(s) =    88.632330230353418     
 sqrt_fs_cm =    88.632330230353418     
 phind channel           0
 bbb pw(0) qmod c1q   0.0000000000000000        0.0000000000000000        0.0000000000000000        0.0000000000000000     
 reduced to Born momenta
   44.316165115176709        0.0000000000000000        0.0000000000000000        44.316110083016142     
   44.316165115176709        0.0000000000000000        0.0000000000000000       -44.316110083016142     
   44.316165115176709       -10.097712373767406        36.581376573730886        22.885594150287965     
   44.316165115176709        10.097712373767406       -36.581376573730886       -22.885594150287965     
 isvec for ranlux 
     1529830    10969541     5398952    14836342    16636312     5190420     1470932    12386847    11625234     6824400      810679     8482292     6601895    16231455    13558496     6713029     1261892      214096    11394427     5414534     6660712     4299797     3825772    15586491    -4101909
  
 ====== DUMPING at point            1
 propag    0.0000000000000000        0.0000000000000000        0.0000000000000000        0.0000000000000000     
 test props.    0.0000000000000000        0.0000000000000000     
 Var           1.8711369547767436     
 Var before    1.4663628185195725     
 iev, nphot and rad. pattern    0.0000000000000000                1               1           0           0           0
 partons...            1          -1
 x1 & x2   0.99906993316453185       0.77321380600730605     
 sv & ME   0.56206038681431547        7061812888.4782333     
 plepton   =    43.940377157347662        23.698410671641494        30.481184892397046        20.976851056157777     
 pneutrino =    43.943980211434010       -23.698553824363277       -30.481231610595508       -20.984167824014985     
 pleptonlab   =    46.996809210730014        23.698410671641494        30.481184892397046        26.794992283858278     
 pneutrinolab =    41.609059171971154       -23.698553824363277       -30.481231610595508       -15.510503138844939     
 sqrt(s) =    87.891675686017763     
 sqrt_fs_cm =    87.884357064075758     
 phind channel           0
 bbb pw(0) qmod c1q   0.0000000000000000        0.0000000000000000        0.0000000000000000        0.0000000000000000     
 reduced to Born momenta
   43.942178532037879        0.0000000000000000        0.0000000000000000        43.942123031504643     
   43.942178532037879        0.0000000000000000        0.0000000000000000       -43.942123031504643     
   43.942178532037879        23.698482246535146        30.481208251017435        20.980509365093766     
   43.942178532037879       -23.698482246535146       -30.481208251017435       -20.980509365093766     
 >> Photon n.           1
 cm momentum     7.3183172360942262E-003   1.4315272178306367E-004   4.6718198461803925E-005   7.3167678572093851E-003
 lab momentum    8.3185758907397978E-003   1.4315272178306367E-004   4.6718198461803925E-005   8.3172128479542945E-003
 c_ph_up    0.99978828754823590     
 c_ph_up lab   0.99983614469550963     
 c_ph_lep  0.49227201710170992     
 c_ph_lep lab   0.58237312139836783     
 isvec for ranlux 
     4582103    14909827     6058609    16033389    16400909    10270577    12793303      310030     7779432    12399011     3122562     7325754    11785470    16087410     4035484     7020979    11753393     9284947      731009     1133262     6407025    14657548    11290772     1908909    -4011606
  
 ====== DUMPING at point            1
 propag    0.0000000000000000        0.0000000000000000        0.0000000000000000        0.0000000000000000     
 test props.    0.0000000000000000        0.0000000000000000     
 Var           1.1713931245126776     
 Var before   0.98667738482021472     
 iev, nphot and rad. pattern    0.0000000000000000                0               0           1           0           0
 partons...            1          -1
 x1 & x2   0.99838294040705444       0.84801848943132896     
 sv & ME   0.57422966677050102        14164.653822500870     
 plepton   =    46.006716710660825       -15.062970844481683       -43.275564231230518       -4.1157342735490294     
 pneutrino =    46.006716710660811        15.062970844481683        43.275564231230518        4.1157342735490294     
 pleptonlab   =    45.823747825058703       -15.062970844481683       -43.275564231230518      -0.37033883139697776     
 pneutrinolab =    46.496323666860469        15.062970844481683        43.275564231230518        7.8885613801832530     
 sqrt(s) =    92.013433421321636     
 sqrt_fs_cm =    92.013433421321636     
 phind channel           0
 bbb pw(0) qmod c1q   0.0000000000000000        0.0000000000000000        0.0000000000000000        0.0000000000000000     
 reduced to Born momenta
   46.006716710660818        0.0000000000000000        0.0000000000000000        46.006663700700983     
   46.006716710660818        0.0000000000000000        0.0000000000000000       -46.006663700700983     
   46.006716710660825       -15.062970844481683       -43.275564231230518       -4.1157342735490294     
   46.006716710660811        15.062970844481683        43.275564231230518        4.1157342735490294     
 isvec for ranlux 
    15697820    13958964    15496225    11578598     1704967     5619974     9875627     7164025     7377212     9094670     8478077    13805758     9465217     1972369     1888418    13095976    15555016    16310036     7352882    14970220     9477691      555846    10078497      522600     4061606
  
 ====== DUMPING at point            1
 propag    0.0000000000000000        0.0000000000000000        0.0000000000000000        0.0000000000000000     
 test props.    0.0000000000000000        0.0000000000000000     
 Var           1.3552465145471151     
 Var before   0.91466487887376047     
 iev, nphot and rad. pattern    0.0000000000000000                1               0           0           1           0
 partons...            1          -1
 x1 & x2   0.96472912457459348       0.99985227665595089     
 sv & ME   0.56392413501360650        32351012968.196121     
 plepton   =    49.106043338979589        47.772614220505709        10.746174665705992        3.6999174735592470     
 pneutrino =    49.106682165864335       -47.773217153194189       -10.746376451238815       -3.7000250877207987     
 pleptonlab   =    49.047734704427420        47.772614220505709        10.746174665705992        2.8224415914774688     
 pneutrinolab =    49.180692332526966       -47.773217153194189       -10.746376451238815       -4.5786952963941472     
 sqrt(s) =    98.213370350589713     
 sqrt_fs_cm =    98.212725502726940     
 phind channel           0
 bbb pw(0) qmod c1q   0.0000000000000000        0.0000000000000000        0.0000000000000000        0.0000000000000000     
 reduced to Born momenta
   49.106685175294857        0.0000000000000000        0.0000000000000000        49.106635511709861     
   49.106685175294857        0.0000000000000000        0.0000000000000000       -49.106635511709861     
   49.106685175294857        47.773229356068924        10.746346116667842        3.6999955739525152     
   49.106685175294857       -47.773229356068924       -10.746346116667842       -3.6999955739525152     
 >> Photon n.           1
 cm momentum     6.4484574578833507E-004   6.0293268848001912E-004   2.0178553282399202E-004   1.0761416155185183E-004
 lab momentum    6.4302457280885120E-004   6.0293268848001912E-004   2.0178553282399202E-004   9.6100848805823362E-005
 c_ph_up    0.16688357216390046     
 c_ph_up lab   0.14945128517567680     
 c_ph_lep  0.99066837144949960     
 c_ph_lep lab   0.99063081357855942     
 isvec for ranlux 
     8580474     7453528     6610367     9370130     6454595    13285363    12880910       20013     9703009    16699534     1920148     6241711     6714350     8434631    10339274    15950484     7679134     4788915     9680677     9420690    13578033     7433776    11266006     2295994     4192111
  
 ====== DUMPING at point            1
 propag    0.0000000000000000        0.0000000000000000        0.0000000000000000        0.0000000000000000     
 test props.    0.0000000000000000        0.0000000000000000     
 Var           1.1083809249639431     
 Var before   0.79138431408523024     
 iev, nphot and rad. pattern    0.0000000000000000                0               0           1           0           1
 partons...            1          -1
 x1 & x2   0.99981452248318958       0.85737991769469069     
 sv & ME   0.57455867884488265        13453.881404777432     
 plepton   =    46.293112149557246        17.973875190470832       -19.295737749423829       -38.048066759598363     
 pneutrino =    46.293112149557231       -17.973875190470832        19.295737749423829        38.048066759598363     
 pleptonlab   =    43.503204586121917        17.973875190470832       -19.295737749423829       -34.599594808513991     
 pneutrinolab =    49.356517422772107       -17.973875190470832        19.295737749423829        41.721325047938940     
 sqrt(s) =    92.586224299114477     
 sqrt_fs_cm =    92.586224299114477     
 phind channel           0
 bbb pw(0) qmod c1q   0.0000000000000000        0.0000000000000000        0.0000000000000000        0.0000000000000000     
 reduced to Born momenta
   46.293112149557238        0.0000000000000000        0.0000000000000000        46.293059467547444     
   46.293112149557238        0.0000000000000000        0.0000000000000000       -46.293059467547444     
   46.293112149557246        17.973875190470832       -19.295737749423829       -38.048066759598363     
   46.293112149557231       -17.973875190470832        19.295737749423829        38.048066759598363     
 isvec for ranlux 
    16005597     8434417    14436132    13695452    14164085      961699    13764582       67402     7211444    14390456      970651      358280     3303569    11896123     6216082     9295383     9040778    13778432     3232438     8688432    14560231     5902029      962798     8581584    -4231606
  
 ====== DUMPING at point            1
 propag    0.0000000000000000        0.0000000000000000        0.0000000000000000        0.0000000000000000     
 test props.    0.0000000000000000        0.0000000000000000     
 Var          0.69187985797419260     
 Var before   0.61612432896331559     
 iev, nphot and rad. pattern    0.0000000000000000                0               0           1           0           0
 partons...            1          -1
 x1 & x2   0.83073504376013552       0.99976105379768065     
 sv & ME   0.56156183464365428        21523.609726312123     
 plepton   =    45.566888822265867       -33.982783289898151        17.305568466412630        24.940287351500046     
 pneutrino =    45.566888822265867        33.982783289898151       -17.305568466412630       -24.940287351500046     
 pleptonlab   =    43.449562255442451       -33.982783289898151        17.305568466412630        20.821648263867694     
 pneutrinolab =    48.075242622448336        33.982783289898151       -17.305568466412630       -29.272948765744957     
 sqrt(s) =    91.133777644531733     
 sqrt_fs_cm =    91.133777644531733     
 phind channel           0
 bbb pw(0) qmod c1q   0.0000000000000000        0.0000000000000000        0.0000000000000000        0.0000000000000000     
 reduced to Born momenta
   45.566888822265867        0.0000000000000000        0.0000000000000000        45.566835300634366     
   45.566888822265867        0.0000000000000000        0.0000000000000000       -45.566835300634366     
   45.566888822265867       -33.982783289898151        17.305568466412630        24.940287351500046     
   45.566888822265867        33.982783289898151       -17.305568466412630       -24.940287351500046     
 isvec for ranlux 
     1457327    11843211      842130     1627129    13128769     2257102     8061877     9626046    13167356     9311311       68476    11689171     5193999    15602726    13809534     9598677    15490076    16534941     4561603     1137849      146632    16199119     3483777    15651896    -4100317
  
 ====== DUMPING at point            1
 propag    0.0000000000000000        0.0000000000000000        0.0000000000000000        0.0000000000000000     
 test props.    0.0000000000000000        0.0000000000000000     
 Var          0.70762706290694033     
 Var before   0.63520764344242564     
 iev, nphot and rad. pattern    0.0000000000000000                1               0           0           0           1
 partons...            1          -1
 x1 & x2   0.81514821832029116       0.99956981881414553     
 sv & ME   0.56123857400067634        2956595940.5435295     
 plepton   =    45.133001900299213       -6.4330344238231394       -38.559269954347130        22.556051638765009     
 pneutrino =    45.128726054227180        6.4329372466141423        38.555076135197858       -22.554692952382126     
 pleptonlab   =    43.063684608913164       -6.4330344238231394       -38.559269954347130        18.062905001526360     
 pneutrinolab =    47.667646015370678        6.4329372466141423        38.555076135197858       -27.282168820411570     
 sqrt(s) =    90.266137443289708     
 sqrt_fs_cm =    90.261727846819667     
 phind channel           0
 bbb pw(0) qmod c1q   0.0000000000000000        0.0000000000000000        0.0000000000000000        0.0000000000000000     
 reduced to Born momenta
   45.133068721644854        0.0000000000000000        0.0000000000000000        45.133014685561577     
   45.133068721644854        0.0000000000000000        0.0000000000000000       -45.133014685561577     
   45.133068721644861       -6.4333001093179734       -38.559056656208163        22.556474193189590     
   45.133068721644847        6.4333001093179734        38.559056656208163       -22.556474193189590     
 >> Photon n.           1
 cm momentum     4.4094887633137079E-003   9.7177208997173973E-005   4.1938191492729791E-003  -1.3586863828833513E-003
 lab momentum    4.5712324379739173E-003   9.7177208997173973E-005   4.1938191492729791E-003  -1.8162058075085435E-003
 c_ph_up   -0.30812787055665508     
 c_ph_up lab  -0.39731206674616848     
 c_ph_lep -0.96969759478063167     
 c_ph_lep lab  -0.99130410541091607     
 isvec for ranlux 
    14521119     3284366     3463762    11480123     3336141    13887286     8647963     5115281    11781391     9822864    14374850       23828     6429012     3846061     5815448    12970300     6645149    13960673    15889545     2643589     8059802     5945202    14697481       61957    -4221909
  
 ====== DUMPING at point            1
 propag    0.0000000000000000        0.0000000000000000        0.0000000000000000        0.0000000000000000     
 test props.    0.0000000000000000        0.0000000000000000     
 Var          0.74617083014279051     
 Var before   0.61153572106951049     
 iev, nphot and rad. pattern    0.0000000000000000                2               0           0           1           1
 partons...            1          -1
 x1 & x2   0.99953854146357390       0.87964839815856799     
 sv & ME   0.56914507764970623        232822675.22439128     
 plepton   =    42.358912633807236        17.589158448513814       -28.200034939198794        26.261109084120744     
 pneutrino =    46.741521718693221       -20.681388015149629        30.114348996404694       -29.157586717305101     
 pleptonlab   =    44.124234793514091        17.589158448513814       -28.200034939198794        29.022688829995296     
 pneutrinolab =    44.972918541687804       -20.681388015149629        30.114348996404694       -26.228961335809373     
 sqrt(s) =    93.767930386469786     
 sqrt_fs_cm =    88.979049989996597     
 phind channel           0
 bbb pw(0) qmod c1q   0.0000000000000000        0.0000000000000000        0.0000000000000000        0.0000000000000000     
 reduced to Born momenta
   46.883965193234893        0.0000000000000000        0.0000000000000000        46.883913175148479     
   46.883965193234893        0.0000000000000000        0.0000000000000000       -46.883913175148479     
   46.883965193234893        20.125046882588883       -30.701625988915403        29.163121886371258     
   46.883965193234893       -20.125046882588883        30.701625988915403       -29.163121886371258     
 >> Photon n.           1
 cm momentum     4.6582711480379118        3.0967574065650347       -1.9195775427468891        2.9025515862614504     
 lab momentum    4.8533382312722333        3.0967574065650347       -1.9195775427468891        3.2062762840084611     
 c_ph_up    0.62309631492448014     
 c_ph_up lab   0.66063318302214880     
 c_ph_lep  0.93668642011376158     
 c_ph_lep lab   0.94166239681040342     
 >> Photon n.           2
 cm momentum     9.2248859314130165E-003  -4.5278399292196844E-003   5.2634855409902951E-003  -6.0739530770933508E-003
 lab momentum    8.8554146329815394E-003  -4.5278399292196844E-003   5.2634855409902951E-003  -5.4966129440932581E-003
 c_ph_up   -0.65843123939452075     
 c_ph_up lab  -0.62070644593211977     
 c_ph_lep -0.99187519591722528     
 c_ph_lep lab  -0.99196540173853087     
 isvec for ranlux 
     9694957     1252334     7167226    16399770     5334141    13250981    11984409     2603513     3627080     4384046     3205779    13795264     8270940     7640603    12795748       19997    12743485    14635427     5286932    15315727    15130947     8180743    14720784    11532738    -4080923
  
 ====== DUMPING at point            1
 propag    0.0000000000000000        0.0000000000000000        0.0000000000000000        0.0000000000000000     
 test props.    0.0000000000000000        0.0000000000000000     
 Var          0.53013473889424823     
 Var before   0.46760590075237479     
 iev, nphot and rad. pattern    0.0000000000000000                3               0           0           1           2
 partons...            1          -1
 x1 & x2   0.99986358844792644       0.81635623516828371     
 sv & ME   0.56424738583306022        9547521911998.8145     
 plepton   =    45.113258365665182        36.477797545605277       -6.1293875682019792        25.826262039567332     
 pneutrino =    42.076036150716639       -33.949790696632164        5.7877137025057284       -24.172209998625327     
 pleptonlab   =    47.968168384358307        36.477797545605277       -6.1293875682019792        30.540709040873438     
 pneutrinolab =    39.837589088066004       -33.949790696632164        5.7877137025057284       -20.023396874926689     
 sqrt(s) =    90.346271353454284     
 sqrt_fs_cm =    87.136270464435583     
 phind channel           0
 bbb pw(0) qmod c1q   0.0000000000000000        0.0000000000000000        0.0000000000000000        0.0000000000000000     
 reduced to Born momenta
   45.173135676727142        0.0000000000000000        0.0000000000000000        45.173081688571997     
   45.173135676727142        0.0000000000000000        0.0000000000000000       -45.173081688571997     
   45.173135676727135        36.488204017990903       -6.1749720273155431        25.905244858519918     
   45.173135676727149       -36.488204017990903        6.1749720273155431       -25.905244858519918     
 >> Photon n.           1
 cm momentum     1.3774319918821359E-002   1.0287979283175722E-002  -1.2363469894510249E-003   9.0752860900723924E-003
 lab momentum    1.4766837758943963E-002   1.0287979283175722E-002  -1.2363469894510249E-003   1.0520856704166050E-002
 c_ph_up    0.65885547479348416     
 c_ph_up lab   0.71246511107591659     
 c_ph_lep  0.99330360693811104     
 c_ph_lep lab   0.99412547096132597     
 >> Photon n.           2
 cm momentum     3.0955898286782855       -2.5600434368842939       0.35440539414387845       -1.7038928385564143     
 lab momentum    2.9384692184928660       -2.5600434368842939       0.35440539414387845       -1.3982759977548971     
 c_ph_up   -0.55042590680817693     
 c_ph_up lab  -0.47585184454376200     
 c_ph_lep -0.99935880817614320     
 c_ph_lep lab  -0.98090656816915689     
 >> Photon n.           3
 cm momentum     4.7612688475354090E-002   2.1748608628002340E-002  -1.1495181458176254E-002   4.0765511524335121E-002
 lab momentum    5.1997652134390150E-002   2.1748608628002340E-002  -1.1495181458176254E-002   4.5810639086118765E-002
 c_ph_up    0.85619007936165392     
 c_ph_up lab   0.88101360745518309     
 c_ph_lep  0.89229904945398753     
 c_ph_lep lab   0.90725102267326485     
 isvec for ranlux 
     8192674     9675355    12081709     9480863      986779    11942623     6473535     8765465     4090856     8723139     4116667     2833519      419117    11029292     2425882     3624875     8132952    13471903     1621808    10524330     7978715     5812058      446896     1435424     4221707
  
 ====== DUMPING at point            1
 propag    0.0000000000000000        0.0000000000000000        0.0000000000000000        0.0000000000000000     
 test props.    0.0000000000000000        0.0000000000000000     
 Var          0.33284572555672814     
 Var before   0.28320011446489285     
 iev, nphot and rad. pattern    4.0000000000000000                2               0           0           1           1
 partons...            1          -1
 x1 & x2   0.81733214235310703       0.99980394160679231     
 sv & ME   0.58469987631444897        3877545984439.0068     
 plepton   =    44.656226196120606       -29.768749305153044        16.410741108260790       -28.959912214511441     
 pneutrino =    45.180249065577826        30.122242346004455       -16.566788008568047        29.316135370541595     
 pleptonlab   =    47.805940028087647       -29.768749305153044        16.410741108260790       -33.614072638736197     
 pneutrinolab =    42.450975624477437        30.122242346004455       -16.566788008568047        24.905144426528651     
 sqrt(s) =    90.397560670991581     
 sqrt_fs_cm =    89.834937994879468     
 phind channel           0
 bbb pw(0) qmod c1q   0.0000000000000000        0.0000000000000000        0.0000000000000000        0.0000000000000000     
 reduced to Born momenta
   45.198780335495790        0.0000000000000000        0.0000000000000000        45.198726377972214     
   45.198780335495790        0.0000000000000000        0.0000000000000000       -45.198726377972214     
   45.198780335495783       -30.132522266132305        16.591802789726820       -29.319989123340186     
   45.198780335495798        30.132522266132305       -16.591802789726820        29.319989123340186     
 >> Photon n.           1
 cm momentum    0.54330331949113619      -0.36532360064134312       0.16229134639080348      -0.36793842239047608     
 lab momentum   0.58319850917672122      -0.36532360064134312       0.16229134639080348      -0.42464183355747581     
 c_ph_up   -0.67722469050086287     
 c_ph_up lab  -0.72812571856009412     
 c_ph_lep  0.99720566364185503     
 c_ph_lep lab   0.99756833659511268     
 >> Photon n.           2
 cm momentum     1.7782089802010483E-002   1.1830559789931964E-002  -6.2444460835458611E-003   1.1715266360322283E-002
 lab momentum    1.6690036253172620E-002   1.1830559789931964E-002  -6.2444460835458611E-003   9.9800830807538835E-003
 c_ph_up    0.65882393412487017     
 c_ph_up lab   0.59796653101078567     
 c_ph_lep -0.99981266366246180     
 c_ph_lep lab  -0.99028335051791572     
 isvec for ranlux 
    10876423     5508206     6552395     8586876     3831691     8121497     1468692    10309077    15186285     7188278     4503280     9877336     1366014     5981390     5726979     1082832     5970519     4651962    15890584    14102435     4569516     6677682    13119496    13736282     4202010
  
 ====== DUMPING at point            1
 propag    0.0000000000000000        0.0000000000000000        0.0000000000000000        0.0000000000000000     
 test props.    0.0000000000000000        0.0000000000000000     
 Var          0.32563801872827913     
 Var before   0.28012828667347872     
 iev, nphot and rad. pattern    6.0000000000000000                2               0           0           1           1
 partons...            1          -1
 x1 & x2   0.99985005286215844       0.84397454501042546     
 sv & ME   0.56241412321894002        129435758377.93410     
 plepton   =    44.740417206149125       0.21658685297652425       -42.458203315373382        14.104886722492695     
 pneutrino =    45.791993121093839      -0.16424623864748050        43.469562728116372       -14.396722186327109     
 pleptonlab   =    46.097856767751310       0.21658685297652425       -42.458203315373382        17.951470587508460     
 pneutrinolab =    44.735050030965631      -0.16424623864748050        43.469562728116372       -10.563317517758133     
 sqrt(s) =    91.861199286912750     
 sqrt_fs_cm =    90.526275546499107     
 phind channel           0
 bbb pw(0) qmod c1q   0.0000000000000000        0.0000000000000000        0.0000000000000000        0.0000000000000000     
 reduced to Born momenta
   45.930599643456375        0.0000000000000000        0.0000000000000000        45.930546545647324     
   45.930599643456375        0.0000000000000000        0.0000000000000000       -45.930546545647324     
   45.930599643456375       0.19337872900480110       -43.594462656376400        14.460091641652163     
   45.930599643456375      -0.19337872900480110        43.594462656376400       -14.460091641652163     
 >> Photon n.           1
 cm momentum     1.1912302019136900       -5.1355322693241195E-002  -1.1423064616979448       0.33395803979770478     
 lab momentum    1.2238439322183756       -5.1355322693241195E-002  -1.1423064616979448       0.43622534179243944     
 c_ph_up    0.28034719004035252     
 c_ph_up lab   0.35643870129888583     
 c_ph_lep  0.99819141787823862     
 c_ph_lep lab   0.99829144469771303     
 >> Photon n.           2
 cm momentum    0.13755875775609952       -9.8529163580255048E-004  0.13094704895495138       -4.2122575963291442E-002
 lab momentum   0.13447916269387872       -9.8529163580255048E-004  0.13094704895495138       -3.0603018956120831E-002
 c_ph_up   -0.30621515234949609     
 c_ph_up lab  -0.22756699508743916     
 c_ph_lep -0.99995205742404170     
 c_ph_lep lab  -0.98551005108662482     
 isvec for ranlux 
    13798336     8607402     7564242     6135960     8172408    11356951    12904116    12031075     5356482     9565784     5190119    11828940     9261313    15821424    16481898     3060787     3760646      711049     8167466     5757978    13465270     5714415     5077099     6269482     4100721
  
