 ====== DUMPING at point            1
 propag    0.0000000000000000        0.0000000000000000        0.0000000000000000        0.0000000000000000     
 test props.    0.0000000000000000        0.0000000000000000     
 Var           6.5425256454253322     
 Var before    0.0000000000000000     
 iev, nphot and rad. pattern    0.0000000000000000                0               0           1           0           0
 partons...            1          -1
 x1 & x2   0.94860534284548648       0.97665474754057513     
 sv & ME   0.55309950307792366        16479.955345875456     
 plepton   =    45.720074099027883       -20.059481195164530        36.488231747024621       -18.882271316909883     
 pneutrino =    45.720074099027883        20.059481195164530       -36.488231747024621        18.882271316909883     
 pleptonlab   =    46.000055006891863       -20.059481195164530        36.488231747024621       -19.550448974432154     
 pneutrinolab =    45.449799286446044        20.059481195164530       -36.488231747024621        18.218102251415441     
 sqrt(s) =    91.440148198055766     
 sqrt_fs_cm =    91.440148198055766     
 phind channel           0
 bbb pw(0) qmod c1q   0.0000000000000000        0.0000000000000000        0.0000000000000000        0.0000000000000000     
 reduced to Born momenta
   45.720074099027890        0.0000000000000000        0.0000000000000000        45.720020756721020     
   45.720074099027876        0.0000000000000000        0.0000000000000000       -45.720020756721006     
   45.720074099027883       -20.059481195164530        36.488231747024621       -18.882271316909883     
   45.720074099027883        20.059481195164530       -36.488231747024621        18.882271316909883     
 isvec for ranlux 
     9644655    14614328     8305202     5902523     6611641    14048799     7267313     8683348    14048746     9318201     4464668     5476536     8218591     7359978     7668616    13721940      957152    13197359    14184585     9294164    15939178     5902395     5267822    14659295     4211303
  
 ====== DUMPING at point            1
 propag    0.0000000000000000        0.0000000000000000        0.0000000000000000        0.0000000000000000     
 test props.    0.0000000000000000        0.0000000000000000     
 Var           3.6516978765804704     
 Var before    2.3694519361051727     
 iev, nphot and rad. pattern    0.0000000000000000                0               0           1           0           0
 partons...            1          -1
 x1 & x2   0.99413985732666443       0.95023555361647638     
 sv & ME   0.52584746033658225        13162.581899056113     
 plepton   =    46.167142036391944        22.357146169057891        34.615656919033732        20.816055134344083     
 pneutrino =    46.167142036391915       -22.357146169057891       -34.615656919033732       -20.816055134344083     
 pleptonlab   =    46.649065692139288        22.357146169057891        34.615656919033732        21.864091051246369     
 pneutrinolab =    45.708766327659909       -22.357146169057891       -34.615656919033732       -19.778636625012432     
 sqrt(s) =    92.334284072783859     
 sqrt_fs_cm =    92.334284072783859     
 phind channel           0
 bbb pw(0) qmod c1q   0.0000000000000000        0.0000000000000000        0.0000000000000000        0.0000000000000000     
 reduced to Born momenta
   46.167142036391937        0.0000000000000000        0.0000000000000000        46.167089210635616     
   46.167142036391922        0.0000000000000000        0.0000000000000000       -46.167089210635602     
   46.167142036391944        22.357146169057891        34.615656919033732        20.816055134344083     
   46.167142036391915       -22.357146169057891       -34.615656919033732       -20.816055134344083     
 isvec for ranlux 
     2097233     6471148     4378437     8640871    15711293     8225040    11065883    15787977     7243899     4917269    11956633    15358016     1047827     9592925      229606     7295905     6628324     2019165    14002484    11234980     6728922     2987987     4664818    12003099    -4080923
  
 ====== DUMPING at point            1
 propag    0.0000000000000000        0.0000000000000000        0.0000000000000000        0.0000000000000000     
 test props.    0.0000000000000000        0.0000000000000000     
 Var           4.7387179585215247     
 Var before    3.5321083096848795     
 iev, nphot and rad. pattern    0.0000000000000000                2               0           0           1           1
 partons...            1          -1
 x1 & x2   0.95851809088415785       0.98195775288586229     
 sv & ME   0.53390918515323005        40008266401.767143     
 plepton   =    46.012350969013006       -29.448775273264289        4.8998189425610326        35.012664669217358     
 pneutrino =    45.889864564959666        29.335528229611963       -4.9909063959482607       -34.934025575867913     
 pleptonlab   =    45.592747536042872       -29.448775273264289        4.8998189425610326        34.459380049977291     
 pneutrinolab =    46.315223498206826        29.335528229611963       -4.9909063959482607       -35.490934065390590     
 sqrt(s) =    92.165877863725242     
 sqrt_fs_cm =    91.902066974191087     
 phind channel           0
 bbb pw(0) qmod c1q   0.0000000000000000        0.0000000000000000        0.0000000000000000        0.0000000000000000     
 reduced to Born momenta
   46.082938931862614        0.0000000000000000        0.0000000000000000        46.082886009582552     
   46.082938931862628        0.0000000000000000        0.0000000000000000       -46.082886009582566     
   46.082938931862621       -29.476486447424751        4.9595891682220739        35.073712647844275     
   46.082938931862621        29.476486447424751       -4.9595891682220739       -35.073712647844275     
 >> Photon n.           1
 cm momentum     5.4354312381894102E-002  -3.4420112800381805E-002   4.5247023926715370E-003   4.1823129696081707E-002
 lab momentum    5.3853045699162425E-002  -3.4420112800381805E-002   4.5247023926715370E-003   4.1169569273224384E-002
 c_ph_up    0.76945375377452774     
 c_ph_up lab   0.76447986810641411     
 c_ph_lep  0.99967072706427262     
 c_ph_lep lab   0.99966460327878170     
 >> Photon n.           2
 cm momentum    0.20930801737067842       0.14766715645270706        8.6562750994556931E-002 -0.12046222304552695     
 lab momentum   0.21077849912712068       0.14766715645270706        8.6562750994556931E-002 -0.12299949894088058     
 c_ph_up   -0.57552608141231332     
 c_ph_up lab  -0.58354860410453668     
 c_ph_lep -0.84543744172762592     
 c_ph_lep lab  -0.84942853480169900     
 isvec for ranlux 
     7705512     6767400    12346605     2442596     4398068    14780140    11606138    14688674    13412440     5267269    10109083     1735670     8876049    16397594    14292833    16049731     7015236     2292865    16408353     4672107     7144624     1147718    13770713    15989233    -4151606
  
 ====== DUMPING at point            1
 propag    0.0000000000000000        0.0000000000000000        0.0000000000000000        0.0000000000000000     
 test props.    0.0000000000000000        0.0000000000000000     
 Var           4.9905144655931410     
 Var before    4.3240331435434456     
 iev, nphot and rad. pattern    0.0000000000000000                1               0           0           1           0
 partons...            1          -1
 x1 & x2   0.98055848760965969       0.99649937846877690     
 sv & ME   0.53410036225628421        3948744674.3104596     
 plepton   =    46.939813722050118       -30.649450111676952        12.404025116558358        33.317957880532113     
 pneutrino =    46.953588537790026        30.658492881792164       -12.408324206895042       -33.327445408826357     
 pleptonlab   =    46.672690305385238       -30.649450111676952        12.404025116558358        32.940555936573809     
 pneutrinolab =    47.223840652051138        30.658492881792164       -12.408324206895042       -33.707124867489540     
 sqrt(s) =    93.907195992555174     
 sqrt_fs_cm =    93.893401246632294     
 phind channel           0
 bbb pw(0) qmod c1q   0.0000000000000000        0.0000000000000000        0.0000000000000000        0.0000000000000000     
 reduced to Born momenta
   46.953597996277594        0.0000000000000000        0.0000000000000000        46.953546055334769     
   46.953597996277580        0.0000000000000000        0.0000000000000000       -46.953546055334755     
   46.953597996277587       -30.658474845630867        12.407997218848854        33.327597067016896     
   46.953597996277587        30.658474845630867       -12.407997218848854       -33.327597067016896     
 >> Photon n.           1
 cm momentum     1.3793732715028846E-002  -9.0427701152124319E-003   4.2990903366838772E-003   9.4875282942455206E-003
 lab momentum    1.3717681289367813E-002  -9.0427701152124319E-003   4.2990903366838772E-003   9.3766151076560677E-003
 c_ph_up    0.68781442197357234     
 c_ph_up lab   0.68354227728877304     
 c_ph_lep  0.99863070902575035     
 c_ph_lep lab   0.99861523767482263     
 isvec for ranlux 
    10930489    16003373     5342502     9245064     4257190     7569423    14312087      439832     4672125     4577400     8305540     6587930    12878897     2691167     7884080     8857261    13741027     2931400    15057407     4078685    16319077     8021058     4547708     9842680     4152010
  
 ====== DUMPING at point            1
 propag    0.0000000000000000        0.0000000000000000        0.0000000000000000        0.0000000000000000     
 test props.    0.0000000000000000        0.0000000000000000     
 Var           2.2165063747493066     
 Var before    1.7707450259707072     
 iev, nphot and rad. pattern    0.0000000000000000                1               0           0           0           1
 partons...            1          -1
 x1 & x2   0.99910812799091930       0.93786022188364904     
 sv & ME   0.52848471426326193        124375.12918388704     
 plepton   =    45.949158196971844       -28.072849498657430        35.172359144897882        9.2808538684177240     
 pneutrino =    45.783080945499975        27.930773711190273       -35.037724281658193       -9.3972918560358263     
 pleptonlab   =    46.265758761004264       -28.072849498657430        35.172359144897882        10.739159336187445     
 pneutrinolab =    45.508690643889359        27.930773711190273       -35.037724281658193       -7.9535851970376843     
 sqrt(s) =    91.959988743447397     
 sqrt_fs_cm =    91.731956417656846     
 phind channel           0
 bbb pw(0) qmod c1q   0.0000000000000000        0.0000000000000000        0.0000000000000000        0.0000000000000000     
 reduced to Born momenta
   45.979994371723699        0.0000000000000000        0.0000000000000000        45.979941330955860     
   45.979994371723699        0.0000000000000000        0.0000000000000000       -45.979941330955860     
   45.979994371723699       -28.071355946669335        35.192247123642503        9.3623413971155145     
   45.979994371723699        28.071355946669335       -35.192247123642503       -9.3623413971155145     
 >> Photon n.           1
 cm momentum    0.22774960097558075       0.14207578746715577      -0.13463486323969159       0.11643798761810246     
 lab momentum   0.23154721414839186       0.14207578746715577      -0.13463486323969159       0.12370140094557686     
 c_ph_up    0.51125440887418694     
 c_ph_up lab   0.53423834702800710     
 c_ph_lep -0.73037223825088460     
 c_ph_lep lab  -0.69034538252974842     
 isvec for ranlux 
    12560461    14000341     8961420     7740486     6953984     4177559     5367332     1530663    11125132     1345688     3767069    13093231    10321701     4171166     9436122    14296993    14132230    14176341    12486038    13794387     3562094     8971014     6879244      700523    -4160115
  
 ====== DUMPING at point            1
 propag    0.0000000000000000        0.0000000000000000        0.0000000000000000        0.0000000000000000     
 test props.    0.0000000000000000        0.0000000000000000     
 Var           2.7302377199935273     
 Var before    2.0426272878719911     
 iev, nphot and rad. pattern    0.0000000000000000                0               1           0           1           0
 partons...            1          -1
 x1 & x2   0.98140594371492473       0.99978843516168392     
 sv & ME   0.54556979578780318        2532.2377441816907     
 plepton   =    47.051341033875467        15.200858064833968        42.460690503597007       -13.410488635583098     
 pneutrino =    47.051341033875467       -15.200858064833968       -42.460690503597007        13.410488635583098     
 pleptonlab   =    47.177800934120050        15.200858064833968        42.460690503597007       -13.847650101678207     
 pneutrinolab =    46.928932062518882       -15.200858064833968       -42.460690503597007        12.974481757957145     
 sqrt(s) =    94.102682067750933     
 sqrt_fs_cm =    94.102682067750933     
 phind channel           0
 bbb pw(0) qmod c1q   0.0000000000000000        0.0000000000000000        0.0000000000000000        0.0000000000000000     
 reduced to Born momenta
   47.051341033875467        0.0000000000000000        0.0000000000000000        47.051289200833310     
   47.051341033875467        0.0000000000000000        0.0000000000000000       -47.051289200833310     
   47.051341033875467        15.200858064833968        42.460690503597007       -13.410488635583098     
   47.051341033875467       -15.200858064833968       -42.460690503597007        13.410488635583098     
 isvec for ranlux 
    12096086     1964534     9347305     4916901    11525140    10462214     1568384     8547682    13598210    14596673     1283769     7212350     3924743     5016581     5534527    10023362    15908264     5425665     5783958    10340668     1166801     7629722      617084    12548041     4031606
  
 ====== DUMPING at point            1
 propag    0.0000000000000000        0.0000000000000000        0.0000000000000000        0.0000000000000000     
 test props.    0.0000000000000000        0.0000000000000000     
 Var           4.7782645317692580     
 Var before    2.0796611138009080     
 iev, nphot and rad. pattern    0.0000000000000000                0               0           1           0           0
 partons...            1          -1
 x1 & x2   0.92497545362386979       0.99979183120320358     
 sv & ME   0.55304780805274179        20196.866375710772     
 plepton   =    45.678675812501737       -6.8450786864431397        32.139845855055675       -31.728622196399023     
 pneutrino =    45.678675812501723        6.8450786864431397       -32.139845855055675        31.728622196399023     
 pleptonlab   =    46.947458415127599       -6.8450786864431397        32.139845855055675       -33.529507812348335     
 pneutrinolab =    44.478987614158420        6.8450786864431397       -32.139845855055675        29.975729877329972     
 sqrt(s) =    91.357351625003460     
 sqrt_fs_cm =    91.357351625003460     
 phind channel           0
 bbb pw(0) qmod c1q   0.0000000000000000        0.0000000000000000        0.0000000000000000        0.0000000000000000     
 reduced to Born momenta
   45.678675812501730        0.0000000000000000        0.0000000000000000        45.678622421851017     
   45.678675812501730        0.0000000000000000        0.0000000000000000       -45.678622421851017     
   45.678675812501737       -6.8450786864431397        32.139845855055675       -31.728622196399023     
   45.678675812501723        6.8450786864431397       -32.139845855055675        31.728622196399023     
 isvec for ranlux 
     5280466     5606124      555461    11194008     6512488     2654965     3904100    16218472     6756685     3331883    14328535     9890270      532191     4587028     5469583    16594888     4411527    15630982    14436290     3160442     1578493    10333666    16548858    15092574    -4141707
  
 ====== DUMPING at point            1
 propag    0.0000000000000000        0.0000000000000000        0.0000000000000000        0.0000000000000000     
 test props.    0.0000000000000000        0.0000000000000000     
 Var           3.8498688822855369     
 Var before    3.3761127735701892     
 iev, nphot and rad. pattern    0.0000000000000000                0               1           0           0           0
 partons...            1          -1
 x1 & x2   0.96374037947147206       0.99986865905663080     
 sv & ME   0.54255880583658045        5920.3886050395340     
 plepton   =    46.627820432469143        9.7061591124562625        23.667609571994454       -38.984320014878257     
 pneutrino =    46.627820432469129       -9.7061591124562625       -23.667609571994454        38.984320014878257     
 pleptonlab   =    47.353105366493914        9.7061591124562625        23.667609571994454       -39.848966819606822     
 pneutrinolab =    45.918323963590964       -9.7061591124562625       -23.667609571994454        38.132873539311781     
 sqrt(s) =    93.255640864938272     
 sqrt_fs_cm =    93.255640864938272     
 phind channel           0
 bbb pw(0) qmod c1q   0.0000000000000000        0.0000000000000000        0.0000000000000000        0.0000000000000000     
 reduced to Born momenta
   46.627820432469136        0.0000000000000000        0.0000000000000000        46.627768128626812     
   46.627820432469136        0.0000000000000000        0.0000000000000000       -46.627768128626812     
   46.627820432469143        9.7061591124562625        23.667609571994454       -38.984320014878257     
   46.627820432469129       -9.7061591124562625       -23.667609571994454        38.984320014878257     
 isvec for ranlux 
     4214979     9199978     3725668    10233263     2859284     4302716    12283242    16543545     6853221    13355410     1517141    15444913     3711404     2826012      785487     2210823     8848660     8340026     6223842    13909599    11244048    12977998     1536130     1975694    -4151505
  
 ====== DUMPING at point            1
 propag    0.0000000000000000        0.0000000000000000        0.0000000000000000        0.0000000000000000     
 test props.    0.0000000000000000        0.0000000000000000     
 Var           5.2748958035598337     
 Var before    3.2372954840041293     
 iev, nphot and rad. pattern    0.0000000000000000                1               0           0           1           0
 partons...            1          -1
 x1 & x2   0.96574979717288445       0.99985368592281310     
 sv & ME   0.53179307124422637        245117258350.94901     
 plepton   =    46.675445639044277        45.408005917494776        10.214269634868744        3.5167820994293946     
 pneutrino =    46.676052613296775       -45.408578427543183       -10.214462561721964       -3.5168855017787752     
 pleptonlab   =    46.621446129245172        45.408005917494776        10.214269634868744        2.7073547816272177     
 pneutrinolab =    46.744108091990888       -45.408578427543183       -10.214462561721964       -4.3273822790575931     
 sqrt(s) =    93.352111180209633     
 sqrt_fs_cm =    93.351498250328888     
 phind channel           0
 bbb pw(0) qmod c1q   0.0000000000000000        0.0000000000000000        0.0000000000000000        0.0000000000000000     
 reduced to Born momenta
   46.676055590104816        0.0000000000000000        0.0000000000000000        46.676003340313478     
   46.676055590104816        0.0000000000000000        0.0000000000000000       -46.676003340313478     
   46.676055590104816        45.408590316152129        10.214433164096302        3.5168568914801530     
   46.676055590104816       -45.408590316152129       -10.214433164096302       -3.5168568914801530     
 >> Photon n.           1
 cm momentum     6.1292786857870417E-004   5.7251004840950582E-004   1.9292685321939523E-004   1.0340234938066242E-004
 lab momentum    6.1122580955064827E-004   5.7251004840950582E-004   1.9292685321939523E-004   9.2781808765796025E-005
 c_ph_up    0.16870231340669550     
 c_ph_up lab   0.15179628758478958     
 c_ph_lep  0.99028900622227389     
 c_ph_lep lab   0.99025068100373015     
 isvec for ranlux 
     8580474     7453528     6610367     9370130     6454595    13285363    12880910       20013     9703009    16699534     1920148     6241711     6714350     8434631    10339274    15950484     7679134     4788915     9680677     9420690    13578033     7433776    11266006     2295994     4192111
  
 ====== DUMPING at point            1
 propag    0.0000000000000000        0.0000000000000000        0.0000000000000000        0.0000000000000000     
 test props.    0.0000000000000000        0.0000000000000000     
 Var           1.3831743707296600     
 Var before    1.1763003946851605     
 iev, nphot and rad. pattern    0.0000000000000000                2               0           0           1           1
 partons...            1          -1
 x1 & x2   0.99976706680567673       0.95387948217171292     
 sv & ME   0.53194739586814455        393298720.86394405     
 plepton   =    41.910041812825860        17.399562364009917       -27.903658270332773        25.982331029658624     
 pneutrino =    46.244615776246704       -20.461524454465732        29.794203753098149       -28.847612801051497     
 pleptonlab   =    42.532053214460767        17.399562364009917       -27.903658270332773        26.974163038353417     
 pneutrinolab =    45.579612845978950       -20.461524454465732        29.794203753098149       -27.769072422679766     
 sqrt(s) =    92.772609428062367     
 sqrt_fs_cm =    88.034561627529911     
 phind channel           0
 bbb pw(0) qmod c1q   0.0000000000000000        0.0000000000000000        0.0000000000000000        0.0000000000000000     
 reduced to Born momenta
   46.386304714031183        0.0000000000000000        0.0000000000000000        46.386252137862485     
   46.386304714031183        0.0000000000000000        0.0000000000000000       -46.386252137862485     
   46.386304714031183        19.909704875572171       -30.377091228815271        28.853320113556016     
   46.386304714031183       -19.909704875572171        30.377091228815271       -28.853320113556016     
 >> Photon n.           1
 cm momentum     4.6088248727018000        3.0664438961612777       -1.8957497470969134        2.8712926418796103     
 lab momentum    4.6775567543255310        3.0664438961612777       -1.8957497470969134        2.9803677487876592     
 c_ph_up    0.62299886005353711     
 c_ph_up lab   0.63716335371699961     
 c_ph_lep  0.93632372377926787     
 c_ph_lep lab   0.93817693926493761     
 >> Photon n.           2
 cm momentum     9.1269662880060411E-003  -4.4818057054649071E-003   5.2042643315387150E-003  -6.0108704867377480E-003
 lab momentum    8.9882616607832363E-003  -4.4818057054649071E-003   5.2042643315387150E-003  -5.7980943480286642E-003
 c_ph_up   -0.65858361881283312     
 c_ph_up lab  -0.64507404956025938     
 c_ph_lep -0.99180564580541908     
 c_ph_lep lab  -0.99296386556851668     
 isvec for ranlux 
     9694957     1252334     7167226    16399770     5334141    13250981    11984409     2603513     3627080     4384046     3205779    13795264     8270940     7640603    12795748       19997    12743485    14635427     5286932    15315727    15130947     8180743    14720784    11532738    -4080923
  
